5
 energy: -7.924304182961 gnorm: 0.338569569385 xtb: 6.2.2 (9d81278992624c895f80dd42a50cac0aa55982e2)
C         0.73755800000000   -0.56951500000000   -0.53775600000000
N         1.65112500000000   -0.02511700000000    0.45192000000000
C        -0.66998800000000   -0.06334700000000   -0.28080300000000
H        -1.01795100000000   -0.38603700000000    0.72304300000000
H        -0.70074500000000    1.04401700000000   -0.35640400000000
5
 energy: -8.034023115932 gnorm: 0.213875173368 xtb: 6.2.2 (9d81278992624c895f80dd42a50cac0aa55982e2)
C         0.73385786161113   -0.46281171222067   -0.39748290120753
N         1.67452477121759   -0.10339413040473    0.35509479930716
C        -0.62330392627625   -0.04834835450149   -0.24721467834434
H        -1.05280670992970   -0.41525065897622    0.69018711064199
H        -0.73227299662277    1.02980585610311   -0.40058433039728
5
 energy: -7.998580163119 gnorm: 0.827377433801 xtb: 6.2.2 (9d81278992624c895f80dd42a50cac0aa55982e2)
C         0.76185749097670   -0.35430813666229   -0.24550963075509
N         1.62902538194456   -0.18277720063499    0.23655789056617
C        -0.58007642221965   -0.04827872315529   -0.23441997795105
H        -1.06327203803951   -0.41903227123746    0.65890932733489
H        -0.74753541266209    1.00439733169003   -0.41553760919491
5
 energy: -8.078917111527 gnorm: 0.114685048933 xtb: 6.2.2 (9d81278992624c895f80dd42a50cac0aa55982e2)
C         0.69914137065042   -0.31072929110284   -0.20620600833997
N         1.79743998098970   -0.20625190852130    0.25494853911609
C        -0.61877514648365   -0.04174024582435   -0.23712970305188
H        -1.09841688760480   -0.43976981374143    0.63701503179992
H        -0.77939031755167    0.99849225918993   -0.44862785952417
5
 energy: -8.085759579195 gnorm: 0.151024107105 xtb: 6.2.2 (9d81278992624c895f80dd42a50cac0aa55982e2)
C         0.76633498967045   -0.25993043978611   -0.11916237991917
N         1.94981053622930   -0.29402797109074    0.18343880327574
C        -0.57406002041771   -0.00284641299415   -0.17246333848945
H        -1.23601406993125   -0.46533482460830    0.61548873898254
H        -0.90607243555079    1.02214064847930   -0.50730182384967
5
 energy: -8.092603214973 gnorm: 0.056304600530 xtb: 6.2.2 (9d81278992624c895f80dd42a50cac0aa55982e2)
C         0.76893204388506   -0.27925811341682   -0.14400408914237
N         1.89687589186703   -0.27674064624154    0.19078519812321
C        -0.56953634374924    0.00825282313816   -0.15642975878815
H        -1.21181111801134   -0.46402036068480    0.61180826536111
H        -0.88446147399151    1.01176729720500   -0.50215961555381
5
 energy: -8.097011355593 gnorm: 0.032673902198 xtb: 6.2.2 (9d81278992624c895f80dd42a50cac0aa55982e2)
C         0.75538209304081   -0.23769914946410   -0.09293023519449
N         1.89089259134108   -0.29667303786793    0.16262213193283
C        -0.58336189043493    0.02616114129832   -0.13676733352010
H        -1.19132888722612   -0.46664531465633    0.57758268765137
H        -0.87158490672084    0.97485736069004   -0.51050725086961
5
 energy: -8.101114037093 gnorm: 0.026357594225 xtb: 6.2.2 (9d81278992624c895f80dd42a50cac0aa55982e2)
C         0.76606051447914   -0.20180304778998   -0.04223337693527
N         1.91333233730457   -0.33567862014160    0.11753755983629
C        -0.54722108663764    0.07306407692243   -0.06401068138605
H        -1.22950592476956   -0.50452960623531    0.55046448277372
H        -0.90266684037650    0.96894819724446   -0.56175798428869
5
 energy: -8.101960432696 gnorm: 0.039874657658 xtb: 6.2.2 (9d81278992624c895f80dd42a50cac0aa55982e2)
C         0.78193904722590   -0.17136178600443    0.00274449133147
N         1.93947584401766   -0.36675533957911    0.08407152038128
C        -0.54410939126720    0.09760687948483   -0.03058055154911
H        -1.25084724227621   -0.51099798149448    0.52386029741539
H        -0.92645925770014    0.95150922759319   -0.58009575757903
5
 energy: -8.102445433856 gnorm: 0.007278363505 xtb: 6.2.2 (9d81278992624c895f80dd42a50cac0aa55982e2)
C         0.78573422206963   -0.17234322079192    0.00265078809683
N         1.92896166504101   -0.36596756434418    0.08190663796358
C        -0.54587667163548    0.10111345318782   -0.02646103258628
H        -1.24567195071233   -0.50823797820236    0.51955612080866
H        -0.92314826476283    0.94543631015065   -0.57765251428279
5
 energy: -8.102579507612 gnorm: 0.004135272789 xtb: 6.2.2 (9d81278992624c895f80dd42a50cac0aa55982e2)
C         0.78110346952719   -0.16181870219592    0.01466355415051
N         1.92425083333702   -0.37090624649270    0.07472738253711
C        -0.54618121162442    0.10696877651301   -0.01875100210984
H        -1.24067676113746   -0.51454247142529    0.51397464573795
H        -0.91849733010232    0.94029964360090   -0.58461458031572
5
 energy: -8.102593796722 gnorm: 0.004652957268 xtb: 6.2.2 (9d81278992624c895f80dd42a50cac0aa55982e2)
C         0.78086669247658   -0.15871078394013    0.02402077394475
N         1.92399456269259   -0.37159199483760    0.06674636500571
C        -0.54549626261024    0.11141667518271   -0.01303776081087
H        -1.24394304374280   -0.51950570169656    0.50925257116352
H        -0.91542294881612    0.93839280529158   -0.58698194930312
5
 energy: -8.102473385989 gnorm: 0.011509380445 xtb: 6.2.2 (9d81278992624c895f80dd42a50cac0aa55982e2)
C         0.78400967472692   -0.13847120927658    0.03034118142523
N         1.91923317453588   -0.39199184414394    0.06655204661929
C        -0.54490191110955    0.11766527648448   -0.00305999828910
H        -1.23168887032668   -0.52111957647855    0.50952558503130
H        -0.92665306782657    0.93391835341460   -0.60335881478672
5
 energy: -8.102610238440 gnorm: 0.002332555042 xtb: 6.2.2 (9d81278992624c895f80dd42a50cac0aa55982e2)
C         0.78157210445908   -0.15460434204597    0.02439280892104
N         1.92250185303836   -0.37569893415244    0.06785197160591
C        -0.54621436107852    0.11072069633917   -0.01380393299016
H        -1.24019079036184   -0.51843718207293    0.51067192665806
H        -0.91766980605708    0.93802076193217   -0.58911277419486
5
 energy: -8.102614736356 gnorm: 0.001833455074 xtb: 6.2.2 (9d81278992624c895f80dd42a50cac0aa55982e2)
C         0.78171533600743   -0.15474984218555    0.02475639466367
N         1.92277166403616   -0.37548777224762    0.06748509544829
C        -0.54604094580734    0.10997375717012   -0.01476594554066
H        -1.24085422521605   -0.51835131543373    0.51111777520265
H        -0.91759282902020    0.93861617269678   -0.58859331977395
5
 energy: -8.102621417654 gnorm: 0.000768709593 xtb: 6.2.2 (9d81278992624c895f80dd42a50cac0aa55982e2)
C         0.78237672609790   -0.15315623690010    0.02767118480979
N         1.92283931197218   -0.37622340824915    0.06578325090735
C        -0.54622938210842    0.10551828469522   -0.02077789662236
H        -1.24154645483945   -0.51719800963567    0.51373960089372
H        -0.91744120112222    0.94106037008971   -0.58641613998850
5
 energy: -8.102622936144 gnorm: 0.000272440801 xtb: 6.2.2 (9d81278992624c895f80dd42a50cac0aa55982e2)
C         0.78221979771097   -0.15304542058841    0.02694944416918
N         1.92240994262520   -0.37651524312284    0.06627555197552
C        -0.54613877584476    0.10698314034991   -0.01872300660639
H        -1.24087308297777   -0.51761063041857    0.51300770978160
H        -0.91761888151364    0.94018915377990   -0.58750969931991
