5
 energy: -7.914260409905 gnorm: 0.199427953707 xtb: 6.2.2 (9d81278992624c895f80dd42a50cac0aa55982e2)
C        -0.38219400000000    0.23029400000000   -0.26881400000000
N         0.91187100000000    0.20084700000000    0.39070400000000
C        -1.08066000000000   -1.10325000000000   -0.08896200000000
H        -1.00538500000000    1.03099100000000    0.17978100000000
H         1.55636800000000   -0.35888200000000   -0.21270900000000
5
 energy: -7.958080288056 gnorm: 0.096147060636 xtb: 6.2.2 (9d81278992624c895f80dd42a50cac0aa55982e2)
C        -0.39793700378168    0.19962507306779   -0.14835619764428
N         0.89150639673469    0.22389898827464    0.32450095039162
C        -0.98559052248741   -1.06407679721152   -0.13278448052506
H        -1.02317618901922    1.05342254416198    0.15297793313701
H         1.51519731855363   -0.41286980829289   -0.19633820535929
5
 energy: -7.966594528522 gnorm: 0.086266842994 xtb: 6.2.2 (9d81278992624c895f80dd42a50cac0aa55982e2)
C        -0.40590085238997    0.18085366014555   -0.09274039484507
N         0.83861050683468    0.22516417709792    0.26893359423970
C        -0.88834212151793   -1.01578478504155   -0.14976393528165
H        -1.01406794835563    1.05430300417911    0.14854182032010
H         1.46970041542885   -0.44453605638104   -0.17497108443307
5
 energy: -7.975151291764 gnorm: 0.059812642867 xtb: 6.2.2 (9d81278992624c895f80dd42a50cac0aa55982e2)
C        -0.43953674917394    0.22839245484488   -0.02608076778405
N         0.86600164039336    0.29613326849631    0.20654100365932
C        -0.77970567905957   -1.07819845263308   -0.20071646299957
H        -1.05252455234404    1.11890386924128    0.15970072219351
H         1.40576534018420   -0.56523113994939   -0.13944449506922
5
 energy: -7.979610947830 gnorm: 0.064736827764 xtb: 6.2.2 (9d81278992624c895f80dd42a50cac0aa55982e2)
C        -0.46633921239572    0.26293052649344    0.01592680167296
N         0.83758622663556    0.23158561638663    0.20107506201429
C        -0.67795335551917   -1.10796722769466   -0.20023742605486
H        -1.05823374820109    1.18468702561685    0.13085992710438
H         1.36494008948043   -0.57123594080226   -0.14762436473677
5
 energy: -7.983259523905 gnorm: 0.087138064661 xtb: 6.2.2 (9d81278992624c895f80dd42a50cac0aa55982e2)
C        -0.49093021522467    0.32373357326681   -0.01858967708581
N         0.79720868687906    0.22596797641164    0.14168318213270
C        -0.53726881369675   -1.07619370755462   -0.19196191140497
H        -1.07436443876979    1.17148981450291    0.16805084972072
H         1.30535478081216   -0.64499765662674   -0.09918244336265
5
 energy: -7.984558865397 gnorm: 0.053018729071 xtb: 6.2.2 (9d81278992624c895f80dd42a50cac0aa55982e2)
C        -0.48250021561388    0.28607774720892   -0.03093581479669
N         0.80526138452240    0.20242068602014    0.14399266445299
C        -0.58123836378205   -1.01683873767838   -0.17887861112591
H        -1.07575339545369    1.12908934087115    0.16396941955403
H         1.33423059032722   -0.60074903642183   -0.09814765808443
5
 energy: -7.988204799067 gnorm: 0.016405222555 xtb: 6.2.2 (9d81278992624c895f80dd42a50cac0aa55982e2)
C        -0.50390516566502    0.28656811786511    0.01947012553530
N         0.82047360145500    0.23379120320611    0.11525528061973
C        -0.52330093883442   -1.04006347992855   -0.21026974266709
H        -1.09883200285351    1.17568834545417    0.16205423721877
H         1.30556450589796   -0.65598418659683   -0.08650990070671
5
 energy: -7.988602124812 gnorm: 0.009111412717 xtb: 6.2.2 (9d81278992624c895f80dd42a50cac0aa55982e2)
C        -0.50936446068793    0.28844049569433    0.02113649711570
N         0.81119336413126    0.22844728252743    0.11018539140083
C        -0.49271014937621   -1.03706333910129   -0.21100355693136
H        -1.08976198841863    1.17977871057798    0.16202315156698
H         1.28064323435151   -0.65960314969845   -0.08234148315216
5
 energy: -7.988720555644 gnorm: 0.006278044237 xtb: 6.2.2 (9d81278992624c895f80dd42a50cac0aa55982e2)
C        -0.51177832842266    0.28333230849053    0.02320536562739
N         0.81287000786637    0.24041112866338    0.09992756536500
C        -0.48689872993081   -1.03170889277048   -0.21615372608703
H        -1.08312698218650    1.17340018588351    0.16659470491406
H         1.26893403267360   -0.66543473026694   -0.07357390981943
5
 energy: -7.988746870525 gnorm: 0.003085584138 xtb: 6.2.2 (9d81278992624c895f80dd42a50cac0aa55982e2)
C        -0.51060493145366    0.28284511081274    0.02682120867246
N         0.81509084142311    0.24020735113489    0.10058629262317
C        -0.48678585553897   -1.03279186992423   -0.21722146304743
H        -1.08335619463082    1.17433697876818    0.16432411829516
H         1.26565614020035   -0.66459757079158   -0.07451015654336
5
 energy: -7.988763126748 gnorm: 0.001997998078 xtb: 6.2.2 (9d81278992624c895f80dd42a50cac0aa55982e2)
C        -0.50795794434426    0.28376892007242    0.02863106331544
N         0.81738982400710    0.24216719730103    0.09910302925554
C        -0.48601365443066   -1.03279977825278   -0.21822820723588
H        -1.08457551025767    1.17292779729991    0.16402999970592
H         1.26115728502551   -0.66606413642058   -0.07353588504103
5
 energy: -7.988777116792 gnorm: 0.000982120058 xtb: 6.2.2 (9d81278992624c895f80dd42a50cac0aa55982e2)
C        -0.50189754853168    0.28578645009658    0.03054047294115
N         0.82211021814886    0.24730052213975    0.09303007327177
C        -0.48477077434647   -1.03152765994131   -0.22021195667825
H        -1.08796370376723    1.16857429658398    0.16563491497291
H         1.25252180849654   -0.67013360887900   -0.06899350450758
5
 energy: -7.988781632726 gnorm: 0.000542047892 xtb: 6.2.2 (9d81278992624c895f80dd42a50cac0aa55982e2)
C        -0.50337442125281    0.28553954125981    0.02904275176216
N         0.82083972969340    0.24624125417460    0.09163050239554
C        -0.48526867282340   -1.03151837197388   -0.21972105594601
H        -1.08751641065497    1.16924798267538    0.16683750956130
H         1.25531977503779   -0.66951040613591   -0.06778970777300
