5
 energy: -10.963563987353 gnorm: 0.163834685799 xtb: 6.2.2 (9d81278992624c895f80dd42a50cac0aa55982e2)
C        -0.17459900000000    1.29052600000000   -0.01563000000000
N        -0.01812800000000    0.00376500000000    0.71352100000000
C         0.01777300000000   -0.00366700000000   -0.70026100000000
C         1.20478700000000   -0.49379600000000    0.02876200000000
C        -1.02983300000000   -0.79682800000000   -0.02639200000000
5
 energy: -10.986924075174 gnorm: 0.091878997915 xtb: 6.2.2 (9d81278992624c895f80dd42a50cac0aa55982e2)
C        -0.16811602997994    1.24302219241726   -0.01542035115415
N        -0.01924803773615    0.00402561003433    0.75662228194890
C         0.01882582000432   -0.00385379974790   -0.74275304345081
C         1.16036051752192   -0.47564218754094    0.02733496393122
C        -0.99182226981016   -0.76755181516274   -0.02578385127516
5
 energy: -10.999675735729 gnorm: 0.034067215118 xtb: 6.2.2 (9d81278992624c895f80dd42a50cac0aa55982e2)
C        -0.15937985232992    1.18259131423278   -0.00948563445224
N        -0.02075621189255    0.00477949093210    0.80088833304459
C         0.01996591244724   -0.00363086826656   -0.80322321126994
C         1.10253579511669   -0.45277660434810    0.03114309116809
C        -0.94236564334147   -0.73096333255022   -0.01932257849050
5
 energy: -11.002830768200 gnorm: 0.075161731649 xtb: 6.2.2 (9d81278992624c895f80dd42a50cac0aa55982e2)
C        -0.14968360071338    1.17630964415893   -0.00377597247894
N        -0.02593872456232    0.01111405217295    0.81149154930515
C         0.01567834152786    0.00259394265175   -0.83029231268991
C         1.08101448978718   -0.45339841509299    0.03594003504392
C        -0.92107050603936   -0.73661922389064   -0.01336329918022
5
 energy: -11.024762367662 gnorm: 0.053893173770 xtb: 6.2.2 (9d81278992624c895f80dd42a50cac0aa55982e2)
C        -0.06055906107620    1.21317176630292    0.00077801553435
N        -0.07353718270472    0.04600247664948    0.81844812289284
C        -0.03148373420431    0.03794397949334   -0.84672946358166
C         1.01552431028789   -0.45929682809557    0.03602791934574
C        -0.84994433230265   -0.83782139435017   -0.00852459419126
5
 energy: -11.030871669253 gnorm: 0.072018290956 xtb: 6.2.2 (9d81278992624c895f80dd42a50cac0aa55982e2)
C         0.06381300096589    1.21524568588748    0.00589188057901
N        -0.13664684280849    0.07496306096154    0.83813099335033
C        -0.10140660661733    0.07202762630995   -0.88167303532928
C         0.92724196989960   -0.43240571815230    0.04015070165955
C        -0.75300152143966   -0.92983065500668   -0.00250054025960
5
 energy: -11.034278112471 gnorm: 0.037409537115 xtb: 6.2.2 (9d81278992624c895f80dd42a50cac0aa55982e2)
C         0.03904664558034    1.19232878351374    0.00290231823417
N        -0.12840127892360    0.07138512035156    0.83948284997847
C        -0.09822386674989    0.07103027317233   -0.87887369956862
C         0.94288319184924   -0.43847682944893    0.04140768715657
C        -0.75530469175609   -0.89626734758870   -0.00491915580059
5
 energy: -11.035883705633 gnorm: 0.015599189751 xtb: 6.2.2 (9d81278992624c895f80dd42a50cac0aa55982e2)
C         0.04805773733054    1.16957179890028   -0.00056024987840
N        -0.13763065126624    0.07125606786678    0.84364846267840
C        -0.11775010704909    0.07545011034504   -0.87865673239978
C         0.94701107793718   -0.43304115855448    0.04372283734651
C        -0.73968805695239   -0.88323681855762   -0.00815431774673
5
 energy: -11.036970214038 gnorm: 0.012127262176 xtb: 6.2.2 (9d81278992624c895f80dd42a50cac0aa55982e2)
C         0.07811695036396    1.15356679641428   -0.00299543335751
N        -0.15539466623994    0.07184313577108    0.84815986210795
C        -0.14752388461824    0.08031429908709   -0.88077311197242
C         0.94482672474776   -0.41861209505967    0.04679199444107
C        -0.72002512425354   -0.88711213621279   -0.01118331121909
5
 energy: -11.040806628601 gnorm: 0.024479759001 xtb: 6.2.2 (9d81278992624c895f80dd42a50cac0aa55982e2)
C         0.17016431251888    1.11400210273467   -0.00708939703450
N        -0.20546186402581    0.07517105430402    0.86311147346395
C        -0.22853992747429    0.09381020283885   -0.89436575809210
C         0.92815483392983   -0.37427663346453    0.05584692821443
C        -0.66431735494861   -0.90870672641301   -0.01750324655178
5
 energy: -11.050223087792 gnorm: 0.075138388179 xtb: 6.2.2 (9d81278992624c895f80dd42a50cac0aa55982e2)
C         0.31585790376039    1.04274162930325   -0.01509449325536
N        -0.28961407368842    0.08857528447396    0.89003890860173
C        -0.36296498166713    0.12550848523789   -0.91707119521209
C         0.89499382178047   -0.31419983542313    0.06992024571604
C        -0.55827267018532   -0.94262556359196   -0.02779346585032
5
 energy: -11.051322004076 gnorm: 0.120203222226 xtb: 6.2.2 (9d81278992624c895f80dd42a50cac0aa55982e2)
C         0.43464616036270    0.99277084464850   -0.02943309875412
N        -0.37583796187305    0.12688368168258    0.90539489673649
C        -0.50159000702575    0.18671572975035   -0.91604310000084
C         0.86589813366245   -0.31419408347920    0.08108128487146
C        -0.42311632512635   -0.99217617260222   -0.04099998285300
5
 energy: -11.062436963442 gnorm: 0.075232663383 xtb: 6.2.2 (9d81278992624c895f80dd42a50cac0aa55982e2)
C         0.36986226648763    1.03476473096331   -0.03494752916475
N        -0.35765714651688    0.14707935023978    0.87864803575442
C        -0.47534346667398    0.20663182157401   -0.87474741392727
C         0.88991336597415   -0.39017444969568    0.07432724009080
C        -0.42677501927092   -0.99830145308141   -0.04328033275321
5
 energy: -11.065230741750 gnorm: 0.043511509938 xtb: 6.2.2 (9d81278992624c895f80dd42a50cac0aa55982e2)
C         0.36580090043713    1.02075046369200   -0.03804183382746
N        -0.35655308965602    0.13421373731288    0.85407625257017
C        -0.47850912549599    0.19242103050026   -0.83996327801844
C         0.93571413481599   -0.37063483859155    0.07276017881395
C        -0.46645282010112   -0.97675039291359   -0.04883131953822
5
 energy: -11.068345844796 gnorm: 0.029072674275 xtb: 6.2.2 (9d81278992624c895f80dd42a50cac0aa55982e2)
C         0.39133913757567    0.99829530964062   -0.04298903231201
N        -0.37864471564505    0.14943304992944    0.84565273185859
C        -0.51900600806961    0.21557998155229   -0.82642556651721
C         0.92465185225105   -0.37972199108151    0.07686797721071
C        -0.41834026611207   -0.98358635004084   -0.05310611024008
5
 energy: -11.069711023608 gnorm: 0.025106954835 xtb: 6.2.2 (9d81278992624c895f80dd42a50cac0aa55982e2)
C         0.42831982500188    0.97966114262202   -0.04887903971584
N        -0.40449310192228    0.16228971169885    0.82702244133175
C        -0.56310054774512    0.23543586970389   -0.79800735477067
C         0.91748116145283   -0.37906013027874    0.07897369707958
C        -0.37820733678731   -0.99832659374601   -0.05910974392481
5
 energy: -11.070343601944 gnorm: 0.014106458669 xtb: 6.2.2 (9d81278992624c895f80dd42a50cac0aa55982e2)
C         0.43561653397164    0.97841941859061   -0.05051533530504
N        -0.40674768080611    0.16380596820837    0.81539925169036
C        -0.56543582038020    0.23724016854816   -0.78102257080695
C         0.91259296996352   -0.37560090455630    0.07677184288833
C        -0.37602600274886   -1.00386465079085   -0.06063318846671
5
 energy: -11.070684583520 gnorm: 0.007432208531 xtb: 6.2.2 (9d81278992624c895f80dd42a50cac0aa55982e2)
C         0.44775491163345    0.98465445699690   -0.05321554006312
N        -0.40977020290406    0.16459692759266    0.80533964855967
C        -0.56682154514981    0.23748159478879   -0.76101615435260
C         0.90403877094627   -0.36985476952088    0.07224491852752
C        -0.37520193452585   -1.01687820985748   -0.06335287267147
5
 energy: -11.070720358470 gnorm: 0.004985427331 xtb: 6.2.2 (9d81278992624c895f80dd42a50cac0aa55982e2)
C         0.44598014543025    0.98613227376924   -0.05388045265670
N        -0.40764125241165    0.16385456807748    0.80791257489410
C        -0.56416204335627    0.23628952149743   -0.76112871465501
C         0.90058800736888   -0.36994446188099    0.07119650365224
C        -0.37476485703121   -1.01633190146316   -0.06409991123463
5
 energy: -11.070744829197 gnorm: 0.003831111013 xtb: 6.2.2 (9d81278992624c895f80dd42a50cac0aa55982e2)
C         0.44671039259029    0.98744845704801   -0.05548286613075
N        -0.40668539264680    0.16273292243543    0.81029713219414
C        -0.56550771550361    0.23568887269683   -0.75960508388242
C         0.89970507115715   -0.36923158028300    0.07071992439905
C        -0.37422235559703   -1.01663867189726   -0.06592910658002
5
 energy: -11.070778143554 gnorm: 0.004475913170 xtb: 6.2.2 (9d81278992624c895f80dd42a50cac0aa55982e2)
C         0.44759252967753    0.98895276969370   -0.05911136321473
N        -0.40409886158936    0.16074255079268    0.81320808659226
C        -0.56952374589080    0.23593589961086   -0.75499635782489
C         0.89916037715327   -0.36877064491616    0.07068841824905
C        -0.37313029935064   -1.01686057518108   -0.06978878380169
5
 energy: -11.070809724152 gnorm: 0.002987627116 xtb: 6.2.2 (9d81278992624c895f80dd42a50cac0aa55982e2)
C         0.44730640400934    0.98817458430278   -0.06111439631203
N        -0.40270112194451    0.16029272351230    0.81293567762362
C        -0.57121576271288    0.23712647704517   -0.75422352952319
C         0.89967201773668   -0.36865866586035    0.07402859718441
C        -0.37306153708864   -1.01693511899990   -0.07162634897282
5
 energy: -11.070851134139 gnorm: 0.002939465175 xtb: 6.2.2 (9d81278992624c895f80dd42a50cac0aa55982e2)
C         0.44684608792145    0.98701694409283   -0.06712207116234
N        -0.39881370474205    0.15897525184912    0.81293758476759
C        -0.57517313507396    0.23971986550116   -0.75165917300247
C         0.90018976362291   -0.36830425291068    0.08318242754299
C        -0.37304901172834   -1.01740780853243   -0.07733876814576
5
 energy: -11.070861027208 gnorm: 0.002696694596 xtb: 6.2.2 (9d81278992624c895f80dd42a50cac0aa55982e2)
C         0.44701585252301    0.98738940839152   -0.06928101024911
N        -0.39766678875224    0.15853235465356    0.81346769673545
C        -0.57579473914743    0.23996284271207   -0.75049227647134
C         0.89960020688047   -0.36810098798668    0.08583521963642
C        -0.37315453150381   -1.01778361777047   -0.07952962965143
5
 energy: -11.070875470276 gnorm: 0.001061174251 xtb: 6.2.2 (9d81278992624c895f80dd42a50cac0aa55982e2)
C         0.44786618664259    0.98896892414809   -0.07360326261967
N        -0.39574765701253    0.15771817140748    0.81497031709952
C        -0.57617481145331    0.23971578640914   -0.74770539698839
C         0.89745525747636   -0.36752782121303    0.09039707706920
C        -0.37339897565310   -1.01887506075168   -0.08405873456066
5
 energy: -11.070877154473 gnorm: 0.000568248617 xtb: 6.2.2 (9d81278992624c895f80dd42a50cac0aa55982e2)
C         0.44850980885362    0.98960886173011   -0.07414111742657
N        -0.39593871561199    0.15773612419255    0.81521546388257
C        -0.57579124042653    0.23931818434742   -0.74683532054904
C         0.89649638444156   -0.36727445659766    0.09044466161872
C        -0.37327623725666   -1.01938871367241   -0.08468368752568
