4
 energy: -8.866274684518 gnorm: 0.303507445830 xtb: 6.2.2 (9d81278992624c895f80dd42a50cac0aa55982e2)
N         1.44323700000000   -0.02441900000000   -0.26817500000000
C         0.25384300000000   -0.01990500000000    0.56304600000000
C        -0.83215500000000    0.77815200000000   -0.12809800000000
C        -0.86492500000000   -0.73382800000000   -0.16677400000000
4
 energy: -8.952049465856 gnorm: 0.242195785000 xtb: 6.2.2 (9d81278992624c895f80dd42a50cac0aa55982e2)
N         1.43971324102687   -0.02656161765085   -0.18141946962918
C         0.31174810865712   -0.01751128799944    0.42039292619359
C        -0.86007991335854    0.74414505197949   -0.10101619593561
C        -0.89138143632544   -0.70007214632920   -0.13795826062880
4
 energy: -8.906712367577 gnorm: 1.172222994335 xtb: 6.2.2 (9d81278992624c895f80dd42a50cac0aa55982e2)
N         1.41414570626824   -0.03014519105322   -0.01968608277667
C         0.46902673727384   -0.01498343279886    0.18832635381294
C        -0.92871631409020    0.61639132535860   -0.06913098753449
C        -0.95445612945189   -0.57126270150652   -0.09951028350179
4
 energy: -9.033201647164 gnorm: 0.138677738758 xtb: 6.2.2 (9d81278992624c895f80dd42a50cac0aa55982e2)
N         1.57658046999976   -0.03321153285468   -0.03743596375041
C         0.39548263481744   -0.01266594819106    0.16003745436563
C        -0.97256802933281    0.64415533631254   -0.04541103164819
C        -0.99949507548440   -0.59827785526680   -0.07719145896703
4
 energy: -9.038449560958 gnorm: 0.079566621053 xtb: 6.2.2 (9d81278992624c895f80dd42a50cac0aa55982e2)
N         1.59507972709071   -0.03441872562523   -0.00592841111991
C         0.42051483719994   -0.01189358546666    0.10864247562419
C        -0.99405080184239    0.65744138743636   -0.03513294355518
C        -1.02154376244826   -0.61112907634446   -0.06758212094911
4
 energy: -9.040622190950 gnorm: 0.034913364725 xtb: 6.2.2 (9d81278992624c895f80dd42a50cac0aa55982e2)
N         1.59348708294768   -0.03488951146529    0.01379793157263
C         0.43244309900432   -0.01130366185361    0.07549491789713
C        -0.99932514816241    0.65249724766751   -0.02854699964815
C        -1.02660503378959   -0.60630407434862   -0.06074684982162
4
 energy: -9.040531865276 gnorm: 0.073157768700 xtb: 6.2.2 (9d81278992624c895f80dd42a50cac0aa55982e2)
N         1.56027690831143   -0.03421588223871    0.01567102110911
C         0.42675492838156   -0.01108211819098    0.07157232410218
C        -0.97969807584818    0.66020328490920   -0.02731479924212
C        -1.00733376084481   -0.61490528447950   -0.05992954596917
4
 energy: -9.041901363780 gnorm: 0.022829338968 xtb: 6.2.2 (9d81278992624c895f80dd42a50cac0aa55982e2)
N         1.57786100522802   -0.03497394398996    0.03043106675132
C         0.43036739777632   -0.01038653718580    0.04128956644889
C        -0.99049808544958    0.65091059763344   -0.01979237093693
C        -1.01773031755476   -0.60555011645768   -0.05192926226328
4
 energy: -9.042166239133 gnorm: 0.011717502656 xtb: 6.2.2 (9d81278992624c895f80dd42a50cac0aa55982e2)
N         1.57753275664425   -0.03509121323174    0.03522331031733
C         0.42655995505208   -0.00998591946604    0.02890881257110
C        -0.98841604263398    0.65150265705680   -0.01597855543166
C        -1.01567666906235   -0.60642552435902   -0.04815456745676
4
 energy: -9.042347831928 gnorm: 0.002916355687 xtb: 6.2.2 (9d81278992624c895f80dd42a50cac0aa55982e2)
N         1.57201501499072   -0.03512850095799    0.04135724157116
C         0.41877068330017   -0.00937871678769    0.01174096712504
C        -0.98172165078134    0.65312786103797   -0.01041311161088
C        -1.00906404750955   -0.60862064329229   -0.04268609708533
4
 energy: -9.042349664816 gnorm: 0.000618946262 xtb: 6.2.2 (9d81278992624c895f80dd42a50cac0aa55982e2)
N         1.57135909911743   -0.03511817304769    0.04147755662812
C         0.41883971856807   -0.00937626334122    0.01160713418560
C        -0.98142724432894    0.65320496150291   -0.01040390574782
C        -1.00877157335656   -0.60871052511399   -0.04268178506591
