5
 energy: -10.934662233939 gnorm: 0.172333495260 xtb: 6.2.2 (9d81278992624c895f80dd42a50cac0aa55982e2)
C         1.59195200000000    0.00064200000000    0.26094000000000
C         0.25696600000000   -0.01320500000000   -0.45306800000000
N        -0.79447200000000    0.01941600000000    0.60423600000000
C        -0.52243500000000    1.19375600000000   -0.23821900000000
C        -0.53201100000000   -1.20060900000000   -0.17389000000000
5
 energy: -10.970618526189 gnorm: 0.141083005236 xtb: 6.2.2 (9d81278992624c895f80dd42a50cac0aa55982e2)
C         1.60212302741483   -0.00007704659177    0.23569545122647
C         0.33021175919389   -0.01262543252959   -0.42060986256287
N        -0.81455633529042    0.01965496033286    0.61012090634259
C        -0.55438156342541    1.12356181915006   -0.24288354297325
C        -0.56339688789289   -1.13051430036156   -0.18232395203294
5
 energy: -11.016819306845 gnorm: 0.210329311359 xtb: 6.2.2 (9d81278992624c895f80dd42a50cac0aa55982e2)
C         1.69736536966491   -0.00326464872596    0.13123268485185
C         0.56026953314318   -0.01010342410160   -0.29252791886668
N        -0.94938922933679    0.02026234792904    0.61262484287557
C        -0.65045437329174    0.91351199024185   -0.25030058659501
C        -0.65779130017957   -0.92040626534333   -0.20103002226572
5
 energy: -11.037944897972 gnorm: 0.057400675264 xtb: 6.2.2 (9d81278992624c895f80dd42a50cac0aa55982e2)
C         1.75663471435848   -0.00393123479213    0.11526544462229
C         0.52043467893392   -0.00977853181872   -0.28639434383785
N        -1.02978301822027    0.02044154681699    0.60737363057449
C        -0.61985602227396    0.94327255087544   -0.24355614292453
C        -0.62743035279817   -0.95000433108159   -0.19268958843440
5
 energy: -11.048630742770 gnorm: 0.062251393423 xtb: 6.2.2 (9d81278992624c895f80dd42a50cac0aa55982e2)
C         1.81626622901969   -0.00613183151282    0.04223957437443
C         0.54982403342770   -0.00877535479572   -0.24471769026512
N        -1.19714812164138    0.02040052928001    0.58100927550167
C        -0.58075907652353    0.92488688074691   -0.21418952115438
C        -0.58818306428248   -0.93038022371838   -0.16434263845660
5
 energy: -11.055729563274 gnorm: 0.063397407948 xtb: 6.2.2 (9d81278992624c895f80dd42a50cac0aa55982e2)
C         1.87472973344978   -0.00765587038072   -0.00574329675761
C         0.60466160102914   -0.00802427497109   -0.20863274937980
N        -1.29791183989124    0.02025014003043    0.56044666628612
C        -0.58718872724293    0.88514695010556   -0.19687971604102
C        -0.59429076734476   -0.88971694478419   -0.14919190410768
5
 energy: -11.047300419849 gnorm: 0.138910512734 xtb: 6.2.2 (9d81278992624c895f80dd42a50cac0aa55982e2)
C         2.04566333559241   -0.01228508796728   -0.15249197201697
C         0.79432850803710   -0.00625054927264   -0.11446636759642
N        -1.60848328494866    0.01963269031724    0.49135905921337
C        -0.61276586567643    0.74628665959311   -0.13226916401389
C        -0.61874269300442   -0.74738371267042   -0.09213255558609
5
 energy: -11.025720836226 gnorm: 0.336937407105 xtb: 6.2.2 (9d81278992624c895f80dd42a50cac0aa55982e2)
C         1.89868587228908   -0.00877205626114   -0.04366212131007
C         0.75416794214533   -0.00944991527807   -0.23942411986220
N        -1.37223578957500    0.01868105167113    0.49108719429267
C        -0.63716607699505    0.78535370398316   -0.12510978130177
C        -0.64345194786435   -0.78581278411509   -0.08289217181862
5
 energy: -11.037970463975 gnorm: 0.149276302014 xtb: 6.2.2 (9d81278992624c895f80dd42a50cac0aa55982e2)
C         1.93084636627625   -0.00812911548642   -0.01480610543863
C         0.55254111053358   -0.00698716902071   -0.17786569327109
N        -1.30662034819392    0.01756264765993    0.45903197501460
C        -0.58454494322674    0.95920802935961   -0.15898597802374
C        -0.59222218538917   -0.96165439251241   -0.10737519828115
5
 energy: -11.063254946548 gnorm: 0.098365202689 xtb: 6.2.2 (9d81278992624c895f80dd42a50cac0aa55982e2)
C         1.94682184735539   -0.00974776897838   -0.07272065690454
C         0.65815686679679   -0.00695852432490   -0.16105971225268
N        -1.42893576523441    0.01887353707777    0.48966695768912
C        -0.58452706140102    0.87289855595350   -0.15142682049036
C        -0.59151588751675   -0.87506579972799   -0.10446076804154
5
 energy: -11.059323429454 gnorm: 0.111907255037 xtb: 6.2.2 (9d81278992624c895f80dd42a50cac0aa55982e2)
C         2.01582165789436   -0.01144762372301   -0.12561817382756
C         0.75791675159560   -0.00669407430019   -0.13643238206094
N        -1.55325333335866    0.01940638664360    0.49103703030513
C        -0.60715568831820    0.77173733475267   -0.13524786293324
C        -0.61332938781311   -0.77300202337307   -0.09373961148338
5
 energy: -11.066236855107 gnorm: 0.113912050702 xtb: 6.2.2 (9d81278992624c895f80dd42a50cac0aa55982e2)
C         1.94827219282721   -0.00988967092433   -0.07763842384395
C         0.70446441032949   -0.00752149758513   -0.17518340675523
N        -1.43884007695566    0.01864046169168    0.47952364190651
C        -0.60366486869599    0.82130934705552   -0.13543682340740
C        -0.61023165750505   -0.82253864023774   -0.09126598789992
5
 energy: -11.066236192746 gnorm: 0.085158636439 xtb: 6.2.2 (9d81278992624c895f80dd42a50cac0aa55982e2)
C         1.97905707260573   -0.01031054168242   -0.08872879655651
C         0.66514976202087   -0.00641419325237   -0.13984753050939
N        -1.45805665742628    0.01828357956410    0.46340005289735
C        -0.58966233300659    0.85337684529596   -0.14036387897456
C        -0.59648784419372   -0.85493568992527   -0.09446084685689
5
 energy: -11.069257607518 gnorm: 0.068520974199 xtb: 6.2.2 (9d81278992624c895f80dd42a50cac0aa55982e2)
C         1.97215417266247   -0.01045501382163   -0.09509882562324
C         0.69057768895791   -0.00669871017968   -0.14666290268013
N        -1.46928047535551    0.01830358948702    0.46248487832075
C        -0.59340373791234    0.83103577231217   -0.13270819615345
C        -0.60004764835253   -0.83218563779789   -0.08801595386394
5
 energy: -11.070243434981 gnorm: 0.067723754022 xtb: 6.2.2 (9d81278992624c895f80dd42a50cac0aa55982e2)
C         1.96898838193610   -0.01061678518626   -0.10155604255230
C         0.69496449007440   -0.00660856237220   -0.14267394870739
N        -1.47572497561203    0.01805018225979    0.45211253824526
C        -0.59081982183106    0.82438843016125   -0.12610532800892
C        -0.59740807456741   -0.82521326486258   -0.08177821897664
5
 energy: -11.072710894914 gnorm: 0.059561988583 xtb: 6.2.2 (9d81278992624c895f80dd42a50cac0aa55982e2)
C         1.96643990243551   -0.01130047219818   -0.12735324190068
C         0.69730337723459   -0.00597842233050   -0.11893929596992
N        -1.50355514064787    0.01698196008982    0.40819112629804
C        -0.57684621431681    0.81340820222328   -0.10280335136580
C        -0.58334192470542   -0.81311126778443   -0.05909623706163
5
 energy: -11.074522513222 gnorm: 0.029539204671 xtb: 6.2.2 (9d81278992624c895f80dd42a50cac0aa55982e2)
C         1.96721709863403   -0.01211200564309   -0.15739625750936
C         0.68956124249994   -0.00510020334494   -0.08745416602078
N        -1.53478167251573    0.01550031337773    0.34851291407908
C        -0.55776544746885    0.81044607628418   -0.07358803606279
C        -0.56423122114938   -0.80873418067388   -0.03007545448615
5
 energy: -11.074803861781 gnorm: 0.017108110244 xtb: 6.2.2 (9d81278992624c895f80dd42a50cac0aa55982e2)
C         1.96644771976916   -0.01219233458735   -0.16049504542237
C         0.68168697216633   -0.00495545613290   -0.08325164129152
N        -1.53461233385162    0.01499728753608    0.32982520736513
C        -0.55351697605384    0.81349748189979   -0.06487226141714
C        -0.56000538203004   -0.81134697871562   -0.02120725923410
5
 energy: -11.074897068784 gnorm: 0.013937227183 xtb: 6.2.2 (9d81278992624c895f80dd42a50cac0aa55982e2)
C         1.96870737042803   -0.01221014231841   -0.16085570743344
C         0.68153935186060   -0.00501283471592   -0.08538758085126
N        -1.53749580029182    0.01488858634181    0.32535557025535
C        -0.55312221855968    0.81568822708685   -0.06144533961406
C        -0.55962870343712   -0.81335383639433   -0.01766794235660
5
 energy: -11.075072704627 gnorm: 0.014833123075 xtb: 6.2.2 (9d81278992624c895f80dd42a50cac0aa55982e2)
C         1.97240268927959   -0.01204886720622   -0.15439643807375
C         0.68081568876264   -0.00534699399592   -0.09789350248254
N        -1.53578157590034    0.01494256203591    0.32755564407443
C        -0.55545284766495    0.81840470515576   -0.05959227991776
C        -0.56198395447694   -0.81595140598952   -0.01567442360038
5
 energy: -11.075308371322 gnorm: 0.015360351920 xtb: 6.2.2 (9d81278992624c895f80dd42a50cac0aa55982e2)
C         1.97453266842119   -0.01179770505067   -0.14493596219576
C         0.68025908267846   -0.00586263774875   -0.11705458534129
N        -1.53394139279605    0.01517737053605    0.33653412706152
C        -0.55715100463109    0.81963539439446   -0.05926222270500
C        -0.56369935367251   -0.81715242213110   -0.01528235681947
5
 energy: -11.073914264662 gnorm: 0.048463061634 xtb: 6.2.2 (9d81278992624c895f80dd42a50cac0aa55982e2)
C         1.96157374544952   -0.00852848356809   -0.02521072377144
C         0.66503655229449   -0.01016544939137   -0.27944892677086
N        -1.49907544368328    0.01742234835952    0.42525944553048
C        -0.56050825836620    0.81522070894630   -0.08218707769602
C        -0.56702659569452   -0.81394912434637   -0.03841371729216
5
 energy: -11.076161498761 gnorm: 0.005703826547 xtb: 6.2.2 (9d81278992624c895f80dd42a50cac0aa55982e2)
C         1.95509764355390   -0.01020130837352   -0.08845846269294
C         0.67098909996554   -0.00755776750097   -0.18150696162897
N        -1.50885741911454    0.01648586365675    0.38891587994624
C        -0.55535963748330    0.81409142142248   -0.08133230909072
C        -0.56186968692160   -0.81281820920474   -0.03761914653361
5
 energy: -11.076198010318 gnorm: 0.001885292422 xtb: 6.2.2 (9d81278992624c895f80dd42a50cac0aa55982e2)
C         1.95361641276930   -0.00998813016199   -0.08075033574274
C         0.66915735603556   -0.00781381216954   -0.19130241252513
N        -1.50584056807102    0.01663828434359    0.39503121853469
C        -0.55521503125885    0.81317691505055   -0.08332312471736
C        -0.56171816947499   -0.81201325706261   -0.03965634554946
5
 energy: -11.076203323524 gnorm: 0.001757983677 xtb: 6.2.2 (9d81278992624c895f80dd42a50cac0aa55982e2)
C         1.95095403900998   -0.00974852334976   -0.07222795416406
C         0.66714741593817   -0.00809795003115   -0.20216162034688
N        -1.50202970938081    0.01679571981688    0.40146099822339
C        -0.55478850010924    0.81214789229411   -0.08534340911886
C        -0.56128324545811   -0.81109713873008   -0.04172901459359
5
 energy: -11.076205703463 gnorm: 0.000226286213 xtb: 6.2.2 (9d81278992624c895f80dd42a50cac0aa55982e2)
C         1.95145267796641   -0.00982032480313   -0.07477635500587
C         0.66780479562353   -0.00800522650492   -0.19861249009165
N        -1.50283777497910    0.01675179659164    0.39976755356598
C        -0.55496237406309    0.81245685468026   -0.08500535090943
C        -0.56145732454775   -0.81138309996385   -0.04137435755904
