5
 energy: -8.672986428793 gnorm: 0.071650103316 xtb: 6.2.2 (9d81278992624c895f80dd42a50cac0aa55982e2)
N        -0.30601600000000   -0.00613200000000   -0.07978000000000
C         0.98823700000000   -0.11575900000000   -0.65507300000000
N         0.86433800000000    0.09508100000000    0.74897500000000
H        -0.75605000000000    0.93416200000000   -0.14392700000000
H        -0.79050800000000   -0.90735200000000    0.12980500000000
5
 energy: -8.681784437835 gnorm: 0.048696679303 xtb: 6.2.2 (9d81278992624c895f80dd42a50cac0aa55982e2)
N        -0.30278697031093   -0.00347674183418   -0.06148778728836
C         1.01361307951425   -0.11308820510815   -0.63370320971844
N         0.91475372307231    0.09192088972310    0.73385977194802
H        -0.79623074006437    0.89744958683164   -0.15088296914879
H        -0.82934809221125   -0.87280552961242    0.11221419420757
5
 energy: -8.683751977068 gnorm: 0.050969363635 xtb: 6.2.2 (9d81278992624c895f80dd42a50cac0aa55982e2)
N        -0.30006781998469   -0.00249754084608   -0.05454138083670
C         1.05527331965485   -0.10826581303135   -0.59580573744049
N         0.97275431680939    0.08602018169248    0.70128506451348
H        -0.84827910219615    0.85203113571451   -0.15024052261579
H        -0.87967971428340   -0.82728796352956    0.09930257637950
5
 energy: -8.684957825459 gnorm: 0.002623264116 xtb: 6.2.2 (9d81278992624c895f80dd42a50cac0aa55982e2)
N        -0.29875237536391   -0.00304605243827   -0.05807763459158
C         1.04454023199254   -0.11068366780712   -0.61343387215941
N         0.95433215423244    0.08869172519696    0.71693935111405
H        -0.83415054001308    0.86322542412413   -0.14912651390603
H        -0.86596847084800   -0.83818742907570    0.10369866954297
5
 energy: -8.684976310960 gnorm: 0.001516201772 xtb: 6.2.2 (9d81278992624c895f80dd42a50cac0aa55982e2)
N        -0.29760739727541   -0.00322832047951   -0.05916379286085
C         1.04734610492548   -0.11066233021494   -0.61292974978178
N         0.95584133638288    0.08856014962519    0.71624273534896
H        -0.83693211978105    0.86066035976646   -0.14808376091468
H        -0.86864692425190   -0.83532985869720    0.10393456820834
5
 energy: -8.684979932877 gnorm: 0.000708879190 xtb: 6.2.2 (9d81278992624c895f80dd42a50cac0aa55982e2)
N        -0.29592157028342   -0.00344631482989   -0.06042617112033
C         1.04953373254196   -0.11072956856916   -0.61310270932372
N         0.95644475236627    0.08853092716726    0.71612722028052
H        -0.83921301088600    0.85860504531330   -0.14697958026125
H        -0.87084290373881   -0.83296008908151    0.10438124042477
