5
 energy: -10.884336753145 gnorm: 0.164287934324 xtb: 6.2.2 (9d81278992624c895f80dd42a50cac0aa55982e2)
C         1.57305500000000   -0.55535600000000   -0.34852200000000
C         0.42940300000000    0.42607200000000   -0.20317700000000
C        -0.57065200000000   -0.68123500000000   -0.18875100000000
N        -0.39765200000000    0.17241500000000    1.00576700000000
C        -1.03415500000000    0.63810500000000   -0.26531700000000
5
 energy: -10.913056368299 gnorm: 0.107671652280 xtb: 6.2.2 (9d81278992624c895f80dd42a50cac0aa55982e2)
C         1.51111379692716   -0.50621349450213   -0.40258139059549
C         0.48056564486245    0.40417852671572   -0.13244445086277
C        -0.58119502785398   -0.71454140232480   -0.15616675142511
N        -0.42354487291766    0.18561098658751    1.00094991231961
C        -0.98694054101798    0.63096638352369   -0.30975731943624
5
 energy: -10.908376120132 gnorm: 0.270019243283 xtb: 6.2.2 (9d81278992624c895f80dd42a50cac0aa55982e2)
C         1.37883370916718   -0.40772080796364   -0.40899585088285
C         0.55333031184096    0.37547502146966   -0.06439398902650
C        -0.63286321141214   -0.76420504365882   -0.13419758694022
N        -0.37357200203567    0.17866054715425    0.97272840372241
C        -0.92572980756032    0.61779128299855   -0.36514097687284
5
 energy: -10.929792253961 gnorm: 0.036752704185 xtb: 6.2.2 (9d81278992624c895f80dd42a50cac0aa55982e2)
C         1.44558197982008   -0.45669339507081   -0.47772382294900
C         0.53960799022038    0.39961961339863   -0.01513140711914
C        -0.61416328843049   -0.75384969922811   -0.11561558422895
N        -0.43581032641515    0.20239242433286    0.99533935963149
C        -0.93521735519482    0.60853205656743   -0.38686854533440
5
 energy: -10.931407539443 gnorm: 0.021469493993 xtb: 6.2.2 (9d81278992624c895f80dd42a50cac0aa55982e2)
C         1.43362162902464   -0.45079568266545   -0.47585655563896
C         0.54360971205531    0.40566539770225   -0.00136897306581
C        -0.62713769298545   -0.75514636310753   -0.11626327028315
N        -0.41936270473181    0.20122974317118    0.98975645499615
C        -0.93073194336269    0.59904790489954   -0.39626765600823
5
 energy: -10.932312969155 gnorm: 0.011692527115 xtb: 6.2.2 (9d81278992624c895f80dd42a50cac0aa55982e2)
C         1.41900463033941   -0.44180007484766   -0.48390292857065
C         0.55249085684746    0.41405311895532    0.02601847091782
C        -0.64759594885137   -0.75598543564436   -0.11267838970227
N        -0.40415479022547    0.20143477145788    0.98781786244010
C        -0.91974574811003    0.58229862007883   -0.41725501508500
5
 energy: -10.932490238183 gnorm: 0.009552524075 xtb: 6.2.2 (9d81278992624c895f80dd42a50cac0aa55982e2)
C         1.42344162430352   -0.43918507131113   -0.48288433594983
C         0.55293023947219    0.41385429731016    0.02466906009759
C        -0.65712448308431   -0.75363104171868   -0.11138132713659
N        -0.40142240104740    0.19875173957935    0.98957703924112
C        -0.91782597964399    0.58021107614030   -0.41998043625229
5
 energy: -10.937812464484 gnorm: 0.056937546553 xtb: 6.2.2 (9d81278992624c895f80dd42a50cac0aa55982e2)
C         1.52664176347474   -0.37725471369337   -0.48119176380986
C         0.56327278215008    0.38885307494677    0.00901317735450
C        -0.84774803925183   -0.71742093061424   -0.07141062671754
N        -0.36690748067497    0.14911728988571    1.02305034531782
C        -0.87526002569802    0.55670627947513   -0.47946113214493
5
 energy: -10.951390964914 gnorm: 0.104272788775 xtb: 6.2.2 (9d81278992624c895f80dd42a50cac0aa55982e2)
C         1.64749052294030   -0.27857206100828   -0.50536560521523
C         0.59196981779744    0.34806229207561    0.03025751323310
C        -1.10991640619272   -0.68049374959642   -0.00220846268461
N        -0.32646235237764    0.08947694266036    1.05906358912377
C        -0.80308258216739    0.52152757586874   -0.58174703445704
5
 energy: -10.953226419604 gnorm: 0.143107880364 xtb: 6.2.2 (9d81278992624c895f80dd42a50cac0aa55982e2)
C         1.69219137568330   -0.20881427342713   -0.52931934539287
C         0.62411064190458    0.31819991378038    0.07362549957125
C        -1.26321246856587   -0.65041508263974    0.05426733512991
N        -0.29884105896715    0.05352046791122    1.05035000886457
C        -0.75424949005487    0.48750997437526   -0.64892349817287
5
 energy: -10.964352057300 gnorm: 0.069466703688 xtb: 6.2.2 (9d81278992624c895f80dd42a50cac0aa55982e2)
C         1.64028675435748   -0.21804049988077   -0.52293542781526
C         0.63206438941043    0.30371000443740    0.09106429585830
C        -1.19039455015532   -0.64158930830843    0.05497055530090
N        -0.30425122424862    0.06589796095038    0.98910713000792
C        -0.77770636936397    0.49002284280142   -0.61220655335186
5
 energy: -10.969842961598 gnorm: 0.028672951360 xtb: 6.2.2 (9d81278992624c895f80dd42a50cac0aa55982e2)
C         1.68967111211826   -0.20534299886697   -0.51153452427610
C         0.63854212460215    0.27225914533371    0.05556648998404
C        -1.22883340289934   -0.59493550217875    0.07384323546755
N        -0.31533882014169    0.04526400575245    0.97769811892404
C        -0.78404201367939    0.48275634995956   -0.59557332009954
5
 energy: -10.974715224899 gnorm: 0.027360803398 xtb: 6.2.2 (9d81278992624c895f80dd42a50cac0aa55982e2)
C         1.76495698697718   -0.16448985371209   -0.51181646350998
C         0.65189149177473    0.22372285093324    0.03698965542584
C        -1.33092703593037   -0.52634213942796    0.11989255291670
N        -0.31720083068728    0.00694807573366    0.96349716209614
C        -0.76872161213426    0.46016206647315   -0.60856290692870
5
 energy: -10.977766631916 gnorm: 0.051574120910 xtb: 6.2.2 (9d81278992624c895f80dd42a50cac0aa55982e2)
C         1.85096888684837   -0.11706209347669   -0.49591046324171
C         0.65759547012332    0.16292842739119    0.00394520836582
C        -1.44745087672647   -0.43704855764458    0.16853255697507
N        -0.30399431024355   -0.04386499024274    0.94057512027206
C        -0.75712017000166    0.43504821397282   -0.61714242237124
5
 energy: -10.980696147466 gnorm: 0.065861107773 xtb: 6.2.2 (9d81278992624c895f80dd42a50cac0aa55982e2)
C         1.89675381911308   -0.08423906512048   -0.49005151881544
C         0.66398313899157    0.10684403110584   -0.01851879125393
C        -1.50005087844262   -0.35629803983730    0.21477625202515
N        -0.30944619496323   -0.08311479949210    0.91197823346561
C        -0.75124088469879    0.41680887334404   -0.61818417542139
5
 energy: -10.986429083717 gnorm: 0.084425569410 xtb: 6.2.2 (9d81278992624c895f80dd42a50cac0aa55982e2)
C         1.90763486933074   -0.04982900314722   -0.47810476168106
C         0.67207101814872    0.04133541832913   -0.05419392597954
C        -1.51170478458062   -0.25230336508402    0.27641560686690
N        -0.32202701335021   -0.13889965459511    0.87302877268492
C        -0.74597508954863    0.39969760449722   -0.61714569189122
5
 energy: -10.991598019655 gnorm: 0.068491589969 xtb: 6.2.2 (9d81278992624c895f80dd42a50cac0aa55982e2)
C         1.93521087056873    0.01159024217254   -0.41979562887377
C         0.67560769072250   -0.04130282583218   -0.15060601129731
C        -1.57759604920808   -0.08933770428810    0.36265423655154
N        -0.29635247711427   -0.25422707164296    0.83316003733327
C        -0.73687103496887    0.37327835959072   -0.62541263371374
5
 energy: -10.985397009230 gnorm: 0.239033075622 xtb: 6.2.2 (9d81278992624c895f80dd42a50cac0aa55982e2)
C         1.81951891965681   -0.00289924140716   -0.38581357567694
C         0.66466613329559   -0.00786034447213   -0.19334997468008
C        -1.47280197310505   -0.06683976458170    0.37183564366003
N        -0.27469583555993   -0.30064671506380    0.85547199047054
C        -0.73668824428742    0.37824706552479   -0.64814408377355
5
 energy: -10.997076764287 gnorm: 0.056301825061 xtb: 6.2.2 (9d81278992624c895f80dd42a50cac0aa55982e2)
C         1.89272992029820   -0.01778306637181   -0.38198510219357
C         0.63469519284094   -0.01184537701053   -0.21591647011887
C        -1.50078681480456   -0.07907671876393    0.34968139489598
N        -0.28187888684562   -0.28563280453356    0.87760454420166
C        -0.74476041148897    0.39433896667983   -0.62938436678520
5
 energy: -10.997125498571 gnorm: 0.052947038661 xtb: 6.2.2 (9d81278992624c895f80dd42a50cac0aa55982e2)
C         1.89536279284414    0.01219888840361   -0.44329817017655
C         0.65911897162982   -0.04087206227647   -0.16126107153597
C        -1.52520530388056   -0.04348018002835    0.41256559271031
N        -0.32560702703395   -0.29808670997749    0.86906498330908
C        -0.70367043355944    0.37024106387869   -0.67707133430686
5
 energy: -11.000787359250 gnorm: 0.021618044169 xtb: 6.2.2 (9d81278992624c895f80dd42a50cac0aa55982e2)
C         1.87699438847133   -0.00650790928612   -0.41839464822668
C         0.63738882493281   -0.01907442756365   -0.19321577525150
C        -1.49122196435965   -0.05166155042163    0.39350580907650
N        -0.31016475237720   -0.30568270330604    0.88961719763461
C        -0.71299749666729    0.38292759057745   -0.67151258323293
5
 energy: -11.001671531263 gnorm: 0.013560029415 xtb: 6.2.2 (9d81278992624c895f80dd42a50cac0aa55982e2)
C         1.87370363188124   -0.00757331191851   -0.41924891320915
C         0.63346772699103    0.00590522500441   -0.18176872007207
C        -1.48248408718966   -0.02533431108137    0.40010651569575
N        -0.30985114796559   -0.33457758921970    0.88708166137606
C        -0.71483712371702    0.36158098721517   -0.68617054379060
5
 energy: -11.002061582934 gnorm: 0.008596200523 xtb: 6.2.2 (9d81278992624c895f80dd42a50cac0aa55982e2)
C         1.86605297860569   -0.01081903899796   -0.41971687859295
C         0.62557680184970    0.02169019656912   -0.17398853973666
C        -1.46915649178814   -0.01498633222384    0.39904027441055
N        -0.30721736157768   -0.35024272439879    0.89321596189980
C        -0.71525692708957    0.35435889905147   -0.69855081798074
5
 energy: -11.002237392423 gnorm: 0.007409003692 xtb: 6.2.2 (9d81278992624c895f80dd42a50cac0aa55982e2)
C         1.86073392395570   -0.01214630794040   -0.41879628054212
C         0.61844218923802    0.02322496206437   -0.17289197393718
C        -1.45949569677358   -0.01668177399837    0.39604473327335
N        -0.30464869787406   -0.35268064020220    0.90151667457772
C        -0.71503271854608    0.35828476007661   -0.70587315337178
5
 energy: -11.002365359338 gnorm: 0.004870398491 xtb: 6.2.2 (9d81278992624c895f80dd42a50cac0aa55982e2)
C         1.85630071365690   -0.01151875999311   -0.41626359776561
C         0.61079533769373    0.01801918011732   -0.17524201713588
C        -1.45021031594434   -0.02175184975320    0.39384883950756
N        -0.30193515886008   -0.35179834280030    0.91206854346912
C        -0.71495157654622    0.36705077242930   -0.71441176807519
5
 energy: -11.002387285951 gnorm: 0.002186434085 xtb: 6.2.2 (9d81278992624c895f80dd42a50cac0aa55982e2)
C         1.85614720736506   -0.01042290437891   -0.41484694752282
C         0.60933595367673    0.01474419255421   -0.17713712976799
C        -1.44844326325169   -0.02319420959627    0.39478749642547
N        -0.30170868322663   -0.35134077747732    0.91484670612061
C        -0.71533221456347    0.37021469889828   -0.71765012525527
5
 energy: -11.002391046674 gnorm: 0.000945256531 xtb: 6.2.2 (9d81278992624c895f80dd42a50cac0aa55982e2)
C         1.85669852620756   -0.00992925822672   -0.41437504103279
C         0.60976065753702    0.01396040097445   -0.17785264478904
C        -1.44867358411352   -0.02305600234941    0.39593191146863
N        -0.30222800797649   -0.35144079283930    0.91465122401298
C        -0.71555859165457    0.37046665244098   -0.71835544965979
