4
 energy: -8.818587055641 gnorm: 0.170397807445 xtb: 6.2.2 (9d81278992624c895f80dd42a50cac0aa55982e2)
C         1.40455800000000   -0.00389500000000   -0.27219100000000
N         0.22911500000000   -0.01458900000000    0.57858800000000
C        -0.81166000000000    0.73736000000000   -0.13688500000000
C        -0.82201200000000   -0.71887600000000   -0.16951200000000
4
 energy: -8.842328695050 gnorm: 0.105762521762 xtb: 6.2.2 (9d81278992624c895f80dd42a50cac0aa55982e2)
C         1.39918320837832   -0.00471070508679   -0.23400338296914
N         0.26250828770591   -0.01354805690606    0.52145972562481
C        -0.82592400053269    0.70122152762171   -0.12822247844756
C        -0.83576649555155   -0.68296276562886   -0.15923386420810
4
 energy: -8.857864159567 gnorm: 0.182246081696 xtb: 6.2.2 (9d81278992624c895f80dd42a50cac0aa55982e2)
C         1.46720920699549   -0.00776539319453   -0.11920784657648
N         0.34615137544752   -0.00981940540991    0.32843749999103
C        -0.90219401764982    0.63950223143358   -0.09048425617650
C        -0.91116556479319   -0.62191743282913   -0.11874539723805
4
 energy: -8.870841964348 gnorm: 0.053843784775 xtb: 6.2.2 (9d81278992624c895f80dd42a50cac0aa55982e2)
C         1.51243181892317   -0.00808630912534   -0.11917474204072
N         0.32194394992189   -0.00915227214067    0.30628607781207
C        -0.91249241079162    0.66855384990434   -0.07877105142157
C        -0.92188235805343   -0.65131526863833   -0.10834028434978
4
 energy: -8.875350962630 gnorm: 0.033025535188 xtb: 6.2.2 (9d81278992624c895f80dd42a50cac0aa55982e2)
C         1.54582168536321   -0.00902964246866   -0.08766554159346
N         0.31738751316686   -0.00746415653889    0.23238029423467
C        -0.92681445428806    0.68147690103373   -0.05727468465915
C        -0.93639374424201   -0.66498310202617   -0.08744006798206
4
 energy: -8.877231843395 gnorm: 0.021745856794 xtb: 6.2.2 (9d81278992624c895f80dd42a50cac0aa55982e2)
C         1.55195195785222   -0.00954443938472   -0.06668850702562
N         0.30550728365409   -0.00617862501874    0.17881989824323
C        -0.92387419342719    0.69042448080412   -0.04077309624408
C        -0.93358404807911   -0.67470141640066   -0.07135829497354
4
 energy: -8.877743731100 gnorm: 0.011749236093 xtb: 6.2.2 (9d81278992624c895f80dd42a50cac0aa55982e2)
C         1.56077503113826   -0.00994775490105   -0.05148783055365
N         0.30130687990956   -0.00533718199997    0.14259413722938
C        -0.92619543147040    0.68881284626215   -0.03029165612132
C        -0.93588547957741   -0.67352790936113   -0.06081465055441
4
 energy: -8.877869841582 gnorm: 0.003127683463 xtb: 6.2.2 (9d81278992624c895f80dd42a50cac0aa55982e2)
C         1.55958419551200   -0.01010596132929   -0.04405094099132
N         0.29988199977379   -0.00495401134187    0.12593821814920
C        -0.92489727220333    0.68736129274290   -0.02571214623724
C        -0.93456792308246   -0.67230132007173   -0.05617513092064
4
 energy: -8.877882855233 gnorm: 0.001011159271 xtb: 6.2.2 (9d81278992624c895f80dd42a50cac0aa55982e2)
C         1.56220128085714   -0.01021759041945   -0.03990924340846
N         0.30092678010809   -0.00477421444569    0.11757528954231
C        -0.92673636996118    0.68623993968329   -0.02362591264915
C        -0.93639069100405   -0.67124813481815   -0.05404013348469
4
 energy: -8.877883551984 gnorm: 0.000455311820 xtb: 6.2.2 (9d81278992624c895f80dd42a50cac0aa55982e2)
C         1.56138904666453   -0.01022218950377   -0.03942241670736
N         0.30081430464103   -0.00475104339226    0.11655509429026
C        -0.92627090373467    0.68660374518889   -0.02335115307133
C        -0.93593144757089   -0.67163051229285   -0.05378152451157
