4
 energy: -8.795896878645 gnorm: 0.188654288061 xtb: 6.2.2 (9d81278992624c895f80dd42a50cac0aa55982e2)
C        -0.79000200000000   -1.09030000000000   -0.11363500000000
N         0.00202700000000    0.00716400000000    0.40969000000000
C        -0.54836400000000    1.22513200000000   -0.15531800000000
C         1.33633900000000   -0.14199500000000   -0.14073700000000
4
 energy: -8.833739291681 gnorm: 0.088278968377 xtb: 6.2.2 (9d81278992624c895f80dd42a50cac0aa55982e2)
C        -0.73514047846568   -1.01468933135250   -0.11556827241290
N         0.00203322885237    0.00718379833884    0.41070689437521
C        -0.51030077698777    1.13980650535097   -0.15435304350672
C         1.24340802660108   -0.13229997233731   -0.14078557845558
4
 energy: -8.840478283521 gnorm: 0.058855322538 xtb: 6.2.2 (9d81278992624c895f80dd42a50cac0aa55982e2)
C        -0.68367791840693   -0.94381177479284   -0.12275137960469
N         0.00212746467096    0.00748922590643    0.42775901377795
C        -0.47462115804353    1.05963057647860   -0.15881288462388
C         1.15617161177950   -0.12330702759219   -0.14619474954938
4
 energy: -8.842655873786 gnorm: 0.006564920162 xtb: 6.2.2 (9d81278992624c895f80dd42a50cac0aa55982e2)
C        -0.68570712457355   -0.94671905604634   -0.13640534579882
N         0.00237348754217    0.00824573582194    0.46884361172074
C        -0.47614936090906    1.06244305971291   -0.17254947268599
C         1.15948299794044   -0.12396873948850   -0.15988879323592
4
 energy: -8.842807831802 gnorm: 0.003564044606 xtb: 6.2.2 (9d81278992624c895f80dd42a50cac0aa55982e2)
C        -0.67910383706944   -0.93742401211689   -0.14167237138321
N         0.00274916990429    0.00877278397969    0.48372830978409
C        -0.47227943676348    1.05206876555531   -0.17731980490474
C         1.14863410392863   -0.12341653741811   -0.16473613349614
4
 energy: -8.843022341299 gnorm: 0.020584092687 xtb: 6.2.2 (9d81278992624c895f80dd42a50cac0aa55982e2)
C        -0.67333758772171   -0.92685412663768   -0.14615995235818
N         0.00604626159343    0.01180683496418    0.49304070886962
C        -0.47588156809713    1.04324901607502   -0.17992346515503
C         1.14317289422542   -0.12820072440152   -0.16695729135641
4
 energy: -8.849241472934 gnorm: 0.066828713307 xtb: 6.2.2 (9d81278992624c895f80dd42a50cac0aa55982e2)
C        -0.65669622705963   -0.88646449892330   -0.16115378090852
N         0.02794920454171    0.03160970717661    0.51198023795064
C        -0.51546461342315    1.01901378275259   -0.18335816773275
C         1.14421163594107   -0.16415799100590   -0.16746828930937
4
 energy: -8.867435346891 gnorm: 0.085811242124 xtb: 6.2.2 (9d81278992624c895f80dd42a50cac0aa55982e2)
C        -0.61825551695616   -0.78705038942653   -0.19752819160819
N         0.08675094358443    0.08527308437107    0.55125769709215
C        -0.61791194090721    0.95786315654227   -0.18864581977332
C         1.14941651427895   -0.25608485148682   -0.16508368571064
4
 energy: -8.929728623758 gnorm: 0.142637116952 xtb: 6.2.2 (9d81278992624c895f80dd42a50cac0aa55982e2)
C        -0.54314852226916   -0.56290522897847   -0.28377184323590
N         0.24306329430784    0.23307773142413    0.62289097753452
C        -0.85583748107450    0.79834561759659   -0.19063075511365
C         1.15592270903582   -0.46851712004225   -0.14848837918497
4
 energy: -8.928936563461 gnorm: 0.219715983965 xtb: 6.2.2 (9d81278992624c895f80dd42a50cac0aa55982e2)
C        -0.42292228846088   -0.40258487744381   -0.36596832293758
N         0.34929671737139    0.34081699578219    0.73686180802241
C        -0.98272654606225    0.68532271921081   -0.21231968282612
C         1.05635211715174   -0.62355383754919   -0.15857380225871
4
 energy: -8.930981949759 gnorm: 0.198979824994 xtb: 6.2.2 (9d81278992624c895f80dd42a50cac0aa55982e2)
C        -0.34577288540277   -0.52164714363606   -0.35826118773348
N         0.38865977027737    0.40929521565877    0.65243478656265
C        -0.95264750253352    0.78505387375020   -0.17361587507968
C         0.90976061765892   -0.67270094577291   -0.12055772374949
4
 energy: -8.952148057960 gnorm: 0.154601047499 xtb: 6.2.2 (9d81278992624c895f80dd42a50cac0aa55982e2)
C        -0.50512619216544   -0.58771052795097   -0.30272917384784
N         0.37926253102850    0.31161759260567    0.56090497004617
C        -0.87185148037868    0.79069583914096   -0.16580631095998
C         0.99771514151563   -0.51460190379565   -0.09236948523835
4
 energy: -8.957364565788 gnorm: 0.091569881493 xtb: 6.2.2 (9d81278992624c895f80dd42a50cac0aa55982e2)
C        -0.47443669437360   -0.50125334525477   -0.33585982539497
N         0.36396200187215    0.33751996771789    0.64637594444442
C        -0.92222976425656    0.72801191795172   -0.18530135724279
C         1.03270445675802   -0.56427754041484   -0.12521476180667
4
 energy: -8.964480153358 gnorm: 0.039985690581 xtb: 6.2.2 (9d81278992624c895f80dd42a50cac0aa55982e2)
C        -0.46843890280293   -0.53168578358218   -0.33275048730785
N         0.36572048364738    0.33260168022601    0.64095388738712
C        -0.88251052617150    0.73989520720854   -0.18526321810149
C         0.98522894532705   -0.54081010385238   -0.12294018197778
4
 energy: -8.968481580934 gnorm: 0.064598360712 xtb: 6.2.2 (9d81278992624c895f80dd42a50cac0aa55982e2)
C        -0.47450145972181   -0.56196448506233   -0.33566205154650
N         0.35406636443549    0.31912240136798    0.66644518880756
C        -0.82083145128442    0.73672995678502   -0.19605748068937
C         0.94126654657074   -0.49388687309068   -0.13472565657169
4
 energy: -8.971970801446 gnorm: 0.091097913795 xtb: 6.2.2 (9d81278992624c895f80dd42a50cac0aa55982e2)
C        -0.49388784149881   -0.63564865681738   -0.34554497393316
N         0.30954988715953    0.29959590305601    0.73586828956805
C        -0.69531580867258    0.73640742479743   -0.21980604426142
C         0.87965376301185   -0.40035367103607   -0.17051727137347
4
 energy: -8.975055042762 gnorm: 0.054460821523 xtb: 6.2.2 (9d81278992624c895f80dd42a50cac0aa55982e2)
C        -0.49947547362843   -0.61766993400188   -0.35151339563166
N         0.32401446092680    0.31544529160207    0.73522333883922
C        -0.71836821624225    0.71766831480418   -0.21693817480617
C         0.89382922894389   -0.41544267240437   -0.16677176840138
4
 energy: -8.978203304262 gnorm: 0.029225918531 xtb: 6.2.2 (9d81278992624c895f80dd42a50cac0aa55982e2)
C        -0.52756896415773   -0.63458911959727   -0.36135894595368
N         0.33691896519189    0.34960091045495    0.73679341953258
C        -0.70874571548574    0.69043882816117   -0.21023222288596
C         0.89939571445158   -0.40544961901885   -0.16520225069294
4
 energy: -8.981109361358 gnorm: 0.029545532349 xtb: 6.2.2 (9d81278992624c895f80dd42a50cac0aa55982e2)
C        -0.55638516142548   -0.67178875112684   -0.37886675859290
N         0.35610445322677    0.40872510502303    0.74259016521310
C        -0.67786546536502    0.65213227457534   -0.19953348499706
C         0.87814617356373   -0.38906762847152   -0.16418992162313
4
 energy: -8.982398444942 gnorm: 0.023341789786 xtb: 6.2.2 (9d81278992624c895f80dd42a50cac0aa55982e2)
C        -0.57926877014478   -0.71859409547573   -0.39287893931214
N         0.37233179380380    0.46791636435427    0.73957508780568
C        -0.64082814214595    0.62336843011134   -0.18571380374758
C         0.84776511848693   -0.37268969898988   -0.16098234474596
4
 energy: -8.982945077595 gnorm: 0.014402503237 xtb: 6.2.2 (9d81278992624c895f80dd42a50cac0aa55982e2)
C        -0.56500045826358   -0.71549167844106   -0.39177584708677
N         0.37045600262660    0.46891974957367    0.73606968057462
C        -0.64608958066047    0.63030211239866   -0.18417466150903
C         0.84063403629745   -0.38372918353127   -0.16011917197882
4
 energy: -8.983085847298 gnorm: 0.008922070350 xtb: 6.2.2 (9d81278992624c895f80dd42a50cac0aa55982e2)
C        -0.56154437800407   -0.71684703816926   -0.39071832675397
N         0.36991909777943    0.46771417480565    0.73542688524059
C        -0.64440331481868    0.63189382584908   -0.18408177448067
C         0.83602859504332   -0.38275996248546   -0.16062678400595
4
 energy: -8.983226261664 gnorm: 0.006897449835 xtb: 6.2.2 (9d81278992624c895f80dd42a50cac0aa55982e2)
C        -0.55421276658087   -0.72096533323978   -0.38919400702012
N         0.36877274124999    0.46707412729892    0.73605607638696
C        -0.64049137721930    0.63561524389929   -0.18382523454064
C         0.82593140255018   -0.38172303795843   -0.16303683482620
4
 energy: -8.983270665455 gnorm: 0.006666041919 xtb: 6.2.2 (9d81278992624c895f80dd42a50cac0aa55982e2)
C        -0.55182201129304   -0.72367864848758   -0.38942615962497
N         0.36810850443084    0.46857862244512    0.73759990222838
C        -0.63823589571748    0.63708084506181   -0.18328456816045
C         0.82194940257968   -0.38197981901934   -0.16488917444297
4
 energy: -8.983366069729 gnorm: 0.005929072197 xtb: 6.2.2 (9d81278992624c895f80dd42a50cac0aa55982e2)
C        -0.54693631417622   -0.73207927291025   -0.39142513594158
N         0.36558121942753    0.47501501625958    0.74251508334642
C        -0.63067264744552    0.64036885629733   -0.18054196929325
C         0.81202774219421   -0.38330359964666   -0.17054797811159
4
 energy: -8.983408394222 gnorm: 0.005252782034 xtb: 6.2.2 (9d81278992624c895f80dd42a50cac0aa55982e2)
C        -0.54477590124163   -0.73753429991296   -0.39339194557896
N         0.36287693305507    0.48012812583684    0.74473223525838
C        -0.62518872305037    0.64220200282168   -0.17732812163926
C         0.80708769123693   -0.38479482874556   -0.17401216804016
4
 energy: -8.983435410107 gnorm: 0.002958073529 xtb: 6.2.2 (9d81278992624c895f80dd42a50cac0aa55982e2)
C        -0.54398356364446   -0.74021570416558   -0.39458954516727
N         0.35988351154881    0.48336940522262    0.74462634907005
C        -0.62198105111590    0.64341784532637   -0.17418257663322
C         0.80608110321155   -0.38657054638341   -0.17585422726956
4
 energy: -8.983444692220 gnorm: 0.001278656807 xtb: 6.2.2 (9d81278992624c895f80dd42a50cac0aa55982e2)
C        -0.54355137262738   -0.74025778003012   -0.39427830698526
N         0.35785884586937    0.48378276597532    0.74358851030967
C        -0.62125718923364    0.64409079174917   -0.17284910924333
C         0.80694971599165   -0.38761477769437   -0.17646109408108
4
 energy: -8.983447625800 gnorm: 0.001139837211 xtb: 6.2.2 (9d81278992624c895f80dd42a50cac0aa55982e2)
C        -0.54213338628895   -0.74057306017276   -0.39347318111320
N         0.35613801943423    0.48379801810120    0.74323396651615
C        -0.62045194744715    0.64513816366733   -0.17222691696150
C         0.80644731430187   -0.38836212159576   -0.17753386844145
4
 energy: -8.983448972832 gnorm: 0.000573968669 xtb: 6.2.2 (9d81278992624c895f80dd42a50cac0aa55982e2)
C        -0.54121164853941   -0.74058873426066   -0.39320669859968
N         0.35583074666299    0.48377060299602    0.74319588677601
C        -0.62080136200887    0.64578188326982   -0.17214363111129
C         0.80618226388530   -0.38896275200518   -0.17784555706504
