5
 energy: -9.413596951282 gnorm: 0.388062033014 xtb: 6.2.2 (9d81278992624c895f80dd42a50cac0aa55982e2)
C        -1.18997500000000    0.02458800000000   -0.45980600000000
C        -0.10955800000000    0.92298100000000    0.11639800000000
C         1.08246900000000    0.10321500000000    0.58007800000000
N         1.81170000000000   -0.40868400000000   -0.56736700000000
H        -1.59463600000000   -0.64209900000000    0.33069700000000
5
 energy: -9.560301725893 gnorm: 0.272040998487 xtb: 6.2.2 (9d81278992624c895f80dd42a50cac0aa55982e2)
C        -1.11400247806651    0.04114268090085   -0.41099352507981
C        -0.13023070743966    0.81522669145769    0.14396025073118
C         1.09163009725135    0.12659492310552    0.43311151830728
N         1.78731744114230   -0.37634247494797   -0.47890965409396
H        -1.63471435288748   -0.60662082051608    0.31283141013531
5
 energy: -9.562160755653 gnorm: 0.815477025398 xtb: 6.2.2 (9d81278992624c895f80dd42a50cac0aa55982e2)
C        -1.06540365898580    0.12494407312733   -0.26964279914407
C        -0.18868243994752    0.66506823784586    0.14706365386677
C         1.12596743258103    0.16493650606197    0.19793841577722
N         1.82871378044946   -0.35796066997662   -0.32822859405693
H        -1.70059511409717   -0.59698714705854    0.25286932355701
5
 energy: -9.652079961904 gnorm: 0.191374282304 xtb: 6.2.2 (9d81278992624c895f80dd42a50cac0aa55982e2)
C        -1.15258298656697    0.13294982660828   -0.24472525393249
C        -0.17612346038927    0.69087331215501    0.19679380975412
C         1.09226531073687    0.22148774157021    0.15740490800605
N         1.98279399219432   -0.42271508849122   -0.34466216954200
H        -1.74635285597496   -0.62259479184229    0.23518870571432
5
 energy: -9.662742559986 gnorm: 0.209027092057 xtb: 6.2.2 (9d81278992624c895f80dd42a50cac0aa55982e2)
C        -1.24857749497601    0.09692150428691   -0.20484925935381
C        -0.09637960184646    0.61316110909352    0.19524607963871
C         1.25602167995106    0.28372811718030    0.14328018574048
N         2.05290012017953   -0.37498495176423   -0.32685756664023
H        -1.96396470330813   -0.61882477879650    0.19318056061486
5
 energy: -9.686429605039 gnorm: 0.124086493092 xtb: 6.2.2 (9d81278992624c895f80dd42a50cac0aa55982e2)
C        -1.21265153295938    0.07530138860456   -0.13736360118814
C        -0.14134453390004    0.55581375015255    0.22293397757041
C         1.25733733493711    0.28547981359224    0.02919754929559
N         2.19698900564735   -0.35225807373667   -0.30068659813460
H        -2.10033027372505   -0.56433587861268    0.18591867245674
5
 energy: -9.680662549482 gnorm: 0.293729870934 xtb: 6.2.2 (9d81278992624c895f80dd42a50cac0aa55982e2)
C        -1.24619115282866    0.07820456449477   -0.06947052938406
C        -0.10377652321888    0.49228405043610    0.11287741073111
C         1.13210748657491    0.14231366949729   -0.00008414910727
N         2.29413267909415   -0.22243579476468   -0.26711671798130
H        -2.07627248962153   -0.49036548966349    0.22379398574153
5
 energy: -9.705293843223 gnorm: 0.062297911759 xtb: 6.2.2 (9d81278992624c895f80dd42a50cac0aa55982e2)
C        -1.20595929715592    0.02342182601569   -0.06505562693838
C        -0.10625052031605    0.44219948152461    0.15736935829055
C         1.21620142978932    0.22969711489930    0.03952702142036
N         2.18863250812579   -0.24486036088644   -0.29337945434063
H        -2.09262412044315   -0.45045706155317    0.16153870156810
5
 energy: -9.704290273782 gnorm: 0.087332272419 xtb: 6.2.2 (9d81278992624c895f80dd42a50cac0aa55982e2)
C        -1.27751058614671   -0.00489014938610   -0.02529157298408
C        -0.10057895994632    0.34323044875269    0.16748744824426
C         1.33427331711501    0.24836990337171   -0.03047684207187
N         2.37384473961592   -0.18589655188784   -0.27143531110211
H        -2.33002851063790   -0.40081265085047    0.15971627791380
5
 energy: -9.715960611739 gnorm: 0.038923680020 xtb: 6.2.2 (9d81278992624c895f80dd42a50cac0aa55982e2)
C        -1.25940382126465   -0.00476064730623   -0.01204549674816
C        -0.10623916794775    0.33432547077644    0.15012859897655
C         1.27727208551496    0.22354719706889   -0.02373857886485
N         2.33368004299971   -0.17680197594779   -0.26816640119614
H        -2.24530913930229   -0.37630904459131    0.15382187783261
5
 energy: -9.716298382591 gnorm: 0.086373407181 xtb: 6.2.2 (9d81278992624c895f80dd42a50cac0aa55982e2)
C        -1.20886671456818   -0.06880676199792    0.02560128132814
C        -0.07158444498059    0.28001504719448    0.11971280358988
C         1.24594424623324    0.19118566329489   -0.00510907423349
N         2.31902582094276   -0.10212711787470   -0.28635774809222
H        -2.28451890762724   -0.30026583061677    0.14615273740769
5
 energy: -9.712128472402 gnorm: 0.218531372389 xtb: 6.2.2 (9d81278992624c895f80dd42a50cac0aa55982e2)
C        -1.29780263918027   -0.02233297176323    0.10909139469349
C        -0.06357764008094    0.18121614094141    0.06627390506655
C         1.24289621665679    0.18384782405082   -0.04634348634961
N         2.35662711096328   -0.07062524922911   -0.23057218554922
H        -2.23814304835888   -0.27210474399990    0.10155037213879
5
 energy: -9.721775134721 gnorm: 0.069391027948 xtb: 6.2.2 (9d81278992624c895f80dd42a50cac0aa55982e2)
C        -1.27302282374405   -0.06993579724179    0.06276827373180
C        -0.10635272009480    0.17750810249525    0.11515955546494
C         1.28104639162748    0.18189428490658   -0.05710743431528
N         2.40235293770634   -0.06514121164907   -0.25024443050859
H        -2.30402378549500   -0.22432437851099    0.12942403562714
5
 energy: -9.723103162016 gnorm: 0.031933359104 xtb: 6.2.2 (9d81278992624c895f80dd42a50cac0aa55982e2)
C        -1.26064807928526   -0.07619124343480    0.09018387288707
C        -0.07460227148523    0.17503834248377    0.09016361336863
C         1.27838340601351    0.18166695269412   -0.04089108404419
N         2.37966819312000   -0.04826969139263   -0.25443194460716
H        -2.32280124836303   -0.23224336035046    0.11497554239566
5
 energy: -9.724165874421 gnorm: 0.049344676941 xtb: 6.2.2 (9d81278992624c895f80dd42a50cac0aa55982e2)
C        -1.26956006678730   -0.09062054737942    0.09287197066243
C        -0.08180475218657    0.13656118505114    0.07892592822470
C         1.27128785720575    0.15502539329549   -0.04482094292754
N         2.40233695397818   -0.01389502586143   -0.25073804603997
H        -2.32225999221007   -0.18707000510580    0.12376109008038
5
 energy: -9.724519705314 gnorm: 0.023543700764 xtb: 6.2.2 (9d81278992624c895f80dd42a50cac0aa55982e2)
C        -1.27413790806394   -0.09269700376515    0.09263524551675
C        -0.09120340622231    0.11812715137593    0.07923477820082
C         1.27370750444106    0.15200995062127   -0.04704256386810
N         2.39667652597162   -0.00831441641152   -0.24577541177670
H        -2.30504271612646   -0.16912468182053    0.12094795192723
5
 energy: -9.725005979968 gnorm: 0.020772818087 xtb: 6.2.2 (9d81278992624c895f80dd42a50cac0aa55982e2)
C        -1.27500267620407   -0.10266101041489    0.10542423650582
C        -0.08668460317170    0.09606321151886    0.06817866195732
C         1.27539714680370    0.14079500412414   -0.05034634320117
N         2.40560836559429    0.01419135047904   -0.24219274077631
H        -2.31931823302225   -0.14838755570716    0.11893618551435
5
 energy: -9.725363745296 gnorm: 0.023704138198 xtb: 6.2.2 (9d81278992624c895f80dd42a50cac0aa55982e2)
C        -1.27453762819454   -0.11067891469640    0.11881857903342
C        -0.08370928570717    0.07488321052429    0.05217258512100
C         1.27336015869514    0.12115317543309   -0.05564048397928
N         2.41050488069793    0.04116258881751   -0.23438010109349
H        -2.32561812549138   -0.12651906007851    0.11902942091836
5
 energy: -9.725686403713 gnorm: 0.018105428614 xtb: 6.2.2 (9d81278992624c895f80dd42a50cac0aa55982e2)
C        -1.27570913830539   -0.10997133877153    0.12575862265073
C        -0.08371285542515    0.06446349335236    0.03962809564676
C         1.27395622346940    0.10481180183079   -0.06276122206768
N         2.41310863458999    0.05854218099952   -0.22450987668591
H        -2.32764286432887   -0.11784513741115    0.12188438045611
5
 energy: -9.726085603564 gnorm: 0.008320160946 xtb: 6.2.2 (9d81278992624c895f80dd42a50cac0aa55982e2)
C        -1.27734916600258   -0.10237924874591    0.12566608882125
C        -0.08697281744694    0.05616287019103    0.02359009920609
C         1.27479379407762    0.07876241795990   -0.07468424901712
N         2.41632544089098    0.08031672213276   -0.20833726621837
H        -2.32679725151910   -0.11286176153779    0.13376532720816
5
 energy: -9.726244734357 gnorm: 0.009517214453 xtb: 6.2.2 (9d81278992624c895f80dd42a50cac0aa55982e2)
C        -1.28099085371977   -0.09172799789088    0.12375644748476
C        -0.08800734098252    0.04816086537719    0.01521768047245
C         1.27738625372053    0.06789120161655   -0.08414071823456
N         2.41931462817885    0.09066795664822   -0.19671630329055
H        -2.32770268719711   -0.11499102575109    0.14188289356791
5
 energy: -9.726162160214 gnorm: 0.008094149059 xtb: 6.2.2 (9d81278992624c895f80dd42a50cac0aa55982e2)
C        -1.27888776489772   -0.11118134786172    0.09323886924180
C        -0.08875860408704    0.03905487717217   -0.00978814103945
C         1.27557554464660    0.08244154284778   -0.08264835981298
N         2.41964023021755    0.08813238288772   -0.17924754474496
H        -2.32756940587941   -0.09844645504594    0.17844517635559
5
 energy: -9.726332050517 gnorm: 0.008125918117 xtb: 6.2.2 (9d81278992624c895f80dd42a50cac0aa55982e2)
C        -1.27815015622617   -0.09544658800021    0.10749240252833
C        -0.08731941727475    0.03231731291124   -0.00522696202287
C         1.27462276974615    0.05469185627209   -0.08977475185569
N         2.41849484824531    0.10888279835793   -0.17904451332265
H        -2.32764804449057   -0.10044437954105    0.16655382467287
5
 energy: -9.726377598468 gnorm: 0.005196293571 xtb: 6.2.2 (9d81278992624c895f80dd42a50cac0aa55982e2)
C        -1.27906914889451   -0.08660459343175    0.11820547572504
C        -0.08580365666618    0.04172508396808    0.01631293717918
C         1.27521081674483    0.07056019751875   -0.08576668944677
N         2.41724608869043    0.09045950395092   -0.19458925408190
H        -2.32758409987459   -0.11613919200602    0.14583753062446
5
 energy: -9.726443318950 gnorm: 0.004474817195 xtb: 6.2.2 (9d81278992624c895f80dd42a50cac0aa55982e2)
C        -1.27968814789101   -0.08720241244708    0.11087373042620
C        -0.08565243003799    0.03455474530286    0.00916883369170
C         1.27531064050935    0.06748268890909   -0.08790592305005
N         2.41837600113429    0.09636652187893   -0.18806433951542
H        -2.32834606371466   -0.11120054364380    0.15592769844758
5
 energy: -9.726565303085 gnorm: 0.005257881057 xtb: 6.2.2 (9d81278992624c895f80dd42a50cac0aa55982e2)
C        -1.28169289064802   -0.07928285397933    0.09566021931084
C        -0.08458730045515    0.01362694456522   -0.00006433355941
C         1.27567966132670    0.06142567136772   -0.09407793906302
N         2.42087146002743    0.10924330905949   -0.17588250766883
H        -2.33027093025098   -0.10501207101310    0.17436456098042
5
 energy: -9.726613141576 gnorm: 0.002915921262 xtb: 6.2.2 (9d81278992624c895f80dd42a50cac0aa55982e2)
C        -1.28280617412398   -0.06988539823315    0.09165220467115
C        -0.08389060639832    0.00329817532535    0.00214072373277
C         1.27590427430674    0.06097671482020   -0.09643128089726
N         2.42062397163846    0.11240178598787   -0.17425926713483
H        -2.32983146542292   -0.10679027790027    0.17689761962816
5
 energy: -9.726627606760 gnorm: 0.000774073506 xtb: 6.2.2 (9d81278992624c895f80dd42a50cac0aa55982e2)
C        -1.28326198581548   -0.06268885615835    0.09270469581355
C        -0.08387342223338   -0.00147000546280    0.00647631383353
C         1.27595343108519    0.06110727494604   -0.09681163443862
N         2.42006299306596    0.11294143124783   -0.17620910743095
H        -2.32888101610231   -0.10988884457272    0.17383973222248
5
 energy: -9.726629128811 gnorm: 0.000603167885 xtb: 6.2.2 (9d81278992624c895f80dd42a50cac0aa55982e2)
C        -1.28332041008263   -0.06102519153523    0.09405272967705
C        -0.08394706844731   -0.00258683719840    0.00732334669116
C         1.27611608825200    0.06071813144937   -0.09611013424451
N         2.42000722532945    0.11339809392454   -0.17744031489483
H        -2.32885583505153   -0.11050319664029    0.17217437277112
