5
 energy: -8.718168344764 gnorm: 0.238019690242 xtb: 6.2.2 (9d81278992624c895f80dd42a50cac0aa55982e2)
C        -0.49526000000000   -0.19351700000000    0.36016300000000
N         0.94152400000000   -0.03247300000000    0.51901900000000
N        -1.08803400000000    1.06208000000000   -0.06609300000000
H        -0.71183300000000   -0.98548200000000   -0.38795400000000
H         1.35360300000000    0.14939100000000   -0.42513600000000
5
 energy: -8.776380079901 gnorm: 0.141603144027 xtb: 6.2.2 (9d81278992624c895f80dd42a50cac0aa55982e2)
C        -0.43415223921142   -0.10259313210890    0.23025371628399
N         0.92201224176816   -0.02277469972784    0.51299182171583
N        -1.12476700121962    0.99960636620759   -0.00514740231373
H        -0.76038450616520   -0.99697228046149   -0.34956532805167
H         1.39729150482808    0.12273274609065   -0.38853380763443
5
 energy: -8.773598204096 gnorm: 0.300852702237 xtb: 6.2.2 (9d81278992624c895f80dd42a50cac0aa55982e2)
C        -0.41808727433886   -0.01706098240685    0.14899649396232
N         0.85829980917947   -0.04222295087083    0.47904811994479
N        -1.06679536405152    0.89731204578973    0.03197758163595
H        -0.78100702845297   -0.98862035164217   -0.30063313595239
H         1.40758985766388    0.15059123913012   -0.35939005959067
5
 energy: -8.796624799724 gnorm: 0.053575487861 xtb: 6.2.2 (9d81278992624c895f80dd42a50cac0aa55982e2)
C        -0.39253104368081   -0.01136683124652    0.09664313420520
N         0.88937555867434   -0.04068863466876    0.47850785572940
N        -1.18376377015989    0.96660956039060    0.05900122888094
H        -0.79360825880695   -1.02420090847604   -0.28896949492578
H         1.48052751397331    0.10964581400072   -0.34518372388976
5
 energy: -8.798779863663 gnorm: 0.032328760622 xtb: 6.2.2 (9d81278992624c895f80dd42a50cac0aa55982e2)
C        -0.40270609974368   -0.00182439480165    0.09058603807216
N         0.87571661837253   -0.02570076944409    0.45779429444960
N        -1.20934470119583    0.94719945890896    0.07538556717088
H        -0.78712766031210   -1.00081480852277   -0.28434089897912
H         1.52346184287907    0.08113951385954   -0.33942600071352
5
 energy: -8.799900738736 gnorm: 0.015399249671 xtb: 6.2.2 (9d81278992624c895f80dd42a50cac0aa55982e2)
C        -0.40883919304856    0.00240844854396    0.07041487353334
N         0.86953165669699   -0.02003268335990    0.43248092155945
N        -1.21029402853446    0.93410470383782    0.08650615939041
H        -0.79739750184106   -0.99704100099721   -0.26887154681415
H         1.54699906672710    0.08055953197533   -0.32053140766905
5
 energy: -8.800139302379 gnorm: 0.010304648824 xtb: 6.2.2 (9d81278992624c895f80dd42a50cac0aa55982e2)
C        -0.40911520547370    0.00738982519532    0.05033746983718
N         0.86549485939802   -0.01168526937040    0.41836074246319
N        -1.22341486018775    0.93227609149640    0.09987289509255
H        -0.80399419424303   -0.99923174125051   -0.25953375214825
H         1.57102940050645    0.07125009392919   -0.30903835524468
5
 energy: -8.800231091301 gnorm: 0.005422199642 xtb: 6.2.2 (9d81278992624c895f80dd42a50cac0aa55982e2)
C        -0.41033766956728    0.00227861466401    0.04761384062090
N         0.86522966926606   -0.01440839248776    0.40908494059639
N        -1.22042151691837    0.93271023931558    0.09810087034447
H        -0.80701298422477   -0.99783412712199   -0.25303027890972
H         1.57254250144437    0.07725266563016   -0.30177037265204
5
 energy: -8.800321353275 gnorm: 0.006095666615 xtb: 6.2.2 (9d81278992624c895f80dd42a50cac0aa55982e2)
C        -0.41140027678145   -0.00290199977623    0.04492893159689
N         0.86542222737852   -0.02437937244272    0.40224942851406
N        -1.21337348999573    0.93535570732690    0.09302398812342
H        -0.82069349101684   -1.00512549142897   -0.24392445962365
H         1.58004503041550    0.09705015632101   -0.29627888861073
5
 energy: -8.800512952771 gnorm: 0.008121975004 xtb: 6.2.2 (9d81278992624c895f80dd42a50cac0aa55982e2)
C        -0.41166077506508   -0.00778943132718    0.04211360104631
N         0.86604006025252   -0.04366347092727    0.39481701039848
N        -1.20398749077599    0.93868569119727    0.08385112606227
H        -0.83395167570528   -1.01226087006560   -0.23065417147793
H         1.58355988129383    0.12502708112278   -0.29012856602912
5
 energy: -8.801024871707 gnorm: 0.011516291696 xtb: 6.2.2 (9d81278992624c895f80dd42a50cac0aa55982e2)
C        -0.41201006031970   -0.01597705330216    0.03580382608997
N         0.86716865569986   -0.07551651337238    0.38187245876750
N        -1.18749455208847    0.94396762253651    0.06900562238875
H        -0.85602683839516   -1.02419672740268   -0.20772667953916
H         1.58836279510347    0.17172167154070   -0.27895622770707
5
 energy: -8.802085324453 gnorm: 0.019608714884 xtb: 6.2.2 (9d81278992624c895f80dd42a50cac0aa55982e2)
C        -0.41194136290391   -0.02890202461977    0.02552858467352
N         0.86888522814398   -0.12411958282617    0.36060858518073
N        -1.16206217499955    0.95188477374285    0.04627525127462
H        -0.88751303926728   -1.04066538305125   -0.17208095192693
H         1.59263134902676    0.24180121675434   -0.26033246920194
5
 energy: -8.803274910442 gnorm: 0.025481721583 xtb: 6.2.2 (9d81278992624c895f80dd42a50cac0aa55982e2)
C        -0.40997446770974   -0.04280008042625    0.01477285755362
N         0.86864270176288   -0.16584143076998    0.33784272128259
N        -1.13851247183476    0.95923675506534    0.02644215695869
H        -0.90759661544002   -1.04972791376299   -0.13883461054053
H         1.58744085322164    0.29913166989388   -0.24022412525437
5
 energy: -8.802332317691 gnorm: 0.079419467035 xtb: 6.2.2 (9d81278992624c895f80dd42a50cac0aa55982e2)
C        -0.39308472011418   -0.09989333855704   -0.03351216129015
N         0.85962128653879   -0.30786523799158    0.24023249303299
N        -1.05820592102490    0.98329457890811   -0.04065073526612
H        -0.94190368947933   -1.05105254960190   -0.01246506375579
H         1.53357304407962    0.47551554724241   -0.15360553272092
5
 energy: -8.805289557684 gnorm: 0.039833720648 xtb: 6.2.2 (9d81278992624c895f80dd42a50cac0aa55982e2)
C        -0.39229725588470   -0.08219921337466   -0.02190431894577
N         0.85926218258084   -0.22417816758716    0.27618031778010
N        -1.09625860899358    0.96810391127456   -0.00273084991360
H        -0.90681607931971   -1.02943707987424   -0.06900647697602
H         1.53610976161714    0.36770954956149   -0.18253967194470
5
 energy: -8.805247396372 gnorm: 0.028605983720 xtb: 6.2.2 (9d81278992624c895f80dd42a50cac0aa55982e2)
C        -0.39060050179850   -0.06977100655281   -0.03777426521453
N         0.88509839748646   -0.21382343230542    0.27596980140935
N        -1.10099201368993    0.95088255124457    0.00227310881872
H        -0.97836843606671   -1.05693680113972   -0.07101846871233
H         1.58486255406868    0.38964768875338   -0.16945117630121
5
 energy: -8.806930542723 gnorm: 0.016303067528 xtb: 6.2.2 (9d81278992624c895f80dd42a50cac0aa55982e2)
C        -0.38790207166668   -0.08340843128610   -0.03235840630754
N         0.87873893919255   -0.24653892373728    0.26037196899822
N        -1.08478369933908    0.95960388082442   -0.01655176551144
H        -0.95198521614265   -1.04128974817277   -0.05191226310277
H         1.54593204795586    0.41163222237173   -0.15955053407647
5
 energy: -8.807372131360 gnorm: 0.019923458052 xtb: 6.2.2 (9d81278992624c895f80dd42a50cac0aa55982e2)
C        -0.38553581888204   -0.09780390049571   -0.04010591315135
N         0.87699987364734   -0.26152386617611    0.23667490525906
N        -1.06670987523789    0.96279740673212   -0.02611544807085
H        -0.95591735532280   -1.03909666447108   -0.03211942588866
H         1.53116317579539    0.43562602441078   -0.13833511814821
5
 energy: -8.807761471700 gnorm: 0.014106803891 xtb: 6.2.2 (9d81278992624c895f80dd42a50cac0aa55982e2)
C        -0.38145448733271   -0.10640635596032   -0.04333802912247
N         0.88477578441558   -0.27802693352002    0.21759844005399
N        -1.04990085290078    0.96343963996383   -0.03855289827693
H        -0.96204858475599   -1.03829715694287   -0.01863531507871
H         1.50862814057390    0.45928980645938   -0.11707319757587
5
 energy: -8.808017112853 gnorm: 0.007039146814 xtb: 6.2.2 (9d81278992624c895f80dd42a50cac0aa55982e2)
C        -0.38131389125785   -0.11513049991853   -0.04644316463783
N         0.89002725847677   -0.28268830198117    0.19381192362382
N        -1.03495523341489    0.96372399323327   -0.04460764703197
H        -0.97530104318063   -1.04329415641119   -0.00876601384778
H         1.50154290937661    0.47738796507762   -0.09399609810624
5
 energy: -8.808130093786 gnorm: 0.005569275115 xtb: 6.2.2 (9d81278992624c895f80dd42a50cac0aa55982e2)
C        -0.38327650828645   -0.11720984355339   -0.04075949029262
N         0.89449757546903   -0.28990071586334    0.17930423633851
N        -1.02789923989403    0.96545360537804   -0.05078748373890
H        -0.97771455935664   -1.04641482854129   -0.00613422116459
H         1.49439273206809    0.48807078257999   -0.08162404114240
5
 energy: -8.808152200192 gnorm: 0.003407934639 xtb: 6.2.2 (9d81278992624c895f80dd42a50cac0aa55982e2)
C        -0.38500888851254   -0.11536284745017   -0.02097752392553
N         0.89457255307775   -0.28916614289655    0.17930603276781
N        -1.02860618729539    0.96874988741682   -0.05620137867967
H        -0.97551630669179   -1.05025870473842   -0.01567367783719
H         1.49455882942196    0.48603680766831   -0.08645445232542
5
 energy: -8.808229604800 gnorm: 0.001813482255 xtb: 6.2.2 (9d81278992624c895f80dd42a50cac0aa55982e2)
C        -0.38529770758967   -0.11459681626956   -0.02938095187535
N         0.89320294924984   -0.29177058200035    0.16787765373031
N        -1.02946631824541    0.96990603718312   -0.05639970745843
H        -0.97455450980000   -1.05112677553950   -0.00618459983162
H         1.49611558638524    0.48758713662629   -0.07591339456491
5
 energy: -8.808273832376 gnorm: 0.002332479316 xtb: 6.2.2 (9d81278992624c895f80dd42a50cac0aa55982e2)
C        -0.38683617607411   -0.11309787349405   -0.03171665994949
N         0.89166963985133   -0.29717386492946    0.14490587390321
N        -1.03143525273568    0.97243354138559   -0.06088931986566
H        -0.97277870525750   -1.05290963229996    0.00590228357254
H         1.49938049421597    0.49074682933788   -0.05820317766059
5
 energy: -8.808290207772 gnorm: 0.001730897417 xtb: 6.2.2 (9d81278992624c895f80dd42a50cac0aa55982e2)
C        -0.38705905761708   -0.11327697102881   -0.02806643909344
N         0.89240286951695   -0.29877163414493    0.13844826715005
N        -1.03160311928432    0.97238697746620   -0.06340562509830
H        -0.97308893744608   -1.05232234248855    0.00720207322567
H         1.49934824483053    0.49198297019609   -0.05417927618399
5
 energy: -8.808316942235 gnorm: 0.002017517163 xtb: 6.2.2 (9d81278992624c895f80dd42a50cac0aa55982e2)
C        -0.38676742315102   -0.11540030316090   -0.01610769022722
N         0.89629843206940   -0.30628170701792    0.10976947992217
N        -1.03063512084943    0.97157310782556   -0.07351533876207
H        -0.97670467784977   -1.04919070716614    0.01507554305894
H         1.49780878978081    0.49929860951940   -0.03522299399182
5
 energy: -8.808322404482 gnorm: 0.001271974417 xtb: 6.2.2 (9d81278992624c895f80dd42a50cac0aa55982e2)
C        -0.38611449351952   -0.11596737414788   -0.01606850687055
N         0.89673747759012   -0.30713162056397    0.10516274783096
N        -1.02937875790940    0.97150751953832   -0.07458817545531
H        -0.97767606193312   -1.04903436558941    0.01721514958684
H         1.49643183577192    0.50062484076294   -0.03172221509193
5
 energy: -8.808328358461 gnorm: 0.001478958608 xtb: 6.2.2 (9d81278992624c895f80dd42a50cac0aa55982e2)
C        -0.38442878764216   -0.11829090622951   -0.01420614634613
N         0.89872740882605   -0.31096076769551    0.08469860694432
N        -1.02505434205802    0.97189596085266   -0.07981807454681
H        -0.98149446515569   -1.04890294031717    0.02592737661237
H         1.49225018602981    0.50625765338953   -0.01660276266374
5
 energy: -8.808330286267 gnorm: 0.000769135517 xtb: 6.2.2 (9d81278992624c895f80dd42a50cac0aa55982e2)
C        -0.38495894960582   -0.11824048065039   -0.01310233964724
N         0.89861515314047   -0.31042565790269    0.08473897777110
N        -1.02505622572007    0.97205450614157   -0.08004377482169
H        -0.98097960593456   -1.04907804397770    0.02531438817365
H         1.49237962811998    0.50568867638921   -0.01690825147581
