5
 energy: -10.867247045209 gnorm: 0.318475243052 xtb: 6.2.2 (9d81278992624c895f80dd42a50cac0aa55982e2)
C        -1.08744800000000   -1.18730300000000   -0.25508300000000
C        -0.52445200000000    0.02788900000000    0.46632300000000
N         0.92627900000000   -0.06526800000000    0.65168200000000
C        -0.92996700000000    1.31929400000000   -0.22787500000000
C         1.61558800000000   -0.09461200000000   -0.63504700000000
5
 energy: -10.968108485137 gnorm: 0.188051236729 xtb: 6.2.2 (9d81278992624c895f80dd42a50cac0aa55982e2)
C        -1.10225694314186   -1.09106198121769   -0.21743738694330
C        -0.47854829650541    0.02586144818100    0.38746289547005
N         0.93324830993450   -0.06465858253203    0.55514322520394
C        -0.95675610852185    1.22487213599573   -0.19229869458671
C         1.60431303823463   -0.09501302042701   -0.53287003914398
5
 energy: -10.990224318065 gnorm: 0.393402969832 xtb: 6.2.2 (9d81278992624c895f80dd42a50cac0aa55982e2)
C        -1.16499519938617   -0.94883503766260   -0.18811556978124
C        -0.43750422999923    0.02367943711588    0.35087639308284
N         0.96834331942093   -0.06525950278635    0.40733025377739
C        -1.03683822117388    1.09101391905211   -0.16597419344873
C         1.67099433113835   -0.10059881571904   -0.40411688363026
5
 energy: -11.032424113833 gnorm: 0.131387225346 xtb: 6.2.2 (9d81278992624c895f80dd42a50cac0aa55982e2)
C        -1.26316115725868   -0.90439344313823   -0.15414910058407
C        -0.43251066292666    0.02360055531013    0.32923781178038
N         0.94832864708486   -0.06352446948139    0.36330266768614
C        -1.13983976458947    1.05848295484444   -0.13284349281766
C         1.88718293768996   -0.11416559753496   -0.40554788606480
5
 energy: -11.053188961915 gnorm: 0.156712814930 xtb: 6.2.2 (9d81278992624c895f80dd42a50cac0aa55982e2)
C        -1.43339270334252   -0.81963594145528   -0.13541279199442
C        -0.32911457590716    0.01784574846638    0.26094017834721
N         1.03068511533171   -0.06822333720624    0.31954607613819
C        -1.31936525731795    0.99531040939602   -0.11571230849805
C         2.05118742123592   -0.12529687920088   -0.32936115399292
5
 energy: -11.097739584679 gnorm: 0.133016755584 xtb: 6.2.2 (9d81278992624c895f80dd42a50cac0aa55982e2)
C        -1.52303456307144   -0.62344550294419   -0.15918172076641
C        -0.25213779280089    0.01256521432210    0.30186520258927
N         1.08511363451274   -0.07121934239709    0.28050513013377
C        -1.43282140462892    0.81244046558323   -0.14359600024370
C         2.12288012598852   -0.13034083456404   -0.27959261171293
5
 energy: -11.091641513363 gnorm: 0.250563420856 xtb: 6.2.2 (9d81278992624c895f80dd42a50cac0aa55982e2)
C        -1.48897948932284   -0.53022431279864   -0.12991828453516
C        -0.27016973326643    0.01381713125191    0.29081986108859
N         1.03065078309444   -0.06690465490445    0.19827743960435
C        -1.41073480732384    0.71507735641354   -0.11640206386719
C         2.13923324681866   -0.13176551996236   -0.24277695229059
5
 energy: -11.102337212173 gnorm: 0.141877677489 xtb: 6.2.2 (9d81278992624c895f80dd42a50cac0aa55982e2)
C        -1.42683290398538   -0.64359075907606   -0.09007885056016
C        -0.31476142515201    0.01739678919482    0.21907037807995
N         0.98235278533652   -0.06379518545334    0.19135915314136
C        -1.33493867724349    0.81888488903154   -0.07420653656248
C         2.09418022104436   -0.12889573369695   -0.24614414409866
5
 energy: -11.096591981538 gnorm: 0.179316341151 xtb: 6.2.2 (9d81278992624c895f80dd42a50cac0aa55982e2)
C        -1.54810582161930   -0.64713300334488   -0.09500458992468
C        -0.21690897032997    0.01190576527321    0.15855014713692
N         1.06416603950478   -0.06951277343570    0.24445321525033
C        -1.45479852629789    0.83767685850910   -0.07889249956742
C         2.15564727874238   -0.13293684700173   -0.22910627289515
5
 energy: -11.114426543663 gnorm: 0.057056751378 xtb: 6.2.2 (9d81278992624c895f80dd42a50cac0aa55982e2)
C        -1.50042538175412   -0.61816670297311   -0.09412294389820
C        -0.25457830695333    0.01399364624295    0.18339372705868
N         1.03922543200986   -0.06766654608049    0.21787542796971
C        -1.41104521280883    0.80292827952829   -0.07872804126527
C         2.12682346950642   -0.13108867671764   -0.22841816986492
5
 energy: -11.110657959944 gnorm: 0.148420439927 xtb: 6.2.2 (9d81278992624c895f80dd42a50cac0aa55982e2)
C        -1.51298273104383   -0.59836759493401   -0.04937193602730
C        -0.28603276659259    0.01634776592913    0.14021001200956
N         1.01144725812048   -0.06513167591885    0.13136322168502
C        -1.42533599460238    0.78362008314585   -0.03470579007146
C         2.21290423411833   -0.13646857822212   -0.18749550759581
5
 energy: -11.116982381307 gnorm: 0.030842208945 xtb: 6.2.2 (9d81278992624c895f80dd42a50cac0aa55982e2)
C        -1.49718659050610   -0.59824806804197   -0.06649794379503
C        -0.26574865270371    0.01490119241996    0.14092099157408
N         1.02762580878017   -0.06674529400384    0.17967052358010
C        -1.40854008893202    0.78143502814624   -0.05219764517154
C         2.14384952336167   -0.13134285852039   -0.20189592618760
5
 energy: -11.117599898583 gnorm: 0.029455233001 xtb: 6.2.2 (9d81278992624c895f80dd42a50cac0aa55982e2)
C        -1.52006133588711   -0.60772596017870   -0.05572851291853
C        -0.25936392234546    0.01302474524482    0.12271507508215
N         1.03427017250958   -0.07094777992370    0.17308865153082
C        -1.41746687925162    0.78897015229595   -0.04782412086692
C         2.16262196497462   -0.12332115743838   -0.19225109282751
5
 energy: -11.119841353378 gnorm: 0.045705203308 xtb: 6.2.2 (9d81278992624c895f80dd42a50cac0aa55982e2)
C        -1.57840094776601   -0.61993399051895   -0.01885220471291
C        -0.25990290906849   -0.00016771751872    0.09895564417101
N         1.03399711389773   -0.09790852562054    0.15551336992061
C        -1.37579060989132    0.77216280421728   -0.05983507239878
C         2.18009735282809   -0.05415257055907   -0.17578173697992
5
 energy: -11.061850606265 gnorm: 0.334591713623 xtb: 6.2.2 (9d81278992624c895f80dd42a50cac0aa55982e2)
C        -1.80912151855129   -0.66517543734331    0.13611440563985
C        -0.26807358716242   -0.05059540316973   -0.02307334808989
N         1.03118228686630   -0.18764723136758    0.05777409764084
C        -1.21549137768105    0.69924880254412   -0.08157643358077
C         2.26150419652847    0.20416926933651   -0.08923872161004
5
 energy: -11.116645611728 gnorm: 0.071901430570 xtb: 6.2.2 (9d81278992624c895f80dd42a50cac0aa55982e2)
C        -1.68972960161785   -0.61784716096642    0.06680211612897
C        -0.24894299227102   -0.03578298590864   -0.00241331765842
N         1.04503974748190   -0.12782689942267    0.09002454510248
C        -1.32953589218478    0.73385526463510   -0.04893905525884
C         2.22316873859177    0.04760178166264   -0.10547428831419
5
 energy: -11.110652834564 gnorm: 0.188397946343 xtb: 6.2.2 (9d81278992624c895f80dd42a50cac0aa55982e2)
C        -1.58098182130472   -0.58341193491004    0.06496072113921
C        -0.29867863114619   -0.00404070689596   -0.07008546953715
N         1.02483581741615   -0.04353592333689   -0.03073430884527
C        -1.38078772431375    0.72555318217623    0.06630537136726
C         2.23561235934851   -0.09456461703334   -0.03044631412404
5
 energy: -11.113979182725 gnorm: 0.144756747483 xtb: 6.2.2 (9d81278992624c895f80dd42a50cac0aa55982e2)
C        -1.52264617064890   -0.60981330168131    0.00145619182411
C        -0.27286976712878   -0.00434827822728    0.07361651090247
N         1.02747323350559   -0.11081501677898    0.11031352670991
C        -1.36580340977314    0.78751042475495   -0.04886946815224
C         2.13384611404525   -0.06253382806738   -0.13651676128425
5
 energy: -11.085304125585 gnorm: 0.243430377863 xtb: 6.2.2 (9d81278992624c895f80dd42a50cac0aa55982e2)
C        -1.73476693266293   -0.68113739515669    0.09247442954713
C        -0.19949093012987   -0.03822388579632   -0.10377294327457
N         1.04257136392908   -0.09455974510805    0.06376110130153
C        -1.37216800188418    0.79610042161232    0.00951828817231
C         2.26385450074790    0.01782060444874   -0.06198087574639
5
 energy: -11.120638982756 gnorm: 0.049674785865 xtb: 6.2.2 (9d81278992624c895f80dd42a50cac0aa55982e2)
C        -1.63424917428356   -0.62622325262360    0.04933689749916
C        -0.25416231113041   -0.01610801341665   -0.01107379418096
N         1.04116259300714   -0.09930808928886    0.06188533281508
C        -1.37073278349878    0.76547980824048   -0.01296639035279
C         2.21798167590562   -0.02384045291137   -0.08718204578049
5
 energy: -11.121883753060 gnorm: 0.040538348534 xtb: 6.2.2 (9d81278992624c895f80dd42a50cac0aa55982e2)
C        -1.58706970534249   -0.61036698016887    0.04201690946924
C        -0.27071597952860   -0.00485479420752   -0.00068664318766
N         1.02720187000063   -0.09049100557003    0.03739320331592
C        -1.37162213684581    0.75849800578488    0.00002524361589
C         2.20220595171628   -0.05278522583846   -0.07874871321338
5
 energy: -11.121717406989 gnorm: 0.018765102725 xtb: 6.2.2 (9d81278992624c895f80dd42a50cac0aa55982e2)
C        -1.59314763291058   -0.62029519656238   -0.00417579487538
C        -0.26401011129227    0.00493724132336    0.11641783256248
N         1.03413868256975   -0.08811301358746    0.05457272567858
C        -1.37619493050356    0.76154031526220   -0.03774217235394
C         2.19921399213667   -0.05806934643571   -0.12907259101175
5
 energy: -11.122804710644 gnorm: 0.018620828270 xtb: 6.2.2 (9d81278992624c895f80dd42a50cac0aa55982e2)
C        -1.57998474627251   -0.64085644382977    0.01824066661616
C        -0.25858027467358    0.02991653297422    0.03433205878436
N         1.03511389771857   -0.03202653113138    0.07047407349548
C        -1.39646084785923    0.75420807980367   -0.01008692929581
C         2.19991197108676   -0.11124163781673   -0.11295986960020
5
 energy: -11.122898907451 gnorm: 0.017504879650 xtb: 6.2.2 (9d81278992624c895f80dd42a50cac0aa55982e2)
C        -1.59451208825645   -0.62419308708459    0.05285927605692
C        -0.26003457845494    0.01352535940788   -0.01118820024881
N         1.03006139624778   -0.09581621196658    0.00658968977532
C        -1.37578541058458    0.76186109379606    0.00594043791902
C         2.20027068104820   -0.05537715415277   -0.05420120350245
5
 energy: -11.123285586923 gnorm: 0.009254941831 xtb: 6.2.2 (9d81278992624c895f80dd42a50cac0aa55982e2)
C        -1.58846698727676   -0.63068614848982    0.03812005654832
C        -0.26041695080320    0.02537424397149    0.01685063695885
N         1.03135395833247   -0.07577631148727    0.02099679392270
C        -1.38542946433388    0.75710916673605   -0.00259548131475
C         2.20295944408138   -0.07602095073045   -0.07337200611513
5
 energy: -11.123480016590 gnorm: 0.013182078319 xtb: 6.2.2 (9d81278992624c895f80dd42a50cac0aa55982e2)
C        -1.57671479244636   -0.64361880398186    0.02681988027507
C        -0.25909455089766    0.04961887262775    0.03389437381732
N         1.03325253399900   -0.04250791894290    0.03294735978732
C        -1.40526840899226    0.74944675069024   -0.00638707776988
C         2.20782521833729   -0.11293890039323   -0.08727453610984
5
 energy: -11.123612502491 gnorm: 0.007150671389 xtb: 6.2.2 (9d81278992624c895f80dd42a50cac0aa55982e2)
C        -1.57556876534791   -0.64290215042547    0.03338321086355
C        -0.25886597044621    0.05243517671065    0.02499391371654
N         1.03230338325840   -0.04894583272955    0.01891825973397
C        -1.40538080908432    0.74904603881677   -0.00258528040058
C         2.20751216162004   -0.10963323237239   -0.07471010391349
5
 energy: -11.123755822113 gnorm: 0.005280509518 xtb: 6.2.2 (9d81278992624c895f80dd42a50cac0aa55982e2)
C        -1.56500165316124   -0.64813315856597    0.04119429523671
C        -0.25751894591823    0.06979353807672    0.01310596479455
N         1.03130145713173   -0.04251791542390   -0.00137962188226
C        -1.41568945153214    0.74442800640755    0.00390547228260
C         2.20690859347989   -0.12357047049440   -0.05682611043160
5
 energy: -11.123792190809 gnorm: 0.003547414326 xtb: 6.2.2 (9d81278992624c895f80dd42a50cac0aa55982e2)
C        -1.55757721367900   -0.65118653026498    0.04364500130375
C        -0.25708186407911    0.07812901503185    0.00853604788244
N         1.03104467761550   -0.03550125502484   -0.00840589155908
C        -1.42131816786103    0.74201828284427    0.00665127447895
C         2.20493256800365   -0.13345951258631   -0.05042643210606
5
 energy: -11.123806390415 gnorm: 0.002375844336 xtb: 6.2.2 (9d81278992624c895f80dd42a50cac0aa55982e2)
C        -1.55304782728335   -0.65277497129413    0.04473956783829
C        -0.25748546399605    0.08156270560889    0.00625593718626
N         1.03102387041745   -0.03048285803620   -0.01178353085616
C        -1.42411903977129    0.74102425602707    0.00809712617685
C         2.20362846063325   -0.13932913230563   -0.04730910034524
5
 energy: -11.123814188248 gnorm: 0.001684775399 xtb: 6.2.2 (9d81278992624c895f80dd42a50cac0aa55982e2)
C        -1.55089427662293   -0.65361574770774    0.04540766253860
C        -0.25812001997611    0.08213575941138    0.00501702063383
N         1.03114617812782   -0.02716450623372   -0.01398757218881
C        -1.42513515045719    0.74100464113130    0.00893018369715
C         2.20300326892842   -0.14236014660121   -0.04536729468076
5
 energy: -11.123820739904 gnorm: 0.001561692868 xtb: 6.2.2 (9d81278992624c895f80dd42a50cac0aa55982e2)
C        -1.55079224001242   -0.65382429365278    0.04633625119610
C        -0.25905783099029    0.07984615934659    0.00394497172980
N         1.03136632858491   -0.02467317495142   -0.01702145417590
C        -1.42446276179903    0.74186913783479    0.00967996461717
C         2.20294650421684   -0.14321782857718   -0.04293973336716
5
 energy: -11.123824294689 gnorm: 0.000948728265 xtb: 6.2.2 (9d81278992624c895f80dd42a50cac0aa55982e2)
C        -1.55333191061757   -0.65293093951530    0.04678214009172
C        -0.25903987209467    0.07701239873236    0.00389886506076
N         1.03139452988153   -0.02605317944751   -0.01817345370433
C        -1.42262530505079    0.74252318309843    0.00966186366408
C         2.20360255788151   -0.14055146286798   -0.04216941511223
