5
 energy: -10.953907467044 gnorm: 0.219438950239 xtb: 6.2.2 (9d81278992624c895f80dd42a50cac0aa55982e2)
C         1.57305500000000   -0.55535600000000   -0.34852200000000
C         0.42940300000000    0.42607200000000   -0.20317700000000
C        -0.57065200000000   -0.68123500000000   -0.18875100000000
N        -0.39765200000000    0.17241500000000    1.00576700000000
C        -1.03415500000000    0.63810500000000   -0.26531700000000
5
 energy: -10.994577546201 gnorm: 0.106970443659 xtb: 6.2.2 (9d81278992624c895f80dd42a50cac0aa55982e2)
C         1.48636265101133   -0.49119061016068   -0.36655881710727
C         0.48372143965989    0.39800068730678   -0.16546342783640
C        -0.58266396329952   -0.72143676248357   -0.16614772289267
N        -0.40036207739463    0.17474262632314    0.98624976861782
C        -0.98705904997708    0.63988505901433   -0.28807980078148
5
 energy: -11.002774790588 gnorm: 0.117862884662 xtb: 6.2.2 (9d81278992624c895f80dd42a50cac0aa55982e2)
C         1.44503560859188   -0.42921359036608   -0.41936677812964
C         0.54370633284539    0.35471615933998   -0.10605949393094
C        -0.61074377856667   -0.76182381951784   -0.13320426266949
N        -0.44125770271661    0.19544445686727    0.96819061161313
C        -0.93674146015398    0.64087779367666   -0.30956007688307
5
 energy: -11.010617372685 gnorm: 0.055145424750 xtb: 6.2.2 (9d81278992624c895f80dd42a50cac0aa55982e2)
C         1.48266024730456   -0.43394348292912   -0.51132690202927
C         0.56597612757323    0.34429374328505   -0.02260177033631
C        -0.61364640195370   -0.77555596274677   -0.10014534401826
N        -0.51641995178494    0.23182591579004    0.97570784272645
C        -0.91857102113915    0.63338078660080   -0.34163382634261
5
 energy: -11.013648470140 gnorm: 0.045366990569 xtb: 6.2.2 (9d81278992624c895f80dd42a50cac0aa55982e2)
C         1.49420852609953   -0.42324278081021   -0.52155951184734
C         0.57449655550536    0.32501796409058    0.00191534319418
C        -0.63295587704863   -0.77814887023137   -0.10558861781571
N        -0.51693276337015    0.25011271964941    0.96118729485431
C        -0.91881744118611    0.62626196730159   -0.33595450838544
5
 energy: -11.018605121204 gnorm: 0.060712881778 xtb: 6.2.2 (9d81278992624c895f80dd42a50cac0aa55982e2)
C         1.52218079899600   -0.38980931493749   -0.54560988825138
C         0.59572565684462    0.25529684027757    0.07097701754401
C        -0.68165805800109   -0.77960490093368   -0.13709434759936
N        -0.50907483780114    0.31021928285200    0.93209475611721
C        -0.92717456003839    0.60389909274160   -0.32036753781048
5
 energy: -11.020906174436 gnorm: 0.048732569144 xtb: 6.2.2 (9d81278992624c895f80dd42a50cac0aa55982e2)
C         1.52984753492363   -0.37523550755049   -0.55840692364768
C         0.60127368893751    0.22045731641193    0.09670463223856
C        -0.69167577003277   -0.77805252644693   -0.15065371633503
N        -0.50719465658608    0.33266698171079    0.93731893653285
C        -0.93225179724228    0.60016473587469   -0.32496292878870
5
 energy: -11.026293022767 gnorm: 0.043922408070 xtb: 6.2.2 (9d81278992624c895f80dd42a50cac0aa55982e2)
C         1.55250567775504   -0.33986785305087   -0.55613774061837
C         0.59579566448871    0.11169469351286    0.13313373419832
C        -0.70579344141462   -0.76252247676919   -0.21292531223637
N        -0.47267490540540    0.38991996799839    0.95334655273008
C        -0.96983399542373    0.60077666830881   -0.31741723407365
5
 energy: -11.027348591603 gnorm: 0.094686990598 xtb: 6.2.2 (9d81278992624c895f80dd42a50cac0aa55982e2)
C         1.61734829024419   -0.27995643904802   -0.60266663039002
C         0.59951277315550   -0.08371210711620    0.23431847197238
C        -0.72956961539468   -0.74863438467506   -0.29251307614445
N        -0.46683712831315    0.50590584769055    0.96991463123099
C        -1.02045531969186    0.60639808314873   -0.30905339666889
5
 energy: -11.035929235486 gnorm: 0.056986402221 xtb: 6.2.2 (9d81278992624c895f80dd42a50cac0aa55982e2)
C         1.61702786160180   -0.29768785977461   -0.54057575044326
C         0.57323332028455   -0.07239604813317    0.17486157459720
C        -0.71344390359278   -0.73568056137599   -0.31932425448133
N        -0.42384126703378    0.48755586959078    0.95709678896996
C        -1.05297701125978    0.61820959969300   -0.27205835864257
5
 energy: -11.039662707917 gnorm: 0.070734345226 xtb: 6.2.2 (9d81278992624c895f80dd42a50cac0aa55982e2)
C         1.67182096104285   -0.28103025243410   -0.47706951525164
C         0.54457401085368   -0.19164114211398    0.15606817062535
C        -0.72040500212992   -0.70463858435500   -0.41347149870190
N        -0.35638255693658    0.54278998866061    0.93265296023992
C        -1.13960841283003    0.63452099024247   -0.19818011691172
5
 energy: -11.044258539478 gnorm: 0.031266578079 xtb: 6.2.2 (9d81278992624c895f80dd42a50cac0aa55982e2)
C         1.68270439388643   -0.29658037758556   -0.45843250474841
C         0.54898363831093   -0.15781043900727    0.11827506255510
C        -0.72218991078611   -0.70141917602830   -0.39126243964786
N        -0.36942261432313    0.51771646462107    0.89979314121214
C        -1.14007650708813    0.63809452800007   -0.16837325937098
5
 energy: -11.046011375878 gnorm: 0.032561633341 xtb: 6.2.2 (9d81278992624c895f80dd42a50cac0aa55982e2)
C         1.72180349804131   -0.29709021371064   -0.43455406317021
C         0.54811494185066   -0.17913954788248    0.08870975596790
C        -0.73864966001199   -0.68535669866088   -0.39699363379248
N        -0.36307021808609    0.51359916405288    0.87964838979818
C        -1.16819956179389    0.64798829620112   -0.13681044880338
5
 energy: -11.047651230222 gnorm: 0.036200220100 xtb: 6.2.2 (9d81278992624c895f80dd42a50cac0aa55982e2)
C         1.76991075125444   -0.30290007314885   -0.40535688161670
C         0.55154288223222   -0.19461261404748    0.04561399204690
C        -0.75749698152474   -0.65923172443312   -0.39566258397545
N        -0.35539465237796    0.49605780670941    0.86528316874900
C        -1.20856299958396    0.66068760492005   -0.10987769520375
5
 energy: -11.048654569568 gnorm: 0.025630428098 xtb: 6.2.2 (9d81278992624c895f80dd42a50cac0aa55982e2)
C         1.79135223512698   -0.31279621001259   -0.39300455743344
C         0.56555110645467   -0.18724072213149    0.01918229134862
C        -0.76423198187000   -0.64035937781033   -0.38421698657680
N        -0.35796265153695    0.47686951163513    0.85975416551382
C        -1.23470970817471    0.66352779831928   -0.10171491285220
5
 energy: -11.049112962390 gnorm: 0.005097757939 xtb: 6.2.2 (9d81278992624c895f80dd42a50cac0aa55982e2)
C         1.79356112346398   -0.32162962104659   -0.38782684018932
C         0.57934479538734   -0.18024488258305    0.01073799528008
C        -0.75957301357592   -0.62847885669109   -0.38172313944390
N        -0.35826231104153    0.47014044569251    0.85716594629519
C        -1.25507159423387    0.66021391462822   -0.09835396194205
5
 energy: -11.049160038096 gnorm: 0.004314507560 xtb: 6.2.2 (9d81278992624c895f80dd42a50cac0aa55982e2)
C         1.79288207055181   -0.32485286065882   -0.38610222179537
C         0.58337497686941   -0.17826450732985    0.01051038350656
C        -0.75706909831777   -0.62569781710249   -0.38342438511786
N        -0.35737037186915    0.47085255121237    0.85442847867010
C        -1.26181857723430    0.65796363387879   -0.09541225526343
5
 energy: -11.049181975090 gnorm: 0.005078816828 xtb: 6.2.2 (9d81278992624c895f80dd42a50cac0aa55982e2)
C         1.79266759448596   -0.32769302631083   -0.38540197077055
C         0.58542406315351   -0.17598014931201    0.01123080366594
C        -0.75525887327466   -0.62440375597788   -0.38480527933954
N        -0.35701446171736    0.47199828882121    0.85206578681347
C        -1.26581932264744    0.65607964277951   -0.09308934036932
5
 energy: -11.049212406515 gnorm: 0.005140506795 xtb: 6.2.2 (9d81278992624c895f80dd42a50cac0aa55982e2)
C         1.79214735310168   -0.33317755170975   -0.38576946564082
C         0.58817150479908   -0.17088844365384    0.01376464122838
C        -0.75152492552273   -0.62306593258789   -0.38684741870385
N        -0.35747172124959    0.47443685051496    0.84910420872797
C        -1.27132321112844    0.65269607743651   -0.09025196561168
5
 energy: -11.049242215646 gnorm: 0.004393808267 xtb: 6.2.2 (9d81278992624c895f80dd42a50cac0aa55982e2)
C         1.79098063717489   -0.34012090767745   -0.38836758461283
C         0.59113430456965   -0.16373794049244    0.01811160348547
C        -0.74613339650393   -0.62236898676217   -0.38851393804346
N        -0.35969361690051    0.47757940891385    0.84761800028455
C        -1.27628892834010    0.64864942601821   -0.08884808111373
5
 energy: -11.049265969725 gnorm: 0.002803269805 xtb: 6.2.2 (9d81278992624c895f80dd42a50cac0aa55982e2)
C         1.78917492216429   -0.34738311926822   -0.39299488586250
C         0.59407830035657   -0.15585594260713    0.02354517934786
C        -0.73960697700797   -0.62239315146528   -0.38953234895095
N        -0.36360015978409    0.48095574472710    0.84832714270203
C        -1.28004708572880    0.64467746861352   -0.08934508723644
5
 energy: -11.049272550754 gnorm: 0.001240827202 xtb: 6.2.2 (9d81278992624c895f80dd42a50cac0aa55982e2)
C         1.78966281269716   -0.34786994286623   -0.39360974913209
C         0.59420212070823   -0.15519544635782    0.02313823714834
C        -0.73942205858781   -0.62275088028753   -0.38906862836963
N        -0.36461247065239    0.48073526409461    0.84970234911673
C        -1.27983140416519    0.64508200541697   -0.09016220876334
5
 energy: -11.049274355871 gnorm: 0.000727441215 xtb: 6.2.2 (9d81278992624c895f80dd42a50cac0aa55982e2)
C         1.78941011445846   -0.34823768052944   -0.39472926581859
C         0.59423468469018   -0.15475879115884    0.02315926345788
C        -0.73864727684718   -0.62313588733397   -0.38865696739656
N        -0.36594784728523    0.48071338129685    0.85163355090528
C        -1.27905067501622    0.64541997772540   -0.09140658114801
