5
 energy: -10.962414330091 gnorm: 0.212934546645 xtb: 6.2.2 (9d81278992624c895f80dd42a50cac0aa55982e2)
N         0.67249700000000   -0.85877000000000    0.21162900000000
C         0.01742300000000    0.00014000000000   -0.75443900000000
C        -0.70132700000000    0.88433600000000    0.16123300000000
C         0.83063900000000    0.63787600000000    0.20995100000000
C        -0.81923300000000   -0.66358200000000    0.17162600000000
5
 energy: -11.006413049336 gnorm: 0.150832061252 xtb: 6.2.2 (9d81278992624c895f80dd42a50cac0aa55982e2)
N         0.68210584002131   -0.86997859321962    0.17854540635777
C         0.02244715254931   -0.00414182934201   -0.82534152827061
C        -0.71928014608637    0.90787886627556    0.13454119878032
C         0.78158985527801    0.59384863200983    0.27411258800435
C        -0.76686370176226   -0.62760707572377    0.23814233512817
5
 energy: -11.046477054998 gnorm: 0.073164102643 xtb: 6.2.2 (9d81278992624c895f80dd42a50cac0aa55982e2)
N         0.66355988227981   -0.84559305569776    0.14881931987634
C         0.03613815546409   -0.01690038918685   -0.98154557416830
C        -0.71518158083103    0.90301988034962    0.12294215862700
C         0.68244480330441    0.51195675280366    0.37056671327736
C        -0.66696226021728   -0.55248318826867    0.33921738238759
5
 energy: -11.051459677192 gnorm: 0.044061329669 xtb: 6.2.2 (9d81278992624c895f80dd42a50cac0aa55982e2)
N         0.64724967312340   -0.82503469903507    0.15285536338619
C         0.04057790947347   -0.02214988076842   -0.99438639648552
C        -0.69247723648810    0.87391383533464    0.13390065406609
C         0.68843027502082    0.52784944110852    0.36975456563660
C        -0.68378162112959   -0.55457869663967    0.33787581339664
5
 energy: -11.054557881874 gnorm: 0.024583342579 xtb: 6.2.2 (9d81278992624c895f80dd42a50cac0aa55982e2)
N         0.63363202219321   -0.80733739512584    0.13853183772537
C         0.04581745725509   -0.02883989683215   -0.99292887160922
C        -0.66829565378410    0.84342029759877    0.12883650661621
C         0.70306727498428    0.55537228348448    0.37924452273530
C        -0.71422210064848   -0.56261528912527    0.34631600453234
5
 energy: -11.056505499228 gnorm: 0.027850275979 xtb: 6.2.2 (9d81278992624c895f80dd42a50cac0aa55982e2)
N         0.62955161244380   -0.80135481070696    0.11105971853161
C         0.04841830091494   -0.03205708361774   -0.99569289501418
C        -0.66184104937405    0.83588861815960    0.10675021716699
C         0.70265417889636    0.55939172467909    0.40545439456072
C        -0.71878404288105   -0.56186844851400    0.37242856475487
5
 energy: -11.031848160314 gnorm: 0.169353131766 xtb: 6.2.2 (9d81278992624c895f80dd42a50cac0aa55982e2)
N         0.60229782226892   -0.75982959906972   -0.12564779904412
C         0.06254239778816   -0.04946838102334   -1.01286981456364
C        -0.62261961945452    0.79212328753327   -0.09543705536539
C         0.69528112088754    0.57369160746337    0.63362585552400
C        -0.73750272149008   -0.55651691490358    0.60032881344915
5
 energy: -11.060661681423 gnorm: 0.038222901616 xtb: 6.2.2 (9d81278992624c895f80dd42a50cac0aa55982e2)
N         0.62492469800073   -0.79245769756383    0.00808510753577
C         0.05228573613718   -0.03623405637523   -1.02050442516954
C        -0.64913651382423    0.82248071411543    0.01506618432723
C         0.68163717064616    0.55186769664385    0.51484168501342
C        -0.70971209095984   -0.54565665682022    0.48251144829312
5
 energy: -11.061652906628 gnorm: 0.023298399472 xtb: 6.2.2 (9d81278992624c895f80dd42a50cac0aa55982e2)
N         0.62378887771560   -0.79144555495236    0.02250999269626
C         0.04663880871478   -0.02944084111326   -1.00803973000333
C        -0.65374433847374    0.82814059547071    0.02116708535904
C         0.69034001155486    0.54750783961106    0.49841579400337
C        -0.70702435951150   -0.55476203901615    0.46594685794466
5
 energy: -11.062167750595 gnorm: 0.012348059897 xtb: 6.2.2 (9d81278992624c895f80dd42a50cac0aa55982e2)
N         0.62219833820303   -0.78960174633982    0.02822873712515
C         0.04055035156207   -0.02184178279192   -1.00390239495381
C        -0.65605094755780    0.83114232365275    0.01843814381009
C         0.69157131906765    0.53831881187882    0.49476414886473
C        -0.69827006127496   -0.55801760639983    0.46247136515384
5
 energy: -11.062518466690 gnorm: 0.007109410519 xtb: 6.2.2 (9d81278992624c895f80dd42a50cac0aa55982e2)
N         0.62282820302015   -0.79027524427219    0.02385712174802
C         0.03439636779144   -0.01411121150734   -1.00139617247916
C        -0.65717777519342    0.83293256089000    0.00606210001047
C         0.68873178960388    0.52903235021588    0.50174087504212
C        -0.68877958522206   -0.55757845532634    0.46973607567854
5
 energy: -11.062677976390 gnorm: 0.003120179043 xtb: 6.2.2 (9d81278992624c895f80dd42a50cac0aa55982e2)
N         0.62389747523059   -0.79135279641843    0.01436321201835
C         0.03047002959165   -0.00911810147018   -1.00183776032754
C        -0.65638073836604    0.83233901335043   -0.00814778915744
C         0.68383213073470    0.52269381333568    0.51367513038282
C        -0.68181989719090   -0.55456192879750    0.48194720708381
5
 energy: -11.062691051610 gnorm: 0.001470537870 xtb: 6.2.2 (9d81278992624c895f80dd42a50cac0aa55982e2)
N         0.62411918932485   -0.79154342604240    0.01133114087353
C         0.03063124514043   -0.00930053399439   -1.00256712460411
C        -0.65563264171624    0.83146871961869   -0.01077941515548
C         0.68222955953006    0.52249722449644    0.51684745079543
C        -0.68134835227910   -0.55312198407834    0.48516794809062
5
 energy: -11.062692728224 gnorm: 0.000740533993 xtb: 6.2.2 (9d81278992624c895f80dd42a50cac0aa55982e2)
N         0.62414629874248   -0.79154907801147    0.01042156465239
C         0.03110192094048   -0.00990094919716   -1.00244294393258
C        -0.65527571707412    0.83102383856300   -0.01099175852859
C         0.68160898598368    0.52287008521623    0.51734185112739
C        -0.68158248859253   -0.55244389657059    0.48567128668140
