5
 energy: -9.515661375900 gnorm: 0.157747030716 xtb: 6.2.2 (9d81278992624c895f80dd42a50cac0aa55982e2)
C        -1.19182000000000   -0.43956500000000   -0.23672300000000
C        -0.00805400000000    0.39865600000000   -0.34930800000000
C         1.18904900000000   -0.42473900000000   -0.27469300000000
N         0.01337300000000   -0.80500800000000    0.52421200000000
H        -0.00254900000000    1.27065700000000    0.33651200000000
5
 energy: -9.557002209877 gnorm: 0.105252202661 xtb: 6.2.2 (9d81278992624c895f80dd42a50cac0aa55982e2)
C        -1.09888117053000   -0.49535932709000   -0.26959894440806
C        -0.00733638000038    0.45654277402782   -0.28172872353925
C         1.09581011613925   -0.48169178729234   -0.30459941646049
N         0.01388314616905   -0.85053865109855    0.53840123897370
H        -0.00347671177792    1.37104799145306    0.31752584543410
5
 energy: -9.577210347678 gnorm: 0.036535472950 xtb: 6.2.2 (9d81278992624c895f80dd42a50cac0aa55982e2)
C        -0.98222913704905   -0.53173164426651   -0.27181923826470
C        -0.00673673085885    0.52046325712521   -0.21918086723328
C         0.97960709424839   -0.51951263960384   -0.30310555066098
N         0.01407785610659   -0.92937237452785    0.51980072510668
H        -0.00472008244708    1.46015440127300    0.27430493105228
5
 energy: -9.578236354188 gnorm: 0.009498168463 xtb: 6.2.2 (9d81278992624c895f80dd42a50cac0aa55982e2)
C        -0.98545806607941   -0.52598432198240   -0.27611715609943
C        -0.00651767032225    0.51471941984278   -0.20768880043315
C         0.98262646547537   -0.51372630294985   -0.30750373395947
N         0.01430698878054   -0.95166551631637    0.52551568907134
H        -0.00495871785426    1.47665772140584    0.26579400142072
5
 energy: -9.578417148372 gnorm: 0.004311391012 xtb: 6.2.2 (9d81278992624c895f80dd42a50cac0aa55982e2)
C        -0.97956406662499   -0.52496738261472   -0.27988723657483
C        -0.00633611969515    0.51658310480571   -0.19558323574805
C         0.97660340301913   -0.51278333853609   -0.31108407675654
N         0.01444671841711   -0.96553778163325    0.52888953568955
H        -0.00515093511610    1.48670639797836    0.25766501338987
5
 energy: -9.578439054672 gnorm: 0.003364061858 xtb: 6.2.2 (9d81278992624c895f80dd42a50cac0aa55982e2)
C        -0.97956219316212   -0.52365209895223   -0.27925543630476
C        -0.00627079345132    0.51636682563516   -0.19157120893759
C         0.97660448193296   -0.51146857395559   -0.31045170205076
N         0.01444315363700   -0.96919506269702    0.52717662186758
H        -0.00521564895652    1.48794990996967    0.25410172542553
5
 energy: -9.578456278605 gnorm: 0.002440986429 xtb: 6.2.2 (9d81278992624c895f80dd42a50cac0aa55982e2)
C        -0.97942726468889   -0.52362148649787   -0.28010542152786
C        -0.00617650446824    0.51599855746867   -0.18579311518414
C         0.97644174755280   -0.51144024448363   -0.31129654801360
N         0.01443374903441   -0.97025873958686    0.52613091270285
H        -0.00527272743008    1.48932291309969    0.25106417202275
5
 energy: -9.578461252825 gnorm: 0.000909749011 xtb: 6.2.2 (9d81278992624c895f80dd42a50cac0aa55982e2)
C        -0.97986856365756   -0.52347592954565   -0.28029697059370
C        -0.00613440899358    0.51486752230590   -0.18357787932824
C         0.97687473444953   -0.51128939537341   -0.31150176247699
N         0.01441760571039   -0.96997205423262    0.52521070834371
H        -0.00529036750876    1.48987085684577    0.25016590405523
