5
 energy: -10.965203452257 gnorm: 0.238113812969 xtb: 6.2.2 (9d81278992624c895f80dd42a50cac0aa55982e2)
N         1.22960300000000    0.04494700000000    0.22085700000000
C         0.45992400000000   -1.14007400000000   -0.12210000000000
C        -1.00542700000000   -0.79113700000000    0.01431500000000
C         0.37605200000000    1.17008500000000   -0.12528900000000
C        -1.06015300000000    0.71617900000000    0.01221600000000
5
 energy: -11.033694435503 gnorm: 0.149397629534 xtb: 6.2.2 (9d81278992624c895f80dd42a50cac0aa55982e2)
N         1.22767517935600    0.04485580555766    0.20667161872836
C         0.43219364656153   -1.03988368632306   -0.10904792786065
C        -0.98299074111967   -0.71885932923075    0.00811842297850
C         0.35565855863901    1.06818428460824   -0.11195265687424
C        -1.03253764343687    0.64570292538790    0.00620954302803
5
 energy: -11.022385035306 gnorm: 0.458148202610 xtb: 6.2.2 (9d81278992624c895f80dd42a50cac0aa55982e2)
N         1.28511821801844    0.04698833236256    0.24186822144573
C         0.39083968768566   -0.80683458168079   -0.12960738123800
C        -0.98255968255540   -0.61678763166229    0.01061613101093
C         0.33131399118371    0.83269171369141   -0.13185823699700
C        -1.02471321433241    0.54394216728912    0.00898026577834
5
 energy: -11.073681654624 gnorm: 0.055377487649 xtb: 6.2.2 (9d81278992624c895f80dd42a50cac0aa55982e2)
N         1.28459566726814    0.04695358011448    0.23456726578906
C         0.40564565415635   -0.85812364945831   -0.12511359494148
C        -0.99213934804557   -0.70180536865977    0.00996888778879
C         0.34235467597599    0.88492223535714   -0.12748144811441
C        -1.04045764935491    0.62805320264646    0.00805788947804
5
 energy: -11.076378658515 gnorm: 0.040135597255 xtb: 6.2.2 (9d81278992624c895f80dd42a50cac0aa55982e2)
N         1.34703292033513    0.04908845187622    0.15565679169765
C         0.38525789752472   -0.84216153459154   -0.05732685782882
C        -1.00313430807312   -0.71282395859290   -0.01834107930286
C         0.32314238219230    0.86768115915524   -0.05953986341361
C        -1.05229989197902    0.63821588215298   -0.02044999115236
5
 energy: -11.078074017403 gnorm: 0.021439947616 xtb: 6.2.2 (9d81278992624c895f80dd42a50cac0aa55982e2)
N         1.33341937321668    0.04859778773959    0.19044352597742
C         0.37820952159687   -0.81683480535006   -0.08504097283066
C        -0.98974571593710   -0.72319996325583   -0.00794998805440
C         0.31791851410663    0.84182286802412   -0.08686286493131
C        -1.03980269298308    0.64961411284217   -0.01059070016106
5
 energy: -11.078399839417 gnorm: 0.006770376893 xtb: 6.2.2 (9d81278992624c895f80dd42a50cac0aa55982e2)
N         1.32855796815678    0.04831067384575    0.19392093654040
C         0.37641464331330   -0.82818096562301   -0.08836574569144
C        -0.98486873583505   -0.72561675466902   -0.00606584685225
C         0.31522974208975    0.85300511450446   -0.08923360839810
C        -1.03533461772478    0.65248193194182   -0.01025673559861
5
 energy: -11.078444461412 gnorm: 0.002396701875 xtb: 6.2.2 (9d81278992624c895f80dd42a50cac0aa55982e2)
N         1.32786874528111    0.04788435788478    0.18902076611260
C         0.37598124486878   -0.83056406157782   -0.08624486683253
C        -0.98344114814617   -0.72765588409386   -0.00475878816571
C         0.31438053696548    0.85540037341406   -0.08369195938294
C        -1.03479037896920    0.65493521437285   -0.01432615173142
5
 energy: -11.078502470527 gnorm: 0.005433071482 xtb: 6.2.2 (9d81278992624c895f80dd42a50cac0aa55982e2)
N         1.32819066462772    0.04629595030020    0.18605742603410
C         0.37593343254021   -0.83117168951752   -0.09093622476824
C        -0.98163182458632   -0.72885836279470    0.00543536220892
C         0.31334117679638    0.85630566823335   -0.07423720294250
C        -1.03583444937799    0.65742843377867   -0.02632036053229
5
 energy: -11.078934589815 gnorm: 0.017141496525 xtb: 6.2.2 (9d81278992624c895f80dd42a50cac0aa55982e2)
N         1.32781103895187    0.04206720004521    0.18232219179532
C         0.37668483241620   -0.83253170053978   -0.10690901627122
C        -0.97739564465265   -0.72902601669340    0.03402269555339
C         0.31145950303163    0.85865906944954   -0.05240488904521
C        -1.03856072974705    0.66083144773843   -0.05703198203228
5
 energy: -11.080979519555 gnorm: 0.043275187740 xtb: 6.2.2 (9d81278992624c895f80dd42a50cac0aa55982e2)
N         1.32682109029770    0.03192204619034    0.17233498988344
C         0.37864997072711   -0.83609312934468   -0.14493846889868
C        -0.96720553477994   -0.72801321495231    0.10306875359149
C         0.30580959141418    0.86400690853238    0.00136537629531
C        -1.04407611765904    0.66817738957427   -0.13183165087156
5
 energy: -11.083020502455 gnorm: 0.055259945349 xtb: 6.2.2 (9d81278992624c895f80dd42a50cac0aa55982e2)
N         1.32856589977600    0.02252654471847    0.15233498992073
C         0.38176101122217   -0.84094049844162   -0.17406804691728
C        -0.95468892918412   -0.71854015590216    0.16701218713196
C         0.29107502261478    0.86112620434311    0.06303726760163
C        -1.04671400442884    0.67582790528220   -0.20831739773705
5
 energy: -11.086336418605 gnorm: 0.031518128048 xtb: 6.2.2 (9d81278992624c895f80dd42a50cac0aa55982e2)
N         1.34250388798722    0.02014261793934    0.11090211851092
C         0.39681181411311   -0.84882913757688   -0.16246619350753
C        -0.93653561468774   -0.66658294208323    0.18374699721340
C         0.24213664433384    0.81081069397120    0.12150627017141
C        -1.04491773174642    0.68445876774957   -0.25369019238820
5
 energy: -11.087071984604 gnorm: 0.016907556337 xtb: 6.2.2 (9d81278992624c895f80dd42a50cac0aa55982e2)
N         1.33606544460468    0.02322236589640    0.11710749063161
C         0.39882320434860   -0.85097370853418   -0.16646470794038
C        -0.93244786224714   -0.65472219293141    0.18260951795514
C         0.25077476197495    0.80656781019334    0.11394385543070
C        -1.05321654868108    0.67590572537585   -0.24719715607707
5
 energy: -11.087389776170 gnorm: 0.011382342869 xtb: 6.2.2 (9d81278992624c895f80dd42a50cac0aa55982e2)
N         1.33137373985256    0.02482929605802    0.11580395058408
C         0.39910607375475   -0.86254336299636   -0.17665548443605
C        -0.91578283345724   -0.63741128975354    0.19735549653708
C         0.25254937655991    0.80048937433784    0.12539253500152
C        -1.06724735670999    0.67463598235404   -0.26189749768662
5
 energy: -11.087586823203 gnorm: 0.012715566001 xtb: 6.2.2 (9d81278992624c895f80dd42a50cac0aa55982e2)
N         1.32719558193696    0.02810910829772    0.12725535843867
C         0.40100541795434   -0.87382703381580   -0.17778011019195
C        -0.90473548645130   -0.62617519517619    0.18639074066296
C         0.25156108918696    0.79436600732493    0.10806971591024
C        -1.07502760262695    0.67752711336934   -0.24393670481992
5
 energy: -11.087766110241 gnorm: 0.007974790250 xtb: 6.2.2 (9d81278992624c895f80dd42a50cac0aa55982e2)
N         1.32777713292637    0.02630155200008    0.13160083072372
C         0.40524312935597   -0.87988035227992   -0.18140841961764
C        -0.89763250695048   -0.62100289451716    0.18722217340507
C         0.24612646264073    0.78853637251686    0.10516907003704
C        -1.08151521797259    0.68604532228013   -0.24258465454819
5
 energy: -11.087993733281 gnorm: 0.006355219129 xtb: 6.2.2 (9d81278992624c895f80dd42a50cac0aa55982e2)
N         1.32283663524868    0.02189044844941    0.15697854078818
C         0.42293582151177   -0.90329090332282   -0.20224640959547
C        -0.87273855316243   -0.59703356686873    0.19232936717237
C         0.23199888533336    0.76828362718188    0.08558603838776
C        -1.10503378893139    0.71015039456026   -0.23264853675284
5
 energy: -11.088041098539 gnorm: 0.003103343996 xtb: 6.2.2 (9d81278992624c895f80dd42a50cac0aa55982e2)
N         1.32240590069376    0.02259425725725    0.15859043737581
C         0.42167288017796   -0.89862013316150   -0.20224648501398
C        -0.87964093823699   -0.60241305309809    0.19148098872963
C         0.23622177050975    0.77283537770821    0.08268972590115
C        -1.10066061314447    0.70560355129413   -0.23051566699261
5
 energy: -11.088055094790 gnorm: 0.001058227764 xtb: 6.2.2 (9d81278992624c895f80dd42a50cac0aa55982e2)
N         1.32156752575780    0.02208165069977    0.16310041868937
C         0.42416514474225   -0.89939241514173   -0.20490566134632
C        -0.87906541065416   -0.59975661689387    0.19115194337986
C         0.23654123914945    0.77103638188078    0.07794180513064
C        -1.10320949899535    0.70603099945506   -0.22728950585355
5
 energy: -11.088056562563 gnorm: 0.000602423033 xtb: 6.2.2 (9d81278992624c895f80dd42a50cac0aa55982e2)
N         1.32030101181970    0.02131913946188    0.16576646688387
C         0.42548535085457   -0.90029659150714   -0.20656251387020
C        -0.87755747493995   -0.59808163183945    0.19113052249815
C         0.23634909502573    0.77038748724137    0.07515886692860
C        -1.10457898276006    0.70667159664334   -0.22549434244042
