5
 energy: -7.953917865864 gnorm: 0.183252125370 xtb: 6.2.2 (9d81278992624c895f80dd42a50cac0aa55982e2)
C         0.72958700000000    0.09950500000000    0.43549000000000
N        -0.01071600000000    1.13192700000000   -0.30375300000000
C        -0.73235500000000    0.08522800000000    0.43387100000000
H         1.13343500000000   -0.64732300000000   -0.28155400000000
H        -1.11995100000000   -0.66933700000000   -0.28405400000000
5
 energy: -7.990414286375 gnorm: 0.107567502954 xtb: 6.2.2 (9d81278992624c895f80dd42a50cac0aa55982e2)
C         0.72668425594472    0.09302457056872    0.38148597114943
N        -0.01034509265214    1.08933208909273   -0.26313809946991
C        -0.72920853551074    0.07880513285957    0.37987307101172
H         1.28368634077542   -0.61810419789369   -0.24769428359770
H        -1.27081696855726   -0.64305759462732   -0.25052665909353
5
 energy: -8.005645528683 gnorm: 0.095316994665 xtb: 6.2.2 (9d81278992624c895f80dd42a50cac0aa55982e2)
C         0.72719184886611    0.08697660168892    0.31739813412466
N        -0.00976993025656    1.02456231525095   -0.21348504019236
C        -0.72945715556115    0.07274825982824    0.31578672874564
H         1.41579584195040   -0.57837491726554   -0.20828635386680
H        -1.40376060499881   -0.60591225950257   -0.21141346881114
5
 energy: -8.011117369861 gnorm: 0.039146737904 xtb: 6.2.2 (9d81278992624c895f80dd42a50cac0aa55982e2)
C         0.73388357883110    0.06525659597254    0.29462584678765
N        -0.01002669416799    1.05070157535149   -0.21214725710664
C        -0.73567149989037    0.05090176384507    0.29300017091479
H         1.49129042379279   -0.56892238553435   -0.18609147510883
H        -1.47947580856553   -0.59793754963474   -0.18938728548697
5
 energy: -8.013610830185 gnorm: 0.016762574419 xtb: 6.2.2 (9d81278992624c895f80dd42a50cac0aa55982e2)
C         0.73744452568778    0.04441430455684    0.26660630360338
N        -0.01004836383160    1.05219841756921   -0.20539515899833
C        -0.73876351958099    0.02999551368161    0.26497406410711
H         1.52716759792652   -0.54844347862131   -0.16140467367948
H        -1.51580024020170   -0.57816475718634   -0.16478053503269
5
 energy: -8.014541723803 gnorm: 0.010735834763 xtb: 6.2.2 (9d81278992624c895f80dd42a50cac0aa55982e2)
C         0.73873201351049    0.02271213272882    0.24767129934233
N        -0.00983398349012    1.03040772057560   -0.20666465347652
C        -0.73958475566281    0.00827179297887    0.24603998143891
H         1.58454797490035   -0.51527137742502   -0.14177022205321
H        -1.57386124925792   -0.54612026885826   -0.14527640525151
5
 energy: -8.014666902103 gnorm: 0.006649246123 xtb: 6.2.2 (9d81278992624c895f80dd42a50cac0aa55982e2)
C         0.73808719303093    0.01583387666355    0.24056934316247
N        -0.00979099079792    1.02605884603611   -0.20616715480714
C        -0.73879285408652    0.00140853458234    0.23894332393284
H         1.58186953908048   -0.50625119820759   -0.13492224430568
H        -1.57137288722697   -0.53705005907442   -0.13842326798250
5
 energy: -8.014698681126 gnorm: 0.000352004343 xtb: 6.2.2 (9d81278992624c895f80dd42a50cac0aa55982e2)
C         0.73766604090015    0.01474225520917    0.23990047854954
N        -0.00978347691915    1.02538127461244   -0.20647191893098
C        -0.73834995988043    0.00032483605564    0.23827882604399
H         1.58965980622280   -0.50474855243183   -0.13409373234138
H        -1.57919241032337   -0.53569981344542   -0.13761365332116
5
 energy: -8.014698810021 gnorm: 0.000141808428 xtb: 6.2.2 (9d81278992624c895f80dd42a50cac0aa55982e2)
C         0.73750018739093    0.01471178260955    0.23983419186378
N        -0.00978480363049    1.02566695525423   -0.20644657128433
C        -0.73818653843217    0.00029691518940    0.23822091167713
H         1.58913559683779   -0.50486741243233   -0.13404330525897
H        -1.57866444216606   -0.53580824062085   -0.13756522699762
