5
 energy: -8.699508231195 gnorm: 0.189780575773 xtb: 6.2.2 (9d81278992624c895f80dd42a50cac0aa55982e2)
N         0.71599500000000   -0.17601200000000    0.68387000000000
C         1.55502300000000    0.01105100000000   -0.49512300000000
N        -0.63419800000000   -0.02683700000000    0.31436200000000
H        -0.77154000000000    0.93089800000000   -0.08571600000000
H        -0.86527900000000   -0.73910000000000   -0.41739300000000
5
 energy: -8.733723361446 gnorm: 0.109905192862 xtb: 6.2.2 (9d81278992624c895f80dd42a50cac0aa55982e2)
N         0.73850326622374   -0.15814426583228    0.58754373978873
C         1.59575332066426   -0.00663600998437   -0.41757975845762
N        -0.60095756669126   -0.02191610525960    0.28019061836674
H        -0.81982992915754    0.92745085321905   -0.05941688606899
H        -0.91346809103920   -0.74075447214281   -0.39073771362887
5
 energy: -8.727929664276 gnorm: 0.236438344261 xtb: 6.2.2 (9d81278992624c895f80dd42a50cac0aa55982e2)
N         0.78345735252428   -0.14572494578216    0.51230726480208
C         1.55689364618176   -0.02099443438034   -0.33430294095624
N        -0.55798932561396   -0.01745343191501    0.24557713743305
H        -0.84484876372589    0.91750732755116   -0.04785457711589
H        -0.93751190936619   -0.73333451547364   -0.37572688416300
5
 energy: -8.742057024259 gnorm: 0.038037099213 xtb: 6.2.2 (9d81278992624c895f80dd42a50cac0aa55982e2)
N         0.76586340006349   -0.14891830232667    0.53335848954117
C         1.64726114915642   -0.01881964521367   -0.37079282293488
N        -0.58418448639163   -0.01707459836583    0.25107307395278
H        -0.86780851083007    0.92369618754243   -0.04171755103812
H        -0.96113055199821   -0.73888364163626   -0.37192118952095
5
 energy: -8.742832569289 gnorm: 0.015493890198 xtb: 6.2.2 (9d81278992624c895f80dd42a50cac0aa55982e2)
N         0.77445893735372   -0.14775006747184    0.52504673669224
C         1.65324547530289   -0.02128679795888   -0.36006142140531
N        -0.57733232637920   -0.01502687239719    0.23882626344949
H        -0.87852959144696    0.92323014630887   -0.03682222131277
H        -0.97184149483044   -0.73916640848097   -0.36698935742365
5
 energy: -8.743054611041 gnorm: 0.006712984126 xtb: 6.2.2 (9d81278992624c895f80dd42a50cac0aa55982e2)
N         0.77914041923303   -0.14736691548543    0.52179445796316
C         1.65325522566916   -0.02249922182155   -0.35395976840600
N        -0.57260079043111   -0.01266485085368    0.22559628062553
H        -0.88324600837151    0.92237497395266   -0.03164954555634
H        -0.97654784609956   -0.73984398579200   -0.36178142462636
5
 energy: -8.743102799271 gnorm: 0.005302296921 xtb: 6.2.2 (9d81278992624c895f80dd42a50cac0aa55982e2)
N         0.78071740007019   -0.14707592392406    0.51988343389062
C         1.65967919683699   -0.02328568562398   -0.35181520663670
N        -0.57095740720721   -0.01133694745813    0.21844586918561
H        -0.88796066037520    0.92387358508256   -0.02781082962090
H        -0.98147752932477   -0.74217502807640   -0.35870326681863
5
 energy: -8.743135164930 gnorm: 0.001461467396 xtb: 6.2.2 (9d81278992624c895f80dd42a50cac0aa55982e2)
N         0.78061711834065   -0.14701054114500    0.51958253010170
C         1.66404494401547   -0.02370907432803   -0.35091735734424
N        -0.56898947310295   -0.00960077407806    0.20914805974669
H        -0.89096516300123    0.92518381031839   -0.02306331664235
H        -0.98470642625194   -0.74486342076729   -0.35474991586180
5
 energy: -8.743137331782 gnorm: 0.000817574251 xtb: 6.2.2 (9d81278992624c895f80dd42a50cac0aa55982e2)
N         0.78009050253132   -0.14691181138638    0.51923418093737
C         1.66546839484325   -0.02385309230915   -0.35059436846622
N        -0.56781762405696   -0.00922642259286    0.20693201030174
H        -0.89195896256487    0.92574106124140   -0.02179927101864
H        -0.98578131075274   -0.74574973495301   -0.35377255175425
