5
 energy: -10.864861353359 gnorm: 0.261603251187 xtb: 6.2.2 (9d81278992624c895f80dd42a50cac0aa55982e2)
C        -1.40595600000000   -0.77330100000000   -0.44881400000000
C        -0.74455200000000    0.18918600000000    0.53098000000000
C         0.73376800000000    0.17721100000000    0.54979100000000
N         0.01253000000000    1.20297500000000   -0.21890800000000
C         1.40421000000000   -0.79607100000000   -0.41304900000000
5
 energy: -10.942734519377 gnorm: 0.193470539503 xtb: 6.2.2 (9d81278992624c895f80dd42a50cac0aa55982e2)
C        -1.45608095408901   -0.73908122138347   -0.37822582554382
C        -0.74040301568070    0.15065875849894    0.42790659451533
C         0.73161900215100    0.13873479698107    0.44663742406171
N         0.01179451861728    1.21234069327203   -0.15511699452781
C         1.45307044900142   -0.76265302736856   -0.34120119850541
5
 energy: -10.979897060246 gnorm: 0.266886530558 xtb: 6.2.2 (9d81278992624c895f80dd42a50cac0aa55982e2)
C        -1.46185069904253   -0.70543780621182   -0.27184694640558
C        -0.76773603074894    0.11203025236066    0.25599977370478
C         0.76268698299317    0.09963192451112    0.27547632661079
N         0.01022529992126    1.22285787253667   -0.02492464981518
C         1.45667444687704   -0.72908224319662   -0.23470450409482
5
 energy: -11.007586734509 gnorm: 0.084286457009 xtb: 6.2.2 (9d81278992624c895f80dd42a50cac0aa55982e2)
C        -1.63218728637655   -0.73575145723248   -0.26168967245065
C        -0.77441005586795    0.12613866926172    0.21484465298651
C         0.77063346264875    0.11362164357415    0.23450747383433
N         0.00977940460134    1.25814102656110    0.03255978373417
C         1.62618447499441   -0.76214988216449   -0.22022223810437
5
 energy: -11.014489521460 gnorm: 0.071761790578 xtb: 6.2.2 (9d81278992624c895f80dd42a50cac0aa55982e2)
C        -1.72649312834660   -0.67452623707725   -0.24177140071404
C        -0.78902467671743    0.11256789560967    0.19625181763995
C         0.78549553521915    0.09981299388693    0.21628867446577
N         0.00908940081337    1.16460378562770    0.02712786970064
C         1.72093286903150   -0.70245843804704   -0.19789696109232
5
 energy: -11.021182876716 gnorm: 0.035734358261 xtb: 6.2.2 (9d81278992624c895f80dd42a50cac0aa55982e2)
C        -1.73123231008968   -0.67840783064447   -0.21407856885434
C        -0.81248981488968    0.11631377524788    0.13840197182762
C         0.81048285881417    0.10316533322972    0.15905602620441
N         0.00833733895463    1.16533826922114    0.08671394731678
C         1.72490192721055   -0.70640954705428   -0.17009337649448
5
 energy: -11.031589796033 gnorm: 0.075300567790 xtb: 6.2.2 (9d81278992624c895f80dd42a50cac0aa55982e2)
C        -1.81855858368709   -0.66000545751108   -0.14844417638976
C        -0.87535921038227    0.11882020642012    0.00970296433050
C         0.87664336510982    0.10462819858080    0.03200646176565
N         0.00646652907407    1.12595976456183    0.20898910403093
C         1.81080789988547   -0.68940271205167   -0.10225435373733
5
 energy: -11.037875661819 gnorm: 0.077948823642 xtb: 6.2.2 (9d81278992624c895f80dd42a50cac0aa55982e2)
C        -1.87852887394754   -0.62043010833060   -0.12584796281014
C        -0.91610075495477    0.12132729603500   -0.02985131264684
C         0.91841622176331    0.10648101432765   -0.00652475531821
N         0.00537561136718    1.04346076738134    0.24034267606237
C         1.87083779577182   -0.65083896941339   -0.07811864528718
5
 energy: -11.054264249227 gnorm: 0.065175998250 xtb: 6.2.2 (9d81278992624c895f80dd42a50cac0aa55982e2)
C        -2.03882012085926   -0.52509931274064   -0.10122510993641
C        -0.99180977084206    0.11976084218210   -0.06158837019981
C         0.99486383040904    0.10361286470842   -0.03611701679930
N         0.00395827340244    0.85955672038087    0.24842500266000
C         2.03180778788983   -0.55783111453075   -0.04949450572448
5
 energy: -11.077101629873 gnorm: 0.051609279887 xtb: 6.2.2 (9d81278992624c895f80dd42a50cac0aa55982e2)
C        -2.21521957424987   -0.40765080379937   -0.09484662406633
C        -1.12572752662206    0.14352476293693   -0.07299305971536
C         1.12939553395640    0.12543540094340   -0.04524448642170
N         0.00075164420637    0.58340801833101    0.25123035280782
C         2.21079992270915   -0.44471737841197   -0.03814618260444
5
 energy: -11.066998988253 gnorm: 0.123932540325 xtb: 6.2.2 (9d81278992624c895f80dd42a50cac0aa55982e2)
C        -2.45826525084207   -0.29383248288037   -0.04872608876868
C        -1.22893148075721    0.13329149746723   -0.13648243538553
C         1.23228969490531    0.11069730022075   -0.09908079602071
N         0.00510932112533    0.37530116546451    0.27402991882940
C         2.44979771556863   -0.32545748027213    0.01025940134552
5
 energy: -11.085230485782 gnorm: 0.028524946625 xtb: 6.2.2 (9d81278992624c895f80dd42a50cac0aa55982e2)
C        -2.38371697432903   -0.30521894675789   -0.10597825318744
C        -1.21384640036265    0.14038795097955   -0.03440764494733
C         1.21821132541475    0.12231693412903   -0.00261422303450
N         0.00142366987449    0.38497927976121    0.18749754928171
C         2.37792837940243   -0.34246521811191   -0.04449742811245
5
 energy: -11.085694784364 gnorm: 0.017231603116 xtb: 6.2.2 (9d81278992624c895f80dd42a50cac0aa55982e2)
C        -2.36229933934132   -0.30108502629856   -0.10472443783026
C        -1.20908553719672    0.13897698593890   -0.02843856045119
C         1.20694024054338    0.11601615288502   -0.00305108759923
N        -0.00181007075499    0.39065236603624    0.18152992953016
C         2.36625470674965   -0.34456047856160   -0.04531584364948
5
 energy: -11.084995627525 gnorm: 0.052344161627 xtb: 6.2.2 (9d81278992624c895f80dd42a50cac0aa55982e2)
C        -2.37025881630250   -0.30109224563269   -0.10175824141052
C        -1.20559616937201    0.13271053494143   -0.02710371917162
C         1.20275830108248    0.10462427773935    0.02073503543051
N         0.01655905756375    0.38002907475576    0.15977968960139
C         2.35653762702827   -0.31627164180386   -0.05165276444977
5
 energy: -11.085280810925 gnorm: 0.061801241205 xtb: 6.2.2 (9d81278992624c895f80dd42a50cac0aa55982e2)
C        -2.39994646762039   -0.26225178894861   -0.11455910174792
C        -1.19455252190187    0.10469391058470   -0.00868908818270
C         1.22480278552805    0.11017900629857    0.02556684920674
N        -0.00616584646400    0.35207479582324    0.13453225782715
C         2.37586205045820   -0.30469592375789   -0.03685091710328
5
 energy: -11.084865525247 gnorm: 0.059633286683 xtb: 6.2.2 (9d81278992624c895f80dd42a50cac0aa55982e2)
C        -2.41275292644571   -0.23865071169846   -0.09989644781212
C        -1.23671043787804    0.12521594847780    0.00040510740594
C         1.21669055978536    0.08671187209424    0.01537409567479
N        -0.00626481621937    0.31990845415596    0.12968786715145
C         2.43903762075775   -0.29318556302954   -0.04557062242006
5
 energy: -11.086818964678 gnorm: 0.011358974086 xtb: 6.2.2 (9d81278992624c895f80dd42a50cac0aa55982e2)
C        -2.40477966838278   -0.24819171368255   -0.10064550253634
C        -1.22116648770552    0.11590005795089   -0.01086543464545
C         1.22010915540476    0.09348682816740    0.02030601808948
N         0.00147036923891    0.32565735470056    0.13244285339900
C         2.40436663144462   -0.28685252713630   -0.04123793430669
5
 energy: -11.087086908893 gnorm: 0.020068288023 xtb: 6.2.2 (9d81278992624c895f80dd42a50cac0aa55982e2)
C        -2.41522743406371   -0.23218863661562   -0.09750562037187
C        -1.21559097398797    0.10219263370841   -0.00884584865631
C         1.21959922643722    0.08444562641280    0.02400960369012
N         0.00121194617656    0.31581441424601    0.11753842168406
C         2.41000723543787   -0.27026403775161   -0.03519655634599
5
 energy: -11.087550847812 gnorm: 0.023186517582 xtb: 6.2.2 (9d81278992624c895f80dd42a50cac0aa55982e2)
C        -2.43773657637919   -0.19223890063579   -0.08705441272466
C        -1.21783687438416    0.08045755111671   -0.00876103006293
C         1.22521651366157    0.06543955697217    0.02492791068763
N         0.00034312606535    0.27713851610079    0.09304121360808
C         2.43001381103642   -0.23079672355389   -0.02215368150812
5
 energy: -11.088081983706 gnorm: 0.030804512152 xtb: 6.2.2 (9d81278992624c895f80dd42a50cac0aa55982e2)
C        -2.46301872137955   -0.12905751925735   -0.06226065854997
C        -1.22248787553266    0.04799500965595   -0.01505904018134
C         1.22517859106880    0.02624207449578    0.01812954239070
N         0.00082776044786    0.22160128995065    0.05843926595815
C         2.45950024539554   -0.16678085484503    0.00075089038245
5
 energy: -11.088429104888 gnorm: 0.008195224115 xtb: 6.2.2 (9d81278992624c895f80dd42a50cac0aa55982e2)
C        -2.46156550348899   -0.10714051534273   -0.04920754708058
C        -1.22566016489697    0.03776319812866   -0.02538877924070
C         1.22607396786822    0.01243051222931    0.00686069874174
N         0.00069285286364    0.20158650413975    0.05504814212135
C         2.46045884765409   -0.14463969915499    0.01268748545819
5
 energy: -11.088597042054 gnorm: 0.010241008622 xtb: 6.2.2 (9d81278992624c895f80dd42a50cac0aa55982e2)
C        -2.47523922946533   -0.04829491391514   -0.05262232638316
C        -1.22692215879377   -0.01480205096987   -0.01222102353395
C         1.22901053075815   -0.01563228632036    0.01951758722337
N         0.00066066589396    0.17680992674489    0.03544071881674
C         2.47249019160697   -0.09808067553953    0.00988504387699
5
 energy: -11.088409937832 gnorm: 0.011437688378 xtb: 6.2.2 (9d81278992624c895f80dd42a50cac0aa55982e2)
C        -2.47234931373277   -0.05522763744811   -0.04788438658190
C        -1.23014734842645    0.00733396985470   -0.02169738380170
C         1.22592790818821   -0.05141145646570    0.03957168991347
N         0.00106659997371    0.17580001404356    0.03010572611674
C         2.47550215399727   -0.07649488998445   -0.00009564564661
5
 energy: -11.088630406072 gnorm: 0.006724348038 xtb: 6.2.2 (9d81278992624c895f80dd42a50cac0aa55982e2)
C        -2.46697753183386   -0.06971354720673   -0.05111167499666
C        -1.22768637545222    0.00654911011557   -0.01766106048196
C         1.22760395015755   -0.01374735724483    0.01857762138117
N         0.00085718006085    0.18671975877226    0.04123118001489
C         2.46620277706766   -0.10980796443626    0.00896393408256
5
 energy: -11.088655142202 gnorm: 0.003647960839 xtb: 6.2.2 (9d81278992624c895f80dd42a50cac0aa55982e2)
C        -2.47227978708066   -0.05316631579436   -0.05254339365518
C        -1.22739278496117   -0.00921429125921   -0.01317187272913
C         1.22808502253303   -0.01999870912977    0.02091974003345
N         0.00082047162075    0.18040163645432    0.03606627878631
C         2.47076707788803   -0.09802232027099    0.00872924756453
5
 energy: -11.088665382403 gnorm: 0.001576859653 xtb: 6.2.2 (9d81278992624c895f80dd42a50cac0aa55982e2)
C        -2.47065609474904   -0.05719459420001   -0.05220600388273
C        -1.22757834550699   -0.00464055280740   -0.01434496279488
C         1.22755484090880   -0.02172578259410    0.02165491020616
N         0.00086852288296    0.18249102719285    0.03681607948956
C         2.46981107646425   -0.09893009759135    0.00807997698189
5
 energy: -11.088671136595 gnorm: 0.001696900564 xtb: 6.2.2 (9d81278992624c895f80dd42a50cac0aa55982e2)
C        -2.46997176125478   -0.05728927642466   -0.05269511117181
C        -1.22742797263960   -0.00475048211910   -0.01368712974919
C         1.22698671686103   -0.02440900860217    0.02208354323807
N         0.00092075866579    0.18419908964143    0.03661118534801
C         2.46949225836754   -0.09775032249550    0.00768751233491
5
 energy: -11.088687124950 gnorm: 0.002460521035 xtb: 6.2.2 (9d81278992624c895f80dd42a50cac0aa55982e2)
C        -2.46818450098028   -0.05927855119855   -0.05509349349767
C        -1.22637406996604   -0.00613748139084   -0.01051150768551
C         1.22533149313087   -0.02870202471357    0.02053853815192
N         0.00112349979272    0.19238428849013    0.03748070895100
C         2.46810357802272   -0.09826623118718    0.00758575408027
5
 energy: -11.088696589822 gnorm: 0.002146331606 xtb: 6.2.2 (9d81278992624c895f80dd42a50cac0aa55982e2)
C        -2.46707655331222   -0.06347769962311   -0.05676791850156
C        -1.22537192403504   -0.00553527957337   -0.00881278828605
C         1.22423599210133   -0.02948196988102    0.01843709610672
N         0.00130583380798    0.20022888675820    0.03937783837526
C         2.46690665143793   -0.10173393768071    0.00776577230562
5
 energy: -11.088704095636 gnorm: 0.001434684317 xtb: 6.2.2 (9d81278992624c895f80dd42a50cac0aa55982e2)
C        -2.46558042463727   -0.07077532010827   -0.05872482310304
C        -1.22384442562557   -0.00386680609711   -0.00739341884100
C         1.22285284726758   -0.02869029792555    0.01529303091676
N         0.00149586713803    0.21185941530971    0.04279914312283
C         2.46507613585722   -0.10852699117878    0.00802606790446
5
 energy: -11.088708377625 gnorm: 0.001177514067 xtb: 6.2.2 (9d81278992624c895f80dd42a50cac0aa55982e2)
C        -2.46496777452476   -0.07497117352198   -0.05891509247448
C        -1.22300334544981   -0.00267301763781   -0.00822078587254
C         1.22238349523693   -0.02642881273192    0.01417764892145
N         0.00149366388039    0.21729009365341    0.04500683207122
C         2.46409396085723   -0.11321708976171    0.00795139735435
5
 energy: -11.088715209936 gnorm: 0.001595705657 xtb: 6.2.2 (9d81278992624c895f80dd42a50cac0aa55982e2)
C        -2.46455527818377   -0.07839834060232   -0.05772263570684
C        -1.22215044715623   -0.00235139432470   -0.01164595009235
C         1.22220827971290   -0.02279272697431    0.01477434298245
N         0.00130854522575    0.22180893952360    0.04748045722490
C         2.46318890040133   -0.11826647762227    0.00711378559184
5
 energy: -11.088718249306 gnorm: 0.001099491561 xtb: 6.2.2 (9d81278992624c895f80dd42a50cac0aa55982e2)
C        -2.46386683670352   -0.07977550599268   -0.05699438185312
C        -1.22159967179454   -0.00312205487619   -0.01387374967944
C         1.22175229112418   -0.02225802252875    0.01573687619936
N         0.00118423782628    0.22544649639763    0.04890559528338
C         2.46252997954758   -0.12029091300001    0.00622566004981
5
 energy: -11.088719246750 gnorm: 0.000382400959 xtb: 6.2.2 (9d81278992624c895f80dd42a50cac0aa55982e2)
C        -2.46334450172979   -0.07976388985282   -0.05639180685157
C        -1.22145955171958   -0.00345943468683   -0.01518644778993
C         1.22139319444761   -0.02260710818275    0.01631089014613
N         0.00114289215910    0.22611441609776    0.04939411440951
C         2.46226796684264   -0.12028398337538    0.00587325008586
