5
 energy: -7.855443982976 gnorm: 0.186639698959 xtb: 6.2.2 (9d81278992624c895f80dd42a50cac0aa55982e2)
C        -0.04022100000000    0.61613500000000   -0.29159400000000
N        -1.34324700000000    0.28255400000000    0.25723100000000
C         1.02119900000000   -0.27390000000000    0.32455100000000
H        -1.65059700000000   -0.61055300000000   -0.19075300000000
H         2.01286600000000   -0.01423600000000   -0.09943500000000
5
 energy: -7.888871359335 gnorm: 0.091577157497 xtb: 6.2.2 (9d81278992624c895f80dd42a50cac0aa55982e2)
C        -0.04996149751416    0.58762433673334   -0.24264666603938
N        -1.28940818631526    0.26872901348618    0.22247377378588
C         0.98410183652138   -0.21649103183965    0.26961371002557
H        -1.65200743835799   -0.60299459166709   -0.17296621678418
H         2.00727528566603   -0.03686772671278   -0.07647460098789
5
 energy: -7.902364062668 gnorm: 0.067973806679 xtb: 6.2.2 (9d81278992624c895f80dd42a50cac0aa55982e2)
C        -0.05599707889109    0.62111940870651   -0.16426664385377
N        -1.24951408481316    0.26326853698702    0.13366588955951
C         0.95378182722911   -0.17915529489827    0.17922801874612
H        -1.66489352188500   -0.63331007714973   -0.11208102027591
H         2.01662285836014   -0.07192257364553   -0.03654624417594
5
 energy: -7.906913945344 gnorm: 0.072726132307 xtb: 6.2.2 (9d81278992624c895f80dd42a50cac0aa55982e2)
C        -0.06220807170948    0.73004216085589   -0.04440347949841
N        -1.29770426671318    0.31282780745895   -0.02451007565027
C         0.94888905842937   -0.21282927759395    0.06101113501528
H        -1.62840555924577   -0.72007375146718    0.00349254100835
H         2.03942883923907   -0.10996693925370    0.00440987912505
5
 energy: -7.911521183495 gnorm: 0.019612049879 xtb: 6.2.2 (9d81278992624c895f80dd42a50cac0aa55982e2)
C        -0.07914249852861    0.66460135822628   -0.07439184313513
N        -1.27082069690837    0.27049561996044    0.01668910433974
C         1.00009425503101   -0.17500590904777    0.10451191063392
H        -1.69819644159521   -0.66185180873678   -0.04039071256546
H         2.04806538200117   -0.09823926040216   -0.00641845927307
5
 energy: -7.912276860985 gnorm: 0.019446073388 xtb: 6.2.2 (9d81278992624c895f80dd42a50cac0aa55982e2)
C        -0.08078993528918    0.66619625917608   -0.06266492046788
N        -1.27285701892959    0.27531168273250   -0.00645782342075
C         0.99458249320704   -0.18950475842545    0.06343945074105
H        -1.70001820701212   -0.66347169414524   -0.01393547535483
H         2.05908266802384   -0.08853148933789    0.01961876850240
5
 energy: -7.910692353206 gnorm: 0.048318928784 xtb: 6.2.2 (9d81278992624c895f80dd42a50cac0aa55982e2)
C        -0.07304063747716    0.68866790216846    0.01353189083642
N        -1.29563426155266    0.27565365684323   -0.07969204911732
C         0.99901583986148   -0.15887053844243    0.06183831322965
H        -1.67530212096223   -0.67982178662472    0.01361271098535
H         2.04496118013057   -0.12562923394454   -0.00929086593410
5
 energy: -7.912746405236 gnorm: 0.003902779256 xtb: 6.2.2 (9d81278992624c895f80dd42a50cac0aa55982e2)
C        -0.07971698725240    0.67602414807851   -0.03822551017175
N        -1.27585930428275    0.27221872317237   -0.03558262171381
C         0.98588502183546   -0.18338855480271    0.04473989340196
H        -1.67966615505774   -0.66504667365251    0.00597375180040
H         2.04935742475743   -0.09980764279566    0.02309448668320
5
 energy: -7.912774117183 gnorm: 0.004056160680 xtb: 6.2.2 (9d81278992624c895f80dd42a50cac0aa55982e2)
C        -0.07738055416275    0.66901351287102   -0.03935729596828
N        -1.27391314242558    0.27201010085117   -0.03852796165104
C         0.99064822248536   -0.19062738820293    0.03583483417401
H        -1.69009806056536   -0.66088727463900    0.01083857163644
H         2.05074353466833   -0.08950895088026    0.03121185180886
5
 energy: -7.912785867630 gnorm: 0.000977579606 xtb: 6.2.2 (9d81278992624c895f80dd42a50cac0aa55982e2)
C        -0.07655202055214    0.66782785521955   -0.04009025506006
N        -1.27394486714385    0.26958071272909   -0.03860035178321
C         0.99237521389060   -0.18957837345470    0.03332755784549
H        -1.69383917264087   -0.65890773592219    0.01174777577182
H         2.05196084644626   -0.08892245857175    0.03361527322597
5
 energy: -7.912788312897 gnorm: 0.001025247693 xtb: 6.2.2 (9d81278992624c895f80dd42a50cac0aa55982e2)
C        -0.07606447253908    0.66909448963141   -0.04096677924540
N        -1.27325480295596    0.26856670170375   -0.03837081561812
C         0.99155178253022   -0.18913308328533    0.03051021318704
H        -1.69314329294268   -0.65889407275499    0.01286238586722
H         2.05091078590750   -0.08963403529485    0.03596499580926
