3
 energy: -6.718803836352 gnorm: 0.227426803695 xtb: 6.2.2 (9d81278992624c895f80dd42a50cac0aa55982e2)
N        -0.00180200000000    0.57745200000000    0.00000000000000
C         1.16508500000000   -0.28509200000000    0.00000000000000
C        -1.16328200000000   -0.29235900000000    0.00000000000000
3
 energy: -6.768372086575 gnorm: 0.102477660798 xtb: 6.2.2 (9d81278992624c895f80dd42a50cac0aa55982e2)
N        -0.00172819081883    0.55383942888670   -0.00000000000000
C         1.04110586752303   -0.27367250608918    0.00000000000000
C        -1.03937667670420   -0.28016592279752    0.00000000000000
3
 energy: -6.775172188375 gnorm: 0.135114918965 xtb: 6.2.2 (9d81278992624c895f80dd42a50cac0aa55982e2)
N        -0.00176624613139    0.56617188419778   -0.00000000000000
C         0.90510879236345   -0.28026308732890    0.00000000000000
C        -0.90334154623206   -0.28590779686888    0.00000000000000
3
 energy: -6.782660167556 gnorm: 0.008082095500 xtb: 6.2.2 (9d81278992624c895f80dd42a50cac0aa55982e2)
N        -0.00196165792894    0.62875114725102   -0.00000000000000
C         0.88480353680201   -0.31161643157157    0.00000000000000
C        -0.88284087887307   -0.31713371567945    0.00000000000000
3
 energy: -6.782582769621 gnorm: 0.011935707682 xtb: 6.2.2 (9d81278992624c895f80dd42a50cac0aa55982e2)
N        -0.00203295606836    0.65146762935575   -0.00000000000000
C         0.85346345442038   -0.32307274576930    0.00000000000000
C        -0.85142949835201   -0.32839388358645    0.00000000000000
3
 energy: -6.782846142031 gnorm: 0.001089458925 xtb: 6.2.2 (9d81278992624c895f80dd42a50cac0aa55982e2)
N        -0.00198864186283    0.63725064731289   -0.00000000000000
C         0.87104935846750   -0.31590932090918    0.00000000000000
C        -0.86905971660467   -0.32134032640371    0.00000000000000
3
 energy: -6.782849058723 gnorm: 0.000343012453 xtb: 6.2.2 (9d81278992624c895f80dd42a50cac0aa55982e2)
N        -0.00199313779502    0.63892871748582   -0.00000000000000
C         0.86845206873015   -0.31675619344270    0.00000000000000
C        -0.86645793093513   -0.32217152404312    0.00000000000000
