5
 energy: -9.387832353002 gnorm: 0.214756124551 xtb: 6.2.2 (9d81278992624c895f80dd42a50cac0aa55982e2)
N         1.20745800000000   -0.93786500000000    0.04813400000000
C         0.24138700000000    0.14334400000000   -0.00921500000000
C        -1.01312500000000   -0.15768800000000    0.77566600000000
C        -1.01991400000000   -0.24442300000000   -0.74353300000000
H         0.58419400000000    1.19663100000000   -0.07105200000000
5
 energy: -9.445606070439 gnorm: 0.154199584409 xtb: 6.2.2 (9d81278992624c895f80dd42a50cac0aa55982e2)
N         1.06294880935154   -0.88514197236299    0.04578414741813
C         0.27968774306766    0.18560935795849   -0.01182942887202
C        -0.98888306177670   -0.21693303597183    0.73375236107161
C        -0.99530986535667   -0.29854696441944   -0.69537170737738
H         0.64155637471417    1.21501161479578   -0.07233537224034
5
 energy: -9.483480809114 gnorm: 0.211285282236 xtb: 6.2.2 (9d81278992624c895f80dd42a50cac0aa55982e2)
N         0.78184124384579   -0.82404862595923    0.04355238942489
C         0.37294715785326    0.27021930281827   -0.01707520809472
C        -0.92984263579820   -0.32275573223914    0.67390776113077
C        -0.93568361648762   -0.39692240070398   -0.62440244353149
H         0.71073785058677    1.27350645608408   -0.07598249892945
5
 energy: -9.500336563122 gnorm: 0.102220100312 xtb: 6.2.2 (9d81278992624c895f80dd42a50cac0aa55982e2)
N         0.66673304359276   -0.89827090969551    0.04830188587596
C         0.38977152971842    0.35700555422347   -0.02212737075463
C        -0.88164831755145   -0.37466528319163    0.69432066553076
C        -0.88766718876684   -0.45091331318019   -0.63920927531406
H         0.71281093300711    1.36684295184385   -0.08128590533803
5
 energy: -9.504710816567 gnorm: 0.036721889509 xtb: 6.2.2 (9d81278992624c895f80dd42a50cac0aa55982e2)
N         0.66051501383332   -0.86543021393757    0.04610963432904
C         0.36239750395255    0.34935638925315   -0.02138126437665
C        -0.87835267787258   -0.37521179591141    0.73203951746129
C        -0.88438006797800   -0.45648727284055   -0.67662401437172
H         0.73982022806470    1.34777189343637   -0.08014387304197
5
 energy: -9.505524000193 gnorm: 0.016621387550 xtb: 6.2.2 (9d81278992624c895f80dd42a50cac0aa55982e2)
N         0.63007603879573   -0.85779057664441    0.04329479620046
C         0.36428730596339    0.36175180759732   -0.02055344451193
C        -0.87243734494781   -0.38638085466915    0.72283981634677
C        -0.87575937374677   -0.47157005305722   -0.66605342818012
H         0.75383337393547    1.35398867677345   -0.07952773985517
5
 energy: -9.511009394758 gnorm: 0.085891760120 xtb: 6.2.2 (9d81278992624c895f80dd42a50cac0aa55982e2)
N         0.62589236390200   -0.85116334173642    0.00954967658790
C         0.35909908192980    0.36781801254948   -0.00077667232577
C        -0.89212129571172   -0.35870405013725    0.71055323209841
C        -0.86039580824686   -0.50964171255381   -0.65381498707063
H         0.76752565812677    1.35169009187799   -0.06551124928991
5
 energy: -9.563902560762 gnorm: 0.110829268389 xtb: 6.2.2 (9d81278992624c895f80dd42a50cac0aa55982e2)
N         0.53823956071764   -0.84838627028113   -0.15087670490401
C         0.36046985860967    0.40985947280007    0.10196967616678
C        -0.94176191784390   -0.23237271885887    0.67604003359020
C        -0.74976916266313   -0.70160740194398   -0.62469813220289
H         0.79282166117971    1.37250591828391   -0.00243487265009
5
 energy: -9.558373933449 gnorm: 0.213764778637 xtb: 6.2.2 (9d81278992624c895f80dd42a50cac0aa55982e2)
N         0.50736343587888   -0.86578239062818   -0.32868317748003
C         0.33177957336628    0.42465599971941    0.23874912040687
C        -0.96068232651173   -0.03716230156791    0.61049879494045
C        -0.65431540343240   -0.89605961708255   -0.60434653832965
H         0.77585472069896    1.37434730955923    0.08378180046235
5
 energy: -9.562961167671 gnorm: 0.128331004062 xtb: 6.2.2 (9d81278992624c895f80dd42a50cac0aa55982e2)
N         0.62713995155824   -0.86998695861657   -0.30541560900080
C         0.29532281963258    0.38939491594701    0.22666311016616
C        -0.93794390158882    0.01738870060284    0.58154198287458
C        -0.75712421155418   -0.88219711916388   -0.62648534599103
H         0.77260534195218    1.34539946123060    0.12369586195109
5
 energy: -9.582285449327 gnorm: 0.043902001549 xtb: 6.2.2 (9d81278992624c895f80dd42a50cac0aa55982e2)
N         0.56869918156144   -0.85578827901072   -0.20090283613008
C         0.30766031956528    0.41135275896651    0.16864471861677
C        -0.90064214281376   -0.14100669475696    0.62539887834150
C        -0.77136115660084   -0.77460722458925   -0.63894150903422
H         0.79564379828789    1.36004843939041    0.04580074820602
5
 energy: -9.584338695337 gnorm: 0.015727268470 xtb: 6.2.2 (9d81278992624c895f80dd42a50cac0aa55982e2)
N         0.54586596348526   -0.85322327545396   -0.22061139748911
C         0.30154864691114    0.41978896328520    0.18276330114003
C        -0.89444588352273   -0.12572002107799    0.62109944924289
C        -0.74660105029251   -0.79755668055733   -0.63629360858740
H         0.79363232341883    1.35671001380409    0.05304225569359
5
 energy: -9.584636643667 gnorm: 0.010659410496 xtb: 6.2.2 (9d81278992624c895f80dd42a50cac0aa55982e2)
N         0.54737844310535   -0.85509691416878   -0.22847400918518
C         0.29569754926516    0.42168860445233    0.20427590700506
C        -0.90528253501531   -0.13291098184816    0.62594069280535
C        -0.72823583502886   -0.78601022799082   -0.63523431014087
H         0.79044237767366    1.35232851955543    0.03349171951564
5
 energy: -9.584778132008 gnorm: 0.006071822616 xtb: 6.2.2 (9d81278992624c895f80dd42a50cac0aa55982e2)
N         0.54724614008548   -0.85551094760337   -0.22488696877503
C         0.29131177468588    0.42144494314905    0.20016997699087
C        -0.90038594072230   -0.13422837216847    0.63119757738403
C        -0.72529329545781   -0.78108549801988   -0.63936992175597
H         0.78712132140875    1.34937887464267    0.03288933615610
5
 energy: -9.584834006743 gnorm: 0.002896602851 xtb: 6.2.2 (9d81278992624c895f80dd42a50cac0aa55982e2)
N         0.54965521681597   -0.85414909044198   -0.22336586960684
C         0.28542540479123    0.42216777812332    0.19791407771713
C        -0.90093698427179   -0.13634895801726    0.63617220441148
C        -0.72366438799065   -0.77826060197162   -0.64222872353492
H         0.78952075065524    1.34658987230754    0.03150831101315
5
 energy: -9.584847825365 gnorm: 0.002667148141 xtb: 6.2.2 (9d81278992624c895f80dd42a50cac0aa55982e2)
N         0.54952425577149   -0.85253171652267   -0.22372937792069
C         0.28232192202366    0.42389522138607    0.19645115485509
C        -0.90164479592672   -0.13673120910271    0.63728943776596
C        -0.72292387157099   -0.77976512927653   -0.64235640860008
H         0.79272248970255    1.34513183351584    0.03234519389972
5
 energy: -9.584858138687 gnorm: 0.001681725158 xtb: 6.2.2 (9d81278992624c895f80dd42a50cac0aa55982e2)
N         0.54975456669951   -0.85078173788495   -0.22426229555435
C         0.27915634126320    0.42629453311069    0.19431346666886
C        -0.90259679282720   -0.13662409379555    0.63710729415921
C        -0.72323339112769   -0.78255852515598   -0.64144759534586
H         0.79691927599217    1.34366882372579    0.03428913007213
5
 energy: -9.584861056403 gnorm: 0.000486583112 xtb: 6.2.2 (9d81278992624c895f80dd42a50cac0aa55982e2)
N         0.54967894392840   -0.85054423845559   -0.22430176754977
C         0.27802521856082    0.42773474041751    0.19246165847805
C        -0.90259503826853   -0.13629226317187    0.63604868901546
C        -0.72379778755271   -0.78445334177422   -0.64020137728089
H         0.79868866333201    1.34355410298417    0.03599279733714
