5
 energy: -8.716646259212 gnorm: 0.061967567974 xtb: 6.2.2 (9d81278992624c895f80dd42a50cac0aa55982e2)
N         0.56223300000000   -0.12375800000000    0.46542700000000
C        -0.03013500000000    1.04875400000000   -0.07863400000000
N        -0.55223000000000   -0.22362200000000   -0.43936100000000
H         1.41824000000000   -0.31981300000000   -0.09997000000000
H        -1.39810800000000   -0.38156100000000    0.15253900000000
5
 energy: -8.722272035902 gnorm: 0.038039735729 xtb: 6.2.2 (9d81278992624c895f80dd42a50cac0aa55982e2)
N         0.58003851092152   -0.08490405435420    0.45163986278815
C        -0.03071619070048    1.07046684191430   -0.08027244781187
N        -0.57231161754895   -0.18419437228748   -0.43146705460349
H         1.41827624532990   -0.36903665105078   -0.08570536671332
H        -1.39528694800200   -0.43233176422184    0.14580600634053
5
 energy: -8.725090898246 gnorm: 0.009865430923 xtb: 6.2.2 (9d81278992624c895f80dd42a50cac0aa55982e2)
N         0.60396372726997   -0.04383374030925    0.42925611720774
C        -0.03112098525390    1.08540270744114   -0.08139712070317
N        -0.59864457988679   -0.14166133474646   -0.41535579208037
H         1.42799115906045   -0.41693256392223   -0.06706313864201
H        -1.40218932118974   -0.48297506846319    0.13456093421782
5
 energy: -8.725197407752 gnorm: 0.004892131098 xtb: 6.2.2 (9d81278992624c895f80dd42a50cac0aa55982e2)
N         0.60689793952954   -0.03922349516198    0.42409566883797
C        -0.03118992693116    1.08764955178443   -0.08156470940975
N        -0.60185675993467   -0.13651011418033   -0.41092071273305
H         1.42655389582362   -0.42275812786391   -0.06358622888937
H        -1.40040514848734   -0.48915781457822    0.13197698219421
5
 energy: -8.725235453862 gnorm: 0.003605537280 xtb: 6.2.2 (9d81278992624c895f80dd42a50cac0aa55982e2)
N         0.60670222175208   -0.03691768826853    0.42107235570393
C        -0.03130428852336    1.09158608275922   -0.08186052935450
N        -0.60180675775450   -0.13377020439960   -0.40827222158078
H         1.42340541206561   -0.42724031909016   -0.06187418131781
H        -1.39699658753982   -0.49365787100093    0.13093557654915
5
 energy: -8.725260014430 gnorm: 0.002274613345 xtb: 6.2.2 (9d81278992624c895f80dd42a50cac0aa55982e2)
N         0.60517060432902   -0.03555297782038    0.41823453220396
C        -0.03145399554251    1.09682744703756   -0.08225458489755
N        -0.60036912554813   -0.13191010174076   -0.40567372123378
H         1.42017517202820   -0.43150120908239   -0.06065833068012
H        -1.39352265526657   -0.49786315839404    0.13035310460748
5
 energy: -8.725266438748 gnorm: 0.001037412467 xtb: 6.2.2 (9d81278992624c895f80dd42a50cac0aa55982e2)
N         0.60409067307133   -0.03577056691659    0.41705401440091
C        -0.03151812959117    1.09909975127001   -0.08242513573264
N        -0.59928363169513   -0.13188708214651   -0.40447845258223
H         1.41976612865873   -0.43253990564469   -0.06041894734350
H        -1.39305504044377   -0.49890219656223    0.13026952125746
5
 energy: -8.725267770745 gnorm: 0.000355344562 xtb: 6.2.2 (9d81278992624c895f80dd42a50cac0aa55982e2)
N         0.60356503330424   -0.03652819927998    0.41655564014345
C        -0.03153039013917    1.09953480932224   -0.08245733537429
N        -0.59871688587381   -0.13253165521990   -0.40387615880873
H         1.42087422537246   -0.43202853902105   -0.06051315751725
H        -1.39419198266373   -0.49844641580131    0.13029201155682
