5
 energy: -7.961355263633 gnorm: 0.125782556476 xtb: 6.2.2 (9d81278992624c895f80dd42a50cac0aa55982e2)
C         0.73166200000000    0.10802900000000    0.41077800000000
N        -0.74076400000000    0.03969600000000    0.45381800000000
C        -0.06179200000000    1.12266100000000   -0.27122600000000
H         1.13122900000000   -0.62190100000000   -0.32736800000000
H        -1.06033600000000   -0.64848500000000   -0.26600200000000
5
 energy: -7.982768515950 gnorm: 0.083918611817 xtb: 6.2.2 (9d81278992624c895f80dd42a50cac0aa55982e2)
C         0.71760361325772    0.10557933212335    0.33445049890373
N        -0.72320729048710    0.02563775654804    0.41906156116405
C        -0.07958743222201    1.14237389423888   -0.23194711565103
H         1.24164622724704   -0.63921188097346   -0.27940932429535
H        -1.15645611779566   -0.63437910193680   -0.24215562012140
5
 energy: -7.999575536361 gnorm: 0.040877004631 xtb: 6.2.2 (9d81278992624c895f80dd42a50cac0aa55982e2)
C         0.68460763281720    0.10187470935257    0.22325614781340
N        -0.69239533355663    0.01173292029253    0.35590632232664
C        -0.08115965410055    1.18537741952619   -0.16756141104255
H         1.34080473261703   -0.65553125175453   -0.21145695356025
H        -1.25185837777705   -0.64345379741676   -0.20014410553724
5
 energy: -8.004805258145 gnorm: 0.037667783837 xtb: 6.2.2 (9d81278992624c895f80dd42a50cac0aa55982e2)
C         0.67510711807440    0.09685316809847    0.14131091173853
N        -0.68259643688308   -0.00860098791341    0.32080356054484
C        -0.07825124441481    1.21735006102347   -0.12984125033710
H         1.40362651129287   -0.66011789887048   -0.15800123245416
H        -1.31788694806939   -0.64548434233806   -0.17427198949210
5
 energy: -8.007745593424 gnorm: 0.016198910164 xtb: 6.2.2 (9d81278992624c895f80dd42a50cac0aa55982e2)
C         0.66669323073179    0.08763807240304    0.06827288035125
N        -0.68197430778034   -0.03110895763987    0.29679249722415
C        -0.06310291173797    1.22749769861316   -0.10328931126342
H         1.43375465925582   -0.64402563754137   -0.11014981954865
H        -1.35537167046930   -0.64000117583497   -0.15162624676333
5
 energy: -8.008489277875 gnorm: 0.011962918112 xtb: 6.2.2 (9d81278992624c895f80dd42a50cac0aa55982e2)
C         0.66300077502784    0.07880916007672    0.02642302967682
N        -0.68077566751763   -0.04711234806247    0.29480586267850
C        -0.05927736633816    1.22211082575784   -0.09544877758821
H         1.46210731023164   -0.62948102142916   -0.08076234746393
H        -1.38505605140369   -0.62432661634293   -0.14501776730319
5
 energy: -8.008727542847 gnorm: 0.009267252392 xtb: 6.2.2 (9d81278992624c895f80dd42a50cac0aa55982e2)
C         0.66072072071215    0.07089470153085    0.00565404965431
N        -0.67814037134745   -0.05434155815382    0.29929516099126
C        -0.06014130138842    1.21740773037897   -0.09482587479602
H         1.46202302252912   -0.62047126510667   -0.06455253844546
H        -1.38446307050540   -0.61348960864934   -0.14557079740409
5
 energy: -8.008819958526 gnorm: 0.003509547261 xtb: 6.2.2 (9d81278992624c895f80dd42a50cac0aa55982e2)
C         0.65843195561114    0.06472051899025   -0.00698348699450
N        -0.67594962376807   -0.05882802411239    0.30689389250542
C        -0.06402518639821    1.21176006472376   -0.09687367468238
H         1.47687855367369   -0.61525606301299   -0.05478803899850
H        -1.39533669911856   -0.60239649658863   -0.14824869183004
5
 energy: -8.008855440421 gnorm: 0.002664439651 xtb: 6.2.2 (9d81278992624c895f80dd42a50cac0aa55982e2)
C         0.65759248676932    0.06343506949955   -0.00273149808844
N        -0.67626773826455   -0.05682889307230    0.31215187813160
C        -0.06523525537242    1.20955904717572   -0.10037356029217
H         1.47411977171973   -0.61489470895249   -0.05772045255127
H        -1.39021026485208   -0.60127051465048   -0.15132636719972
5
 energy: -8.008872135389 gnorm: 0.002934184846 xtb: 6.2.2 (9d81278992624c895f80dd42a50cac0aa55982e2)
C         0.65586396345204    0.06310099394441   -0.00055594527029
N        -0.67713403247785   -0.05429232652361    0.31778373480283
C        -0.06722312218551    1.21131935368321   -0.10243900954545
H         1.47037080649492   -0.61831417429920   -0.06008811690760
H        -1.38187861528360   -0.60181384680481   -0.15470066307950
5
 energy: -8.008879178849 gnorm: 0.001218276250 xtb: 6.2.2 (9d81278992624c895f80dd42a50cac0aa55982e2)
C         0.65534785616033    0.06347307960392    0.00107070633711
N        -0.67750637143734   -0.05378985632400    0.31916842197644
C        -0.06548313554594    1.21110705352915   -0.10333240484311
H         1.46925862608125   -0.61749733151143   -0.06146773234776
H        -1.38161797525830   -0.60329294529763   -0.15543899112267
5
 energy: -8.008881627897 gnorm: 0.000414280414 xtb: 6.2.2 (9d81278992624c895f80dd42a50cac0aa55982e2)
C         0.65432174069006    0.06393474417934   -0.00014787796344
N        -0.67811900242851   -0.05365693165913    0.31865159530424
C        -0.06360728328049    1.21266944030278   -0.10238218884979
H         1.46883893297068   -0.61764175503866   -0.06133971951173
H        -1.38143538795173   -0.60530549778434   -0.15478180897929
