5
 energy: -9.410717304315 gnorm: 0.263390101146 xtb: 6.2.2 (9d81278992624c895f80dd42a50cac0aa55982e2)
N         1.38488700000000   -0.65840500000000   -0.38824100000000
C         0.67108100000000    0.17602000000000    0.56447500000000
C        -0.83271100000000   -0.00434600000000    0.40844400000000
C        -0.14633800000000    1.20966200000000   -0.18089200000000
H        -1.07691900000000   -0.72293100000000   -0.40378700000000
5
 energy: -9.478330894757 gnorm: 0.162115741499 xtb: 6.2.2 (9d81278992624c895f80dd42a50cac0aa55982e2)
N         1.41419590246252   -0.62371114833397   -0.30992368565567
C         0.68137506050351    0.13953843871905    0.45411759803303
C        -0.79424579522642    0.00668381346765    0.33771241232407
C        -0.14472602497140    1.22854001415449   -0.11706000626054
H        -1.15659914276821   -0.75105111800722   -0.36484731844089
5
 energy: -9.503215757756 gnorm: 0.227466348283 xtb: 6.2.2 (9d81278992624c895f80dd42a50cac0aa55982e2)
N         1.46925789956262   -0.58929745549029   -0.20247390280569
C         0.71171099913969    0.08878152925378    0.30526481717601
C        -0.75281008287761    0.02363569461641    0.25649600417602
C        -0.17429533391124    1.23210397249128   -0.03882771180837
H        -1.25386348191346   -0.75522374087118   -0.32046020673797
5
 energy: -9.525477000306 gnorm: 0.083419620081 xtb: 6.2.2 (9d81278992624c895f80dd42a50cac0aa55982e2)
N         1.66961777260525   -0.62955238930770   -0.16378497014296
C         0.69657853158254    0.07466635485966    0.20787979088849
C        -0.76701500949194    0.02888389848883    0.22786838912647
C        -0.21862765242741    1.25997130243531    0.01384791707708
H        -1.38055364226844   -0.73396916647610   -0.28581212694908
5
 energy: -9.530942182446 gnorm: 0.062307008398 xtb: 6.2.2 (9d81278992624c895f80dd42a50cac0aa55982e2)
N         1.70230402660661   -0.59688758891408   -0.14397197712674
C         0.69674762620831    0.05903856376159    0.18263405604012
C        -0.76419238824988    0.02140118214959    0.19454301272340
C        -0.20127353069738    1.24552676177074    0.02494287688459
H        -1.43358573386765   -0.72907891876784   -0.25814896852137
5
 energy: -9.536565619756 gnorm: 0.049547182051 xtb: 6.2.2 (9d81278992624c895f80dd42a50cac0aa55982e2)
N         1.70182062476864   -0.58403048998469   -0.09003513412831
C         0.70282200269006    0.06365597362556    0.10336093898523
C        -0.74630417162398   -0.01720736047975    0.11803854896430
C        -0.19811628897481    1.23917679489130    0.07392038385182
H        -1.46022216685991   -0.70159491805242   -0.20528573767304
5
 energy: -9.539158543871 gnorm: 0.045756696081 xtb: 6.2.2 (9d81278992624c895f80dd42a50cac0aa55982e2)
N         1.81123759099741   -0.53123998348554   -0.03856928334617
C         0.70794132286624    0.03511812238178    0.03658872061214
C        -0.73357772392751   -0.03410012020499    0.06316446730277
C        -0.18497637337415    1.20720851473241    0.09900478099313
H        -1.60062481656200   -0.67698653342365   -0.16018968556187
5
 energy: -9.540367134815 gnorm: 0.019999286163 xtb: 6.2.2 (9d81278992624c895f80dd42a50cac0aa55982e2)
N         1.79043893703916   -0.52124955054498   -0.05637500295007
C         0.69596177879922    0.02422315470027    0.05254300913159
C        -0.75051963088091   -0.01968481081541    0.06483908752455
C        -0.17353435365618    1.19512687091741    0.09084227730413
H        -1.56234673130130   -0.67841566425728   -0.15185037101020
5
 energy: -9.540875478601 gnorm: 0.008123631696 xtb: 6.2.2 (9d81278992624c895f80dd42a50cac0aa55982e2)
N         1.79601498108971   -0.51762843969998   -0.04284839989657
C         0.70076322445908    0.02098163964269    0.03268250058416
C        -0.74822097855611   -0.02361904647568    0.04127034211194
C        -0.17501818433706    1.19638701724258    0.10528918021643
H        -1.57353904265561   -0.67612117070960   -0.13639462301596
5
 energy: -9.541237328883 gnorm: 0.015676718721 xtb: 6.2.2 (9d81278992624c895f80dd42a50cac0aa55982e2)
N         1.82473196011086   -0.49576008104310   -0.01149048417084
C         0.70754470295952    0.00631868146659   -0.00968282475455
C        -0.74163309404539   -0.03492236167352   -0.00216891440705
C        -0.17892443283093    1.17456143677338    0.12566202301529
H        -1.61171913619407   -0.65019767552335   -0.10232079968285
5
 energy: -9.541312867947 gnorm: 0.007421718159 xtb: 6.2.2 (9d81278992624c895f80dd42a50cac0aa55982e2)
N         1.81412318189162   -0.49491848815210   -0.01435922232529
C         0.71055696629044    0.00870237408395   -0.00182714111621
C        -0.74007133463400   -0.03549745496053   -0.00324809504798
C        -0.17795417269192    1.17340368608573    0.12333078902328
H        -1.60665464085613   -0.65169011705705   -0.10389733053380
5
 energy: -9.541347854734 gnorm: 0.002782074679 xtb: 6.2.2 (9d81278992624c895f80dd42a50cac0aa55982e2)
N         1.81768253242194   -0.49445304061536   -0.01502661330239
C         0.70806113164575    0.00398583397088   -0.00439602452135
C        -0.74427254659579   -0.03255874782093   -0.00440478084520
C        -0.17810550027929    1.17453810625432    0.12398467545790
H        -1.60336561719262   -0.65151215178891   -0.10015825678896
5
 energy: -9.541358744392 gnorm: 0.002438860413 xtb: 6.2.2 (9d81278992624c895f80dd42a50cac0aa55982e2)
N         1.82104313099627   -0.49035315504281   -0.01352853148737
C         0.70835088991723    0.00156883934966   -0.00528633136444
C        -0.74366920655228   -0.03353364760987   -0.00807924248195
C        -0.17670315032569    1.17237914245029    0.12387832959126
H        -1.60902166403553   -0.65006117914727   -0.09698522425750
5
 energy: -9.541367060768 gnorm: 0.002358592937 xtb: 6.2.2 (9d81278992624c895f80dd42a50cac0aa55982e2)
N         1.82187764621833   -0.48911835740188   -0.01340172285742
C         0.70898360458838    0.00033316105387   -0.00391573114608
C        -0.74286636373885   -0.03446082975332   -0.00840782995708
C        -0.17752669769315    1.17125566696328    0.12223031876752
H        -1.61046818937471   -0.64800964086194   -0.09650603480695
5
 energy: -9.541385311566 gnorm: 0.002035153321 xtb: 6.2.2 (9d81278992624c895f80dd42a50cac0aa55982e2)
N         1.82512921949543   -0.48424580483744   -0.01502009569627
C         0.70963672637301   -0.00542434799397    0.00271027736131
C        -0.74195632678130   -0.03653140420358   -0.00935670327982
C        -0.17841343276617    1.16944139602220    0.11563017641342
H        -1.61439618632098   -0.64323983898721   -0.09396465479865
5
 energy: -9.541389218955 gnorm: 0.000770518785 xtb: 6.2.2 (9d81278992624c895f80dd42a50cac0aa55982e2)
N         1.82735805444159   -0.48168400493810   -0.01702493319247
C         0.70918677502065   -0.00906483580298    0.00790450234415
C        -0.74176663594118   -0.03788689550467   -0.00909200325097
C        -0.17858435807843    1.16936967057623    0.11080128660970
H        -1.61619383544264   -0.64073393433048   -0.09258985251040
