5
 energy: -9.380984349563 gnorm: 0.162784775273 xtb: 6.2.2 (9d81278992624c895f80dd42a50cac0aa55982e2)
C         1.25018200000000   -0.86724400000000   -0.03746400000000
N         0.23633800000000    0.17013800000000    0.00202500000000
C        -0.95468500000000   -0.26859700000000    0.73697300000000
C        -0.97093100000000   -0.22865200000000   -0.72917700000000
H         0.43909600000000    1.19435600000000    0.02764400000000
5
 energy: -9.417976600383 gnorm: 0.122561578647 xtb: 6.2.2 (9d81278992624c895f80dd42a50cac0aa55982e2)
C         1.12327840537920   -0.83656397459882   -0.03522137446195
N         0.26324625468444    0.21701774849703    0.00299885295991
C        -0.93111863549097   -0.32125250831165    0.70721024899734
C        -0.94674954918987   -0.28284139367470   -0.70285416369624
H         0.49134352461720    1.22364112808814    0.02786743620094
5
 energy: -9.453293935671 gnorm: 0.139949004528 xtb: 6.2.2 (9d81278992624c895f80dd42a50cac0aa55982e2)
C         0.85063098121023   -0.78432456280727   -0.03077790960722
N         0.33133886106426    0.30840392343285    0.00472981934914
C        -0.86924343044292   -0.42318027965353    0.66542172570484
C        -0.88402679425197   -0.38685811751963   -0.66805336100343
H         0.57130038242039    1.28596003654758    0.02868072555667
5
 energy: -9.464951953238 gnorm: 0.061850250471 xtb: 6.2.2 (9d81278992624c895f80dd42a50cac0aa55982e2)
C         0.73237629334258   -0.84685989384500   -0.03116183661685
N         0.35203185288317    0.39385652510739    0.00681795334777
C        -0.82208412538511   -0.47855938971533    0.66978596525512
C        -0.83702145896436   -0.44187854873358   -0.67646710638588
H         0.57469743812371    1.37344230718652    0.03102602439984
5
 energy: -9.466851335380 gnorm: 0.007295337543 xtb: 6.2.2 (9d81278992624c895f80dd42a50cac0aa55982e2)
C         0.73623115818772   -0.83307735314493   -0.03066380415202
N         0.34070961453847    0.38678975060454    0.00663066062767
C        -0.82304542532672   -0.47739276198627    0.69005698733413
C        -0.83866563951805   -0.43933223036874   -0.69661778257545
H         0.58477029211859    1.36301359489541    0.03059493876568
5
 energy: -9.466938704750 gnorm: 0.009120843219 xtb: 6.2.2 (9d81278992624c895f80dd42a50cac0aa55982e2)
C         0.72858888731154   -0.82853778678478   -0.02858276402704
N         0.33844098598160    0.38967917671674    0.00538008258643
C        -0.82035649843891   -0.48290108779615    0.68977454029184
C        -0.83861161512328   -0.44166885280331   -0.69667948597317
H         0.59193824026904    1.36342955066750    0.03010862712194
5
 energy: -9.471451075346 gnorm: 0.176240897927 xtb: 6.2.2 (9d81278992624c895f80dd42a50cac0aa55982e2)
C         0.62890976510412   -0.76178836215080    0.03559803629810
N         0.29976052345463    0.42957043753733   -0.03749323958315
C        -0.76129094977248   -0.58899949826107    0.68361722026570
C        -0.86587344280666   -0.44420084784862   -0.69716109376154
H         0.69849410402039    1.36541927072316    0.01544007678089
5
 energy: -9.424857820164 gnorm: 0.460793992234 xtb: 6.2.2 (9d81278992624c895f80dd42a50cac0aa55982e2)
C         0.47255887256773   -0.65692491333410    0.14807830228849
N         0.23484296062559    0.49338437809753   -0.11618790072415
C        -0.65764225896430   -0.76243569606950    0.67150564103312
C        -0.91548138005988   -0.43989986589940   -0.69633851213473
H         0.86572180583085    1.36587709720548   -0.00705653046272
5
 energy: -9.478435820322 gnorm: 0.241739401132 xtb: 6.2.2 (9d81278992624c895f80dd42a50cac0aa55982e2)
C         0.60757935039413   -0.69123098803420    0.10066032074677
N         0.23850014813982    0.45361821101404   -0.08722551224490
C        -0.74310341811276   -0.68518806684699    0.68139249704787
C        -0.91634430276899   -0.41974293061653   -0.68872229039988
H         0.81336822234780    1.34254477448367   -0.00610401514986
5
 energy: -9.491350796893 gnorm: 0.136617601385 xtb: 6.2.2 (9d81278992624c895f80dd42a50cac0aa55982e2)
C         0.63143122302872   -0.75737980905040    0.07879608710193
N         0.26887456509937    0.45496413077716   -0.09081551889956
C        -0.73756756220627   -0.62900404711801    0.67895426182441
C        -0.88250282141058   -0.41668983795957   -0.68134030039001
H         0.71976459548877    1.34811056335081    0.01440647036323
5
 energy: -9.510970998338 gnorm: 0.103223532423 xtb: 6.2.2 (9d81278992624c895f80dd42a50cac0aa55982e2)
C         0.69107723534168   -0.76359118989753    0.11764881258224
N         0.23897256808841    0.43039384982120   -0.13761612818665
C        -0.71561306224597   -0.62555269223968    0.67423155876033
C        -0.89714416670222   -0.34665066166286   -0.66428527544576
H         0.68270742551810    1.30540169397888    0.01002203228984
5
 energy: -9.527458432923 gnorm: 0.085211247575 xtb: 6.2.2 (9d81278992624c895f80dd42a50cac0aa55982e2)
C         0.73482509007663   -0.77834273057093    0.19951601161989
N         0.19303341080720    0.41113725929298   -0.21981182325379
C        -0.66784188838689   -0.68125147052961    0.67689977614958
C        -0.90887556051840   -0.22899083035763   -0.63715413617530
H         0.64885894802146    1.27744877216519   -0.01944882834038
5
 energy: -9.533959672333 gnorm: 0.042898441988 xtb: 6.2.2 (9d81278992624c895f80dd42a50cac0aa55982e2)
C         0.71349873699117   -0.79580700387426    0.21717050496790
N         0.21847191896744    0.41922428233130   -0.22840511320080
C        -0.64825787336046   -0.70344105712509    0.67067090654657
C        -0.92048488675612   -0.22236600270903   -0.63621170596969
H         0.63677210415797    1.30239078137707   -0.02322359234398
5
 energy: -9.537205356715 gnorm: 0.020901648179 xtb: 6.2.2 (9d81278992624c895f80dd42a50cac0aa55982e2)
C         0.69511655886682   -0.83431597621860    0.23932400654973
N         0.25816022450269    0.41494614772863   -0.23677514537971
C        -0.62013112642010   -0.72483903383095    0.65655408808019
C        -0.92349340369108   -0.19465222510650   -0.62420260181926
H         0.59034774674168    1.33886208742742   -0.03489934743095
5
 energy: -9.537682654232 gnorm: 0.010600996311 xtb: 6.2.2 (9d81278992624c895f80dd42a50cac0aa55982e2)
C         0.70006344939778   -0.84544362118912    0.23550906396427
N         0.27120500629033    0.40747685295870   -0.23323564790142
C        -0.62240177418093   -0.71659532001866    0.65121443003404
C        -0.92290612692143   -0.19318267242504   -0.61970497014938
H         0.57403944541425    1.34774576067412   -0.03378187594751
5
 energy: -9.537841537930 gnorm: 0.005449350289 xtb: 6.2.2 (9d81278992624c895f80dd42a50cac0aa55982e2)
C         0.70586293780305   -0.85061223021177    0.23669214341988
N         0.28112220186459    0.40061354953260   -0.23226264216651
C        -0.62417709653040   -0.71481006795116    0.64668061017986
C        -0.92477472943754   -0.18497822040174   -0.61434464855044
H         0.56196668630029    1.34978796903207   -0.03676446288279
5
 energy: -9.537875157584 gnorm: 0.003858163010 xtb: 6.2.2 (9d81278992624c895f80dd42a50cac0aa55982e2)
C         0.70730081096716   -0.84843873880214    0.23851806690332
N         0.28294794273728    0.39927367336278   -0.23429794938442
C        -0.62554314627223   -0.71613582549315    0.64567102500952
C        -0.92744751464627   -0.18291103344962   -0.61265152788826
H         0.56274190721406    1.34821292438213   -0.03723861464016
5
 energy: -9.537893890058 gnorm: 0.002179826690 xtb: 6.2.2 (9d81278992624c895f80dd42a50cac0aa55982e2)
C         0.70744481468461   -0.84522296665953    0.24030217259459
N         0.28456252818175    0.39858359240226   -0.23741272139424
C        -0.62703442576767   -0.71761161312112    0.64547880240484
C        -0.92979472727403   -0.18203594145825   -0.61146101724580
H         0.56482181017534    1.34628792883664   -0.03690623635940
5
 energy: -9.537899272989 gnorm: 0.001454373742 xtb: 6.2.2 (9d81278992624c895f80dd42a50cac0aa55982e2)
C         0.70688351018915   -0.84439463995661    0.24055013890655
N         0.28547098349128    0.39833026722399   -0.23903815166830
C        -0.62745560269009   -0.71741661705644    0.64599193244338
C        -0.92977272760891   -0.18229136871015   -0.61137759244996
H         0.56487383661857    1.34577335849920   -0.03612532723168
5
 energy: -9.537904752576 gnorm: 0.000716828728 xtb: 6.2.2 (9d81278992624c895f80dd42a50cac0aa55982e2)
C         0.70538804241790   -0.84393329282097    0.24035467434708
N         0.28770004924541    0.39752666409554   -0.24284331671653
C        -0.62778341806052   -0.71536142173165    0.64782464471866
C        -0.92824817886692   -0.18331085524552   -0.61179980527873
H         0.56294350526413    1.34507990570261   -0.03353519707048
5
 energy: -9.537905686102 gnorm: 0.000142962306 xtb: 6.2.2 (9d81278992624c895f80dd42a50cac0aa55982e2)
C         0.70577946975536   -0.84476392463669    0.24011644350244
N         0.28735624111094    0.39748502701709   -0.24229839471494
C        -0.62728120380056   -0.71480304731359    0.64773009637263
C        -0.92799113563421   -0.18323156647100   -0.61202459225208
H         0.56213662856846    1.34531451140419   -0.03352255290805
