5
 energy: -6.403192073459 gnorm: 0.149266059409 xtb: 6.2.2 (9d81278992624c895f80dd42a50cac0aa55982e2)
C        -0.53856500000000   -0.05448300000000    0.33615800000000
N         0.89797400000000   -0.22480000000000    0.47859800000000
H        -0.92581600000000   -0.73506700000000   -0.45138800000000
H        -0.77241700000000    0.99944300000000    0.07549900000000
H         1.33882500000000    0.01490800000000   -0.43886700000000
5
 energy: -6.441425262682 gnorm: 0.133684641529 xtb: 6.2.2 (9d81278992624c895f80dd42a50cac0aa55982e2)
C        -0.45837471755252   -0.01890687016271    0.19569557042302
N         0.86856648209206   -0.21294232299438    0.44811959500651
H        -0.99445226860456   -0.79831958682054   -0.40388298428452
H        -0.83222527981635    1.03598537084992    0.15331681311131
H         1.41648678388137   -0.00581559087230   -0.39324899425633
5
 energy: -6.443867924317 gnorm: 0.405293134421 xtb: 6.2.2 (9d81278992624c895f80dd42a50cac0aa55982e2)
C        -0.31327898473081    0.01802057259178    0.03188952936646
N         0.74264286871620   -0.17221272437244    0.35065407227499
H        -1.05283479294414   -0.82005120917924   -0.31647965590150
H        -0.89054147524145    1.01488109630797    0.24089605973144
H         1.51401338420020   -0.04063673534807   -0.30696000547138
5
 energy: -6.473727590111 gnorm: 0.083359262188 xtb: 6.2.2 (9d81278992624c895f80dd42a50cac0aa55982e2)
C        -0.39064872933502    0.02128458484182    0.04367416734724
N         0.83218175267150   -0.18275857831799    0.35925164250413
H        -1.09067985021874   -0.82062398060376   -0.32498076243192
H        -0.92733329685953    1.02613175353524    0.23597130158548
H         1.57648112374180   -0.04403277945532   -0.31391634900494
5
 energy: -6.481807033777 gnorm: 0.058038281375 xtb: 6.2.2 (9d81278992624c895f80dd42a50cac0aa55982e2)
C        -0.40774448606782    0.01980471000176    0.05350841043625
N         0.81027454900566   -0.16788427035180    0.31619848213277
H        -1.08317331844443   -0.79210324817590   -0.30826728951877
H        -0.92518621495658    0.99236487078706    0.23360569782516
H         1.60583047046316   -0.05218106226112   -0.29504530087541
5
 energy: -6.488936529308 gnorm: 0.105622178785 xtb: 6.2.2 (9d81278992624c895f80dd42a50cac0aa55982e2)
C        -0.41503055780124    0.03677256529347   -0.00014837973833
N         0.77270275068350   -0.12641491363864    0.18555285811711
H        -1.13162583105719   -0.77624126542788   -0.24822565800857
H        -0.97726040073451    0.95416936843221    0.27559683351598
H         1.75121503890943   -0.08828475465916   -0.21277565388619
5
 energy: -6.493399339126 gnorm: 0.046452844898 xtb: 6.2.2 (9d81278992624c895f80dd42a50cac0aa55982e2)
C        -0.42881596274748    0.03441705488196    0.01250107897204
N         0.76970590460734   -0.11533232755212    0.13591155962761
H        -1.08794111230377   -0.76455048188988   -0.24409202671587
H        -0.93415229100502    0.93603173566963    0.26639960417700
H         1.68120446144893   -0.09056498110959   -0.17072021606079
5
 energy: -6.497475516459 gnorm: 0.029633933756 xtb: 6.2.2 (9d81278992624c895f80dd42a50cac0aa55982e2)
C        -0.43926749506866    0.03997338901304   -0.00234386908964
N         0.77089963925428   -0.12499170185554    0.09464676600394
H        -1.11959466643605   -0.79346990259295   -0.22686344448759
H        -0.94298892328368    0.95679702428774    0.27501952885452
H         1.73095244553412   -0.07830780885230   -0.14045898128123
5
 energy: -6.503965873223 gnorm: 0.085271223657 xtb: 6.2.2 (9d81278992624c895f80dd42a50cac0aa55982e2)
C        -0.45186525265734    0.05174606830000   -0.01915384918839
N         0.76624653927723   -0.23838677529606   -0.02323965183941
H        -1.19577392160933   -0.85178536522630   -0.14708007820387
H        -0.91787093541542    0.99284233666673    0.22907856394849
H         1.79926457040487    0.04558473555563   -0.03960498471682
5
 energy: -6.507150801676 gnorm: 0.100394613022 xtb: 6.2.2 (9d81278992624c895f80dd42a50cac0aa55982e2)
C        -0.43928831390480    0.06259120817817   -0.01219149125492
N         0.77501524300230   -0.34491647352888   -0.05712864612586
H        -1.19192072050329   -0.87847282849282   -0.11020366704675
H        -0.93154253122451    1.04322278296707    0.18533423358815
H         1.78773732263030    0.11757631087646   -0.00581042916061
5
 energy: -6.514670047653 gnorm: 0.094388543847 xtb: 6.2.2 (9d81278992624c895f80dd42a50cac0aa55982e2)
C        -0.39930897580675    0.04410860011500    0.01819482851582
N         0.79684134156614   -0.34888537899056    0.00811589180920
H        -1.09445662013325   -0.83824792142440   -0.14838553692706
H        -0.96853371301401    1.07300365803858    0.17107524362146
H         1.66545896738787    0.07002204226138   -0.04900042701942
5
 energy: -6.530135853873 gnorm: 0.050540656253 xtb: 6.2.2 (9d81278992624c895f80dd42a50cac0aa55982e2)
C        -0.40085779387274   -0.00618266329442    0.03331443957466
N         0.76836678172476   -0.40575577730734    0.00574286053246
H        -1.14886294149730   -0.82373951908917   -0.10350599692780
H        -0.83416212028580    1.02876495564026    0.08986810811241
H         1.61551707393108    0.20691400405067   -0.02541941129173
5
 energy: -6.533263676504 gnorm: 0.047991311664 xtb: 6.2.2 (9d81278992624c895f80dd42a50cac0aa55982e2)
C        -0.40090144278071   -0.03044676355855    0.03743604193714
N         0.76583121948171   -0.42854589684460   -0.00810200383745
H        -1.14950644043436   -0.80460506325146   -0.08102645599481
H        -0.77645206032457    1.00714571331060    0.05203518599407
H         1.56102972405793    0.25645301034402   -0.00034276809895
5
 energy: -6.534791804834 gnorm: 0.033202893332 xtb: 6.2.2 (9d81278992624c895f80dd42a50cac0aa55982e2)
C        -0.39221205561621   -0.04147904635069    0.02131241703783
N         0.78006955161400   -0.43145885286648   -0.01022428896709
H        -1.17112536431457   -0.79866755071689   -0.07050220156037
H        -0.74505590055223    0.99077690264251    0.03837252403701
H         1.52832476886901    0.28082954729153    0.02104154945262
5
 energy: -6.535432885978 gnorm: 0.008136307729 xtb: 6.2.2 (9d81278992624c895f80dd42a50cac0aa55982e2)
C        -0.39241058032108   -0.04463136187086    0.00736376514430
N         0.79305411020478   -0.44259406664794   -0.01723904135184
H        -1.16429648335513   -0.79841454225470   -0.05997027410450
H        -0.73442905877390    0.99457175017708    0.03282549879718
H         1.49808301224533    0.29106922059641    0.03702005151485
5
 energy: -6.535515281417 gnorm: 0.006253164320 xtb: 6.2.2 (9d81278992624c895f80dd42a50cac0aa55982e2)
C        -0.39011245931842   -0.04591126650957   -0.00157116538415
N         0.79421425853228   -0.43859519299638   -0.01416351168628
H        -1.17096019985053   -0.80041176155187   -0.05838766136228
H        -0.73159723993172    0.99353675638444    0.03635371808842
H         1.49845664056839    0.29138246467338    0.03776862034430
5
 energy: -6.535540781507 gnorm: 0.004148487623 xtb: 6.2.2 (9d81278992624c895f80dd42a50cac0aa55982e2)
C        -0.38995397589558   -0.04638270880591   -0.00442570337042
N         0.79392357211776   -0.44073273256364   -0.01285191887611
H        -1.17185646264345   -0.80011563291818   -0.05595060698739
H        -0.73178872667600    0.99382779864353    0.03611355091302
H         1.49967659309728    0.29340427564419    0.03711467832091
5
 energy: -6.535553400680 gnorm: 0.001910911970 xtb: 6.2.2 (9d81278992624c895f80dd42a50cac0aa55982e2)
C        -0.39226886117511   -0.04645842185305   -0.00858958631781
N         0.79255643916526   -0.43886266495919   -0.01210566719653
H        -1.16978523836272   -0.79741040247829   -0.05328629989302
H        -0.73499228950231    0.99260121600752    0.03903916319189
H         1.50449094987489    0.29013127328300    0.03494239021546
5
 energy: -6.535557486190 gnorm: 0.001015043245 xtb: 6.2.2 (9d81278992624c895f80dd42a50cac0aa55982e2)
C        -0.39062105930107   -0.04694831267627   -0.00734374517723
N         0.79419818547165   -0.44104367209571   -0.00995375934035
H        -1.17121665660534   -0.79818162190476   -0.05429220090992
H        -0.73347141188910    0.99334236631097    0.03686360080301
H         1.50111194232387    0.29283224036577    0.03472610462450
