3
 energy: -5.350721730661 gnorm: 0.377906618711 xtb: 6.2.2 (9d81278992624c895f80dd42a50cac0aa55982e2)
C        -0.16328200000000    0.47414000000000    0.00000000000000
N         1.13021700000000   -0.18348200000000    0.00000000000000
H        -0.96693400000000   -0.29065700000000    0.00000000000000
3
 energy: -5.461094010904 gnorm: 0.176600462665 xtb: 6.2.2 (9d81278992624c895f80dd42a50cac0aa55982e2)
C        -0.06888050643701    0.36555734204218    0.00000000000000
N         1.03903732889338   -0.11210494224176    0.00000000000000
H        -0.97015582245637   -0.25345139980042    0.00000000000000
3
 energy: -5.464198311859 gnorm: 0.514664719464 xtb: 6.2.2 (9d81278992624c895f80dd42a50cac0aa55982e2)
C         0.01782326134615    0.17650787557208    0.00000000000000
N         1.04479395004229   -0.00774539484220    0.00000000000000
H        -1.06261621138844   -0.16876148072988    0.00000000000000
3
 energy: -5.494723779829 gnorm: 0.097265207481 xtb: 6.2.2 (9d81278992624c895f80dd42a50cac0aa55982e2)
C        -0.00724829257446    0.08123573699671    0.00000000000000
N         1.16027455767885    0.02552241925893    0.00000000000000
H        -1.15302526510439   -0.10675715625564    0.00000000000000
3
 energy: -5.499242270377 gnorm: 0.059429736994 xtb: 6.2.2 (9d81278992624c895f80dd42a50cac0aa55982e2)
C        -0.04303930877664    0.12772366136215    0.00000000000000
N         1.10092364323778   -0.00837781466115    0.00000000000000
H        -1.05788333446114   -0.11934484670100    0.00000000000000
3
 energy: -5.502534650294 gnorm: 0.022642494205 xtb: 6.2.2 (9d81278992624c895f80dd42a50cac0aa55982e2)
C        -0.02756868536136    0.07330339442006    0.00000000000000
N         1.11364793617909    0.01876880894423    0.00000000000000
H        -1.08607825081773   -0.09207120336430    0.00000000000000
3
 energy: -5.503896450876 gnorm: 0.009860793652 xtb: 6.2.2 (9d81278992624c895f80dd42a50cac0aa55982e2)
C        -0.02464330748351    0.01855130025376    0.00000000000000
N         1.11481681095770    0.04087700447244    0.00000000000000
H        -1.09017250347419   -0.05942730472620    0.00000000000000
3
 energy: -5.504061538738 gnorm: 0.001311472247 xtb: 6.2.2 (9d81278992624c895f80dd42a50cac0aa55982e2)
C        -0.02620293101209    0.00289437171338    0.00000000000000
N         1.11059886211465    0.04609258879245    0.00000000000000
H        -1.08439493110256   -0.04898596050583    0.00000000000000
3
 energy: -5.504064889543 gnorm: 0.001095318683 xtb: 6.2.2 (9d81278992624c895f80dd42a50cac0aa55982e2)
C        -0.02642005803364   -0.00328434170332    0.00000000000000
N         1.11029225270796    0.04836548971227    0.00000000000000
H        -1.08387119467432   -0.04508014800895    0.00000000000000
3
 energy: -5.504066163305 gnorm: 0.000358226331 xtb: 6.2.2 (9d81278992624c895f80dd42a50cac0aa55982e2)
C        -0.02639776740656   -0.00107283348041    0.00000000000000
N         1.11009889813823    0.04751626236639    0.00000000000000
H        -1.08370013073167   -0.04644242888598    0.00000000000000
