5
 energy: -9.410699652656 gnorm: 0.096220022181 xtb: 6.2.2 (9d81278992624c895f80dd42a50cac0aa55982e2)
C        -0.93791600000000    0.55285200000000    0.21883100000000
C        -0.17024000000000   -0.57399300000000    0.64284500000000
C        -0.63888800000000   -0.57000900000000   -0.70611900000000
N         0.43236300000000    0.39496000000000   -0.33896600000000
H         1.31468100000000    0.19619000000000    0.18340900000000
5
 energy: -9.429075274541 gnorm: 0.159295755244 xtb: 6.2.2 (9d81278992624c895f80dd42a50cac0aa55982e2)
C        -0.91893810269564    0.57588460920263    0.23387248319750
C        -0.22764058947561   -0.60920262292268    0.66718930730793
C        -0.61091957139810   -0.58167790333631   -0.71983621633279
N         0.43298736312640    0.38762019084393   -0.33027268340743
H         1.32451090044296    0.22737572621244    0.14904710923478
5
 energy: -9.467344626161 gnorm: 0.142158505344 xtb: 6.2.2 (9d81278992624c895f80dd42a50cac0aa55982e2)
C        -0.88728620069753    0.61560013984928    0.27965159093052
C        -0.31339250351112   -0.63548105823756    0.67139867787929
C        -0.55842689804445   -0.62090724471689   -0.73898983501437
N         0.42349274220926    0.37738456493830   -0.32114247747319
H         1.33561286004384    0.26340359816688    0.10908204367775
5
 energy: -9.527224824586 gnorm: 0.088151443704 xtb: 6.2.2 (9d81278992624c895f80dd42a50cac0aa55982e2)
C        -0.77865830560530    0.72559496859587    0.42594240385585
C        -0.56450769458747   -0.69147315368254    0.65767585754134
C        -0.38910822700884   -0.74168504661543   -0.78198557149477
N         0.38015302950848    0.35190160344538   -0.30489453318274
H         1.35212119769312    0.35566162825672    0.00326184328033
5
 energy: -9.531832941620 gnorm: 0.070816708279 xtb: 6.2.2 (9d81278992624c895f80dd42a50cac0aa55982e2)
C        -0.75980340982906    0.73229453325195    0.45024942540605
C        -0.60531740112938   -0.68653476211833    0.63886667993881
C        -0.36344837510452   -0.75984816785567   -0.77829921366681
N         0.37703908415339    0.34644111725925   -0.29893892038479
H         1.35153010190957    0.36764727946280   -0.01187797129326
5
 energy: -9.536596320467 gnorm: 0.016393309074 xtb: 6.2.2 (9d81278992624c895f80dd42a50cac0aa55982e2)
C        -0.74120656802671    0.72534543121282    0.47666826179911
C        -0.65417173342327   -0.66469399908970    0.59674620100391
C        -0.34212665684125   -0.77815039399123   -0.76141935041159
N         0.38036106064554    0.33555296500856   -0.28471853830803
H         1.35714389764569    0.38194599685956   -0.02727657408340
5
 energy: -9.537062895062 gnorm: 0.011327930509 xtb: 6.2.2 (9d81278992624c895f80dd42a50cac0aa55982e2)
C        -0.73846336226471    0.72232282802092    0.48077703684984
C        -0.67369130527529   -0.66261282938551    0.58767356692719
C        -0.33991012638430   -0.78081537710914   -0.75691362095305
N         0.38400007394131    0.32862519041280   -0.27547255582338
H         1.36806471998299    0.39248018806094   -0.03606442700060
5
 energy: -9.537390993983 gnorm: 0.011313307037 xtb: 6.2.2 (9d81278992624c895f80dd42a50cac0aa55982e2)
C        -0.73668436431244    0.71973934173510    0.48088345021526
C        -0.69270344080973   -0.66528963820826    0.58493539350472
C        -0.33899492917721   -0.78003483769809   -0.75407211575645
N         0.38968260536352    0.32019733034224   -0.26331193113663
H         1.37870012893586    0.40538780382901   -0.04843479682690
5
 energy: -9.537712292779 gnorm: 0.008644059678 xtb: 6.2.2 (9d81278992624c895f80dd42a50cac0aa55982e2)
C        -0.73527702900493    0.71617010824698    0.47594732775820
C        -0.71197924097016   -0.67203850888454    0.58678110994068
C        -0.34026092019345   -0.77450719165718   -0.75140383562090
N         0.39826230679339    0.30800186517929   -0.24594005936764
H         1.38925488337515    0.42237372711545   -0.06538454271034
5
 energy: -9.537852125702 gnorm: 0.005198802765 xtb: 6.2.2 (9d81278992624c895f80dd42a50cac0aa55982e2)
C        -0.73476424075983    0.71400611429308    0.46967219671636
C        -0.71887518556242   -0.67743707482268    0.59138331887931
C        -0.34174612462694   -0.76811709341736   -0.75071560783955
N         0.40308862481392    0.29985993860869   -0.23425830475918
H         1.39229692613527    0.43168811533827   -0.07608160299695
5
 energy: -9.537889163570 gnorm: 0.003130556753 xtb: 6.2.2 (9d81278992624c895f80dd42a50cac0aa55982e2)
C        -0.73425811229134    0.71396804125933    0.46636514575516
C        -0.71829099477589   -0.67967721311614    0.59406871311147
C        -0.34233652118862   -0.76485696024223   -0.75119555677950
N         0.40361515167144    0.29618291344513   -0.22988005112528
H         1.39127047658441    0.43438321865391   -0.07935825096186
5
 energy: -9.537899397679 gnorm: 0.001774427068 xtb: 6.2.2 (9d81278992624c895f80dd42a50cac0aa55982e2)
C        -0.73427010468059    0.71446495699362    0.46545488796845
C        -0.71640476048764   -0.67962275897417    0.59482810624299
C        -0.34217094947695   -0.76404416285164   -0.75193843721554
N         0.40264023933485    0.29503774836929   -0.22858130731457
H         1.39020557531033    0.43416421646290   -0.07976324968133
5
 energy: -9.537903865918 gnorm: 0.001303100100 xtb: 6.2.2 (9d81278992624c895f80dd42a50cac0aa55982e2)
C        -0.73435022225730    0.71550441523119    0.46559914251964
C        -0.71403644335113   -0.67877134197281    0.59428437428043
C        -0.34216221950153   -0.76437144294218   -0.75279925080003
N         0.40136010259146    0.29407137447434   -0.22810765464867
H         1.38918878251850    0.43356699520946   -0.07897661135137
5
 energy: -9.537905307716 gnorm: 0.000725352363 xtb: 6.2.2 (9d81278992624c895f80dd42a50cac0aa55982e2)
C        -0.73474225332070    0.71555904637819    0.46608560414303
C        -0.71440438704384   -0.67821521654109    0.59385562783410
C        -0.34199683660245   -0.76492647425311   -0.75297028349836
N         0.40154322130391    0.29416452001200   -0.22776687134216
H         1.38960025566308    0.43341812440401   -0.07920407713660
