5
 energy: -9.292761489625 gnorm: 0.136335619161 xtb: 6.2.2 (9d81278992624c895f80dd42a50cac0aa55982e2)
C        -1.18493500000000   -0.81954000000000   -0.35794800000000
C        -0.00046700000000    0.01790500000000    0.07554800000000
C         1.28105400000000   -0.64428100000000   -0.38424500000000
N        -0.10070100000000    1.33967900000000   -0.51476800000000
H         0.00504800000000    0.10623700000000    1.18141300000000
5
 energy: -9.325090009843 gnorm: 0.072661510929 xtb: 6.2.2 (9d81278992624c895f80dd42a50cac0aa55982e2)
C        -1.11293358919999   -0.75412695408410   -0.38468084718077
C        -0.00005280944253    0.01886560931827    0.12079264169792
C         1.19997533694979   -0.58974749322791   -0.40934558876508
N        -0.09261794669169    1.22253590036209   -0.53749470000661
H         0.00562800838442    0.10247293763164    1.21072849425454
5
 energy: -9.366587370989 gnorm: 0.135721850339 xtb: 6.2.2 (9d81278992624c895f80dd42a50cac0aa55982e2)
C        -1.05646367626378   -0.63122832243788   -0.43048422749051
C         0.00135791052374    0.01307237551464    0.21447293811099
C         1.12573491660070   -0.47613882328029   -0.45375498394196
N        -0.07989319258217    1.03094214679325   -0.62110808675655
H         0.00926304172150    0.06335262341028    1.29087436007804
5
 energy: -9.491322850997 gnorm: 0.181595904018 xtb: 6.2.2 (9d81278992624c895f80dd42a50cac0aa55982e2)
C        -1.05856005039024   -0.47245597213432   -0.50648263585944
C         0.00629918965378   -0.03314933883297    0.36978438047357
C         1.10374525438454   -0.31878052134507   -0.52954116774705
N        -0.06541043057687    0.80623142915481   -0.76057935951200
H         0.01392503692879    0.01815440315755    1.42681878264492
5
 energy: -9.553788429368 gnorm: 0.171404123422 xtb: 6.2.2 (9d81278992624c895f80dd42a50cac0aa55982e2)
C        -0.98595223903304   -0.29964857458745   -0.57529505765460
C         0.01149714541010   -0.08595742489699    0.50531651856987
C         1.00598748681817   -0.15808147238999   -0.59653737574794
N        -0.04849385690597    0.55232390135906   -0.86642622868874
H         0.01696046371075   -0.00863642948463    1.53294214352142
5
 energy: -9.566847559010 gnorm: 0.074095211670 xtb: 6.2.2 (9d81278992624c895f80dd42a50cac0aa55982e2)
C        -1.00133530578067   -0.32010967385173   -0.53040358155938
C         0.01057066470343   -0.07963621068943    0.46064075106988
C         1.02505689668621   -0.17609067546852   -0.55201431154567
N        -0.05607859864755    0.65329691014771   -0.90496641152875
H         0.02178534303857   -0.07746035013803    1.52674355356393
5
 energy: -9.571365046490 gnorm: 0.043732891266 xtb: 6.2.2 (9d81278992624c895f80dd42a50cac0aa55982e2)
C        -0.94908136562724   -0.31367898374882   -0.53884551952180
C         0.01141402553511   -0.08949394500244    0.47399325535840
C         0.97225219897347   -0.17712927076639   -0.55933374762165
N        -0.05653335380286    0.65761590479607   -0.91860856813873
H         0.02194749492151   -0.07731370527842    1.54279457992379
5
 energy: -9.574626877961 gnorm: 0.047834760475 xtb: 6.2.2 (9d81278992624c895f80dd42a50cac0aa55982e2)
C        -0.96577430920542   -0.27959771909605   -0.54626287281877
C         0.01606504018209   -0.15300245054566    0.48689811683837
C         0.98379611426475   -0.14104024504399   -0.56705203550542
N        -0.05456183757998    0.62955883296684   -0.92076866377486
H         0.02047399233857   -0.05591841828114    1.54718545526069
5
 energy: -9.577121629350 gnorm: 0.026481068075 xtb: 6.2.2 (9d81278992624c895f80dd42a50cac0aa55982e2)
C        -0.96652269129564   -0.28385719221164   -0.55231200906241
C         0.01924098855118   -0.19770693249732    0.48656910734136
C         0.98501400895478   -0.14516858530323   -0.57311826992140
N        -0.05563957520799    0.64732297788532   -0.90281539057899
H         0.01790626899767   -0.02059026787313    1.54167656222145
5
 energy: -9.578271458626 gnorm: 0.017578100662 xtb: 6.2.2 (9d81278992624c895f80dd42a50cac0aa55982e2)
C        -0.97141575698043   -0.27783364853884   -0.54186306616150
C         0.02410238717519   -0.26886209546627    0.46968641662761
C         0.98920031564241   -0.13842988772221   -0.56280006445574
N        -0.05687567961803    0.66991624789301   -0.87324859043901
H         0.01498773378086    0.01520938383431    1.50822530442865
5
 energy: -9.578452562390 gnorm: 0.002815224915 xtb: 6.2.2 (9d81278992624c895f80dd42a50cac0aa55982e2)
C        -0.96598759961741   -0.28227531779316   -0.54839855617784
C         0.02364923995044   -0.26031252114465    0.47989118149888
C         0.98439139167566   -0.14379577414237   -0.56913215937307
N        -0.05701032301814    0.66928818899784   -0.87572316831125
H         0.01495629100944    0.01709542408235    1.51336270236328
5
 energy: -9.578460191606 gnorm: 0.000755365907 xtb: 6.2.2 (9d81278992624c895f80dd42a50cac0aa55982e2)
C        -0.96697104249604   -0.28118885001966   -0.54645354770378
C         0.02338940467788   -0.25843496992283    0.47938850748541
C         0.98505633062497   -0.14207240800418   -0.56745249030214
N        -0.05651669370979    0.66789411074542   -0.87658702202810
H         0.01504100090298    0.01380211720125    1.51110455254862
5
 energy: -9.578460084266 gnorm: 0.001442058683 xtb: 6.2.2 (9d81278992624c895f80dd42a50cac0aa55982e2)
C        -0.96680855156449   -0.28039860287446   -0.54737751836907
C         0.02400049726735   -0.26113652057341    0.47925824138811
C         0.98544681392292   -0.14307245071832   -0.56752048384913
N        -0.05790857062270    0.66801450398354   -0.87479150753224
H         0.01526881099693    0.01659307018264    1.51043126836234
5
 energy: -9.578457350619 gnorm: 0.001849153706 xtb: 6.2.2 (9d81278992624c895f80dd42a50cac0aa55982e2)
C        -0.96700286471855   -0.28224232728743   -0.54715840055674
C         0.02341496023959   -0.26279285125264    0.47933755376419
C         0.98476439085807   -0.14193379855031   -0.56872797310620
N        -0.05558626622936    0.66846700467127   -0.87363767114016
H         0.01440877985024    0.01850197241911    1.51018649103891
5
 energy: -9.578461834828 gnorm: 0.000416905147 xtb: 6.2.2 (9d81278992624c895f80dd42a50cac0aa55982e2)
C        -0.96686909974624   -0.28131265077492   -0.54679692440803
C         0.02353430885338   -0.25980441539506    0.47942900542718
C         0.98504266513667   -0.14240556262952   -0.56770163592872
N        -0.05666849752620    0.66802580865035   -0.87536935851123
H         0.01495962328239    0.01549682014915    1.51043891342080
