5
 energy: -7.918142636737 gnorm: 0.301872551568 xtb: 6.2.2 (9d81278992624c895f80dd42a50cac0aa55982e2)
C        -0.04022100000000    0.61613500000000   -0.29159400000000
N        -1.34324700000000    0.28255400000000    0.25723100000000
C         1.02119900000000   -0.27390000000000    0.32455100000000
H        -1.65059700000000   -0.61055300000000   -0.19075300000000
H         2.01286600000000   -0.01423600000000   -0.09943500000000
5
 energy: -8.012963184793 gnorm: 0.199857718670 xtb: 6.2.2 (9d81278992624c895f80dd42a50cac0aa55982e2)
C        -0.05827579011700    0.48244607568259   -0.16881989773572
N        -1.35056149319370    0.32736783144586    0.18170648346703
C         1.03132157599320   -0.21922406713253    0.25206243167749
H        -1.66302052599420   -0.58909063357126   -0.17246414650106
H         2.04053623331169   -0.00149920642466   -0.09248487090773
5
 energy: -8.025074736042 gnorm: 0.378719636979 xtb: 6.2.2 (9d81278992624c895f80dd42a50cac0aa55982e2)
C        -0.06201765196819    0.34082527001498   -0.06198951637819
N        -1.25468640625048    0.33960420362623    0.12636507228535
C         0.95370255047864   -0.12076874018788    0.10986180998976
H        -1.66712416256530   -0.56087679659629   -0.14379295361104
H         2.03012567030533    0.00121606314296   -0.03044441228588
5
 energy: -8.065343490791 gnorm: 0.096780830811 xtb: 6.2.2 (9d81278992624c895f80dd42a50cac0aa55982e2)
C        -0.12097517146226    0.29084270320628   -0.01392775062588
N        -1.36241935781422    0.37559353677873    0.08585619448436
C         1.09233746720351   -0.12194984979965    0.08564454236243
H        -1.73478406517226   -0.54782999448537   -0.13739723398685
H         2.12584112724523    0.00334360430000   -0.02017575223406
5
 energy: -8.071094875874 gnorm: 0.057900035512 xtb: 6.2.2 (9d81278992624c895f80dd42a50cac0aa55982e2)
C        -0.07582510611231    0.20039433641278   -0.00039503608761
N        -1.34548050362065    0.35149237749054    0.07487261644812
C         1.14102642392335   -0.11080924898929    0.07614498319913
H        -1.89197733180440   -0.50935437959532   -0.14118186197705
H         2.17225651761400    0.06827691468130   -0.00944070158259
5
 energy: -8.072480000315 gnorm: 0.073645289716 xtb: 6.2.2 (9d81278992624c895f80dd42a50cac0aa55982e2)
C        -0.08870055141728    0.15448241212259   -0.01289488042490
N        -1.30319640176186    0.29586401348992    0.10310179290622
C         1.15317959530178   -0.03713291474857    0.07990845206867
H        -1.96940164248233   -0.46555784655737   -0.16918476195265
H         2.20811900035969    0.05234433569343   -0.00093060259734
5
 energy: -8.073783943788 gnorm: 0.059016893781 xtb: 6.2.2 (9d81278992624c895f80dd42a50cac0aa55982e2)
C        -0.08447510882825    0.17920308967250    0.03131384224672
N        -1.32233741034680    0.30709169297443    0.05782092706284
C         1.11641660295301   -0.03323102119649    0.05256825712356
H        -1.89065069072460   -0.47971731063224   -0.13677471848226
H         2.18104660694665    0.02665354918179   -0.00492830795086
5
 energy: -8.075174596908 gnorm: 0.032697162807 xtb: 6.2.2 (9d81278992624c895f80dd42a50cac0aa55982e2)
C        -0.08083357308654    0.11397896878578    0.04056290216398
N        -1.32533650075041    0.31683868452719    0.05804150369341
C         1.15372788210954   -0.03797942873278    0.05505234343306
H        -1.93243641327474   -0.45534881845286   -0.14770934846646
H         2.18487860500215    0.06251059387266   -0.00594740082399
5
 energy: -8.074474591678 gnorm: 0.034778959128 xtb: 6.2.2 (9d81278992624c895f80dd42a50cac0aa55982e2)
C        -0.08353505110592    0.09803000166753    0.01127349595408
N        -1.31103895776965    0.32205293125922    0.06730360108619
C         1.14527396182749   -0.07863332886164   -0.01143894804053
H        -1.96332461947056   -0.44650326128481   -0.12310655950594
H         2.21262466651863    0.10505365721970    0.05596841050621
5
 energy: -8.075579341822 gnorm: 0.016699546990 xtb: 6.2.2 (9d81278992624c895f80dd42a50cac0aa55982e2)
C        -0.08019847169475    0.11700492459424    0.03041925676839
N        -1.30486667138146    0.30153113583205    0.06575461574391
C         1.14739524855056   -0.02572698169468    0.04402720706421
H        -1.95297215926975   -0.45189711068859   -0.14784479741609
H         2.19064205379539    0.05908803195697    0.00764371783958
5
 energy: -8.075705085938 gnorm: 0.014832019808 xtb: 6.2.2 (9d81278992624c895f80dd42a50cac0aa55982e2)
C        -0.08344970524453    0.10072930795303    0.04240093619483
N        -1.31705304049071    0.30769493209729    0.05910484465527
C         1.15153272316976   -0.02237457352311    0.03675635788743
H        -1.94618979859217   -0.44638608092596   -0.14579344759896
H         2.19515982115765    0.06033641439875    0.00753130886143
5
 energy: -8.075810663781 gnorm: 0.002880274581 xtb: 6.2.2 (9d81278992624c895f80dd42a50cac0aa55982e2)
C        -0.08088755598997    0.09828092036670    0.03682583142706
N        -1.31069358430504    0.30549078479646    0.06262444983557
C         1.15083682307833   -0.02501455929525    0.03216520046622
H        -1.95447458779571   -0.44463404508679   -0.14526129496560
H         2.19521890501240    0.06587689921888    0.01364581323676
5
 energy: -8.075829830392 gnorm: 0.003754089025 xtb: 6.2.2 (9d81278992624c895f80dd42a50cac0aa55982e2)
C        -0.08157581416944    0.09495294573552    0.03635807267816
N        -1.30946541219903    0.30411089006380    0.06433336849812
C         1.15064593088193   -0.02136795664061    0.02780762788904
H        -1.95648041191084   -0.44281304606614   -0.14556872219267
H         2.19687570739739    0.06511716690744    0.01706965312735
5
 energy: -8.075855343762 gnorm: 0.003654221310 xtb: 6.2.2 (9d81278992624c895f80dd42a50cac0aa55982e2)
C        -0.08133643155584    0.08739136100954    0.03599012515325
N        -1.30797741129966    0.30216259838226    0.06790851611552
C         1.15108376679790   -0.01422183612613    0.02110742812970
H        -1.95964079219825   -0.43937005113559   -0.14708580038665
H         2.19787086825584    0.06403792786992    0.02207973098818
5
 energy: -8.075881603293 gnorm: 0.003703505683 xtb: 6.2.2 (9d81278992624c895f80dd42a50cac0aa55982e2)
C        -0.08192216539884    0.08267505229069    0.03602711685189
N        -1.30823208481073    0.29962547823294    0.07334706322049
C         1.15149739827272   -0.00172364137621    0.01612894360802
H        -1.96066457097442   -0.43780171826700   -0.15082049377303
H         2.19932142291127    0.05722482911957    0.02531737009263
5
 energy: -8.075916890403 gnorm: 0.002379407976 xtb: 6.2.2 (9d81278992624c895f80dd42a50cac0aa55982e2)
C        -0.08243717578777    0.07899851525204    0.03398700403907
N        -1.30956152017653    0.29615716375960    0.08447578456862
C         1.15164510676275    0.01788310315265    0.01199427283935
H        -1.95938817601783   -0.43745678630257   -0.15863587739298
H         2.19974176521938    0.04441800413827    0.02817881594594
5
 energy: -8.075937596703 gnorm: 0.000953931673 xtb: 6.2.2 (9d81278992624c895f80dd42a50cac0aa55982e2)
C        -0.08303502005436    0.07995569431290    0.03097733901847
N        -1.31139578476858    0.29356305148061    0.09471271444618
C         1.15159027169625    0.03309841118677    0.01309937495793
H        -1.95650580115364   -0.43901862309474   -0.16640101162519
H         2.19934633428033    0.03240146611446    0.02761158320260
5
 energy: -8.075942340001 gnorm: 0.000774611750 xtb: 6.2.2 (9d81278992624c895f80dd42a50cac0aa55982e2)
C        -0.08334094753080    0.08391662660762    0.02833888986743
N        -1.31273202634121    0.29256371530763    0.10019065396367
C         1.15123489246203    0.03855316717007    0.01863773108210
H        -1.95301421895703   -0.44109543222575   -0.17119770208896
H         2.19785230036701    0.02606192314042    0.02403042717575
