5
 energy: -10.133506936740 gnorm: 0.172392372106 xtb: 6.2.2 (9d81278992624c895f80dd42a50cac0aa55982e2)
C        -0.99597200000000    0.79096400000000    0.18573200000000
C         0.39263100000000    0.74754000000000   -0.41600800000000
C         0.33831600000000   -0.76821500000000   -0.42594500000000
C         1.31514000000000   -0.05027400000000    0.48039200000000
C        -1.05011400000000   -0.72001600000000    0.17582800000000
5
 energy: -10.168434661551 gnorm: 0.126067645906 xtb: 6.2.2 (9d81278992624c895f80dd42a50cac0aa55982e2)
C        -0.98623256062698    0.75869788508210    0.15167116987405
C         0.37547969385433    0.76179178682705   -0.34589121076717
C         0.32015847120522   -0.78212168575422   -0.35601362670967
C         1.32866691681744   -0.05028497876791    0.40804560509529
C        -1.03807152125000   -0.68808400738701    0.14218706250749
5
 energy: -10.186250865616 gnorm: 0.148501715376 xtb: 6.2.2 (9d81278992624c895f80dd42a50cac0aa55982e2)
C        -0.92377682643286    0.72416758210251    0.08687728898234
C         0.33356222410964    0.82604877083880   -0.20834055765238
C         0.27369217820625   -0.84501445403327   -0.21930152375769
C         1.28978321556442   -0.04794442017961    0.26294016708873
C        -0.97325979144744   -0.65725847872843    0.07782362533899
5
 energy: -10.195658617324 gnorm: 0.036516364347 xtb: 6.2.2 (9d81278992624c895f80dd42a50cac0aa55982e2)
C        -0.98700564019960    0.73916019867130    0.07547152053555
C         0.35285559371621    0.83455331815437   -0.18207979721732
C         0.29231795445009   -0.85522741726533   -0.19316157307705
C         1.37922839690500   -0.05095363638619    0.23352473123028
C        -1.03739530487171   -0.66753346317415    0.06624411852854
5
 energy: -10.197134500320 gnorm: 0.014826743810 xtb: 6.2.2 (9d81278992624c895f80dd42a50cac0aa55982e2)
C        -0.97070548969819    0.74626783756663    0.08969112355364
C         0.35919246372610    0.83337997808748   -0.20587785702147
C         0.29873197531916   -0.85419547938180   -0.21695553244666
C         1.33441974846924   -0.04948032104229    0.25276370690133
C        -1.02163769781630   -0.67597301523002    0.08037755901316
5
 energy: -10.197380334272 gnorm: 0.009471846737 xtb: 6.2.2 (9d81278992624c895f80dd42a50cac0aa55982e2)
C        -0.96780341775469    0.74636254226151    0.08662854565935
C         0.35761525631339    0.84059176421101   -0.19908324216333
C         0.29664769780470   -0.86138150262261   -0.21024456457640
C         1.33230046122414   -0.04934553160610    0.24541405309576
C        -1.01875899758755   -0.67622827224381    0.07728420798461
5
 energy: -10.197489452337 gnorm: 0.005181388130 xtb: 6.2.2 (9d81278992624c895f80dd42a50cac0aa55982e2)
C        -0.96610522914792    0.74684622833486    0.08524045112398
C         0.35751901704719    0.84856507335475   -0.19550949893147
C         0.29596758951920   -0.86934438410781   -0.20681822976815
C         1.32966726568730   -0.04925244422054    0.24111979926830
C        -1.01704764310577   -0.67681547336126    0.07596647830734
5
 energy: -10.197521156209 gnorm: 0.002984727542 xtb: 6.2.2 (9d81278992624c895f80dd42a50cac0aa55982e2)
C        -0.96537038001115    0.74659168999304    0.08606009323258
C         0.35821709997301    0.85243521174820   -0.19652115486068
C         0.29643649050190   -0.87334732998731   -0.20778480236374
C         1.32712927271452   -0.04908316615025    0.24166780677869
C        -1.01641148317829   -0.67659740560367    0.07657705721314
5
 energy: -10.197536055576 gnorm: 0.001379460523 xtb: 6.2.2 (9d81278992624c895f80dd42a50cac0aa55982e2)
C        -0.96508362168828    0.74566699719945    0.08710238686962
C         0.35916730445436    0.85499757392665   -0.19885474789892
C         0.29706262901939   -0.87563646169334   -0.21050510712987
C         1.32446211478645   -0.04927646206109    0.24392492667618
C        -1.01560742657191   -0.67575264737167    0.07833154148299
5
 energy: -10.197536491494 gnorm: 0.001356906664 xtb: 6.2.2 (9d81278992624c895f80dd42a50cac0aa55982e2)
C        -0.96401112759266    0.74472098925236    0.08950138953353
C         0.35924883825081    0.85469819250211   -0.20141115667155
C         0.29779607328469   -0.87665900539057   -0.21164386353638
C         1.32317586347729   -0.04811538384390    0.24572967884060
C        -1.01620864742013   -0.67464579252000    0.07782295183380
5
 energy: -10.197536971591 gnorm: 0.001112585445 xtb: 6.2.2 (9d81278992624c895f80dd42a50cac0aa55982e2)
C        -0.96530494313450    0.74434929677199    0.08755146604106
C         0.35975896345938    0.85524079388399   -0.20063225835974
C         0.29742089128320   -0.87539376898630   -0.21289707907498
C         1.32306289148804   -0.04971490517344    0.24598270280704
C        -1.01493680309611   -0.67448241649624    0.07999416858663
5
 energy: -10.197538486692 gnorm: 0.000260140979 xtb: 6.2.2 (9d81278992624c895f80dd42a50cac0aa55982e2)
C        -0.96492229175212    0.74491539906154    0.08781229964153
C         0.35929065232757    0.85464882300488   -0.19986892935411
C         0.29735462830541   -0.87556775278709   -0.21129924027196
C         1.32388909081221   -0.04907547388370    0.24481520050914
C        -1.01561107969306   -0.67492199539563    0.07853966947540
