5
 energy: -10.816006691495 gnorm: 0.343840906061 xtb: 6.2.2 (9d81278992624c895f80dd42a50cac0aa55982e2)
C        -0.82570700000000    1.34545800000000    0.00750200000000
C        -0.43041400000000   -0.07882300000000   -0.33267200000000
C         0.83042200000000   -0.46597300000000    0.41846500000000
C        -1.55446700000000   -1.01366100000000    0.06076200000000
N         1.98016600000000    0.21299800000000   -0.15405600000000
5
 energy: -10.928809859270 gnorm: 0.241497975722 xtb: 6.2.2 (9d81278992624c895f80dd42a50cac0aa55982e2)
C        -0.81533496686311    1.28370064111213   -0.01902527517011
C        -0.45049810049230   -0.08391406432778   -0.21937597636896
C         0.88290233560335   -0.39614126646880    0.34593442300552
C        -1.52640633428014   -0.96904145216429    0.01645119752155
N         1.90933706603219    0.16539514184874   -0.12398336898800
5
 energy: -10.875222565485 gnorm: 1.088923102031 xtb: 6.2.2 (9d81278992624c895f80dd42a50cac0aa55982e2)
C        -0.83552299677686    1.19701427961588   -0.05126445474562
C        -0.51274822580771   -0.11297872895239   -0.10193328721825
C         0.97505645759093   -0.28607083952353    0.15830029639295
C        -1.48824979801928   -0.88393726030242    0.00351379939301
N         1.86146456301292    0.08597154916246   -0.00861535382209
5
 energy: -10.979689101307 gnorm: 0.168522783985 xtb: 6.2.2 (9d81278992624c895f80dd42a50cac0aa55982e2)
C        -0.85826604276749    1.19685626440552   -0.05570984513579
C        -0.53600864094979   -0.10861669620990   -0.09896477344401
C         0.89836675361465   -0.30509129343537    0.12319816472808
C        -1.50906780506887   -0.89718954815414    0.02998727303707
N         2.00497573517152    0.11404027339389    0.00149018081465
5
 energy: -10.979656555923 gnorm: 0.122108038775 xtb: 6.2.2 (9d81278992624c895f80dd42a50cac0aa55982e2)
C        -0.92589402492856    1.24565005051174   -0.07109903069318
C        -0.47413953502322   -0.10183855007270    0.02297939531386
C         0.96639118676989   -0.27790075074940    0.19577903945614
C        -1.61519529417529   -0.94637867954226   -0.06292086398413
N         2.04883766735718    0.08046692985262   -0.08473754009269
5
 energy: -10.996121318501 gnorm: 0.071076452832 xtb: 6.2.2 (9d81278992624c895f80dd42a50cac0aa55982e2)
C        -0.98438786444064    1.18596434036608   -0.05951703942081
C        -0.48119432136145   -0.09359699859444   -0.01689723405482
C         0.95647408727611   -0.23465410649496    0.10567337730297
C        -1.57900980403946   -0.88987548202688   -0.01388574317827
N         2.08811790256545    0.03216124675021   -0.01537236064908
5
 energy: -11.001612967216 gnorm: 0.027293539136 xtb: 6.2.2 (9d81278992624c895f80dd42a50cac0aa55982e2)
C        -1.05710382949266    1.13890910127879   -0.06561576554633
C        -0.43827255242140   -0.08663490002727   -0.02052539811334
C         0.96370747371090   -0.25372919350687    0.05296306064132
C        -1.55225838326865   -0.81355091816695    0.01327068557309
N         2.08392729147180    0.01500491042231    0.01990841744525
5
 energy: -10.999149022117 gnorm: 0.160151214114 xtb: 6.2.2 (9d81278992624c895f80dd42a50cac0aa55982e2)
C        -1.24439895103060    1.09109015732098   -0.03912977724067
C        -0.39343190961466   -0.04125306697970    0.00156443444293
C         0.97142546807856   -0.14397396165226    0.05733690640484
C        -1.50116759007352   -0.75931958055889   -0.01777075078456
N         2.16757298264022   -0.14654454813013   -0.00199981282254
5
 energy: -11.005437508058 gnorm: 0.031174653864 xtb: 6.2.2 (9d81278992624c895f80dd42a50cac0aa55982e2)
C        -1.22047175434374    1.06621977460639   -0.06464662116048
C        -0.38593635589110   -0.06765582559155    0.02150206525235
C         1.01206212855817   -0.20156682395060    0.00749719039713
C        -1.56095542534157   -0.72282675663998    0.00143634688259
N         2.15530140701823   -0.07417136842428    0.03421201862841
5
 energy: -11.009978149449 gnorm: 0.079561617844 xtb: 6.2.2 (9d81278992624c895f80dd42a50cac0aa55982e2)
C        -1.24028087807209    0.98764562517704   -0.04235543561244
C        -0.33961608919644   -0.08275080189849   -0.00703906840021
C         1.02080260686216   -0.17607911113881    0.03674275283937
C        -1.58612807097389   -0.65533490295416   -0.00294689926320
N         2.14522243138025   -0.07348180918558    0.01559965043649
5
 energy: -10.980219099572 gnorm: 0.682860506685 xtb: 6.2.2 (9d81278992624c895f80dd42a50cac0aa55982e2)
C        -1.34483472271568    0.67633972538845    0.03786573949446
C        -0.16737844736650   -0.12356336903023   -0.10678823061363
C         1.06013102925432   -0.07025713301846    0.12523465439016
C        -1.67256782491095   -0.38952655550796   -0.01501936920789
N         2.12464996573881   -0.09299366783180   -0.04129179406310
5
 energy: -11.044552327423 gnorm: 0.186904941211 xtb: 6.2.2 (9d81278992624c895f80dd42a50cac0aa55982e2)
C        -1.28844808346524    0.85091189325856    0.02556128292703
C        -0.25611924829830   -0.12016351888707   -0.08739813104272
C         1.04664657953158   -0.07477035640769    0.13088103686307
C        -1.67723358565596   -0.55855818682599   -0.02490621111289
N         2.17515433788792   -0.09742083113781   -0.04413697763450
5
 energy: -11.058884680615 gnorm: 0.133977006763 xtb: 6.2.2 (9d81278992624c895f80dd42a50cac0aa55982e2)
C        -1.38037221081610    0.80761463250138    0.03909291902674
C        -0.24842313366116   -0.01934555617446   -0.10215900321788
C         1.02820081496362   -0.01183840716288    0.15309335126337
C        -1.60283625731810   -0.56105250020431   -0.02974966576913
N         2.20343078683173   -0.21537916895972   -0.06027660130310
5
 energy: -11.058482297303 gnorm: 0.168904474977 xtb: 6.2.2 (9d81278992624c895f80dd42a50cac0aa55982e2)
C        -1.51177783202266    0.76087702405585    0.05018788582502
C        -0.13532604108416   -0.00222038886002   -0.13814137484144
C         1.06887920611351   -0.04273968605756    0.17246624282626
C        -1.64079661990344   -0.47950018296179   -0.01287963501770
N         2.21902128689675   -0.23641776617648   -0.07163211879214
5
 energy: -11.075029155605 gnorm: 0.033390722952 xtb: 6.2.2 (9d81278992624c895f80dd42a50cac0aa55982e2)
C        -1.47531154927864    0.77618960267469    0.02403752541887
C        -0.20936918102289    0.03063414060289   -0.12397694892113
C         1.07113343673540   -0.06141238050179    0.11408274339716
C        -1.60568364128812   -0.51316606719364    0.00930257828014
N         2.21923093485425   -0.23224629558214   -0.02344489817505
5
 energy: -11.076609121642 gnorm: 0.022619880886 xtb: 6.2.2 (9d81278992624c895f80dd42a50cac0aa55982e2)
C        -1.50621813231590    0.77986948868408    0.00898528948666
C        -0.21817056661353    0.08059254546058   -0.12009085837757
C         1.06533056824342   -0.06424618592203    0.05708173227329
C        -1.56638605135939   -0.52753787631107    0.03666187488468
N         2.22544418204540   -0.26867897191156    0.01736296173294
5
 energy: -11.077121373498 gnorm: 0.029667255001 xtb: 6.2.2 (9d81278992624c895f80dd42a50cac0aa55982e2)
C        -1.51631801374294    0.76289411418911    0.00335096804452
C        -0.22150740346013    0.09578937120921   -0.11962457861848
C         1.07620775754684   -0.05624948627740    0.02090885740922
C        -1.57678756453608   -0.52558758548508    0.05174617040777
N         2.23840522419230   -0.27684741363585    0.04361958275696
5
 energy: -11.077522773145 gnorm: 0.010300694307 xtb: 6.2.2 (9d81278992624c895f80dd42a50cac0aa55982e2)
C        -1.53479753404301    0.77169419599456   -0.00190575904130
C        -0.21075578528953    0.09900025066829   -0.11309707726715
C         1.08454665894471   -0.06750697189260    0.01166863061512
C        -1.58012435614329   -0.52384911218698    0.05471311826634
N         2.24113101653111   -0.27933936258328    0.04862208742698
5
 energy: -11.077641415145 gnorm: 0.010368735130 xtb: 6.2.2 (9d81278992624c895f80dd42a50cac0aa55982e2)
C        -1.52282085218950    0.77076712330837   -0.00148460035983
C        -0.21251874966788    0.08808842334571   -0.10736703775613
C         1.08309996981297   -0.06370501241617    0.01149029836267
C        -1.58693685302928   -0.52353299815579    0.05054082781127
N         2.23917648507368   -0.27161853608212    0.04682151194202
5
 energy: -11.077716515741 gnorm: 0.007690223335 xtb: 6.2.2 (9d81278992624c895f80dd42a50cac0aa55982e2)
C        -1.51745987604728    0.77063497361681   -0.00347121806786
C        -0.21424330056434    0.08209377572279   -0.09693887944186
C         1.08327734092088   -0.05834405859347    0.00322710537531
C        -1.59145244805043   -0.52447662319897    0.04760733658822
N         2.23987828374117   -0.26990906754716    0.04957665554619
5
 energy: -11.077774707193 gnorm: 0.009896230823 xtb: 6.2.2 (9d81278992624c895f80dd42a50cac0aa55982e2)
C        -1.51606831419688    0.77176427113149   -0.00607560678293
C        -0.21451505513841    0.07572595325357   -0.08320806931802
C         1.08542223674203   -0.05544441047965   -0.00030952228924
C        -1.59543515391326   -0.52341191993094    0.04127818883498
N         2.24059628650653   -0.26863489397446    0.04831600955520
5
 energy: -11.077565408656 gnorm: 0.015156487776 xtb: 6.2.2 (9d81278992624c895f80dd42a50cac0aa55982e2)
C        -1.51532666595005    0.77644755298021   -0.02915351421192
C        -0.21539066800257    0.06573112137437   -0.05435491187232
C         1.08321323485398   -0.07329645637322    0.05830384650855
C        -1.60528272588767   -0.51687937551363    0.02769593757601
N         2.25278682498632   -0.25200384246771   -0.00249035800041
5
 energy: -11.077996783319 gnorm: 0.004925471357 xtb: 6.2.2 (9d81278992624c895f80dd42a50cac0aa55982e2)
C        -1.51825356933520    0.77523947246743   -0.02087010099408
C        -0.21593002256630    0.06674693096859   -0.04999741088530
C         1.08700659005722   -0.06333819532394    0.01195157324417
C        -1.60281658329691   -0.51855001026344    0.03074608488759
N         2.24999358514119   -0.26009919784863    0.02817085374758
5
 energy: -11.078076757506 gnorm: 0.003954576179 xtb: 6.2.2 (9d81278992624c895f80dd42a50cac0aa55982e2)
C        -1.51794599460086    0.77723767776141   -0.02652720838102
C        -0.21605827600435    0.06100346259276   -0.03284938507720
C         1.08724590174093   -0.06672400239384    0.00984507419653
C        -1.60510885034774   -0.51604883349233    0.02594432044151
N         2.25186721921201   -0.25546930446799    0.02358819882014
5
 energy: -11.078207340690 gnorm: 0.003901838267 xtb: 6.2.2 (9d81278992624c895f80dd42a50cac0aa55982e2)
C        -1.51352802881792    0.78432520140570   -0.04201324530715
C        -0.21666256993303    0.04084000758544    0.01267730385383
C         1.08582753900170   -0.08118520940343    0.00910322817588
C        -1.61148384931880   -0.50721858407884    0.01220791165345
N         2.25584690906806   -0.23676241550885    0.00802580162392
5
 energy: -11.078232150339 gnorm: 0.003009562225 xtb: 6.2.2 (9d81278992624c895f80dd42a50cac0aa55982e2)
C        -1.51013847545589    0.78628349845186   -0.04191555795287
C        -0.21754003088539    0.03520450237310    0.01454046644667
C         1.08438744348754   -0.08615150509353    0.00837070316608
C        -1.61215743702575   -0.50483926620477    0.01113887288836
N         2.25544849987950   -0.23049822952664    0.00786651545168
5
 energy: -11.078256624466 gnorm: 0.001905213608 xtb: 6.2.2 (9d81278992624c895f80dd42a50cac0aa55982e2)
C        -1.50434941687453    0.78979749034234   -0.03999569982800
C        -0.21955687528517    0.02591086257065    0.01307069049600
C         1.08287272199366   -0.09484304953472    0.00731770714057
C        -1.61509404434958   -0.50121504857061    0.01050485447449
N         2.25612761451563   -0.21965125480764    0.00910344771687
5
 energy: -11.078266410403 gnorm: 0.001578601848 xtb: 6.2.2 (9d81278992624c895f80dd42a50cac0aa55982e2)
C        -1.50014760673786    0.79175698256597   -0.03597681976335
C        -0.22050145743180    0.02057974970227    0.00442780622416
C         1.08254986253709   -0.10059266176749    0.00754629107249
C        -1.61860854784410   -0.49926087881872    0.01204850156977
N         2.25670774947667   -0.21248419168201    0.01195522089685
5
 energy: -11.078270004052 gnorm: 0.000738767210 xtb: 6.2.2 (9d81278992624c895f80dd42a50cac0aa55982e2)
C        -1.49974985607113    0.79167885073299   -0.03403685425048
C        -0.22011777347864    0.02005364418401   -0.00021574463787
C         1.08316556420794   -0.10138761746254    0.00744071998639
C        -1.62076196265928   -0.49892781915185    0.01317504839773
N         2.25746402800111   -0.21141805830258    0.01363783050416
