5
 energy: -9.337697344113 gnorm: 0.192794779633 xtb: 6.2.2 (9d81278992624c895f80dd42a50cac0aa55982e2)
C        -0.70131300000000    1.42684000000000    0.03789100000000
C        -0.43937700000000   -0.00228600000000    0.47480200000000
C        -1.18947300000000   -0.96610300000000   -0.42537500000000
N         0.98892700000000   -0.28804600000000    0.44580800000000
H         1.34123700000000   -0.17040400000000   -0.53312600000000
5
 energy: -9.387990340977 gnorm: 0.099146994093 xtb: 6.2.2 (9d81278992624c895f80dd42a50cac0aa55982e2)
C        -0.75757636621800    1.33473353647676    0.06041786472815
C        -0.38448933728269    0.00744934279004    0.36667711678518
C        -1.20822093757981   -0.87430893316571   -0.36724591730840
N         0.96913825821353   -0.28269269123874    0.43901026518198
H         1.38114938286697   -0.18518025486234   -0.49885932938691
5
 energy: -9.430029356599 gnorm: 0.095629707566 xtb: 6.2.2 (9d81278992624c895f80dd42a50cac0aa55982e2)
C        -0.88127210150136    1.15769709121200    0.02898170306997
C        -0.28787124565508   -0.00378308308220    0.32288066456440
C        -1.25314092236799   -0.66517704251760   -0.32392145961186
N         0.98144432494318   -0.28442924977964    0.43502089105585
H         1.44084094458124   -0.20430671583257   -0.46296179907835
5
 energy: -9.514534462541 gnorm: 0.095015627838 xtb: 6.2.2 (9d81278992624c895f80dd42a50cac0aa55982e2)
C        -1.10338968821138    0.94514114104935   -0.01708660473131
C        -0.11965965735308   -0.02478726185567    0.25412378432512
C        -1.37438660253919   -0.38326902647109   -0.27426341253305
N         1.04140509100945   -0.29804089765189    0.44214708185150
H         1.55603185709419   -0.23904295507070   -0.40492084891225
5
 energy: -9.320746101774 gnorm: 1.267755014899 xtb: 6.2.2 (9d81278992624c895f80dd42a50cac0aa55982e2)
C        -1.32102554707623    0.80136781244201   -0.01931906160463
C        -0.02055347814910   -0.02277684603718    0.13930611228392
C        -1.52071145365503   -0.17748363403763   -0.20882434374436
N         1.12551594409976   -0.31586112500289    0.44557619456056
H         1.73677553478060   -0.28524520736431   -0.35673890149549
5
 energy: -9.516121159201 gnorm: 0.100953297301 xtb: 6.2.2 (9d81278992624c895f80dd42a50cac0aa55982e2)
C        -1.28273105426674    0.94092688266945    0.02850220046707
C        -0.05798675790174   -0.00786063857041    0.10170327836761
C        -1.54163722862220   -0.32822158451895   -0.21720473048765
N         1.13401605587875   -0.31774990728546    0.44638261887372
H         1.74833998491192   -0.28709375229463   -0.35938336722075
5
 energy: -9.519234443761 gnorm: 0.088080826399 xtb: 6.2.2 (9d81278992624c895f80dd42a50cac0aa55982e2)
C        -1.14902827884755    0.93158128153403   -0.00647477793046
C        -0.16319926318063   -0.01962194656226    0.27333139321164
C        -1.41214672429369   -0.35824713198509   -0.25618767220415
N         1.03197823038529   -0.28601407357759    0.38998047647431
H         1.69239703593657   -0.26769712940908   -0.40064941955133
5
 energy: -9.529552874152 gnorm: 0.039499016830 xtb: 6.2.2 (9d81278992624c895f80dd42a50cac0aa55982e2)
C        -1.21588939643402    0.93777844005863    0.01860589678208
C        -0.11711862982835   -0.01204278242121    0.18562597082404
C        -1.47802814931599   -0.34725475780297   -0.23018299971533
N         1.06893775643428   -0.29452742731068    0.39503685594896
H         1.74209941914410   -0.28395247252376   -0.36908572383976
5
 energy: -9.531447692073 gnorm: 0.036601886071 xtb: 6.2.2 (9d81278992624c895f80dd42a50cac0aa55982e2)
C        -1.24036245742690    0.93944462571389    0.03942542948579
C        -0.11940870044078   -0.00385840623341    0.14578167677013
C        -1.50274677577756   -0.34688913603450   -0.20963354687043
N         1.07135719213834   -0.29115333113155    0.37515497490384
H         1.79116174150690   -0.29754275231443   -0.35072853428932
5
 energy: -9.534090052440 gnorm: 0.032259962167 xtb: 6.2.2 (9d81278992624c895f80dd42a50cac0aa55982e2)
C        -1.25805489272585    0.93971472638363    0.07052080389164
C        -0.11930725262179    0.00798749742381    0.08450150706394
C        -1.52142286672334   -0.35157945842972   -0.17955257836167
N         1.06709395357085   -0.28233959353589    0.33445925006736
H         1.83169205850012   -0.31378217184182   -0.30992898266127
5
 energy: -9.535396816831 gnorm: 0.042836573172 xtb: 6.2.2 (9d81278992624c895f80dd42a50cac0aa55982e2)
C        -1.27165277377312    0.93799228726852    0.10700448302440
C        -0.13108386021437    0.02064979779000    0.03158642505883
C        -1.53585376738027   -0.35802336158321   -0.14417031000837
N         1.03843151322291   -0.26495835978899    0.27600933893302
H         1.90015988814486   -0.33565936368632   -0.27042993700788
5
 energy: -9.536190943509 gnorm: 0.025646996880 xtb: 6.2.2 (9d81278992624c895f80dd42a50cac0aa55982e2)
C        -1.25352579164139    0.93336976197384    0.11299487368642
C        -0.14117769295712    0.02469098188252    0.02118820822126
C        -1.51784302734309   -0.36307111320542   -0.13846938926563
N         1.03587213008324   -0.25986590147863    0.25398326676350
H         1.87667538185836   -0.33512272917231   -0.24969695940555
5
 energy: -9.536497436406 gnorm: 0.010345111880 xtb: 6.2.2 (9d81278992624c895f80dd42a50cac0aa55982e2)
C        -1.26317715804269    0.93303250767630    0.11752540220666
C        -0.13568746234939    0.02555802590257    0.01145763792164
C        -1.52620871175196   -0.36057963918629   -0.13408995093133
N         1.03460585265922   -0.25837052470940    0.25145089556881
H         1.89046847948482   -0.33963936968318   -0.24634398476578
5
 energy: -9.536536554443 gnorm: 0.006849519333 xtb: 6.2.2 (9d81278992624c895f80dd42a50cac0aa55982e2)
C        -1.26504557848624    0.93160868787959    0.11949128980502
C        -0.13610694432549    0.02601981978552    0.00889330696839
C        -1.52733473725556   -0.35922178624323   -0.13291180869475
N         1.03489888762858   -0.25597787017894    0.24830962648021
H         1.89358937243869   -0.34242785124293   -0.24378241455887
5
 energy: -9.536619445523 gnorm: 0.006327908043 xtb: 6.2.2 (9d81278992624c895f80dd42a50cac0aa55982e2)
C        -1.27391184660406    0.92942415091987    0.12850693387684
C        -0.13617168595112    0.02805756892999    0.00539732151335
C        -1.52322435020468   -0.35410437620467   -0.13618605458733
N         1.03766075819325   -0.23993824262814    0.24285341199173
H         1.89564812456661   -0.36343810101706   -0.24057161279458
5
 energy: -9.534779541484 gnorm: 0.107602325287 xtb: 6.2.2 (9d81278992624c895f80dd42a50cac0aa55982e2)
C        -1.34619015300862    0.90282587361929    0.21690621666915
C        -0.13823233471993    0.03923673151388   -0.02472944557891
C        -1.49501905944864   -0.30893007726404   -0.17695568770295
N         1.06968849868012   -0.06366524355542    0.20089389141109
H         1.90975404849706   -0.56946628431371   -0.21611497479837
5
 energy: -9.537434918224 gnorm: 0.042061923941 xtb: 6.2.2 (9d81278992624c895f80dd42a50cac0aa55982e2)
C        -1.29271687210599    0.91351360263495    0.15826754427542
C        -0.13087160290649    0.02855273930561   -0.00367971316309
C        -1.51668749419497   -0.33729836841412   -0.15666602513178
N         1.05399630104333   -0.16797451286149    0.23122769196669
H         1.88628066816412   -0.43679246066494   -0.22914949794725
5
 energy: -9.538664007029 gnorm: 0.043372384381 xtb: 6.2.2 (9d81278992624c895f80dd42a50cac0aa55982e2)
C        -1.30946107017563    0.91807332732838    0.17381906852838
C        -0.12679675113195    0.03411194971050    0.00342698717550
C        -1.49232195154887   -0.33120094548075   -0.17769570919962
N         1.06313962504254   -0.13425503833447    0.23883155792557
H         1.86544114781391   -0.48672829322365   -0.23838190442983
5
 energy: -9.512546916854 gnorm: 0.161136462983 xtb: 6.2.2 (9d81278992624c895f80dd42a50cac0aa55982e2)
C        -1.39083801032060    0.92034943576958    0.27686435745865
C        -0.10592558494897    0.05418226383014    0.03733840702611
C        -1.37649666446914   -0.29266229187398   -0.30841408824647
N         1.12636934130691    0.11596165259615    0.27006819344499
H         1.74689191843179   -0.79783006032190   -0.27585686968329
5
 energy: -9.540371273382 gnorm: 0.063545171210 xtb: 6.2.2 (9d81278992624c895f80dd42a50cac0aa55982e2)
C        -1.33895306654892    0.91615034941916    0.21262659920970
C        -0.11116424397966    0.05036365558877    0.03097288059753
C        -1.44027469676820   -0.32013698157150   -0.24117697208389
N         1.08683641480266   -0.03301018535421    0.25193363909887
H         1.80355659249411   -0.61336583808222   -0.25435614682219
5
 energy: -9.542584504908 gnorm: 0.038180874713 xtb: 6.2.2 (9d81278992624c895f80dd42a50cac0aa55982e2)
C        -1.30676056162570    0.90777248787776    0.20091671440941
C        -0.12455218659980    0.04238517925286    0.02641169085533
C        -1.47211798103009   -0.33513739373547   -0.22658312493783
N         1.08476541049028   -0.04853445917029    0.23966343814791
H         1.81866631876530   -0.56648481422486   -0.24040871847480
5
 energy: -9.545660996709 gnorm: 0.032739980955 xtb: 6.2.2 (9d81278992624c895f80dd42a50cac0aa55982e2)
C        -1.32667441684612    0.87795296344648    0.24643093840386
C        -0.10996838059621    0.07454229770442    0.04376146134560
C        -1.45108821174859   -0.34434744307809   -0.26899764447491
N         1.11097575916190    0.03738501981911    0.17921234361522
H         1.77675625002902   -0.64553183789193   -0.20040709888976
5
 energy: -9.546735655300 gnorm: 0.017937993206 xtb: 6.2.2 (9d81278992624c895f80dd42a50cac0aa55982e2)
C        -1.32137623125970    0.85980576991540    0.25907796711401
C        -0.09585836467753    0.08614696182512    0.04516762970952
C        -1.44904920764207   -0.34599306493020   -0.28074751871931
N         1.11964390705902    0.06221026807305    0.16029133507444
H         1.74664089652028   -0.66216893488336   -0.18378941317865
5
 energy: -9.547002148210 gnorm: 0.005434308787 xtb: 6.2.2 (9d81278992624c895f80dd42a50cac0aa55982e2)
C        -1.31827874680306    0.84992651336845    0.26305896135956
C        -0.09033061868305    0.09262491113199    0.04521133633105
C        -1.45175393537527   -0.34510506345436   -0.28437139907648
N         1.12651025358231    0.06834698088140    0.15115837077762
H         1.73385404727908   -0.66579234192748   -0.17505726939175
5
 energy: -9.547046347764 gnorm: 0.006343560566 xtb: 6.2.2 (9d81278992624c895f80dd42a50cac0aa55982e2)
C        -1.32212314746909    0.84258913132462    0.27151044943572
C        -0.08799787757068    0.10191608903664    0.04494443716581
C        -1.44899535472977   -0.34586983633813   -0.28995488160172
N         1.13152827916920    0.07979864386735    0.13903851588495
H         1.72758910060034   -0.67843302789048   -0.16553852088476
5
 energy: -9.547088360254 gnorm: 0.003490198886 xtb: 6.2.2 (9d81278992624c895f80dd42a50cac0aa55982e2)
C        -1.32258916521848    0.84221700494872    0.27231124010659
C        -0.08806049798842    0.10515530898918    0.04230745057206
C        -1.44809683668759   -0.34642850235329   -0.28866533450479
N         1.13077464879425    0.07654837132249    0.13760719925229
H         1.72797285110024   -0.67749118290709   -0.16356055542615
5
 energy: -9.547116579326 gnorm: 0.001702665100 xtb: 6.2.2 (9d81278992624c895f80dd42a50cac0aa55982e2)
C        -1.32512234036388    0.84162313519234    0.27417668991853
C        -0.08845270759219    0.11123742040276    0.04127449937527
C        -1.44471057454388   -0.34785709728202   -0.28853763649957
N         1.13005062009513    0.07423659783242    0.13390107137334
H         1.72823600240482   -0.67923905614550   -0.16081462416758
5
 energy: -9.547122092294 gnorm: 0.000985441819 xtb: 6.2.2 (9d81278992624c895f80dd42a50cac0aa55982e2)
C        -1.32724044479355    0.84146218828894    0.27436642664979
C        -0.08871979514468    0.11475456183885    0.04380409455782
C        -1.44190673456241   -0.34882346957717   -0.28944737894394
N         1.12978060139710    0.07372566220912    0.13196907100391
H         1.72808737310352   -0.68111794275974   -0.16069221326757
5
 energy: -9.547123161960 gnorm: 0.000332535582 xtb: 6.2.2 (9d81278992624c895f80dd42a50cac0aa55982e2)
C        -1.32716396475305    0.84156426464838    0.27349319577832
C        -0.08855649715014    0.11423777649687    0.04524253104185
C        -1.44214100537925   -0.34870363328600   -0.28968941143134
N         1.12989816102836    0.07382372537437    0.13278658948546
H         1.72796430625408   -0.68092113323362   -0.16183290487429
