5
 energy: -10.914597269479 gnorm: 0.116218499983 xtb: 6.2.2 (9d81278992624c895f80dd42a50cac0aa55982e2)
C         1.41103800000000   -0.03618300000000   -0.00931700000000
N         0.17915600000000    0.76428800000000   -0.03747900000000
C        -0.87190100000000   -0.02708800000000   -0.72627800000000
C        -0.86054100000000    0.04216100000000    0.73913200000000
C         0.14224700000000   -0.74317800000000    0.03394300000000
5
 energy: -10.926301562140 gnorm: 0.058980176291 xtb: 6.2.2 (9d81278992624c895f80dd42a50cac0aa55982e2)
C         1.36370233779027   -0.04076008649017   -0.00872824394517
N         0.16328516540025    0.79167852060209   -0.03862768794144
C        -0.84227941950144   -0.02394956620338   -0.74298890074359
C        -0.83064028876376    0.04686554576233    0.75499174844523
C         0.14593120507468   -0.77383441367087    0.03535408418496
5
 energy: -10.930257135472 gnorm: 0.018460473264 xtb: 6.2.2 (9d81278992624c895f80dd42a50cac0aa55982e2)
C         1.32271656388309   -0.04160746889802   -0.00835861723889
N         0.14695182412150    0.81561874062397   -0.03961063142252
C        -0.81557428380956   -0.01804097132967   -0.75597401786995
C        -0.80370131096199    0.05398115952749    0.76692513795980
C         0.14960620676696   -0.80995145992378    0.03701912857157
5
 energy: -10.930498397543 gnorm: 0.008655035249 xtb: 6.2.2 (9d81278992624c895f80dd42a50cac0aa55982e2)
C         1.32244495811018   -0.03851676334920   -0.00850281037683
N         0.14539740276463    0.81741550996102   -0.03967628885704
C        -0.81444200015698   -0.01566325446999   -0.75622679791786
C        -0.80256179971216    0.05638043154511    0.76693055040800
C         0.14916043899433   -0.81961592368694    0.03747634674373
5
 energy: -10.930578178196 gnorm: 0.003209071698 xtb: 6.2.2 (9d81278992624c895f80dd42a50cac0aa55982e2)
C         1.32329684219438   -0.03519122792066   -0.00866799642679
N         0.14558398510141    0.81779496652547   -0.03968751920129
C        -0.81468826503231   -0.01374641188355   -0.75481916076683
C        -0.80283070283103    0.05816888165912    0.76534999390464
C         0.14863714056754   -0.82702620838037    0.03782568249028
5
 energy: -10.930590122974 gnorm: 0.002461717045 xtb: 6.2.2 (9d81278992624c895f80dd42a50cac0aa55982e2)
C         1.32261903716243   -0.03403044322533   -0.00871808338338
N         0.14641097493401    0.81798208937345   -0.03969787790819
C        -0.81469918730095   -0.01333019300792   -0.75371659612380
C        -0.80286054862864    0.05848938635309    0.76421355337630
C         0.14852872383314   -0.82911083949328    0.03792000403907
5
 energy: -10.930600820814 gnorm: 0.001553747929 xtb: 6.2.2 (9d81278992624c895f80dd42a50cac0aa55982e2)
C         1.32076899458457   -0.03264990782086   -0.00876948642697
N         0.14803421118601    0.81861113513955   -0.03973026986358
C        -0.81453284320427   -0.01306293894605   -0.75211668899236
C        -0.80272259331662    0.05862633607300    0.76259418592612
C         0.14845123075031   -0.83152462444564    0.03802325935680
5
 energy: -10.930612885578 gnorm: 0.002792837922 xtb: 6.2.2 (9d81278992624c895f80dd42a50cac0aa55982e2)
C         1.31756026314329   -0.03122875380544   -0.00881207469397
N         0.15000071552529    0.82037921701516   -0.03981047951801
C        -0.81386201207418   -0.01292081714226   -0.75063941940046
C        -0.80207968651758    0.05866933262228    0.76110143271260
C         0.14837971992317   -0.83489897868975    0.03816154089984
5
 energy: -10.930665185063 gnorm: 0.007984688057 xtb: 6.2.2 (9d81278992624c895f80dd42a50cac0aa55982e2)
C         1.31404478162951   -0.02953140213092   -0.00886543682240
N         0.15143888172298    0.82275579803592   -0.03991442937642
C        -0.81274712661500   -0.01242777995858   -0.74927899632590
C        -0.80099022342472    0.05907298135634    0.75968409077363
C         0.14825268668723   -0.83986959730276    0.03837577175109
5
 energy: -10.931775167688 gnorm: 0.045545320345 xtb: 6.2.2 (9d81278992624c895f80dd42a50cac0aa55982e2)
C         1.30052216643526   -0.02262617390440   -0.00908838453271
N         0.15740823017536    0.83100939710905   -0.04028736618381
C        -0.80870607655888   -0.01039661953297   -0.74320146688492
C        -0.79705936963935    0.06065561837547    0.75338295597354
C         0.14783404958761   -0.85864222204715    0.03919526162790
5
 energy: -10.959181765890 gnorm: 0.123438792824 xtb: 6.2.2 (9d81278992624c895f80dd42a50cac0aa55982e2)
C         1.22269972874588    0.01657269440021   -0.01034606857758
N         0.19178033058669    0.87728906741781   -0.04240776759076
C        -0.78579924948911    0.00125675710809   -0.70732589900976
C        -0.77479908593196    0.06957589058195    0.71623426031070
C         0.14611727608849   -0.96469440950807    0.04384647486740
5
 energy: -10.960178424234 gnorm: 0.168717293492 xtb: 6.2.2 (9d81278992624c895f80dd42a50cac0aa55982e2)
C         1.10263302655189    0.04484131825432   -0.01090681956758
N         0.21890086999574    0.96627099089259   -0.04629418375854
C        -0.74178888119426    0.01144436665667   -0.66891573644030
C        -0.73171163913475    0.07702422017688    0.67635267139218
C         0.15196562378138   -1.09958089598046    0.04976506837424
5
 energy: -10.976435162150 gnorm: 0.032312868717 xtb: 6.2.2 (9d81278992624c895f80dd42a50cac0aa55982e2)
C         1.11873986682049   -0.02288949912006   -0.00829638861371
N         0.15726861359628    1.00010569111278   -0.04723971986690
C        -0.72662925222292   -0.00355457215554   -0.71551520418597
C        -0.71644045522089    0.06625031554065    0.72380679908432
C         0.16706022702704   -1.03991193537783    0.04724551358226
5
 energy: -10.977518285053 gnorm: 0.009247395483 xtb: 6.2.2 (9d81278992624c895f80dd42a50cac0aa55982e2)
C         1.13730370965257   -0.01330164375638   -0.00894944335283
N         0.16972008862807    0.97643244026446   -0.04621283277865
C        -0.74069729438124   -0.00293740201431   -0.70969641387215
C        -0.73068511197922    0.06628170422353    0.71817343700641
C         0.16435760807981   -1.02647509871730    0.04668625299722
5
 energy: -10.977586137566 gnorm: 0.004483148371 xtb: 6.2.2 (9d81278992624c895f80dd42a50cac0aa55982e2)
C         1.13302673938468   -0.01253107928763   -0.00908746986861
N         0.17256911280938    0.97767182164621   -0.04617543895549
C        -0.74058058342786   -0.00300914187558   -0.70770410153121
C        -0.73079542227820    0.06611041115706    0.71616975406456
C         0.16577915351200   -1.02824201164007    0.04679825629074
5
 energy: -10.977602124448 gnorm: 0.002335703926 xtb: 6.2.2 (9d81278992624c895f80dd42a50cac0aa55982e2)
C         1.13091509513630   -0.01244975525948   -0.00933137490974
N         0.17438711252205    0.97797324371094   -0.04599334961021
C        -0.74109746781889   -0.00306969995468   -0.70693762454548
C        -0.73167407260594    0.06609869035527    0.71535711842782
C         0.16746833276647   -1.02855247885206    0.04690623063761
5
 energy: -10.977606035377 gnorm: 0.001379074276 xtb: 6.2.2 (9d81278992624c895f80dd42a50cac0aa55982e2)
C         1.13071286123172   -0.01257985677679   -0.00962893774979
N         0.17485595167954    0.97798557966552   -0.04574933992286
C        -0.74153855171081   -0.00301101916018   -0.70697056987347
C        -0.73251411288333    0.06628583269111    0.71530394193989
C         0.16848285168288   -1.02868053641966    0.04704590560623
5
 energy: -10.977608065484 gnorm: 0.000756046668 xtb: 6.2.2 (9d81278992624c895f80dd42a50cac0aa55982e2)
C         1.13122868614374   -0.01291333852448   -0.01049758531146
N         0.17507216106254    0.97791823357095   -0.04503270562152
C        -0.74209062646637   -0.00289815089141   -0.70724397067051
C        -0.73419077952888    0.06676589781441    0.71530594801010
C         0.16997955878897   -1.02887264196947    0.04746931359339
