5
 energy: -10.923366131027 gnorm: 0.230744798585 xtb: 6.2.2 (9d81278992624c895f80dd42a50cac0aa55982e2)
C         1.56141000000000   -0.15352400000000    0.36637600000000
C         0.28546700000000   -0.03137800000000   -0.43938100000000
C        -0.79324600000000    0.10023800000000    0.55366300000000
N        -0.37962100000000    1.26297800000000   -0.24234500000000
C        -0.67401000000000   -1.17831400000000   -0.23831300000000
5
 energy: -10.981400708105 gnorm: 0.156354117095 xtb: 6.2.2 (9d81278992624c895f80dd42a50cac0aa55982e2)
C         1.56528835968437   -0.17296121702340    0.30542866878040
C         0.35980933950818   -0.03357971716398   -0.39499794858988
C        -0.87811720419022    0.13132435176718    0.51382887301750
N        -0.40010871748170    1.19497652568562   -0.21118660156023
C        -0.64687177752063   -1.11975994326542   -0.21307299164779
5
 energy: -11.011582975625 gnorm: 0.171066894014 xtb: 6.2.2 (9d81278992624c895f80dd42a50cac0aa55982e2)
C         1.61350598212791   -0.23476338484899    0.20760491706356
C         0.50356314567541   -0.01600318644704   -0.28732401299305
C        -0.99730661609261    0.17822076646843    0.42315053171010
N        -0.48885934707228    1.10025340659604   -0.17460422887946
C        -0.63090316463842   -1.02770760176845   -0.16882720690115
5
 energy: -11.028788803428 gnorm: 0.086746620173 xtb: 6.2.2 (9d81278992624c895f80dd42a50cac0aa55982e2)
C         1.70537394310009   -0.25983075220180    0.16074375842885
C         0.49170285493436    0.00234811635208   -0.23514103113862
C        -1.12293668282845    0.17232825703094    0.35980997618943
N        -0.46542155305474    1.15073811005804   -0.15599178972998
C        -0.60871856215126   -1.06558373123926   -0.12942091374967
5
 energy: -11.035557717578 gnorm: 0.065609006026 xtb: 6.2.2 (9d81278992624c895f80dd42a50cac0aa55982e2)
C         1.73028391356970   -0.24112518267053    0.14277062745996
C         0.51374054392349    0.00017176422726   -0.19515724699179
C        -1.13247293340358    0.15468889898795    0.32885066502848
N        -0.46479949480246    1.14496157002407   -0.15191815891396
C        -0.64675202928714   -1.05869705056874   -0.12454588658269
5
 energy: -11.042851834909 gnorm: 0.063003455219 xtb: 6.2.2 (9d81278992624c895f80dd42a50cac0aa55982e2)
C         1.77822251184604   -0.19959689142209    0.10213216392650
C         0.54464015274839    0.00130164285434   -0.10140776336756
C        -1.14480765101697    0.12181996310918    0.24862679749048
N        -0.45365913969530    1.13870021509759   -0.13734801512315
C        -0.72439587388216   -1.06222492963902   -0.11200318292626
5
 energy: -11.046724503166 gnorm: 0.054468751030 xtb: 6.2.2 (9d81278992624c895f80dd42a50cac0aa55982e2)
C         1.77029197733445   -0.19497853533080    0.07732006665658
C         0.54115046032476    0.01266954192635   -0.06535935340141
C        -1.15084785415873    0.12718291763321    0.20005668520203
N        -0.43548426663935    1.15203673931421   -0.11650581720612
C        -0.72511031686112   -1.09691066354296   -0.09551158125108
5
 energy: -11.050646445952 gnorm: 0.036802586985 xtb: 6.2.2 (9d81278992624c895f80dd42a50cac0aa55982e2)
C         1.76828084804240   -0.19680709051664    0.05882599670007
C         0.52230472797885    0.04471116460075    0.00648030128198
C        -1.10404360961175    0.13492808232023    0.12729972540886
N        -0.43796765089867    1.16688461603217   -0.10499286671153
C        -0.74857431551083   -1.14971677243650   -0.08761315667938
5
 energy: -11.051400032445 gnorm: 0.016117907497 xtb: 6.2.2 (9d81278992624c895f80dd42a50cac0aa55982e2)
C         1.75562278795367   -0.18293130737278    0.05113059806751
C         0.51802758041080    0.04895535430185    0.01908200603114
C        -1.09392460872063    0.12068706811627    0.09984904123093
N        -0.41950874219189    1.17821431902234   -0.09485770641340
C        -0.76021701745195   -1.16492543406768   -0.07520393891618
5
 energy: -11.051608858319 gnorm: 0.014533364028 xtb: 6.2.2 (9d81278992624c895f80dd42a50cac0aa55982e2)
C         1.76683419378377   -0.18617466845951    0.04189603803755
C         0.52366886824591    0.05677866300686    0.03711038743453
C        -1.10089475154486    0.11522180904246    0.07869396072083
N        -0.42257000650954    1.18047913323590   -0.09159622517389
C        -0.76703830397528   -1.16630493682572   -0.06610416101902
5
 energy: -11.051849747570 gnorm: 0.009724320877 xtb: 6.2.2 (9d81278992624c895f80dd42a50cac0aa55982e2)
C         1.76259170736112   -0.19276134929881    0.04325368517486
C         0.52596233416096    0.06791183417962    0.03913492341470
C        -1.08901406957444    0.11050938586272    0.06742409533534
N        -0.42932235510413    1.18207057165697   -0.09129481433560
C        -0.77021761684351   -1.16773044240051   -0.05851788958930
5
 energy: -11.052083751149 gnorm: 0.009471116643 xtb: 6.2.2 (9d81278992624c895f80dd42a50cac0aa55982e2)
C         1.75825101547615   -0.20066624873842    0.04018832262412
C         0.52790463327174    0.08500648496496    0.04478421324096
C        -1.08052222373970    0.10655068179177    0.04208112702177
N        -0.43254773898434    1.18736758942359   -0.08404843304930
C        -0.77308568602386   -1.17825850744189   -0.04300522983754
5
 energy: -11.052754451150 gnorm: 0.018809763339 xtb: 6.2.2 (9d81278992624c895f80dd42a50cac0aa55982e2)
C         1.74927404049973   -0.22220933054164    0.03008997555063
C         0.53970565588047    0.14532774540890    0.05848829505939
C        -1.05759093601281    0.08766158938633   -0.05047430224942
N        -0.43954397329432    1.20300407893541   -0.05423241122216
C        -0.79184478707307   -1.21378408318900    0.01612844286156
5
 energy: -11.052894260020 gnorm: 0.037948894593 xtb: 6.2.2 (9d81278992624c895f80dd42a50cac0aa55982e2)
C         1.74262778785764   -0.23555490800027    0.03028476384293
C         0.55357571438893    0.20445517794561    0.05576546434241
C        -1.02967037550344    0.06292239144583   -0.13065808335266
N        -0.44481168108344    1.21009227837816   -0.02725389327642
C        -0.82172144565969   -1.24191493976933    0.07186174844374
5
 energy: -11.054284914375 gnorm: 0.015366909276 xtb: 6.2.2 (9d81278992624c895f80dd42a50cac0aa55982e2)
C         1.74463523722080   -0.22812006072486    0.04943848630965
C         0.55719675809059    0.20534500194458    0.02169960053545
C        -1.02323679398107    0.05599195394733   -0.10593441109184
N        -0.44481553922956    1.19693431211641   -0.03269630258585
C        -0.83377966210075   -1.23015120728346    0.06749262683259
5
 energy: -11.054978539563 gnorm: 0.015909755256 xtb: 6.2.2 (9d81278992624c895f80dd42a50cac0aa55982e2)
C         1.75151789134938   -0.21538860087894    0.06132497688364
C         0.56561605375537    0.23279527446067    0.00924978728033
C        -1.00142585403329    0.03428515345979   -0.13026723836588
N        -0.44043248293333    1.18983524396531   -0.02523085885134
C        -0.87527560813814   -1.24152707100683    0.08492333305325
5
 energy: -11.056085577479 gnorm: 0.021835560011 xtb: 6.2.2 (9d81278992624c895f80dd42a50cac0aa55982e2)
C         1.77329695709538   -0.17538575133765    0.07450068804411
C         0.57362811909824    0.25086130980160    0.01269687007062
C        -0.97143311727083    0.00727307983688   -0.14742441655119
N        -0.42521334822050    1.17975332321925   -0.02372143602396
C        -0.95027861070229   -1.26250196152008    0.08394829446042
5
 energy: -11.059038804336 gnorm: 0.078160230785 xtb: 6.2.2 (9d81278992624c895f80dd42a50cac0aa55982e2)
C         1.86056091111496   -0.03229363881115    0.11550314821545
C         0.60347124255317    0.28318078617670    0.04202826635479
C        -0.87994319444998   -0.07088418276479   -0.16997048315989
N        -0.37992827685934    1.14912773101635   -0.03542884619677
C        -1.20416068235880   -1.32913069561710    0.04786791478642
5
 energy: -11.062087169273 gnorm: 0.059823122249 xtb: 6.2.2 (9d81278992624c895f80dd42a50cac0aa55982e2)
C         1.90018317818805    0.00548131436683    0.12240739127225
C         0.61896839165781    0.25753616141549    0.05643756013046
C        -0.88622980550670   -0.08106525991012   -0.12253138209571
N        -0.37689857593462    1.13787037307779   -0.06175697964586
C        -1.25602318840453   -1.31982258894999    0.00544341033886
5
 energy: -11.064682778097 gnorm: 0.060205417810 xtb: 6.2.2 (9d81278992624c895f80dd42a50cac0aa55982e2)
C         1.94427333055203    0.06828483877804    0.15311105097349
C         0.66641038004126    0.27400826778987    0.04959612375620
C        -0.84302148439426   -0.13129950530683   -0.09591830133996
N        -0.37597327012226    1.12058883895343   -0.08743779623020
C        -1.39168895607676   -1.33158244021450   -0.01935107715952
5
 energy: -11.056310506896 gnorm: 0.176204049400 xtb: 6.2.2 (9d81278992624c895f80dd42a50cac0aa55982e2)
C         1.89851695348690    0.01604132431105    0.17171088942814
C         0.73077444677713    0.29718876565535   -0.02299461518347
C        -0.84549218774207   -0.14832203619155   -0.03722352315188
N        -0.42367603945952    1.12001415644937   -0.11225227004153
C        -1.36012317306244   -1.28492221022422    0.00075951894874
5
 energy: -11.065743303087 gnorm: 0.054031586035 xtb: 6.2.2 (9d81278992624c895f80dd42a50cac0aa55982e2)
C         1.94404710653022    0.04534815309153    0.14066060986156
C         0.71301546721339    0.29839631060402    0.03822193882843
C        -0.84032872215578   -0.14673026252010   -0.06006095677581
N        -0.40598796851277    1.09940374165681   -0.12191944961615
C        -1.41074588307506   -1.29641794283225    0.00309785770197
5
 energy: -11.067632555917 gnorm: 0.025082366677 xtb: 6.2.2 (9d81278992624c895f80dd42a50cac0aa55982e2)
C         1.94733830997899    0.06911375319611    0.14494073974952
C         0.70121030660283    0.29609400502270    0.02704843846773
C        -0.82488396258184   -0.15107783568046   -0.05826426385257
N        -0.38590348480373    1.07918778590377   -0.11500262222831
C        -1.43776116919625   -1.29331770844212    0.00127770786363
5
 energy: -11.068102380948 gnorm: 0.024492709473 xtb: 6.2.2 (9d81278992624c895f80dd42a50cac0aa55982e2)
C         1.95316298154103    0.08265512989596    0.13650888727523
C         0.69729056600321    0.29132171691754    0.04177064510189
C        -0.81924149395032   -0.15988872916586   -0.05458489677953
N        -0.37877739273088    1.07418323284997   -0.12048138875073
C        -1.45243466086304   -1.28827135049761   -0.00321324684686
5
 energy: -11.069291832212 gnorm: 0.026133861679 xtb: 6.2.2 (9d81278992624c895f80dd42a50cac0aa55982e2)
C         1.96404279570425    0.12935065895934    0.13511927149376
C         0.69473941064138    0.27559441601309    0.04018368442930
C        -0.79175510385588   -0.19782309358293   -0.04789218475741
N        -0.36000055637902    1.06004320727042   -0.11711050747834
C        -1.50702654611074   -1.26716518865992   -0.01030026368730
5
 energy: -11.069928257721 gnorm: 0.019338873817 xtb: 6.2.2 (9d81278992624c895f80dd42a50cac0aa55982e2)
C         1.97605202407097    0.15852436034431    0.13453233548525
C         0.70139906893827    0.26481535112867    0.03994874706351
C        -0.77480068682439   -0.22492918269787   -0.04578071225268
N        -0.35813063880523    1.05080432297294   -0.11459385649733
C        -1.54451976737961   -1.24921485174804   -0.01410651379875
5
 energy: -11.070442256340 gnorm: 0.014479860939 xtb: 6.2.2 (9d81278992624c895f80dd42a50cac0aa55982e2)
C         1.98657116923563    0.18653950660644    0.14423922927182
C         0.71563794438171    0.25735440962061    0.02037855676782
C        -0.75652698246583   -0.25161192457909   -0.04088734540287
N        -0.36208770102692    1.03532717477575   -0.10606924667588
C        -1.58359443012459   -1.22760916642371   -0.01766119396089
5
 energy: -11.070743039648 gnorm: 0.011971357454 xtb: 6.2.2 (9d81278992624c895f80dd42a50cac0aa55982e2)
C         1.99633030362789    0.20207122838872    0.14358058303302
C         0.72787637284368    0.25570352432477    0.02155511794570
C        -0.74732675298628   -0.26650463120447   -0.04119212869762
N        -0.36945481132936    1.01963186217113   -0.10424980091993
C        -1.60742511215592   -1.21090198368014   -0.01969377136117
5
 energy: -11.070906140804 gnorm: 0.007182523079 xtb: 6.2.2 (9d81278992624c895f80dd42a50cac0aa55982e2)
C         2.00403895191591    0.21505816159485    0.14095767631776
C         0.73714514229075    0.25716818818918    0.02585788098401
C        -0.74081270111567   -0.27700373132227   -0.03638920715106
N        -0.37280797700866    1.00260321587505   -0.10605674118353
C        -1.62756341608234   -1.19782583433681   -0.02436960896717
5
 energy: -11.070944413314 gnorm: 0.005906555554 xtb: 6.2.2 (9d81278992624c895f80dd42a50cac0aa55982e2)
C         2.00403895115289    0.21225369633160    0.13771521240527
C         0.73871175782189    0.26163772257402    0.03197578884981
C        -0.74313297525621   -0.27584791427551   -0.03428789610231
N        -0.37405247120028    0.99838193141823   -0.10938392943061
C        -1.62556526251829   -1.19642543604834   -0.02601917572216
5
 energy: -11.070971626318 gnorm: 0.006024254036 xtb: 6.2.2 (9d81278992624c895f80dd42a50cac0aa55982e2)
C         2.00800675951616    0.21780132211474    0.13457148412081
C         0.74096852995594    0.26485466809700    0.03768591124134
C        -0.74102655714710   -0.28180889845359   -0.03638886441253
N        -0.37194664005779    0.99246026289144   -0.10971184553287
C        -1.63600209226722   -1.19330735464958   -0.02615668541675
5
 energy: -11.070990397263 gnorm: 0.003620416472 xtb: 6.2.2 (9d81278992624c895f80dd42a50cac0aa55982e2)
C         2.00765150093739    0.21604436240269    0.13517886100812
C         0.74056634848423    0.26681714039017    0.03647924654720
C        -0.74225128469805   -0.28209818261676   -0.03360690675604
N        -0.37120576569281    0.99359444474359   -0.11075438073043
C        -1.63476079903076   -1.19435776491969   -0.02729682006884
5
 energy: -11.071006284139 gnorm: 0.001809279889 xtb: 6.2.2 (9d81278992624c895f80dd42a50cac0aa55982e2)
C         2.00844152846584    0.21385895908277    0.13607092346944
C         0.74118307908662    0.27122143856993    0.03502227943620
C        -0.74261906724657   -0.28486021712629   -0.03337468487573
N        -0.37150764914113    0.99380100843846   -0.11055314968737
C        -1.63549789116476   -1.19402118896488   -0.02716536834255
5
 energy: -11.071012227370 gnorm: 0.001963927546 xtb: 6.2.2 (9d81278992624c895f80dd42a50cac0aa55982e2)
C         2.00943877392615    0.21289120557535    0.13716171162578
C         0.74191632520034    0.27429784437118    0.03314228762173
C        -0.74107386627271   -0.28767698925562   -0.03298032707485
N        -0.37290425456415    0.99276058055220   -0.11009862332831
C        -1.63737697828962   -1.19227264124311   -0.02722504884435
5
 energy: -11.071017570726 gnorm: 0.001358705082 xtb: 6.2.2 (9d81278992624c895f80dd42a50cac0aa55982e2)
C         2.00925850828715    0.21056950874006    0.13757793615926
C         0.74144698239626    0.27643162459675    0.03261395162210
C        -0.73893918155978   -0.28854385810473   -0.03396041899627
N        -0.37488923192100    0.99300153745750   -0.10969675079101
C        -1.63687707720263   -1.19145881268958   -0.02653471799408
5
 energy: -11.071021629058 gnorm: 0.000579419305 xtb: 6.2.2 (9d81278992624c895f80dd42a50cac0aa55982e2)
C         2.00792984663036    0.20626040086248    0.13761194691365
C         0.73998416896627    0.27920935924304    0.03274191049863
C        -0.73663179148708   -0.28813081725852   -0.03303774193123
N        -0.37701660100503    0.99458713534369   -0.11065017193716
C        -1.63426562310451   -1.19192607819069   -0.02666594354389
