4
 energy: -7.956098777935 gnorm: 0.032745504264 xtb: 6.2.2 (9d81278992624c895f80dd42a50cac0aa55982e2)
C        -0.52808200000000    0.35431400000000    0.67467000000000
C        -0.49579800000000   -0.60882000000000   -0.49306000000000
C         0.29144500000000    0.68292100000000   -0.55522000000000
C         0.73243500000000   -0.42841500000000    0.37360900000000
4
 energy: -7.956606894453 gnorm: 0.019360575326 xtb: 6.2.2 (9d81278992624c895f80dd42a50cac0aa55982e2)
C        -0.53096254163004    0.35640581916838    0.67864797689467
C        -0.49852632053264   -0.61230617658245   -0.49604268916581
C         0.29295192139165    0.68685045035458   -0.55850472308640
C         0.73653694077103   -0.43095009294051    0.37589843535755
4
 energy: -7.960451882384 gnorm: 0.169734322231 xtb: 6.2.2 (9d81278992624c895f80dd42a50cac0aa55982e2)
C        -0.52962797732746    0.36308531061134    0.69127616423918
C        -0.49847834803857   -0.61864279077292   -0.50891460225400
C         0.28826435339438    0.69487045422179   -0.56944033270175
C         0.73984197197165   -0.43931297406021    0.38707777071658
4
 energy: -8.005010270465 gnorm: 0.215753734929 xtb: 6.2.2 (9d81278992624c895f80dd42a50cac0aa55982e2)
C        -0.48924473981779    0.36461740609810    0.76147805899512
C        -0.48706225985828   -0.60730018669409   -0.58830015412585
C         0.24770818087036    0.69409794187771   -0.63955603725274
C         0.72859881880571   -0.45141516128171    0.46637713238348
4
 energy: -8.063748227106 gnorm: 0.026269322011 xtb: 6.2.2 (9d81278992624c895f80dd42a50cac0aa55982e2)
C        -0.35561399167392    0.31096793987908    0.90079326776408
C        -0.44582113281751   -0.51018107169490   -0.75862749937321
C         0.14323936469087    0.61991159342248   -0.79359533332625
C         0.65819575980056   -0.42069846160667    0.65142856493538
4
 energy: -8.065289759695 gnorm: 0.039469845779 xtb: 6.2.2 (9d81278992624c895f80dd42a50cac0aa55982e2)
C        -0.37289675500372    0.31754563958485    0.87556190555338
C        -0.44897859771527   -0.52184033256805   -0.72977117584658
C         0.15726129552194    0.62763060687266   -0.76671731513327
C         0.66461405719704   -0.42333591388947    0.62092558542648
4
 energy: -8.066032577582 gnorm: 0.016731254110 xtb: 6.2.2 (9d81278992624c895f80dd42a50cac0aa55982e2)
C        -0.37416021875785    0.31576114458516    0.86324953535724
C        -0.44684349523934   -0.51983931106816   -0.71761388567532
C         0.15977300800648    0.62394445077144   -0.75503513379607
C         0.66123070599071   -0.41986628428844    0.60939848411414
4
 energy: -8.066160005642 gnorm: 0.001958469863 xtb: 6.2.2 (9d81278992624c895f80dd42a50cac0aa55982e2)
C        -0.37380876023234    0.31354958468478    0.85789551762969
C        -0.44582074975609   -0.51728559524576   -0.71250422928190
C         0.16066704365711    0.62069491772105   -0.75030949522779
C         0.65896246633132   -0.41695890716008    0.60491720687999
4
 energy: -8.066167347078 gnorm: 0.001778712852 xtb: 6.2.2 (9d81278992624c895f80dd42a50cac0aa55982e2)
C        -0.37422496365274    0.31269801300970    0.85859434305678
C        -0.44678007655916   -0.51677626677299   -0.71295900357863
C         0.16137297014081    0.62027774761631   -0.75115473826116
C         0.65963207007109   -0.41619949385303    0.60551839878301
4
 energy: -8.066246760038 gnorm: 0.007921962897 xtb: 6.2.2 (9d81278992624c895f80dd42a50cac0aa55982e2)
C        -0.38488061607461    0.29475477584191    0.86544625661719
C        -0.46599352499420   -0.50625497382982   -0.71450828945657
C         0.17833222996545    0.61057686168396   -0.76119014928637
C         0.67254191110336   -0.39907666369605    0.61025118212576
4
 energy: -8.066278131850 gnorm: 0.006155869928 xtb: 6.2.2 (9d81278992624c895f80dd42a50cac0aa55982e2)
C        -0.38647014284011    0.29227501659343    0.86460274814332
C        -0.46817238891492   -0.50471950338459   -0.71299782983464
C         0.18087473247845    0.60891101754799   -0.76082778010108
C         0.67376779927657   -0.39646653075683    0.60922186179240
4
 energy: -8.066339872054 gnorm: 0.000641288387 xtb: 6.2.2 (9d81278992624c895f80dd42a50cac0aa55982e2)
C        -0.39427410077263    0.28139162047750    0.86041375970807
C        -0.47822895778579   -0.49826026134359   -0.70564403378313
C         0.19276945707490    0.60179145660427   -0.75871881573845
C         0.67973360148352   -0.38492281573818    0.60394808981351
4
 energy: -8.066339960549 gnorm: 0.000459127163 xtb: 6.2.2 (9d81278992624c895f80dd42a50cac0aa55982e2)
C        -0.39369992629020    0.28177099462075    0.86052629602323
C        -0.47762921398821   -0.49836546936821   -0.70596588669167
C         0.19209597856035    0.60192353916981   -0.75877589670786
C         0.67923316171807   -0.38532906442234    0.60421448737631
