4
 energy: -8.854600367557 gnorm: 0.036156785578 xtb: 6.2.2 (9d81278992624c895f80dd42a50cac0aa55982e2)
C         0.75695700000000    0.01153600000000   -0.48075100000000
C        -0.04620600000000    0.74995500000000    0.48956700000000
C        -0.70050400000000   -0.02699600000000   -0.55929100000000
N        -0.01024700000000   -0.73449500000000    0.55047600000000
4
 energy: -8.855459606196 gnorm: 0.016217659854 xtb: 6.2.2 (9d81278992624c895f80dd42a50cac0aa55982e2)
C         0.76143267684122    0.00667105808134   -0.47994081764644
C        -0.04654835277538    0.74951977641146    0.49621207272020
C        -0.70477819229318   -0.03210069870444   -0.55895220756392
N        -0.01010613177266   -0.72409013578835    0.54268195249016
4
 energy: -8.855679932314 gnorm: 0.001456263512 xtb: 6.2.2 (9d81278992624c895f80dd42a50cac0aa55982e2)
C         0.76503590538516    0.00274799699825   -0.47930082499922
C        -0.04679653110435    0.74913776173236    0.50162900264175
C        -0.70821492314899   -0.03627925758761   -0.55868726666214
N        -0.01002445113182   -0.71560650114300    0.53636008901961
4
 energy: -8.855683804914 gnorm: 0.003950442805 xtb: 6.2.2 (9d81278992624c895f80dd42a50cac0aa55982e2)
C         0.76527930984128    0.00281341908169   -0.47962232845291
C        -0.04657207518423    0.74925784156227    0.50225106549264
C        -0.70843831055764   -0.03672961210583   -0.55905272305788
N        -0.01026892409941   -0.71534164853813    0.53642498601814
4
 energy: -8.855760115543 gnorm: 0.020418872450 xtb: 6.2.2 (9d81278992624c895f80dd42a50cac0aa55982e2)
C         0.76453073705236    0.00395718999405   -0.48057969199379
C        -0.04536144911302    0.74877483395434    0.50334623790012
C        -0.70771225855777   -0.03797184846035   -0.56001806834362
N        -0.01145702938157   -0.71476017548804    0.53725252243728
4
 energy: -8.857749026217 gnorm: 0.098445874279 xtb: 6.2.2 (9d81278992624c895f80dd42a50cac0aa55982e2)
C         0.76074479971383    0.00977059672047   -0.48537768426036
C        -0.03901670278311    0.74616756277667    0.50915038719092
C        -0.70404790299772   -0.04468345907321   -0.56485811782666
N        -0.01768019393300   -0.71125470042392    0.54108641489610
4
 energy: -8.882039129516 gnorm: 0.169959552252 xtb: 6.2.2 (9d81278992624c895f80dd42a50cac0aa55982e2)
C         0.74456324417137    0.03798370525160   -0.50663175179822
C        -0.00764377668689    0.73516024578794    0.53631374614703
C        -0.68866236609162   -0.07850249781827   -0.58656680769454
N        -0.04825710139286   -0.69464145322126    0.55688581334573
4
 energy: -8.923240096152 gnorm: 0.143142375029 xtb: 6.2.2 (9d81278992624c895f80dd42a50cac0aa55982e2)
C         0.72427219888393    0.08617884651033   -0.54294637297942
C         0.04451721808203    0.71594942724789    0.58114859479563
C        -0.66505256583594   -0.13837909881012   -0.61701801859014
N        -0.10373685113002   -0.66374917494811    0.57881679677393
4
 energy: -8.980096578612 gnorm: 0.032769811146 xtb: 6.2.2 (9d81278992624c895f80dd42a50cac0aa55982e2)
C         0.66941629276614    0.22839617992749   -0.64473752955694
C         0.18496091712881    0.65439346294160    0.68663455921287
C        -0.58886871312541   -0.29793451682748   -0.68272692534120
N        -0.26550849676953   -0.58485512604161    0.64083089568527
4
 energy: -8.981892947695 gnorm: 0.023818050348 xtb: 6.2.2 (9d81278992624c895f80dd42a50cac0aa55982e2)
C         0.65720649070113    0.25822586273193   -0.65849504569912
C         0.21049073645900    0.64073653241857    0.69434812444392
C        -0.57361319468439   -0.32141210846489   -0.68988107859320
N        -0.29408403247573   -0.57755028668561    0.65402899984839
4
 energy: -8.982330572032 gnorm: 0.014784869684 xtb: 6.2.2 (9d81278992624c895f80dd42a50cac0aa55982e2)
C         0.65252283710837    0.26922312107126   -0.66095409853376
C         0.21722872613561    0.63153530871690    0.69012350037410
C        -0.56733889315688   -0.32456906691421   -0.68870930483506
N        -0.30241267008710   -0.57618936287395    0.65954090299473
4
 energy: -8.982628406079 gnorm: 0.010571180288 xtb: 6.2.2 (9d81278992624c895f80dd42a50cac0aa55982e2)
C         0.65179081880626    0.27832086575469   -0.66085088345352
C         0.21980012002389    0.62210250143068    0.67985783015992
C        -0.56368752771529   -0.32244712433450   -0.68305599147151
N        -0.30790341111486   -0.57797624285086    0.66405004476511
4
 energy: -8.982811089588 gnorm: 0.012735382287 xtb: 6.2.2 (9d81278992624c895f80dd42a50cac0aa55982e2)
C         0.65583750401019    0.28356190960043   -0.66032894610023
C         0.21892270290648    0.61748055803226    0.67010524323345
C        -0.56364002953022   -0.31891644724261   -0.67592321909772
N        -0.31112017738644   -0.58212602039008    0.66614792196450
4
 energy: -8.983128734985 gnorm: 0.014931010359 xtb: 6.2.2 (9d81278992624c895f80dd42a50cac0aa55982e2)
C         0.66916563724131    0.29261067744693   -0.66035025308496
C         0.21439627150840    0.61204225666374    0.65002703993660
C        -0.56557460566169   -0.31126338762772   -0.65849877139743
N        -0.31798730308802   -0.59338954648295    0.66882298454579
4
 energy: -8.983314115169 gnorm: 0.010943779622 xtb: 6.2.2 (9d81278992624c895f80dd42a50cac0aa55982e2)
C         0.68346814394933    0.29853446980106   -0.66109783971496
C         0.21006968263834    0.61202037133183    0.63601173768919
C        -0.56887423416366   -0.30744956249349   -0.64291876444293
N        -0.32466359242402   -0.60310527863940    0.66800586646869
4
 energy: -8.983405850462 gnorm: 0.004334284165 xtb: 6.2.2 (9d81278992624c895f80dd42a50cac0aa55982e2)
C         0.68697619191175    0.29738940360715   -0.66107884581539
C         0.20996914045905    0.61690510194361    0.63795638601832
C        -0.57101200108935   -0.31036086092515   -0.64120390859768
N        -0.32593333128145   -0.60393364462561    0.66432736839475
4
 energy: -8.983427765629 gnorm: 0.002878588742 xtb: 6.2.2 (9d81278992624c895f80dd42a50cac0aa55982e2)
C         0.68796495537163    0.29889834333342   -0.66068443643586
C         0.21101284098968    0.61927594981595    0.63694615102379
C        -0.57098904623399   -0.31214396302701   -0.63910671238407
N        -0.32798875012732   -0.60603033012235    0.66284599779614
4
 energy: -8.983438071123 gnorm: 0.002057634923 xtb: 6.2.2 (9d81278992624c895f80dd42a50cac0aa55982e2)
C         0.68787136864087    0.29998897206285   -0.65955729139366
C         0.21227399469064    0.62084842846111    0.63605901890154
C        -0.57092780097653   -0.31368750695822   -0.63773776577180
N        -0.32921756235498   -0.60714989356574    0.66123703826392
4
 energy: -8.983443352523 gnorm: 0.001601943339 xtb: 6.2.2 (9d81278992624c895f80dd42a50cac0aa55982e2)
C         0.68834581908898    0.30112930044528   -0.65808011470370
C         0.21324320308881    0.62166827562023    0.63431236543613
C        -0.57141538981272   -0.31456014413915   -0.63599451158704
N        -0.33017363236508   -0.60823743192637    0.65976326085461
4
 energy: -8.983446900513 gnorm: 0.001545807197 xtb: 6.2.2 (9d81278992624c895f80dd42a50cac0aa55982e2)
C         0.68840724553001    0.30204385548985   -0.65589101645513
C         0.21474717143326    0.62225645207133    0.63298374150571
C        -0.57265059417025   -0.31560900845922   -0.63525359668324
N        -0.33050382279302   -0.60869129910196    0.65816187163266
4
 energy: -8.983448756084 gnorm: 0.000926040357 xtb: 6.2.2 (9d81278992624c895f80dd42a50cac0aa55982e2)
C         0.68968074559789    0.30285076463582   -0.65495483459401
C         0.21515906016287    0.62219911863369    0.63151709193890
C        -0.57395571712079   -0.31563363695835   -0.63429604793830
N        -0.33088408863997   -0.60941624631116    0.65773479059341
