5
 energy: -9.333939313083 gnorm: 0.217378573219 xtb: 6.2.2 (9d81278992624c895f80dd42a50cac0aa55982e2)
C         1.02145200000000   -0.03678200000000    0.50872300000000
C        -0.49631100000000   -0.03835500000000    0.46815800000000
C        -1.00297800000000    1.24308300000000   -0.16307700000000
N        -0.96829500000000   -1.17892100000000   -0.29631200000000
H         1.44613200000000    0.01097500000000   -0.51749200000000
5
 energy: -9.389344410409 gnorm: 0.117799277861 xtb: 6.2.2 (9d81278992624c895f80dd42a50cac0aa55982e2)
C         0.98365981284472    0.00550063789917    0.49765559403871
C        -0.45355281352179   -0.05315931278622    0.36078659070627
C        -1.00326310210812    1.15543590167577   -0.11546955199236
N        -1.00123435443651   -1.10150361756770   -0.25460771775265
H         1.47439045722170   -0.00627360922102   -0.48836491499997
5
 energy: -9.415220876266 gnorm: 0.150165031630 xtb: 6.2.2 (9d81278992624c895f80dd42a50cac0aa55982e2)
C         0.96163692703127    0.10410856081585    0.48318187252418
C        -0.38911010446945   -0.12835363221046    0.32250698481853
C        -0.98078182173968    0.96434429394397   -0.10627417655487
N        -1.10873142966766   -0.92808535279039   -0.24099250953972
H         1.51698642884552   -0.01201386975897   -0.45842217124812
5
 energy: -9.435116184952 gnorm: 0.098485690260 xtb: 6.2.2 (9d81278992624c895f80dd42a50cac0aa55982e2)
C         1.00911255912693    0.10913607832235    0.47146345107715
C        -0.29314457709524   -0.17496806537009    0.28447733721135
C        -1.04806303563147    0.89055270563667   -0.12943899228912
N        -1.30858183076350   -0.87787372396693   -0.21600938138614
H         1.64067688436329    0.05315300537800   -0.41049241461325
5
 energy: -9.469761085205 gnorm: 0.172064649891 xtb: 6.2.2 (9d81278992624c895f80dd42a50cac0aa55982e2)
C         1.04010621125644    0.08149554302442    0.43223233706551
C        -0.20152402267758   -0.18647473578553    0.34550169034533
C        -1.21933684864128    0.78205134822801   -0.17459863657820
N        -1.37956412346636   -0.69878887766124   -0.23132763283681
H         1.76031878352877    0.02171672219434   -0.37180775799583
5
 energy: -9.427586290071 gnorm: 0.436605612214 xtb: 6.2.2 (9d81278992624c895f80dd42a50cac0aa55982e2)
C         1.09858227253662    0.05899179091597    0.37805679589338
C        -0.14108211317981   -0.17700763737386    0.44195451607233
C        -1.43951132874865    0.64259947862764   -0.21831534096148
N        -1.40805532471232   -0.46028426544693   -0.26965084017784
H         1.89006649410415   -0.06429936672283   -0.33204513082638
5
 energy: -9.486647260323 gnorm: 0.093617608702 xtb: 6.2.2 (9d81278992624c895f80dd42a50cac0aa55982e2)
C         1.08511857482182    0.05104166681438    0.36239707809933
C        -0.22772252956241   -0.14528173674184    0.39949989105762
C        -1.43844948171252    0.78474841408019   -0.16687015199262
N        -1.32438111105460   -0.58994216351115   -0.25165422680397
H         1.90543454750770   -0.10056618064158   -0.34337259036037
5
 energy: -9.493271406175 gnorm: 0.099441821663 xtb: 6.2.2 (9d81278992624c895f80dd42a50cac0aa55982e2)
C         1.05689661933545    0.07482511959531    0.36054296486611
C        -0.20891840280153   -0.16142975311489    0.32471807298343
C        -1.35810517920393    0.76529024184606   -0.14304778596530
N        -1.36956442366529   -0.62483865875888   -0.21866538323593
H         1.87969138633528   -0.05384694956760   -0.32354786864830
5
 energy: -9.499672527792 gnorm: 0.075404589954 xtb: 6.2.2 (9d81278992624c895f80dd42a50cac0aa55982e2)
C         1.03228431651950    0.10668982804824    0.31376021031219
C        -0.22483923247520   -0.14299796039800    0.27812711137601
C        -1.37993310371352    0.76259711460385   -0.09297376911256
N        -1.33234424584911   -0.61387022998674   -0.20699185694371
H         1.90483226551832   -0.11241875226735   -0.29192169563194
5
 energy: -9.505012047078 gnorm: 0.105850449780 xtb: 6.2.2 (9d81278992624c895f80dd42a50cac0aa55982e2)
C         1.05096328443352    0.18582451944801    0.25504174901832
C        -0.18983784357352   -0.11855302032745    0.14904981607156
C        -1.50217309398017    0.74516928756295    0.00182762237443
N        -1.39068391299035   -0.59506400997885   -0.18792219500717
H         2.03173156611050   -0.21737677670465   -0.21799699245715
5
 energy: -9.508004631504 gnorm: 0.130981301833 xtb: 6.2.2 (9d81278992624c895f80dd42a50cac0aa55982e2)
C         1.12169120876748    0.15470299229592    0.20191566494653
C        -0.18905507018603   -0.09247576909385    0.02613345647120
C        -1.47442592371311    0.68965932696088    0.02621596382618
N        -1.46301479270538   -0.60265349252524   -0.13225664375739
H         2.00480457783702   -0.14923305763771   -0.12200844148652
5
 energy: -9.515119556414 gnorm: 0.044660240104 xtb: 6.2.2 (9d81278992624c895f80dd42a50cac0aa55982e2)
C         1.07049656636217    0.19040430179921    0.16343914622789
C        -0.21270948803928   -0.09116628709014    0.04039837594214
C        -1.46816907016697    0.68714472870408    0.05265780432221
N        -1.45682462028454   -0.60907403512648   -0.13385641842536
H         2.06720661212860   -0.17730870828666   -0.12263890806688
5
 energy: -9.516802317442 gnorm: 0.046370237808 xtb: 6.2.2 (9d81278992624c895f80dd42a50cac0aa55982e2)
C         1.06989967760575    0.19583921550816    0.17080670413109
C        -0.18734670180274   -0.05462806910785    0.05140754955391
C        -1.51227790164876    0.70301255657375    0.06353580686607
N        -1.38212183605908   -0.59569012743872   -0.16551245767721
H         2.01184676190482   -0.24853357553533   -0.12023760287386
5
 energy: -9.518861931293 gnorm: 0.023661195723 xtb: 6.2.2 (9d81278992624c895f80dd42a50cac0aa55982e2)
C         1.07563589603883    0.19384552089047    0.14169620515379
C        -0.19347502660410   -0.03828687530728    0.01820943260790
C        -1.50217717865575    0.68725400221401    0.08042518070140
N        -1.40231735513515   -0.60762042678598   -0.15038466572591
H         2.02233366435615   -0.23519222101123   -0.08994615273719
5
 energy: -9.520513089629 gnorm: 0.016309932754 xtb: 6.2.2 (9d81278992624c895f80dd42a50cac0aa55982e2)
C         1.08044662836761    0.21704099617454    0.09260022417643
C        -0.20117177522173    0.00115052585197   -0.01751818643120
C        -1.50099428985199    0.66639807351501    0.11870347348178
N        -1.39866062437639   -0.62113640662234   -0.15124506844967
H         2.02038006108249   -0.26345318891917   -0.04254044277734
5
 energy: -9.521181427478 gnorm: 0.007859644404 xtb: 6.2.2 (9d81278992624c895f80dd42a50cac0aa55982e2)
C         1.08756118330053    0.22863431421829    0.06080940936898
C        -0.19992229774448    0.04202113825332   -0.03456274577106
C        -1.51722496414481    0.65570041778541    0.14501490228650
N        -1.38059932434165   -0.62785523921327   -0.16143613637919
H         2.01018540293039   -0.29850063104374   -0.00982542950524
5
 energy: -9.521193277446 gnorm: 0.019755158417 xtb: 6.2.2 (9d81278992624c895f80dd42a50cac0aa55982e2)
C         1.08890786243782    0.23469439219585    0.05161745440619
C        -0.20510955775427    0.06899283464854   -0.00700199008305
C        -1.51288599650125    0.64971262814025    0.14666467634195
N        -1.35068439524768   -0.63209716399939   -0.18549798393178
H         1.97977208706536   -0.32130269098525   -0.00578215673332
5
 energy: -9.521479589100 gnorm: 0.007742100323 xtb: 6.2.2 (9d81278992624c895f80dd42a50cac0aa55982e2)
C         1.09378093118708    0.24208424153950    0.05253464891871
C        -0.19902043366707    0.07077682803647   -0.01200306246952
C        -1.52779929400143    0.64877426302455    0.15155262237151
N        -1.35171911153869   -0.62655911264524   -0.18886712291867
H         1.98475790802010   -0.33507621995527   -0.00321708590203
5
 energy: -9.521551004266 gnorm: 0.007602253727 xtb: 6.2.2 (9d81278992624c895f80dd42a50cac0aa55982e2)
C         1.09388771562316    0.23463850707647    0.06144549156923
C        -0.19715773680165    0.06486118994256   -0.00758462146099
C        -1.52779438364170    0.64976739326499    0.14400772297997
N        -1.35951675206679   -0.62530286663408   -0.18642809578908
H         1.99058115688696   -0.32396422364994   -0.01144049729914
5
 energy: -9.521651302035 gnorm: 0.005241713005 xtb: 6.2.2 (9d81278992624c895f80dd42a50cac0aa55982e2)
C         1.09431644501612    0.23635607612855    0.07038931361098
C        -0.19559087835409    0.06390142480450    0.00520362276188
C        -1.52697788736466    0.64690018872586    0.13838594743389
N        -1.36302572917295   -0.62402993119346   -0.19320732607624
H         1.99127804987557   -0.32312775846545   -0.02077155773052
5
 energy: -9.521734422286 gnorm: 0.005205804670 xtb: 6.2.2 (9d81278992624c895f80dd42a50cac0aa55982e2)
C         1.09659175083088    0.23853764758874    0.07912660203722
C        -0.19327907495873    0.07469022494108    0.02475494363564
C        -1.52975072934509    0.64016965714766    0.13402921944476
N        -1.36046299773692   -0.62349595736242   -0.20779275030205
H         1.98690105120985   -0.32990157231507   -0.03011801481558
5
 energy: -9.520027632560 gnorm: 0.021203550387 xtb: 6.2.2 (9d81278992624c895f80dd42a50cac0aa55982e2)
C         1.09638623334069    0.22272954138046    0.16268310722394
C        -0.19205005242370    0.10112092462465   -0.04859287106987
C        -1.53248937080340    0.63907559270866    0.12718208592509
N        -1.35630732748263   -0.63431217200192   -0.17470934302413
H         1.98446051736903   -0.32861388671184   -0.06656297905502
5
 energy: -9.521799618546 gnorm: 0.002782047625 xtb: 6.2.2 (9d81278992624c895f80dd42a50cac0aa55982e2)
C         1.09553112623187    0.23640489366859    0.09718507787177
C        -0.19303387727805    0.08067027085233    0.01736462543892
C        -1.53005228800230    0.63941339693521    0.12864804546022
N        -1.35624018684198   -0.62542082722636   -0.20185957115263
H         1.98379522589045   -0.33106773422977   -0.04133817761827
5
 energy: -9.521809760308 gnorm: 0.001714333025 xtb: 6.2.2 (9d81278992624c895f80dd42a50cac0aa55982e2)
C         1.09663712023389    0.23932924078253    0.08959661227005
C        -0.19324938048233    0.08395421657991    0.01283314342860
C        -1.53139610652524    0.63696421714080    0.13469733728421
N        -1.35528675154548   -0.62545316035774   -0.20316111392272
H         1.98329511831915   -0.33479451414550   -0.03396597906015
5
 energy: -9.521823073381 gnorm: 0.001882741005 xtb: 6.2.2 (9d81278992624c895f80dd42a50cac0aa55982e2)
C         1.09797285620309    0.24189388699391    0.09189349461697
C        -0.19387828785678    0.08680841908878    0.02292897075673
C        -1.53359112206485    0.63614622988208    0.12925093705842
N        -1.35166928491903   -0.62633232145339   -0.20435935185054
H         1.98116583863756   -0.33851621451139   -0.03971405058158
5
 energy: -9.521835160338 gnorm: 0.001119966093 xtb: 6.2.2 (9d81278992624c895f80dd42a50cac0aa55982e2)
C         1.09842668497122    0.24413103892777    0.09415754265554
C        -0.19320794184941    0.09279850881794    0.02103488294412
C        -1.53471809400139    0.63398747214766    0.12945285234111
N        -1.34702551596900   -0.62798502354038   -0.20366406106758
H         1.97652486684856   -0.34293199635299   -0.04098121687319
5
 energy: -9.521837119198 gnorm: 0.000629719164 xtb: 6.2.2 (9d81278992624c895f80dd42a50cac0aa55982e2)
C         1.09908591300922    0.24528236266605    0.09408059128428
C        -0.19278231771631    0.09603679605033    0.02043139210595
C        -1.53549909109927    0.63273867172702    0.12999687860552
N        -1.34509919895995   -0.62885652836189   -0.20371001892191
H         1.97429469476630   -0.34520130208151   -0.04079884307384
