5
 energy: -10.812535918779 gnorm: 0.203249408175 xtb: 6.2.2 (9d81278992624c895f80dd42a50cac0aa55982e2)
N        -0.93397000000000    1.26305300000000    0.01232200000000
C        -0.21830600000000    0.00080500000000   -0.00035500000000
C         1.07966600000000    0.00460300000000    0.76565500000000
C        -1.00960600000000   -1.28985300000000   -0.01586400000000
C         1.08221600000000    0.02139200000000   -0.76175800000000
5
 energy: -10.859641833343 gnorm: 0.217451945734 xtb: 6.2.2 (9d81278992624c895f80dd42a50cac0aa55982e2)
N        -0.93906733625474    1.19002351667896    0.01151081710666
C        -0.25746978238325    0.02332625926822   -0.00017297946173
C         1.08009933939866   -0.01280891070043    0.71912806965312
C        -0.96605722987468   -1.20350277022568   -0.01484195776977
C         1.08249500911401    0.00296190497892   -0.71562394952829
5
 energy: -10.585915704069 gnorm: 1.437473951579 xtb: 6.2.2 (9d81278992624c895f80dd42a50cac0aa55982e2)
N        -0.92221347570517    0.98599858447661    0.00929654789737
C        -0.44476282059960    0.09483520884520    0.00030022171872
C         1.10721635378421   -0.05119108536285    0.50915119034224
C        -0.84915289522888   -0.98961553072991   -0.01229559684636
C         1.10891283774944   -0.04002717722905   -0.50645236311197
5
 energy: -10.897018070756 gnorm: 0.163199164427 xtb: 6.2.2 (9d81278992624c895f80dd42a50cac0aa55982e2)
N        -0.99179588222742    1.12305133369799    0.01068658013924
C        -0.35458011972353    0.06555520483235    0.00012909786042
C         1.11515763016069   -0.05915390415476    0.64239490530105
C        -0.88608089543639   -1.08439329742812   -0.01339896482794
C         1.11729926722664   -0.04505933694746   -0.63981161847277
5
 energy: -10.909895695316 gnorm: 0.073869397674 xtb: 6.2.2 (9d81278992624c895f80dd42a50cac0aa55982e2)
N        -0.97865610611164    1.16584670311934    0.01117937892906
C        -0.36784305321060    0.11130644342030    0.00060904469319
C         1.10672684372448   -0.06987837095787    0.63890256748521
C        -0.86908590485981   -1.15141702565690   -0.01410687363775
C         1.10885822045757   -0.05585774992487   -0.63658411746971
5
 energy: -10.927632399862 gnorm: 0.083413907625 xtb: 6.2.2 (9d81278992624c895f80dd42a50cac0aa55982e2)
N        -1.02144847828337    1.27740847572627    0.01233442016211
C        -0.41659461990568    0.20778066777224    0.00158719312183
C         1.08682854363275   -0.14360710183113    0.62539792392390
C        -0.73770406381280   -1.21171778082687   -0.01454961723352
C         1.08891861836910   -0.12986426084051   -0.62476991997431
5
 energy: -10.939686606503 gnorm: 0.137507432934 xtb: 6.2.2 (9d81278992624c895f80dd42a50cac0aa55982e2)
N        -1.12410767223373    1.37861439236308    0.01327509190447
C        -0.46318904818733    0.34535998704605    0.00302179682047
C         1.06975674619478   -0.25916525442202    0.62256451947275
C        -0.55430163933467   -1.21935353511648   -0.01432712890569
C         1.07184161356095   -0.24545558987063   -0.62453427929200
5
 energy: -10.950272109016 gnorm: 0.132017225967 xtb: 6.2.2 (9d81278992624c895f80dd42a50cac0aa55982e2)
N        -1.19994531408986    1.37901678929932    0.01315106176761
C        -0.46701052603827    0.40151582757593    0.00363252895455
C         1.07237670848164   -0.31575228344648    0.63168020374555
C        -0.47991602048774   -1.16295829182661   -0.01358084766302
C         1.07449515213424   -0.30182204160216   -0.63488294680469
5
 energy: -10.975382510146 gnorm: 0.088222293874 xtb: 6.2.2 (9d81278992624c895f80dd42a50cac0aa55982e2)
N        -1.26677356828992    1.35678846340873    0.01279185850210
C        -0.50294538860262    0.45584576852802    0.00417108587019
C         1.05030924964717   -0.39148393162138    0.65063469702355
C        -0.33308033878802   -1.04403919617380   -0.01202761883788
C         1.05249004603339   -0.37711110414158   -0.65557002255794
5
 energy: -10.983286839592 gnorm: 0.084252301150 xtb: 6.2.2 (9d81278992624c895f80dd42a50cac0aa55982e2)
N        -1.27318220320714    1.30674065250267    0.01222783056095
C        -0.53725110637800    0.42364729916834    0.00375778239993
C         1.03965970197000   -0.40575081955508    0.66251311473658
C        -0.27110830729276   -0.93353757824339   -0.01070467205596
C         1.04188191490790   -0.39109955387254   -0.66779405564151
5
 energy: -10.983314917561 gnorm: 0.131662050129 xtb: 6.2.2 (9d81278992624c895f80dd42a50cac0aa55982e2)
N        -1.27876855815690    1.36073726267205    0.01280779312749
C        -0.58470442316133    0.45299979771210    0.00400566892881
C         1.02775335100730   -0.43770947956180    0.65638591669785
C        -0.19422998215814   -0.95284774117484   -0.01078969494182
C         1.02994961246907   -0.42317983964752   -0.66240968381232
5
 energy: -10.993496779395 gnorm: 0.081514989551 xtb: 6.2.2 (9d81278992624c895f80dd42a50cac0aa55982e2)
N        -1.24726071467402    1.39410298392909    0.01322055203380
C        -0.62396537164082    0.40970141040995    0.00347595114075
C         1.05714245883755   -0.40456404658693    0.64424839780203
C        -0.24519567210194   -1.00892848497310   -0.01149856451554
C         1.05927929957923   -0.39031186277900   -0.64944633646104
5
 energy: -11.009540001677 gnorm: 0.082848283391 xtb: 6.2.2 (9d81278992624c895f80dd42a50cac0aa55982e2)
N        -1.26465890494101    1.38883332133246    0.01313162692242
C        -0.70443220844236    0.36940225078387    0.00288609497410
C         1.09389103811068   -0.40942080238583    0.64517084415973
C        -0.22084094786872   -0.95369194276970   -0.01083739931098
C         1.09604102314141   -0.39512282696081   -0.65035116674527
5
 energy: -11.042710089442 gnorm: 0.103747586378 xtb: 6.2.2 (9d81278992624c895f80dd42a50cac0aa55982e2)
N        -1.33799710772340    1.36574150750209    0.01275002335534
C        -1.05819814896077    0.20893859881085    0.00051008494482
C         1.25059512497370   -0.43503299432359    0.65075977322116
C        -0.10716812146343   -0.71907769289482   -0.00804866722595
C         1.25276825317390   -0.42056941909454   -0.65597121429536
5
 energy: -11.042145499906 gnorm: 0.139668036037 xtb: 6.2.2 (9d81278992624c895f80dd42a50cac0aa55982e2)
N        -1.38766147479893    1.31940214198976    0.01216978831155
C        -0.98837102049014    0.25824782595937    0.00117276928963
C         1.24679252514779   -0.45471463453206    0.65762703788417
C        -0.11975046121263   -0.68279702450332   -0.00768469984378
C         1.24899043135391   -0.44013830891374   -0.66328489564156
5
 energy: -11.047518239945 gnorm: 0.121962403879 xtb: 6.2.2 (9d81278992624c895f80dd42a50cac0aa55982e2)
N        -1.41462235982512    1.35101161933032    0.01247460340456
C        -0.97473670934977    0.25988699714288    0.00115143647674
C         1.24946650922621   -0.46611819957861    0.64811245602621
C        -0.11181887200053   -0.69313784964780   -0.00772021162155
C         1.25171143194920   -0.45164256724680   -0.65401828428596
5
 energy: -11.050964468953 gnorm: 0.086687335391 xtb: 6.2.2 (9d81278992624c895f80dd42a50cac0aa55982e2)
N        -1.43308482576224    1.35809861788374    0.01249744264356
C        -1.02092290296717    0.25195904893282    0.00104562124707
C         1.26920000516223   -0.47799360101243    0.64865595765323
C        -0.08655805961695   -0.66852784247826   -0.00745019517541
C         1.27136578318413   -0.46353622332588   -0.65474882636844
5
 energy: -11.056824592638 gnorm: 0.073381538771 xtb: 6.2.2 (9d81278992624c895f80dd42a50cac0aa55982e2)
N        -1.52683580548870    1.35926844374999    0.01234488770876
C        -1.04284985571073    0.27445104618806    0.00125261597287
C         1.30913328326568   -0.52140250577096    0.64725121638961
C        -0.05074557815314   -0.60538400373678   -0.00668481320272
C         1.31129795608689   -0.50693298043031   -0.65416390686851
5
 energy: -11.064633634140 gnorm: 0.097662692711 xtb: 6.2.2 (9d81278992624c895f80dd42a50cac0aa55982e2)
N        -1.71591934273115    1.35017586730136    0.01189406352344
C        -1.03190500866107    0.34931063698750    0.00217395775507
C         1.37065714784414   -0.60914064807198    0.64527020191163
C         0.00444764750677   -0.49561976294483   -0.00543830635688
C         1.37271955604131   -0.59472609327205   -0.65389991683325
5
 energy: -11.068712478878 gnorm: 0.071200667821 xtb: 6.2.2 (9d81278992624c895f80dd42a50cac0aa55982e2)
N        -1.75794026616126    1.33031759003911    0.01171372608239
C        -1.01631227377282    0.38817905953698    0.00244288463595
C         1.37518220712393   -0.63409891676914    0.64691159389173
C         0.02157457790171   -0.46474586064300   -0.00497060153002
C         1.37749575490844   -0.61965187216396   -0.65609760308005
5
 energy: -11.073405098387 gnorm: 0.026754263110 xtb: 6.2.2 (9d81278992624c895f80dd42a50cac0aa55982e2)
N        -1.79854208167793    1.28686991422288    0.01090677751326
C        -0.97980012411230    0.44858482174044    0.00389647081901
C         1.37039743779435   -0.66130206550143    0.64711477828305
C         0.03611730135085   -0.42685398960033   -0.00505397322396
C         1.37182746664503   -0.64729868086156   -0.65686405339135
5
 energy: -11.074604716254 gnorm: 0.016473044604 xtb: 6.2.2 (9d81278992624c895f80dd42a50cac0aa55982e2)
N        -1.81792966258914    1.27192998428774    0.00768539383504
C        -0.97143236560813    0.46327736814972    0.00756640806546
C         1.37210024795763   -0.67730199578978    0.64303976834080
C         0.04434938805375   -0.39737568680712   -0.00399111582566
C         1.37291239218590   -0.66052966984056   -0.65430045441564
5
 energy: -11.076578739568 gnorm: 0.042375015011 xtb: 6.2.2 (9d81278992624c895f80dd42a50cac0aa55982e2)
N        -1.90863040290323    1.21864261983831    0.02473724263073
C        -0.94170062523654    0.52516622979967   -0.01371645352478
C         1.38006181036673   -0.73286130122553    0.63976789661274
C         0.08627178287752   -0.27968664200916   -0.00458407288926
C         1.38399743489553   -0.73126090640329   -0.64620461282943
5
 energy: -11.076896241359 gnorm: 0.029604805262 xtb: 6.2.2 (9d81278992624c895f80dd42a50cac0aa55982e2)
N        -1.90976084756577    1.21025593196642   -0.02589363097192
C        -0.94056355117270    0.53011600937956    0.04593486397481
C         1.38145611029210   -0.75960166629467    0.63274602560061
C         0.09417285115256   -0.26905166468148    0.00536295635763
C         1.37469543729381   -0.71171861036982   -0.65815021496113
5
 energy: -11.077191151082 gnorm: 0.034688188168 xtb: 6.2.2 (9d81278992624c895f80dd42a50cac0aa55982e2)
N        -1.89628256122243    1.19974229555760    0.00880010676065
C        -0.94336142831813    0.53063901511671    0.00542897774283
C         1.36711939423643   -0.74091227104694    0.64412098211194
C         0.10386357837911   -0.26400917184448   -0.00176950087496
C         1.36866101692502   -0.72545986778290   -0.65658056574046
5
 energy: -11.077836918997 gnorm: 0.010469919044 xtb: 6.2.2 (9d81278992624c895f80dd42a50cac0aa55982e2)
N        -1.93224447250368    1.18004702199360    0.01670005007547
C        -0.93316717878730    0.55463921232615   -0.00419215229406
C         1.36848873928155   -0.76181111683261    0.64377642763584
C         0.12520807837022   -0.21929120801659   -0.00239817890550
C         1.37171483363922   -0.75358390947055   -0.65388614651175
5
 energy: -11.077958773290 gnorm: 0.007443594423 xtb: 6.2.2 (9d81278992624c895f80dd42a50cac0aa55982e2)
N        -1.94074477598421    1.17054325660230    0.01179110357009
C        -0.92942720763863    0.56176674441005    0.00178512188790
C         1.36552957685842   -0.77132571569229    0.64239772824118
C         0.13666633003636   -0.20195372541058   -0.00157170181237
C         1.36797607672806   -0.75903055990948   -0.65440225188679
5
 energy: -11.078058027965 gnorm: 0.004540951305 xtb: 6.2.2 (9d81278992624c895f80dd42a50cac0aa55982e2)
N        -1.94650660002939    1.15941197276390    0.00670680468487
C        -0.92633872708126    0.56693576294895    0.00796921701275
C         1.36018219412373   -0.78080479768358    0.64129863398186
C         0.15089130380963   -0.18121774869874   -0.00075886531613
C         1.36177182917729   -0.76432518933052   -0.65521579036334
5
 energy: -11.078105292720 gnorm: 0.004298064648 xtb: 6.2.2 (9d81278992624c895f80dd42a50cac0aa55982e2)
N        -1.95232869515738    1.15046903929209    0.00725209090181
C        -0.92505536853955    0.57087949009617    0.00730028742380
C         1.35681865547514   -0.78787320037609    0.64155987050059
C         0.16203566784359   -0.16142376915529   -0.00075456205778
C         1.35852974037821   -0.77205155985688   -0.65535768676842
5
 energy: -11.078158852127 gnorm: 0.005956620654 xtb: 6.2.2 (9d81278992624c895f80dd42a50cac0aa55982e2)
N        -1.95545248435539    1.14310295228366    0.00845819147337
C        -0.92621808015352    0.57054640014905    0.00581485906195
C         1.35277735897370   -0.79416006641163    0.64175488060194
C         0.17429964712357   -0.13993593213619   -0.00090478930253
C         1.35459355841165   -0.77955335388489   -0.65512314183472
5
 energy: -11.078202688020 gnorm: 0.005507981641 xtb: 6.2.2 (9d81278992624c895f80dd42a50cac0aa55982e2)
N        -1.95943955352242    1.13777671584596    0.00997823278870
C        -0.92845385622254    0.56852107824357    0.00394122254326
C         1.34987068550369   -0.80066950383646    0.64193193319601
C         0.18624753146148   -0.11811569503605   -0.00110767783178
C         1.35177519277979   -0.78751259521702   -0.65474371069618
5
 energy: -11.078244884000 gnorm: 0.005705184119 xtb: 6.2.2 (9d81278992624c895f80dd42a50cac0aa55982e2)
N        -1.95840072316360    1.13883758664550    0.01085407398915
C        -0.93325259777165    0.55980629507568    0.00289992761575
C         1.34763380799232   -0.80334842483781    0.64195583214593
C         0.19457763317717   -0.10425315092496   -0.00137998356746
C         1.34944187976576   -0.79104230595842   -0.65432985018338
5
 energy: -11.078264429526 gnorm: 0.001889939429 xtb: 6.2.2 (9d81278992624c895f80dd42a50cac0aa55982e2)
N        -1.95765717299649    1.14248628389334    0.01073256464662
C        -0.93637259143080    0.55375062502718    0.00312085965344
C         1.34792509366356   -0.80375449539802    0.64206454273661
C         0.19644371371739   -0.10107337992531   -0.00150395412831
C         1.34966095704634   -0.79140903359719   -0.65441401290835
5
 energy: -11.078269091787 gnorm: 0.001118886503 xtb: 6.2.2 (9d81278992624c895f80dd42a50cac0aa55982e2)
N        -1.95412746305658    1.14969923697784    0.00953309593282
C        -0.93862886599324    0.54897867886964    0.00465380010945
C         1.35035239486602   -0.80002931360404    0.64207898506351
C         0.19041558408629   -0.11203593340603   -0.00143230725625
C         1.35198835009751   -0.78661266883741   -0.65483357384952
5
 energy: -11.078270312314 gnorm: 0.000340623986 xtb: 6.2.2 (9d81278992624c895f80dd42a50cac0aa55982e2)
N        -1.95538041296879    1.14835442285101    0.00970331468529
C        -0.93797519383303    0.55130623801172    0.00443546111258
C         1.35059106316002   -0.80063036758780    0.64209903544645
C         0.19041442740531   -0.11166045526801   -0.00138134922148
C         1.35235011623649   -0.78736983800691   -0.65485646202284
