5
 energy: -6.293482550748 gnorm: 0.058664941701 xtb: 6.2.2 (9d81278992624c895f80dd42a50cac0aa55982e2)
C         1.35700600000000   -0.04402800000000   -0.12662400000000
N        -0.08703600000000    0.00282400000000    0.00812100000000
H        -0.34074700000000   -0.20355200000000    1.00001400000000
H        -0.42028000000000    0.95681800000000   -0.25580100000000
H        -0.50894400000000   -0.71206200000000   -0.62571100000000
5
 energy: -6.298259356081 gnorm: 0.037549530439 xtb: 6.2.2 (9d81278992624c895f80dd42a50cac0aa55982e2)
C         1.41778438299183   -0.04599993848373   -0.13229536850366
N        -0.07427650218517    0.00240993039253    0.00693051406051
H        -0.36691807555321   -0.19839281038979    0.98301111454337
H        -0.44485374273701    0.93867319408900   -0.24758307843170
H        -0.53173706251643   -0.69669037560801   -0.61006418166853
5
 energy: -6.300270659270 gnorm: 0.024304685645 xtb: 6.2.2 (9d81278992624c895f80dd42a50cac0aa55982e2)
C         1.46800392256741   -0.04763032618901   -0.13698257069793
N        -0.07767612502871    0.00252059156250    0.00724837324165
H        -0.38356910859074   -0.19514076697298    0.97233073091116
H        -0.46049958151303    0.92726294931606   -0.24239537221271
H        -0.54626010743493   -0.68701244771657   -0.60020216124218
5
 energy: -6.301130327007 gnorm: 0.014469260714 xtb: 6.2.2 (9d81278992624c895f80dd42a50cac0aa55982e2)
C         1.49613044686870   -0.04854290789973   -0.13960701708733
N        -0.09358025940192    0.00303656750776    0.00873244465735
H        -0.38779803379192   -0.19460076120614    0.97090909613761
H        -0.46457945589186    0.92562609711242   -0.24146109873970
H        -0.55017369778300   -0.68551899551431   -0.59857442496794
5
 energy: -6.301582125822 gnorm: 0.005282458177 xtb: 6.2.2 (9d81278992624c895f80dd42a50cac0aa55982e2)
C         1.51146151200954   -0.04904012326924   -0.14103726116599
N        -0.11589708470740    0.00376056933793    0.01081474076132
H        -0.38507628155616   -0.19571004099482    0.97526152370126
H        -0.46223626651565    0.93003737223795   -0.24308330818675
H        -0.54825287923033   -0.68904777731182   -0.60195669510984
5
 energy: -6.301675963623 gnorm: 0.002260008931 xtb: 6.2.2 (9d81278992624c895f80dd42a50cac0aa55982e2)
C         1.50868135232142   -0.04894970926847   -0.14077757329566
N        -0.12579597054988    0.00408166399774    0.01173825225025
H        -0.38047395797264   -0.19683601071509    0.97923780018747
H        -0.45799592898212    0.93419159814143   -0.24482150686716
H        -0.54441649481678   -0.69248754215561   -0.60537797227490
5
 energy: -6.301696727630 gnorm: 0.000778602576 xtb: 6.2.2 (9d81278992624c895f80dd42a50cac0aa55982e2)
C         1.50311976657883   -0.04876907221154   -0.14025838225624
N        -0.12933284805707    0.00419633522020    0.01206813482286
H        -0.37728372749290   -0.19734819283423    0.98078349150724
H        -0.45495718623645    0.93588874224136   -0.24566680790569
H        -0.54154700479241   -0.69396781241578   -0.60692743616817
5
 energy: -6.301697988323 gnorm: 0.000219931420 xtb: 6.2.2 (9d81278992624c895f80dd42a50cac0aa55982e2)
C         1.50038310293480   -0.04868101580703   -0.14000398173103
N        -0.12960335251795    0.00420548583290    0.01209385891894
H        -0.37628673463087   -0.19736875559106    0.98063725447610
H        -0.45395543147432    0.93580431275688   -0.24574403811064
H        -0.54053858431166   -0.69396002719169   -0.60698409355337
