5
 energy: -9.463050892507 gnorm: 0.252000894656 xtb: 6.2.2 (9d81278992624c895f80dd42a50cac0aa55982e2)
C         1.04739800000000   -0.04431900000000    0.32158700000000
C        -0.45107800000000   -0.26244700000000    0.33162600000000
C        -1.13107700000000    1.02582400000000    0.31375500000000
N        -1.01921300000000    0.24348600000000   -0.92586500000000
H         1.55397000000000   -0.96254400000000   -0.04110200000000
5
 energy: -9.534849385013 gnorm: 0.204434824779 xtb: 6.2.2 (9d81278992624c895f80dd42a50cac0aa55982e2)
C         1.03345541211322   -0.11198329503366    0.27339165222468
C        -0.35405002787943   -0.15270710733384    0.31665501367223
C        -1.26459499054024    0.99219109052820    0.29528042263313
N        -1.00473707932592    0.28135620721045   -0.87413280595046
H         1.58992668563236   -1.00885689537115   -0.01119328257957
5
 energy: -9.528861226573 gnorm: 0.640134772897 xtb: 6.2.2 (9d81278992624c895f80dd42a50cac0aa55982e2)
C         0.92454041546466   -0.23065674628820    0.26249269076805
C        -0.13596797801872   -0.03622643622797    0.21387198901515
C        -1.31345433487678    0.92004843704019    0.22233103284828
N        -1.10713246109681    0.35451302086213   -0.76048446960993
H         1.63201435852765   -1.00767827538614    0.06178975697846
5
 energy: -9.595102693025 gnorm: 0.130914080921 xtb: 6.2.2 (9d81278992624c895f80dd42a50cac0aa55982e2)
C         1.04752980227389   -0.26376880042419    0.27720944967300
C        -0.21105259081645   -0.00514820320696    0.20431373464434
C        -1.37407348671227    0.95602724114828    0.25785146872096
N        -1.16178578055651    0.34827048681740   -0.80988991167789
H         1.69938205581133   -1.03538072433453    0.07051625863960
5
 energy: -9.599959559743 gnorm: 0.108832428144 xtb: 6.2.2 (9d81278992624c895f80dd42a50cac0aa55982e2)
C         1.04231587144573   -0.25558140230676    0.10358083639544
C        -0.17278311619772    0.01613951552781    0.10458651723971
C        -1.43025308526388    0.93778354416395    0.34499686479939
N        -1.25292136581429    0.42668230692801   -0.81733087954144
H         1.81364169583015   -1.12502396431301    0.26416766110689
5
 energy: -9.610245752097 gnorm: 0.047803401100 xtb: 6.2.2 (9d81278992624c895f80dd42a50cac0aa55982e2)
C         1.01940830603616   -0.32179192618070    0.19776675393746
C        -0.15311567809642    0.04093655121685    0.09659650453995
C        -1.40698207684320    0.95901928994413    0.30214249235290
N        -1.27161936528173    0.39184078180054   -0.79418796536816
H         1.81230881418520   -1.07000469678082    0.19768321453786
5
 energy: -9.613141666003 gnorm: 0.048694007326 xtb: 6.2.2 (9d81278992624c895f80dd42a50cac0aa55982e2)
C         0.99881782549663   -0.33501887599454    0.19432929370764
C        -0.14555027612770    0.03642729796974    0.07591958510733
C        -1.37986777461987    0.96460667902692    0.31423216698059
N        -1.25129696365257    0.36694041955751   -0.78496005378629
H         1.77789718890351   -1.03295552055964    0.20048000799073
5
 energy: -9.618303530474 gnorm: 0.035500420840 xtb: 6.2.2 (9d81278992624c895f80dd42a50cac0aa55982e2)
C         0.96632553410098   -0.40774046798203    0.15680577250993
C        -0.14100104474648    0.05237248990477   -0.00286912043242
C        -1.36019514693515    0.98294038434520    0.32905570918734
N        -1.30454960815005    0.36981591700064   -0.74875057092886
H         1.83942026573072   -0.99738832326858    0.26575920966401
5
 energy: -9.620469141604 gnorm: 0.029002645551 xtb: 6.2.2 (9d81278992624c895f80dd42a50cac0aa55982e2)
C         0.95155740706840   -0.48246545348110    0.12139350123318
C        -0.11344714100848    0.07376084779854   -0.11317649479469
C        -1.34694217385543    1.00363758337067    0.35955845091930
N        -1.36786175481666    0.36346991197546   -0.71316191634818
H         1.87669366261217   -0.95840288966356    0.34538745899040
5
 energy: -9.621496732580 gnorm: 0.019719047970 xtb: 6.2.2 (9d81278992624c895f80dd42a50cac0aa55982e2)
C         0.94109719181782   -0.48066429339624    0.10458181789126
C        -0.12504030013708    0.05804835491758   -0.11914314978473
C        -1.33373389418202    1.00999580468486    0.36469641156921
N        -1.34149701474428    0.35304754444942   -0.70016692612615
H         1.85917401724557   -0.94042741065562    0.35003284645041
5
 energy: -9.621772515396 gnorm: 0.015962335282 xtb: 6.2.2 (9d81278992624c895f80dd42a50cac0aa55982e2)
C         0.95082423504261   -0.47730896599028    0.10038136709341
C        -0.11276631541641    0.05257460968049   -0.13780906835599
C        -1.33521918326592    1.00972788212599    0.36824784007052
N        -1.34636294912183    0.35354963142295   -0.69311835702263
H         1.84352421276155   -0.93854315723916    0.36229921821470
5
 energy: -9.622048186167 gnorm: 0.019361521160 xtb: 6.2.2 (9d81278992624c895f80dd42a50cac0aa55982e2)
C         0.94394298510613   -0.48996879164456    0.08786571968289
C        -0.10973966555417    0.04022259194030   -0.17102885833377
C        -1.32357195868323    1.02289353769154    0.37548860157938
N        -1.36239906009467    0.35207664920203   -0.67891340358159
H         1.85176769922594   -0.92522398718931    0.38658894065309
5
 energy: -9.622372566293 gnorm: 0.012560144577 xtb: 6.2.2 (9d81278992624c895f80dd42a50cac0aa55982e2)
C         0.94260391969635   -0.49411433004401    0.09073583066794
C        -0.11446396219457    0.02872905503436   -0.17757693584680
C        -1.32043796448376    1.03479461198586    0.37179619231217
N        -1.36363619789216    0.34935149665516   -0.67050769256572
H         1.85593420487415   -0.91876083363137    0.38555360543241
5
 energy: -9.623553949582 gnorm: 0.019184238835 xtb: 6.2.2 (9d81278992624c895f80dd42a50cac0aa55982e2)
C         0.94338757947598   -0.49650708468651    0.11391989404493
C        -0.13731555927697   -0.04231292779000   -0.19757996675361
C        -1.30934080113524    1.09706619180492    0.34794349474134
N        -1.37091592098221    0.34097496378170   -0.63542945546562
H         1.87418470191844   -0.89922114311012    0.37114703343296
5
 energy: -9.624751253165 gnorm: 0.030097798414 xtb: 6.2.2 (9d81278992624c895f80dd42a50cac0aa55982e2)
C         0.94854255560766   -0.49641053559832    0.12910464833196
C        -0.15132337627085   -0.11885377061372   -0.22080866364608
C        -1.31221997459566    1.16304949355976    0.32248757806312
N        -1.37616024333875    0.33839992636410   -0.59385993687443
H         1.89116103859760   -0.88618511371182    0.36307737412543
5
 energy: -9.627665258003 gnorm: 0.048466266131 xtb: 6.2.2 (9d81278992624c895f80dd42a50cac0aa55982e2)
C         0.95451185981936   -0.50080534574563    0.13079236656763
C        -0.15750824996855   -0.19014158765457   -0.24856082959956
C        -1.32966151454201    1.22846167945928    0.29951180406722
N        -1.37002059359879    0.33670997058584   -0.54402198552353
H         1.90267849828999   -0.87422471664492    0.36227964448825
5
 energy: -9.637774612001 gnorm: 0.094384344759 xtb: 6.2.2 (9d81278992624c895f80dd42a50cac0aa55982e2)
C         0.96873229054960   -0.50844694959650    0.12346256363717
C        -0.16372158024074   -0.29930326822405   -0.28915838904379
C        -1.37436932614842    1.33086263314651    0.26171824791368
N        -1.34942821776934    0.33793296800045   -0.45936685475678
H         1.91878683360890   -0.86104538332640    0.36334543224971
5
 energy: -9.655342077395 gnorm: 0.063564056066 xtb: 6.2.2 (9d81278992624c895f80dd42a50cac0aa55982e2)
C         0.99000097706866   -0.50812647198220    0.07385321827510
C        -0.14841409989206   -0.32723970591532   -0.26140331297417
C        -1.48250722386382    1.36366890106651    0.23106588441824
N        -1.27329766590495    0.36153067848785   -0.40336810828972
H         1.91421801259218   -0.88983340165684    0.35985331857056
5
 energy: -9.635958402677 gnorm: 0.257341246260 xtb: 6.2.2 (9d81278992624c895f80dd42a50cac0aa55982e2)
C         1.04983740115967   -0.54182679289495   -0.01389307202657
C        -0.12236153717808   -0.48983696855549   -0.28572584903238
C        -1.73464511671719    1.54791145731151    0.12716330719849
N        -1.14134788926707    0.40715974545228   -0.19078874127049
H         1.94851714200267   -0.92340744131335    0.36324535513096
5
 energy: -9.674330201771 gnorm: 0.083398797104 xtb: 6.2.2 (9d81278992624c895f80dd42a50cac0aa55982e2)
C         1.05411344015141   -0.52882732374467   -0.02661980009647
C        -0.10739706348093   -0.36024331186088   -0.24111100340786
C        -1.70126854997520    1.40780961713873    0.15673428943226
N        -1.18752371113940    0.44006643593784   -0.27715434283145
H         1.94207588444412   -0.95880541747102    0.38815185690353
5
 energy: -9.676501267234 gnorm: 0.129895182136 xtb: 6.2.2 (9d81278992624c895f80dd42a50cac0aa55982e2)
C         1.07602953852891   -0.52527146235961    0.00690612208710
C        -0.09507447576327   -0.25788109558765   -0.10990368222725
C        -1.81509995957701    1.35746868305145    0.12100323651011
N        -1.11648972433373    0.45562849049607   -0.31345968893762
H         1.95063462114510   -1.02994461560027    0.29545501256767
5
 energy: -9.683103188705 gnorm: 0.048380130334 xtb: 6.2.2 (9d81278992624c895f80dd42a50cac0aa55982e2)
C         1.09405622580653   -0.52823067922996    0.02522974075868
C        -0.07595877633359   -0.23491426545065   -0.08295612199215
C        -1.85587601891546    1.34376095452578    0.08461053205024
N        -1.12618324422855    0.48664059463191   -0.29199763785662
H         1.96396181367109   -1.06725660447707    0.26511448703987
5
 energy: -9.686699150956 gnorm: 0.037619598441 xtb: 6.2.2 (9d81278992624c895f80dd42a50cac0aa55982e2)
C         1.10542331703273   -0.55293673479487    0.00894654238689
C        -0.05058274781124   -0.22221457991632   -0.09385972722646
C        -1.89336809938517    1.34410842340894    0.05947621860826
N        -1.13346820682571    0.50924240678200   -0.24837827808943
H         1.97199573698940   -1.07819951547976    0.27381624432075
5
 energy: -9.688208564158 gnorm: 0.080163667714 xtb: 6.2.2 (9d81278992624c895f80dd42a50cac0aa55982e2)
C         1.13365748658272   -0.57074525981263    0.04575819917328
C         0.00224851628861   -0.15155305516514   -0.00038452457402
C        -2.03604609064723    1.31643966664309   -0.03858111700068
N        -1.09672890767912    0.57648128377230   -0.19201199927354
H         1.99686899545504   -1.17062263543762    0.18522044167498
5
 energy: -9.691062554923 gnorm: 0.043071370385 xtb: 6.2.2 (9d81278992624c895f80dd42a50cac0aa55982e2)
C         1.12215918934342   -0.55505765437281    0.05888045658805
C        -0.00450757259234   -0.16689452119801   -0.07684565656902
C        -1.98210145282455    1.32608302624074   -0.02495739352560
N        -1.11950023292761    0.54303259710503   -0.16490987129988
H         1.98395006900110   -1.14716344777495    0.20783346480647
5
 energy: -9.691057252702 gnorm: 0.053907245327 xtb: 6.2.2 (9d81278992624c895f80dd42a50cac0aa55982e2)
C         1.10463714711245   -0.64388746093697   -0.04556941447530
C        -0.00985444549818   -0.14912349045002   -0.05970153266337
C        -1.99679592384440    1.29872408897479   -0.02148248695328
N        -1.08061495221899    0.58693333282360   -0.14629768253120
H         1.98262817444913   -1.09264647041141    0.27305211662316
5
 energy: -9.693705356483 gnorm: 0.023956184124 xtb: 6.2.2 (9d81278992624c895f80dd42a50cac0aa55982e2)
C         1.10804134054523   -0.60807376898961    0.03083147448264
C         0.01020124363306   -0.11987187048386   -0.05009187324178
C        -2.02540919308264    1.28521098571803   -0.07130034406711
N        -1.07510701417921    0.58779753060437   -0.11089125795874
H         1.98227362308357   -1.14506287684893    0.20145300078502
5
 energy: -9.694101454726 gnorm: 0.026421740503 xtb: 6.2.2 (9d81278992624c895f80dd42a50cac0aa55982e2)
C         1.10500908650956   -0.59230413662744    0.07422452079158
C         0.01437305947507   -0.09781514717634   -0.03589192996931
C        -2.03549596863715    1.26982551554218   -0.09794274642130
N        -1.07150637246370    0.59303547700726   -0.09961801434805
H         1.98762019511623   -1.17274170874565    0.15922916994710
5
 energy: -9.694409835954 gnorm: 0.020820843625 xtb: 6.2.2 (9d81278992624c895f80dd42a50cac0aa55982e2)
C         1.10251639414334   -0.60716966086668    0.06480401258760
C         0.01958842022435   -0.08998512435156   -0.03483073178089
C        -2.04123466940718    1.26313825589230   -0.10412556366114
N        -1.06739700572761    0.60183631028772   -0.08910421636990
H         1.98652686076712   -1.16781978096177    0.16325749922436
5
 energy: -9.694693272741 gnorm: 0.009822403571 xtb: 6.2.2 (9d81278992624c895f80dd42a50cac0aa55982e2)
C         1.09686742689037   -0.62259049046265    0.06510083569303
C         0.02803082548895   -0.07521447458049   -0.02694693353312
C        -2.04630208619612    1.24945876822233   -0.11560780941408
N        -1.06364774307641    0.61411003066011   -0.07930914901790
H         1.98505157689323   -1.16576383383930    0.15676405627209
5
 energy: -9.694709096991 gnorm: 0.025157214848 xtb: 6.2.2 (9d81278992624c895f80dd42a50cac0aa55982e2)
C         1.09249633359120   -0.64078906902629    0.07519205363918
C         0.04613371351366   -0.04353514798110   -0.00326443304612
C        -2.07148585884584    1.22583054716736   -0.14662744252008
N        -1.05340740017990    0.63798522229784   -0.05731545372141
H         1.98626321192090   -1.17949155245780    0.13201627564845
5
 energy: -9.694893166685 gnorm: 0.004331974771 xtb: 6.2.2 (9d81278992624c895f80dd42a50cac0aa55982e2)
C         1.09155939615340   -0.63365169308203    0.07652792427876
C         0.04226032455791   -0.05090927179653   -0.00427423756744
C        -2.06112577855410    1.22984281126427   -0.13707333618769
N        -1.05721627532984    0.63085206635355   -0.06952012075173
H         1.98452233317266   -1.17613391273924    0.13434077022812
5
 energy: -9.694913020439 gnorm: 0.003320837705 xtb: 6.2.2 (9d81278992624c895f80dd42a50cac0aa55982e2)
C         1.09033448240237   -0.63539012130161    0.07795464677449
C         0.04553538095489   -0.04471872624435    0.00182089796008
C        -2.06375918306798    1.22535319818214   -0.14110023829696
N        -1.05592791573639    0.63353398440637   -0.06862456668860
H         1.98381723544714   -1.17877833504253    0.12995026025103
5
 energy: -9.694930685018 gnorm: 0.002194925630 xtb: 6.2.2 (9d81278992624c895f80dd42a50cac0aa55982e2)
C         1.08917074605215   -0.63767801926988    0.07715451684860
C         0.05036167452476   -0.03595351230336    0.00852776221018
C        -2.06695108377269    1.22033225622120   -0.14550303163064
N        -1.05511618045294    0.63557272126120   -0.06695613559349
H         1.98253484364875   -1.18227344590915    0.12677788816538
5
 energy: -9.694939869120 gnorm: 0.001614019697 xtb: 6.2.2 (9d81278992624c895f80dd42a50cac0aa55982e2)
C         1.08872274157441   -0.63847348289254    0.07438000146699
C         0.05282134323584   -0.03152275086266    0.01060826175392
C        -2.06763450321399    1.21888512009470   -0.14622869836071
N        -1.05550897629419    0.63479786028857   -0.06649558996252
H         1.98159939469795   -1.18368674662806    0.12773702510235
5
 energy: -9.694945874158 gnorm: 0.001159474242 xtb: 6.2.2 (9d81278992624c895f80dd42a50cac0aa55982e2)
C         1.08853060709113   -0.63878556969507    0.06887438145611
C         0.05437849564090   -0.02872163045091    0.00957227060948
C        -2.06679464475830    1.22001295317688   -0.14414921727205
N        -1.05714094358161    0.63141019756021   -0.06687628632855
H         1.98102648560790   -1.18391595059111    0.13257985153504
5
 energy: -9.694947797423 gnorm: 0.000973171152 xtb: 6.2.2 (9d81278992624c895f80dd42a50cac0aa55982e2)
C         1.08853486858758   -0.63890263784351    0.06925584932856
C         0.05320293867632   -0.03081470917467    0.00787253249611
C        -2.06618568203933    1.22142948959837   -0.14289171069019
N        -1.05735345104336    0.63102456665353   -0.06755782273889
H         1.98180132581881   -1.18273670923370    0.13332215160445
