5
 energy: -10.889554191828 gnorm: 0.166035611204 xtb: 6.2.2 (9d81278992624c895f80dd42a50cac0aa55982e2)
C        -1.18759400000000    0.07229800000000   -0.93178600000000
C        -0.56748200000000    0.73990700000000    0.28062900000000
C         0.64073100000000   -0.05589900000000    0.74071800000000
C        -0.57530800000000   -0.76621700000000    0.17374000000000
N         1.68965200000000    0.00991100000000   -0.26330100000000
5
 energy: -10.918365182602 gnorm: 0.087854644084 xtb: 6.2.2 (9d81278992624c895f80dd42a50cac0aa55982e2)
C        -1.26996302969193    0.06633939369421   -0.84179469915927
C        -0.51340043747292    0.75353419983682    0.20592504336625
C         0.63872469108087   -0.05423620658061    0.71743865300767
C        -0.52131501692004   -0.76971609743882    0.09782082519682
N         1.66595279300402    0.00407871048840   -0.17938982241147
5
 energy: -10.930394927705 gnorm: 0.111006106751 xtb: 6.2.2 (9d81278992624c895f80dd42a50cac0aa55982e2)
C        -1.24534223996689    0.06128465127181   -0.77236983256527
C        -0.50314561250709    0.76288631576434    0.17511952758500
C         0.63396530562907   -0.05103686006625    0.67269676338889
C        -0.51113502184732   -0.77472958002411    0.06599713948985
N         1.62565656869222    0.00159547305421   -0.14144359789846
5
 energy: -10.898497962156 gnorm: 0.660402088726 xtb: 6.2.2 (9d81278992624c895f80dd42a50cac0aa55982e2)
C        -1.21666193106403    0.04356866045628   -0.52482793516553
C        -0.51538513942842    0.81690159252624    0.08605773535118
C         0.62600393331697   -0.03375320790212    0.42970083909696
C        -0.52386693249912   -0.81549658813887   -0.02978533289990
N         1.62990906967460   -0.01122045694153    0.03885469361729
5
 energy: -10.979590019356 gnorm: 0.197577094614 xtb: 6.2.2 (9d81278992624c895f80dd42a50cac0aa55982e2)
C        -1.34314073043097    0.04577901397192   -0.54672827279647
C        -0.49099618669667    0.82600278339100    0.07181255955588
C         0.60433380884616   -0.03657639082497    0.47105897372620
C        -0.49956531630253   -0.82274580821182   -0.04519140438016
N         1.72936742458401   -0.01245959832612    0.04904814389454
5
 energy: -11.003834327856 gnorm: 0.086215857021 xtb: 6.2.2 (9d81278992624c895f80dd42a50cac0aa55982e2)
C        -1.48002184320377    0.03858805578513   -0.43536449066514
C        -0.45650132917405    0.88181897049531   -0.00281361499027
C         0.60636335555564   -0.03023324575600    0.38154626647904
C        -0.46558911321205   -0.86781767485038   -0.12697669779927
N         1.79574793003423   -0.02235610567406    0.18360853697564
5
 energy: -11.009594383383 gnorm: 0.134835934376 xtb: 6.2.2 (9d81278992624c895f80dd42a50cac0aa55982e2)
C        -1.50804803003646    0.03200544526848   -0.34053699925129
C        -0.46966034993668    0.92161574180452   -0.03687519599613
C         0.59511705014262   -0.02332395330166    0.28501774804559
C        -0.47912529272721   -0.90226666416566   -0.16630622560117
N         1.86171562255773   -0.02803056960568    0.25870067280300
5
 energy: -11.016861679121 gnorm: 0.060857953546 xtb: 6.2.2 (9d81278992624c895f80dd42a50cac0aa55982e2)
C        -1.43283917814263    0.03361020433931   -0.36862087869853
C        -0.49225710958589    0.94668596685520   -0.00280242697747
C         0.60496008221536   -0.02324972922732    0.28325971858394
C        -0.50199177297082   -0.93166146817164   -0.13609840674054
N         1.82212697848398   -0.02538497379556    0.22426199383260
5
 energy: -11.018763169910 gnorm: 0.029528681582 xtb: 6.2.2 (9d81278992624c895f80dd42a50cac0aa55982e2)
C        -1.44360172620601    0.03306973371073   -0.36025844715681
C        -0.49156791052490    0.95963024891985   -0.00767185991428
C         0.62212713822594   -0.02179086721410    0.26125432919285
C        -0.50144817516446   -0.94379066570213   -0.14273472611959
N         1.81448967366944   -0.02711844971436    0.24941070399782
5
 energy: -11.020289243732 gnorm: 0.026973181915 xtb: 6.2.2 (9d81278992624c895f80dd42a50cac0aa55982e2)
C        -1.45094174351818    0.03221968332154   -0.34774065058315
C        -0.49895476382747    0.96095897346491   -0.00841978511770
C         0.63198602918931   -0.01915178484776    0.22331121373164
C        -0.50884301674600   -0.94492169192297   -0.14365514296764
N         1.82675249490235   -0.02910518001573    0.27650436493685
5
 energy: -11.022187819287 gnorm: 0.026355948572 xtb: 6.2.2 (9d81278992624c895f80dd42a50cac0aa55982e2)
C        -1.46206452676794    0.03201694178870   -0.34404970941344
C        -0.51231748476946    0.94753283418419    0.00148679337331
C         0.65425480932861   -0.01410905960095    0.15060534737496
C        -0.52205185327815   -0.93288575187487   -0.13194191845434
N         1.84217805548694   -0.03255496449708    0.32389948711952
5
 energy: -11.022937129622 gnorm: 0.023781289884 xtb: 6.2.2 (9d81278992624c895f80dd42a50cac0aa55982e2)
C        -1.45828248291333    0.03313244774290   -0.36005073914116
C        -0.51276358900865    0.93659353456716    0.01399806218200
C         0.65800638579023   -0.01314332458841    0.13668052986693
C        -0.52238633227093   -0.92381455547516   -0.11800977920019
N         1.83542501840269   -0.03276810224649    0.32738192629242
5
 energy: -11.023666171358 gnorm: 0.024725219462 xtb: 6.2.2 (9d81278992624c895f80dd42a50cac0aa55982e2)
C        -1.45444295858939    0.03467707061486   -0.38210791978430
C        -0.50793699401669    0.92440040830815    0.03279118706891
C         0.65551299243947   -0.01146545092668    0.11311920512376
C        -0.51743627257963   -0.91444036731447   -0.09768241279900
N         1.82430223274625   -0.03317166068186    0.33387994039064
5
 energy: -11.024058252657 gnorm: 0.028191613158 xtb: 6.2.2 (9d81278992624c895f80dd42a50cac0aa55982e2)
C        -1.44161495220172    0.03591378536177   -0.40047043170249
C        -0.50769028955316    0.92284191407280    0.05055653106077
C         0.65004388142555   -0.01051006588657    0.09997233829062
C        -0.51718374783027   -0.91540596954858   -0.07986903228913
N         1.81644410815961   -0.03283966399943    0.32981059464024
5
 energy: -11.024618285223 gnorm: 0.023794417640 xtb: 6.2.2 (9d81278992624c895f80dd42a50cac0aa55982e2)
C        -1.42257034637232    0.03789934290093   -0.42982888801536
C        -0.50783426024340    0.92460210116467    0.07613958280931
C         0.63807839402572   -0.01010492307415    0.09501888426383
C        -0.51737709253075   -0.92076210174520   -0.05477793726823
N         1.80970230512075   -0.03163441924626    0.31344835821045
5
 energy: -11.025241231397 gnorm: 0.017307414016 xtb: 6.2.2 (9d81278992624c895f80dd42a50cac0aa55982e2)
C        -1.40258444817768    0.03996497674166   -0.46035065508521
C        -0.51242169619922    0.92862164998894    0.09901012752852
C         0.62643458724230   -0.01110986179889    0.11004357437937
C        -0.52204250126348   -0.92793537601738   -0.03269272142129
N         1.81061305839808   -0.02954138891433    0.28398967459861
5
 energy: -11.025805994796 gnorm: 0.017268457364 xtb: 6.2.2 (9d81278992624c895f80dd42a50cac0aa55982e2)
C        -1.38156058593014    0.04237523355184   -0.49579542984592
C        -0.52346522261622    0.93176556942967    0.12076355612105
C         0.61692417156555   -0.01372550218498    0.14776330419369
C        -0.53315922425087   -0.93402436439587   -0.01159475057905
N         1.82125986123169   -0.02639093640066    0.23886332011023
5
 energy: -11.026015613957 gnorm: 0.006706250893 xtb: 6.2.2 (9d81278992624c895f80dd42a50cac0aa55982e2)
C        -1.38514806746065    0.04226212885346   -0.49395742526739
C        -0.52789494132949    0.92801943839009    0.11760456604560
C         0.62465493089331   -0.01388716031544    0.14958444787872
C        -0.53753940925087   -0.92982244357321   -0.01420168084712
N         1.82592648714769   -0.02657196335489    0.24097009219020
5
 energy: -11.026081584463 gnorm: 0.001919453147 xtb: 6.2.2 (9d81278992624c895f80dd42a50cac0aa55982e2)
C        -1.38500338204207    0.04292815305466   -0.50328794494783
C        -0.53086087130220    0.92153614593669    0.12102294953387
C         0.62786190475025   -0.01450549287127    0.15833042199540
C        -0.54042421278452   -0.92386468226960   -0.00991572967183
N         1.82842556137853   -0.02609412385047    0.23385030309039
5
 energy: -11.026083718121 gnorm: 0.000232333214 xtb: 6.2.2 (9d81278992624c895f80dd42a50cac0aa55982e2)
C        -1.38440029439085    0.04285696510935   -0.50249641853390
C        -0.53063285007552    0.92117744421583    0.12077220319094
C         0.62739221643765   -0.01448454319785    0.15773143696520
C        -0.54023866825015   -0.92346665968363   -0.01009831446438
N         1.82787859627888   -0.02608320644370    0.23409109284214
