5
 energy: -8.841420652058 gnorm: 0.224825873642 xtb: 6.2.2 (9d81278992624c895f80dd42a50cac0aa55982e2)
N         0.90454500000000   -0.03444000000000    0.75841900000000
C        -0.28808000000000    0.00372100000000   -0.01200300000000
N         0.96508200000000    0.01032700000000   -0.68050900000000
H        -0.80220100000000   -0.97797300000000   -0.06418800000000
H        -0.77934500000000    0.99836500000000   -0.00171900000000
5
 energy: -8.882052266797 gnorm: 0.127851579364 xtb: 6.2.2 (9d81278992624c895f80dd42a50cac0aa55982e2)
N         0.95072613442247   -0.03275570686358    0.68819595947834
C        -0.29401478457245    0.00379390938707   -0.01225165414123
N         1.00520492401167    0.00753624549210   -0.60668966152916
H        -0.84198297867379   -0.94222042811725   -0.06474596937766
H        -0.81993229518791    0.96364598010165   -0.00450867443030
5
 energy: -8.875968791102 gnorm: 0.268467644555 xtb: 6.2.2 (9d81278992624c895f80dd42a50cac0aa55982e2)
N         0.99086342435346   -0.03053106025994    0.60321877950629
C        -0.30896274196049    0.00398344888482   -0.01287397352186
N         1.03806257375450    0.00437466840074   -0.51867011627340
H        -0.87068011591958   -0.91336607234992   -0.06505737674602
H        -0.84928214022788    0.93553901532430   -0.00661731296502
5
 energy: -8.890131882932 gnorm: 0.040514846663 xtb: 6.2.2 (9d81278992624c895f80dd42a50cac0aa55982e2)
N         0.97633082703222   -0.03212957829308    0.65906280618347
C        -0.29616108949402    0.00381904602004   -0.01234108227319
N         1.02827255782445    0.00628642304077   -0.57552797823118
H        -0.86494892600987   -0.91598985643099   -0.06489602807816
H        -0.84349236935278    0.93801396566326   -0.00629771760094
5
 energy: -8.890671518076 gnorm: 0.012010183165 xtb: 6.2.2 (9d81278992624c895f80dd42a50cac0aa55982e2)
N         0.97962072171154   -0.03193793531356    0.65176526710055
C        -0.29709864597709    0.00383053201367   -0.01238064043900
N         1.03093878034394    0.00601870584112   -0.56798239500251
H        -0.86742050643270   -0.91265283981601   -0.06489494651900
H        -0.84603934964568    0.93474153727478   -0.00650728514005
5
 energy: -8.890718676098 gnorm: 0.000840483492 xtb: 6.2.2 (9d81278992624c895f80dd42a50cac0aa55982e2)
N         0.98096233451430   -0.03185691541844    0.64872337863395
C        -0.29734837010520    0.00383334047054   -0.01239083229084
N         1.03201997580493    0.00590692286464   -0.56483950610831
H        -0.86849524349145   -0.91159108963179   -0.06490738714829
H        -0.84713769672258    0.93370774171505   -0.00658565308651
5
 energy: -8.890718868838 gnorm: 0.000455559961 xtb: 6.2.2 (9d81278992624c895f80dd42a50cac0aa55982e2)
N         0.98083515822805   -0.03186543195475    0.64903042304330
C        -0.29720965581405    0.00383146197912   -0.01238520141991
N         1.03191930079620    0.00591849895886   -0.56515610526842
H        -0.86845159790778   -0.91166369077618   -0.06490745235559
H        -0.84709220530242    0.93377916179295   -0.00658166399938
