5
 energy: -9.408651469292 gnorm: 0.092152346377 xtb: 6.2.2 (9d81278992624c895f80dd42a50cac0aa55982e2)
C        -0.93791600000000    0.55285200000000    0.21883100000000
C        -0.17024000000000   -0.57399300000000    0.64284500000000
C        -0.63888800000000   -0.57000900000000   -0.70611900000000
N         0.43236300000000    0.39496000000000   -0.33896600000000
H         1.31468100000000    0.19619000000000    0.18340900000000
5
 energy: -9.420631051452 gnorm: 0.065233400087 xtb: 6.2.2 (9d81278992624c895f80dd42a50cac0aa55982e2)
C        -0.92047476911801    0.57323220119276    0.22945998909224
C        -0.22266022449158   -0.60953656102937    0.66909936055811
C        -0.61426404582002   -0.57762318678167   -0.71862949870141
N         0.43335626181673    0.38795738614306   -0.33057885500736
H         1.32404277761289    0.22597016047522    0.15064900405841
5
 energy: -9.438700403609 gnorm: 0.080675264093 xtb: 6.2.2 (9d81278992624c895f80dd42a50cac0aa55982e2)
C        -0.84634270929894    0.64664013062571    0.28361628675323
C        -0.42899629510138   -0.72322427023825    0.74079281874507
C        -0.51100655435616   -0.61652062034947   -0.75737752915530
N         0.42361144794890    0.35978584979434   -0.30090949353507
H         1.36273411080759    0.33331891016767    0.03387791719206
5
 energy: -9.441069586976 gnorm: 0.054445175875 xtb: 6.2.2 (9d81278992624c895f80dd42a50cac0aa55982e2)
C        -0.84938019662498    0.63323172463931    0.27963187725017
C        -0.42494499367722   -0.71216161160270    0.72872260826852
C        -0.51888551994915   -0.61183889731809   -0.74645659228233
N         0.42384455500706    0.36290366166761   -0.30439660008067
H         1.36936615524430    0.32786512261387    0.04249870684431
5
 energy: -9.443675245348 gnorm: 0.015875067371 xtb: 6.2.2 (9d81278992624c895f80dd42a50cac0aa55982e2)
C        -0.83548818392669    0.61624764085272    0.28413431838389
C        -0.46241983440071   -0.70986400816943    0.71399776185081
C        -0.51039432916971   -0.60959284195136   -0.72617602546274
N         0.42406363308052    0.36642152020659   -0.30836754644597
H         1.38423871441659    0.33678768906149    0.03641149167400
5
 energy: -9.444219487885 gnorm: 0.015001290027 xtb: 6.2.2 (9d81278992624c895f80dd42a50cac0aa55982e2)
C        -0.82481916031592    0.61820490481073    0.29198026289218
C        -0.49097767358030   -0.71874443935614    0.71550175299287
C        -0.49823791796300   -0.61408090437961   -0.72359964100628
N         0.42575331001893    0.36724200323116   -0.30893594640250
H         1.38828144184029    0.34737843569387    0.02505357152373
5
 energy: -9.444608322494 gnorm: 0.011866458392 xtb: 6.2.2 (9d81278992624c895f80dd42a50cac0aa55982e2)
C        -0.81444824008814    0.61979801374408    0.30214657568890
C        -0.51971928637555   -0.72689757526884    0.71592921291081
C        -0.48589126166642   -0.62079886229379   -0.72012392229329
N         0.43103538305871    0.37202144554677   -0.31318148370307
H         1.38902340507140    0.35587697827178    0.01522961739664
5
 energy: -9.445032181431 gnorm: 0.016401748159 xtb: 6.2.2 (9d81278992624c895f80dd42a50cac0aa55982e2)
C        -0.80427809799744    0.61997105534743    0.31359146351897
C        -0.54848004506685   -0.73446516556026    0.71555662432901
C        -0.47376933697563   -0.62857376764694   -0.71497040521230
N         0.43678179346056    0.38154583105571   -0.32299331217680
H         1.38974568657935    0.36152204680406    0.00881562954112
5
 energy: -9.446177854655 gnorm: 0.031092752061 xtb: 6.2.2 (9d81278992624c895f80dd42a50cac0aa55982e2)
C        -0.79078260201503    0.61946946752283    0.32691475709440
C        -0.58341672931143   -0.74386600245378    0.71545187379781
C        -0.45828649393450   -0.63700761438819   -0.70793769525711
N         0.44182234553896    0.39367925046140   -0.33615946681549
H         1.39066347972200    0.36772489885775    0.00173053118039
5
 energy: -9.461003248777 gnorm: 0.099117735452 xtb: 6.2.2 (9d81278992624c895f80dd42a50cac0aa55982e2)
C        -0.74918434314745    0.61822566194840    0.36590043758068
C        -0.69173820738675   -0.77241066644603    0.71458089625917
C        -0.41108094423248   -0.66108788086892   -0.68721115411597
N         0.45706211275219    0.42440126124266   -0.36876856878381
H         1.39494138201448    0.39087162412389   -0.02450161094006
5
 energy: -9.478594324736 gnorm: 0.145160525791 xtb: 6.2.2 (9d81278992624c895f80dd42a50cac0aa55982e2)
C        -0.64329955966466    0.60734217150517    0.45901955075561
C        -0.95205369852739   -0.83275190289110    0.70294661737943
C        -0.29436189476707   -0.71542513596721   -0.62887589003255
N         0.49104152505361    0.49771944224862   -0.44699807124364
H         1.39867362790551    0.44311542510453   -0.08609220685886
5
 energy: -9.490070533612 gnorm: 0.045455406752 xtb: 6.2.2 (9d81278992624c895f80dd42a50cac0aa55982e2)
C        -0.66319057927871    0.58023085606137    0.43252149961420
C        -0.87747517923669   -0.78822642705095    0.67394536755558
C        -0.32652235342355   -0.69235772650126   -0.61478120356740
N         0.47290250187615    0.49022547592019   -0.44294445875760
H         1.39428561006280    0.41012782157065   -0.04874120484478
5
 energy: -9.491584165856 gnorm: 0.028355573556 xtb: 6.2.2 (9d81278992624c895f80dd42a50cac0aa55982e2)
C        -0.65013890309476    0.57952541966240    0.43906350755810
C        -0.89488115966428   -0.78704525271790    0.66770177547598
C        -0.31220298440238   -0.69420055640314   -0.60967689164624
N         0.46100572239513    0.48876408744134   -0.44450781228124
H         1.39621732476629    0.41295630201731   -0.05258057910660
5
 energy: -9.492607703722 gnorm: 0.023158941933 xtb: 6.2.2 (9d81278992624c895f80dd42a50cac0aa55982e2)
C        -0.63432088886197    0.58281837930816    0.45012976926332
C        -0.91082538286611   -0.78175848806594    0.65621076676401
C        -0.29396478779327   -0.70016705217519   -0.60646414335887
N         0.44780707727403    0.48316945007686   -0.44229446572234
H         1.39130398224732    0.41593771085611   -0.05758192694613
5
 energy: -9.493059905575 gnorm: 0.020305670009 xtb: 6.2.2 (9d81278992624c895f80dd42a50cac0aa55982e2)
C        -0.62898917665364    0.58596876757296    0.45878196188709
C        -0.91943150291637   -0.77620281849771    0.64667371310082
C        -0.28602876085702   -0.70709882559404   -0.60619820888250
N         0.44496261859284    0.47898895569422   -0.43833796444688
H         1.38948682183419    0.41834392082456   -0.06091950165852
5
 energy: -9.493620118879 gnorm: 0.012331888574 xtb: 6.2.2 (9d81278992624c895f80dd42a50cac0aa55982e2)
C        -0.62611712452491    0.59140546686815    0.47273879441766
C        -0.93560987300525   -0.76720696918772    0.63045243688312
C        -0.27844147714491   -0.72014155109877   -0.60748825963319
N         0.44610265175547    0.46989603622616   -0.42718074481814
H         1.39406582291961    0.42604701719218   -0.06852222684946
5
 energy: -9.493874020023 gnorm: 0.008753142509 xtb: 6.2.2 (9d81278992624c895f80dd42a50cac0aa55982e2)
C        -0.62777791854892    0.59263756397557    0.47871865792994
C        -0.94863823122642   -0.76325282951644    0.62145924511360
C        -0.27813672682780   -0.72649547633282   -0.60771931600788
N         0.45061377696760    0.46271129468286   -0.41697189757185
H         1.40393909963554    0.43439944719083   -0.07548668946381
5
 energy: -9.494100202762 gnorm: 0.008597537520 xtb: 6.2.2 (9d81278992624c895f80dd42a50cac0aa55982e2)
C        -0.63033806240381    0.59136163945696    0.48203184644661
C        -0.96683255946740   -0.76149917988931    0.61349247235291
C        -0.28006598551593   -0.73028928503937   -0.60639291032271
N         0.45774894505867    0.45328756077607   -0.40310337936401
H         1.41948766232848    0.44713926469565   -0.08602802911280
5
 energy: -9.494256465862 gnorm: 0.007256146508 xtb: 6.2.2 (9d81278992624c895f80dd42a50cac0aa55982e2)
C        -0.63153332178320    0.58796863450195    0.48201791662276
C        -0.98420671868867   -0.76172556967786    0.60821999104400
C        -0.28217542358295   -0.73021472037761   -0.60348049557910
N         0.46455382121067    0.44411824028294   -0.38964571558789
H         1.43336164284415    0.45985341527059   -0.09711169649977
5
 energy: -9.494333325685 gnorm: 0.003498390478 xtb: 6.2.2 (9d81278992624c895f80dd42a50cac0aa55982e2)
C        -0.63075790763098    0.58487529239387    0.48037018421663
C        -0.99606378296378   -0.76307878857058    0.60605877541828
C        -0.28281786453732   -0.72799951664324   -0.60072724967555
N         0.46875984086810    0.43721934976821   -0.37991226182185
H         1.44087971426399    0.46898366305174   -0.10578944813751
5
 energy: -9.494346686721 gnorm: 0.000701114841 xtb: 6.2.2 (9d81278992624c895f80dd42a50cac0aa55982e2)
C        -0.62969795357323    0.58394782082009    0.47937396974468
C        -0.99888414620800   -0.76372970723638    0.60594623903746
C        -0.28236732495391   -0.72657651211316   -0.59981219510037
N         0.46953432430704    0.43485836732247   -0.37686673380311
H         1.44141510042811    0.47150003120699   -0.10864127987866
5
 energy: -9.494347197698 gnorm: 0.000184856906 xtb: 6.2.2 (9d81278992624c895f80dd42a50cac0aa55982e2)
C        -0.62930475435517    0.58410442714202    0.47945607088158
C        -0.99884899810651   -0.76363552419556    0.60583629648539
C        -0.28192577583635   -0.72653444002628   -0.59983257175575
N         0.46936235295738    0.43475053783716   -0.37681754837618
H         1.44071717534065    0.47131499924266   -0.10864224723504
