5
 energy: -11.011453723349 gnorm: 0.107958466757 xtb: 6.2.2 (9d81278992624c895f80dd42a50cac0aa55982e2)
N        -0.94634000000000   -0.32772400000000    0.66456600000000
C        -0.36946800000000   -0.42798100000000   -0.66735300000000
C         0.99684300000000   -0.68550200000000   -0.07526400000000
C         0.01029800000000    1.03428100000000   -0.63199900000000
C         0.30866700000000    0.40692600000000    0.71004900000000
5
 energy: -11.019467526822 gnorm: 0.051043285883 xtb: 6.2.2 (9d81278992624c895f80dd42a50cac0aa55982e2)
N        -0.92108834118891   -0.31897396950716    0.64682918089111
C        -0.37173338008435   -0.42711067121040   -0.66063918468573
C         0.97271957056390   -0.66117879665837   -0.07813028050808
C         0.01744663921309    1.00408014126570   -0.61721190786581
C         0.30265551149626    0.40318329611024    0.70915119216851
5
 energy: -11.024369100434 gnorm: 0.037957308580 xtb: 6.2.2 (9d81278992624c895f80dd42a50cac0aa55982e2)
N        -0.90445349254699   -0.31316502287562    0.63511667661225
C        -0.38900522103985   -0.43148448585230   -0.64345605293806
C         0.95587738834148   -0.60921245994489   -0.10133693872230
C         0.05588306849957    0.95959162852935   -0.60916814482416
C         0.28169825674579    0.39427034014346    0.71884345987226
5
 energy: -11.022111730631 gnorm: 0.158248136086 xtb: 6.2.2 (9d81278992624c895f80dd42a50cac0aa55982e2)
N        -0.88918574328690   -0.30734487925034    0.62406870391239
C        -0.45694304432042   -0.45387267677595   -0.59127605340304
C         0.93925144327203   -0.45043117351822   -0.18939498108164
C         0.19626963541835    0.84365193838659   -0.60800704005806
C         0.21060770891694    0.36799679115792    0.76460837063034
5
 energy: -11.031381987383 gnorm: 0.040675237223 xtb: 6.2.2 (9d81278992624c895f80dd42a50cac0aa55982e2)
N        -0.91061367277321   -0.31491703692624    0.63921061354793
C        -0.42556367352977   -0.44555388361684   -0.62137801280839
C         0.95678150534491   -0.53045333392977   -0.14952136483356
C         0.13153347792410    0.90737245389782   -0.61476038272012
C         0.24786236303398    0.38355180057503    0.74644814681415
5
 energy: -11.032960514971 gnorm: 0.023660199487 xtb: 6.2.2 (9d81278992624c895f80dd42a50cac0aa55982e2)
N        -0.91922018791592   -0.31735482511749    0.64492790810649
C        -0.43764006849638   -0.45180681383463   -0.61823128457685
C         0.96202060141738   -0.50906653159205   -0.16506300776699
C         0.15502555943852    0.89596937102771   -0.61941303212575
C         0.23981409555640    0.38225879951645    0.75777841636311
5
 energy: -11.033584711374 gnorm: 0.005296392806 xtb: 6.2.2 (9d81278992624c895f80dd42a50cac0aa55982e2)
N        -0.92702739931398   -0.31836855015698    0.64937477048242
C        -0.45310945652552   -0.46078017998313   -0.61509751738385
C         0.96868063493452   -0.48498401454385   -0.18294709978067
C         0.18103265759085    0.88336501787710   -0.62458461487869
C         0.23042356331413    0.38076772680686    0.77325346156079
5
 energy: -11.033617489527 gnorm: 0.002114315330 xtb: 6.2.2 (9d81278992624c895f80dd42a50cac0aa55982e2)
N        -0.92600393371868   -0.31706462126734    0.64808764061860
C        -0.45176677570030   -0.46099380259828   -0.61603554152230
C         0.96940035931459   -0.48949338229407   -0.18056342523639
C         0.17636193053906    0.88669827327969   -0.62430079801201
C         0.23200841956534    0.38085353288000    0.77281112415211
5
 energy: -11.033628156533 gnorm: 0.001956206740 xtb: 6.2.2 (9d81278992624c895f80dd42a50cac0aa55982e2)
N        -0.92649456984834   -0.31479251220513    0.64695957820325
C        -0.45144236700029   -0.46248070597263   -0.61607529041337
C         0.97064741858173   -0.49007182404490   -0.18082206835857
C         0.17448574703947    0.88739707085561   -0.62379599194024
C         0.23280377122742    0.37994797136705    0.77373277250892
5
 energy: -11.035195812898 gnorm: 0.053694451399 xtb: 6.2.2 (9d81278992624c895f80dd42a50cac0aa55982e2)
N        -0.94807233387549   -0.24177937650063    0.61346423448923
C        -0.43752526846180   -0.50837253475221   -0.61403899050462
C         1.00859462426556   -0.50045287650975   -0.19312693754867
C         0.11882979492007    0.90242167544539   -0.60541746884563
C         0.25817318315166    0.34818311231720    0.79911816240969
5
 energy: -11.028644859230 gnorm: 0.167202412769 xtb: 6.2.2 (9d81278992624c895f80dd42a50cac0aa55982e2)
N        -0.99815539631798   -0.04993095036050    0.52226004383394
C        -0.38593222081122   -0.61943044577930   -0.61233612273157
C         1.09858395619627   -0.54502756591061   -0.21013073838359
C        -0.04848306957648    0.94739689108925   -0.55005028268810
C         0.33398673050941    0.26699207096116    0.85025609996932
5
 energy: -11.047606736870 gnorm: 0.072126453808 xtb: 6.2.2 (9d81278992624c895f80dd42a50cac0aa55982e2)
N        -0.95395191505828   -0.12091073080040    0.54346544761943
C        -0.37247640522158   -0.55678473676257   -0.62096861160694
C         1.03426641963075   -0.56396645357972   -0.16696854168104
C        -0.03337168410844    0.93912038292100   -0.55253166705599
C         0.32553358475755    0.30254153822168    0.79700237272453
5
 energy: -11.054655784088 gnorm: 0.039069923585 xtb: 6.2.2 (9d81278992624c895f80dd42a50cac0aa55982e2)
N        -0.93387420375261   -0.07576446145296    0.50628683004314
C        -0.31376059210204   -0.54878036231093   -0.63660390141672
C         1.01455423727158   -0.62602293887896   -0.11948842231011
C        -0.14010562462653    0.95388582754628   -0.50895103472394
C         0.37318618320961    0.29668193509657    0.75875552840763
5
 energy: -11.056526668083 gnorm: 0.018797622086 xtb: 6.2.2 (9d81278992624c895f80dd42a50cac0aa55982e2)
N        -0.93220223057277   -0.04021293094699    0.48374310253992
C        -0.29006445274290   -0.55009463268565   -0.64880557818724
C         1.01683013578619   -0.64908882359644   -0.10677699575095
C        -0.19240501660071    0.94285711091851   -0.47667967618827
C         0.39784156413019    0.29653927631057    0.74851814758655
5
 energy: -11.056796446915 gnorm: 0.009815948441 xtb: 6.2.2 (9d81278992624c895f80dd42a50cac0aa55982e2)
N        -0.93504676328894   -0.04281746747681    0.48650345885073
C        -0.28902431996908   -0.54455533094956   -0.65466943409713
C         1.01590591265558   -0.64923180373786   -0.10645913238360
C        -0.19208228271488    0.93273703786417   -0.47084264759746
C         0.40024745331732    0.30386756430006    0.74546675522746
5
 energy: -11.056852752927 gnorm: 0.002165285854 xtb: 6.2.2 (9d81278992624c895f80dd42a50cac0aa55982e2)
N        -0.93799643505571   -0.04158046920532    0.48709264931787
C        -0.28622071147207   -0.54498843138438   -0.65738951886656
C         1.01643149683196   -0.65193103618780   -0.10520270615311
C        -0.19630757673427    0.93368355134020   -0.46936955344114
C         0.40409322643009    0.30481638543730    0.74486812914294
5
 energy: -11.056857888580 gnorm: 0.000632969180 xtb: 6.2.2 (9d81278992624c895f80dd42a50cac0aa55982e2)
N        -0.93857053118703   -0.04339643234720    0.48842676169635
C        -0.28578880599984   -0.54415095954808   -0.65808343670091
C         1.01571768390693   -0.65252571816966   -0.10453343043334
C        -0.19589209772311    0.93435480318491   -0.46996394783924
C         0.40453375100305    0.30571830688003    0.74415305327713
5
 energy: -11.056858769611 gnorm: 0.000854645102 xtb: 6.2.2 (9d81278992624c895f80dd42a50cac0aa55982e2)
N        -0.93830977726860   -0.04300104987327    0.48803461990346
C        -0.28499322030860   -0.54396827645045   -0.65847954861157
C         1.01547167833557   -0.65369901736397   -0.10371284233107
C        -0.19744543976874    0.93480400713173   -0.46944339336706
C         0.40527675901037    0.30586433655596    0.74360016440623
