4
 energy: -8.896058776149 gnorm: 0.207320571859 xtb: 6.2.2 (9d81278992624c895f80dd42a50cac0aa55982e2)
C        -0.78307000000000   -0.64315500000000   -0.09357300000000
C        -0.66085800000000    0.85848100000000   -0.15780400000000
C         0.80498400000000    0.61468800000000    0.09880700000000
N         0.63894300000000   -0.83001400000000    0.15257000000000
4
 energy: -8.949509640987 gnorm: 0.139532375950 xtb: 6.2.2 (9d81278992624c895f80dd42a50cac0aa55982e2)
C        -0.68840033444438   -0.56752099290783   -0.08213242051605
C        -0.67977709740526    0.88305752964290   -0.16232995542353
C         0.70969305794179    0.53985830265370    0.08723551305003
N         0.65848337390784   -0.85539483938877    0.15722686288954
4
 energy: -8.930947042449 gnorm: 0.359547642925 xtb: 6.2.2 (9d81278992624c895f80dd42a50cac0aa55982e2)
C        -0.48231341688443   -0.41662736890471   -0.05644303213706
C        -0.75615395636574    0.98226899770346   -0.18059572447846
C         0.51541225293518    0.37361769731721    0.06442450460759
N         0.72305412031498   -0.93925932611595    0.17261425200793
4
 energy: -8.977450704668 gnorm: 0.051570692794 xtb: 6.2.2 (9d81278992624c895f80dd42a50cac0aa55982e2)
C        -0.60133382897128   -0.50568921024200   -0.07115405827603
C        -0.72014974562049    0.93550224440202   -0.17199910647213
C         0.62944635769277    0.46915810575918    0.07794572575569
N         0.69203621689900   -0.89897113991920    0.16520743899248
4
 energy: -8.978874869164 gnorm: 0.020190162000 xtb: 6.2.2 (9d81278992624c895f80dd42a50cac0aa55982e2)
C        -0.58804255015070   -0.49977787499930   -0.06929746291385
C        -0.72130667519936    0.93700180644890   -0.17226238614873
C         0.62057319417773    0.45751144014015    0.07711740661932
N         0.68877503117233   -0.89473537158975    0.16444244244326
4
 energy: -8.979179351567 gnorm: 0.003028711023 xtb: 6.2.2 (9d81278992624c895f80dd42a50cac0aa55982e2)
C        -0.57816651118498   -0.49251394752357   -0.06807954082528
C        -0.72309874059405    0.93932684185203   -0.17268057146308
C         0.61123330940915    0.44954753812255    0.07600789886901
N         0.69003094236988   -0.89636043245100    0.16475221341935
4
 energy: -8.979183591954 gnorm: 0.000260708136 xtb: 6.2.2 (9d81278992624c895f80dd42a50cac0aa55982e2)
C        -0.57877214210474   -0.49237019469817   -0.06819118224505
C        -0.72313739251342    0.93937564421132   -0.17268662988928
C         0.61124398622312    0.45017898093360    0.07597094441846
N         0.69066454839504   -0.89718443044675    0.16490686771587
