5
 energy: -8.782037290572 gnorm: 0.367863823520 xtb: 6.2.2 (9d81278992624c895f80dd42a50cac0aa55982e2)
C         0.70432700000000   -0.34741200000000    0.47708000000000
N        -0.50537900000000   -0.11418300000000   -0.29211500000000
N         1.83471500000000    0.27549800000000   -0.18841000000000
H        -0.77937900000000    0.88300900000000   -0.14076100000000
H        -1.25428400000000   -0.69691300000000    0.14420600000000
5
 energy: -8.898109291318 gnorm: 0.230560601116 xtb: 6.2.2 (9d81278992624c895f80dd42a50cac0aa55982e2)
C         0.75095190294455   -0.26205132343051    0.32787379518842
N        -0.52679494811092   -0.11798131776296   -0.25188179724287
N         1.82048653215246    0.21586324186800   -0.09192134630414
H        -0.78904604645139    0.87158474473316   -0.14833185385567
H        -1.25559744053471   -0.70741634540769    0.16426120221426
5
 energy: -8.842848036838 gnorm: 1.042075972235 xtb: 6.2.2 (9d81278992624c895f80dd42a50cac0aa55982e2)
C         0.80222053784963   -0.13640942103787    0.19208097075393
N        -0.50898755253108   -0.11719550414505   -0.19277702813174
N         1.72939551159259    0.11923097736677   -0.00834872473528
H        -0.78752230644493    0.85884467953355   -0.14263368622543
H        -1.23510619046621   -0.72447173171741    0.15167846833852
5
 energy: -8.944980222287 gnorm: 0.104038431795 xtb: 6.2.2 (9d81278992624c895f80dd42a50cac0aa55982e2)
C         0.72593164928212   -0.10922052456402    0.14241744022762
N        -0.54997778208815   -0.11537206696017   -0.20464307063156
N         1.87464648227943    0.11553772346397    0.00908387875118
H        -0.81948866319859    0.85248639045385   -0.13085101098404
H        -1.23111168627481   -0.74343252239363    0.18399276263680
5
 energy: -8.949720846347 gnorm: 0.115105215296 xtb: 6.2.2 (9d81278992624c895f80dd42a50cac0aa55982e2)
C         0.75336721734208   -0.10656807646455    0.04724619736728
N        -0.57021358909221   -0.08735329770747   -0.18826021615281
N         1.92613717320165    0.07689507768359    0.07803237902284
H        -0.90262415379205    0.87292806636637   -0.16100750196173
H        -1.20666664765948   -0.75590276987794    0.22398914172442
5
 energy: -8.954020599371 gnorm: 0.061671129803 xtb: 6.2.2 (9d81278992624c895f80dd42a50cac0aa55982e2)
C         0.75478042745162   -0.07430303355498    0.07379233301005
N        -0.54646236359458   -0.04165157429501   -0.17048304382056
N         1.91677869053302    0.00687949170408    0.06085616542212
H        -0.97469169879980    0.89446971488864   -0.15783369725404
H        -1.15040505559026   -0.78539559874272    0.19366824264244
5
 energy: -8.953478246552 gnorm: 0.062090036381 xtb: 6.2.2 (9d81278992624c895f80dd42a50cac0aa55982e2)
C         0.75076741939544   -0.12578361709983    0.04588584409771
N        -0.54117555895025   -0.04262466599827   -0.17136405894183
N         1.86846656330397    0.03987889401534    0.08400575812451
H        -0.94883675269855    0.88430316213453   -0.18127481868199
H        -1.12922167105061   -0.75577477305176    0.22274727540160
5
 energy: -8.956342349514 gnorm: 0.035968612172 xtb: 6.2.2 (9d81278992624c895f80dd42a50cac0aa55982e2)
C         0.74275676665962   -0.05186523202192    0.02196546493490
N        -0.54971647478916   -0.02980991018375   -0.17373491588300
N         1.89340115302329   -0.01904905350219    0.09645465369483
H        -0.98031191749707    0.87250197897302   -0.15620154904663
H        -1.10612952739668   -0.77177878326517    0.21151634629991
5
 energy: -8.956695807004 gnorm: 0.016232572599 xtb: 6.2.2 (9d81278992624c895f80dd42a50cac0aa55982e2)
C         0.75530422452343   -0.04088377420203    0.02105747356131
N        -0.55429202599489   -0.02117079802424   -0.16348653534010
N         1.90422467422487   -0.03664757773997    0.09774833255762
H        -1.00150732418692    0.88332604960137   -0.15889637760174
H        -1.10372954856649   -0.78462489963513    0.20357710682291
5
 energy: -8.956837226934 gnorm: 0.005492799974 xtb: 6.2.2 (9d81278992624c895f80dd42a50cac0aa55982e2)
C         0.75282650706887   -0.03894108478503    0.01596131908183
N        -0.55350567714862   -0.01836871146650   -0.16457057514721
N         1.89735022575822   -0.04155749618424    0.10177464483752
H        -1.00277432593771    0.88368185709186   -0.15924236374455
H        -1.09389672974076   -0.78481556465609    0.20607697497241
5
 energy: -8.956881656992 gnorm: 0.005616445527 xtb: 6.2.2 (9d81278992624c895f80dd42a50cac0aa55982e2)
C         0.75087405790482   -0.02924016426705    0.00980238667916
N        -0.55358391685590   -0.01379179239205   -0.16664406447188
N         1.89383959721024   -0.05395583333588    0.10666003599051
H        -1.01017184095533    0.88376860654376   -0.15674757459714
H        -1.08095789730383   -0.78678181654877    0.20692921639935
5
 energy: -8.956891634285 gnorm: 0.002277986569 xtb: 6.2.2 (9d81278992624c895f80dd42a50cac0aa55982e2)
C         0.75135152416655   -0.02959924592929    0.00980583571458
N        -0.55405114411160   -0.01457216973264   -0.16877896424641
N         1.89251766138923   -0.05360601089677    0.10729508181773
H        -1.00945120254024    0.88367347966754   -0.15626840112598
H        -1.08036683890394   -0.78589705310884    0.20794644784008
5
 energy: -8.956900595387 gnorm: 0.002220591375 xtb: 6.2.2 (9d81278992624c895f80dd42a50cac0aa55982e2)
C         0.75125697457055   -0.02929932021033    0.00930343930485
N        -0.55442586656998   -0.01480810735544   -0.17217718558627
N         1.89219464773296   -0.05426777260052    0.10843424265387
H        -1.01008691890919    0.88380728914121   -0.15536148021406
H        -1.07893883682434   -0.78543308897492    0.20980098384161
5
 energy: -8.956917634697 gnorm: 0.001051964626 xtb: 6.2.2 (9d81278992624c895f80dd42a50cac0aa55982e2)
C         0.75013345690365   -0.02862059320178    0.00727128838012
N        -0.55584015699748   -0.01776206417065   -0.18770260899107
N         1.89079113908622   -0.05453670685809    0.11299155746267
H        -1.00992157051476    0.88252964162613   -0.15074471502392
H        -1.07516286847763   -0.78161127739562    0.21818447817220
5
 energy: -8.956918658884 gnorm: 0.000297594205 xtb: 6.2.2 (9d81278992624c895f80dd42a50cac0aa55982e2)
C         0.75001462959814   -0.02952463495123    0.00700097569313
N        -0.55551642339730   -0.01807381888003   -0.18556615499215
N         1.89090455679074   -0.05312313541127    0.11258678137096
H        -1.00865837547040    0.88229965304524   -0.15158427340176
H        -1.07674438752118   -0.78157906380271    0.21756267132982
