5
 energy: -8.663840883644 gnorm: 0.130157474981 xtb: 6.2.2 (9d81278992624c895f80dd42a50cac0aa55982e2)
N        -0.50186300000000    0.15577800000000    0.44676700000000
C         0.87664000000000   -0.30866600000000    0.47994200000000
N        -1.21269500000000   -0.71604400000000   -0.38830000000000
H        -0.50888200000000    1.09435100000000   -0.01319000000000
H         1.34680000000000   -0.22542000000000   -0.52521800000000
5
 energy: -8.682769528529 gnorm: 0.097534807809 xtb: 6.2.2 (9d81278992624c895f80dd42a50cac0aa55982e2)
N        -0.49496395510243    0.15025525752157    0.40798101110233
C         0.86475044221940   -0.25751295512675    0.47549689805338
N        -1.12727424878203   -0.69338605498781   -0.39107684482579
H        -0.57052388723399    1.12011493082986    0.04393795928262
H         1.32801164889906   -0.31947217823687   -0.53633802361255
5
 energy: -8.685736160133 gnorm: 0.379955828648 xtb: 6.2.2 (9d81278992624c895f80dd42a50cac0aa55982e2)
N        -0.46196505195377    0.08102187338664    0.21965327696494
C         0.87121594950519   -0.10165230846719    0.46919992466092
N        -1.04462712962497   -0.62980134434199   -0.36215625068028
H        -0.69876670407958    1.16846584847880    0.20176010200649
H         1.33414293615313   -0.51803506905627   -0.52845605295208
5
 energy: -8.713162480429 gnorm: 0.069655616155 xtb: 6.2.2 (9d81278992624c895f80dd42a50cac0aa55982e2)
N        -0.44929039140292    0.13607414111622    0.27034440826102
C         0.87666522924931   -0.13362322646629    0.45865671111457
N        -1.08117649982193   -0.69063767482798   -0.39588184545374
H        -0.69907170227385    1.19382646799399    0.19363916638355
H         1.35287336424940   -0.50564070781594   -0.52675744030541
5
 energy: -8.723223745317 gnorm: 0.049610068952 xtb: 6.2.2 (9d81278992624c895f80dd42a50cac0aa55982e2)
N        -0.41825428717758    0.11780373918030    0.17986505235464
C         0.88091786415713   -0.12892098338777    0.42198968128640
N        -1.18472987632186   -0.68895512572055   -0.34921812747577
H        -0.70014908217235    1.17571871589083    0.21808215771226
H         1.42221538151466   -0.47564734596281   -0.47071776387753
5
 energy: -8.729980088318 gnorm: 0.075708836301 xtb: 6.2.2 (9d81278992624c895f80dd42a50cac0aa55982e2)
N        -0.39564474611680    0.11801693330973    0.09527742365875
C         0.90200516950616    0.01650128140580    0.37162538218003
N        -1.21957407760993   -0.67286140905832   -0.36606879268945
H        -0.76587741879477    1.15029950596420    0.33579402221289
H         1.47909107301534   -0.61195731162141   -0.43662703536222
5
 energy: -8.734135200561 gnorm: 0.024207198138 xtb: 6.2.2 (9d81278992624c895f80dd42a50cac0aa55982e2)
N        -0.39924663046949    0.11514602645860    0.08105709619691
C         0.90128739394831    0.01823713146070    0.34188829827174
N        -1.27573955686319   -0.65523479632404   -0.34389197062349
H        -0.69756776960899    1.06568373554053    0.31447807706741
H         1.47126656299336   -0.54383309713579   -0.39353050091257
5
 energy: -8.737356185480 gnorm: 0.025525656231 xtb: 6.2.2 (9d81278992624c895f80dd42a50cac0aa55982e2)
N        -0.39677218489040    0.14448907205278    0.07893424953729
C         0.90177383282155    0.02190137638412    0.31915125051258
N        -1.22669327923783   -0.66216068536488   -0.35360723717974
H        -0.75177274144597    1.09610773354483    0.34553174187581
H         1.47346437275265   -0.60033849661685   -0.39000900474594
5
 energy: -8.741191784891 gnorm: 0.036194636007 xtb: 6.2.2 (9d81278992624c895f80dd42a50cac0aa55982e2)
N        -0.39391873294150    0.20194283437402    0.07999295222234
C         0.91042544401427    0.05576977670453    0.27789070110825
N        -1.12847831512288   -0.67231783358575   -0.38677199694912
H        -0.81331035530897    1.11383470237123    0.40422645957385
H         1.42528195935907   -0.69923047986403   -0.37533711595532
5
 energy: -8.741729180428 gnorm: 0.046148829298 xtb: 6.2.2 (9d81278992624c895f80dd42a50cac0aa55982e2)
N        -0.39260657630667    0.29142471081128    0.09696170245841
C         0.92915054337712    0.09832884131414    0.21950517700140
N        -0.96482141914299   -0.69205219022696   -0.44473892859613
H        -0.88452504800697    1.13561551851379    0.47881161659915
H         1.31280250007951   -0.83331788041225   -0.35053856746283
5
 energy: -8.744754726362 gnorm: 0.017319540554 xtb: 6.2.2 (9d81278992624c895f80dd42a50cac0aa55982e2)
N        -0.38208305920608    0.25595056115875    0.07421566662558
C         0.92678603904265    0.08255581528021    0.22642359800396
N        -1.04306123811453   -0.67888723610063   -0.41452553647823
H        -0.84669085436766    1.10693214273143    0.44914825908663
H         1.34504911264561   -0.76655228306977   -0.33526098723795
5
 energy: -8.745392611304 gnorm: 0.020358372273 xtb: 6.2.2 (9d81278992624c895f80dd42a50cac0aa55982e2)
N        -0.37822244349699    0.25656234310430    0.07583839215703
C         0.93467114055195    0.11155342383499    0.21646486102281
N        -1.03182341501653   -0.67397702113266   -0.42790738425459
H        -0.84108053520281    1.09074498804325    0.45984165895090
H         1.31645525316439   -0.78488473384988   -0.32423652787615
5
 energy: -8.745909943383 gnorm: 0.014839490686 xtb: 6.2.2 (9d81278992624c895f80dd42a50cac0aa55982e2)
N        -0.37340057929345    0.26960511874659    0.07935766231767
C         0.94425506274376    0.12262301259092    0.19048123472804
N        -1.00835214328437   -0.67421418547990   -0.43813895785253
H        -0.84762064849273    1.08557039759050    0.46938699339300
H         1.28511830832679   -0.80358534344810   -0.30108593258619
5
 energy: -8.746088556602 gnorm: 0.008716343467 xtb: 6.2.2 (9d81278992624c895f80dd42a50cac0aa55982e2)
N        -0.37056311566215    0.26768454561037    0.07813197621293
C         0.94798647024207    0.12725133555774    0.18065011029428
N        -1.00838765844541   -0.67579691164559   -0.43953392221213
H        -0.84934451992596    1.08929522765260    0.47199379012712
H         1.28030882379144   -0.80843519717512   -0.29124095442222
5
 energy: -8.746289398762 gnorm: 0.006283208034 xtb: 6.2.2 (9d81278992624c895f80dd42a50cac0aa55982e2)
N        -0.37482480294259    0.25803822545217    0.08835343852603
C         0.94912582546192    0.13024303105942    0.16685371654168
N        -1.01593433275327   -0.67757740963109   -0.43933674044654
H        -0.84449474647247    1.09608497871631    0.46586822827387
H         1.28612805670642   -0.80678982559681   -0.28173764289504
5
 energy: -8.746339287128 gnorm: 0.002736130693 xtb: 6.2.2 (9d81278992624c895f80dd42a50cac0aa55982e2)
N        -0.37775412416293    0.25386660037501    0.09034162927353
C         0.94637531047135    0.13507441356352    0.15882527900642
N        -1.02091533791996   -0.67912067903890   -0.43794288971327
H        -0.84186860779694    1.09843903298834    0.46666626274482
H         1.29416275940849   -0.80826036788797   -0.27788928131150
5
 energy: -8.746348274853 gnorm: 0.000934731467 xtb: 6.2.2 (9d81278992624c895f80dd42a50cac0aa55982e2)
N        -0.37946485926244    0.25232771495580    0.09029939020241
C         0.94332408348569    0.13428147156847    0.15767483326527
N        -1.02321566957537   -0.68037420573524   -0.43577901284993
H        -0.83903466099882    1.09949279817805    0.46595182149697
H         1.29839110635094   -0.80572877896709   -0.27814603211472
5
 energy: -8.746349099175 gnorm: 0.000577816733 xtb: 6.2.2 (9d81278992624c895f80dd42a50cac0aa55982e2)
N        -0.37981258570360    0.25321210511992    0.08993268212298
C         0.94284170077965    0.13482065924555    0.15660689245959
N        -1.02183024449012   -0.68047410161533   -0.43574083396990
H        -0.83907779718462    1.09905968950462    0.46688816621753
H         1.29787892659870   -0.80661935225475   -0.27768590683020
