5
 energy: -7.845466930789 gnorm: 0.193750143273 xtb: 6.2.2 (9d81278992624c895f80dd42a50cac0aa55982e2)
C        -0.38219400000000    0.23029400000000   -0.26881400000000
N         0.91187100000000    0.20084700000000    0.39070400000000
C        -1.08066000000000   -1.10325000000000   -0.08896200000000
H        -1.00538500000000    1.03099100000000    0.17978100000000
H         1.55636800000000   -0.35888200000000   -0.21270900000000
5
 energy: -7.889687857057 gnorm: 0.124218020629 xtb: 6.2.2 (9d81278992624c895f80dd42a50cac0aa55982e2)
C        -0.37972232327856    0.17341139502441   -0.10006823924174
N         0.91996635814408    0.23856283796136    0.31608060056887
C        -1.08819902405552   -1.09921471824191   -0.14965655284793
H        -1.01183645177713    1.05936570752221    0.13283758426088
H         1.55979144096713   -0.37212522226607   -0.19919339274007
5
 energy: -7.902381999480 gnorm: 0.141364034587 xtb: 6.2.2 (9d81278992624c895f80dd42a50cac0aa55982e2)
C        -0.35791960663617    0.12843685238976   -0.00595829100442
N         0.83094616790451    0.24877616847113    0.20902288242980
C        -1.03163096380815   -1.01686327831774   -0.17268322881510
H        -0.98241232923702    1.02096763815727    0.12646412742411
H         1.54101673177683   -0.38131738070041   -0.15684549003439
5
 energy: -7.909731689680 gnorm: 0.067876299891 xtb: 6.2.2 (9d81278992624c895f80dd42a50cac0aa55982e2)
C        -0.39214421530170    0.12614013076316    0.05060196720949
N         0.90133133361775    0.35807156761671    0.13174973948790
C        -1.04815746620427   -1.05012600131703   -0.23053446868586
H        -1.00935237881926    1.03175543070603    0.15025228747768
H         1.54832272670748   -0.46584112776887   -0.10206952548921
5
 energy: -7.910451378783 gnorm: 0.049975676295 xtb: 6.2.2 (9d81278992624c895f80dd42a50cac0aa55982e2)
C        -0.38496986426787    0.10860770297518    0.04300457750939
N         0.89570416981639    0.25764956482138    0.19514042660523
C        -1.10268362342857   -1.05681433185922   -0.19763939798287
H        -0.98919558396381    1.04997206303238    0.10721996137592
H         1.58114490184386   -0.35941499896972   -0.14772556750766
5
 energy: -7.912978998835 gnorm: 0.026613676667 xtb: 6.2.2 (9d81278992624c895f80dd42a50cac0aa55982e2)
C        -0.38384286915113    0.13421463214939    0.01096068292973
N         0.86943836151191    0.29044110939930    0.15120553547462
C        -1.05297816226680   -1.03821761508092   -0.19728248492130
H        -0.99064852400730    1.02391239147177    0.14618761951429
H         1.55803119391332   -0.41035051793953   -0.11107135299734
5
 energy: -7.913839931446 gnorm: 0.019125727722 xtb: 6.2.2 (9d81278992624c895f80dd42a50cac0aa55982e2)
C        -0.38340896231200    0.12733277217082    0.03334194045249
N         0.87864559476034    0.31573926607772    0.12786914998491
C        -1.05299604431982   -1.04627328635584   -0.21331840244141
H        -0.99206535725731    1.02969985863456    0.14968788844698
H         1.54982476912879   -0.42649861052725   -0.09758057644297
5
 energy: -7.914121071036 gnorm: 0.009990366163 xtb: 6.2.2 (9d81278992624c895f80dd42a50cac0aa55982e2)
C        -0.38153889803812    0.12838975548408    0.03432137404084
N         0.88240959490423    0.31534222512122    0.11778987513950
C        -1.05342411891104   -1.04702980601041   -0.21461256703568
H        -0.99417713314093    1.02954748866035    0.15231328407884
H         1.54673055518586   -0.42624966325524   -0.08981196622350
5
 energy: -7.914414609961 gnorm: 0.003579154935 xtb: 6.2.2 (9d81278992624c895f80dd42a50cac0aa55982e2)
C        -0.37883220230457    0.13359278484177    0.02634997179884
N         0.88536262366917    0.31992910731587    0.08719782798275
C        -1.05109329052664   -1.04607630161286   -0.21634037296675
H        -0.99812919617121    1.02502839534959    0.16767717283974
H         1.54269206533325   -0.43247398589436   -0.06488459965458
5
 energy: -7.914453218831 gnorm: 0.001586118033 xtb: 6.2.2 (9d81278992624c895f80dd42a50cac0aa55982e2)
C        -0.37901933352201    0.13314368185236    0.02057563976003
N         0.88418793998294    0.31873492148362    0.07771319180469
C        -1.05425513152207   -1.04649775512595   -0.21549494481220
H        -0.99729557828167    1.02503120958753    0.17386032343058
H         1.54638210334281   -0.43041205779756   -0.05665421018310
5
 energy: -7.914456340538 gnorm: 0.000626589625 xtb: 6.2.2 (9d81278992624c895f80dd42a50cac0aa55982e2)
C        -0.37970838894405    0.13178166197855    0.01771229348892
N         0.88311854352436    0.31890605844641    0.07266106851304
C        -1.05635677029506   -1.04683267482618   -0.21542225063434
H        -0.99644641348811    1.02568434773050    0.17743153699834
H         1.54939302920286   -0.42953939332928   -0.05238264836598
