5
 energy: -7.969522339368 gnorm: 0.151642456278 xtb: 6.2.2 (9d81278992624c895f80dd42a50cac0aa55982e2)
C        -0.29738300000000   -0.00170900000000   -0.04957300000000
N         0.92180700000000    0.06903600000000    0.76596100000000
C         1.00430200000000   -0.08406900000000   -0.69566300000000
H        -0.82568200000000   -0.96703600000000    0.09113500000000
H        -0.80304400000000    0.98377700000000   -0.11185900000000
5
 energy: -7.997059727838 gnorm: 0.170753261200 xtb: 6.2.2 (9d81278992624c895f80dd42a50cac0aa55982e2)
C        -0.29165836133985   -0.00042767807552   -0.03664110458126
N         0.96174046432081    0.06323696402538    0.71451073387332
C         1.02812763072326   -0.07881069099313   -0.64227762453396
H        -0.85998167316926   -0.92952342079634    0.07974374979758
H        -0.83822806053496    0.94552382583961   -0.11533475455568
5
 energy: -8.017466221758 gnorm: 0.042835580303 xtb: 6.2.2 (9d81278992624c895f80dd42a50cac0aa55982e2)
C        -0.30723713931858    0.00025203961368   -0.03184110532503
N         1.02448295301198    0.05732016278075    0.66472507018785
C         1.03828035242736   -0.07169152045591   -0.57282202639086
H        -0.88847667581925   -0.91633800311313    0.06604380120962
H        -0.86704949030151    0.93045632117460   -0.12610473968158
5
 energy: -8.019238606706 gnorm: 0.029383738974 xtb: 6.2.2 (9d81278992624c895f80dd42a50cac0aa55982e2)
C        -0.31484159709072   -0.00068595381462   -0.04169198874827
N         1.05292059468702    0.05714327272732    0.66649488297071
C         1.03399002274127   -0.07004592254183   -0.55779152829271
H        -0.89664534675831   -0.90764561050209    0.06166031324775
H        -0.87542367357926    0.92123321413123   -0.12867067917748
5
 energy: -8.020092078069 gnorm: 0.006539070218 xtb: 6.2.2 (9d81278992624c895f80dd42a50cac0aa55982e2)
C        -0.32205852765987   -0.00269530997357   -0.06180712458765
N         1.07266718361235    0.05804720397837    0.67748236445849
C         1.03018432954084   -0.06944594788131   -0.55254372501065
H        -0.90096254536972   -0.90356642922855    0.06320967924072
H        -0.87983044012361    0.91765948310506   -0.12634019410091
5
 energy: -8.020197012466 gnorm: 0.003443670909 xtb: 6.2.2 (9d81278992624c895f80dd42a50cac0aa55982e2)
C        -0.32648682877143   -0.00444627642524   -0.07912876043605
N         1.07297862471052    0.05807720356467    0.67772158407850
C         1.03330114681487   -0.06910090765236   -0.54879425557287
H        -0.90050295152356   -0.90640775142590    0.07023674097012
H        -0.87928999123040    0.92187673193883   -0.12003430903970
5
 energy: -8.020207586918 gnorm: 0.000584499368 xtb: 6.2.2 (9d81278992624c895f80dd42a50cac0aa55982e2)
C        -0.32737199065199   -0.00426974834035   -0.07752912779497
N         1.07470366808487    0.05820542383222    0.67912187770919
C         1.03037638721035   -0.06906221900043   -0.54872824927368
H        -0.89948505207219   -0.90868092471898    0.06892071091195
H        -0.87822301257104    0.92380646822754   -0.12178421155249
5
 energy: -8.020208051084 gnorm: 0.000138801954 xtb: 6.2.2 (9d81278992624c895f80dd42a50cac0aa55982e2)
C        -0.32770142588302   -0.00424776818718   -0.07735260708493
N         1.07397347337473    0.05818825780568    0.67887790534296
C         1.03039359776879   -0.06907504921230   -0.54885663947502
H        -0.89896988241564   -0.90916232423040    0.06906949211740
H        -0.87769576284486    0.92429588382420   -0.12173715090042
