5
 energy: -10.889154526236 gnorm: 0.355356338519 xtb: 6.2.2 (9d81278992624c895f80dd42a50cac0aa55982e2)
C        -1.46698700000000   -0.73462800000000    0.23689800000000
C        -0.19101500000000    0.01006900000000    0.56918900000000
C         0.89262400000000   -0.40825800000000   -0.40272200000000
C        -1.29960900000000    0.70707300000000   -0.19224700000000
N         2.06498700000000    0.42574400000000   -0.21111800000000
5
 energy: -11.002852302518 gnorm: 0.243444639343 xtb: 6.2.2 (9d81278992624c895f80dd42a50cac0aa55982e2)
C        -1.48837513770253   -0.68183134825067    0.23636301745538
C        -0.18492223010332   -0.03368037437100    0.47830496984502
C         0.97766950668459   -0.33447235589811   -0.31389045159462
C        -1.33035580615246    0.67230247261320   -0.15524863324350
N         2.02598366727372    0.37768160590658   -0.24552890246227
5
 energy: -10.984720033230 gnorm: 0.782141759736 xtb: 6.2.2 (9d81278992624c895f80dd42a50cac0aa55982e2)
C        -1.52615267443030   -0.58603303528057    0.23287024664286
C        -0.14875363514316   -0.08866143247378    0.37623737089795
C         1.07420316985977   -0.16651332762645   -0.20493699772985
C        -1.39053747235922    0.57048037483860   -0.11863135666310
N         1.99124061207291    0.27072742054219   -0.28553926314787
5
 energy: -11.062025212351 gnorm: 0.140982060410 xtb: 6.2.2 (9d81278992624c895f80dd42a50cac0aa55982e2)
C        -1.55094531561901   -0.62385885483465    0.20983117084191
C        -0.19559656932880   -0.09971216465479    0.39090738491933
C         1.02051387918793   -0.14726736417278   -0.14397987447240
C        -1.41752365445215    0.58550206723708   -0.11426366954106
N         2.14355166021203    0.28533631642513   -0.34249501174778
5
 energy: -11.067803615404 gnorm: 0.088623597401 xtb: 6.2.2 (9d81278992624c895f80dd42a50cac0aa55982e2)
C        -1.57635165310595   -0.66165459508909    0.27559557423824
C        -0.18800053612947   -0.08379302254471    0.30996284025237
C         1.06157766088736   -0.12264220369864   -0.18357489343612
C        -1.48766920408981    0.61414391912614   -0.11087558482968
N         2.19044373243788    0.25394590220630   -0.29110793622482
5
 energy: -11.072444794082 gnorm: 0.059869084661 xtb: 6.2.2 (9d81278992624c895f80dd42a50cac0aa55982e2)
C        -1.58299017748117   -0.66021884081175    0.23705780909331
C        -0.20248122619144   -0.08185177401234    0.28207963132361
C         1.09592829187171   -0.07213879332816   -0.09504414459444
C        -1.54203328469382    0.60271949601114   -0.07606904129925
N         2.23157639649472    0.21148991214110   -0.34802425452324
5
 energy: -11.074615778340 gnorm: 0.069583517539 xtb: 6.2.2 (9d81278992624c895f80dd42a50cac0aa55982e2)
C        -1.54310763188933   -0.66270895221129    0.24637034099717
C        -0.18269361426536   -0.05687936298674    0.25655790373041
C         1.05423160326181   -0.02615920504106   -0.10651225764742
C        -1.54267500330372    0.57848527846476   -0.07700684593890
N         2.21424464619661    0.16726224177433   -0.31940914114126
5
 energy: -11.075542832231 gnorm: 0.033780467058 xtb: 6.2.2 (9d81278992624c895f80dd42a50cac0aa55982e2)
C        -1.55928927118192   -0.65758685228005    0.24458627794012
C        -0.18913870239922   -0.07658199007041    0.24232663378982
C         1.08033997800511   -0.05406455102750   -0.08500912203378
C        -1.52351416815681    0.59453516750420   -0.06805563075200
N         2.19160216373284    0.19369822587376   -0.33384815894416
5
 energy: -11.075675350508 gnorm: 0.044750756305 xtb: 6.2.2 (9d81278992624c895f80dd42a50cac0aa55982e2)
C        -1.55638914360933   -0.68172580190989    0.28405443361898
C        -0.21254137062600   -0.04322328467114    0.19522680616426
C         1.09231609710352    0.02373523078724   -0.11425087087674
C        -1.58718991461590    0.57680065044672   -0.06163672944776
N         2.26380433174772    0.12441320534708   -0.30339363945875
5
 energy: -11.077091695641 gnorm: 0.010676672934 xtb: 6.2.2 (9d81278992624c895f80dd42a50cac0aa55982e2)
C        -1.54373825190824   -0.67581915905084    0.26305311487475
C        -0.20155947494782   -0.04589481366888    0.20406803320651
C         1.08046566260628   -0.00392007738486   -0.09511330795383
C        -1.56266460759540    0.58275934493239   -0.05723095368387
N         2.22749667184519    0.14287470517218   -0.31477688644356
5
 energy: -11.077461095479 gnorm: 0.009475128702 xtb: 6.2.2 (9d81278992624c895f80dd42a50cac0aa55982e2)
C        -1.53656978451340   -0.67989452393213    0.27218384521188
C        -0.20173690754824   -0.03260647417964    0.18104523118089
C         1.07836255855146    0.01325921256751   -0.10021711348795
C        -1.57440904862119    0.57505250341072   -0.05056773823688
N         2.23435318213138    0.12418928213354   -0.30244422466795
5
 energy: -11.077948896293 gnorm: 0.013844298524 xtb: 6.2.2 (9d81278992624c895f80dd42a50cac0aa55982e2)
C        -1.51950980984747   -0.69308639611943    0.29434827721509
C        -0.20869939814621    0.00161621360461    0.11834950491714
C         1.08009269401073    0.05065516978658   -0.10863774019087
C        -1.60320259393268    0.56078346198137   -0.02925934939171
N         2.25131910791563    0.08003155074687   -0.27480069254965
5
 energy: -11.078101136696 gnorm: 0.006517208713 xtb: 6.2.2 (9d81278992624c895f80dd42a50cac0aa55982e2)
C        -1.51775812110946   -0.69405757088154    0.30271826448041
C        -0.21253043662660    0.00728295119867    0.09541768848145
C         1.08123967285868    0.05684357167801   -0.10953812251003
C        -1.59950972607113    0.55595338869215   -0.02165608871923
N         2.24855861094853    0.07397765931270   -0.26694174173260
5
 energy: -11.078147667809 gnorm: 0.008496578492 xtb: 6.2.2 (9d81278992624c895f80dd42a50cac0aa55982e2)
C        -1.50502222613425   -0.70036100256527    0.30760639598415
C        -0.21472163430537    0.02474914171031    0.07006320542381
C         1.08109761599737    0.05879535733411   -0.11225178955335
C        -1.61081108020852    0.55521037752073   -0.00997373954622
N         2.24945732465078    0.06160612600013   -0.25544407230839
5
 energy: -11.078170504669 gnorm: 0.003040266552 xtb: 6.2.2 (9d81278992624c895f80dd42a50cac0aa55982e2)
C        -1.50632883271684   -0.69920132775868    0.31041903124888
C        -0.21556523776004    0.02353096799302    0.06916082018401
C         1.08009845752451    0.06026219914135   -0.11516655557213
C        -1.60864794859625    0.55331532790348   -0.01100501366287
N         2.25044356154863    0.06209283272082   -0.25340828219790
5
 energy: -11.078182075112 gnorm: 0.003493986181 xtb: 6.2.2 (9d81278992624c895f80dd42a50cac0aa55982e2)
C        -1.50748359961120   -0.69764415960482    0.31166448203077
C        -0.21573649430280    0.02150187358322    0.06880548940331
C         1.08011996375132    0.05726375574664   -0.11649597259684
C        -1.60736157993133    0.55356436966038   -0.01142345354587
N         2.25046171009402    0.06531416061458   -0.25255054529137
5
 energy: -11.078203234579 gnorm: 0.004239364188 xtb: 6.2.2 (9d81278992624c895f80dd42a50cac0aa55982e2)
C        -1.50853298421020   -0.69504261985614    0.31621906215151
C        -0.21666512934987    0.01854796643781    0.06253792839593
C         1.08026130698776    0.05145810270612   -0.11942401590459
C        -1.60680936398493    0.55434919547421   -0.01062183462421
N         2.25174617055724    0.07068735523800   -0.24871114001864
5
 energy: -11.078223339609 gnorm: 0.004160726119 xtb: 6.2.2 (9d81278992624c895f80dd42a50cac0aa55982e2)
C        -1.51036761855259   -0.69215288390109    0.32066369459727
C        -0.21736182779994    0.01289229188501    0.05572080180539
C         1.08048578642414    0.04488772019237   -0.11987250524929
C        -1.60509433782010    0.55659073812923   -0.01015130312077
N         2.25233799774850    0.07778213369448   -0.24636068803259
5
 energy: -11.078246838807 gnorm: 0.002688459222 xtb: 6.2.2 (9d81278992624c895f80dd42a50cac0aa55982e2)
C        -1.51374507497589   -0.68852436333815    0.32830485050156
C        -0.21816617368687    0.00386324198858    0.04248238549261
C         1.08126661744321    0.03901700413006   -0.11847492241668
C        -1.60279273423294    0.55961831680057   -0.00911521340290
N         2.25343736545250    0.08602580041895   -0.24319710017459
5
 energy: -11.078261292813 gnorm: 0.001519380341 xtb: 6.2.2 (9d81278992624c895f80dd42a50cac0aa55982e2)
C        -1.51594656561537   -0.68642992981247    0.33321969101370
C        -0.21872092920554   -0.00375689259841    0.03319824231942
C         1.08133361644036    0.03769370428626   -0.11495405291447
C        -1.59975589922864    0.56192507913757   -0.00886765579447
N         2.25308977760919    0.09056803898705   -0.24259622462418
5
 energy: -11.078267011578 gnorm: 0.001549241883 xtb: 6.2.2 (9d81278992624c895f80dd42a50cac0aa55982e2)
C        -1.51681641468353   -0.68557658707330    0.33758835328858
C        -0.21894706220207   -0.00777988253809    0.02458751919896
C         1.08157100779750    0.04166366412491   -0.11236836205587
C        -1.59906586541131    0.56201667021190   -0.00840309431810
N         2.25325833449941    0.08967613527458   -0.24140441611357
5
 energy: -11.078268784002 gnorm: 0.000708734522 xtb: 6.2.2 (9d81278992624c895f80dd42a50cac0aa55982e2)
C        -1.51576086825310   -0.68463277696641    0.33907342218257
C        -0.21954113267814   -0.00918738916625    0.02023966800973
C         1.08118348709051    0.04084197182438   -0.11398543746618
C        -1.59888286768509    0.56241631303407   -0.00669012923685
N         2.25300138152582    0.09056188127420   -0.23863752348926
