5
 energy: -8.671043026207 gnorm: 0.134734263559 xtb: 6.2.2 (9d81278992624c895f80dd42a50cac0aa55982e2)
N        -0.47930900000000    0.20676500000000    0.38957500000000
C        -1.13643200000000   -0.98216500000000   -0.12777700000000
N         0.89008300000000   -0.08580200000000    0.50880600000000
H        -0.59233200000000    0.96522100000000   -0.32248700000000
H         1.31799000000000   -0.10401900000000   -0.44811600000000
5
 energy: -8.697005440073 gnorm: 0.102548517932 xtb: 6.2.2 (9d81278992624c895f80dd42a50cac0aa55982e2)
N        -0.43463882291471    0.12997747882886    0.29698390916956
C        -1.24327103036718   -0.94111039940309   -0.07159393005233
N         0.90864159525064   -0.10305983968278    0.49966676864554
H        -0.62804739468533    0.95201734832233   -0.31413222148984
H         1.39731565271658   -0.03782458806532   -0.41092352627292
5
 energy: -8.714764217329 gnorm: 0.038374216305 xtb: 6.2.2 (9d81278992624c895f80dd42a50cac0aa55982e2)
N        -0.39815835089448    0.03718636880529    0.17205565982776
C        -1.26279837927227   -0.87077627919700    0.00583825032432
N         0.87936339227057   -0.12823477498620    0.47870279380230
H        -0.65855009954874    0.95703166063960   -0.28743630772882
H         1.44014343744491    0.00479302473831   -0.36915939622556
5
 energy: -8.716661371055 gnorm: 0.067689291311 xtb: 6.2.2 (9d81278992624c895f80dd42a50cac0aa55982e2)
N        -0.39214953115818   -0.00195469699969    0.10627282162253
C        -1.38493941941492   -0.88449772857612    0.09021783247868
N         0.86458860617994   -0.20795777886811    0.45275284286338
H        -0.61716300682316    0.94919620853393   -0.30561942271294
H         1.52966335121633    0.14521399590999   -0.34362307425165
5
 energy: -8.719415766630 gnorm: 0.027400500628 xtb: 6.2.2 (9d81278992624c895f80dd42a50cac0aa55982e2)
N        -0.39707416383883    0.00415200274880    0.11840675725565
C        -1.35012580888867   -0.87875096954426    0.06865135734983
N         0.86937379249334   -0.17824783524534    0.44655366852391
H        -0.61639731068656    0.94574255789414   -0.29406351207144
H         1.49422349092072    0.10710424414666   -0.33954727105795
5
 energy: -8.720797670833 gnorm: 0.022291218196 xtb: 6.2.2 (9d81278992624c895f80dd42a50cac0aa55982e2)
N        -0.39976105703581   -0.00132538436764    0.11130891903553
C        -1.35702898024794   -0.86584159127246    0.08816904193528
N         0.86407638585266   -0.20763218226771    0.42773281669476
H        -0.59546864950576    0.92649187680810   -0.30463347002391
H         1.48818230093685    0.14830728109971   -0.32257630764166
5
 energy: -8.723407076935 gnorm: 0.025452324967 xtb: 6.2.2 (9d81278992624c895f80dd42a50cac0aa55982e2)
N        -0.39719061928728   -0.02334592036612    0.07389447059720
C        -1.39500374286899   -0.84925516299952    0.14202576333397
N         0.86321080509847   -0.27432967322796    0.37438949540779
H        -0.57248380786989    0.91010769421027   -0.32251731106813
H         1.50146736492770    0.23682306238334   -0.26779141827084
5
 energy: -8.725334788535 gnorm: 0.029644468987 xtb: 6.2.2 (9d81278992624c895f80dd42a50cac0aa55982e2)
N        -0.38870138958448   -0.04837493900653    0.02981687520325
C        -1.43362374105141   -0.83281537946963    0.20012655143957
N         0.86827700549869   -0.34442627354957    0.29731515516453
H        -0.56546962762073    0.90512677633676   -0.33867772145990
H         1.51951775275793    0.32048981568898   -0.18857986034746
5
 energy: -8.725871953238 gnorm: 0.033683602375 xtb: 6.2.2 (9d81278992624c895f80dd42a50cac0aa55982e2)
N        -0.38307795261618   -0.05552384203158    0.01071524237518
C        -1.43034105614795   -0.83054534773572    0.21083274871674
N         0.87939299577583   -0.34928423977169    0.24861990819458
H        -0.58614037949136    0.92208221908389   -0.33077942358441
H         1.52016639247966    0.31327121045510   -0.13938747570209
5
 energy: -8.726833499908 gnorm: 0.018702160241 xtb: 6.2.2 (9d81278992624c895f80dd42a50cac0aa55982e2)
N        -0.37774034636178   -0.05968323753548    0.00440649144206
C        -1.43813088317868   -0.81522388073039    0.23955753479331
N         0.87381464627101   -0.39762614748842    0.19254191349308
H        -0.57778694048257    0.90806704990937   -0.34797816642128
H         1.51984352375203    0.36446621584491   -0.08852677330718
5
 energy: -8.727055346486 gnorm: 0.007178089704 xtb: 6.2.2 (9d81278992624c895f80dd42a50cac0aa55982e2)
N        -0.38120473167813   -0.04990338745398    0.02342033221188
C        -1.42579942215321   -0.82006444542762    0.22221860326307
N         0.86758007792838   -0.37901258332343    0.21167834365473
H        -0.57251134918590    0.90425449888699   -0.34564874214802
H         1.51193542508887    0.34472591731805   -0.11166753698167
5
 energy: -8.727160663924 gnorm: 0.002938707616 xtb: 6.2.2 (9d81278992624c895f80dd42a50cac0aa55982e2)
N        -0.37935762374452   -0.05376293858536    0.01496656399886
C        -1.42946759387380   -0.81971595011113    0.23023591757004
N         0.86701020059585   -0.38474518613023    0.19457073883540
H        -0.57439510169246    0.90779513588753   -0.34394940807543
H         1.51621011871493    0.35042893893920   -0.09582281232888
5
 energy: -8.727201500450 gnorm: 0.003505886960 xtb: 6.2.2 (9d81278992624c895f80dd42a50cac0aa55982e2)
N        -0.37832627547963   -0.05355929452338    0.00949886433482
C        -1.42844812321824   -0.81947704350803    0.23700176464164
N         0.86627769863622   -0.39296335010466    0.17514195187204
H        -0.57759550146542    0.91123658710928   -0.34319192107899
H         1.51809220152706    0.35476310102680   -0.07844965976953
5
 energy: -8.727212472217 gnorm: 0.001791862159 xtb: 6.2.2 (9d81278992624c895f80dd42a50cac0aa55982e2)
N        -0.37895286695859   -0.05242056775867    0.00863387413627
C        -1.42722187068163   -0.82069166224157    0.23735735360581
N         0.86563195509852   -0.39258361547348    0.17133250027773
H        -0.57851716728500    0.91282839843537   -0.34152845317685
H         1.51905994982671    0.35286744703836   -0.07579427484296
5
 energy: -8.727215886609 gnorm: 0.000741005299 xtb: 6.2.2 (9d81278992624c895f80dd42a50cac0aa55982e2)
N        -0.38001662428706   -0.05081795410799    0.00732314848575
C        -1.42548020098798   -0.82164105185103    0.23834640342889
N         0.86478843345605   -0.39343493721840    0.16675656378882
H        -0.57907920590849    0.91402739682939   -0.33990712258920
H         1.51978759772748    0.35186654634802   -0.07251799311427
