5
 energy: -8.596333677722 gnorm: 0.048961546162 xtb: 6.2.2 (9d81278992624c895f80dd42a50cac0aa55982e2)
N        -0.00993600000000   -0.10023500000000    0.00583200000000
C         1.21156500000000    0.68228400000000   -0.02892600000000
N        -1.09061100000000    0.78758000000000   -0.05682500000000
H        -0.06362500000000   -0.63385400000000    0.90203500000000
H        -0.04739300000000   -0.73577600000000   -0.82211500000000
5
 energy: -8.612076080262 gnorm: 0.060203640447 xtb: 6.2.2 (9d81278992624c895f80dd42a50cac0aa55982e2)
N        -0.01031781525275   -0.13930550839892    0.00813802012057
C         1.13235204788161    0.74873263475363   -0.03359987994861
N        -0.99599521159408    0.83744766364822   -0.05888205594456
H        -0.07110951990898   -0.67264044978261    0.90148049004988
H        -0.05492950112580   -0.77423534022032   -0.81713557427728
5
 energy: -8.633742497040 gnorm: 0.073831989894 xtb: 6.2.2 (9d81278992624c895f80dd42a50cac0aa55982e2)
N        -0.00836199818197   -0.18640377321064    0.01094061269652
C         1.03674736979159    0.82427004006263   -0.03896534051421
N        -0.88323668612462    0.89260910159935   -0.06108126948574
H        -0.08067684485659   -0.71436245107309    0.90518575400454
H        -0.06447184062841   -0.81611391737825   -0.81607875670110
5
 energy: -8.658411549936 gnorm: 0.068885012156 xtb: 6.2.2 (9d81278992624c895f80dd42a50cac0aa55982e2)
N        -0.00430403717121   -0.23683731471295    0.01396015257387
C         0.92761481450737    0.90032824794709   -0.04448892844812
N        -0.75702976757609    0.94581094884753   -0.06303804232006
H        -0.09126670900909   -0.75362688524402    0.90993351525694
H        -0.07501430075098   -0.85567599683764   -0.81636569706263
5
 energy: -8.644025514502 gnorm: 0.414896613447 xtb: 6.2.2 (9d81278992624c895f80dd42a50cac0aa55982e2)
N         0.00753257437573   -0.33284058017562    0.01974546029615
C         0.69070200823245    1.03442540396328   -0.05464442389418
N        -0.48591949819097    1.02630360133785   -0.06524380983352
H        -0.11426810603209   -0.81300810328499    0.91171271097167
H        -0.09804697838511   -0.91488132184053   -0.81156893754012
5
 energy: -8.671441559731 gnorm: 0.068157116532 xtb: 6.2.2 (9d81278992624c895f80dd42a50cac0aa55982e2)
N         0.00770927283835   -0.27734833361964    0.01646703031057
C         0.85368632247667    0.98017298699852   -0.04990312591733
N        -0.65614661403213    0.98911857143202   -0.06464844819890
H        -0.11065464082129   -0.79554123821978    0.90213250757224
H        -0.09459434046160   -0.89640298659112   -0.80404696376657
5
 energy: -8.675220959887 gnorm: 0.065224689042 xtb: 6.2.2 (9d81278992624c895f80dd42a50cac0aa55982e2)
N         0.00507566852175   -0.27770543790123    0.01646378334504
C         0.82885879627048    0.96809329237368   -0.04942351801924
N        -0.64127820743370    0.98744432575876   -0.06440960244660
H        -0.10433133194567   -0.78865831401256    0.89886402457620
H        -0.08832492541286   -0.88917486621864   -0.80149368745539
5
 energy: -8.323100422545 gnorm: 2.032714870668 xtb: 6.2.2 (9d81278992624c895f80dd42a50cac0aa55982e2)
N        -0.01604547776092   -0.30646077909403    0.01796837669552
C         0.51780042414641    0.88347137560743   -0.04735544969616
N        -0.44209391479898    1.02201518868814   -0.06457880263167
H        -0.03765633612306   -0.75039568451042    0.87793677357278
H        -0.02200469546346   -0.84863110069112   -0.78396989794047
5
 energy: -8.678909291573 gnorm: 0.071620399865 xtb: 6.2.2 (9d81278992624c895f80dd42a50cac0aa55982e2)
N        -0.02640956007887   -0.30101751410028    0.01754867136634
C         0.70620952290813    0.89032075172731   -0.04598638462660
N        -0.61609815343979    1.03516795668011   -0.06699417222104
H        -0.03979039774251   -0.76240514997099    0.89073026220047
H        -0.02391141164697   -0.86206704433615   -0.79529737671918
5
 energy: -8.683983990442 gnorm: 0.027801221869 xtb: 6.2.2 (9d81278992624c895f80dd42a50cac0aa55982e2)
N        -0.00494655191080   -0.30189065901318    0.01780085739383
C         0.73905554975586    0.94262596878716   -0.04876639397241
N        -0.59807523531494    1.01801708860915   -0.06581038621366
H        -0.07607479478959   -0.77878885472212    0.90417456967444
H        -0.05995896774053   -0.87996454366101   -0.80739764688221
5
 energy: -8.684660967264 gnorm: 0.014237320005 xtb: 6.2.2 (9d81278992624c895f80dd42a50cac0aa55982e2)
N         0.00535595244782   -0.29887442508432    0.01771862995821
C         0.74973123809741    0.96391778148544   -0.04992297311524
N        -0.59401555192441    1.01852025214940   -0.06580165246213
H        -0.08859360473783   -0.79118804721756    0.90487868314258
H        -0.07247803388299   -0.89237656133296   -0.80687168752341
5
 energy: -8.684801510338 gnorm: 0.009708989903 xtb: 6.2.2 (9d81278992624c895f80dd42a50cac0aa55982e2)
N         0.00906502956017   -0.29766701345650    0.01768186073370
C         0.75065497667663    0.96959710883264   -0.05024957253922
N        -0.59511174274169    1.02377002984461   -0.06612218569600
H        -0.09034596032097   -0.79735468313627    0.90355062856395
H        -0.07426230317414   -0.89834644208449   -0.80485973106243
5
 energy: -8.684897922390 gnorm: 0.006059367384 xtb: 6.2.2 (9d81278992624c895f80dd42a50cac0aa55982e2)
N         0.01224517974320   -0.29745306894061    0.01769903463651
C         0.74820266074851    0.97041340612610   -0.05032083069221
N        -0.59849638065555    1.03103606540455   -0.06658347673263
H        -0.08900818378729   -0.80156158588821    0.90281231704501
H        -0.07294327604888   -0.90243581670184   -0.80360604425669
5
 energy: -8.684944000072 gnorm: 0.003833314028 xtb: 6.2.2 (9d81278992624c895f80dd42a50cac0aa55982e2)
N         0.01499779642637   -0.29828391390708    0.01777413330522
C         0.74485390409374    0.96788452044481   -0.05020302909304
N        -0.60179134287077    1.03545911676760   -0.06687592589116
H        -0.08706586385790   -0.80207391865091    0.90319029926978
H        -0.07099449379144   -0.90298680465441   -0.80388447759080
5
 energy: -8.684964444345 gnorm: 0.002430620693 xtb: 6.2.2 (9d81278992624c895f80dd42a50cac0aa55982e2)
N         0.01796750386474   -0.29936076930813    0.01786585201003
C         0.74278133502949    0.96566335190721   -0.05009139944158
N        -0.60358790359769    1.03630847761877   -0.06694305423688
H        -0.08662265462649   -0.80080956166102    0.90380090980837
H        -0.07053828067004   -0.90180249855683   -0.80463130813994
5
 energy: -8.684975573954 gnorm: 0.001455788597 xtb: 6.2.2 (9d81278992624c895f80dd42a50cac0aa55982e2)
N         0.02128091088552   -0.30022759779347    0.01794834996091
C         0.74206447492384    0.96486206508158   -0.05005085243535
N        -0.60410940011576    1.03510678660881   -0.06687694744432
H        -0.08766409398292   -0.79935037610737    0.90411801134166
H        -0.07157189171069   -0.90039187778954   -0.80513756142290
5
 energy: -8.684980143647 gnorm: 0.000645012452 xtb: 6.2.2 (9d81278992624c895f80dd42a50cac0aa55982e2)
N         0.02498701054506   -0.30068939213755    0.01801053713977
C         0.74248358215126    0.96562274047135   -0.05009183584141
N        -0.60355189283641    1.03257799075647   -0.06672223800749
H        -0.09000445430368   -0.79824139662006    0.90392884505046
H        -0.07391424555622   -0.89927094247022   -0.80512430834133
