5
 energy: -9.471094668347 gnorm: 0.184594813646 xtb: 6.2.2 (9d81278992624c895f80dd42a50cac0aa55982e2)
C        -0.41521300000000   -1.00187900000000    0.10955900000000
C         0.65131400000000    0.00206100000000    0.47047600000000
C        -0.35719600000000    1.02964300000000    0.02033900000000
N        -1.35099000000000    0.02429300000000   -0.32539800000000
H         1.47208400000000   -0.05411800000000   -0.27497700000000
5
 energy: -9.513332161818 gnorm: 0.129745255776 xtb: 6.2.2 (9d81278992624c895f80dd42a50cac0aa55982e2)
C        -0.47874554028927   -0.93368561032446    0.21083501930145
C         0.67118180326033   -0.00265674657683    0.37597211659687
C        -0.42425626210529    0.97431308634781    0.12703997597265
N        -1.29786260072271    0.01847190445924   -0.42339585482574
H         1.52968159985694   -0.05644263390576   -0.29045225704523
5
 energy: -9.510827412140 gnorm: 0.254792971345 xtb: 6.2.2 (9d81278992624c895f80dd42a50cac0aa55982e2)
C        -0.51163047297561   -0.79017246875185    0.16234058184625
C         0.66540633320327   -0.00749476803111    0.26205464387287
C        -0.46538257669149    0.82921065102870    0.09122081619117
N        -1.32773862476018    0.02365174472791   -0.32487332772058
H         1.63934434122401   -0.05519515897366   -0.19074371418971
5
 energy: -9.532399719671 gnorm: 0.032605599458 xtb: 6.2.2 (9d81278992624c895f80dd42a50cac0aa55982e2)
C        -0.50025783342959   -0.85161268305310    0.18983455706576
C         0.67471988320641   -0.00727510625545    0.27311330388858
C        -0.45046003120993    0.89207539366086    0.11325571170401
N        -1.36378242382358    0.02283260210191   -0.36696012421958
H         1.63977940525669   -0.05602020645421   -0.20924444843877
5
 energy: -9.534043004651 gnorm: 0.021485531720 xtb: 6.2.2 (9d81278992624c895f80dd42a50cac0aa55982e2)
C        -0.49960125419427   -0.84752089288387    0.19764527392433
C         0.66551250283842   -0.00839050652601    0.24172711999214
C        -0.45001754392078    0.88865263086546    0.12139644590999
N        -1.36275761746686    0.02284460687101   -0.36601781716601
H         1.64686291274349   -0.05558583832659   -0.19475202266046
5
 energy: -9.536625476824 gnorm: 0.038741973872 xtb: 6.2.2 (9d81278992624c895f80dd42a50cac0aa55982e2)
C        -0.49993895352769   -0.84260712812120    0.19349378275143
C         0.64211918624411   -0.01244334818163    0.13422476050809
C        -0.45064551665745    0.88342283174763    0.11769115648909
N        -1.39982432467535    0.02574947195625   -0.32395983150911
H         1.70828860861638   -0.05412182740106   -0.12145086823949
5
 energy: -9.537952259352 gnorm: 0.021133663873 xtb: 6.2.2 (9d81278992624c895f80dd42a50cac0aa55982e2)
C        -0.49180833039786   -0.83896578274326    0.19409897218038
C         0.64431026790160   -0.01459366324779    0.08669122006786
C        -0.44273361368812    0.87939117838802    0.11863315575366
N        -1.41222375321904    0.02654579227803   -0.31389024687755
H         1.70245442940342   -0.05237752467500   -0.08553410112436
5
 energy: -9.538496108025 gnorm: 0.011880543766 xtb: 6.2.2 (9d81278992624c895f80dd42a50cac0aa55982e2)
C        -0.49059044462692   -0.84382833263511    0.18384573900003
C         0.64660033308516   -0.01678658095441    0.03825111719756
C        -0.44126400077514    0.88325598471180    0.10799526747537
N        -1.43153199708199    0.02826520331398   -0.28732850684905
H         1.71678510939890   -0.05090627443626   -0.04276461682392
5
 energy: -9.538543161988 gnorm: 0.009633870763 xtb: 6.2.2 (9d81278992624c895f80dd42a50cac0aa55982e2)
C        -0.48722631916244   -0.84700898468581    0.17660720933885
C         0.65168681135683   -0.01678906963801    0.04148701746115
C        -0.43774424100847    0.88559399277846    0.10051496645236
N        -1.42953141759067    0.02849870557517   -0.28071693289930
H         1.70281416640474   -0.05029464402982   -0.03789326035306
5
 energy: -9.538614233348 gnorm: 0.002042707380 xtb: 6.2.2 (9d81278992624c895f80dd42a50cac0aa55982e2)
C        -0.48883332601974   -0.84472102825864    0.17685090106763
C         0.65036440458665   -0.01708439625704    0.03389793870468
C        -0.43947758209957    0.88342985614914    0.10095377642604
N        -1.43369176570772    0.02872510111974   -0.27828266382884
H         1.71163726924038   -0.05034953275319   -0.03342095236951
5
 energy: -9.538616445470 gnorm: 0.000735650276 xtb: 6.2.2 (9d81278992624c895f80dd42a50cac0aa55982e2)
C        -0.48912290885325   -0.84446613680552    0.17679452177331
C         0.65044900725396   -0.01711841939679    0.03317738415905
C        -0.43978548957874    0.88319396201986    0.10092105387528
N        -1.43323005301693    0.02872392235681   -0.27795671754896
H         1.71168844419496   -0.05033332817437   -0.03293724225867
