5
 energy: -8.739100940936 gnorm: 0.254015900476 xtb: 6.2.2 (9d81278992624c895f80dd42a50cac0aa55982e2)
N         0.70112500000000   -0.53548700000000    0.57578100000000
C        -0.63191600000000   -0.03164900000000    0.27788200000000
N         1.56176300000000   -0.08427700000000   -0.43500100000000
H        -0.99172200000000   -0.42830700000000   -0.69597400000000
H        -0.63924900000000    1.07972000000000    0.27731200000000
5
 energy: -8.813301289153 gnorm: 0.161167015357 xtb: 6.2.2 (9d81278992624c895f80dd42a50cac0aa55982e2)
N         0.75422506558229   -0.55827654427355    0.59186081899120
C        -0.51834100627308   -0.00921823634480    0.20199736127662
N         1.39731542739617   -0.07941846901705   -0.38297491437717
H        -0.99446284084774   -0.43751837553045   -0.69657739094502
H        -0.63873564585765    1.08443162516585    0.28569412505437
5
 energy: -8.872232474881 gnorm: 0.179561305270 xtb: 6.2.2 (9d81278992624c895f80dd42a50cac0aa55982e2)
N         0.81370916399161   -0.60021963732795    0.63530692757538
C        -0.36179892916238    0.02703227320181    0.08913975186539
N         1.10896160883555   -0.05081055090152   -0.32287612553752
H        -0.95927959882268   -0.45317288620738   -0.69463000801277
H        -0.60159124484210    1.07717080123504    0.29305945410952
5
 energy: -8.818977117510 gnorm: 0.383310932485 xtb: 6.2.2 (9d81278992624c895f80dd42a50cac0aa55982e2)
N         0.83053320962971   -0.68024143828873    0.75320332668078
C        -0.25769565547948    0.05151200309638    0.01350990359112
N         0.89015810098009    0.01434130939312   -0.34458780876023
H        -0.91116908397261   -0.46152192046986   -0.70719576032433
H        -0.55182557115772    1.07591004626910    0.28507033881266
5
 energy: -8.876924647418 gnorm: 0.136261799366 xtb: 6.2.2 (9d81278992624c895f80dd42a50cac0aa55982e2)
N         0.80392369943635   -0.64597552787421    0.70974793170220
C        -0.34773924579961    0.04898434711252    0.05003505122217
N         1.06808971338105   -0.01483515697533   -0.36381835766932
H        -0.94267764913560   -0.46652252621409   -0.69651612693856
H        -0.58159551788219    1.07834886395111    0.30055150168351
5
 energy: -8.881003117074 gnorm: 0.142647862044 xtb: 6.2.2 (9d81278992624c895f80dd42a50cac0aa55982e2)
N         0.80241100939348   -0.60825955327680    0.65185582499781
C        -0.28604412529314    0.08671181890980   -0.03076292964940
N         1.14162661176575   -0.06321798084977   -0.31548138956843
H        -1.01632703533330   -0.50909828557775   -0.67008466217906
H        -0.64166546053279    1.09386400079453    0.36447315639908
5
 energy: -8.888956309800 gnorm: 0.029471816134 xtb: 6.2.2 (9d81278992624c895f80dd42a50cac0aa55982e2)
N         0.77771771760609   -0.61336676611664    0.66871227431645
C        -0.30952681650176    0.07244102753081   -0.00014744525102
N         1.10755687044543   -0.04050664640995   -0.33833325542210
H        -0.96776373880569   -0.47893237354189   -0.66185015061271
H        -0.60798303274407    1.06036475853767    0.33161857696938
5
 energy: -8.889702086277 gnorm: 0.031123153460 xtb: 6.2.2 (9d81278992624c895f80dd42a50cac0aa55982e2)
N         0.77621060640030   -0.62011630212076    0.67972288543863
C        -0.28915767297458    0.08464735140361   -0.02643679390812
N         1.12231600571850   -0.04220684724628   -0.34105367666593
H        -0.98473467746190   -0.48151203912585   -0.65330583725722
H        -0.62463326168231    1.05918783708929    0.34107342239264
5
 energy: -8.890663178418 gnorm: 0.007714391547 xtb: 6.2.2 (9d81278992624c895f80dd42a50cac0aa55982e2)
N         0.75622928655804   -0.61133274870666    0.67331655889289
C        -0.27921330986921    0.09178470119220   -0.04109745815113
N         1.12281960311511   -0.04269283352638   -0.34043374301076
H        -0.97758759887439   -0.47896436677333   -0.63644466493069
H        -0.62224698092956    1.04120524781417    0.34465930719969
5
 energy: -8.890716435675 gnorm: 0.001760083356 xtb: 6.2.2 (9d81278992624c895f80dd42a50cac0aa55982e2)
N         0.75131288457941   -0.60833800712224    0.67074715105588
C        -0.27694030636025    0.09553564724184   -0.04772689829954
N         1.12475245936307   -0.04389167090005   -0.33970772504290
H        -0.97739345833811   -0.48313299589114   -0.63321819373021
H        -0.62173057924412    1.03982702667158    0.34990566601677
5
 energy: -8.890713587340 gnorm: 0.001789811725 xtb: 6.2.2 (9d81278992624c895f80dd42a50cac0aa55982e2)
N         0.75104388921643   -0.60971757692988    0.66923529265636
C        -0.27695958533664    0.09630646495308   -0.04898547427593
N         1.12630108465498   -0.04188453023364   -0.33780286156919
H        -0.98011308256990   -0.48364460168806   -0.63125102450175
H        -0.62027130596487    1.03894024389850    0.34880406769052
5
 energy: -8.890700811159 gnorm: 0.004339396906 xtb: 6.2.2 (9d81278992624c895f80dd42a50cac0aa55982e2)
N         0.75227963575481   -0.60619050652988    0.67034320458911
C        -0.27715390425721    0.09805541935798   -0.05149188020731
N         1.12735770190660   -0.04741159179278   -0.34008081854829
H        -0.97677994042786   -0.48190919552299   -0.63102165163285
H        -0.62570249297634    1.03745587448767    0.35225114579934
5
 energy: -8.890717138734 gnorm: 0.001219735964 xtb: 6.2.2 (9d81278992624c895f80dd42a50cac0aa55982e2)
N         0.75185942214365   -0.60752534917179    0.67059011481740
C        -0.27725032707152    0.09677002292954   -0.04950100060737
N         1.12597934174987   -0.04533447585491   -0.33984361312345
H        -0.97722436873995   -0.48272448450455   -0.63221680944124
H        -0.62336306808205    1.03881428660171    0.35097130835466
5
 energy: -8.890718507876 gnorm: 0.000606472123 xtb: 6.2.2 (9d81278992624c895f80dd42a50cac0aa55982e2)
N         0.75142306285693   -0.60867040784792    0.67025839614431
C        -0.27713534623413    0.09606653970119   -0.04849335472302
N         1.12547416025609   -0.04352081901353   -0.33913887496182
H        -0.97819380845166   -0.48322120478726   -0.63238509504218
H        -0.62156706842723    1.03934589194752    0.34975892858272
