3
 energy: -6.873837808069 gnorm: 0.216106168678 xtb: 6.2.2 (9d81278992624c895f80dd42a50cac0aa55982e2)
C         0.75821700000000   -0.36247000000000    0.07450500000000
N        -0.70000000000000   -0.47918700000000   -0.06721100000000
C        -0.05821700000000    0.84165700000000   -0.00729400000000
3
 energy: -6.897564337319 gnorm: 0.079574302368 xtb: 6.2.2 (9d81278992624c895f80dd42a50cac0aa55982e2)
C         0.71850478207061   -0.35593741603543    0.07062681543614
N        -0.65180415964881   -0.44619445209720   -0.06258344186194
C        -0.06670062242180    0.80213186813263   -0.00804337357419
3
 energy: -6.899593636707 gnorm: 0.042283108381 xtb: 6.2.2 (9d81278992624c895f80dd42a50cac0aa55982e2)
C         0.69591687701786   -0.35552719039461    0.06842733408413
N        -0.62132944461797   -0.42533294546089   -0.05965739024049
C        -0.07458743239989    0.78086013585550   -0.00876994384364
3
 energy: -6.900168277252 gnorm: 0.004240958562 xtb: 6.2.2 (9d81278992624c895f80dd42a50cac0aa55982e2)
C         0.70387154776305   -0.35658446148681    0.06920367930324
N        -0.63121657153262   -0.43210176063511   -0.06060670872199
C        -0.07265497623042    0.78868622212192   -0.00859697058125
3
 energy: -6.900175501401 gnorm: 0.000390279067 xtb: 6.2.2 (9d81278992624c895f80dd42a50cac0aa55982e2)
C         0.70322764532152   -0.35688927559552    0.06914159167265
N        -0.63005467963031   -0.43130635622181   -0.06049514889519
C        -0.07317296569121    0.78819563181732   -0.00864644277746
3
 energy: -6.900175621909 gnorm: 0.000165336189 xtb: 6.2.2 (9d81278992624c895f80dd42a50cac0aa55982e2)
C         0.70321078345522   -0.35710999027883    0.06914037706770
N        -0.62982687885252   -0.43114993810181   -0.06047327736192
C        -0.07338390460271    0.78825992838064   -0.00866709970578
