5
 energy: -10.976153576222 gnorm: 0.166797264340 xtb: 6.2.2 (9d81278992624c895f80dd42a50cac0aa55982e2)
C        -0.89836300000000    0.80037100000000   -0.19340800000000
N         0.42277900000000    0.73337700000000    0.41304000000000
C         0.29649400000000   -0.73448400000000    0.43228300000000
C         1.25613900000000   -0.10123300000000   -0.46321900000000
C        -1.07704900000000   -0.69803100000000   -0.18869600000000
5
 energy: -11.014107930445 gnorm: 0.119321077067 xtb: 6.2.2 (9d81278992624c895f80dd42a50cac0aa55982e2)
C        -0.82729621569563    0.72157101649820   -0.24016926896467
N         0.42613070919139    0.74175785408402    0.43488262574631
C         0.27092716852149   -0.73905683120383    0.33653656424697
C         1.26691903516523   -0.04704046997543   -0.42466514434075
C        -1.13668069718248   -0.67723156940296   -0.10658477668786
5
 energy: -11.046442787933 gnorm: 0.099472743990 xtb: 6.2.2 (9d81278992624c895f80dd42a50cac0aa55982e2)
C        -0.74716976057101    0.54358689966968   -0.22395098119451
N         0.48011386653384    0.79776163155992    0.41411939857917
C         0.18569285323438   -0.68731798221941    0.17895858453218
C         1.31673871676049   -0.00121707331232   -0.33458063144022
C        -1.23537567595769   -0.65281347569787   -0.03454637047662
5
 energy: -11.052124103455 gnorm: 0.057562048381 xtb: 6.2.2 (9d81278992624c895f80dd42a50cac0aa55982e2)
C        -0.73636355428896    0.55263214405287   -0.24354855572613
N         0.47335205421710    0.80332860584516    0.39976865861315
C         0.19234735146690   -0.71040033617454    0.10370999447687
C         1.37355846066512    0.02532142474782   -0.28623610870282
C        -1.30289431206016   -0.67088183847132    0.02630601133894
5
 energy: -11.057121235590 gnorm: 0.035985887314 xtb: 6.2.2 (9d81278992624c895f80dd42a50cac0aa55982e2)
C        -0.76014845922485    0.56606540593178   -0.19103385030727
N         0.47577168617879    0.83232758214206    0.35226987716734
C         0.18888517302628   -0.70681199511078    0.09598854463824
C         1.37279764003760   -0.01039205878637   -0.25533886429434
C        -1.27730604001782   -0.68118893417670   -0.00188570720397
5
 energy: -11.059409479548 gnorm: 0.025334019823 xtb: 6.2.2 (9d81278992624c895f80dd42a50cac0aa55982e2)
C        -0.75274495785678    0.58110015589296   -0.17827779965193
N         0.47246775569306    0.85214178395866    0.33650425603202
C         0.18743370375215   -0.71829113166385    0.08396545308430
C         1.34300478304111   -0.02239304828544   -0.23685122466964
C        -1.25016128462954   -0.69255775990233   -0.00534068479475
5
 energy: -11.060612198054 gnorm: 0.016600587627 xtb: 6.2.2 (9d81278992624c895f80dd42a50cac0aa55982e2)
C        -0.74268111954181    0.57886625978034   -0.17555684950758
N         0.46782131450264    0.87314310276222    0.32132988472115
C         0.17850749984175   -0.73559127842506    0.04314493129040
C         1.34451978438778   -0.02139803437431   -0.20704683102102
C        -1.24816747919036   -0.69502004974319    0.01812886451704
5
 energy: -11.061062087005 gnorm: 0.008728167170 xtb: 6.2.2 (9d81278992624c895f80dd42a50cac0aa55982e2)
C        -0.73574865426902    0.58238027744471   -0.18867418900636
N         0.46122761406195    0.88081602414179    0.32630961398085
C         0.17811836343959   -0.75363446393587    0.02582206548861
C         1.33699422694691   -0.01748947025614   -0.19997804403159
C        -1.24059155017942   -0.69207236739449    0.03652055356850
5
 energy: -11.061121855118 gnorm: 0.002753501159 xtb: 6.2.2 (9d81278992624c895f80dd42a50cac0aa55982e2)
C        -0.73536464876771    0.57989073200975   -0.19271465757389
N         0.46187612888398    0.88383345169300    0.32935099896605
C         0.17722867302680   -0.75755350443703    0.02121982860029
C         1.33688958880118   -0.01629974049691   -0.19897235444935
C        -1.24062974194426   -0.68987093876881    0.04111618445690
5
 energy: -11.061131670170 gnorm: 0.001720442278 xtb: 6.2.2 (9d81278992624c895f80dd42a50cac0aa55982e2)
C        -0.73506611225519    0.57870353750480   -0.19350297726177
N         0.46311068133738    0.88524760789090    0.33080122991735
C         0.17704445404354   -0.75822842462171    0.02184674909433
C         1.33512113553016   -0.01622089653082   -0.19973645259457
C        -1.24021015865589   -0.68950182424317    0.04059145084466
5
 energy: -11.061139649921 gnorm: 0.002374315942 xtb: 6.2.2 (9d81278992624c895f80dd42a50cac0aa55982e2)
C        -0.73413091949598    0.57708656880337   -0.19308307198166
N         0.46495098522160    0.88782917717267    0.33109427344974
C         0.17676244520633   -0.75910219034813    0.02270181335960
C         1.33326427200137   -0.01598310917514   -0.19984420772425
C        -1.24084678293333   -0.68983044645277    0.03913119289657
5
 energy: -11.061152169881 gnorm: 0.003099212338 xtb: 6.2.2 (9d81278992624c895f80dd42a50cac0aa55982e2)
C        -0.73237423567601    0.57561727255057   -0.19164333725206
N         0.46671553576043    0.89145677493318    0.33052411483320
C         0.17647772681392   -0.76065726716777    0.02462143217187
C         1.33077819175526   -0.01570776218893   -0.20004976398931
C        -1.24159721865360   -0.69070901812706    0.03654755423629
5
 energy: -11.061256101654 gnorm: 0.008538191179 xtb: 6.2.2 (9d81278992624c895f80dd42a50cac0aa55982e2)
C        -0.71834035329887    0.56479733007838   -0.18071661166041
N         0.47803840235972    0.91811100416356    0.32614298744535
C         0.17396967314468   -0.77253987000994    0.03941165602912
C         1.31342732680748   -0.01345745800675   -0.20251142253030
C        -1.24709504901300   -0.69691100622524    0.01767339071624
5
 energy: -11.061734280522 gnorm: 0.018177989179 xtb: 6.2.2 (9d81278992624c895f80dd42a50cac0aa55982e2)
C        -0.69758383294256    0.54996744721117   -0.16538936838693
N         0.49294139280489    0.95710084280555    0.31986870573357
C         0.16943103943935   -0.79055183559016    0.05855699999381
C         1.28796375019543   -0.01075096519098   -0.20533312880879
C        -1.25275234949710   -0.70576548923558   -0.00770320853167
5
 energy: -11.067889465456 gnorm: 0.067412067505 xtb: 6.2.2 (9d81278992624c895f80dd42a50cac0aa55982e2)
C        -0.63173047757965    0.50385226617086   -0.11825550105310
N         0.54119799457948    1.08348279954641    0.29936600469476
C         0.15359873058373   -0.85078281725915    0.11313580754829
C         1.20423095313748   -0.00227584975630   -0.20994291393914
C        -1.26729720072104   -0.73427639870181   -0.08430339725081
5
 energy: -11.070815575887 gnorm: 0.109813789074 xtb: 6.2.2 (9d81278992624c895f80dd42a50cac0aa55982e2)
C        -0.54614971337961    0.47082043085262   -0.07455844387625
N         0.58202382084691    1.23981634192852    0.26745472937421
C         0.12906779740383   -0.95571457124663    0.15283240633216
C         1.07596273483171    0.00911371294179   -0.19722602997087
C        -1.24090463970284   -0.76403591447631   -0.14850266185925
5
 energy: -11.074947111704 gnorm: 0.135037456027 xtb: 6.2.2 (9d81278992624c895f80dd42a50cac0aa55982e2)
C        -0.55883072895608    0.56002822295012   -0.12151242692924
N         0.50797200174431    1.18152121081408    0.24918750439738
C         0.12179920599729   -1.01867260428549    0.09769309246430
C         1.03084317751951    0.01181650712837   -0.16512542142959
C        -1.10178365630503   -0.73469333660708   -0.06024274850284
5
 energy: -11.082269396563 gnorm: 0.043110827071 xtb: 6.2.2 (9d81278992624c895f80dd42a50cac0aa55982e2)
C        -0.58721449339957    0.54466923672414   -0.11985299270503
N         0.52267631872072    1.14734953500010    0.25793760956965
C         0.16253474833865   -0.99604170941968    0.16674301776546
C         1.07444035910165    0.02294417038252   -0.20196508608831
C        -1.17243693276145   -0.71892123268709   -0.10286254854177
5
 energy: -11.084720606129 gnorm: 0.039563144404 xtb: 6.2.2 (9d81278992624c895f80dd42a50cac0aa55982e2)
C        -0.57462876386138    0.53317983333872   -0.08149148886257
N         0.54148795361773    1.20355393520532    0.23031823730724
C         0.15298638245132   -1.01969840337540    0.18877270394523
C         1.04172330740960    0.01302544601504   -0.19398308660876
C        -1.16156887961728   -0.73006081118368   -0.14361636578114
5
 energy: -11.086256773915 gnorm: 0.024152455814 xtb: 6.2.2 (9d81278992624c895f80dd42a50cac0aa55982e2)
C        -0.58408539171340    0.54157251861288   -0.06110467454335
N         0.53836000658173    1.19867852689078    0.21013659155356
C         0.15211997879810   -1.01756211142942    0.20851922159766
C         1.03506508238755    0.00457739074918   -0.19443069446785
C        -1.14145967605399   -0.72726632482343   -0.16312044414003
5
 energy: -11.087632861026 gnorm: 0.011326959145 xtb: 6.2.2 (9d81278992624c895f80dd42a50cac0aa55982e2)
C        -0.59495026215882    0.54725112729260   -0.01225348218988
N         0.53886618855397    1.20112854518911    0.16134344419815
C         0.15066928331143   -1.01976039086311    0.25390372140088
C         1.01807406133053   -0.00712872913895   -0.19175877078768
C        -1.11265927103712   -0.72149055247965   -0.21123491262147
5
 energy: -11.087849973079 gnorm: 0.006580964952 xtb: 6.2.2 (9d81278992624c895f80dd42a50cac0aa55982e2)
C        -0.59392900891374    0.54456368303493   -0.00545451677611
N         0.53726928417476    1.20369457239109    0.15058207088107
C         0.15069806988775   -1.02371278351309    0.24559351350855
C         1.02057198065075   -0.00612066067596   -0.18029717823584
C        -1.11461032579953   -0.71842481123697   -0.21042388937766
5
 energy: -11.087938883978 gnorm: 0.004271820321 xtb: 6.2.2 (9d81278992624c895f80dd42a50cac0aa55982e2)
C        -0.59366134526027    0.54198362606478    0.00339801817437
N         0.53650930537090    1.20463233310957    0.14183995185059
C         0.15137393949049   -1.02521423612631    0.24367502384891
C         1.01949784477532   -0.00631151323726   -0.17450478783254
C        -1.11371974437644   -0.71509020981078   -0.21440820604132
5
 energy: -11.087991841222 gnorm: 0.003814208878 xtb: 6.2.2 (9d81278992624c895f80dd42a50cac0aa55982e2)
C        -0.59388682359793    0.54021223885104    0.01305895322700
N         0.53698636777045    1.20593947373052    0.13453583476117
C         0.15242880119137   -1.02631100163911    0.24528496095587
C         1.01627136089767   -0.00717718351979   -0.17188212397544
C        -1.11179970626156   -0.71266352742267   -0.22099762496859
5
 energy: -11.088025052797 gnorm: 0.002698787262 xtb: 6.2.2 (9d81278992624c895f80dd42a50cac0aa55982e2)
C        -0.59437684663541    0.53957546537861    0.02244567138322
N         0.53832377125171    1.20793312141680    0.12841344984416
C         0.15375856166477   -1.02800952744065    0.24862096227918
C         1.01160891044511   -0.00839498003547   -0.17095956891798
C        -1.10931439672619   -0.71110407931928   -0.22852051458858
5
 energy: -11.088036211688 gnorm: 0.001800898905 xtb: 6.2.2 (9d81278992624c895f80dd42a50cac0aa55982e2)
C        -0.59472221326398    0.54034139662838    0.02538927475533
N         0.53917778634770    1.20911643714893    0.12674657054680
C         0.15457114631537   -1.02965634015308    0.25044784181632
C         1.00876170236494   -0.00902522389286   -0.17119751872718
C        -1.10778842176404   -0.71077626973137   -0.23138616839128
5
 energy: -11.088046173165 gnorm: 0.001871674686 xtb: 6.2.2 (9d81278992624c895f80dd42a50cac0aa55982e2)
C        -0.59536806645072    0.54261971948284    0.02638298971393
N         0.54003998644454    1.21049552665387    0.12608687911563
C         0.15586734325492   -1.03308963781527    0.25192964421302
C         1.00487632631308   -0.00970275869204   -0.17146831649428
C        -1.10541558956181   -0.71032284962941   -0.23293119654829
5
 energy: -11.088052546463 gnorm: 0.001345012664 xtb: 6.2.2 (9d81278992624c895f80dd42a50cac0aa55982e2)
C        -0.59591899768585    0.54397747451689    0.02518749497911
N         0.53988341936085    1.21057947760193    0.12608688279491
C         0.15653795384759   -1.03523534796815    0.25113926890702
C         1.00377193905635   -0.00975898136762   -0.17065175485124
C        -1.10427431457895   -0.70956262278305   -0.23176189182979
5
 energy: -11.088056439155 gnorm: 0.000547787160 xtb: 6.2.2 (9d81278992624c895f80dd42a50cac0aa55982e2)
C        -0.59708489065865    0.54540629554389    0.02552812265842
N         0.53981528699728    1.21063482262700    0.12453198079507
C         0.15758109542032   -1.03808802276835    0.25021808673307
C         1.00211918472278   -0.00991351199754   -0.16889132318124
C        -1.10243067648173   -0.70803958340500   -0.23138686700532
