5
 energy: -8.713988647847 gnorm: 0.216557269227 xtb: 6.2.2 (9d81278992624c895f80dd42a50cac0aa55982e2)
N        -0.03226200000000   -0.20282100000000    0.83923500000000
C        -1.08323900000000   -0.74245900000000   -0.00595100000000
N         0.99171300000000    0.23528300000000   -0.01029200000000
H        -1.61912300000000    0.08423300000000   -0.51917000000000
H         1.74291100000000    0.62576400000000    0.60138600000000
5
 energy: -8.755701540725 gnorm: 0.136316830893 xtb: 6.2.2 (9d81278992624c895f80dd42a50cac0aa55982e2)
N         0.03610232205924   -0.30584191899018    0.76574369235232
C        -1.12045624957612   -0.66419272778522    0.09472499261448
N         0.97706979264691    0.21339303762418    0.01578041896025
H        -1.58263174938487    0.08360802972208   -0.57288196625049
H         1.68991588425485    0.67303357942914    0.60184086232343
5
 energy: -8.746749304063 gnorm: 0.278861966835 xtb: 6.2.2 (9d81278992624c895f80dd42a50cac0aa55982e2)
N         0.01490434003609   -0.26397155789971    0.60475396545065
C        -1.00564343108099   -0.56631438568946    0.11118420770166
N         0.98323746081824    0.15234655616147    0.08053204382299
H        -1.65488798589962    0.02344104687900   -0.51690258775484
H         1.66238961612629    0.65449834054869    0.62564037077954
5
 energy: -8.777479979296 gnorm: 0.070363590827 xtb: 6.2.2 (9d81278992624c895f80dd42a50cac0aa55982e2)
N         0.04418862692617   -0.31298055370210    0.63252047214162
C        -1.11098222279295   -0.58176121147467    0.13038911061965
N         1.05529554301296    0.16772628290162    0.05282176969523
H        -1.67581609081067    0.02821283993162   -0.55648176538364
H         1.68731414366449    0.69880264234353    0.64595841292714
5
 energy: -8.783344558542 gnorm: 0.047277734777 xtb: 6.2.2 (9d81278992624c895f80dd42a50cac0aa55982e2)
N         0.05431052649475   -0.37392967837372    0.62227652428282
C        -1.12899142527679   -0.53904448783178    0.19519428990432
N         1.03756096792848    0.22220621583240    0.04729628187828
H        -1.65813214399161    0.00826771005039   -0.60561594361981
H         1.69525207484516    0.68250024032271    0.64605684755439
5
 energy: -8.785997794590 gnorm: 0.028997719360 xtb: 6.2.2 (9d81278992624c895f80dd42a50cac0aa55982e2)
N         0.06611952239759   -0.41777156724604    0.53406934071544
C        -1.15289999901806   -0.47332426591640    0.25316568251769
N         1.09805105528847    0.18932895013276    0.02687875457547
H        -1.68647987048624   -0.02084245897995   -0.60680846979745
H         1.67520929181824    0.72260934200963    0.69790269198885
5
 energy: -8.787332048524 gnorm: 0.029234133062 xtb: 6.2.2 (9d81278992624c895f80dd42a50cac0aa55982e2)
N         0.06337016228224   -0.38917030245766    0.54184544428548
C        -1.13557976409181   -0.47563388570110    0.25382185402681
N         1.06107524757222    0.24422730550852    0.01290519279643
H        -1.66719142394883   -0.04108543963271   -0.60531883825076
H         1.67832577818619    0.66166232228295    0.70195434714205
5
 energy: -8.787640365873 gnorm: 0.007785613597 xtb: 6.2.2 (9d81278992624c895f80dd42a50cac0aa55982e2)
N         0.07586933642753   -0.37984652208616    0.54080336279258
C        -1.13121007693051   -0.47016607552685    0.24721238837391
N         1.06129775402784    0.23120765944245    0.00487171450030
H        -1.66532166715678   -0.04250990241837   -0.59684891342851
H         1.65936465363192    0.66131484058892    0.70916944776171
5
 energy: -8.787783093302 gnorm: 0.004884422526 xtb: 6.2.2 (9d81278992624c895f80dd42a50cac0aa55982e2)
N         0.07602805478036   -0.37476532360160    0.52844894680596
C        -1.13548768010445   -0.46391604085466    0.25329638033123
N         1.06499749004295    0.24945921261726    0.00513990009894
H        -1.67955902104345   -0.05808992551088   -0.60035599025796
H         1.67402115632459    0.64731207734987    0.71867876302183
5
 energy: -8.787826421205 gnorm: 0.005124977695 xtb: 6.2.2 (9d81278992624c895f80dd42a50cac0aa55982e2)
N         0.07272692138390   -0.36709547080593    0.52011076382564
C        -1.13813246881164   -0.46284961803657    0.25167201569824
N         1.06735045200803    0.25839438863570    0.00738865752548
H        -1.68746601052575   -0.06792275175051   -0.59754189702671
H         1.68552110594546    0.63947345195732    0.72357845997734
5
 energy: -8.787848016613 gnorm: 0.002466578664 xtb: 6.2.2 (9d81278992624c895f80dd42a50cac0aa55982e2)
N         0.07368147820902   -0.36185309353170    0.51712002840444
C        -1.14006249086700   -0.46220727435148    0.25290352317788
N         1.06288664854223    0.27101528599736    0.00725034673407
H        -1.69003640977494   -0.07553333197414   -0.59905210012775
H         1.69353077389069    0.62857841385997    0.72698620181135
5
 energy: -8.787855525599 gnorm: 0.000864567615 xtb: 6.2.2 (9d81278992624c895f80dd42a50cac0aa55982e2)
N         0.07344458194980   -0.35834414677678    0.51777884831578
C        -1.13979923056454   -0.46404433993242    0.25070655870253
N         1.06116310406101    0.27436541966706    0.00920986209977
H        -1.69286895460871   -0.07719803567842   -0.59918434099128
H         1.69806049916243    0.62522110272056    0.72669707187321
5
 energy: -8.787856813458 gnorm: 0.000864314753 xtb: 6.2.2 (9d81278992624c895f80dd42a50cac0aa55982e2)
N         0.07243129717814   -0.35795994339407    0.51843433868254
C        -1.14067475604378   -0.46677480123443    0.25092859674697
N         1.05829767596568    0.27685924111884    0.01000646111316
H        -1.68959881298718   -0.07607496755231   -0.59941295199455
H         1.69954459588714    0.62395047106197    0.72525155545189
