5
 energy: -10.853896108743 gnorm: 0.339046966813 xtb: 6.2.2 (9d81278992624c895f80dd42a50cac0aa55982e2)
N         0.96451900000000    0.23413200000000    0.41588200000000
C         0.11245400000000   -0.31095500000000   -0.62702900000000
C        -1.14261700000000   -0.90702300000000   -0.01585500000000
C         2.13017900000000    0.79012200000000   -0.24581900000000
C        -2.06453600000000    0.19372500000000    0.47282100000000
5
 energy: -10.968872266619 gnorm: 0.253002417036 xtb: 6.2.2 (9d81278992624c895f80dd42a50cac0aa55982e2)
N         0.98420221909912    0.24138011699299    0.31239865203075
C         0.10921587020203   -0.34648787281894   -0.54569862961250
C        -1.13908692128732   -0.78925641986008   -0.02901391049479
C         2.08357640677981    0.77047315646543   -0.20225491131928
C        -2.03790857479364    0.12389201922060    0.46456879939582
5
 energy: -10.999200015672 gnorm: 0.536140088653 xtb: 6.2.2 (9d81278992624c895f80dd42a50cac0aa55982e2)
N         1.05562269400560    0.24767052340572    0.10540301750341
C         0.08211213184748   -0.38510606801395   -0.40585617366344
C        -1.20090553959124   -0.62363558185240   -0.01832093504486
C         2.05091852992516    0.76510037259013   -0.10877312667301
C        -1.98774881618700   -0.00402824612950    0.42754721787790
5
 energy: -11.057753620098 gnorm: 0.119440180689 xtb: 6.2.2 (9d81278992624c895f80dd42a50cac0aa55982e2)
N         1.05993213608565    0.23563795770974    0.04253210160645
C         0.11649029127601   -0.43102290766170   -0.42597083361939
C        -1.14927956892320   -0.60016789428894   -0.01898533784658
C         2.13410433287049    0.78664682770381   -0.08212621763260
C        -2.16124819130895    0.00890701653709    0.48455028749211
5
 energy: -11.069480917968 gnorm: 0.146571415844 xtb: 6.2.2 (9d81278992624c895f80dd42a50cac0aa55982e2)
N         1.21921008118540    0.11045895422561   -0.05669349785666
C         0.06538669248665   -0.40329973125133   -0.38175865980335
C        -1.15728884326034   -0.50995384662496    0.08235776863199
C         2.20598948548043    0.86282987094048   -0.05583795661578
C        -2.33329841589214   -0.06003424728980    0.41193234564381
5
 energy: -11.079297658356 gnorm: 0.111831147231 xtb: 6.2.2 (9d81278992624c895f80dd42a50cac0aa55982e2)
N         1.20063524072450    0.22350262160984   -0.10091289635311
C         0.09281343899908   -0.38605314283990   -0.34469938657342
C        -1.16980387898207   -0.45169671131343    0.05252578669053
C         2.24023827765255    0.76411994597387   -0.04793192125404
C        -2.36388407839406   -0.14987171343038    0.44101841749005
5
 energy: -11.061448760466 gnorm: 0.304452753161 xtb: 6.2.2 (9d81278992624c895f80dd42a50cac0aa55982e2)
N         1.08742135217687    0.25916318140289   -0.18725700274209
C         0.09781745958122   -0.45162363836783   -0.35498506771780
C        -1.18837810377532   -0.43266529465980    0.04273446034247
C         2.20147392858367    0.76588636588671    0.03093796268818
C        -2.19833563656644   -0.14075961426197    0.46856964742923
5
 energy: -11.084429301141 gnorm: 0.079606801770 xtb: 6.2.2 (9d81278992624c895f80dd42a50cac0aa55982e2)
N         1.14281875487363    0.22693606022182   -0.16389104780383
C         0.09039250082611   -0.39325511307198   -0.34805017641489
C        -1.13778898334926   -0.40883071085250    0.07448982515136
C         2.22035306576979    0.74446315350665   -0.00444626480006
C        -2.31577633812027   -0.16931238980399    0.44189766386743
5
 energy: -11.082723287561 gnorm: 0.121823870254 xtb: 6.2.2 (9d81278992624c895f80dd42a50cac0aa55982e2)
N         1.25109728832475    0.15955409684329   -0.13029895619876
C         0.10522112485377   -0.41518843727418   -0.27358869920960
C        -1.19967846247956   -0.39596826468030    0.04035224665041
C         2.20018924125054    0.81430931556359   -0.05453839302830
C        -2.35683019194950   -0.16270571045241    0.41807380178626
5
 energy: -11.088835173603 gnorm: 0.055119074330 xtb: 6.2.2 (9d81278992624c895f80dd42a50cac0aa55982e2)
N         1.22880956303677    0.17187582944207   -0.17785262500248
C         0.07379713684849   -0.35776141026952   -0.27713288173627
C        -1.16756000369741   -0.37175105670594    0.09301576181277
C         2.23875110189020    0.77090583129083   -0.03174067460264
C        -2.37379879807804   -0.21326819375744    0.39371041952864
5
 energy: -11.088864741467 gnorm: 0.070515366439 xtb: 6.2.2 (9d81278992624c895f80dd42a50cac0aa55982e2)
N         1.19943038128232    0.16996166686349   -0.19783671055150
C         0.09978576679497   -0.36317025156281   -0.28203260821881
C        -1.16325232573400   -0.33340935885581    0.10440839047978
C         2.23580820674374    0.76170980469502   -0.02368398448311
C        -2.37177302908702   -0.23509086113989    0.39914491277366
5
 energy: -11.091101875395 gnorm: 0.042159374968 xtb: 6.2.2 (9d81278992624c895f80dd42a50cac0aa55982e2)
N         1.20770605460588    0.20670074233187   -0.20884935275574
C         0.07011005534025   -0.31430335995257   -0.25162775868370
C        -1.17225215366594   -0.33554802211099    0.11001083100224
C         2.28334248512015    0.72305908265224   -0.03216908109620
C        -2.38890744140034   -0.27990744292055    0.38263536153341
5
 energy: -11.090626322035 gnorm: 0.072921661203 xtb: 6.2.2 (9d81278992624c895f80dd42a50cac0aa55982e2)
N         1.23876642966935    0.16856385902735   -0.16666434299548
C         0.05571182705233   -0.25116052238043   -0.20606336521393
C        -1.17287676276540   -0.34211908981664    0.11926803305883
C         2.26743665329507    0.71920620695544   -0.08216179597579
C        -2.38903914725135   -0.29448945378572    0.33562147112638
5
 energy: -11.093239965129 gnorm: 0.031846146389 xtb: 6.2.2 (9d81278992624c895f80dd42a50cac0aa55982e2)
N         1.24326031075776    0.19711361664603   -0.18346652047807
C         0.06001435044748   -0.23754175177920   -0.18285644742908
C        -1.19725876547858   -0.31567571108103    0.11793590745978
C         2.31659468867551    0.69862339394907   -0.08855041469558
C        -2.42261158440217   -0.34251854773488    0.33693747514295
5
 energy: -11.093870079723 gnorm: 0.044843712428 xtb: 6.2.2 (9d81278992624c895f80dd42a50cac0aa55982e2)
N         1.21390611873246    0.25232981045687   -0.17812807112588
C         0.05487332671480   -0.19100139871763   -0.15934452000985
C        -1.20983801485842   -0.30685956176513    0.11350164899655
C         2.36701115740708    0.64346463455835   -0.10905860678346
C        -2.42595358799592   -0.39793248453247    0.33302954892264
5
 energy: -11.094794829592 gnorm: 0.022364462974 xtb: 6.2.2 (9d81278992624c895f80dd42a50cac0aa55982e2)
N         1.23565431197602    0.23096976250820   -0.16580875455202
C         0.05346697663041   -0.16473297133405   -0.13276102838594
C        -1.21517041544804   -0.29428706600096    0.12028891847957
C         2.36715680907369    0.64429159541104   -0.13257286144614
C        -2.44110868223208   -0.41624032058424    0.31085372590456
5
 energy: -11.095139077175 gnorm: 0.016919565654 xtb: 6.2.2 (9d81278992624c895f80dd42a50cac0aa55982e2)
N         1.24160440719417    0.22209294145483   -0.14076687404218
C         0.05233374449754   -0.14406994676460   -0.11125767411056
C        -1.22245316545328   -0.29717306188499    0.11463310710140
C         2.36408282138088    0.64227985834018   -0.15898133784440
C        -2.43556880761930   -0.42312879114543    0.29637277889576
5
 energy: -11.095567740585 gnorm: 0.019965976069 xtb: 6.2.2 (9d81278992624c895f80dd42a50cac0aa55982e2)
N         1.24714346147924    0.23181925610131   -0.11647782958467
C         0.03975601093793   -0.06466433685299   -0.06068602974214
C        -1.22780502530688   -0.27771301806231    0.12554043506984
C         2.39155959151680    0.59664679735136   -0.20602501950269
C        -2.45065503862708   -0.48608769853739    0.25764844375967
5
 energy: -11.095735043652 gnorm: 0.011799386296 xtb: 6.2.2 (9d81278992624c895f80dd42a50cac0aa55982e2)
N         1.23928654509622    0.23409206188738   -0.11923856661827
C         0.03962885692485   -0.07329410357034   -0.07127199538235
C        -1.21994566283764   -0.28163739962744    0.12479973308808
C         2.38074039291348    0.59668575270403   -0.19729678045470
C        -2.43971113209691   -0.47584531139363    0.26300760936726
5
 energy: -11.095855423117 gnorm: 0.008401788486 xtb: 6.2.2 (9d81278992624c895f80dd42a50cac0aa55982e2)
N         1.23861624018097    0.24473333194113   -0.11448729674702
C         0.03599714378764   -0.05729075014552   -0.05787888911260
C        -1.22465718539415   -0.28155578003616    0.12161991426349
C         2.38837367659501    0.58343027651727   -0.20677719797762
C        -2.43833087516947   -0.48931607827673    0.25752346957376
5
 energy: -11.095966610310 gnorm: 0.008251087370 xtb: 6.2.2 (9d81278992624c895f80dd42a50cac0aa55982e2)
N         1.23804410951206    0.25881294839410   -0.11057676208471
C         0.03102074416288   -0.02760993429282   -0.03515812851270
C        -1.22826403106841   -0.27445722910806    0.12124005637144
C         2.39694954949391    0.55905821868235   -0.22104572675486
C        -2.43775137210043   -0.51580300367559    0.24554056098084
5
 energy: -11.095999866297 gnorm: 0.002712264790 xtb: 6.2.2 (9d81278992624c895f80dd42a50cac0aa55982e2)
N         1.23547713304083    0.27316773262119   -0.10236084432239
C         0.03047866792328   -0.01675162438844   -0.03175190921063
C        -1.22888495171464   -0.26903240252728    0.12078257098622
C         2.39777817459126    0.54092980441289   -0.22876058439025
C        -2.43485002384073   -0.52831251011837    0.24209076693707
5
 energy: -11.096002965349 gnorm: 0.002983091619 xtb: 6.2.2 (9d81278992624c895f80dd42a50cac0aa55982e2)
N         1.23716292839877    0.26491218884766   -0.10794228986407
C         0.03195449065484   -0.02091638048929   -0.03077548059110
C        -1.22991302255286   -0.26223261195309    0.12137622929922
C         2.39496911775933    0.54737531732271   -0.22507648783198
C        -2.43417451426007   -0.52913751372799    0.24241802898794
5
 energy: -11.096010817523 gnorm: 0.002374228570 xtb: 6.2.2 (9d81278992624c895f80dd42a50cac0aa55982e2)
N         1.23691066922252    0.26590574247886   -0.10961833501044
C         0.03164769929236   -0.02132468353671   -0.03270201884454
C        -1.22731981327684   -0.27447474705111    0.12406628939087
C         2.39482922471349    0.54991796307267   -0.22350818519158
C        -2.43606877995154   -0.52002327496372    0.24176224965571
5
 energy: -11.096018396086 gnorm: 0.001288052082 xtb: 6.2.2 (9d81278992624c895f80dd42a50cac0aa55982e2)
N         1.23639237210619    0.26909489997172   -0.10801063852695
C         0.03079008690434   -0.01853108479314   -0.03084212613325
C        -1.22861377951931   -0.26992231415360    0.12396257962213
C         2.39702263314095    0.54518128856555   -0.22574473459585
C        -2.43559231263217   -0.52582178959054    0.24063491963393
5
 energy: -11.096024889175 gnorm: 0.000987449026 xtb: 6.2.2 (9d81278992624c895f80dd42a50cac0aa55982e2)
N         1.23600117886286    0.27051841362386   -0.10943127147951
C         0.03054832508388   -0.01637096263146   -0.02854848153600
C        -1.22911614063980   -0.26661020966712    0.12569370598627
C         2.39763781986649    0.54219198344746   -0.22627252858678
C        -2.43507218317342   -0.52972822477274    0.23855857561604
5
 energy: -11.096030028032 gnorm: 0.000566378211 xtb: 6.2.2 (9d81278992624c895f80dd42a50cac0aa55982e2)
N         1.23518560905784    0.27276954120942   -0.11304432116426
C         0.03013635827932   -0.01361242251482   -0.02574079119019
C        -1.22863590435713   -0.26724106693757    0.12956907676104
C         2.39830273223776    0.53922920269290   -0.22592127280622
C        -2.43498979521777   -0.53114425444994    0.23513730839966
5
 energy: -11.096030512808 gnorm: 0.000511617533 xtb: 6.2.2 (9d81278992624c895f80dd42a50cac0aa55982e2)
N         1.23510530414375    0.27281504562505   -0.11329591167065
C         0.03026835781194   -0.01373776638737   -0.02546075604421
C        -1.22872989643339   -0.26684444236224    0.12921403203775
C         2.39823550597275    0.53914021278760   -0.22577700940971
C        -2.43488027149504   -0.53137204966304    0.23531964508684
