5
 energy: -7.838235188371 gnorm: 0.179463291301 xtb: 6.2.2 (9d81278992624c895f80dd42a50cac0aa55982e2)
C         0.73755800000000   -0.56951500000000   -0.53775600000000
N         1.65112500000000   -0.02511700000000    0.45192000000000
C        -0.66998800000000   -0.06334700000000   -0.28080300000000
H        -1.01795100000000   -0.38603700000000    0.72304300000000
H        -0.70074500000000    1.04401700000000   -0.35640400000000
5
 energy: -7.868562304885 gnorm: 0.098053135417 xtb: 6.2.2 (9d81278992624c895f80dd42a50cac0aa55982e2)
C         0.73933586919263   -0.51754943223014   -0.46838860385062
N         1.64881938560075   -0.06809782483660    0.39430047812259
C        -0.61554534099085   -0.04867819850784   -0.24537186571426
H        -1.04549121338892   -0.40048951898937    0.70143511524692
H        -0.72711970041361    1.03481597456395   -0.38197512380463
5
 energy: -7.871171642049 gnorm: 0.130861840447 xtb: 6.2.2 (9d81278992624c895f80dd42a50cac0aa55982e2)
C         0.78214416528760   -0.49063359952882   -0.42014448827006
N         1.61024715749235   -0.10447051016765    0.33477257549250
C        -0.56263809489470   -0.03404413730722   -0.21043862750883
H        -1.07261846878371   -0.39655765779962    0.68468584502394
H        -0.75713575910153    1.02570690480332   -0.38887530473754
5
 energy: -7.877412884090 gnorm: 0.043076720712 xtb: 6.2.2 (9d81278992624c895f80dd42a50cac0aa55982e2)
C         0.78384870300998   -0.49229609961806   -0.42182671620330
N         1.70295908213743   -0.11482510963573    0.34827836025028
C        -0.58456060938556   -0.01873888513571   -0.19660660112489
H        -1.11168841039554   -0.41090051288582    0.68143518450677
H        -0.79055976536631    1.03676160727531   -0.41128022742886
5
 energy: -7.878976789175 gnorm: 0.030321069347 xtb: 6.2.2 (9d81278992624c895f80dd42a50cac0aa55982e2)
C         0.79493748006175   -0.49392173383767   -0.42058496040510
N         1.69610795019767   -0.11785814031006    0.34208895321669
C        -0.58407846341122   -0.00521231327372   -0.17855599626517
H        -1.11470740412828   -0.41806149378273    0.67688237687830
H        -0.79226056271991    1.03505468120418   -0.41983037342472
5
 energy: -7.879722986588 gnorm: 0.082233240257 xtb: 6.2.2 (9d81278992624c895f80dd42a50cac0aa55982e2)
C         0.84598088998506   -0.50217126076255   -0.41384145540033
N         1.70373522283859   -0.13760470167865    0.31527217339430
C        -0.57631327645278    0.06043622235784   -0.08957419688697
H        -1.15450833079527   -0.46248482336944    0.66059607919273
H        -0.81889550557560    1.04182556345281   -0.47245260029974
5
 energy: -7.881341349750 gnorm: 0.005819244733 xtb: 6.2.2 (9d81278992624c895f80dd42a50cac0aa55982e2)
C         0.82036250071750   -0.50380198395866   -0.41888536152036
N         1.70325943026619   -0.12357920973811    0.32850765374361
C        -0.58469785650308    0.04091976854793   -0.11820761262346
H        -1.13616903774797   -0.44629026058022    0.65923741036656
H        -0.80275603673265    1.03275268572906   -0.45065208996634
5
 energy: -7.881692515067 gnorm: 0.011988029327 xtb: 6.2.2 (9d81278992624c895f80dd42a50cac0aa55982e2)
C         0.82485532403980   -0.51605756528807   -0.40568447411397
N         1.72461378023891   -0.11678463319687    0.31173749128854
C        -0.57482048105694    0.05371692360172   -0.10026556455428
H        -1.16715976014993   -0.46064767283114    0.64775316772885
H        -0.80748986307184    1.03977394771435   -0.45354062034914
5
 energy: -7.874365830259 gnorm: 0.128829223996 xtb: 6.2.2 (9d81278992624c895f80dd42a50cac0aa55982e2)
C         0.83487279414650   -0.64025956687185   -0.29534846371449
N         1.84164445061406   -0.02013756546626    0.17913412605582
C        -0.52205906999678    0.13717196863241    0.00377955543893
H        -1.36559755073595   -0.56416916090131    0.54517977651613
H        -0.78886162402783    1.08739532460701   -0.43274499429639
5
 energy: -7.883554084652 gnorm: 0.035217123690 xtb: 6.2.2 (9d81278992624c895f80dd42a50cac0aa55982e2)
C         0.82643916760305   -0.55560784559662   -0.34759199919757
N         1.78150781890951   -0.08410847496900    0.25173223959387
C        -0.55647271699997    0.07935909529109   -0.05911807054256
H        -1.24799476862713   -0.49578059810975    0.59688407158503
H        -0.80348050088546    1.05613882338428   -0.44190624143878
5
 energy: -7.886133652180 gnorm: 0.039384527573 xtb: 6.2.2 (9d81278992624c895f80dd42a50cac0aa55982e2)
C         0.80965916150158   -0.58046630616211   -0.32492772527170
N         1.77404343982087   -0.06094793046397    0.23819475903611
C        -0.55277079985764    0.07459052072127   -0.07393349087851
H        -1.24072964602725   -0.50207520325075    0.58166489717072
H        -0.79020315543756    1.06889991915556   -0.42099844005662
5
 energy: -7.890018222804 gnorm: 0.055562824290 xtb: 6.2.2 (9d81278992624c895f80dd42a50cac0aa55982e2)
C         0.79294324245604   -0.60266422671697   -0.28166691446609
N         1.79365911921040   -0.03160837967193    0.20517099674683
C        -0.54924008085908    0.06295878976067   -0.09256093897727
H        -1.26614838816248   -0.50750557603360    0.55728201350745
H        -0.77121489264489    1.07882039266183   -0.38822515681093
5
 energy: -7.894669130575 gnorm: 0.067979702842 xtb: 6.2.2 (9d81278992624c895f80dd42a50cac0aa55982e2)
C         0.77262595476829   -0.62192058371092   -0.23571068586180
N         1.80764496905494   -0.00488062272396    0.17192763515565
C        -0.54245038208796    0.05043378737628   -0.10993404279022
H        -1.28474436481051   -0.51420761460710    0.53190719850492
H        -0.75307717692475    1.09057603366570   -0.35819010500855
5
 energy: -7.885708192475 gnorm: 0.168799978627 xtb: 6.2.2 (9d81278992624c895f80dd42a50cac0aa55982e2)
C         0.64344542284268   -0.70741288421471    0.02123173550393
N         1.84278653360044    0.10979251211993    0.00594030739555
C        -0.49284370136766   -0.00653471896185   -0.18650864151374
H        -1.31260855379990   -0.54825561526821    0.37844199514479
H        -0.68078070127557    1.15241170632484   -0.21910539653053
5
 energy: -7.909163613165 gnorm: 0.073628654752 xtb: 6.2.2 (9d81278992624c895f80dd42a50cac0aa55982e2)
C         0.70513570408644   -0.66611014866959   -0.09062110608775
N         1.78969289448539    0.05442498937103    0.07296458357817
C        -0.51352117043611    0.03293569895184   -0.11352078170416
H        -1.27429956680252   -0.53229094969669    0.42041544233621
H        -0.70700886133320    1.11104141004341   -0.28923813812248
5
 energy: -7.913255237013 gnorm: 0.048634289339 xtb: 6.2.2 (9d81278992624c895f80dd42a50cac0aa55982e2)
C         0.72030020572816   -0.63766261827663   -0.08149698675617
N         1.80795730527229    0.05411276370698    0.04328145797088
C        -0.51388542918839    0.02969757603268   -0.07537848761239
H        -1.33065279404860   -0.52256148257521    0.39938793862621
H        -0.68372028776346    1.07641476111218   -0.28579392222852
5
 energy: -7.918021210609 gnorm: 0.025517703559 xtb: 6.2.2 (9d81278992624c895f80dd42a50cac0aa55982e2)
C         0.71357981342553   -0.62417155097472   -0.01972412954324
N         1.78824784919339    0.04705823788744   -0.01243273335522
C        -0.48472655689266    0.04029100943829   -0.00389031143137
H        -1.33345877019242   -0.52413803670785    0.32231387617265
H        -0.68364333553385    1.06096134035683   -0.28626670184282
5
 energy: -7.918468256252 gnorm: 0.061669591179 xtb: 6.2.2 (9d81278992624c895f80dd42a50cac0aa55982e2)
C         0.71254475825497   -0.61308151078818    0.08228870013091
N         1.83379295170116    0.05109134754353   -0.10220110478540
C        -0.47083920005667    0.05505949129097    0.06868285809481
H        -1.39926998570894   -0.54248916537583    0.23032590792854
H        -0.67622952419051    1.04942083732952   -0.27909636136885
5
 energy: -7.920681601596 gnorm: 0.028198975027 xtb: 6.2.2 (9d81278992624c895f80dd42a50cac0aa55982e2)
C         0.71146478585289   -0.61426042652483    0.05920883199601
N         1.80693426830126    0.05390393390242   -0.07635376572103
C        -0.49176855727463    0.03637571987633    0.02673844716291
H        -1.36249635244520   -0.53209117274381    0.26092245709577
H        -0.66413514443431    1.05607294548988   -0.27051597053367
5
 energy: -7.921204155912 gnorm: 0.016508947057 xtb: 6.2.2 (9d81278992624c895f80dd42a50cac0aa55982e2)
C         0.71664636784828   -0.61838145566774    0.06588670513819
N         1.79221673719699    0.06031243960967   -0.08926750563666
C        -0.48704886382207    0.03445933461393    0.03556720482826
H        -1.36800891551515   -0.53507178253876    0.25441199881931
H        -0.65380632570804    1.05868246398290   -0.26659840314910
5
 energy: -7.921748105589 gnorm: 0.010929231694 xtb: 6.2.2 (9d81278992624c895f80dd42a50cac0aa55982e2)
C         0.72493342545901   -0.62078835792990    0.10162644022800
N         1.77596834389896    0.07133438067456   -0.12661926656865
C        -0.48751451945762    0.02564835966909    0.04486846337342
H        -1.38123380861442   -0.53897750945252    0.23168789200518
H        -0.63215444128591    1.06278412703877   -0.25156352903795
5
 energy: -7.921913901941 gnorm: 0.004939424640 xtb: 6.2.2 (9d81278992624c895f80dd42a50cac0aa55982e2)
C         0.72637257717106   -0.61365254026758    0.11810056337141
N         1.77753628589523    0.06503003945685   -0.13083429315662
C        -0.48980897627648    0.02072174821007    0.01003325022706
H        -1.38051380695750   -0.54359547290597    0.24076033230160
H        -0.63358707983231    1.07149722550664   -0.23805985274345
5
 energy: -7.921983553672 gnorm: 0.001958498960 xtb: 6.2.2 (9d81278992624c895f80dd42a50cac0aa55982e2)
C         0.72537989741759   -0.61142477234914    0.11743675390769
N         1.77883206904587    0.06041932991870   -0.13309630115284
C        -0.48888402814685    0.02745495924998    0.02423770436859
H        -1.37840554279272   -0.54780904211934    0.23355440476876
H        -0.63692339552388    1.07136052529980   -0.24213256189220
5
 energy: -7.922003792030 gnorm: 0.001298294413 xtb: 6.2.2 (9d81278992624c895f80dd42a50cac0aa55982e2)
C         0.72417946605107   -0.60964099207393    0.11274633408774
N         1.78325787504436    0.05394260441433   -0.12891860819347
C        -0.48918229773935    0.03308987916882    0.02505176229403
H        -1.37381773016092   -0.55175359355422    0.23563052920472
H        -0.64443831319516    1.07436310204500   -0.24451001739303
5
 energy: -7.922008139780 gnorm: 0.000335506584 xtb: 6.2.2 (9d81278992624c895f80dd42a50cac0aa55982e2)
C         0.72377166953380   -0.60840217154925    0.11552288714854
N         1.78520665366344    0.05041149518433   -0.13004119880755
C        -0.48955251287833    0.03499725773296    0.02300590826022
H        -1.37103503034324   -0.55339220988049    0.23487536111966
H        -0.64839177997566    1.07638662851244   -0.24336295772087
