5
 energy: -10.813652719021 gnorm: 0.216510826210 xtb: 6.2.2 (9d81278992624c895f80dd42a50cac0aa55982e2)
C        -0.83679400000000    1.33074000000000    0.02283000000000
N        -0.22313000000000    0.01604800000000   -0.00184600000000
C         1.04635700000000   -0.05746100000000   -0.72812500000000
C        -1.01809900000000   -1.19734200000000   -0.03821400000000
C         1.03166500000000   -0.09198500000000    0.74535500000000
5
 energy: -10.856364613523 gnorm: 0.163795396620 xtb: 6.2.2 (9d81278992624c895f80dd42a50cac0aa55982e2)
C        -0.77320915345393    1.31302508875325    0.02304865054259
N        -0.29821455257731    0.02144896729394   -0.00246613290629
C         1.01896839184649   -0.05647599994155   -0.68764325824827
C        -0.95263592703769   -1.18890666835545   -0.03736462680281
C         1.00509024122244   -0.08909138775019    0.70442536741479
5
 energy: -10.891311861530 gnorm: 0.169756246834 xtb: 6.2.2 (9d81278992624c895f80dd42a50cac0aa55982e2)
C        -0.64090673991523    1.27431269502496    0.02346691563397
N        -0.47053503334432    0.03384456090881   -0.00389927435729
C         0.97008795504593   -0.05455164350582   -0.62245968699710
C        -0.81615862213149   -1.16952058100875   -0.03554818857623
C         0.95751144034511   -0.08408503141921    0.63844023429665
5
 energy: -10.916401249151 gnorm: 0.107517931482 xtb: 6.2.2 (9d81278992624c895f80dd42a50cac0aa55982e2)
C        -0.53842897384844    1.33864652827186    0.02600947848614
N        -0.54627805007230    0.03929372294431   -0.00452816146670
C         0.91083184252179   -0.04973571958362   -0.64687772692552
C        -0.72390536499099   -1.24785562264090   -0.03647449718487
C         0.89777954638993   -0.08034890899164    0.66187090709095
5
 energy: -10.942015678404 gnorm: 0.112725082535 xtb: 6.2.2 (9d81278992624c895f80dd42a50cac0aa55982e2)
C        -0.37777897919780    1.35076028102422    0.02802914246497
N        -0.66201109185676    0.04762127960435   -0.00548792545548
C         0.81024775449861   -0.04143950291976   -0.70141541437469
C        -0.56661394072767   -1.28282724514469   -0.03585627243274
C         0.79615525728361   -0.07411481256413    0.71473046979794
5
 energy: -10.963486931822 gnorm: 0.133920100531 xtb: 6.2.2 (9d81278992624c895f80dd42a50cac0aa55982e2)
C        -0.26775896810586    1.30809544161309    0.03029143247681
N        -0.73222671904394    0.05267669266117   -0.00606792383574
C         0.73290302409742   -0.03878739330389   -0.73646374665478
C        -0.45157887732048   -1.25633863105291   -0.03625394223855
C         0.71866054037286   -0.06564610991747    0.74849418025227
5
 energy: -11.027417169360 gnorm: 0.107850921755 xtb: 6.2.2 (9d81278992624c895f80dd42a50cac0aa55982e2)
C        -0.05897810189332    1.17215221535911    0.06592879484741
N        -0.85428178843646    0.06146171209772   -0.00707345633094
C         0.57228475397876   -0.08910679684541   -0.80000399205676
C        -0.22490282610021   -1.15169584486959   -0.06828714362980
C         0.56587696245123    0.00718871425816    0.80943579717008
5
 energy: -11.040902166312 gnorm: 0.213812100738 xtb: 6.2.2 (9d81278992624c895f80dd42a50cac0aa55982e2)
C         0.17778303039483    1.05463623999539    0.06958457990315
N        -1.00937655207895    0.07259101811071   -0.00837544848073
C         0.40595633756610   -0.08277137074143   -0.85564932044054
C         0.02620177203468   -1.06928939098093   -0.06787706420416
C         0.39943441208334    0.02483350361626    0.86231725322227
5
 energy: -11.016544977176 gnorm: 0.368138307461 xtb: 6.2.2 (9d81278992624c895f80dd42a50cac0aa55982e2)
C         0.15053583946605    1.03299940500995   -0.02982489711081
N        -0.97400951823745    0.06998802884433   -0.00810589605525
C         0.42658357144571    0.08508357106141   -0.82089660812600
C         0.00051734710936   -1.04391976734424    0.03112101053803
C         0.39637176021632   -0.14415123757146    0.82770639075403
5
 energy: -11.053984366332 gnorm: 0.117901063346 xtb: 6.2.2 (9d81278992624c895f80dd42a50cac0aa55982e2)
C         0.08733847521801    1.15896756803129    0.01399454569398
N        -0.89637651386406    0.06446909776079   -0.00746971552913
C         0.45431547847388    0.01205143881986   -0.84506807519826
C        -0.07912782197846   -1.15953426086932   -0.01387320726107
C         0.43384938215063   -0.07595384374263    0.85241645229447
5
 energy: -11.064184060548 gnorm: 0.093562897352 xtb: 6.2.2 (9d81278992624c895f80dd42a50cac0aa55982e2)
C         0.09624706325584    1.05128572664403    0.04308759550449
N        -0.88810886513014    0.06384737771005   -0.00740167575354
C         0.42988553265505   -0.03964671430797   -0.88194915442133
C        -0.05450625843659   -1.05429723120565   -0.04269431701349
C         0.41648152765585   -0.02118915884047    0.88895755168388
5
 energy: -11.066588991365 gnorm: 0.066617912292 xtb: 6.2.2 (9d81278992624c895f80dd42a50cac0aa55982e2)
C         0.19246157151631    1.08104793045800    0.03816177501256
N        -0.96775265027486    0.06961989217152   -0.00802443078062
C         0.37694279569393   -0.02440945090307   -0.88941371429794
C         0.03649588364514   -1.09746995420900   -0.03626464057299
C         0.36185139941947   -0.02878841751745    0.89554101063899
5
 energy: -11.069916253222 gnorm: 0.029170856670 xtb: 6.2.2 (9d81278992624c895f80dd42a50cac0aa55982e2)
C         0.14593641516223    1.09268530857026    0.02385107391391
N        -0.92310294860839    0.06638556820635   -0.00767153738367
C         0.40355513212094   -0.00216283083781   -0.87935311900041
C        -0.01153309821970   -1.10234747998496   -0.02271703363486
C         0.38514349954493   -0.05456056595385    0.88589061610502
5
 energy: -11.070723014793 gnorm: 0.007162479485 xtb: 6.2.2 (9d81278992624c895f80dd42a50cac0aa55982e2)
C         0.14829911158809    1.07528598850041    0.02817965045543
N        -0.91710419696612    0.06595466966128   -0.00761235479578
C         0.39642281379125   -0.00957701911512   -0.88806846529840
C        -0.00663413524718   -1.08547066634795   -0.02699623266141
C         0.37901540683395   -0.04619297269863    0.89449740230014
5
 energy: -11.070819217220 gnorm: 0.004627139124 xtb: 6.2.2 (9d81278992624c895f80dd42a50cac0aa55982e2)
C         0.15665419827075    1.07508344667876    0.02778551131823
N        -0.91985307093648    0.06614920944814   -0.00763599124975
C         0.38957491406644   -0.00818141488716   -0.89150840785512
C         0.00164339877413   -1.08647036035205   -0.02646245146451
C         0.37197955982515   -0.04658088088768    0.89782133925114
5
 energy: -11.070871141441 gnorm: 0.002067820283 xtb: 6.2.2 (9d81278992624c895f80dd42a50cac0aa55982e2)
C         0.16427644572393    1.07500720371149    0.02678720450476
N        -0.91907565635112    0.06610450293241   -0.00763272014643
C         0.38177104232465   -0.00566976549491   -0.89609131977834
C         0.00921274429016   -1.08747371634548   -0.02533341246119
C         0.36381442401237   -0.04796822480352    0.90227024788120
5
 energy: -11.070874967227 gnorm: 0.001425295449 xtb: 6.2.2 (9d81278992624c895f80dd42a50cac0aa55982e2)
C         0.16543053337617    1.07512188891568    0.02669867377505
N        -0.91804812272613    0.06601189437961   -0.00761431226647
C         0.38016226893044   -0.00534357630684   -0.89698103040655
C         0.01027597533725   -1.08777397198630   -0.02523901276693
C         0.36217834508226   -0.04801623500216    0.90313568166489
5
 energy: -11.070876488910 gnorm: 0.001126061752 xtb: 6.2.2 (9d81278992624c895f80dd42a50cac0aa55982e2)
C         0.16596912730242    1.07546714536915    0.02680393291991
N        -0.91726361970778    0.06599992173122   -0.00763997247165
C         0.37920360460174   -0.00544785924381   -0.89713892073572
C         0.01090152166512   -1.08814381005158   -0.02529456980286
C         0.36118836613849   -0.04787539780498    0.90326953009032
5
 energy: -11.070877737889 gnorm: 0.000728070910 xtb: 6.2.2 (9d81278992624c895f80dd42a50cac0aa55982e2)
C         0.16671744009830    1.07566249190902    0.02689156033035
N        -0.91712084879801    0.06586985867790   -0.00763900810176
C         0.37857140065253   -0.00540649322742   -0.89677937965337
C         0.01122505051153   -1.08858376947618   -0.02538742701162
C         0.36060595753565   -0.04754208788332    0.90291425443639
