5
 energy: -10.953769486562 gnorm: 0.276806605958 xtb: 6.2.2 (9d81278992624c895f80dd42a50cac0aa55982e2)
C        -1.18759400000000    0.07229800000000   -0.93178600000000
C        -0.56748200000000    0.73990700000000    0.28062900000000
C         0.64073100000000   -0.05589900000000    0.74071800000000
C        -0.57530800000000   -0.76621700000000    0.17374000000000
N         1.68965200000000    0.00991100000000   -0.26330100000000
5
 energy: -11.030867087302 gnorm: 0.190643176630 xtb: 6.2.2 (9d81278992624c895f80dd42a50cac0aa55982e2)
C        -1.26221177341113    0.06541971279103   -0.82940503265761
C        -0.54494646179583    0.75592084605335    0.22800063615111
C         0.64581973747452   -0.04715233236059    0.61710364783223
C        -0.55290025495908   -0.77487010688343    0.11936147701102
N         1.71423775269152    0.00068188039964   -0.13506072833674
5
 energy: -11.027901359661 gnorm: 0.485344766650 xtb: 6.2.2 (9d81278992624c895f80dd42a50cac0aa55982e2)
C        -1.22989223669327    0.05857997184904   -0.73539065994172
C        -0.55260742794427    0.76340664604942    0.20624419185696
C         0.68993299472484   -0.03483887070385    0.44037331756671
C        -0.56062134721623   -0.77912889805892    0.09677252502884
N         1.65318701712892   -0.00801884913569   -0.00799937451079
5
 energy: -11.071789087959 gnorm: 0.107515182518 xtb: 6.2.2 (9d81278992624c895f80dd42a50cac0aa55982e2)
C        -1.32233513098668    0.05682875190989   -0.70394958989638
C        -0.57780064376080    0.77687732516853    0.19540585350744
C         0.65704739202751   -0.03186479597820    0.40086507239573
C        -0.58594462909878   -0.79067264926338    0.08415978884837
N         1.82903201181876   -0.01116863183684    0.02351887514483
5
 energy: -11.079691276633 gnorm: 0.100141913703 xtb: 6.2.2 (9d81278992624c895f80dd42a50cac0aa55982e2)
C        -1.48491785385838    0.05397116840761   -0.65178370352310
C        -0.53653089417276    0.79497372341656    0.13192851281809
C         0.68113059443624   -0.02983124263375    0.37043699204431
C        -0.54481743707048   -0.80004848142492    0.01873399772760
N         1.88513459066538   -0.01906516776550    0.13068420093311
5
 energy: -11.085108136048 gnorm: 0.063317899402 xtb: 6.2.2 (9d81278992624c895f80dd42a50cac0aa55982e2)
C        -1.48506806214993    0.05170414767458   -0.61982649092253
C        -0.54304973316975    0.79444673699502    0.12133370966364
C         0.68920564262986   -0.02674318576866    0.32631398557357
C        -0.55132272991881   -0.79796292404572    0.00832658848091
N         1.89023388260862   -0.02144477485523    0.16385220720441
5
 energy: -11.089806120690 gnorm: 0.028321673833 xtb: 6.2.2 (9d81278992624c895f80dd42a50cac0aa55982e2)
C        -1.51455865773366    0.04737874467673   -0.55671532792404
C        -0.52943394924742    0.79629969973437    0.08161404821596
C         0.70315222461791   -0.02348220103226    0.27926625696205
C        -0.53769800128690   -0.79432706829802   -0.03125982580123
N         1.87853738365007   -0.02586917508083    0.22709484854728
5
 energy: -11.089895374082 gnorm: 0.086424631456 xtb: 6.2.2 (9d81278992624c895f80dd42a50cac0aa55982e2)
C        -1.61220779105973    0.04040684420499   -0.45133065415271
C        -0.52078077126451    0.80091293308432    0.01872425570507
C         0.72471327550555   -0.01588124974354    0.17038284189443
C        -0.52905294887597   -0.79009818980286   -0.09416005036064
N         1.93732723569466   -0.03534033774291    0.35638360691386
5
 energy: -11.092695633649 gnorm: 0.013858488754 xtb: 6.2.2 (9d81278992624c895f80dd42a50cac0aa55982e2)
C        -1.57296109942010    0.04233378928835   -0.48134319229161
C        -0.51765041962393    0.79688837889366    0.03332863837368
C         0.71625089602537   -0.01928832030746    0.21901003185027
C        -0.52588515075166   -0.78820787340444   -0.07913621305662
N         1.90024477377032   -0.03172597447011    0.30814073512428
5
 energy: -11.093352091153 gnorm: 0.014273266493 xtb: 6.2.2 (9d81278992624c895f80dd42a50cac0aa55982e2)
C        -1.59190550163625    0.04035185862796   -0.45202887962307
C        -0.51088704808393    0.79533392197874    0.01272730662714
C         0.72128147558042   -0.01821257573962    0.20323934804269
C        -0.51909558228502   -0.78382455739137   -0.09929696103959
N         1.90060565642478   -0.03364864747572    0.33535918599283
5
 energy: -11.094101579749 gnorm: 0.018437062715 xtb: 6.2.2 (9d81278992624c895f80dd42a50cac0aa55982e2)
C        -1.62738009979610    0.03522679759321   -0.37717140455234
C        -0.50094917741227    0.78933664254526   -0.03513274440446
C         0.73377985165754   -0.01508920302123    0.15730401773503
C        -0.50906311597987   -0.77120883901296   -0.14575572348702
N         1.90361154153070   -0.03826539810428    0.40075585470879
5
 energy: -11.094256083853 gnorm: 0.003989252534 xtb: 6.2.2 (9d81278992624c895f80dd42a50cac0aa55982e2)
C        -1.62419661327429    0.03489744574423   -0.37271168999119
C        -0.49959790742722    0.78842635567976   -0.03909440636790
C         0.73434434674067   -0.01545923142931    0.16190277215947
C        -0.50768286435081   -0.76974578103759   -0.14950426548961
N         1.89713203831166   -0.03811878895709    0.39940758968923
5
 energy: -11.094284008650 gnorm: 0.004566194052 xtb: 6.2.2 (9d81278992624c895f80dd42a50cac0aa55982e2)
C        -1.62934367933850    0.03403059710459   -0.36010652243713
C        -0.49752005221670    0.78848385154332   -0.04792691175399
C         0.73640142103811   -0.01527828712149    0.15780982158234
C        -0.50561320780550   -0.76854463704334   -0.15814885461598
N         1.89607451832260   -0.03869152448308    0.40837246722476
5
 energy: -11.094301174018 gnorm: 0.002704909791 xtb: 6.2.2 (9d81278992624c895f80dd42a50cac0aa55982e2)
C        -1.62915649868360    0.03344360513584   -0.35175637222397
C        -0.49768711711605    0.78941706640162   -0.05261143911989
C         0.73709904847257   -0.01522483132299    0.15445746135711
C        -0.50577739674890   -0.76874101283255   -0.16271765234186
N         1.89552096407599   -0.03889482738192    0.41262800232861
5
 energy: -11.094310676274 gnorm: 0.001680891974 xtb: 6.2.2 (9d81278992624c895f80dd42a50cac0aa55982e2)
C        -1.62851028999697    0.03327979565547   -0.34933170773210
C        -0.49764020518072    0.79106169861394   -0.05415830674548
C         0.73667167679841   -0.01555760526372    0.15501007247237
C        -0.50571604048242   -0.77004207205525   -0.16415510643429
N         1.89519385886170   -0.03874181695045    0.41263504843951
5
 energy: -11.094315476549 gnorm: 0.001550085011 xtb: 6.2.2 (9d81278992624c895f80dd42a50cac0aa55982e2)
C        -1.62624761654233    0.03333984641008   -0.34996411306433
C        -0.49792354029629    0.79372897274089   -0.05405278761091
C         0.73503460188130   -0.01681844277351    0.15785552212409
C        -0.50601155986858   -0.77231234687219   -0.16325608431686
N         1.89514711482590   -0.03793802950527    0.40941746286802
5
 energy: -11.094318906871 gnorm: 0.001981336310 xtb: 6.2.2 (9d81278992624c895f80dd42a50cac0aa55982e2)
C        -1.62654895028537    0.03341218662322   -0.35047141852281
C        -0.49788842348515    0.79356234527479   -0.05435389159164
C         0.73500130866941   -0.01775315917230    0.15806934540912
C        -0.50589729457482   -0.77177014690657   -0.16251525837538
N         1.89533235967593   -0.03745122581913    0.40927122308072
5
 energy: -11.094327166079 gnorm: 0.003327890634 xtb: 6.2.2 (9d81278992624c895f80dd42a50cac0aa55982e2)
C        -1.62627300800029    0.03345433561186   -0.35033064914389
C        -0.49793544616909    0.79432592735118   -0.05550194204149
C         0.73474026453549   -0.01977241164769    0.15858955789988
C        -0.50593329123843   -0.77166186681456   -0.16157551578359
N         1.89540048087232   -0.03634598450080    0.40881854906909
5
 energy: -11.094341600715 gnorm: 0.004872619369 xtb: 6.2.2 (9d81278992624c895f80dd42a50cac0aa55982e2)
C        -1.62597028352586    0.03352553665094   -0.35024008348235
C        -0.49804334443408    0.79526207135822   -0.05671228904112
C         0.73447209587623   -0.02200794987161    0.15905582191387
C        -0.50590353071881   -0.77162108612066   -0.16047193898892
N         1.89544406280253   -0.03515857201690    0.40836848959852
5
 energy: -11.094372533961 gnorm: 0.007132540096 xtb: 6.2.2 (9d81278992624c895f80dd42a50cac0aa55982e2)
C        -1.62547081352851    0.03360964552785   -0.35008733757403
C        -0.49814678048144    0.79666228685219   -0.05850628407607
C         0.73409863321217   -0.02534451805481    0.15965942115125
C        -0.50594478952733   -0.77158352771851   -0.15881194618919
N         1.89546275032511   -0.03334388660672    0.40774614668804
5
 energy: -11.094437693585 gnorm: 0.010268322237 xtb: 6.2.2 (9d81278992624c895f80dd42a50cac0aa55982e2)
C        -1.62470754027855    0.03374787785603   -0.34987855920657
C        -0.49836170877899    0.79870849246638   -0.06107775032651
C         0.73358473692070   -0.03015441517153    0.16051217246830
C        -0.50597229357001   -0.77154687112672   -0.15639950044215
N         1.89545580570685   -0.03075508402416    0.40684363750694
5
 energy: -11.094475982247 gnorm: 0.013008270244 xtb: 6.2.2 (9d81278992624c895f80dd42a50cac0aa55982e2)
C        -1.62665896601730    0.03560970653180   -0.34199382533475
C        -0.49941614550962    0.79778440798460   -0.06209103025148
C         0.73868900393560   -0.03282223680397    0.13833015746302
C        -0.50470730425119   -0.77125857157124   -0.15621525382649
N         1.89209241184250   -0.02931330614119    0.42196995194971
5
 energy: -11.095096624969 gnorm: 0.018048550308 xtb: 6.2.2 (9d81278992624c895f80dd42a50cac0aa55982e2)
C        -1.62728615553452    0.04586269360955   -0.34347325409456
C        -0.50495318876985    0.79358736393790   -0.06159976753567
C         0.74084836828180   -0.05058977639974    0.13530125549204
C        -0.49958461848346   -0.76999884772612   -0.15292439578829
N         1.89097459450604   -0.01886143342160    0.42269616192648
5
 energy: -11.095832836376 gnorm: 0.019780854356 xtb: 6.2.2 (9d81278992624c895f80dd42a50cac0aa55982e2)
C        -1.62917473801197    0.05884170742656   -0.34174874820801
C        -0.51168721200109    0.78962557400070   -0.06255883140376
C         0.74504366496691   -0.07591976582941    0.12680144403587
C        -0.49428246920225   -0.76880853511957   -0.15061715473594
N         1.89009975424840   -0.00373898047828    0.42812329031185
5
 energy: -11.096570905450 gnorm: 0.034057647809 xtb: 6.2.2 (9d81278992624c895f80dd42a50cac0aa55982e2)
C        -1.62942301061350    0.07911312586037   -0.35050271826961
C        -0.52212630501240    0.78855297695813   -0.06364141187397
C         0.74759064326694   -0.12860129530549    0.14986440486167
C        -0.48990839080108   -0.76700475194095   -0.14868945181913
N         1.89386606316004    0.02793994442794    0.41296917710105
5
 energy: -11.097105879072 gnorm: 0.022591474183 xtb: 6.2.2 (9d81278992624c895f80dd42a50cac0aa55982e2)
C        -1.62838158849484    0.07243578232027   -0.35224460015389
C        -0.52073979776904    0.79580490480017   -0.06438698797958
C         0.74816639171706   -0.12930523522579    0.16141031757247
C        -0.49341882052058   -0.76569496460351   -0.15114504768136
N         1.89437281506740    0.02675951270885    0.40636631824236
5
 energy: -11.098298845640 gnorm: 0.017780558029 xtb: 6.2.2 (9d81278992624c895f80dd42a50cac0aa55982e2)
C        -1.62318191705024    0.05735560286288   -0.34805902206018
C        -0.52486988791634    0.82245686133571   -0.06899901659684
C         0.75738664570847   -0.15816142256436    0.17174167353289
C        -0.50088203132093   -0.75721330928886   -0.15765262607393
N         1.89154619057904    0.03556226765462    0.40296899119806
5
 energy: -11.099832409123 gnorm: 0.033454032864 xtb: 6.2.2 (9d81278992624c895f80dd42a50cac0aa55982e2)
C        -1.61214160313371    0.03578673314430   -0.34487823060021
C        -0.54570932460373    0.87155281116552   -0.07372811362891
C         0.77737352005779   -0.22669238209195    0.17806687031289
C        -0.50565111587418   -0.73595435267527   -0.16031141856351
N         1.88612752355384    0.05530719045740    0.40085089247974
5
 energy: -11.102036557778 gnorm: 0.073604352858 xtb: 6.2.2 (9d81278992624c895f80dd42a50cac0aa55982e2)
C        -1.60187837304356    0.00854301696809   -0.34173644394154
C        -0.59883626153608    0.95012695055381   -0.08271600355212
C         0.81968627686119   -0.35233309929444    0.17926113242055
C        -0.49693814275766   -0.69280401734089   -0.15726912171474
N         1.87796550047610    0.08646714911343    0.40246043678786
5
 energy: -11.106005310760 gnorm: 0.078262409246 xtb: 6.2.2 (9d81278992624c895f80dd42a50cac0aa55982e2)
C        -1.60315436154017   -0.01316497779281   -0.33685593784431
C        -0.66104003311810    1.00859487881879   -0.09261292081730
C         0.86355376399983   -0.43935185951365    0.16126693480235
C        -0.46743533632133   -0.64655409152139   -0.14695470732683
N         1.86807496697977    0.09047605000906    0.41515663118609
5
 energy: -11.111973941989 gnorm: 0.119884044098 xtb: 6.2.2 (9d81278992624c895f80dd42a50cac0aa55982e2)
C        -1.62457001515348   -0.02829196778885   -0.34988783114051
C        -0.76601842029891    1.03590369312230   -0.09776774250511
C         0.91695103227667   -0.47391511010708    0.12463050471923
C        -0.39656402283831   -0.57619548567118   -0.11009131799354
N         1.87020042601404    0.04249887044481    0.43311638691992
5
 energy: -11.116194961507 gnorm: 0.068578830840 xtb: 6.2.2 (9d81278992624c895f80dd42a50cac0aa55982e2)
C        -1.65218036346208   -0.02422240698334   -0.33987359796957
C        -0.81415971316511    1.03363783952275   -0.11844718906923
C         0.95393698972512   -0.52376797300811    0.12269360573100
C        -0.39508037096355   -0.53796391030493   -0.11715866698115
N         1.90748245786561    0.05231645077362    0.45278584828897
5
 energy: -11.123375470649 gnorm: 0.041141462721 xtb: 6.2.2 (9d81278992624c895f80dd42a50cac0aa55982e2)
C        -1.66403243660740   -0.04995142813311   -0.33920029556985
C        -0.82953278674838    1.01316366576139   -0.13044454271764
C         0.95126791415849   -0.46345460043912    0.14377353258405
C        -0.41404563679704   -0.50924199321932   -0.12783750686600
N         1.95634194599433    0.00948435603015    0.45370881256944
5
 energy: -11.132761754280 gnorm: 0.068686940661 xtb: 6.2.2 (9d81278992624c895f80dd42a50cac0aa55982e2)
C        -1.69434632294242   -0.14035620977670   -0.34401666631363
C        -0.95834065562656    1.05917290282680   -0.16646573711720
C         0.99612960178990   -0.45436887352965    0.17875387431226
C        -0.38962442033250   -0.37415308565844   -0.12611573506906
N         2.04618079711158   -0.09029473386203    0.45784426418763
5
 energy: -11.136540422882 gnorm: 0.118349652378 xtb: 6.2.2 (9d81278992624c895f80dd42a50cac0aa55982e2)
C        -1.72458400455018   -0.20821159187379   -0.35125856946015
C        -1.06717029695405    1.03880896884929   -0.19743875278624
C         0.99869087066577   -0.36078763150129    0.20259835716672
C        -0.35965824007559   -0.25201824497833   -0.11960455137791
N         2.15272067091405   -0.21779150049588    0.46570351645759
5
 energy: -11.142240971529 gnorm: 0.053457721743 xtb: 6.2.2 (9d81278992624c895f80dd42a50cac0aa55982e2)
C        -1.69297108758933   -0.20808647012824   -0.36314767302710
C        -1.08906496328757    1.05754143309394   -0.18541540374972
C         1.00612978480332   -0.39670798919585    0.19326823683182
C        -0.34179007389819   -0.24127209842124   -0.09899845707008
N         2.11769533997177   -0.21147487534862    0.45429329701509
5
 energy: -11.145515249350 gnorm: 0.027807323553 xtb: 6.2.2 (9d81278992624c895f80dd42a50cac0aa55982e2)
C        -1.65329494481982   -0.22207929872603   -0.37071125542075
C        -1.11547454455565    1.05536721059663   -0.18006445802591
C         0.99218536535411   -0.37439301025690    0.19209373609163
C        -0.32972752274238   -0.21760893830737   -0.08392164246873
N         2.10631064676373   -0.24128596330633    0.44260361982377
5
 energy: -11.147756757200 gnorm: 0.076128234560 xtb: 6.2.2 (9d81278992624c895f80dd42a50cac0aa55982e2)
C        -1.61169307704774   -0.29240217120526   -0.38434055473368
C        -1.24375805094063    1.07556611662770   -0.19376512940126
C         1.00743347057323   -0.34206803052348    0.20066510682764
C        -0.29644551152124   -0.09684455722099   -0.05694942028474
N         2.14446216893637   -0.34425135767796    0.43438999759205
5
 energy: -11.149823117894 gnorm: 0.032736644198 xtb: 6.2.2 (9d81278992624c895f80dd42a50cac0aa55982e2)
C        -1.59707544666172   -0.28834722739038   -0.37265367189703
C        -1.24563298694965    1.05577389702540   -0.20051050810385
C         1.00667659952019   -0.32586594946652    0.19766857876010
C        -0.30522964569795   -0.09335258552226   -0.06380402208730
N         2.14126047978914   -0.34820813464625    0.43929962332808
5
 energy: -11.150553090482 gnorm: 0.021528437427 xtb: 6.2.2 (9d81278992624c895f80dd42a50cac0aa55982e2)
C        -1.57952987906168   -0.30650260416679   -0.36669417569440
C        -1.29108026514995    1.04987773016620   -0.21215224136909
C         1.01933223086734   -0.31426852223843    0.19717067176472
C        -0.29755886439825   -0.04888342360820   -0.06092338171340
N         2.14883577774253   -0.38022318015279    0.44259912701217
5
 energy: -11.150862315016 gnorm: 0.022860395707 xtb: 6.2.2 (9d81278992624c895f80dd42a50cac0aa55982e2)
C        -1.56327761320862   -0.32231632883568   -0.35969117771431
C        -1.32277434046051    1.04457234786622   -0.22226606380307
C         1.02462997436540   -0.29682666948524    0.19821250575528
C        -0.28935514212480   -0.01581282840368   -0.06019786446237
N         2.15077612142853   -0.40961652114162    0.44394260022447
5
 energy: -11.151083364989 gnorm: 0.010651707366 xtb: 6.2.2 (9d81278992624c895f80dd42a50cac0aa55982e2)
C        -1.55128583821097   -0.33081937883041   -0.35212412360406
C        -1.33814234374432    1.03831903306796   -0.23034729134361
C         1.02858458257694   -0.28384440164356    0.20157762200448
C        -0.28390282739737    0.00327083540956   -0.06239387671066
N         2.14474542677571   -0.42692608800355    0.44328766965387
5
 energy: -11.151235218875 gnorm: 0.015690962922 xtb: 6.2.2 (9d81278992624c895f80dd42a50cac0aa55982e2)
C        -1.54237509167090   -0.34284866967772   -0.34423483755754
C        -1.35236282323997    1.03089157090271   -0.23843117599330
C         1.03031651949565   -0.25877294238609    0.20229931353887
C        -0.27867486982152    0.02246259990214   -0.06480852674332
N         2.14309526523674   -0.45173255874104    0.44517522675530
5
 energy: -11.151244303647 gnorm: 0.006706371361 xtb: 6.2.2 (9d81278992624c895f80dd42a50cac0aa55982e2)
C        -1.54384800781310   -0.34441604234218   -0.34854550530443
C        -1.34975699509765    1.03090993018127   -0.24130306878240
C         1.03564225729688   -0.25224988527333    0.19271669757255
C        -0.28176779550981    0.02047625255333   -0.04956202276007
N         2.13972954112368   -0.45472025511910    0.44669389927435
5
 energy: -11.150574504287 gnorm: 0.051752685670 xtb: 6.2.2 (9d81278992624c895f80dd42a50cac0aa55982e2)
C        -1.55870586598135   -0.34396870600233   -0.34793890609571
C        -1.33393163851852    1.03420616683875   -0.23327873925129
C         1.03218254155903   -0.25875657785617    0.23315975707024
C        -0.27733951897788    0.00841583926844   -0.08044069581269
N         2.13779348191873   -0.43989672224870    0.42849858408945
5
 energy: -11.151361945758 gnorm: 0.004343256794 xtb: 6.2.2 (9d81278992624c895f80dd42a50cac0aa55982e2)
C        -1.54884224865636   -0.34307340687689   -0.35167030149874
C        -1.34322262625893    1.03228376421433   -0.24059110248566
C         1.03093568495058   -0.25595658086472    0.21444329647861
C        -0.28276490380313    0.01494768960162   -0.05628288843820
N         2.14389309376784   -0.44820146607434    0.43410099594400
5
 energy: -11.151374385822 gnorm: 0.002646504641 xtb: 6.2.2 (9d81278992624c895f80dd42a50cac0aa55982e2)
C        -1.54972872731921   -0.34425543799447   -0.34314117024268
C        -1.34484285245523    1.03113586562602   -0.23495233112866
C         1.03517907359344   -0.24933402059410    0.19748902418395
C        -0.28036663491152    0.01558440869918   -0.06942670095798
N         2.13975814109252   -0.45313081573664    0.45003117814538
5
 energy: -11.151395541096 gnorm: 0.002741461399 xtb: 6.2.2 (9d81278992624c895f80dd42a50cac0aa55982e2)
C        -1.55039320186479   -0.34357037946601   -0.34777699622088
C        -1.34201432070949    1.03163734362312   -0.23747585262947
C         1.03351561968808   -0.24984406558409    0.20556408816429
C        -0.28251533060563    0.01290392749894   -0.06247742456346
N         2.14140623349183   -0.45112682607196    0.44216618524953
5
 energy: -11.151407279493 gnorm: 0.001770753108 xtb: 6.2.2 (9d81278992624c895f80dd42a50cac0aa55982e2)
C        -1.55153099415018   -0.34287518064185   -0.35012374154949
C        -1.33952297519684    1.03189475840639   -0.23839177689922
C         1.03263204703664   -0.24824948343186    0.21021721161017
C        -0.28402576202017    0.00963382234865   -0.05979650974789
N         2.14244668433054   -0.45040391668133    0.43809481658645
5
 energy: -11.151411848587 gnorm: 0.000760503480 xtb: 6.2.2 (9d81278992624c895f80dd42a50cac0aa55982e2)
C        -1.55246329307913   -0.34212389990161   -0.35069848576128
C        -1.33782182943613    1.03192999529714   -0.23830410422211
C         1.03261164459381   -0.24507709184171    0.21146561378715
C        -0.28474248894415    0.00612440420898   -0.05959871029572
N         2.14241496686559   -0.45085340776279    0.43713568649196
