4
 energy: -5.736472923001 gnorm: 0.064155844811 xtb: 6.2.2 (9d81278992624c895f80dd42a50cac0aa55982e2)
C         1.26577500000000   -0.01811000000000   -0.07540500000000
N        -0.13004500000000   -0.00272000000000    0.32089800000000
H        -0.58058100000000   -0.82733300000000   -0.13499900000000
H        -0.55514900000000    0.84816300000000   -0.11049300000000
4
 energy: -5.740030172112 gnorm: 0.030207850264 xtb: 6.2.2 (9d81278992624c895f80dd42a50cac0aa55982e2)
C         1.24789023907819   -0.01799386933623   -0.06479187709737
N        -0.11346688513963   -0.00253862932219    0.29131380891323
H        -0.57986291873109   -0.82321773514219   -0.12545116720418
H        -0.55456043520748    0.84375023380062   -0.10106976461167
4
 energy: -5.740932999646 gnorm: 0.006518258396 xtb: 6.2.2 (9d81278992624c895f80dd42a50cac0aa55982e2)
C         1.23791870558128   -0.01800867148746   -0.05343071734912
N        -0.09471341217406   -0.00238935782203    0.26165670575698
H        -0.58423535023295   -0.82205966939368   -0.11628530615665
H        -0.55896994317427    0.84245769870318   -0.09193968225121
4
 energy: -5.740969021837 gnorm: 0.000880697638 xtb: 6.2.2 (9d81278992624c895f80dd42a50cac0aa55982e2)
C         1.24459805445293   -0.01811961622536   -0.05277727213711
N        -0.09490219832004   -0.00235425731069    0.25945093603459
H        -0.58749375900044   -0.82288723944712   -0.11552179471460
H        -0.56220209713244    0.84336111298317   -0.09115086918287
4
 energy: -5.740969716980 gnorm: 0.000301240197 xtb: 6.2.2 (9d81278992624c895f80dd42a50cac0aa55982e2)
C         1.24414118295486   -0.01811414781576   -0.05267560576629
N        -0.09475921210206   -0.00235161861051    0.25912063419559
H        -0.58732688882134   -0.82223614253116   -0.11539788932684
H        -0.56205508203146    0.84270190895744   -0.09104613910245
