4
 energy: -6.434628599357 gnorm: 0.234844227786 xtb: 6.2.2 (9d81278992624c895f80dd42a50cac0aa55982e2)
C         0.55617500000000    0.65912300000000   -0.23210000000000
C        -0.81526900000000    0.34947300000000    0.33540300000000
C         1.51192300000000   -0.47621300000000    0.07538600000000
H        -1.25283000000000   -0.53238300000000   -0.17868800000000
4
 energy: -6.504051912571 gnorm: 0.193291223632 xtb: 6.2.2 (9d81278992624c895f80dd42a50cac0aa55982e2)
C         0.55323115180921    0.52757822008734   -0.12445499469329
C        -0.81997914984051    0.39026772204847    0.24750133090958
C         1.55316608665900   -0.39853144121007    0.02183567437660
H        -1.28641908862770   -0.51931450092573   -0.14488101059288
4
 energy: -6.396121705652 gnorm: 1.091887793721 xtb: 6.2.2 (9d81278992624c895f80dd42a50cac0aa55982e2)
C         0.54793774964140    0.27651226436400   -0.04539788020112
C        -0.66335805297161    0.34466766419812    0.19333994361808
C         1.44473474699050   -0.18156742259639   -0.00205982779129
H        -1.32931544366028   -0.43961250596573   -0.14588123562567
4
 energy: -6.551845351596 gnorm: 0.128521233789 xtb: 6.2.2 (9d81278992624c895f80dd42a50cac0aa55982e2)
C         0.47396976759266    0.28238740562278   -0.06704280711357
C        -0.72769712186135    0.35779921677665    0.21304890487033
C         1.62083841234977   -0.23631132220016    0.01463240926564
H        -1.36711205808108   -0.40387530019927   -0.16063750702240
4
 energy: -6.565714177385 gnorm: 0.082701198530 xtb: 6.2.2 (9d81278992624c895f80dd42a50cac0aa55982e2)
C         0.54914535205070    0.18250409579196   -0.02421811951387
C        -0.78472891543571    0.34599907723957    0.18003835214187
C         1.77538458606206   -0.15174251011646   -0.00601847314470
H        -1.53980202267705   -0.37676066291507   -0.14980075948331
4
 energy: -6.558712246420 gnorm: 0.166269748284 xtb: 6.2.2 (9d81278992624c895f80dd42a50cac0aa55982e2)
C         0.50515606033542    0.02294598277855   -0.05784707928095
C        -0.69927675237311    0.25881721707993    0.21868281758091
C         1.87480967839347   -0.02322596224523    0.03574537351379
H        -1.68068998635578   -0.25853723761325   -0.19658011181375
4
 energy: -6.574240780757 gnorm: 0.080317693638 xtb: 6.2.2 (9d81278992624c895f80dd42a50cac0aa55982e2)
C         0.50621654008347    0.11634463775685   -0.03163910501631
C        -0.71976882798338    0.28272581505408    0.17196988686362
C         1.76989756513836   -0.09633213452732    0.01251817236524
H        -1.55634627723845   -0.30273831828361   -0.15284795421255
4
 energy: -6.575753356319 gnorm: 0.051657583277 xtb: 6.2.2 (9d81278992624c895f80dd42a50cac0aa55982e2)
C         0.54513582206169    0.11386609720581   -0.00692030387599
C        -0.75304077765666    0.28196352878758    0.14172125763224
C         1.79533670653617   -0.08791270425468   -0.00346913520210
H        -1.58743275094120   -0.30791692173871   -0.13133081855415
4
 energy: -6.578169460222 gnorm: 0.025247187436 xtb: 6.2.2 (9d81278992624c895f80dd42a50cac0aa55982e2)
C         0.54472739028871    0.10441633765387   -0.00418230990253
C        -0.72986882638458    0.25799586571715    0.12928877097520
C         1.79636100013343   -0.07070061086938    0.00111770479297
H        -1.61122056403756   -0.29171159250163   -0.12622316586563
4
 energy: -6.580254539720 gnorm: 0.049956887689 xtb: 6.2.2 (9d81278992624c895f80dd42a50cac0aa55982e2)
C         0.53329186680970    0.04497738708119    0.00527211762396
C        -0.70588777977727    0.21195866046707    0.10723845876777
C         1.80691840541963   -0.02158780086406    0.00407162024016
H        -1.63432349245205   -0.23534824668419   -0.11658119663190
4
 energy: -6.581500418789 gnorm: 0.035469314020 xtb: 6.2.2 (9d81278992624c895f80dd42a50cac0aa55982e2)
C         0.55610637101711    0.02844395707023    0.02031760405329
C        -0.69545441001656    0.17513619883732    0.07524158467785
C         1.82218169742047    0.00852802437447    0.00219310266276
H        -1.68283465842102   -0.21210818028201   -0.09775129139390
4
 energy: -6.582251538038 gnorm: 0.007704198653 xtb: 6.2.2 (9d81278992624c895f80dd42a50cac0aa55982e2)
C         0.56483245240610    0.00747363476243    0.02921752697962
C        -0.70077916588598    0.15378876022517    0.05783189951107
C         1.82354352097076    0.02771752468111   -0.00190841685605
H        -1.68759780749088   -0.18897991966871   -0.08514000963464
4
 energy: -6.582418109581 gnorm: 0.006911960375 xtb: 6.2.2 (9d81278992624c895f80dd42a50cac0aa55982e2)
C         0.56624158117177   -0.01360138770355    0.02907101297225
C        -0.69545303495101    0.13144366585032    0.05180801565204
C         1.82881529374796    0.04745677235842    0.00058841855985
H        -1.69960483996872   -0.16529905050518   -0.08146644718414
4
 energy: -6.582499959592 gnorm: 0.005879558926 xtb: 6.2.2 (9d81278992624c895f80dd42a50cac0aa55982e2)
C         0.56695674973383   -0.01690645913426    0.02319932458513
C        -0.69221980925674    0.11777931649699    0.05334117918391
C         1.82518291194414    0.05304758402786    0.00444125494534
H        -1.69992085242123   -0.15392044139059   -0.08098075871439
4
 energy: -6.582538242589 gnorm: 0.004956210772 xtb: 6.2.2 (9d81278992624c895f80dd42a50cac0aa55982e2)
C         0.56758553696990   -0.01839706921653    0.01773443002481
C        -0.69202983171709    0.11078845738040    0.05724527014673
C         1.82564301132003    0.05547023399965    0.00746457163462
H        -1.70119971657283   -0.14786162216352   -0.08244327180615
4
 energy: -6.582619621421 gnorm: 0.003763635468 xtb: 6.2.2 (9d81278992624c895f80dd42a50cac0aa55982e2)
C         0.56981306106914   -0.01672998085562   -0.00322925068664
C        -0.69198316933434    0.09104347359304    0.07412399439033
C         1.82811320029335    0.05852941216742    0.01870266587077
H        -1.70594409202816   -0.13284290490484   -0.08959640957446
4
 energy: -6.582631446231 gnorm: 0.003035065065 xtb: 6.2.2 (9d81278992624c895f80dd42a50cac0aa55982e2)
C         0.56918435427751   -0.01249283945652   -0.00922378473889
C        -0.69246278072453    0.08957658693976    0.08007266423539
C         1.82810278745639    0.05556502490700    0.02160549556439
H        -1.70482536100937   -0.13264877239024   -0.09245337506089
4
 energy: -6.582638266437 gnorm: 0.002340751107 xtb: 6.2.2 (9d81278992624c895f80dd42a50cac0aa55982e2)
C         0.56907901872649   -0.00930843864122   -0.01122486116668
C        -0.69208200379784    0.08837627900345    0.08128429273064
C         1.82836306471785    0.05375275205449    0.02281981950062
H        -1.70536107964649   -0.13282059241672   -0.09287825106458
4
 energy: -6.582645978212 gnorm: 0.002000585037 xtb: 6.2.2 (9d81278992624c895f80dd42a50cac0aa55982e2)
C         0.56889617885418   -0.00572701816469   -0.01109750546244
C        -0.69192616279481    0.08778954543408    0.07988561312733
C         1.82880042268314    0.05148204834020    0.02303055229598
H        -1.70577143874251   -0.13354457560958   -0.09181765996087
4
 energy: -6.582660042729 gnorm: 0.002766175968 xtb: 6.2.2 (9d81278992624c895f80dd42a50cac0aa55982e2)
C         0.56976879122679    0.00025797117935   -0.00939716917035
C        -0.69122153673976    0.08117910278511    0.07270959498094
C         1.83096815562907    0.04925706093598    0.02336708411050
H        -1.70951641011610   -0.13069413490043   -0.08667850992109
4
 energy: -6.582668444884 gnorm: 0.001723855970 xtb: 6.2.2 (9d81278992624c895f80dd42a50cac0aa55982e2)
C         0.57039291997987    0.00053405278470   -0.00770926815210
C        -0.69108715373716    0.07694904532457    0.06820107193995
C         1.83175655572086    0.05007374120086    0.02306159337081
H        -1.71106332196358   -0.12755683931012   -0.08355239715867
4
 energy: -6.582647626013 gnorm: 0.001706412538 xtb: 6.2.2 (9d81278992624c895f80dd42a50cac0aa55982e2)
C         0.57054158539298   -0.00968626427580    0.00340016615552
C        -0.69153527905424    0.07687162610555    0.06667270366186
C         1.83159469279251    0.05664896075195    0.01632662630404
H        -1.71060199913126   -0.12383432258170   -0.08639849612144
4
 energy: -6.582670967892 gnorm: 0.000902978258 xtb: 6.2.2 (9d81278992624c895f80dd42a50cac0aa55982e2)
C         0.57046135366132   -0.00125289595617   -0.00691744240328
C        -0.69161943857937    0.07594466264269    0.06725884441502
C         1.83154576521213    0.05147481702122    0.02279527296125
H        -1.71038868029407   -0.12616658370774   -0.08313567497300
4
 energy: -6.582671671481 gnorm: 0.000405785689 xtb: 6.2.2 (9d81278992624c895f80dd42a50cac0aa55982e2)
C         0.57061637926137   -0.00149866019851   -0.00697591576889
C        -0.69123090528591    0.07553220251400    0.06692334440433
C         1.83167714027957    0.05178644754331    0.02295343278354
H        -1.71106361425503   -0.12581998985880   -0.08289986141897
