3
 energy: -6.813920414540 gnorm: 0.336145446558 xtb: 6.2.2 (9d81278992624c895f80dd42a50cac0aa55982e2)
C        -0.03203800000000    0.56999400000000    0.00000000000000
N        -1.19451800000000   -0.29848000000000    0.00000000000000
C         1.22655600000000   -0.27151400000000    0.00000000000000
3
 energy: -6.909913418128 gnorm: 0.152471802553 xtb: 6.2.2 (9d81278992624c895f80dd42a50cac0aa55982e2)
C        -0.03974096629029    0.45339586087330    0.00000000000000
N        -1.09796108927916   -0.23411369821511    0.00000000000000
C         1.13770205556945   -0.21928216265819    0.00000000000000
3
 energy: -6.908944637593 gnorm: 0.241298178759 xtb: 6.2.2 (9d81278992624c895f80dd42a50cac0aa55982e2)
C        -0.05413292014362    0.34611422510309    0.00000000000000
N        -1.04443702633005   -0.17274494316043    0.00000000000000
C         1.09856994647367   -0.17336928194266    0.00000000000000
3
 energy: -6.924408237975 gnorm: 0.052813696349 xtb: 6.2.2 (9d81278992624c895f80dd42a50cac0aa55982e2)
C        -0.03411051469182    0.31917764309637   -0.00000000000000
N        -1.14287287483588   -0.16679767139739    0.00000000000000
C         1.17698338952770   -0.15237997169898    0.00000000000000
3
 energy: -6.925668653940 gnorm: 0.023087605148 xtb: 6.2.2 (9d81278992624c895f80dd42a50cac0aa55982e2)
C        -0.04479525858077    0.29332592311080   -0.00000000000000
N        -1.15396219241590   -0.14976841802217    0.00000000000000
C         1.19875745099667   -0.14355750508863    0.00000000000000
3
 energy: -6.926911745689 gnorm: 0.013293342125 xtb: 6.2.2 (9d81278992624c895f80dd42a50cac0aa55982e2)
C        -0.04974072109681    0.23848406507909   -0.00000000000000
N        -1.17881029242576   -0.11981674125656    0.00000000000000
C         1.22855101352257   -0.11866732382254    0.00000000000000
3
 energy: -6.919579862576 gnorm: 0.126680446575 xtb: 6.2.2 (9d81278992624c895f80dd42a50cac0aa55982e2)
C        -0.06150727995639    0.01264890475313   -0.00000000000000
N        -1.29249087264132    0.00040714312782    0.00000000000000
C         1.35399815259771   -0.01305604788095    0.00000000000000
3
 energy: -6.928830930721 gnorm: 0.008842897375 xtb: 6.2.2 (9d81278992624c895f80dd42a50cac0aa55982e2)
C        -0.05156922677246    0.15033174933975   -0.00000000000000
N        -1.20912211570222   -0.07369287672236    0.00000000000000
C         1.26069134247468   -0.07663887261739    0.00000000000000
3
 energy: -6.929295676489 gnorm: 0.007850725732 xtb: 6.2.2 (9d81278992624c895f80dd42a50cac0aa55982e2)
C        -0.05166509322989    0.12524556809388   -0.00000000000000
N        -1.21750286098849   -0.06071186316703    0.00000000000000
C         1.26916795421838   -0.06453370492684    0.00000000000000
3
 energy: -6.928437303752 gnorm: 0.062039417331 xtb: 6.2.2 (9d81278992624c895f80dd42a50cac0aa55982e2)
C        -0.05328143608007   -0.01315362518747   -0.00000000000000
N        -1.25662108671847    0.01136098451663    0.00000000000000
C         1.30990252279854    0.00179264067084    0.00000000000000
3
 energy: -6.930024838143 gnorm: 0.006549813643 xtb: 6.2.2 (9d81278992624c895f80dd42a50cac0aa55982e2)
C        -0.05151171236253    0.07230927096275   -0.00000000000000
N        -1.22737639252759   -0.03335624121040    0.00000000000000
C         1.27888810489012   -0.03895302975236    0.00000000000000
3
 energy: -6.930201144937 gnorm: 0.007001670997 xtb: 6.2.2 (9d81278992624c895f80dd42a50cac0aa55982e2)
C        -0.05197272457745    0.05214004089304   -0.00000000000000
N        -1.23059080092285   -0.02274684319921    0.00000000000000
C         1.28256352550031   -0.02939319769382    0.00000000000000
3
 energy: -6.930348434660 gnorm: 0.011396577891 xtb: 6.2.2 (9d81278992624c895f80dd42a50cac0aa55982e2)
C        -0.05289956302842    0.00745603629840   -0.00000000000000
N        -1.23552038338288    0.00074935350083    0.00000000000000
C         1.28841994641130   -0.00820538979923    0.00000000000000
3
 energy: -6.930392828534 gnorm: 0.004729356083 xtb: 6.2.2 (9d81278992624c895f80dd42a50cac0aa55982e2)
C        -0.05278664653411    0.01126444093248   -0.00000000000000
N        -1.23282251535372   -0.00123964173271    0.00000000000000
C         1.28560916188783   -0.01002479919977    0.00000000000000
3
 energy: -6.930409365459 gnorm: 0.000454358908 xtb: 6.2.2 (9d81278992624c895f80dd42a50cac0aa55982e2)
C        -0.05291339732298    0.00449825170919   -0.00000000000000
N        -1.23132819227468    0.00233845744075    0.00000000000000
C         1.28424158959766   -0.00683670914994    0.00000000000000
3
 energy: -6.930410668087 gnorm: 0.000215594251 xtb: 6.2.2 (9d81278992624c895f80dd42a50cac0aa55982e2)
C        -0.05300550156408   -0.00093189415729   -0.00000000000000
N        -1.23118017876609    0.00519497764405    0.00000000000000
C         1.28418568033017   -0.00426308348676    0.00000000000000
