5
 energy: -10.884525458717 gnorm: 0.144385534470 xtb: 6.2.2 (9d81278992624c895f80dd42a50cac0aa55982e2)
C         1.59195200000000    0.00064200000000    0.26094000000000
C         0.25696600000000   -0.01320500000000   -0.45306800000000
N        -0.79447200000000    0.01941600000000    0.60423600000000
C        -0.52243500000000    1.19375600000000   -0.23821900000000
C        -0.53201100000000   -1.20060900000000   -0.17389000000000
5
 energy: -10.909352263876 gnorm: 0.112339422726 xtb: 6.2.2 (9d81278992624c895f80dd42a50cac0aa55982e2)
C         1.60505145572725   -0.00114198469568    0.19651111689638
C         0.30193450346328   -0.01222049723845   -0.40978801429113
N        -0.89485080067643    0.01818140949991    0.54335670610537
C        -0.50135889781947    1.17486354740885   -0.19667029014235
C        -0.51077626069463   -1.17968247497463   -0.13341051856828
5
 energy: -10.926288148992 gnorm: 0.118459978323 xtb: 6.2.2 (9d81278992624c895f80dd42a50cac0aa55982e2)
C         1.57994413969637   -0.00279789772582    0.13117171782006
C         0.42365973463346   -0.01162616609637   -0.36964638694216
N        -0.95710429482234    0.01694627178803    0.48816174655585
C        -0.51885302615838    1.09786887679536   -0.15437521287560
C        -0.52764655334911   -1.10039108476119   -0.09531286455814
5
 energy: -10.941999109870 gnorm: 0.080528630945 xtb: 6.2.2 (9d81278992624c895f80dd42a50cac0aa55982e2)
C         1.65867057559100   -0.00378430144776    0.10620657934828
C         0.44193013515069   -0.01144793426852   -0.36031404986359
N        -1.04479838704316    0.01661488304240    0.46278733775034
C        -0.52351980562606    1.09464057612918   -0.13376987864307
C        -0.53228251807246   -1.09602322345529   -0.07491098859196
5
 energy: -10.959141222683 gnorm: 0.215391378015 xtb: 6.2.2 (9d81278992624c895f80dd42a50cac0aa55982e2)
C         1.91859370870246   -0.00768898723912   -0.00035524446665
C         0.54434577899342   -0.01135993783536   -0.34187835593091
N        -1.39255413615103    0.01542332896717    0.36674381587197
C        -0.53100433198743    1.04885083924910   -0.04038880847738
C        -0.53938101955742   -1.04522524314178    0.01587759300297
5
 energy: -10.975647899083 gnorm: 0.149604857353 xtb: 6.2.2 (9d81278992624c895f80dd42a50cac0aa55982e2)
C         1.87115290985002   -0.00638535778755    0.04104122926382
C         0.55599628956514   -0.01218110306992   -0.37067601718249
N        -1.29381455106012    0.01605035557813    0.40479189944875
C        -0.56263194673889    1.00977962919560   -0.06467720411785
C        -0.57070270161616   -1.00726352391626   -0.01048090741223
5
 energy: -10.984732445610 gnorm: 0.121094054503 xtb: 6.2.2 (9d81278992624c895f80dd42a50cac0aa55982e2)
C         1.85000083574154   -0.00646575217438    0.03486799703997
C         0.57931108119698   -0.01254575058643   -0.38076160429485
N        -1.30325846239407    0.01631923126979    0.41339122340940
C        -0.55907096355208    0.98979579882535   -0.06030799545081
C        -0.56698249099237   -0.98710352733433   -0.00719062070372
5
 energy: -10.990297449198 gnorm: 0.171789040116 xtb: 6.2.2 (9d81278992624c895f80dd42a50cac0aa55982e2)
C         1.81821162235296   -0.00786917677874   -0.02206096459066
C         0.68246128033218   -0.01302474728198   -0.38325016155006
N        -1.40570984580338    0.01680559624965    0.41618372491209
C        -0.54384523511081    0.91076781896136   -0.02985328547436
C        -0.55111782177094   -0.90667949115029    0.01897968670299
5
 energy: -10.998609905893 gnorm: 0.051985113021 xtb: 6.2.2 (9d81278992624c895f80dd42a50cac0aa55982e2)
C         1.88268439263478   -0.00793691044861   -0.01497104734107
C         0.64954500027175   -0.01207878539573   -0.35295886820822
N        -1.40023725472347    0.01639162120414    0.40161035606195
C        -0.56230805922131    0.92349594959669   -0.04160561052710
C        -0.56968407896174   -0.91987187495649    0.00792417001445
5
 energy: -11.000714217084 gnorm: 0.041380665642 xtb: 6.2.2 (9d81278992624c895f80dd42a50cac0aa55982e2)
C         1.86613433608611   -0.00812872248882   -0.02459762814165
C         0.63410652485359   -0.01130883472249   -0.32658027044863
N        -1.39238567268120    0.01614331262122    0.39352287920434
C        -0.55019369816104    0.93473300491257   -0.04624384719610
C        -0.55766149009746   -0.93143876032248    0.00389786658204
5
 energy: -11.004840785010 gnorm: 0.028819280269 xtb: 6.2.2 (9d81278992624c895f80dd42a50cac0aa55982e2)
C         1.88210234706810   -0.00932333404611   -0.06671155001828
C         0.63869716889883   -0.00908866991237   -0.24323852510831
N        -1.41934305160909    0.01541040991272    0.36220088647513
C        -0.54705396312144    0.91957292988141   -0.05079271469854
C        -0.55440250123640   -0.91657133583564   -0.00145909665000
5
 energy: -11.007449507821 gnorm: 0.029013863520 xtb: 6.2.2 (9d81278992624c895f80dd42a50cac0aa55982e2)
C         1.91747278918876   -0.01090403765407   -0.12031563576043
C         0.64204511825435   -0.00607564502556   -0.13056226453094
N        -1.45222123413891    0.01410621334262    0.30874196263459
C        -0.55001358693597    0.90948218363718   -0.05332919790434
C        -0.55728308636823   -0.90660871430017   -0.00453586443887
5
 energy: -11.008369341142 gnorm: 0.019298188681 xtb: 6.2.2 (9d81278992624c895f80dd42a50cac0aa55982e2)
C         1.91405376881751   -0.01135105606028   -0.13745923190199
C         0.64419142543399   -0.00526246246611   -0.09996753862038
N        -1.45539717354719    0.01335119533220    0.28016195647093
C        -0.54778791616086    0.91005447437158   -0.04577476473557
C        -0.55506010454344   -0.90679215117739    0.00303857878700
5
 energy: -11.009502385120 gnorm: 0.017015752051 xtb: 6.2.2 (9d81278992624c895f80dd42a50cac0aa55982e2)
C         1.90438164739806   -0.01218290434187   -0.16919450965991
C         0.65156781323890   -0.00422395878403   -0.06049694697255
N        -1.47142171343930    0.01171995265343    0.21663424197913
C        -0.53861828180576    0.91679434551677   -0.01804074167349
C        -0.54590946539191   -0.91210743504429    0.03109695632681
5
 energy: -11.009840271434 gnorm: 0.011778915117 xtb: 6.2.2 (9d81278992624c895f80dd42a50cac0aa55982e2)
C         1.90146419033752   -0.01244932469104   -0.18033123987083
C         0.65502436327426   -0.00375334686163   -0.04203431696349
N        -1.46942608558921    0.01085099450351    0.18474544020943
C        -0.53985118239444    0.92190319398490   -0.00588365415332
C        -0.54721128562813   -0.91655151693574    0.04350277077821
5
 energy: -11.009944645792 gnorm: 0.008270363412 xtb: 6.2.2 (9d81278992624c895f80dd42a50cac0aa55982e2)
C         1.90400076360993   -0.01273818132132   -0.19108549612983
C         0.65726233655563   -0.00334881937502   -0.02643288681942
N        -1.47404007372563    0.01011714687041    0.15687530989042
C        -0.53991489300579    0.92445789331275    0.00556894826504
C        -0.54730813343415   -0.91848803948682    0.05507312479379
5
 energy: -11.010046161265 gnorm: 0.010553456078 xtb: 6.2.2 (9d81278992624c895f80dd42a50cac0aa55982e2)
C         1.90087017073215   -0.01265481853231   -0.18844051296864
C         0.65748785777301   -0.00361957453213   -0.03647295849207
N        -1.47035873419083    0.00972481033385    0.14290550557626
C        -0.54029662209783    0.92634506243181    0.01620767446931
C        -0.54770267221650   -0.91979547970121    0.06579929141513
5
 energy: -11.010110655527 gnorm: 0.006089793814 xtb: 6.2.2 (9d81278992624c895f80dd42a50cac0aa55982e2)
C         1.90267160223232   -0.01260069779311   -0.18581110544391
C         0.65604565384591   -0.00379920526750   -0.04355354277291
N        -1.47106453330083    0.00966713546217    0.14063648216073
C        -0.54013393039083    0.92546579296889    0.01959168962573
C        -0.54751879238657   -0.91873302537044    0.06913547643036
5
 energy: -11.010160852226 gnorm: 0.000532758913 xtb: 6.2.2 (9d81278992624c895f80dd42a50cac0aa55982e2)
C         1.90495927362077   -0.01246818828647   -0.18039482112452
C         0.65349871731963   -0.00422582742858   -0.05989653606604
N        -1.47365581687235    0.00958010453393    0.13713459903932
C        -0.53871580216633    0.92444431531307    0.02683641457243
C        -0.54608637190172   -0.91733040413196    0.07631934357881
5
 energy: -11.010160982077 gnorm: 0.000846280029 xtb: 6.2.2 (9d81278992624c895f80dd42a50cac0aa55982e2)
C         1.90535637585760   -0.01243582959880   -0.17899342593823
C         0.65331043610375   -0.00428291722221   -0.06212362194624
N        -1.47314160811648    0.00963691787263    0.13928447495162
C        -0.53908088309134    0.92422390001014    0.02617925358328
C        -0.54644432075352   -0.91714207106175    0.07565231934956
