5
 energy: -9.383445579910 gnorm: 0.293286382840 xtb: 6.2.2 (9d81278992624c895f80dd42a50cac0aa55982e2)
C        -0.89079400000000    1.24407900000000    0.36001700000000
N        -0.47701400000000    0.02278000000000   -0.30870600000000
C         0.66970800000000   -0.49320200000000    0.41871200000000
C         1.94917700000000   -0.10882100000000   -0.29880900000000
H        -1.25107700000000   -0.66483600000000   -0.17121400000000
5
 energy: -9.473252180770 gnorm: 0.219246622934 xtb: 6.2.2 (9d81278992624c895f80dd42a50cac0aa55982e2)
C        -0.84703054171392    1.19995581773782    0.34291083446488
N        -0.51260832935389    0.02853629239651   -0.23722987796094
C         0.71647814537439   -0.40337449618498    0.32694978380372
C         1.90134730451019   -0.14650532499643   -0.23977377228476
H        -1.25818657881676   -0.67861228895293   -0.19285696802290
5
 energy: -9.449679563785 gnorm: 0.778969613880 xtb: 6.2.2 (9d81278992624c895f80dd42a50cac0aa55982e2)
C        -0.84002049948355    1.13766026829254    0.30691401781219
N        -0.56578192732326    0.07904830883872   -0.08837682252232
C         0.83272503653937   -0.26442441568463    0.18097325969027
C         1.81301774408871   -0.25146285946495   -0.15571191776734
H        -1.23994035382128   -0.70082130198169   -0.24379853721280
5
 energy: -9.528684464284 gnorm: 0.154063246823 xtb: 6.2.2 (9d81278992624c895f80dd42a50cac0aa55982e2)
C        -0.87871340030023    1.15779094769763    0.34092381740977
N        -0.61221497651920    0.08001618384173   -0.09556671983190
C         0.76444755556689   -0.21346564380175    0.17990211666718
C         1.96943472510475   -0.29409100655440   -0.18040922780032
H        -1.24295390385220   -0.73025048118321   -0.24484998644474
5
 energy: -9.531968083403 gnorm: 0.104965883572 xtb: 6.2.2 (9d81278992624c895f80dd42a50cac0aa55982e2)
C        -0.83892849106504    1.23907390131044    0.34042526733241
N        -0.64634518138800    0.03066975183990   -0.06221634709662
C         0.77809032539924   -0.23965960002488    0.13947224220551
C         1.97316804954577   -0.25780631739213   -0.15371731387267
H        -1.26598470249198   -0.77227773573333   -0.26396384856863
5
 energy: -9.538523355839 gnorm: 0.096200372153 xtb: 6.2.2 (9d81278992624c895f80dd42a50cac0aa55982e2)
C        -0.92758613952221    1.21759767088559    0.37719301175100
N        -0.66926540909899    0.07281950271341   -0.01500304359959
C         0.81576164001534   -0.08325297914176    0.10907534448731
C         1.99217251358343   -0.41194418207251   -0.15857783099579
H        -1.21108260497757   -0.79522001238473   -0.31268748164294
5
 energy: -9.541727620801 gnorm: 0.092642024391 xtb: 6.2.2 (9d81278992624c895f80dd42a50cac0aa55982e2)
C        -0.86171307266507    1.15417035766354    0.35236123253006
N        -0.66731728922265    0.05525262963352   -0.05281091899494
C         0.77786299906485   -0.11228949491214    0.06145871432234
C         1.95692890482896   -0.35157162212433   -0.11278804892978
H        -1.20576154200610   -0.74556187026059   -0.24822097892767
5
 energy: -9.545934196322 gnorm: 0.037448587179 xtb: 6.2.2 (9d81278992624c895f80dd42a50cac0aa55982e2)
C        -0.84223932278971    1.18991296584112    0.36548293695458
N        -0.65907884152034    0.04256827279727   -0.03368352485765
C         0.77143558103984   -0.09560712974350    0.09502197348618
C         1.92302268920480   -0.35538978962720   -0.13599065670123
H        -1.19314010593458   -0.78148431926769   -0.29083072888188
5
 energy: -9.548422899343 gnorm: 0.031564787283 xtb: 6.2.2 (9d81278992624c895f80dd42a50cac0aa55982e2)
C        -0.81535828459191    1.19071215053429    0.38319874583369
N        -0.68711745381389    0.03036081312188   -0.02768232235342
C         0.76496725056940   -0.02956780107388    0.05797837499589
C         1.92824619184837   -0.38159332307419   -0.11293699555898
H        -1.19073770401197   -0.80991183950810   -0.30055780291719
5
 energy: -9.552767374418 gnorm: 0.054502551176 xtb: 6.2.2 (9d81278992624c895f80dd42a50cac0aa55982e2)
C        -0.71579364941116    1.16657206760902    0.41090087349839
N        -0.70950097068016   -0.00657238047353   -0.02714977111255
C         0.72733782433460    0.08465210671681    0.04020709670180
C         1.88188286039229   -0.39399047683277   -0.09311716297870
H        -1.18392606463557   -0.85066131701952   -0.33084103610895
5
 energy: -9.550934431029 gnorm: 0.102487277723 xtb: 6.2.2 (9d81278992624c895f80dd42a50cac0aa55982e2)
C        -0.48048537003656    1.10236886971452    0.44386417330555
N        -0.74147995207786   -0.09162448143378   -0.03416504202550
C         0.64175992022876    0.25885491938400    0.02163805109399
C         1.78353141515817   -0.35893633935552   -0.05540586942513
H        -1.20332601327251   -0.91066296830922   -0.37593131294890
5
 energy: -9.559199754390 gnorm: 0.022118534002 xtb: 6.2.2 (9d81278992624c895f80dd42a50cac0aa55982e2)
C        -0.60564428157503    1.12232399976094    0.40792396746738
N        -0.70866940552804   -0.04703221708040   -0.01680878408748
C         0.69249881526245    0.13615111957464    0.04310608736361
C         1.82977829833145   -0.35517203955592   -0.08311924249583
H        -1.20796342649083   -0.85627086269926   -0.35110202824768
5
 energy: -9.560781821040 gnorm: 0.034826123930 xtb: 6.2.2 (9d81278992624c895f80dd42a50cac0aa55982e2)
C        -0.56869981926677    1.10890994460915    0.40006104813841
N        -0.72671237978035   -0.06470905493597   -0.02042802436638
C         0.69576477480206    0.13454028665067    0.02153179516218
C         1.84962762555715   -0.32663549847142   -0.06169132433337
H        -1.24998020131209   -0.85210567785244   -0.33947349460084
5
 energy: -9.562678592752 gnorm: 0.019151341019 xtb: 6.2.2 (9d81278992624c895f80dd42a50cac0aa55982e2)
C        -0.47286022385659    1.06136418700544    0.38170721727081
N        -0.74582199516225   -0.09684793569429   -0.02704567732823
C         0.68881225864907    0.13831919075076    0.00771193196011
C         1.87120340563472   -0.25934030330389   -0.03514155949094
H        -1.34133344526495   -0.84349513875803   -0.32723191241175
5
 energy: -9.563580110958 gnorm: 0.009175821639 xtb: 6.2.2 (9d81278992624c895f80dd42a50cac0aa55982e2)
C        -0.48346152828052    1.06418665407350    0.37263847247821
N        -0.74812510197645   -0.08937407717499   -0.03461619237211
C         0.69467334866442    0.10571322681141    0.00095791288663
C         1.89456165356234   -0.24434156301291   -0.02974745025826
H        -1.35764837196980   -0.83618424069701   -0.30923274273447
5
 energy: -9.564048719672 gnorm: 0.009118452733 xtb: 6.2.2 (9d81278992624c895f80dd42a50cac0aa55982e2)
C        -0.46882671130959    1.05834170976146    0.35907497591227
N        -0.75102312023729   -0.08994909929865   -0.04764982422877
C         0.69477064708128    0.06510584324314    0.00346268259293
C         1.91727781718083   -0.20711323175755   -0.02490524770847
H        -1.39219863271523   -0.82638522194840   -0.28998258656797
5
 energy: -9.564165321078 gnorm: 0.005440137993 xtb: 6.2.2 (9d81278992624c895f80dd42a50cac0aa55982e2)
C        -0.46601150822022    1.05737345532649    0.35680560569645
N        -0.74782689138585   -0.09066399102767   -0.05085267028241
C         0.69323102529802    0.05394947176554    0.01730309114240
C         1.91440092463334   -0.19835170142716   -0.03202116649548
H        -1.39379355032528   -0.82230723463720   -0.29123486006096
5
 energy: -9.564200065448 gnorm: 0.003929524660 xtb: 6.2.2 (9d81278992624c895f80dd42a50cac0aa55982e2)
C        -0.45582529291274    1.05548852826800    0.35391404193952
N        -0.75169316970029   -0.09331161939950   -0.05200897947827
C         0.69177437235884    0.04793231314957    0.01928198637678
C         1.91703573677227   -0.18826272267327   -0.03112026471309
H        -1.40129164651808   -0.82184649934480   -0.29006678412494
5
 energy: -9.564214121156 gnorm: 0.002780527800 xtb: 6.2.2 (9d81278992624c895f80dd42a50cac0aa55982e2)
C        -0.45467910404700    1.05470718569272    0.35340034274975
N        -0.75305097986771   -0.09334985409517   -0.05044384034066
C         0.69171260918530    0.04831333721153    0.02092938507650
C         1.91622749312239   -0.18814599316478   -0.03216032799652
H        -1.40021001839298   -0.82152467564429   -0.29172555948907
5
 energy: -9.564228759737 gnorm: 0.002133102443 xtb: 6.2.2 (9d81278992624c895f80dd42a50cac0aa55982e2)
C        -0.45384850812986    1.05499931488481    0.35221789172115
N        -0.75617253510139   -0.09236482078026   -0.04661830608613
C         0.69173525184754    0.04770832356538    0.02347787622663
C         1.91567461060728   -0.18832411806598   -0.03418390530633
H        -1.39738881922356   -0.82201869960394   -0.29489355655533
5
 energy: -9.564231694348 gnorm: 0.001637374693 xtb: 6.2.2 (9d81278992624c895f80dd42a50cac0aa55982e2)
C        -0.45421017227995    1.05589333849960    0.35206388959390
N        -0.75715151849487   -0.09167299183686   -0.04491685751485
C         0.69139957158172    0.04770435995263    0.02436851214561
C         1.91533861464983   -0.18909217933696   -0.03517912133803
H        -1.39537649545673   -0.82283252727841   -0.29633642288662
5
 energy: -9.564221880469 gnorm: 0.001396128435 xtb: 6.2.2 (9d81278992624c895f80dd42a50cac0aa55982e2)
C        -0.45450745040565    1.05760824040381    0.34828356032193
N        -0.75715218919814   -0.09268546500779   -0.04164836965820
C         0.69090508243898    0.04449203299916    0.03434447066481
C         1.91595998382847   -0.18753967307572   -0.04107964031584
H        -1.39520542666365   -0.82187513531945   -0.29990002101270
5
 energy: -9.564230444687 gnorm: 0.001701833088 xtb: 6.2.2 (9d81278992624c895f80dd42a50cac0aa55982e2)
C        -0.45475984197472    1.05744711976497    0.34976739781187
N        -0.75711528943295   -0.09381186485416   -0.03803056314604
C         0.69076392999280    0.04789456499797    0.02475331941045
C         1.91607976949218   -0.18957063757748   -0.03620434504912
H        -1.39496856807731   -0.82195918233130   -0.30028580902715
5
 energy: -9.564231694556 gnorm: 0.001592966014 xtb: 6.2.2 (9d81278992624c895f80dd42a50cac0aa55982e2)
C        -0.45441574823138    1.05623376395485    0.35236111933105
N        -0.75676695056687   -0.09139728621290   -0.04536051227005
C         0.69100723255374    0.04793357253593    0.02447010027330
C         1.91477519959713   -0.18962931988241   -0.03533562993403
H        -1.39459973335261   -0.82314073039548   -0.29613507740027
5
 energy: -9.564233999462 gnorm: 0.000106423920 xtb: 6.2.2 (9d81278992624c895f80dd42a50cac0aa55982e2)
C        -0.45470512696573    1.05701873031762    0.35081074376327
N        -0.75683526805296   -0.09242495874185   -0.04211132820516
C         0.69080723001209    0.04748051947073    0.02620855054178
C         1.91530981182287   -0.18949834995504   -0.03665608154379
H        -1.39457664681627   -0.82257594109145   -0.29825188455610
