5
 energy: -10.890327498702 gnorm: 0.251821178085 xtb: 6.2.2 (9d81278992624c895f80dd42a50cac0aa55982e2)
C        -1.27792100000000   -0.93275800000000    0.22073600000000
N        -0.77279500000000    0.23270100000000   -0.49858200000000
C         0.71007800000000    0.37497900000000   -0.46061600000000
C        -0.11954800000000    1.08685300000000    0.50438500000000
C         1.46018600000000   -0.76177500000000    0.23407700000000
5
 energy: -10.959645338331 gnorm: 0.207283861992 xtb: 6.2.2 (9d81278992624c895f80dd42a50cac0aa55982e2)
C        -1.30631089033951   -0.88037385047707    0.17505893525655
N        -0.77279622588138    0.18618840619267   -0.44720238160790
C         0.70948481521293    0.29684665671496   -0.38291826939018
C        -0.11764976349478    1.09403663345126    0.47321041759044
C         1.48727206450274   -0.69669784588183    0.18185129815108
5
 energy: -10.965166983699 gnorm: 0.553342447161 xtb: 6.2.2 (9d81278992624c895f80dd42a50cac0aa55982e2)
C        -1.38488323863605   -0.80739536098481    0.04424814648614
N        -0.81586335586114    0.07173761312428   -0.26664136902345
C         0.75853918378926    0.16826222893760   -0.21781090970443
C        -0.09411266165855    1.14614435381098    0.36322353376733
C         1.53632007236648   -0.57874883488805    0.07698059847441
5
 energy: -11.034057481011 gnorm: 0.084357085842 xtb: 6.2.2 (9d81278992624c895f80dd42a50cac0aa55982e2)
C        -1.50620057157424   -0.85003910342770    0.04856734452303
N        -0.81282465320778    0.11289932946883   -0.27489970958692
C         0.72524357215995    0.17613509310116   -0.22491321743760
C        -0.09830359382505    1.17195602629875    0.35724293292613
C         1.69208524644712   -0.61095134544104    0.09400264957536
5
 energy: -11.046237941302 gnorm: 0.097050229821 xtb: 6.2.2 (9d81278992624c895f80dd42a50cac0aa55982e2)
C        -1.67492357478586   -0.79800347302618   -0.00078641867702
N        -0.83402099040756    0.07134676130248   -0.21035379184390
C         0.73963203448132    0.11467297549721   -0.16810449359946
C        -0.09053120945856    1.14531628276417    0.31831701495873
C         1.85984374017066   -0.53333254653768    0.06092768916166
5
 energy: -11.058434279111 gnorm: 0.056333430602 xtb: 6.2.2 (9d81278992624c895f80dd42a50cac0aa55982e2)
C        -1.70749444749613   -0.80023135175348   -0.02868581364461
N        -0.84887260636981    0.04979996371171   -0.13189474111856
C         0.78543224515291    0.13090689867128   -0.11699961028889
C        -0.09284139524862    1.14749650797116    0.24487783256408
C         1.86377620396164   -0.52797201860067    0.03270233248798
5
 energy: -11.065544042364 gnorm: 0.112722922910 xtb: 6.2.2 (9d81278992624c895f80dd42a50cac0aa55982e2)
C        -1.73691258482630   -0.75439985942281   -0.06482172357074
N        -0.91079749257709    0.04411241968803   -0.04693159602212
C         0.83539157879549    0.12446865689209   -0.04746153234707
C        -0.11603890571431    1.10614963009005    0.15136614648402
C         1.92835740432221   -0.52033084724737    0.00784870545592
5
 energy: -11.080061636622 gnorm: 0.078595161856 xtb: 6.2.2 (9d81278992624c895f80dd42a50cac0aa55982e2)
C        -1.86967226051842   -0.73919546455441   -0.12918435588838
N        -0.97461910611164    0.02988223008161    0.09204000081065
C         0.91654261643366    0.10556901176813    0.00585763574974
C        -0.08840358236496    1.04395844736104    0.04140465087740
C         2.01615233256136   -0.44021422465638   -0.01011793154941
5
 energy: -11.087911263210 gnorm: 0.239291947922 xtb: 6.2.2 (9d81278992624c895f80dd42a50cac0aa55982e2)
C        -2.00616978122584   -0.68582937916111   -0.14763634493704
N        -1.04685934441254    0.01908647477428    0.19640129744852
C         1.05164245576051    0.12663147578224    0.05175023236482
C        -0.09506523855469    0.89800198304058   -0.07002710823245
C         2.09645190843256   -0.35789055443599   -0.03048807664385
5
 energy: -11.105374809584 gnorm: 0.178875138836 xtb: 6.2.2 (9d81278992624c895f80dd42a50cac0aa55982e2)
C        -2.06999837427535   -0.62317205334848   -0.10146919019487
N        -1.05315845755833    0.01006801308547    0.14076748340827
C         1.08520008527938    0.14319534264455    0.06640649502603
C        -0.13071323802886    0.80890770201122   -0.06097089317690
C         2.16866998458316   -0.33899900439277   -0.04473389506254
5
 energy: -11.128855342789 gnorm: 0.140363109305 xtb: 6.2.2 (9d81278992624c895f80dd42a50cac0aa55982e2)
C        -2.10620125782230   -0.58174335038024   -0.10591692309665
N        -1.17396737300507    0.04431237119861    0.09997724250859
C         1.07385268880705    0.14385358694242    0.04849050285003
C        -0.06128872453159    0.68744017090568   -0.06030150806370
C         2.26760466655191   -0.29386277866647    0.01775068580174
5
 energy: -11.138666218695 gnorm: 0.080236497312 xtb: 6.2.2 (9d81278992624c895f80dd42a50cac0aa55982e2)
C        -2.29553508589752   -0.49324055412200   -0.10044402132579
N        -1.24017752357037    0.01057349244894    0.14012230542325
C         1.18316358232569    0.16678597812586    0.10589106756760
C        -0.07774403395850    0.53262807547783   -0.13520970599585
C         2.43029306110070   -0.21674699193063   -0.01035964566919
5
 energy: -11.148194845424 gnorm: 0.113921515765 xtb: 6.2.2 (9d81278992624c895f80dd42a50cac0aa55982e2)
C        -2.36119369983672   -0.45860865318298   -0.03066044061467
N        -1.22270362655808    0.00947429456004    0.05761573640926
C         1.22750604700315    0.22394623828261    0.01303974201737
C        -0.06378166968245    0.38065989574618   -0.07079004442431
C         2.42017294907409   -0.15547177540586    0.03079500661235
5
 energy: -11.149938636341 gnorm: 0.114813688940 xtb: 6.2.2 (9d81278992624c895f80dd42a50cac0aa55982e2)
C        -2.39774933017601   -0.42607752530966   -0.03968841376399
N        -1.29454023207635    0.04512232000133    0.03769157468772
C         1.21648035741234    0.19373025623693   -0.02110024480340
C        -0.01545710927624    0.28088292536520   -0.05751116367900
C         2.49126631411625   -0.09365797629380    0.08060824755868
5
 energy: -11.153207664830 gnorm: 0.045154901111 xtb: 6.2.2 (9d81278992624c895f80dd42a50cac0aa55982e2)
C        -2.39410772376686   -0.41875679047637   -0.01489467267882
N        -1.29474130417320    0.03991589633564    0.02240646145768
C         1.24863124057217    0.22392681575414   -0.00476038257124
C        -0.04372853264155    0.27168423933685   -0.06772488269976
C         2.48394632000944   -0.11677016095026    0.06497347649214
5
 energy: -11.153932161430 gnorm: 0.032152943696 xtb: 6.2.2 (9d81278992624c895f80dd42a50cac0aa55982e2)
C        -2.37092803973960   -0.42955540669188   -0.01116928639203
N        -1.25671942666145    0.02866820622595    0.00761442666505
C         1.22255005761013    0.21872077792275   -0.01178433794675
C        -0.05120270452398    0.31485927723158   -0.04229859217819
C         2.45630011331489   -0.13269285468840    0.05763778985194
5
 energy: -11.154651806161 gnorm: 0.029283140952 xtb: 6.2.2 (9d81278992624c895f80dd42a50cac0aa55982e2)
C        -2.40253643484421   -0.40759952367231   -0.00399066660917
N        -1.27561388492168    0.03067419927812   -0.00446884081940
C         1.23475379520259    0.22019335250067   -0.02208667078695
C        -0.04118779036208    0.26124113484939   -0.03814624938919
C         2.48458431492539   -0.10450916295586    0.06869242760471
5
 energy: -11.154733372039 gnorm: 0.026276412461 xtb: 6.2.2 (9d81278992624c895f80dd42a50cac0aa55982e2)
C        -2.38714063825946   -0.40706441195611   -0.00117276251438
N        -1.28521767945417    0.04166801357704   -0.01287945582892
C         1.23194085742746    0.21750641695406   -0.02784790430042
C        -0.03790162155011    0.25194032693747   -0.03452965896418
C         2.47831908183628   -0.10405034551246    0.07642978160791
5
 energy: -11.155083764946 gnorm: 0.011996168881 xtb: 6.2.2 (9d81278992624c895f80dd42a50cac0aa55982e2)
C        -2.39733188331136   -0.39894256633187    0.00263412528340
N        -1.27957046753131    0.03442301412877   -0.01744935353553
C         1.23417600132225    0.21923678443942   -0.02785922731465
C        -0.03969353854165    0.24311272307948   -0.03084046213558
C         2.48241988806207   -0.09782995531580    0.07351491770237
5
 energy: -11.155306796241 gnorm: 0.016210405752 xtb: 6.2.2 (9d81278992624c895f80dd42a50cac0aa55982e2)
C        -2.40443103253771   -0.38698484499868    0.00568842754999
N        -1.27621908111421    0.02808108215006   -0.02304293296503
C         1.23459111334254    0.21735175681645   -0.02725890719142
C        -0.04012009186759    0.22956855577480   -0.02676291800026
C         2.48617909217696   -0.08801654974263    0.07137633060672
5
 energy: -11.155762360075 gnorm: 0.028062706268 xtb: 6.2.2 (9d81278992624c895f80dd42a50cac0aa55982e2)
C        -2.42045655898403   -0.35428488348422    0.00898814563175
N        -1.27147122732797    0.01257588445425   -0.03185352129360
C         1.23470822529092    0.20733273710004   -0.02171852689670
C        -0.03956017458558    0.19410197703665   -0.02063670968564
C         2.49677973560665   -0.05972571510672    0.06522061224421
5
 energy: -11.156175719063 gnorm: 0.010999038375 xtb: 6.2.2 (9d81278992624c895f80dd42a50cac0aa55982e2)
C        -2.42236471742159   -0.33387195923198    0.01078778302583
N        -1.27292813697798    0.00135017703143   -0.04436542098189
C         1.23424202198586    0.19717122284916   -0.02172459953768
C        -0.03752908540328    0.17592732182020   -0.00557897883609
C         2.49857991781699   -0.04057676246881    0.06088121632984
5
 energy: -11.155919359600 gnorm: 0.041459237836 xtb: 6.2.2 (9d81278992624c895f80dd42a50cac0aa55982e2)
C        -2.41975441208974   -0.31407967750067   -0.01268405472645
N        -1.28082197101886   -0.00119212885114    0.01667464111344
C         1.23326889199738    0.18016205184865   -0.00031287525709
C        -0.03291717922815    0.14996565563730   -0.06153715986129
C         2.50022467033937   -0.01485590113414    0.05785944873140
5
 energy: -11.157003246568 gnorm: 0.018352588776 xtb: 6.2.2 (9d81278992624c895f80dd42a50cac0aa55982e2)
C        -2.43863163552078   -0.28427942931086   -0.00886332157927
N        -1.27963486663577   -0.01795565067752   -0.01476237011652
C         1.23498529129375    0.16236063339916   -0.01970573855331
C        -0.03182046523972    0.12343842027560   -0.01286569141749
C         2.51510167610254    0.01643602631361    0.05619712166658
5
 energy: -11.157303912872 gnorm: 0.016298048284 xtb: 6.2.2 (9d81278992624c895f80dd42a50cac0aa55982e2)
C        -2.46075605275989   -0.23681107988789    0.00512350908392
N        -1.27863661895654   -0.04785120741858   -0.05236504352831
C         1.23689666847428    0.14654369625166    0.01510401534316
C        -0.02920438501506    0.08063633690992   -0.00173511040752
C         2.53170038825722    0.05748225414488    0.03387262950874
5
 energy: -11.157479330218 gnorm: 0.022935034474 xtb: 6.2.2 (9d81278992624c895f80dd42a50cac0aa55982e2)
C        -2.46880712549552   -0.21041026585191   -0.02265369654342
N        -1.27919593544201   -0.05178722644602   -0.01098093781275
C         1.23725926508885    0.11567335466227   -0.02007873735267
C        -0.02777221552665    0.04956085245951    0.00800017642264
C         2.53851601137536    0.09696328517614    0.04571319528619
5
 energy: -11.157715297725 gnorm: 0.004714469544 xtb: 6.2.2 (9d81278992624c895f80dd42a50cac0aa55982e2)
C        -2.45713123431156   -0.22059687191267   -0.01973013481375
N        -1.27494511448844   -0.04757902017180   -0.00450345194900
C         1.23570606552376    0.12473458611510   -0.00114112545427
C        -0.02992856345640    0.06016293503357   -0.01641935014042
C         2.52629884673266    0.08327837093579    0.04179406235744
5
 energy: -11.157848176275 gnorm: 0.008302889207 xtb: 6.2.2 (9d81278992624c895f80dd42a50cac0aa55982e2)
C        -2.46459674375244   -0.19520875573231   -0.01754199971417
N        -1.27458806874734   -0.06174181599827   -0.01421875319328
C         1.23700198604646    0.11291266472927    0.01138808061749
C        -0.02896806227438    0.03675715079166   -0.01253684604878
C         2.53115088872772    0.10728075620964    0.03290951833871
5
 energy: -11.157919695772 gnorm: 0.008466691039 xtb: 6.2.2 (9d81278992624c895f80dd42a50cac0aa55982e2)
C        -2.46840697878910   -0.17402033018401   -0.02015793114070
N        -1.27457652063746   -0.07202262944656   -0.01587849722825
C         1.23854197534902    0.09936102396612    0.01222159670800
C        -0.02781247796572    0.01697572043350   -0.00540629905256
C         2.53225400204330    0.12970621523094    0.02922113071349
5
 energy: -11.157966425305 gnorm: 0.002829185556 xtb: 6.2.2 (9d81278992624c895f80dd42a50cac0aa55982e2)
C        -2.46812281510542   -0.16075204821778   -0.02334056097577
N        -1.27467796646797   -0.07778140897209   -0.01430895211027
C         1.23963554264963    0.08892589266076    0.01023046664755
C        -0.02716874686942    0.00485696830430   -0.00051550117714
C         2.53033398579321    0.14475059622478    0.02793454761560
5
 energy: -11.157976264964 gnorm: 0.000819713599 xtb: 6.2.2 (9d81278992624c895f80dd42a50cac0aa55982e2)
C        -2.46770891920912   -0.15280812950592   -0.02529857572484
N        -1.27443434032085   -0.08107039258826   -0.01228422388481
C         1.23968369378008    0.08250157351258    0.01114015179922
C        -0.02661493565434   -0.00248021430507   -0.00014137603048
C         2.52907450140427    0.15385716288664    0.02658402384089
5
 energy: -11.157977331964 gnorm: 0.000729495352 xtb: 6.2.2 (9d81278992624c895f80dd42a50cac0aa55982e2)
C        -2.46740449866491   -0.14979534886702   -0.02583720028365
N        -1.27433006538259   -0.08225137298566   -0.01194028885326
C         1.23970245190159    0.07955306145591    0.01186526958849
C        -0.02630635239644   -0.00509985395504    0.00005289046942
C         2.52833846454238    0.15759351435179    0.02585932907899
