4
 energy: -6.531934011013 gnorm: 0.280687864486 xtb: 6.2.2 (9d81278992624c895f80dd42a50cac0aa55982e2)
C         0.55617500000000    0.65912300000000   -0.23210000000000
C        -0.81526900000000    0.34947300000000    0.33540300000000
C         1.51192300000000   -0.47621300000000    0.07538600000000
H        -1.25283000000000   -0.53238300000000   -0.17868800000000
4
 energy: -6.612167165964 gnorm: 0.133247828903 xtb: 6.2.2 (9d81278992624c895f80dd42a50cac0aa55982e2)
C         0.53400274511543    0.55590732566627   -0.18386953944580
C        -0.71688981126494    0.32780311916081    0.29095908035411
C         1.45999098114402   -0.38447950796238    0.06481121298084
H        -1.27710491499451   -0.49923093686469   -0.17189975388914
4
 energy: -6.620219566311 gnorm: 0.172547199741 xtb: 6.2.2 (9d81278992624c895f80dd42a50cac0aa55982e2)
C         0.54297577345038    0.46727132329956   -0.11057952842683
C        -0.64582382261817    0.29699225889728    0.20647245353647
C         1.47113194800639   -0.29484698889787    0.04429285359327
H        -1.36828489883860   -0.46941659329897   -0.14018477870291
4
 energy: -6.635691352944 gnorm: 0.055095674799 xtb: 6.2.2 (9d81278992624c895f80dd42a50cac0aa55982e2)
C         0.53526369336903    0.41115389521793   -0.10266792921771
C        -0.70011413941147    0.28683416657911    0.19924574536881
C         1.64113935860840   -0.27370745926261    0.04593720313815
H        -1.47628991256596   -0.42428060253442   -0.14251401928925
4
 energy: -6.639298998948 gnorm: 0.052676252594 xtb: 6.2.2 (9d81278992624c895f80dd42a50cac0aa55982e2)
C         0.53654370154936    0.35124306388427   -0.09948966354700
C        -0.70187932551401    0.25148252590398    0.19094541850693
C         1.70984672035119   -0.22752782489290    0.05113235835609
H        -1.54451209638653   -0.37519776489535   -0.14258711331602
4
 energy: -6.628173642721 gnorm: 0.216313993976 xtb: 6.2.2 (9d81278992624c895f80dd42a50cac0aa55982e2)
C         0.56449200449507    0.25832247365120    0.00778874325012
C        -0.77997586459539    0.23463610886894    0.06049876413124
C         1.77209255314203   -0.17566345764990   -0.00775726421130
H        -1.55660969304171   -0.31729512487024   -0.06052924317005
4
 energy: -6.646040151563 gnorm: 0.029117566745 xtb: 6.2.2 (9d81278992624c895f80dd42a50cac0aa55982e2)
C         0.55806085262538    0.24996578216086   -0.02935342129948
C        -0.70637263442833    0.18452634006619    0.08966887193910
C         1.79778261213210   -0.14103791173219    0.02809986109784
H        -1.64947183032915   -0.29345421049485   -0.08841431173747
4
 energy: -6.645629268234 gnorm: 0.109522216846 xtb: 6.2.2 (9d81278992624c895f80dd42a50cac0aa55982e2)
C         0.52263321288035    0.15908044195144   -0.06096995796382
C        -0.68014942715919    0.11194599253268    0.11259294918045
C         1.85263469536150   -0.07587322860313    0.05576007337842
H        -1.69511948108265   -0.19515320588099   -0.10738206459505
4
 energy: -6.649239812836 gnorm: 0.030251090364 xtb: 6.2.2 (9d81278992624c895f80dd42a50cac0aa55982e2)
C         0.55394382152709    0.16467757571258   -0.02956359572637
C        -0.69256629028895    0.11031909001738    0.07171943367800
C         1.85609920939967   -0.06967443952520    0.03908403509394
H        -1.71747774063781   -0.20532222620474   -0.08123887304557
4
 energy: -6.650371711442 gnorm: 0.016824728373 xtb: 6.2.2 (9d81278992624c895f80dd42a50cac0aa55982e2)
C         0.55511007341875    0.15540626992318   -0.01880770712576
C        -0.69236011720407    0.09803149672238    0.05331868245514
C         1.84015033842057   -0.06141910056554    0.03350867312999
H        -1.70290129463525   -0.19201866608003   -0.06801864845936
4
 energy: -6.650554805501 gnorm: 0.045832410760 xtb: 6.2.2 (9d81278992624c895f80dd42a50cac0aa55982e2)
C         0.56464290828136    0.04137397589930    0.04539610349746
C        -0.70191335185962    0.02455804186732   -0.04236619415995
C         1.90626866015217    0.02722600704356    0.01075854051516
H        -1.76899921657391   -0.09315802481018   -0.01378744985267
4
 energy: -6.652539009417 gnorm: 0.010179139116 xtb: 6.2.2 (9d81278992624c895f80dd42a50cac0aa55982e2)
C         0.55483191898273    0.07712507840502    0.00363742891220
C        -0.68721334828807    0.03104669303688    0.00734448500411
C         1.86837105008874    0.00249744036665    0.02965446479833
H        -1.73599062078340   -0.11066921180855   -0.04063537871464
4
 energy: -6.652822356785 gnorm: 0.008797671482 xtb: 6.2.2 (9d81278992624c895f80dd42a50cac0aa55982e2)
C         0.55283948228510    0.05352793944753    0.00949656803364
C        -0.68839428752652    0.01462238746830   -0.00373209211878
C         1.87352078534847    0.01940593813312    0.02786594691892
H        -1.73796698010706   -0.08755626504894   -0.03362942283378
4
 energy: -6.652912120578 gnorm: 0.012633110181 xtb: 6.2.2 (9d81278992624c895f80dd42a50cac0aa55982e2)
C         0.55598151353073    0.02412841256206    0.01576935257774
C        -0.68522289921913   -0.01685911374872   -0.02106710931690
C         1.87653136039234    0.04605154776850    0.02731077895750
H        -1.74729097470395   -0.05332084658183   -0.02201202221834
4
 energy: -6.652967832941 gnorm: 0.007261781931 xtb: 6.2.2 (9d81278992624c895f80dd42a50cac0aa55982e2)
C         0.55411510051798    0.02067135670820    0.01752301232715
C        -0.69009149995018   -0.01342905025525   -0.02128514695403
C         1.87294525245219    0.04534055859882    0.02499906205410
H        -1.73696985301998   -0.05258286505177   -0.02123592742722
4
 energy: -6.653003582040 gnorm: 0.002206863164 xtb: 6.2.2 (9d81278992624c895f80dd42a50cac0aa55982e2)
C         0.55454109278725    0.02327220360397    0.01274814939640
C        -0.68768927885201   -0.01492037911549   -0.01618474098255
C         1.87246069796124    0.04481478660998    0.02771001186716
H        -1.73931351189647   -0.05316661109845   -0.02427242028102
4
 energy: -6.653009942463 gnorm: 0.001977851137 xtb: 6.2.2 (9d81278992624c895f80dd42a50cac0aa55982e2)
C         0.55486358326220    0.02060436542832    0.01098042319844
C        -0.68761178257557   -0.01769423775631   -0.01463376721079
C         1.87264622534650    0.04716685058282    0.02864641843154
H        -1.73989902603313   -0.05007697825483   -0.02499207441919
4
 energy: -6.653013595665 gnorm: 0.000699209464 xtb: 6.2.2 (9d81278992624c895f80dd42a50cac0aa55982e2)
C         0.55564631803770    0.01586032864040    0.00667229073364
C        -0.68798476500155   -0.02207871961401   -0.01005238945046
C         1.87247580222091    0.05117972560633    0.03064006723558
H        -1.74013835525705   -0.04496133463272   -0.02725896851876
