4
 energy: -8.813062439925 gnorm: 0.315409042930 xtb: 6.2.2 (9d81278992624c895f80dd42a50cac0aa55982e2)
C         1.54168600000000   -0.53872900000000    0.06460500000000
C         0.63291100000000    0.61042600000000   -0.32793100000000
C        -0.69234400000000    0.50909700000000    0.40498900000000
N        -1.48225400000000   -0.58079400000000   -0.14166200000000
4
 energy: -8.905425917830 gnorm: 0.171850765319 xtb: 6.2.2 (9d81278992624c895f80dd42a50cac0aa55982e2)
C         1.50307650378541   -0.45838565816804    0.04578920097979
C         0.60903554622732    0.52147316118565   -0.27092968499682
C        -0.66729453211784    0.43621863323622    0.33726909450548
N        -1.44481851789488   -0.49930613625382   -0.11212761048845
4
 energy: -8.909345834350 gnorm: 0.256784960305 xtb: 6.2.2 (9d81278992624c895f80dd42a50cac0aa55982e2)
C         1.48278044247510   -0.36365194306260    0.03963625217022
C         0.59952049489791    0.42411291060179   -0.24280575938395
C        -0.65324850727627    0.33821289431308    0.29217994491593
N        -1.42905343009674   -0.39867386185227   -0.08900943770220
4
 energy: -8.928315164081 gnorm: 0.091524865686 xtb: 6.2.2 (9d81278992624c895f80dd42a50cac0aa55982e2)
C         1.62394737975880   -0.32110545222557    0.07530301029567
C         0.58672897887660    0.39037001352353   -0.28497234859474
C        -0.62208852711358    0.29691125088312    0.32999379075726
N        -1.58858883152182   -0.36617581218108   -0.12032345245819
4
 energy: -8.930076776584 gnorm: 0.049637818650 xtb: 6.2.2 (9d81278992624c895f80dd42a50cac0aa55982e2)
C         1.68413136841165   -0.34070279348469    0.02331895063905
C         0.62132141707850    0.38914296492730   -0.19599488725223
C        -0.68976231513006    0.33721759666131    0.25146736795031
N        -1.61569147036010   -0.38565776810391   -0.07879043133712
4
 energy: -8.936751746340 gnorm: 0.043613946241 xtb: 6.2.2 (9d81278992624c895f80dd42a50cac0aa55982e2)
C         1.77230209908230   -0.24306131236165    0.05281103029036
C         0.59459989652122    0.28897383117399   -0.22579898815695
C        -0.66122544350096    0.23542376824062    0.26744656074214
N        -1.70567755210256   -0.28133628705296   -0.09445760287555
4
 energy: -8.936692160939 gnorm: 0.063696097148 xtb: 6.2.2 (9d81278992624c895f80dd42a50cac0aa55982e2)
C         1.73275446322940   -0.20858935018782    0.06537459882776
C         0.60989832963379    0.28908300934452   -0.23351623817806
C        -0.62150627760941    0.17893342691298    0.25356815106226
N        -1.72114751525378   -0.25942708606969   -0.08542551171196
4
 energy: -8.939540446505 gnorm: 0.022418733787 xtb: 6.2.2 (9d81278992624c895f80dd42a50cac0aa55982e2)
C         1.79657882470473   -0.18463262401243    0.06000668327905
C         0.59525956874756    0.24122312271035   -0.22163075837212
C        -0.64393233285506    0.16575811049291    0.24689002956044
N        -1.74790706059723   -0.22234860919083   -0.08526495446737
4
 energy: -8.940120894698 gnorm: 0.024744094463 xtb: 6.2.2 (9d81278992624c895f80dd42a50cac0aa55982e2)
C         1.83165905642595   -0.15432444682941    0.05862455352115
C         0.59967001155424    0.20987785025209   -0.21274092258512
C        -0.64965859594308    0.13428461216094    0.23253409773235
N        -1.78167147203712   -0.18983801558363   -0.07841672866837
4
 energy: -8.939856005023 gnorm: 0.057627087768 xtb: 6.2.2 (9d81278992624c895f80dd42a50cac0aa55982e2)
C         1.85370656468599   -0.11686436968515    0.05377802513279
C         0.59821636151054    0.16351999851950   -0.20035384528691
C        -0.66402911725315    0.09416737015756    0.21407336446249
N        -1.78789480894339   -0.14082299899191   -0.06749654430837
4
 energy: -8.941030344025 gnorm: 0.017283584882 xtb: 6.2.2 (9d81278992624c895f80dd42a50cac0aa55982e2)
C         1.87613469430428   -0.07824198754373    0.06171516754192
C         0.60078170180390    0.13500386253639   -0.20268203408311
C        -0.65183822074515    0.04455493182487    0.20361086423630
N        -1.82507917536303   -0.10131680681754   -0.06264299769510
4
 energy: -8.941145951555 gnorm: 0.005444548629 xtb: 6.2.2 (9d81278992624c895f80dd42a50cac0aa55982e2)
C         1.85500542812343   -0.09152455445510    0.06386470281894
C         0.60392232532982    0.15452588501394   -0.20877097769145
C        -0.64688515773368    0.05357375230508    0.20885624712692
N        -1.81204359571957   -0.11657508286393   -0.06394897225441
4
 energy: -8.941240594575 gnorm: 0.005738818542 xtb: 6.2.2 (9d81278992624c895f80dd42a50cac0aa55982e2)
C         1.86407898583481   -0.07638127734412    0.06518268881885
C         0.60298470949488    0.13905014337348   -0.20823868073307
C        -0.64736091876056    0.03545476468478    0.20464658092544
N        -1.81970377656914   -0.09812363071415   -0.06158958901121
4
 energy: -8.941311921486 gnorm: 0.010266595987 xtb: 6.2.2 (9d81278992624c895f80dd42a50cac0aa55982e2)
C         1.87545740745694   -0.05090791473073    0.06802783955240
C         0.60264360011143    0.11468576959952   -0.20860003997875
C        -0.64787214271268    0.00256477609602    0.19742023771101
N        -1.83022986485569   -0.06634263096481   -0.05684703728465
4
 energy: -8.941358207742 gnorm: 0.004727361794 xtb: 6.2.2 (9d81278992624c895f80dd42a50cac0aa55982e2)
C         1.87430044563704   -0.04729944733357    0.06894685873275
C         0.60208752163762    0.11142401871204   -0.20979560797072
C        -0.64805341649001   -0.00366542182782    0.19680701387209
N        -1.82833555078466   -0.06045914955065   -0.05595726463411
4
 energy: -8.941399150084 gnorm: 0.002464502942 xtb: 6.2.2 (9d81278992624c895f80dd42a50cac0aa55982e2)
C         1.87533617369019   -0.03297257396633    0.07159499351260
C         0.60291964295997    0.10012142361880   -0.21164598507235
C        -0.64771963438100   -0.02647581582333    0.19192943621315
N        -1.83053718226917   -0.04067303382914   -0.05187744465338
4
 energy: -8.941411281950 gnorm: 0.002275819173 xtb: 6.2.2 (9d81278992624c895f80dd42a50cac0aa55982e2)
C         1.87640117274387   -0.02384523784939    0.07310281341439
C         0.60281128355923    0.09264770854057   -0.21219738783767
C        -0.64755323769975   -0.04128168317385    0.18805250084773
N        -1.83166021860337   -0.02752078751733   -0.04895692642443
4
 energy: -8.941417271019 gnorm: 0.002648080650 xtb: 6.2.2 (9d81278992624c895f80dd42a50cac0aa55982e2)
C         1.87599541758145   -0.01718031986673    0.07430854279180
C         0.60310974926358    0.08831285265092   -0.21218943376395
C        -0.64766135962306   -0.05490949838361    0.18316425884833
N        -1.83144480722198   -0.01622303440058   -0.04528236787618
4
 energy: -8.941418768339 gnorm: 0.001717431560 xtb: 6.2.2 (9d81278992624c895f80dd42a50cac0aa55982e2)
C         1.87735142341955   -0.01272868869336    0.07497836665600
C         0.60306134178016    0.08479658898301   -0.21205748704893
C        -0.64769778471544   -0.06258671564438    0.18058701334844
N        -1.83271598048428   -0.00948118464527   -0.04350689295550
4
 energy: -8.941421839055 gnorm: 0.001530365254 xtb: 6.2.2 (9d81278992624c895f80dd42a50cac0aa55982e2)
C         1.87679756421369   -0.01647292776015    0.07464066499065
C         0.60294643131807    0.08846287061525   -0.21184681388231
C        -0.64757687727164   -0.05810625850159    0.18128182240331
N        -1.83216811826013   -0.01388368435352   -0.04407467351165
4
 energy: -8.941431363689 gnorm: 0.001273509355 xtb: 6.2.2 (9d81278992624c895f80dd42a50cac0aa55982e2)
C         1.87620325812802   -0.02425143725619    0.07462713271752
C         0.60325248615392    0.09837775954827   -0.21111755429252
C        -0.64721119567653   -0.05394343971098    0.17940657379252
N        -1.83224554860542   -0.02018288258110   -0.04291515221751
4
 energy: -8.941441657838 gnorm: 0.001173238832 xtb: 6.2.2 (9d81278992624c895f80dd42a50cac0aa55982e2)
C         1.87642861905339   -0.01908475052822    0.07860208317310
C         0.60368652510016    0.09418224086741   -0.21516262942090
C        -0.64681788727277   -0.06145794844651    0.17531538125595
N        -1.83329825688079   -0.01363954189268   -0.03875383500815
4
 energy: -8.941451648286 gnorm: 0.001220684079 xtb: 6.2.2 (9d81278992624c895f80dd42a50cac0aa55982e2)
C         1.87556779074863   -0.01225561537606    0.08592888276441
C         0.60400811882647    0.08892944756648   -0.22264245504692
C        -0.64590054664954   -0.07202445190565    0.16780058442370
N        -1.83367636292556   -0.00464938028478   -0.03108601214119
4
 energy: -8.941453503302 gnorm: 0.000231519166 xtb: 6.2.2 (9d81278992624c895f80dd42a50cac0aa55982e2)
C         1.87492807316388   -0.01271185670670    0.08767843350240
C         0.60424397570764    0.08961799525111   -0.22446154921574
C        -0.64574700744998   -0.07199038235682    0.16599603797420
N        -1.83342604142153   -0.00491575618760   -0.02921192226085
