5
 energy: -10.097021618008 gnorm: 0.257724155272 xtb: 6.2.2 (9d81278992624c895f80dd42a50cac0aa55982e2)
C         1.59070800000000   -0.18134800000000    0.26663100000000
C         0.27316400000000   -0.04030200000000   -0.46576000000000
C        -0.78475600000000    0.10280700000000    0.61344000000000
C        -0.39477100000000    1.29689500000000   -0.22932400000000
C        -0.68434500000000   -1.17805200000000   -0.18498800000000
5
 energy: -10.174540526456 gnorm: 0.165747577071 xtb: 6.2.2 (9d81278992624c895f80dd42a50cac0aa55982e2)
C         1.62615135337483   -0.18659288159461    0.20556423644446
C         0.38771266523326   -0.05232804555660   -0.38912503921615
C        -0.84855215808970    0.11008019618664    0.60273456974334
C        -0.44890048062726    1.20762778806194   -0.23006786609504
C        -0.71641137989113   -1.07878705709737   -0.18910690087661
5
 energy: -10.206322661313 gnorm: 0.162802015754 xtb: 6.2.2 (9d81278992624c895f80dd42a50cac0aa55982e2)
C         1.67460321824089   -0.19408337839023    0.10370188665956
C         0.53246696004279   -0.06716756719111   -0.27200670027209
C        -0.96082191764424    0.12210696728700    0.54073310190268
C        -0.50224362084533    1.10271872327195   -0.20472276172230
C        -0.74400463979411   -0.96357474497761   -0.16770652656785
5
 energy: -10.218720731349 gnorm: 0.078130068458 xtb: 6.2.2 (9d81278992624c895f80dd42a50cac0aa55982e2)
C         1.82054609796751   -0.21191694439226    0.06153538566995
C         0.52725985243744   -0.06506355891977   -0.18863131351254
C        -1.06820572252152    0.13434691078407    0.52263006723454
C        -0.51801926324593    1.11216984629239   -0.21641449752097
C        -0.76158096463750   -0.96953625376444   -0.17912064187098
5
 energy: -10.222585702596 gnorm: 0.045247468776 xtb: 6.2.2 (9d81278992624c895f80dd42a50cac0aa55982e2)
C         1.78968116537303   -0.20868683693626    0.04013366297532
C         0.52462705839329   -0.06445886041304   -0.17199815234566
C        -1.08743137469880    0.13642388248134    0.51302951964134
C        -0.49040088500470    1.11994295587759   -0.20942185058733
C        -0.73647596406282   -0.98322114100962   -0.17174417968366
5
 energy: -10.225157639309 gnorm: 0.037550169696 xtb: 6.2.2 (9d81278992624c895f80dd42a50cac0aa55982e2)
C         1.78426347413684   -0.20857592310275    0.01098526319584
C         0.54084607247969   -0.06538799348515   -0.11792535240754
C        -1.09821225656321    0.13750085687836    0.50267129250219
C        -0.49228882186901    1.10377256079260   -0.21641747131162
C        -0.73460846818430   -0.96730950108306   -0.17931473197887
5
 energy: -10.226735477872 gnorm: 0.024777369218 xtb: 6.2.2 (9d81278992624c895f80dd42a50cac0aa55982e2)
C         1.79979401369216   -0.21107333576203   -0.02708595844636
C         0.54225678361700   -0.06443551246160   -0.05546948945281
C        -1.13663000598052    0.14157078430525    0.47897452742171
C        -0.48193186710750    1.09924171203507   -0.21670276616459
C        -0.72348892422114   -0.96530364811670   -0.17971731335796
5
 energy: -10.227601716948 gnorm: 0.010307206026 xtb: 6.2.2 (9d81278992624c895f80dd42a50cac0aa55982e2)
C         1.79351130242787   -0.21066893614773   -0.04567669858140
C         0.53220159169469   -0.06250848347489   -0.01347083417180
C        -1.13797838132730    0.14143659598741    0.46271416155102
C        -0.47325279893847    1.09672838153907   -0.22025088212193
C        -0.71448171385679   -0.96498755790386   -0.18331674667590
5
 energy: -10.227884966786 gnorm: 0.006478400041 xtb: 6.2.2 (9d81278992624c895f80dd42a50cac0aa55982e2)
C         1.78064282346485   -0.20918178896022   -0.04647526405616
C         0.52101989254547   -0.06099012047550   -0.00182519529031
C        -1.12282838716364    0.13955909613412    0.45674567429404
C        -0.46817785885447    1.10153359506592   -0.22278664709190
C        -0.71065646999222   -0.97092078176432   -0.18565956785567
5
 energy: -10.227958500325 gnorm: 0.004739088678 xtb: 6.2.2 (9d81278992624c895f80dd42a50cac0aa55982e2)
C         1.77934293109431   -0.20903554014096   -0.04689928587705
C         0.51904990131407   -0.06067212399114    0.00310620886642
C        -1.11793031834957    0.13892599861519    0.45344938575569
C        -0.46843300528718    1.10638388518297   -0.22347747441276
C        -0.71202950877162   -0.97560221966607   -0.18617983433230
5
 energy: -10.228025817437 gnorm: 0.002506584718 xtb: 6.2.2 (9d81278992624c895f80dd42a50cac0aa55982e2)
C         1.77865882529061   -0.20892042406796   -0.04543349147207
C         0.51849745218363   -0.06061215175464    0.00308980807567
C        -1.11223413574960    0.13815528484119    0.44780817290321
C        -0.46970302649119    1.11482961693615   -0.22152646868743
C        -0.71521911523344   -0.98345232595475   -0.18393902081938
5
 energy: -10.228041977146 gnorm: 0.001322667564 xtb: 6.2.2 (9d81278992624c895f80dd42a50cac0aa55982e2)
C         1.77959962769607   -0.20903249010095   -0.04542609112252
C         0.51959643256938   -0.06076305719878    0.00182405267323
C        -1.11250310393472    0.13811949660838    0.44391845324226
C        -0.47022870864880    1.11807015858805   -0.21900745249107
C        -0.71646424768194   -0.98639410789671   -0.18130996230190
5
 energy: -10.228044596009 gnorm: 0.000295329520 xtb: 6.2.2 (9d81278992624c895f80dd42a50cac0aa55982e2)
C         1.78005027094554   -0.20910301087438   -0.04602495636882
C         0.52052578747585   -0.06088661827413    0.00082675621480
C        -1.11412488864176    0.13825864540412    0.44094505286929
C        -0.46997830764919    1.11925018354692   -0.21674409140191
C        -0.71647286213044   -0.98751919980254   -0.17900376131336
