4
 energy: -8.928398194033 gnorm: 0.176487769136 xtb: 6.2.2 (9d81278992624c895f80dd42a50cac0aa55982e2)
N        -1.20825200000000   -0.02524000000000   -0.19492400000000
C        -0.03055300000000    0.69983100000000    0.30666500000000
C         1.21638300000000    0.07156300000000   -0.27734400000000
C         0.02242200000000   -0.74615400000000    0.16560200000000
4
 energy: -8.966322230860 gnorm: 0.108969318335 xtb: 6.2.2 (9d81278992624c895f80dd42a50cac0aa55982e2)
N        -1.19967723016870   -0.03694761122832   -0.07166921205625
C        -0.03959334613827    0.73356203740117    0.18959136596785
C         1.22424746980752    0.06060705280452   -0.16206865526414
C         0.01502310649946   -0.75722147897738    0.04414550135254
4
 energy: -8.975631707069 gnorm: 0.065559608889 xtb: 6.2.2 (9d81278992624c895f80dd42a50cac0aa55982e2)
N        -1.10015326212505   -0.03701318317406   -0.03362750370740
C        -0.05030850925991    0.75254442633090    0.15424626313552
C         1.14499678900607    0.05422034684314   -0.12634234975004
C         0.00546498237889   -0.76975158999998    0.00572259032192
4
 energy: -8.978694934601 gnorm: 0.013965706835 xtb: 6.2.2 (9d81278992624c895f80dd42a50cac0aa55982e2)
N        -1.14226881432342   -0.04077245628038   -0.01083144149002
C        -0.04816539764206    0.75555708523025    0.13218386936082
C         1.18276154118763    0.05350947927646   -0.10486418993636
C         0.00767267077785   -0.76829410822633   -0.01648923793445
4
 energy: -8.978933212678 gnorm: 0.008782926282 xtb: 6.2.2 (9d81278992624c895f80dd42a50cac0aa55982e2)
N        -1.14091960764876   -0.04183907417505    0.00065686102114
C        -0.04976312653396    0.75669446591994    0.12140863990046
C         1.18459086160118    0.05259305922642   -0.09477554989888
C         0.00609187258154   -0.76744845097131   -0.02729095102271
4
 energy: -8.979111876606 gnorm: 0.003497651206 xtb: 6.2.2 (9d81278992624c895f80dd42a50cac0aa55982e2)
N        -1.14125424120292   -0.04349772917384    0.01763150241808
C        -0.05227465613507    0.75652433243997    0.10547824257364
C         1.19005202353936    0.05137235973053   -0.08020748830482
C         0.00347687379864   -0.76439896299666   -0.04290325668689
4
 energy: -8.979159879858 gnorm: 0.001873856910 xtb: 6.2.2 (9d81278992624c895f80dd42a50cac0aa55982e2)
N        -1.14249439512671   -0.04462115892806    0.02875779308250
C        -0.05361969602784    0.75593488591843    0.09490275969189
C         1.19408241481309    0.05057079745772   -0.07048796889884
C         0.00203167634146   -0.76188452444808   -0.05317358387555
4
 energy: -8.979177229420 gnorm: 0.001769479728 xtb: 6.2.2 (9d81278992624c895f80dd42a50cac0aa55982e2)
N        -1.14308677878373   -0.04576727314330    0.04036948133542
C        -0.05452855343132    0.75572557030154    0.08366356687666
C         1.19656539928443    0.04962231196124   -0.05986756998433
C         0.00104993293062   -0.75958060911947   -0.06416647822776
4
 energy: -8.979181926496 gnorm: 0.000639380943 xtb: 6.2.2 (9d81278992624c895f80dd42a50cac0aa55982e2)
N        -1.14257179846387   -0.04603651491333    0.04334652675902
C        -0.05438193299496    0.75635471740074    0.08065301305179
C         1.19572348932733    0.04928461551309   -0.05675839985027
C         0.00123024213150   -0.75960281800050   -0.06724213996054
