4
 energy: -8.856449566889 gnorm: 0.192083512547 xtb: 6.2.2 (9d81278992624c895f80dd42a50cac0aa55982e2)
C         1.40455800000000   -0.00389500000000   -0.27219100000000
N         0.22911500000000   -0.01458900000000    0.57858800000000
C        -0.81166000000000    0.73736000000000   -0.13688500000000
C        -0.82201200000000   -0.71887600000000   -0.16951200000000
4
 energy: -8.894623722643 gnorm: 0.194553805617 xtb: 6.2.2 (9d81278992624c895f80dd42a50cac0aa55982e2)
C         1.35628013452719   -0.00456842075878   -0.22725863692986
N         0.26691705485649   -0.01342547714035    0.51510024257816
C        -0.80648530411350    0.72941234544612   -0.12777378050854
C        -0.81671088527018   -0.71141844754699   -0.16006782513976
4
 energy: -7.352146095735 gnorm: 8.521987347173 xtb: 6.2.2 (9d81278992624c895f80dd42a50cac0aa55982e2)
C         1.15415787463949   -0.00860531064833    0.01598034948903
N         0.47768884850418   -0.00713870941597    0.16896607510632
C        -0.81116758562977    0.68033762108399   -0.07738152652135
C        -0.82067813751390   -0.66459360101969   -0.10756489807400
4
 energy: -8.898142656007 gnorm: 0.476060578875 xtb: 6.2.2 (9d81278992624c895f80dd42a50cac0aa55982e2)
C         1.32928508922590   -0.00781028799717   -0.07559702626703
N         0.30290459488064   -0.00705351399721    0.22124917717802
C        -0.81129263075624    0.68734432281524   -0.05756023051848
C        -0.82089605335030   -0.67248052082086   -0.08809192039251
4
 energy: -8.926371266489 gnorm: 0.345746875351 xtb: 6.2.2 (9d81278992624c895f80dd42a50cac0aa55982e2)
C         1.35580738832069   -0.00751736223312   -0.09387919549935
N         0.32419436578459   -0.00840658188498    0.27195706032694
C        -0.83522703286641    0.67507010427161   -0.07409894924209
C        -0.84477372123887   -0.65914616015351   -0.10397891558550
4
 energy: -8.952025338181 gnorm: 0.189326074899 xtb: 6.2.2 (9d81278992624c895f80dd42a50cac0aa55982e2)
C         1.43516701858263   -0.00693947359453   -0.13381790247945
N         0.38186934123567   -0.01168819689991    0.38810953379999
C        -0.90402259178177    0.61136051645359   -0.11381931487754
C        -0.91301276803652   -0.59273284595915   -0.14047231644299
4
 energy: -8.964946094494 gnorm: 0.090826475492 xtb: 6.2.2 (9d81278992624c895f80dd42a50cac0aa55982e2)
C         1.44745216281903   -0.00729874365424   -0.11672546629477
N         0.37562281344275   -0.01081645022279    0.34604400684059
C        -0.90665943992044    0.65270969273940   -0.10046737231866
C        -0.91641453634135   -0.63459449886236   -0.12885116822717
4
 energy: -8.971932964203 gnorm: 0.084656566700 xtb: 6.2.2 (9d81278992624c895f80dd42a50cac0aa55982e2)
C         1.47313656293792   -0.00790979011134   -0.09833522096322
N         0.37510303794035   -0.00989380429388    0.30369980070008
C        -0.91925428210948    0.65729276893941   -0.08839769199318
C        -0.92898431876880   -0.63948917453419   -0.11696688774369
4
 energy: -8.987242212478 gnorm: 0.116851002909 xtb: 6.2.2 (9d81278992624c895f80dd42a50cac0aa55982e2)
C         1.59315856740259   -0.01111183595150   -0.00480267723179
N         0.36851816145795   -0.00495928510515    0.08678203211789
C        -0.97630367246941    0.66127332398495   -0.02656118810838
C        -0.98537205639113   -0.64520220292831   -0.05541816677772
4
 energy: -8.989489407783 gnorm: 0.066369142953 xtb: 6.2.2 (9d81278992624c895f80dd42a50cac0aa55982e2)
C         1.56391267198267   -0.01068864397338   -0.01958956508974
N         0.36852347556610   -0.00559185586106    0.12151426505293
C        -0.96181660773154    0.65284151833267   -0.03664258968353
C        -0.97061853981723   -0.63656101849824   -0.06528211027966
4
 energy: -8.990551327667 gnorm: 0.060098611936 xtb: 6.2.2 (9d81278992624c895f80dd42a50cac0aa55982e2)
C         1.56180750935628   -0.01099635409293   -0.01004999835097
N         0.36671196307979   -0.00499919265120    0.10022271476519
C        -0.95999167346459    0.64692312788267   -0.03083541248114
C        -0.96852679897149   -0.63092758113853   -0.05933730393308
4
 energy: -8.991544890289 gnorm: 0.060481703134 xtb: 6.2.2 (9d81278992624c895f80dd42a50cac0aa55982e2)
C         1.56244496280809   -0.01144467540360    0.00724607938312
N         0.36663208544126   -0.00410940362927    0.06335922552613
C        -0.96033888771265    0.64275214176498   -0.02110367471445
C        -0.96873716053670   -0.62719806273211   -0.04950163019480
4
 energy: -8.992343132768 gnorm: 0.049496382679 xtb: 6.2.2 (9d81278992624c895f80dd42a50cac0aa55982e2)
C         1.56199630096093   -0.01176664702505    0.02259803599302
N         0.37024588420743   -0.00345521652387    0.03333511619466
C        -0.96189140766464    0.64205565551344   -0.01377727608087
C        -0.97034977750372   -0.62683379196452   -0.04215587610681
4
 energy: -8.993079425805 gnorm: 0.021725645261 xtb: 6.2.2 (9d81278992624c895f80dd42a50cac0aa55982e2)
C         1.56119693855914   -0.01202950013014    0.03823039799745
N         0.37921164892777   -0.00295259478417    0.00650212465028
C        -0.96586457617153    0.64340932158929   -0.00816798460749
C        -0.97454301131538   -0.62842722667498   -0.03656453804024
4
 energy: -8.993270904022 gnorm: 0.006083357476 xtb: 6.2.2 (9d81278992624c895f80dd42a50cac0aa55982e2)
C         1.56329988369433   -0.01209635004692    0.04284313465804
N         0.38590313301915   -0.00291030006825    0.00114991660688
C        -0.97019637019490    0.64462315194991   -0.00779058707117
C        -0.97900564651858   -0.62961650183475   -0.03620246419375
4
 energy: -8.993316693890 gnorm: 0.002258114270 xtb: 6.2.2 (9d81278992624c895f80dd42a50cac0aa55982e2)
C         1.56578068237262   -0.01209222069417    0.04228640330695
N         0.38936059745996   -0.00301577519320    0.00446938461014
C        -0.97315466210266    0.64486208766682   -0.00917177803653
C        -0.98198561772992   -0.62975409177945   -0.03758400988057
4
 energy: -8.993326839474 gnorm: 0.001150654009 xtb: 6.2.2 (9d81278992624c895f80dd42a50cac0aa55982e2)
C         1.56731829068823   -0.01208072811076    0.04064002183984
N         0.39063315216032   -0.00310973394424    0.00868084130737
C        -0.97457686949650    0.64464071939493   -0.01045428712600
C        -0.98337357335205   -0.62945025733993   -0.03886657602121
4
 energy: -8.993327439771 gnorm: 0.000233214879 xtb: 6.2.2 (9d81278992624c895f80dd42a50cac0aa55982e2)
C         1.56771430790891   -0.01208502917705    0.03975850961642
N         0.39067245534502   -0.00313735099813    0.01053466525284
C        -0.97481857127211    0.64439500260323   -0.01093744734499
C        -0.98356719198182   -0.62917262242805   -0.03935572752427
