5
 energy: -10.130662346136 gnorm: 0.196082546124 xtb: 6.2.2 (9d81278992624c895f80dd42a50cac0aa55982e2)
C        -0.73059900000000   -0.84390100000000    0.10985000000000
C        -0.11391100000000    0.31424500000000    0.77309100000000
C         0.78755700000000    0.68677600000000   -0.32693600000000
C        -0.75105800000000    0.57551500000000   -0.52585300000000
C         0.80801100000000   -0.73263600000000    0.30877700000000
5
 energy: -10.175109446054 gnorm: 0.184151689360 xtb: 6.2.2 (9d81278992624c895f80dd42a50cac0aa55982e2)
C        -0.70160588705995   -0.82632634233026    0.08323942006308
C        -0.12628603619041    0.34838475763023    0.84971337078021
C         0.76475412036506    0.65212803057116   -0.33864402374001
C        -0.72137495120064    0.54467084357541   -0.53076963773093
C         0.78451275408594   -0.71885828944654    0.27538987062766
5
 energy: -10.114077631467 gnorm: 0.501561253712 xtb: 6.2.2 (9d81278992624c895f80dd42a50cac0aa55982e2)
C        -0.57456312385773   -0.74396664636289   -0.02498302833796
C        -0.17482478962882    0.48228976659430    1.15025109449869
C         0.66199301698206    0.50278928164705   -0.38074909024876
C        -0.59129401052703    0.41223904724181   -0.54272974741323
C         0.67868890703153   -0.65335244912027    0.13713977150126
5
 energy: -10.216603103155 gnorm: 0.034740368513 xtb: 6.2.2 (9d81278992624c895f80dd42a50cac0aa55982e2)
C        -0.64507752287694   -0.79493734641525    0.02684101908015
C        -0.15344685014254    0.42331331230511    1.01788552705108
C         0.72181924289353    0.58323290850830   -0.36642558830423
C        -0.66356821049640    0.48314795908047   -0.54545088563752
C         0.74027334062234   -0.69475783347863    0.20607892781053
5
 energy: -10.217718596203 gnorm: 0.013731506871 xtb: 6.2.2 (9d81278992624c895f80dd42a50cac0aa55982e2)
C        -0.65025132540286   -0.79733014632334    0.03275415998253
C        -0.15044204442081    0.41502415590842    0.99928236769934
C         0.72549399201708    0.58976170340878   -0.36305850274330
C        -0.66884049407397    0.48901660531343   -0.54320911753601
C         0.74403987188057   -0.69647331830729    0.21316009259744
5
 energy: -10.217866701836 gnorm: 0.007314244959 xtb: 6.2.2 (9d81278992624c895f80dd42a50cac0aa55982e2)
C        -0.65175500389062   -0.79747209182551    0.03533974422011
C        -0.14895741932352    0.41092688367474    0.99008921480947
C         0.72626697321428    0.59191465346646   -0.36112866930159
C        -0.67038486345683    0.49103914871137   -0.54149549611747
C         0.74483031345669   -0.69640959402705    0.21612420638948
5
 energy: -10.217886752517 gnorm: 0.004294278270 xtb: 6.2.2 (9d81278992624c895f80dd42a50cac0aa55982e2)
C        -0.65137459587774   -0.79690071189732    0.03552506036047
C        -0.14871234157389    0.41025012126030    0.98857158694398
C         0.72578735931097    0.59161866138147   -0.36069622578697
C        -0.67003869312706    0.49088811693153   -0.54082133237346
C         0.74433827126773   -0.69585718767599    0.21634991085598
5
 energy: -10.217896790393 gnorm: 0.000381941626 xtb: 6.2.2 (9d81278992624c895f80dd42a50cac0aa55982e2)
C        -0.65057098036225   -0.79611372917705    0.03525701493467
C        -0.14859829519208    0.40993504910278    0.98786638247266
C         0.72499687875874    0.59079812179896   -0.36050600452626
C        -0.66935027067484    0.49043135340113   -0.54002750165561
C         0.74352266747044   -0.69505179512581    0.21633910877454
5
 energy: -10.217897268012 gnorm: 0.000532721443 xtb: 6.2.2 (9d81278992624c895f80dd42a50cac0aa55982e2)
C        -0.65036290170908   -0.79614640393632    0.03481656258872
C        -0.14863135186133    0.41002598523312    0.98807150343586
C         0.72491731273731    0.59047531427847   -0.36086390848501
C        -0.66936090221173    0.49053246713551   -0.53971116799386
C         0.74343784304484   -0.69488836271078    0.21661601045428
