4
 energy: -8.789874612820 gnorm: 0.221020209026 xtb: 6.2.2 (9d81278992624c895f80dd42a50cac0aa55982e2)
C         1.33682100000000   -0.47914100000000   -0.13088300000000
C        -0.00186900000000    0.01686200000000    0.37318800000000
C        -1.09945800000000   -0.89977400000000   -0.12407800000000
N        -0.23549400000000    1.36205300000000   -0.11822700000000
4
 energy: -8.845100139136 gnorm: 0.096681821690 xtb: 6.2.2 (9d81278992624c895f80dd42a50cac0aa55982e2)
C         1.23605615533634   -0.44175348233632   -0.12299372764493
C        -0.00236915393314    0.01937870349907    0.34971753554815
C        -1.01702185957158   -0.83075633501397   -0.11670041119533
N        -0.21666514183162    1.25313111385122   -0.11002339670790
4
 energy: -8.857619983423 gnorm: 0.083900421307 xtb: 6.2.2 (9d81278992624c895f80dd42a50cac0aa55982e2)
C         1.11199280130560   -0.43233961578388   -0.14416311737290
C        -0.00806861194669    0.05328726756583    0.40332763511773
C        -0.90341347009460   -0.78029773728530   -0.13853571157850
N        -0.20051071926430    1.15935008550335   -0.12062880616633
4
 energy: -8.877966276878 gnorm: 0.051622694377 xtb: 6.2.2 (9d81278992624c895f80dd42a50cac0aa55982e2)
C         0.98944172580443   -0.48999151880559   -0.19097610320008
C        -0.01918375898609    0.11964390138083    0.52248601172448
C        -0.76888022664445   -0.79354569849526   -0.18607019970284
N        -0.20137774017389    1.16389331592003   -0.14543970882157
4
 energy: -8.889691720306 gnorm: 0.161971021739 xtb: 6.2.2 (9d81278992624c895f80dd42a50cac0aa55982e2)
C         0.81820209798655   -0.58777983415441   -0.22735601086509
C        -0.03705201023684    0.22439861215096    0.59583420596410
C        -0.57496544518929   -0.82827007754159   -0.22347521807868
N        -0.20618464256042    1.19165129954503   -0.14500297702034
4
 energy: -8.311812153863 gnorm: 3.410254015256 xtb: 6.2.2 (9d81278992624c895f80dd42a50cac0aa55982e2)
C         0.55556115440459   -0.75939967898744   -0.28000850383912
C        -0.06764334520174    0.40326726260673    0.69183336299506
C        -0.27027834715674   -0.90191536939917   -0.27772136737276
N        -0.21763946204611    1.25804778577988   -0.13410349178318
4
 energy: -8.929825046141 gnorm: 0.139075403912 xtb: 6.2.2 (9d81278992624c895f80dd42a50cac0aa55982e2)
C         0.75490144390016   -0.73987767069790   -0.27336082994667
C        -0.06938590946178    0.41306683288982    0.66611537492922
C        -0.46459158045022   -0.95034178905482   -0.26998248171777
N        -0.22092395398816    1.27715262686290   -0.12277206326479
4
 energy: -8.960314976764 gnorm: 0.132075361970 xtb: 6.2.2 (9d81278992624c895f80dd42a50cac0aa55982e2)
C         0.77179793649038   -0.82478159606492   -0.25723584011043
C        -0.07927207642602    0.46844347077186    0.59542609222343
C        -0.45201813905289   -1.03635053617795   -0.25379615951360
N        -0.24050772101147    1.39268866147101   -0.08439409259940
4
 energy: -9.003732225056 gnorm: 0.173211037473 xtb: 6.2.2 (9d81278992624c895f80dd42a50cac0aa55982e2)
C         0.79876315768406   -0.90022030194106   -0.18554907071361
C        -0.07593875292740    0.44485703764022    0.38410589787197
C        -0.45180249666370   -1.11679819748200   -0.18197720546603
N        -0.27102190809296    1.57216146178284   -0.01657962169233
4
 energy: -9.028270069219 gnorm: 0.107559759968 xtb: 6.2.2 (9d81278992624c895f80dd42a50cac0aa55982e2)
C         0.80519411882141   -0.89044365784885   -0.13679465234517
C        -0.07323737285590    0.42759314202159    0.24183317222972
C        -0.46088030847819   -1.10952848960172   -0.13322561967286
N        -0.27107643748732    1.57237900542899    0.02818709978830
4
 energy: -9.038550021512 gnorm: 0.055005165742 xtb: 6.2.2 (9d81278992624c895f80dd42a50cac0aa55982e2)
C         0.80111958270593   -0.85410274480888   -0.10061000269156
C        -0.06825664609371    0.39786641417079    0.14288491732793
C        -0.46902843166664   -1.07369038959907   -0.09707823907716
N        -0.26383450494557    1.52992672023716    0.05480332444079
4
 energy: -9.039654322700 gnorm: 0.095250800289 xtb: 6.2.2 (9d81278992624c895f80dd42a50cac0aa55982e2)
C         0.80273238711148   -0.86443907995983   -0.06832462885615
C        -0.06731808019939    0.39131950467780    0.04671319274745
C        -0.46691118712691   -1.08383041797871   -0.06482431102192
N        -0.26850311978517    1.55694999326075    0.08643574713062
4
 energy: -9.041871221282 gnorm: 0.035708005762 xtb: 6.2.2 (9d81278992624c895f80dd42a50cac0aa55982e2)
C         0.79941749684983   -0.87156078571452   -0.06982910037115
C        -0.07090738844283    0.41214335442937    0.04365453873364
C        -0.46141471624616   -1.08942346103186   -0.06635913731523
N        -0.26709539216084    1.54884089231701    0.09253369895274
4
 energy: -9.042182032794 gnorm: 0.023508911123 xtb: 6.2.2 (9d81278992624c895f80dd42a50cac0aa55982e2)
C         0.79611270192524   -0.87050999106977   -0.06468624130409
C        -0.07100956101315    0.41252309606704    0.02788196353024
C        -0.45863950576113   -1.08734497961454   -0.06123629888937
N        -0.26646363515095    1.54533187461727    0.09804057666322
4
 energy: -9.042313986546 gnorm: 0.008603300736 xtb: 6.2.2 (9d81278992624c895f80dd42a50cac0aa55982e2)
C         0.79262344824318   -0.87060297657794   -0.06142011940761
C        -0.07099031808864    0.41224378750490    0.01805674957146
C        -0.45532881284584   -1.08632844291002   -0.05798881236627
N        -0.26630431730869    1.54468763198306    0.10135218220242
4
 energy: -9.042340586826 gnorm: 0.003386407209 xtb: 6.2.2 (9d81278992624c895f80dd42a50cac0aa55982e2)
C         0.79127255583393   -0.87091598650458   -0.06238991617133
C        -0.07097375018597    0.41216959511350    0.02104934628634
C        -0.45397872415909   -1.08623675432246   -0.05896457042141
N        -0.26632008148887    1.54498314571354    0.10030514030640
4
 energy: -9.042349492763 gnorm: 0.000508029997 xtb: 6.2.2 (9d81278992624c895f80dd42a50cac0aa55982e2)
C         0.79074876024625   -0.87171705482354   -0.06376753188165
C        -0.07099440736261    0.41236874621493    0.02517591836103
C        -0.45325425189251   -1.08689253542668   -0.06034682068634
N        -0.26650010099113    1.54624084403529    0.09893843420696
4
 energy: -9.042349735824 gnorm: 0.000134033000 xtb: 6.2.2 (9d81278992624c895f80dd42a50cac0aa55982e2)
C         0.79083464024485   -0.87167398466989   -0.06430380109191
C        -0.07096027764565    0.41227480331981    0.02685429347308
C        -0.45338231133255   -1.08693865208558   -0.06088794042182
N        -0.26649205126665    1.54633783343566    0.09833744804065
