5
 energy: -9.415077638144 gnorm: 0.354801790930 xtb: 6.2.2 (9d81278992624c895f80dd42a50cac0aa55982e2)
C         1.93740400000000   -0.71103300000000    0.88369800000000
N         1.00484800000000   -0.19777100000000   -0.10256900000000
C        -0.18791200000000    0.20521900000000    0.62060600000000
C        -1.21567400000000    0.75114300000000   -0.35068000000000
H        -1.53866600000000   -0.04755800000000   -1.05105500000000
5
 energy: -9.535867753226 gnorm: 0.267233498043 xtb: 6.2.2 (9d81278992624c895f80dd42a50cac0aa55982e2)
C         1.89058319117457   -0.69208974423738    0.84571892666892
N         1.06152737481963   -0.18465102853098    0.00313621576135
C        -0.20803497501705    0.19299144936562    0.49411971332802
C        -1.15199997287639    0.70661508552297   -0.32548780850997
H        -1.59207561810076   -0.02286576212022   -1.01748704724832
5
 energy: -9.509807713828 gnorm: 1.006147583107 xtb: 6.2.2 (9d81278992624c895f80dd42a50cac0aa55982e2)
C         1.90219860604798   -0.67058511528981    0.73955035339680
N         1.09085132888341   -0.22543235785124    0.26368004382979
C        -0.24472339187061    0.26558838199511    0.28350405455333
C        -1.09174860137344    0.57550705687444   -0.25738476224836
H        -1.65657794168734    0.05492203427150   -1.02934968953157
5
 energy: -9.638233906988 gnorm: 0.104986555641 xtb: 6.2.2 (9d81278992624c895f80dd42a50cac0aa55982e2)
C         1.98466214318810   -0.73131244849543    0.77368171465260
N         1.06920730213900   -0.19380873289796    0.27341466537053
C        -0.17749870997981    0.27362679258097    0.32624695183780
C        -1.19001272398158    0.59670675343815   -0.31486489478497
H        -1.68635801136571    0.05478763537426   -1.05847843707596
5
 energy: -9.654442298104 gnorm: 0.169498534488 xtb: 6.2.2 (9d81278992624c895f80dd42a50cac0aa55982e2)
C         2.07797299327950   -0.79385513566316    0.78771950680222
N         1.13749453143819   -0.08805783846045    0.41588500257770
C        -0.17679551153111    0.22877392005559    0.25961312349987
C        -1.12373194792274    0.56561714043868   -0.40237758610797
H        -1.91494006526384    0.08752191362934   -1.06084004677182
5
 energy: -9.672131199646 gnorm: 0.099053692867 xtb: 6.2.2 (9d81278992624c895f80dd42a50cac0aa55982e2)
C         2.11316706179427   -0.71054324203586    0.80944066351995
N         1.12341782006752   -0.19298085422538    0.49019652426195
C        -0.08877994474947    0.21102328771471    0.18920140721566
C        -1.15564547193310    0.49371130653964   -0.37106636971925
H        -1.99215946517923    0.19878950200688   -1.11777222527832
5
 energy: -9.675350465054 gnorm: 0.150531663541 xtb: 6.2.2 (9d81278992624c895f80dd42a50cac0aa55982e2)
C         2.11142616388236   -0.70181822001126    0.73193194854758
N         1.00814639032916   -0.21236258992275    0.57388250410731
C        -0.09016802113082    0.23904385770226    0.14081827997660
C        -1.17062185572018    0.45432276074097   -0.38217519763729
H        -1.85878267736053    0.22081419149078   -1.06445753499421
5
 energy: -9.687440940147 gnorm: 0.046744052605 xtb: 6.2.2 (9d81278992624c895f80dd42a50cac0aa55982e2)
C         2.11096184670547   -0.68178909456076    0.80349165260895
N         1.09160548971466   -0.17664258097034    0.56351502511777
C        -0.08291818660662    0.13367149777153    0.07379746969719
C        -1.13154011653614    0.46260094856935   -0.42581559112526
H        -1.98810903327737    0.26215922919022   -1.01498855629866
5
 energy: -9.681985783105 gnorm: 0.155357066967 xtb: 6.2.2 (9d81278992624c895f80dd42a50cac0aa55982e2)
C         2.17276373103138   -0.59242733038814    0.82336327669449
N         1.04088396845888   -0.25100613633871    0.57907253184939
C        -0.09053410337163    0.05471682411693    0.07360588553347
C        -1.07291399994522    0.45232197529385   -0.45242722785018
H        -2.05019959617341    0.33639466731607   -1.02361446622717
5
 energy: -9.689911112077 gnorm: 0.035689864737 xtb: 6.2.2 (9d81278992624c895f80dd42a50cac0aa55982e2)
C         2.12377694810516   -0.63982753994463    0.82498772553504
N         1.07386040118532   -0.19688809522023    0.57674851566296
C        -0.06633903394788    0.08307888957220    0.03705693761077
C        -1.10893600005982    0.43281512774548   -0.44824597076183
H        -2.02236231528278    0.32082161784718   -0.99054720804693
5
 energy: -9.690511832944 gnorm: 0.028696140918 xtb: 6.2.2 (9d81278992624c895f80dd42a50cac0aa55982e2)
C         2.14705534534035   -0.62590564120388    0.83862467711728
N         1.07411541205584   -0.22654163371272    0.58277059800562
C        -0.06713982900187    0.08011992402900    0.01000478530489
C        -1.13227062694130    0.42261294732931   -0.44385350944618
H        -2.02176030145304    0.34971440355829   -0.98754655098160
5
 energy: -9.692219618484 gnorm: 0.027426172660 xtb: 6.2.2 (9d81278992624c895f80dd42a50cac0aa55982e2)
C         2.13875945654948   -0.60341233776713    0.86476568034289
N         1.06766906486863   -0.24013501540838    0.55714992426846
C        -0.05155503166905    0.06487165144490   -0.00464849055381
C        -1.12976336521900    0.38978797112173   -0.44467299793017
H        -2.02511012453008    0.38888773060888   -0.97259411612738
5
 energy: -9.693231036551 gnorm: 0.048552875036 xtb: 6.2.2 (9d81278992624c895f80dd42a50cac0aa55982e2)
C         2.15130275200423   -0.55264614430737    0.92956750364000
N         1.07780367792871   -0.26866860874640    0.52423623126492
C        -0.03544607799982    0.00557912558411   -0.05180520367045
C        -1.11628213885233    0.33156144192269   -0.46817443283548
H        -2.07737821308080    0.48417418554697   -0.93382409839898
5
 energy: -9.694226007496 gnorm: 0.018589058385 xtb: 6.2.2 (9d81278992624c895f80dd42a50cac0aa55982e2)
C         2.14121823317487   -0.56684978541801    0.92368211273535
N         1.08458839643831   -0.26020377362262    0.51023724647899
C        -0.04557740991518    0.02184708679923   -0.03780695940365
C        -1.12387611232167    0.34058272339278   -0.46252154989584
H        -2.05635310737634    0.46462374884862   -0.93359084991486
5
 energy: -9.694673581110 gnorm: 0.007436359922 xtb: 6.2.2 (9d81278992624c895f80dd42a50cac0aa55982e2)
C         2.13642066005322   -0.56543459693994    0.94291820057818
N         1.09854985451538   -0.26143603534909    0.48829185008698
C        -0.04433956299101    0.02235027224882   -0.04492438338395
C        -1.13155860031442    0.31828516399695   -0.46495167065146
H        -2.05907235126317    0.48623519604327   -0.92133399662976
5
 energy: -9.694817388268 gnorm: 0.006919856692 xtb: 6.2.2 (9d81278992624c895f80dd42a50cac0aa55982e2)
C         2.13367923639324   -0.55988139290764    0.95842108173494
N         1.10792237810463   -0.26452333237274    0.47168805125062
C        -0.04364822458088    0.01803564812973   -0.04964484917291
C        -1.13367537911622    0.29745593395106   -0.47121202075117
H        -2.06427801080078    0.50891314319959   -0.90925226306148
5
 energy: -9.694850895472 gnorm: 0.003810864500 xtb: 6.2.2 (9d81278992624c895f80dd42a50cac0aa55982e2)
C         2.13298001873815   -0.55941063460154    0.95761011495799
N         1.10876417777688   -0.26534331191956    0.47133838427992
C        -0.04396951413877    0.01956572965641   -0.04727306524300
C        -1.13412610577859    0.29212679459940   -0.47400614466910
H        -2.06364857659769    0.51306142226530   -0.90766928932582
5
 energy: -9.694900148147 gnorm: 0.004151762784 xtb: 6.2.2 (9d81278992624c895f80dd42a50cac0aa55982e2)
C         2.13632331903192   -0.54786477508079    0.95708180582361
N         1.10634962428918   -0.27832179514016    0.46666259403874
C        -0.05016651040612    0.01418393028774   -0.03891979110599
C        -1.13320503723032    0.28426259454556   -0.48357212302233
H        -2.05930139568467    0.52774004538765   -0.90125248573404
5
 energy: -9.694936488950 gnorm: 0.003548505342 xtb: 6.2.2 (9d81278992624c895f80dd42a50cac0aa55982e2)
C         2.13898232191693   -0.54497954222924    0.95085463109354
N         1.10295779928135   -0.28096886071611    0.47459861777204
C        -0.05111427987152    0.01251896601440   -0.03483119505327
C        -1.13052013008978    0.28303257061853   -0.48926412721420
H        -2.06030571123698    0.53039686631242   -0.90135792659811
5
 energy: -9.694949700731 gnorm: 0.001664519674 xtb: 6.2.2 (9d81278992624c895f80dd42a50cac0aa55982e2)
C         2.14249795487466   -0.54233956609047    0.94597027707149
N         1.09959364157114   -0.28409776096345    0.48026649935668
C        -0.05314092864035    0.01030598400011   -0.03092211100220
C        -1.12835892987242    0.28661631962545   -0.49230254543246
H        -2.06059173793305    0.52951502342836   -0.90301211999351
5
 energy: -9.694952572205 gnorm: 0.000821656713 xtb: 6.2.2 (9d81278992624c895f80dd42a50cac0aa55982e2)
C         2.14422957652817   -0.54236831781926    0.94309454919090
N         1.09860610241858   -0.28439909073607    0.48251089697424
C        -0.05492873080048    0.01009739372345   -0.02700250139968
C        -1.12688657410224    0.28931497460524   -0.49400741286844
H        -2.06102037404405    0.52735504022663   -0.90459553189701
