5
 energy: -7.834418643822 gnorm: 0.218610093992 xtb: 6.2.2 (9d81278992624c895f80dd42a50cac0aa55982e2)
C        -0.53572000000000   -0.19014000000000    0.37244100000000
N        -1.05621700000000    1.11300200000000   -0.00012700000000
C         0.97393300000000   -0.12249900000000    0.50143300000000
H        -0.81601900000000   -0.93818400000000   -0.39814800000000
H         1.43402300000000    0.13782100000000   -0.47559800000000
5
 energy: -7.890903866052 gnorm: 0.125616471299 xtb: 6.2.2 (9d81278992624c895f80dd42a50cac0aa55982e2)
C        -0.47598891345234   -0.10339799989325    0.25487293556151
N        -1.07979626183714    1.05801231224676    0.03000765755159
C         0.94712095078375   -0.17047149400356    0.45328152810734
H        -0.90158185521539   -0.96854455344064   -0.32167371030786
H         1.51024607972112    0.18440173509069   -0.41648741091259
5
 energy: -7.900850086069 gnorm: 0.203499400507 xtb: 6.2.2 (9d81278992624c895f80dd42a50cac0aa55982e2)
C        -0.46211338855406   -0.03486310642933    0.17171922986939
N        -1.05108508319603    0.96550009643245    0.06589938773776
C         0.87626099394528   -0.17762285099621    0.36974636860048
H        -0.96291749982101   -0.97264222256124   -0.24993700487947
H         1.59985497762582    0.21962808355432   -0.35742698132816
5
 energy: -7.915663599646 gnorm: 0.070370124348 xtb: 6.2.2 (9d81278992624c895f80dd42a50cac0aa55982e2)
C        -0.43357280828581   -0.01490866390294    0.09661395780875
N        -1.17604430154833    1.02093163409874    0.09696467672086
C         0.91626699371584   -0.19618017662582    0.34036902648811
H        -1.02155262934817   -1.01275889319390   -0.21226685108729
H         1.71490274546646    0.20291609962392   -0.32167980993044
5
 energy: -7.920915995664 gnorm: 0.042430364583 xtb: 6.2.2 (9d81278992624c895f80dd42a50cac0aa55982e2)
C        -0.44958879192649   -0.02549917483128    0.11799015665562
N        -1.17115921387200    1.00899054811452    0.08438326536096
C         0.90439886883775   -0.20675608855044    0.30258067568193
H        -0.99661057742463   -0.98200638916867   -0.20002957581578
H         1.71295971438537    0.20527110443589   -0.30492352188274
5
 energy: -7.927630393970 gnorm: 0.071974285191 xtb: 6.2.2 (9d81278992624c895f80dd42a50cac0aa55982e2)
C        -0.47350187246202   -0.04352498357445    0.09437261134985
N        -1.14127856192366    0.99281455190609    0.05874112470260
C         0.88012234175417   -0.26613612443959    0.16970673411052
H        -1.04975046018919   -0.98083821667951   -0.10873528194537
H         1.78440855282070    0.29768477278746   -0.21408418821759
5
 energy: -7.932129377432 gnorm: 0.049578005672 xtb: 6.2.2 (9d81278992624c895f80dd42a50cac0aa55982e2)
C        -0.46046389640785   -0.05444197141905    0.02775783558291
N        -1.14692130508421    0.98870521619181    0.08776099185142
C         0.86562037225652   -0.23154919271321    0.06681746048901
H        -1.02082681338525   -0.95730564679791   -0.05991803050344
H         1.76259164262079    0.25459159473836   -0.12241725741990
5
 energy: -7.935387261772 gnorm: 0.043265365883 xtb: 6.2.2 (9d81278992624c895f80dd42a50cac0aa55982e2)
C        -0.45482962715217   -0.06530969369163   -0.01245511792098
N        -1.11162026199503    1.00760298276770    0.05541433791693
C         0.87393501006981   -0.30909849868426   -0.02892299907575
H        -1.07536125910383   -0.99244527968148    0.01934567871096
H         1.76787613818122    0.35925048928967   -0.03338089963116
5
 energy: -7.936474503080 gnorm: 0.015847463334 xtb: 6.2.2 (9d81278992624c895f80dd42a50cac0aa55982e2)
C        -0.45276082068665   -0.06728230766359    0.00784336558885
N        -1.10817121116262    1.01046382103965    0.05285618224812
C         0.89333464359471   -0.29257966343593    0.02255378543804
H        -1.07284155786749   -0.99500630721756   -0.01613804756443
H         1.74043894612205    0.34440445727743   -0.06711428571057
5
 energy: -7.936818121306 gnorm: 0.007951018840 xtb: 6.2.2 (9d81278992624c895f80dd42a50cac0aa55982e2)
C        -0.45263670948979   -0.07460604257881    0.00744777170513
N        -1.10497639261787    1.00974942147018    0.04764508162662
C         0.88827014259060   -0.29880884586507   -0.00197801406184
H        -1.07080276696336   -0.98750803736075   -0.00360098356815
H         1.74014572648041    0.35117350433445   -0.04951285570177
5
 energy: -7.936900349753 gnorm: 0.005539614283 xtb: 6.2.2 (9d81278992624c895f80dd42a50cac0aa55982e2)
C        -0.44666283676911   -0.07840069543191    0.00047725214346
N        -1.10056891844363    1.00847613877904    0.04622616091919
C         0.88834346291789   -0.29850702563858   -0.01804652776496
H        -1.07867993597504   -0.98763659868564    0.00441366459891
H         1.73756822826988    0.35606818097708   -0.03306954989660
5
 energy: -7.936923721259 gnorm: 0.002780641541 xtb: 6.2.2 (9d81278992624c895f80dd42a50cac0aa55982e2)
C        -0.44598165258001   -0.07936055998415    0.00392111762911
N        -1.09857630459715    1.00888005479756    0.04202334377680
C         0.89114997035844   -0.30290496705914   -0.02041769959640
H        -1.07800856477376   -0.98646261215751    0.00461557307344
H         1.73141655159247    0.35984808440324   -0.03014133488296
5
 energy: -7.936932195884 gnorm: 0.002510494952 xtb: 6.2.2 (9d81278992624c895f80dd42a50cac0aa55982e2)
C        -0.44619225698474   -0.07804456229744    0.00510018660580
N        -1.10176696582530    1.00837656660335    0.04415854029288
C         0.89065636489732   -0.29937591855560   -0.02080436474029
H        -1.07681220634790   -0.98591189188932    0.00222609040658
H         1.73411506426062    0.35495580613901   -0.03067945256498
5
 energy: -7.936939482616 gnorm: 0.001389491537 xtb: 6.2.2 (9d81278992624c895f80dd42a50cac0aa55982e2)
C        -0.44662096738292   -0.07712047145606    0.00615284562246
N        -1.10197026518595    1.00890106554234    0.04481781297532
C         0.89008602722075   -0.29861385111064   -0.02246743683596
H        -1.07642478278051   -0.98731227310006    0.00135384252374
H         1.73492998812863    0.35414553012442   -0.02985606428555
5
 energy: -7.936942383194 gnorm: 0.000753344473 xtb: 6.2.2 (9d81278992624c895f80dd42a50cac0aa55982e2)
C        -0.44783550681223   -0.07452109249113    0.00843396720582
N        -1.10445695594788    1.00990914611091    0.04654167259429
C         0.88854781382329   -0.29750334034491   -0.02709593066398
H        -1.07421497595063   -0.98915109142848   -0.00002944940675
H         1.73795962488745    0.35126637815360   -0.02784925972937
