5
 energy: -10.840468100742 gnorm: 0.356146886750 xtb: 6.2.2 (9d81278992624c895f80dd42a50cac0aa55982e2)
C         1.06424600000000   -0.40592200000000    0.30447200000000
N        -0.00430700000000    0.56625700000000    0.46968700000000
C        -1.06279800000000    0.21462700000000   -0.46315100000000
C         2.15594800000000    0.17504000000000   -0.57279200000000
C        -2.15308900000000   -0.55000200000000    0.26178500000000
5
 energy: -10.973945654575 gnorm: 0.253763149873 xtb: 6.2.2 (9d81278992624c895f80dd42a50cac0aa55982e2)
C         1.09901273192293   -0.28037218058096    0.25009813914511
N        -0.00387473463545    0.50932234045443    0.42245987504577
C        -1.09828628124542    0.18407808196018   -0.32997821282790
C         2.14857519856787    0.11115619136441   -0.53457545885600
C        -2.14542691460993   -0.52418443319806    0.19199665749303
5
 energy: -10.990382004317 gnorm: 0.520396403364 xtb: 6.2.2 (9d81278992624c895f80dd42a50cac0aa55982e2)
C         1.16392068381739   -0.13569488371022    0.17928914894412
N        -0.00294791228157    0.38753164817146    0.32143704817966
C        -1.16396043277061    0.14063571204400   -0.17519146378306
C         2.08923395792263    0.05563018874532   -0.44726419178820
C        -2.08624629668783   -0.44810266525056    0.12173045844748
5
 energy: -11.054209882665 gnorm: 0.084913447923 xtb: 6.2.2 (9d81278992624c895f80dd42a50cac0aa55982e2)
C         1.14134531423625   -0.07597635826642    0.18210158653004
N        -0.00319529597779    0.42007878716260    0.34843152598204
C        -1.14194823075090    0.15463705223244   -0.11685388964368
C         2.21700657805586    0.01585474399244   -0.50627212510845
C        -2.21320836556342   -0.51459422512106    0.09259390224005
5
 energy: -11.066693426620 gnorm: 0.094252708285 xtb: 6.2.2 (9d81278992624c895f80dd42a50cac0aa55982e2)
C         1.22294087935325   -0.01266543038253    0.09223266251557
N        -0.00275286939320    0.36140513142183    0.29976683989088
C        -1.22344095180288    0.07728625677421   -0.03863955996016
C         2.37589101949687    0.03253031543973   -0.45092736607495
C        -2.37263807765403   -0.45855627325326    0.09756842362866
5
 energy: -11.077499006183 gnorm: 0.100786562640 xtb: 6.2.2 (9d81278992624c895f80dd42a50cac0aa55982e2)
C         1.22282169647700    0.07459604558700   -0.02036299165529
N        -0.00253800691264    0.33383410798921    0.27690872343693
C        -1.22324855876450   -0.01726084161552    0.06792828219769
C         2.45146346639184    0.01784989988115   -0.39708374089005
C        -2.44849859719168   -0.40901921184185    0.07261072691071
5
 energy: -11.086525587449 gnorm: 0.020298856865 xtb: 6.2.2 (9d81278992624c895f80dd42a50cac0aa55982e2)
C         1.18733383198733    0.10735290893267   -0.02406593740281
N        -0.00246771854609    0.32399908210434    0.26870420031457
C        -1.18810478963155   -0.01445255631282    0.10106845415630
C         2.36810245318079   -0.01137269596065   -0.38872807792903
C        -2.36486377699047   -0.40552673876354    0.04302236086096
5
 energy: -11.087938863982 gnorm: 0.006516999555 xtb: 6.2.2 (9d81278992624c895f80dd42a50cac0aa55982e2)
C         1.19751276478218    0.10892022347701   -0.06657032770057
N        -0.00221846223862    0.29575365133859    0.24582024351651
C        -1.19718074790435   -0.05686186128937    0.11037161120009
C         2.40390651242966    0.01709159939482   -0.35322944513975
C        -2.40202006706885   -0.36490361292106    0.06360891812371
5
 energy: -11.087750180886 gnorm: 0.034570225448 xtb: 6.2.2 (9d81278992624c895f80dd42a50cac0aa55982e2)
C         1.18927269660923    0.10051289682360   -0.11121899337073
N        -0.00274942186848    0.27272428760462    0.21340929657969
C        -1.20746635878147   -0.08202125736286    0.11100870833002
C         2.43591926130032    0.04436714269726   -0.30846855605679
C        -2.41497617725958   -0.33558306976264    0.09527054451781
5
 energy: -11.084150329349 gnorm: 0.077242609193 xtb: 6.2.2 (9d81278992624c895f80dd42a50cac0aa55982e2)
C         1.21634961199079    0.09795890219204   -0.15908212231862
N        -0.00051511039677    0.18819509977942    0.17810115475288
C        -1.18534948044115   -0.18211629318256    0.11533752080062
C         2.45517928857523    0.12240207667705   -0.26329498077349
C        -2.48566430972807   -0.22643978546597    0.12893942753861
5
 energy: -11.087917155501 gnorm: 0.042600121519 xtb: 6.2.2 (9d81278992624c895f80dd42a50cac0aa55982e2)
C         1.21238280133404    0.10845091823749   -0.09683310979227
N         0.00018044408095    0.23962505833198    0.20501780544852
C        -1.19961195288631   -0.09814969858186    0.11653421278603
C         2.41544363237690    0.05850688133429   -0.31340862875214
C        -2.42839492490556   -0.30843315932192    0.08869072030985
5
 energy: -11.086888705873 gnorm: 0.054158572382 xtb: 6.2.2 (9d81278992624c895f80dd42a50cac0aa55982e2)
C         1.18531176522775    0.07624570505035   -0.11611239431075
N        -0.00997727638592    0.25062166986406    0.19572956615447
C        -1.21111096288903   -0.08148750072346    0.08214125313319
C         2.44959018414313    0.07302176254246   -0.29111701684464
C        -2.41381371009591   -0.31840163673341    0.12935959186774
5
 energy: -11.088426063022 gnorm: 0.017420362578 xtb: 6.2.2 (9d81278992624c895f80dd42a50cac0aa55982e2)
C         1.19943096516971    0.09041408116426   -0.10567858564418
N         0.00324081382404    0.24389625062995    0.19341695097565
C        -1.20481542705841   -0.09176894531333    0.10352747442446
C         2.43093177141674    0.07027208478512   -0.29983315488225
C        -2.42878812335205   -0.31281347126602    0.10856831512632
5
 energy: -11.087310546872 gnorm: 0.059104803246 xtb: 6.2.2 (9d81278992624c895f80dd42a50cac0aa55982e2)
C         1.21722750372897    0.11531883692285   -0.09636774735141
N        -0.01716213653255    0.21804509080503    0.20852791551012
C        -1.19763514595255   -0.10073606460189    0.10638970821503
C         2.42712861366504    0.06278091781933   -0.31632414158650
C        -2.42955883490888   -0.29540878094533    0.09777526521276
5
 energy: -11.088582087713 gnorm: 0.004790919381 xtb: 6.2.2 (9d81278992624c895f80dd42a50cac0aa55982e2)
C         1.20548115436131    0.09566137833493   -0.10579967437872
N        -0.00178657210146    0.23064884156684    0.19095663096346
C        -1.20562688537830   -0.09573939318658    0.10377973135816
C         2.43382962260071    0.07320844170394   -0.29918705294486
C        -2.43189731948224   -0.30377926841915    0.11025136500195
5
 energy: -11.088613473113 gnorm: 0.002856087143 xtb: 6.2.2 (9d81278992624c895f80dd42a50cac0aa55982e2)
C         1.20549790717238    0.09292938961119   -0.10751318124106
N        -0.00150597865101    0.22499484154587    0.18580951412092
C        -1.20582232504228   -0.09762923919726    0.10164824641236
C         2.43553647006690    0.07887168954460   -0.29508564161922
C        -2.43370607354597   -0.29916668150441    0.11514206232700
5
 energy: -11.088697879211 gnorm: 0.005049947555 xtb: 6.2.2 (9d81278992624c895f80dd42a50cac0aa55982e2)
C         1.21016455563861    0.08258361300241   -0.11633803242468
N        -0.00097277194948    0.19010465675817    0.15600819254503
C        -1.21077002524069   -0.10749096285065    0.09342486204838
C         2.44683060818418    0.10780681256678   -0.27283799650288
C        -2.44525236663259   -0.27300411947673    0.13974397433414
5
 energy: -11.088716226253 gnorm: 0.001081636208 xtb: 6.2.2 (9d81278992624c895f80dd42a50cac0aa55982e2)
C         1.21190307654739    0.08288030301246   -0.11476934635643
N        -0.00125544620998    0.18344354833437    0.15144781148775
C        -1.21192695619204   -0.10681579778465    0.09307857576284
C         2.44682881071581    0.11051544898401   -0.27144894514917
C        -2.44554948486116   -0.27002350254621    0.14169290425501
5
 energy: -11.088720002020 gnorm: 0.001276123524 xtb: 6.2.2 (9d81278992624c895f80dd42a50cac0aa55982e2)
C         1.21437204500176    0.08167914259880   -0.11380147533388
N        -0.00147589643578    0.17245820416776    0.14300959904778
C        -1.21421154445251   -0.10666021885501    0.09143679962607
C         2.44894897145608    0.11682776691362   -0.26756078379632
C        -2.44763357556952   -0.26430489482519    0.14691686045634
5
 energy: -11.088720858291 gnorm: 0.000483161318 xtb: 6.2.2 (9d81278992624c895f80dd42a50cac0aa55982e2)
C         1.21370079341535    0.08249479777503   -0.11347138307079
N        -0.00133205779546    0.17527299070689    0.14516277982613
C        -1.21363707317130   -0.10616423048686    0.09233748041203
C         2.44825291497449    0.11468925295251   -0.26907040861580
C        -2.44698457742306   -0.26629281094759    0.14504253144844
