5
 energy: -10.938876179344 gnorm: 0.208690735946 xtb: 6.2.2 (9d81278992624c895f80dd42a50cac0aa55982e2)
C        -1.36780900000000    0.58710200000000   -0.20136500000000
C        -0.46427200000000   -0.56061600000000   -0.60221500000000
N         0.78466100000000   -0.54639700000000    0.17974900000000
C        -0.48624400000000   -0.13111100000000    0.79930300000000
C         1.53366300000000    0.65102200000000   -0.17547100000000
5
 energy: -10.987742821791 gnorm: 0.156452044107 xtb: 6.2.2 (9d81278992624c895f80dd42a50cac0aa55982e2)
C        -1.43666069024613    0.47224799197171   -0.16724645262104
C        -0.44543794090926   -0.49153312079165   -0.64212956994042
N         0.77092056779712   -0.47909307057332    0.15890760873858
C        -0.46795516106564   -0.05136370476084    0.79418930804284
C         1.57913222442390    0.54974190415410   -0.14371989421995
5
 energy: -10.996801847816 gnorm: 0.300647374721 xtb: 6.2.2 (9d81278992624c895f80dd42a50cac0aa55982e2)
C        -1.35627269550260    0.35759925063391   -0.13085054081903
C        -0.46945699098947   -0.46956015854923   -0.68003511240520
N         0.74264354246178   -0.30256115082351    0.10436509886480
C        -0.49285481355167   -0.01213985877305    0.81257194644021
C         1.57593995758196    0.42666191751189   -0.10605039208079
5
 energy: -11.028542399058 gnorm: 0.087051119805 xtb: 6.2.2 (9d81278992624c895f80dd42a50cac0aa55982e2)
C        -1.47881484650768    0.30578170522101   -0.11689128843511
C        -0.48693334821699   -0.45811030690855   -0.69470360398167
N         0.71705548482919   -0.27790552644780    0.09640858414634
C        -0.51064300670982    0.00540734203644    0.81780069172656
C         1.75933471660530    0.42482678609891   -0.10261338345611
5
 energy: -11.034519888154 gnorm: 0.076265434233 xtb: 6.2.2 (9d81278992624c895f80dd42a50cac0aa55982e2)
C        -1.57242159032298    0.24402350031245   -0.09943202389229
C        -0.48109411668346   -0.42209418528530   -0.71422626888534
N         0.72553952284333   -0.22396176320814    0.08001026122067
C        -0.50504898380557    0.04622791238261    0.81395458440183
C         1.83302416796868    0.35580453579839   -0.08030555284486
5
 energy: -11.038671182312 gnorm: 0.045955666109 xtb: 6.2.2 (9d81278992624c895f80dd42a50cac0aa55982e2)
C        -1.58424564192223    0.21350889119982   -0.09026569677432
C        -0.48805114802453   -0.41358221483135   -0.71666837579989
N         0.72603804092338   -0.16972089746763    0.06339585386279
C        -0.51199809869482    0.05458523247107    0.81100852960449
C         1.85825584771820    0.31520898862809   -0.06746931089307
5
 energy: -11.041234315233 gnorm: 0.023991091845 xtb: 6.2.2 (9d81278992624c895f80dd42a50cac0aa55982e2)
C        -1.60226936878135    0.18071037263889   -0.08049664261365
C        -0.48864618337433   -0.39734033341477   -0.71393523073610
N         0.72904092638389   -0.11622007869775    0.04704730380935
C        -0.51237090980240    0.06650291967693    0.79962973882013
C         1.87424453557419    0.26634711979669   -0.05224416927973
5
 energy: -11.041070259790 gnorm: 0.057570378856 xtb: 6.2.2 (9d81278992624c895f80dd42a50cac0aa55982e2)
C        -1.64911461201834    0.10746210826882   -0.05878302183063
C        -0.49683629109213   -0.36729884434921   -0.71587727707802
N         0.71933861281858   -0.02354147606861    0.01849373340515
C        -0.52034823376328    0.09240288948964    0.78417346025507
C         1.94695952405518    0.19097532265936   -0.02800589475157
5
 energy: -11.042633380512 gnorm: 0.008665068393 xtb: 6.2.2 (9d81278992624c895f80dd42a50cac0aa55982e2)
C        -1.62978151885565    0.13235301591042   -0.06610800334518
C        -0.48902947085929   -0.37189101147372   -0.71151022314072
N         0.72418534435443   -0.06077978164558    0.02998170017503
C        -0.51246012902299    0.08622145243486    0.78335410480541
C         1.90708477438351    0.21409632477402   -0.03571657849453
5
 energy: -11.042847287628 gnorm: 0.008208513568 xtb: 6.2.2 (9d81278992624c895f80dd42a50cac0aa55982e2)
C        -1.63856130533606    0.11623039887092   -0.06130637965680
C        -0.48737730189521   -0.36111150653232   -0.71135659587827
N         0.72375231243981   -0.04790211518534    0.02602761796967
C        -0.51071368399279    0.09507593542037    0.77724097350735
C         1.91289897878425    0.19770728742638   -0.03060461594194
5
 energy: -11.043048005520 gnorm: 0.009627201298 xtb: 6.2.2 (9d81278992624c895f80dd42a50cac0aa55982e2)
C        -1.64876218496426    0.08686219013057   -0.05246447960290
C        -0.48699747225828   -0.34309966038553   -0.71253081467431
N         0.72241783889762   -0.02606839114413    0.01931583664134
C        -0.51020317822060    0.11066109343862    0.76812816653906
C         1.92354399654552    0.17164476796048   -0.02244770890319
5
 energy: -11.043146490614 gnorm: 0.008600305952 xtb: 6.2.2 (9d81278992624c895f80dd42a50cac0aa55982e2)
C        -1.65317257810752    0.07145694217502   -0.04780980976951
C        -0.48692447408915   -0.33267653711733   -0.71519204214581
N         0.72353783421257   -0.01987521638546    0.01743890514191
C        -0.51011103278644    0.12078739193131    0.76448773847271
C         1.92666925077053    0.16030741939647   -0.01892379169931
5
 energy: -11.043289180304 gnorm: 0.003655213672 xtb: 6.2.2 (9d81278992624c895f80dd42a50cac0aa55982e2)
C        -1.65803333308265    0.04377141704828   -0.03939881272861
C        -0.48882754110740   -0.31446242910389   -0.72159657790894
N         0.72678159254939   -0.01184205094986    0.01503316166585
C        -0.51203327857854    0.13944442580020    0.75952562932169
C         1.93211156021920    0.14308863720527   -0.01356240035000
5
 energy: -11.043321798438 gnorm: 0.002241722066 xtb: 6.2.2 (9d81278992624c895f80dd42a50cac0aa55982e2)
C        -1.66216711360662    0.02705342740165   -0.03434173793756
C        -0.49048055777412   -0.30359992111445   -0.72551737759890
N         0.72932873314245   -0.00689917201097    0.01355746872424
C        -0.51370282271862    0.15062269671113    0.75664233660868
C         1.93702076095692    0.13282296901264   -0.01033968979645
5
 energy: -11.043326562436 gnorm: 0.001237124529 xtb: 6.2.2 (9d81278992624c895f80dd42a50cac0aa55982e2)
C        -1.66198340571510    0.02152548245921   -0.03264585977145
C        -0.49152613985421   -0.29985245920519   -0.72655333316679
N         0.73050507486313   -0.00627311080603    0.01338362483313
C        -0.51474494488893    0.15429684729292    0.75537295779006
C         1.93774841559511    0.13030324025909   -0.00955638968496
5
 energy: -11.043327637229 gnorm: 0.000833748546 xtb: 6.2.2 (9d81278992624c895f80dd42a50cac0aa55982e2)
C        -1.66406444422444    0.01692299394809   -0.03126768480790
C        -0.49167216818142   -0.29670834897915   -0.72704954812261
N         0.73106376593220   -0.00425678969976    0.01277568904673
C        -0.51487569823567    0.15717757520845    0.75401685965160
C         1.93954754470933    0.12686456952237   -0.00847431576783
