5
 energy: -7.852962313228 gnorm: 0.096383961190 xtb: 6.2.2 (9d81278992624c895f80dd42a50cac0aa55982e2)
C         0.73166200000000    0.10802900000000    0.41077800000000
N        -0.74076400000000    0.03969600000000    0.45381800000000
C        -0.06179200000000    1.12266100000000   -0.27122600000000
H         1.13122900000000   -0.62190100000000   -0.32736800000000
H        -1.06033600000000   -0.64848500000000   -0.26600200000000
5
 energy: -7.866681597386 gnorm: 0.059495040596 xtb: 6.2.2 (9d81278992624c895f80dd42a50cac0aa55982e2)
C         0.72532324239860    0.09399916384330    0.35525893294906
N        -0.74078557358790    0.05627678589744    0.40197040074516
C        -0.08201424627356    1.16074835109408   -0.22562560611399
H         1.21827803894159   -0.64768251085509   -0.29954157704880
H        -1.12080246147872   -0.66334178997973   -0.23206215053142
5
 energy: -7.872635369379 gnorm: 0.019685171227 xtb: 6.2.2 (9d81278992624c895f80dd42a50cac0aa55982e2)
C         0.72505660008395    0.07823743067035    0.31731001574184
N        -0.72370428207937    0.06205514055128    0.35036730847243
C        -0.09473419345826    1.16313311516603   -0.19369729580126
H         1.30144656926825   -0.64072288502836   -0.27230478941605
H        -1.20806569381456   -0.66270280135931   -0.20167523899697
5
 energy: -7.873453238086 gnorm: 0.014407409655 xtb: 6.2.2 (9d81278992624c895f80dd42a50cac0aa55982e2)
C         0.72742758922171    0.07545358342087    0.30509147684017
N        -0.71257817937996    0.05072299161967    0.33053757245512
C        -0.09389869252594    1.16800550216393   -0.18690186570779
H         1.32429623254599   -0.63374956598898   -0.25877383692039
H        -1.24524794986180   -0.66043251121549   -0.18995334666712
5
 energy: -7.873776101964 gnorm: 0.005587274571 xtb: 6.2.2 (9d81278992624c895f80dd42a50cac0aa55982e2)
C         0.72423071679303    0.06783488678988    0.30055476280796
N        -0.70913604800959    0.04039838023989    0.31749877590005
C        -0.08907030195833    1.16881904006238   -0.18748730973855
H         1.34576976715798   -0.62224511132284   -0.25336565800137
H        -1.27179513398310   -0.65480719576931   -0.17720057096810
5
 energy: -7.873813931441 gnorm: 0.001338816383 xtb: 6.2.2 (9d81278992624c895f80dd42a50cac0aa55982e2)
C         0.72237451505447    0.06421930902083    0.30114498706621
N        -0.70836302978822    0.03662017999848    0.31386970274695
C        -0.08730854786408    1.16828764513924   -0.18941935143703
H         1.35173425365252   -0.61739754630552   -0.25292931602521
H        -1.27843819105469   -0.65172958785304   -0.17266602235093
5
 energy: -7.873816948442 gnorm: 0.000462044787 xtb: 6.2.2 (9d81278992624c895f80dd42a50cac0aa55982e2)
C         0.72204430466522    0.06291944091774    0.30302067454990
N        -0.70783364235837    0.03573078925681    0.31303612068765
C        -0.08647047258053    1.16749933001342   -0.19082094383401
H         1.35352920703932   -0.61509447563522   -0.25368322038004
H        -1.28127039676564   -0.65105508455274   -0.17155263102351
