5
 energy: -10.857569094994 gnorm: 0.194072062999 xtb: 6.2.2 (9d81278992624c895f80dd42a50cac0aa55982e2)
C        -1.19192800000000    0.04332000000000   -0.01847100000000
N         0.04123200000000    0.77264900000000   -0.41794900000000
C         1.19107600000000   -0.05923000000000    0.02705900000000
C        -0.01751000000000   -0.03075100000000    0.84755100000000
C        -0.02286900000000   -0.72598800000000   -0.43818900000000
5
 energy: -10.872448679143 gnorm: 0.104661946473 xtb: 6.2.2 (9d81278992624c895f80dd42a50cac0aa55982e2)
C        -1.19637106950678    0.04624957485951   -0.02004942169573
N         0.04190789804817    0.78530970258966   -0.42477399651944
C         1.19581259288791   -0.05669446746262    0.02565502780910
C        -0.01786532627795   -0.02305418245062    0.88342394691745
C        -0.02348309515135   -0.75181062753593   -0.46425455651139
5
 energy: -10.885582337014 gnorm: 0.072703738414 xtb: 6.2.2 (9d81278992624c895f80dd42a50cac0aa55982e2)
C        -1.18248175682821    0.03588594309857   -0.01461590099966
N         0.04332653505907    0.81193790192425   -0.43899112350937
C         1.18088956605013   -0.06581679111620    0.03053652870000
C        -0.01784618267065    0.00042987937457    0.93522051212497
C        -0.02388716161034   -0.78243693328119   -0.51214901631593
5
 energy: -10.917671897015 gnorm: 0.149614911715 xtb: 6.2.2 (9d81278992624c895f80dd42a50cac0aa55982e2)
C        -1.12610538650457   -0.01288491849404    0.01092635469359
N         0.04642590348450    0.87033031071432   -0.46957386447890
C         1.11960478744837   -0.10952177065290    0.05382725805839
C        -0.01640857605203    0.08428819378174    1.04863719467253
C        -0.02351572837628   -0.83221181534912   -0.64381594294560
5
 energy: -10.891067541808 gnorm: 0.223221257975 xtb: 6.2.2 (9d81278992624c895f80dd42a50cac0aa55982e2)
C        -1.00359323620739   -0.10223585818870    0.05799226665483
N         0.05061784235711    0.94936684787057   -0.51076708118652
C         0.98817339950556   -0.18794088851295    0.09603565013572
C        -0.01307960344377    0.24978965640422    1.24682533430641
C        -0.02211740221151   -0.90897975757314   -0.89008516991043
5
 energy: -10.933567332184 gnorm: 0.147541743410 xtb: 6.2.2 (9d81278992624c895f80dd42a50cac0aa55982e2)
C        -1.04854459224345   -0.05424360125365    0.03264505577201
N         0.04779794598729    0.89629645828937   -0.48278617556843
C         1.03800970516159   -0.14402949815061    0.07250224387059
C        -0.01461255504827    0.16715934028891    1.14112804239577
C        -0.02264950385716   -0.86518269917402   -0.76348816646994
5
 energy: -10.942997487812 gnorm: 0.095201896374 xtb: 6.2.2 (9d81278992624c895f80dd42a50cac0aa55982e2)
C        -1.05435493622951   -0.03771912055112    0.02404610102512
N         0.04599324227633    0.86237968153791   -0.46475617382552
C         1.04553896650807   -0.12808005493333    0.06415965401727
C        -0.01478511299449    0.14031329573862    1.08979283605574
C        -0.02239115956039   -0.83689380179208   -0.71324141727261
5
 energy: -10.948552686023 gnorm: 0.065757282502 xtb: 6.2.2 (9d81278992624c895f80dd42a50cac0aa55982e2)
C        -1.04265824689205   -0.04251597633913    0.02664072492876
N         0.04491457822586    0.84220606609884   -0.45375487699803
C         1.03338164019839   -0.13185118547586    0.06629925999377
C        -0.01403332207559    0.15184449013198    1.07647414248958
C        -0.02160364945661   -0.81968339441582   -0.71565825041407
5
 energy: -10.957295339448 gnorm: 0.048580388000 xtb: 6.2.2 (9d81278992624c895f80dd42a50cac0aa55982e2)
C        -1.01658116960414   -0.07382932638426    0.04336384292180
N         0.04275533802543    0.80193510731255   -0.43149256084926
C         1.00409048277093   -0.16078383776143    0.08196601281722
C        -0.01127360416180    0.20984691497251    1.06278532316831
C        -0.01899004703042   -0.77716885813937   -0.75662161805807
5
 energy: -10.960858877761 gnorm: 0.039409033723 xtb: 6.2.2 (9d81278992624c895f80dd42a50cac0aa55982e2)
C        -1.01846884939519   -0.10132292658582    0.05819014204282
N         0.04202541130664    0.78831636890630   -0.42400850401656
C         1.00304265272501   -0.18831492383563    0.09680921666262
C        -0.00939027795979    0.25037031804637    1.05553581755550
C        -0.01720793667667   -0.74904883653122   -0.78652567224438
5
 energy: -10.963480640757 gnorm: 0.019452751728 xtb: 6.2.2 (9d81278992624c895f80dd42a50cac0aa55982e2)
C        -1.03679603082309   -0.13730404943780    0.07789660758118
N         0.04140845620107    0.77663453680230   -0.41809677105298
C         1.01744715555861   -0.22570626629031    0.11714210235479
C        -0.00711734717015    0.29450147700731    1.03601669858318
C        -0.01494123376643   -0.70812569808151   -0.81295763746617
5
 energy: -10.963889346425 gnorm: 0.011440829325 xtb: 6.2.2 (9d81278992624c895f80dd42a50cac0aa55982e2)
C        -1.04592302030692   -0.14448276434742    0.08202732279506
N         0.04156818274711    0.77942923500795   -0.42017605091785
C         1.02576035765239   -0.23363566185851    0.12160603816753
C        -0.00682824622133    0.29751689850160    1.02766468336313
C        -0.01457627387125   -0.69882770730361   -0.81112099340787
5
 energy: -10.964038449981 gnorm: 0.006914624468 xtb: 6.2.2 (9d81278992624c895f80dd42a50cac0aa55982e2)
C        -1.05020521046628   -0.14780906184761    0.08405795430420
N         0.04185432517611    0.78456374561090   -0.42358826588423
C         1.02966127053141   -0.23731395387156    0.12379277844622
C        -0.00682103330618    0.29527001353812    1.02220043397161
C        -0.01448835193506   -0.69471074342985   -0.80646190083780
5
 energy: -10.964081221278 gnorm: 0.004317093952 xtb: 6.2.2 (9d81278992624c895f80dd42a50cac0aa55982e2)
C        -1.04989422341637   -0.15016252158505    0.08545324365577
N         0.04200822725869    0.78730332176026   -0.42546709160817
C         1.02909674555891   -0.23962955370504    0.12517114618257
C        -0.00679098430011    0.29497999709013    1.01995757065857
C        -0.01441876510112   -0.69249124356030   -0.80511386888874
5
 energy: -10.964102814881 gnorm: 0.001254563475 xtb: 6.2.2 (9d81278992624c895f80dd42a50cac0aa55982e2)
C        -1.04787726640609   -0.15246585558316    0.08678962371234
N         0.04212768761009    0.78941482347514   -0.42695253284653
C         1.02684018575991   -0.24174873837243    0.12642568559655
C        -0.00674383694324    0.29561053896765    1.01889653346286
C        -0.01434577002066   -0.69081076848721   -0.80515830992521
5
 energy: -10.964104575507 gnorm: 0.000373791851 xtb: 6.2.2 (9d81278992624c895f80dd42a50cac0aa55982e2)
C        -1.04654043204035   -0.15297638783729    0.08707145220759
N         0.04213081890200    0.78944877066774   -0.42703086667468
C         1.02545455570066   -0.24214197361457    0.12665545775590
C        -0.00672076858154    0.29628896297118    1.01921744721552
C        -0.01432317398077   -0.69061937218706   -0.80591249050433
