5
 energy: -8.457002172881 gnorm: 0.108099723966 xtb: 6.2.2 (9d81278992624c895f80dd42a50cac0aa55982e2)
C        -0.73686200000000    1.24584900000000   -0.34922100000000
C         0.00394700000000   -0.00254600000000    0.08078900000000
C         1.40503900000000    0.01937900000000   -0.49249700000000
C        -0.73018000000000   -1.22525000000000   -0.42739200000000
H         0.05805600000000   -0.03743300000000    1.18832100000000
5
 energy: -8.479205743991 gnorm: 0.048550926080 xtb: 6.2.2 (9d81278992624c895f80dd42a50cac0aa55982e2)
C        -0.69000565832407    1.16384681295248   -0.38012127851125
C         0.00624435703790   -0.00402717342352    0.12779769839804
C         1.30797347753739    0.01978976548508   -0.51377024595766
C        -0.68377325565565   -1.14120713464359   -0.45303992043187
H         0.05956107940443   -0.03840327037045    1.21913374650274
5
 energy: -8.487945714467 gnorm: 0.023663381186 xtb: 6.2.2 (9d81278992624c895f80dd42a50cac0aa55982e2)
C        -0.64364280087078    1.08181315587342   -0.42752467840169
C         0.00967651984500   -0.00623824851389    0.19794584703540
C         1.20947935491128    0.02071949192766   -0.55147595097428
C        -0.63786624246876   -1.05609250416761   -0.49515273879507
H         0.06235316858327   -0.04020289511959    1.27620752113565
5
 energy: -8.501588931627 gnorm: 0.087003651241 xtb: 6.2.2 (9d81278992624c895f80dd42a50cac0aa55982e2)
C        -0.61773797689827    1.03433415731993   -0.48292323074921
C         0.01364228387631   -0.00877875478064    0.27815777655927
C         1.15022153833934    0.02216308746910   -0.60111780903253
C        -0.61227023045546   -1.00507699760769   -0.54741303862887
H         0.06614438513809   -0.04264249240070    1.35329630185135
5
 energy: -8.563784355576 gnorm: 0.112133752544 xtb: 6.2.2 (9d81278992624c895f80dd42a50cac0aa55982e2)
C        -0.54558732424093    0.90292943303441   -0.60931091443862
C         0.02316784244188   -0.01480626307380    0.46592463179549
C         0.98907456855471    0.02545320718730   -0.71143557290591
C        -0.54114882257027   -0.86561850372201   -0.66508161632155
H         0.07449373581462   -0.04795887342590    1.51990347187058
5
 energy: -8.569091180774 gnorm: 0.195046240274 xtb: 6.2.2 (9d81278992624c895f80dd42a50cac0aa55982e2)
C        -0.46714052299713    0.74611553415045   -0.69307211185588
C         0.03403330601187   -0.02011947420317    0.58076848410603
C         0.81764853505931    0.03098819695437   -0.76902051301907
C        -0.46873135436982   -0.70436407642542   -0.73571751160811
H         0.08419003629577   -0.05262118047623    1.61704165237704
5
 energy: -8.617522717282 gnorm: 0.285114602930 xtb: 6.2.2 (9d81278992624c895f80dd42a50cac0aa55982e2)
C        -0.51706932419407    0.63530627727949   -0.73479286129201
C         0.08858847977802   -0.04087901419697    0.55231948871759
C         0.87296588263587    0.08754339453196   -0.69837489183563
C        -0.59114572531895   -0.60413096603242   -0.72466974545494
H         0.14666068709914   -0.07784069158207    1.60551800986499
5
 energy: -8.657054320981 gnorm: 0.163211218542 xtb: 6.2.2 (9d81278992624c895f80dd42a50cac0aa55982e2)
C        -0.59625598284296    0.70229174424545   -0.71972404229304
C         0.14362981309748   -0.08052529315412    0.37775761347276
C         1.03927308519604    0.19186261527573   -0.55132114448605
C        -0.80108617224037   -0.69256514811798   -0.62941699684863
H         0.21443925678981   -0.12106491824909    1.52270457015497
5
 energy: -8.693521818741 gnorm: 0.075663662082 xtb: 6.2.2 (9d81278992624c895f80dd42a50cac0aa55982e2)
C        -0.48219603053832    0.63304531530667   -0.80568712922309
C         0.17379025212805   -0.14535280181540    0.43214314164938
C         1.01158972411024    0.36463884215281   -0.57220977064797
C        -0.90173919321876   -0.65974285680736   -0.58263815560323
H         0.19855524751879   -0.19258949883672    1.52839191382491
5
 energy: -8.694307205162 gnorm: 0.108900822997 xtb: 6.2.2 (9d81278992624c895f80dd42a50cac0aa55982e2)
C        -0.38269504712603    0.60777923623466   -0.87220065291390
C         0.15891805453633   -0.16786071854876    0.47641003788042
C         0.90490680096197    0.44785753401875   -0.56921639714423
C        -0.89376916589898   -0.63214283007824   -0.55144472053489
H         0.21263935752671   -0.25563422162642    1.51645173271260
5
 energy: -8.701534041954 gnorm: 0.026027437787 xtb: 6.2.2 (9d81278992624c895f80dd42a50cac0aa55982e2)
C        -0.45434763675471    0.62878585334868   -0.85859047067293
C         0.16406926381145   -0.13724627757324    0.45261080369160
C         0.95679217974465    0.39080832742989   -0.56199676248793
C        -0.87567756866552   -0.61296938886384   -0.53600458630100
H         0.20916376186413   -0.26937951434149    1.50398101577027
5
 energy: -8.702303861011 gnorm: 0.020082732707 xtb: 6.2.2 (9d81278992624c895f80dd42a50cac0aa55982e2)
C        -0.44760030744780    0.64229968094180   -0.87140853604698
C         0.16146226178393   -0.13898615802735    0.45613933391183
C         0.94568445712052    0.39468527962657   -0.57039213736940
C        -0.86427353320838   -0.61273705940417   -0.52847827356228
H         0.20472712175174   -0.28526274313686    1.51413961306682
5
 energy: -8.703421224057 gnorm: 0.028757806077 xtb: 6.2.2 (9d81278992624c895f80dd42a50cac0aa55982e2)
C        -0.44672288098623    0.66175773856438   -0.88763759383584
C         0.15290080100191   -0.14644787138034    0.46710308469531
C         0.91743370544426    0.38480154743735   -0.57379354885571
C        -0.83426185608601   -0.60252561708270   -0.52771865040196
H         0.21065023062606   -0.29758679753870    1.52204670839820
5
 energy: -8.701603616360 gnorm: 0.133799887917 xtb: 6.2.2 (9d81278992624c895f80dd42a50cac0aa55982e2)
C        -0.46127099411059    0.79685643897574   -1.01449569973919
C         0.10474239615821   -0.21121702016509    0.53071870268155
C         0.73921829136275    0.33209570112596   -0.56896664501658
C        -0.66269553011853   -0.52719039660469   -0.52029659692023
H         0.28000583670815   -0.39054572333192    1.57304023899445
5
 energy: -8.709655250507 gnorm: 0.058091427560 xtb: 6.2.2 (9d81278992624c895f80dd42a50cac0aa55982e2)
C        -0.44710478723346    0.71770458780104   -0.95320922866728
C         0.13388311817671   -0.19342462836285    0.49734484673063
C         0.84358642235372    0.38510660565131   -0.56322125069499
C        -0.78419867978774   -0.57297294109254   -0.52791856500219
H         0.25383392649077   -0.33641462399696    1.54700419763382
5
 energy: -8.713555668426 gnorm: 0.040336208436 xtb: 6.2.2 (9d81278992624c895f80dd42a50cac0aa55982e2)
C        -0.44660781481377    0.75309130055148   -0.98524166619436
C         0.13314133322964   -0.22665525016042    0.50754713324976
C         0.81413918788906    0.39346349052359   -0.56357177342845
C        -0.76175416204766   -0.55692929230176   -0.51377305497108
H         0.26108145574272   -0.36297124861289    1.55503936134413
5
 energy: -8.714881627651 gnorm: 0.025213001999 xtb: 6.2.2 (9d81278992624c895f80dd42a50cac0aa55982e2)
C        -0.45579511613336    0.78013561132914   -1.00053198161511
C         0.14209911233019   -0.25333625022680    0.50828518674359
C         0.80226616970809    0.39414686612281   -0.56487624319354
C        -0.74751248150463   -0.54432571082158   -0.50209284232016
H         0.25894231559971   -0.37662151640357    1.55921588038521
5
 energy: -8.715661362552 gnorm: 0.016347899748 xtb: 6.2.2 (9d81278992624c895f80dd42a50cac0aa55982e2)
C        -0.46442116690731    0.78364328207188   -0.99935859628670
C         0.15446790197044   -0.27203410591463    0.50589547240724
C         0.80135199640756    0.39418989044717   -0.56110619790478
C        -0.75216407325510   -0.53995366149141   -0.50760075414362
H         0.26076534178440   -0.36584640511301    1.56217007592786
5
 energy: -8.716425586525 gnorm: 0.006399745673 xtb: 6.2.2 (9d81278992624c895f80dd42a50cac0aa55982e2)
C        -0.48237316493095    0.78026079973595   -0.98575872918513
C         0.18509192096012   -0.29873466798595    0.49161821395234
C         0.81170926281550    0.39402614733228   -0.55445132927941
C        -0.76683371114844   -0.52997085038017   -0.50893585030670
H         0.25240569230378   -0.34558242870212    1.55752769481889
5
 energy: -8.716479817665 gnorm: 0.003546301708 xtb: 6.2.2 (9d81278992624c895f80dd42a50cac0aa55982e2)
C        -0.48438083030929    0.77725751344114   -0.97821455857820
C         0.18979257439860   -0.30021862131838    0.49123964397306
C         0.81406028846904    0.38971006122789   -0.55758230719653
C        -0.76585844239959   -0.52985508501021   -0.51216741052397
H         0.24638640984124   -0.33689486834044    1.55672463232564
5
 energy: -8.716492232568 gnorm: 0.001444502187 xtb: 6.2.2 (9d81278992624c895f80dd42a50cac0aa55982e2)
C        -0.48343284021647    0.77571661414616   -0.97520783990429
C         0.19138852539954   -0.30124124993160    0.48989103429652
C         0.81495098887047    0.38997804282537   -0.55870329670573
C        -0.76593937731581   -0.52957314692557   -0.51119764718861
H         0.24303270326227   -0.33488126011436    1.55521774950211
5
 energy: -8.716495294308 gnorm: 0.000671856432 xtb: 6.2.2 (9d81278992624c895f80dd42a50cac0aa55982e2)
C        -0.48338522737999    0.77659217260662   -0.97278423379360
C         0.19195912801420   -0.30247858647910    0.48898565887286
C         0.81473699184438    0.38926125495648   -0.55948356688888
C        -0.76511104965519   -0.53030437954327   -0.51136861780974
H         0.24180015717660   -0.33307146154073    1.55465075961936
