5
 energy: -9.473943696284 gnorm: 0.208456988333 xtb: 6.2.2 (9d81278992624c895f80dd42a50cac0aa55982e2)
N        -1.19825700000000   -0.46298000000000   -0.24950900000000
C        -0.00890300000000    0.39341200000000   -0.35975500000000
C         1.24840000000000   -0.43729300000000   -0.25048500000000
C         0.00385800000000   -0.76295600000000    0.54025500000000
H        -0.04509800000000    1.26981700000000    0.31949300000000
5
 energy: -9.532160624718 gnorm: 0.143442485349 xtb: 6.2.2 (9d81278992624c895f80dd42a50cac0aa55982e2)
N        -1.10486649172124   -0.49520822965175   -0.22762461130600
C         0.00395845724922    0.43840323435186   -0.31137743587433
C         1.16882115971456   -0.43889561264724   -0.25000850314333
C        -0.03007163728110   -0.86503353820367    0.51699155230950
H        -0.03784148796145    1.36073414615080    0.27201799801415
5
 energy: -9.561262486903 gnorm: 0.204620829610 xtb: 6.2.2 (9d81278992624c895f80dd42a50cac0aa55982e2)
N        -0.92392568393126   -0.54965716795263   -0.22086726857397
C         0.04050594927030    0.51469486536879   -0.25749339432205
C         1.01651602336357   -0.45905874522379   -0.28794596265025
C        -0.08945470016582   -0.95325301325381    0.53403842306851
H        -0.04364158853680    1.44727406106145    0.23226720247775
5
 energy: -9.579151213533 gnorm: 0.048021204603 xtb: 6.2.2 (9d81278992624c895f80dd42a50cac0aa55982e2)
N        -0.92058997750821   -0.51964748737843   -0.24741267367046
C         0.05165547872985    0.51417743838526   -0.21614983326345
C         1.00363141971264   -0.47566157626646   -0.31018553611575
C        -0.05716619475694   -1.01639096277417    0.56794718294798
H        -0.07753072617732    1.49752258803380    0.20579986010168
5
 energy: -9.583389064120 gnorm: 0.026401403507 xtb: 6.2.2 (9d81278992624c895f80dd42a50cac0aa55982e2)
N        -0.87361657953464   -0.49288592178871   -0.25638322304645
C         0.06137053346114    0.53032314535051   -0.17564035997348
C         0.96196049064919   -0.49293984297706   -0.32425681079442
C        -0.03889720899115   -1.08347522486438    0.58527248060683
H        -0.11081723558454    1.53897784427963    0.17100691320751
5
 energy: -9.584150628517 gnorm: 0.017615334914 xtb: 6.2.2 (9d81278992624c895f80dd42a50cac0aa55982e2)
N        -0.87681109964584   -0.48487817330476   -0.25220208529354
C         0.05353634612219    0.53291344360160   -0.16642268532614
C         0.96055055252418   -0.48828235621890   -0.31265481610082
C        -0.02970388592899   -1.09907376286641    0.57409796627476
H        -0.10757191307154    1.53932084878847    0.15718062044574
5
 energy: -9.584613581999 gnorm: 0.017837249554 xtb: 6.2.2 (9d81278992624c895f80dd42a50cac0aa55982e2)
N        -0.87642996124587   -0.49018452531776   -0.25867215814017
C         0.03781936995734    0.53998185340132   -0.14244867928663
C         0.95256177681271   -0.49370724812370   -0.30472906053077
C        -0.01595457642345   -1.11041715390320    0.56320852924940
H        -0.09799660910074    1.55432707394334    0.14264036870816
5
 energy: -9.584778470577 gnorm: 0.006946547054 xtb: 6.2.2 (9d81278992624c895f80dd42a50cac0aa55982e2)
N        -0.88065736304185   -0.48819439173701   -0.25727883810252
C         0.03231521630403    0.53328527219596   -0.13883276706244
C         0.95322234232669   -0.48430760011313   -0.29875389396965
C        -0.01514471305803   -1.11544068811513    0.55694454291563
H        -0.08973548253084    1.55465740776930    0.13791995621898
5
 energy: -9.584829923552 gnorm: 0.003813911312 xtb: 6.2.2 (9d81278992624c895f80dd42a50cac0aa55982e2)
N        -0.87952464270975   -0.48948691151468   -0.25999854481638
C         0.03071831872652    0.53115512914350   -0.13553206467559
C         0.95285736061450   -0.48382726856923   -0.30100548722076
C        -0.01618490721440   -1.11258896459277    0.55848212207083
H        -0.08786612941687    1.55474801553318    0.13805297464190
5
 energy: -9.584853577341 gnorm: 0.001572245719 xtb: 6.2.2 (9d81278992624c895f80dd42a50cac0aa55982e2)
N        -0.87864070340828   -0.48933349060350   -0.26208599333045
C         0.02939908527016    0.52917357561291   -0.13056561549216
C         0.95369343922644   -0.48447220030357   -0.30315470575803
C        -0.01660009230508   -1.11005499013193    0.55884998628693
H        -0.08785172878324    1.55468710542610    0.13695532829371
5
 energy: -9.584857979210 gnorm: 0.001174871031 xtb: 6.2.2 (9d81278992624c895f80dd42a50cac0aa55982e2)
N        -0.87835872141674   -0.48858870111161   -0.26193178172396
C         0.03002842054041    0.52904817540827   -0.12828586012519
C         0.95394581892101   -0.48450352358002   -0.30367468755630
C        -0.01686547249817   -1.11061950059298    0.55839141932857
H        -0.08875004554651    1.55466354987635    0.13549991007688
5
 energy: -9.584861583655 gnorm: 0.000419208398 xtb: 6.2.2 (9d81278992624c895f80dd42a50cac0aa55982e2)
N        -0.87844956941527   -0.48780174514557   -0.26078772873097
C         0.03177783983458    0.52928888769955   -0.12582781448896
C         0.95418970022442   -0.48420682416300   -0.30375706207395
C        -0.01744606464085   -1.11259895533777    0.55702449379021
H        -0.09007190600289    1.55531863694679    0.13334711150366
