5
 energy: -10.926290686619 gnorm: 0.157174631257 xtb: 6.2.2 (9d81278992624c895f80dd42a50cac0aa55982e2)
N         1.43759900000000   -0.01498100000000    0.00387600000000
C         0.16745800000000   -0.66939200000000   -0.32828800000000
C        -0.89766700000000   -0.32697400000000    0.68057800000000
C        -0.88699900000000    0.34556500000000   -0.68537100000000
C         0.17960800000000    0.66578300000000    0.32920400000000
5
 energy: -10.943243905995 gnorm: 0.088697717162 xtb: 6.2.2 (9d81278992624c895f80dd42a50cac0aa55982e2)
N         1.38927098090333   -0.01448529082767    0.00375544902462
C         0.19270492017436   -0.69072641612513   -0.33860913110153
C        -0.89878371579349   -0.31738250454099    0.66112493375304
C        -0.88843282019539    0.33599395007989   -0.66592156018281
C         0.20523963491120    0.68660126141390    0.33964930850668
5
 energy: -10.949735633664 gnorm: 0.035281837317 xtb: 6.2.2 (9d81278992624c895f80dd42a50cac0aa55982e2)
N         1.34035085175415   -0.01397500126574    0.00361221631399
C         0.22959593575754   -0.71474406152628   -0.35015178345997
C        -0.91118770497245   -0.30156900070938    0.62925996474591
C        -0.90131867973858    0.32044063888127   -0.63412669999331
C         0.24255859719933    0.70984842462013    0.35140530239338
5
 energy: -10.950315227550 gnorm: 0.008928461415 xtb: 6.2.2 (9d81278992624c895f80dd42a50cac0aa55982e2)
N         1.35408777339399   -0.01411419742790    0.00364364129200
C         0.22483069618828   -0.71410002049181   -0.34987120918320
C        -0.91334046975925   -0.30482019040866    0.63591362190036
C        -0.90336034538478    0.32373868150191   -0.64079344242932
C         0.23778134556176    0.70929672682646    0.35110638842017
5
 energy: -10.950365093207 gnorm: 0.003236804264 xtb: 6.2.2 (9d81278992624c895f80dd42a50cac0aa55982e2)
N         1.35540585534144   -0.01412706405200    0.00364377809148
C         0.22626388340672   -0.71601129173621   -0.35080801414367
C        -0.91545064841353   -0.30476587190256    0.63586154975291
C        -0.90546791231243    0.32372893364366   -0.64075411624010
C         0.23924782197781    0.71117629404711    0.35205580253938
5
 energy: -10.950372737119 gnorm: 0.000327157048 xtb: 6.2.2 (9d81278992624c895f80dd42a50cac0aa55982e2)
N         1.35526753284261   -0.01412546899940    0.00364192842558
C         0.22713031285464   -0.71720232161697   -0.35140374743599
C        -0.91625860285030   -0.30478287254765    0.63594640347840
C        -0.90627475447879    0.32376361755042   -0.64084462470354
C         0.24013451163184    0.71234804561361    0.35265904023555
5
 energy: -10.950372845963 gnorm: 0.000134084056 xtb: 6.2.2 (9d81278992624c895f80dd42a50cac0aa55982e2)
N         1.35500156607678   -0.01412165438130    0.00364154246147
C         0.22715805772376   -0.71735475794682   -0.35150554629014
C        -0.91615394513711   -0.30480522720237    0.63604716221548
C        -0.90617062099412    0.32378608291689   -0.64094513100755
C         0.24016394233068    0.71249655661360    0.35276097262074
