5
 energy: -10.876961273574 gnorm: 0.083208787697 xtb: 6.2.2 (9d81278992624c895f80dd42a50cac0aa55982e2)
C        -1.15254700000000    0.58930200000000    0.10649900000000
N         0.10159200000000    0.15331100000000   -0.55688700000000
C         1.10189100000000   -0.66600400000000    0.17199100000000
C        -1.01894300000000   -0.76814200000000   -0.24300900000000
C         0.96800700000000    0.69153200000000    0.52140600000000
5
 energy: -10.883471785756 gnorm: 0.059824531944 xtb: 6.2.2 (9d81278992624c895f80dd42a50cac0aa55982e2)
C        -1.18029234388145    0.57163049836920    0.09229035444728
N         0.09876747513893    0.14899533296344   -0.54140776156566
C         1.13111232950462   -0.64615002896301    0.17848013169613
C        -1.05015453946118   -0.75121939490089   -0.24835289600487
C         1.00056707869909    0.67674259253127    0.51899017142713
5
 energy: -10.912550806365 gnorm: 0.154312889000 xtb: 6.2.2 (9d81278992624c895f80dd42a50cac0aa55982e2)
C        -1.31807412365611    0.50779552134421    0.02210251236759
N         0.08065788961631    0.12140931477601   -0.44211173181101
C         1.27819573287412   -0.56844085590404    0.19910317670911
C        -1.20068222443531   -0.68791244343876   -0.28599848432464
C         1.15990272560099    0.62714746322258    0.50690452705894
5
 energy: -10.916276449536 gnorm: 0.054870840391 xtb: 6.2.2 (9d81278992624c895f80dd42a50cac0aa55982e2)
C        -1.28069162106107    0.54087080601868    0.04212758617693
N         0.08336197920380    0.12554830350348   -0.45692725814166
C         1.23941196091451   -0.60364649613911    0.18646119470434
C        -1.15692309018000   -0.71908422236975   -0.28247340590262
C         1.11484077112275    0.65631060898670    0.51081188316302
5
 energy: -10.921209574448 gnorm: 0.027167513783 xtb: 6.2.2 (9d81278992624c895f80dd42a50cac0aa55982e2)
C        -1.32251855174704    0.53447624159565    0.01979067414579
N         0.07483861379266    0.11264512613129   -0.41019735999136
C         1.28548493485886   -0.59081120261757    0.18543279862268
C        -1.20019603240018   -0.71054053644836   -0.30098590589380
C         1.16239103549571    0.65422937133899    0.50595979311670
5
 energy: -10.922629553910 gnorm: 0.020894669841 xtb: 6.2.2 (9d81278992624c895f80dd42a50cac0aa55982e2)
C        -1.34213643426245    0.53447444620010    0.00527980072472
N         0.06764366268892    0.10180937666355   -0.37076144643257
C         1.30856331856825   -0.58538528697186    0.18021549122669
C        -1.22000474952956   -0.70719069682921   -0.31461045588493
C         1.18593420253484    0.65629116093742    0.49987661036609
5
 energy: -10.923358645786 gnorm: 0.012555585592 xtb: 6.2.2 (9d81278992624c895f80dd42a50cac0aa55982e2)
C        -1.34841244867538    0.53696304833455   -0.00422806106657
N         0.06168852301235    0.09286624156571   -0.33812928014414
C         1.31762066899414   -0.58341165552653    0.17338416429442
C        -1.22596226556383   -0.70593834589926   -0.32439442510227
C         1.19506552223271    0.65951971152553    0.49336760201855
5
 energy: -10.923642528822 gnorm: 0.003039230799 xtb: 6.2.2 (9d81278992624c895f80dd42a50cac0aa55982e2)
C        -1.34625189564979    0.53942310718926   -0.00890523134868
N         0.05789810285996    0.08716638468759   -0.31735921399625
C         1.31717044211629   -0.58303893709386    0.16766576570465
C        -1.22342625140871   -0.70541342115073   -0.32955429852396
C         1.19460960208225    0.66186186636774    0.48815297816424
5
 energy: -10.923658553684 gnorm: 0.000235595053 xtb: 6.2.2 (9d81278992624c895f80dd42a50cac0aa55982e2)
C        -1.34427623892797    0.53995342567994   -0.00924878931877
N         0.05732531560490    0.08626793375430   -0.31421229542195
C         1.31543038012696   -0.58313176445254    0.16645589469626
C        -1.22135752287551   -0.70531649269844   -0.33004980264907
C         1.19287806607162    0.66222589771675    0.48705499269353
5
 energy: -10.923658718468 gnorm: 0.000141285039 xtb: 6.2.2 (9d81278992624c895f80dd42a50cac0aa55982e2)
C        -1.34382308920619    0.53995300124774   -0.00899446303781
N         0.05741634279286    0.08633665926881   -0.31469466759903
C         1.31491124404139   -0.58317920321785    0.16648591871283
C        -1.22088691872386   -0.70531019919197   -0.32987508586138
C         1.19238242109579    0.66219874189327    0.48707829778539
