5
 energy: -10.023128999885 gnorm: 0.317229567086 xtb: 6.2.2 (9d81278992624c895f80dd42a50cac0aa55982e2)
C        -0.58963800000000    1.46755900000000    0.19515000000000
C        -0.44282300000000    0.04963200000000   -0.32448600000000
C         0.71513300000000   -0.64724300000000    0.36773900000000
C        -1.72151500000000   -0.71312600000000   -0.04980700000000
C         2.03884300000000   -0.15682200000000   -0.18859600000000
5
 energy: -10.130753048055 gnorm: 0.214081399498 xtb: 6.2.2 (9d81278992624c895f80dd42a50cac0aa55982e2)
C        -0.59275658836809    1.38156552284201    0.17740782622185
C        -0.46344581505193    0.06480212049927   -0.28418423072381
C         0.73662791229541   -0.56265299041790    0.27897716536990
C        -1.62904230151067   -0.67384241748346   -0.03977707456945
C         1.94861679263528   -0.20987223543993   -0.13242368629850
5
 energy: -10.087788032105 gnorm: 0.815649126463 xtb: 6.2.2 (9d81278992624c895f80dd42a50cac0aa55982e2)
C        -0.66268894312991    1.29654251866198    0.14684385569356
C        -0.48448264101494    0.08245385845387   -0.19754707209156
C         0.85855695839124   -0.47167525949597    0.17821013598258
C        -1.55200286385843   -0.59942361528553   -0.05462390720281
C         1.84061748961203   -0.30789750233436   -0.07288301238178
5
 energy: -10.167544809238 gnorm: 0.148267199794 xtb: 6.2.2 (9d81278992624c895f80dd42a50cac0aa55982e2)
C        -0.70737768673607    1.31867510070122    0.16124099048890
C        -0.49873901845730    0.09355722777125   -0.21681161820876
C         0.78317460879566   -0.46694675318262    0.18444555448761
C        -1.57087126048442   -0.61642197453614   -0.03827437855526
C         1.99381335688213   -0.32886360075371   -0.09060054821249
5
 energy: -10.183955555932 gnorm: 0.094291104201 xtb: 6.2.2 (9d81278992624c895f80dd42a50cac0aa55982e2)
C        -0.86343735868710    1.37650361798206    0.15741682880062
C        -0.46515882276626    0.11541760775392   -0.16546183915692
C         0.85816987217401   -0.45732239356623    0.15539491850604
C        -1.58821134408857   -0.60187301065943   -0.05257940919596
C         2.05863765336792   -0.43272582151031   -0.09477049895378
5
 energy: -10.192951751901 gnorm: 0.082856902743 xtb: 6.2.2 (9d81278992624c895f80dd42a50cac0aa55982e2)
C        -1.02625100527146    1.34894089195942    0.11943289077205
C        -0.42684015048186    0.10793458141185   -0.10763822983911
C         0.94970771786439   -0.49963733212183    0.05615785933340
C        -1.63238417451992   -0.48914169851576   -0.02316905322749
C         2.13576761240885   -0.46809644273368   -0.04478346703884
5
 energy: -10.200313772861 gnorm: 0.071536283688 xtb: 6.2.2 (9d81278992624c895f80dd42a50cac0aa55982e2)
C        -1.11614620815095    1.26686611906007    0.13757262894232
C        -0.40702265029990    0.12527963198843   -0.12764342396694
C         0.96850425688605   -0.40774552351079    0.04379281318462
C        -1.61410047481800   -0.43266531435418   -0.01185918222802
C         2.16876507638278   -0.55173491318353   -0.04186283593200
5
 energy: -10.220832332031 gnorm: 0.206960319845 xtb: 6.2.2 (9d81278992624c895f80dd42a50cac0aa55982e2)
C        -1.13393191310897    1.09241969974839    0.13275094837657
C        -0.31223400863513    0.09393280748963   -0.13680470024233
C         0.97457918439819   -0.36735610384972    0.05927362864321
C        -1.65032300379878   -0.30634559431998   -0.00221370996139
C         2.12190974114469   -0.51265080906831   -0.05300616681607
5
 energy: -9.894342289855 gnorm: 1.796353983814 xtb: 6.2.2 (9d81278992624c895f80dd42a50cac0aa55982e2)
C        -1.23157732657952    0.77455589492315    0.10083686426534
C        -0.10413358329663    0.07318526557389   -0.10978740026463
C         0.98266666075896   -0.30479014944989    0.03361580646927
C        -1.69835046108535   -0.06778669853401    0.02935703542703
C         2.05139471020254   -0.47516431251314   -0.05402230589701
5
 energy: -10.230831571968 gnorm: 0.277144614897 xtb: 6.2.2 (9d81278992624c895f80dd42a50cac0aa55982e2)
C        -1.14073702444454    0.92877212415037    0.10879310314251
C        -0.16411475099122    0.09272426031557   -0.09044190198547
C         0.96449096084568   -0.30695103881634    0.02893766419911
C        -1.77103557013860   -0.23678868375397    0.00660915977328
C         2.11139638472868   -0.47775666189563   -0.05389802512943
5
 energy: -10.229407116593 gnorm: 0.369700328261 xtb: 6.2.2 (9d81278992624c895f80dd42a50cac0aa55982e2)
C        -1.19197402982836    0.92579409093300    0.11566080916223
C        -0.30151420387576    0.08993563104682   -0.08071435409644
C         1.10300561431845   -0.26036358388647    0.03101169317444
C        -1.84705928918524   -0.21277151550422   -0.02276466104974
C         2.23754190857091   -0.54259462258914   -0.04319348719049
5
 energy: -10.267021982999 gnorm: 0.106927204673 xtb: 6.2.2 (9d81278992624c895f80dd42a50cac0aa55982e2)
C        -1.32863600661404    0.97366419452290    0.09649820556364
C        -0.22094492775480    0.19710943305923    0.04940604578800
C         1.09743007661990   -0.19511390488610    0.01839393247897
C        -1.79619364128824   -0.27852249429234   -0.07499645828415
C         2.24834449903717   -0.69713722840370   -0.08930172554647
5
 energy: -10.263152232393 gnorm: 0.274573529171 xtb: 6.2.2 (9d81278992624c895f80dd42a50cac0aa55982e2)
C        -1.22838704525271    0.86807407321446    0.09305846303840
C        -0.12554983706893    0.17433313437057    0.02406741875199
C         1.01285419952189   -0.13961654746975   -0.04762000992284
C        -1.87461274273159   -0.28039398245020   -0.02400770854984
C         2.21569542553133   -0.62239667766508   -0.04549816331772
5
 energy: -10.280902401108 gnorm: 0.063176881967 xtb: 6.2.2 (9d81278992624c895f80dd42a50cac0aa55982e2)
C        -1.26813236970215    0.88473601640865    0.06574410849393
C        -0.17004689623735    0.18729161022975    0.08554067875135
C         1.07922616295361   -0.17003819155355   -0.06779585187739
C        -1.89938081699355   -0.26527973108062   -0.04483976221594
C         2.25833391997943   -0.63670970400422   -0.03864917315195
5
 energy: -10.284727992215 gnorm: 0.050939799031 xtb: 6.2.2 (9d81278992624c895f80dd42a50cac0aa55982e2)
C        -1.27280770563376    0.85452728325178    0.08624629350414
C        -0.15161652232400    0.16445787459482    0.08516874418526
C         1.11049092749621   -0.12547777677096    0.01078026480292
C        -1.95327044403379   -0.24766781638687   -0.08807881768962
C         2.26720374449534   -0.64583956468878   -0.09411648480272
5
 energy: -10.291374622494 gnorm: 0.143688431908 xtb: 6.2.2 (9d81278992624c895f80dd42a50cac0aa55982e2)
C        -1.27154194854700    0.75760923801819    0.04668797994448
C        -0.05404505989895    0.17398261072413    0.16455393611148
C         1.14937609958336   -0.12556727856286    0.00169065839631
C        -2.12072282919089   -0.21178184917274   -0.10579431965679
C         2.29693373805349   -0.59424272100672   -0.10713825479550
5
 energy: -10.301616056912 gnorm: 0.138649514187 xtb: 6.2.2 (9d81278992624c895f80dd42a50cac0aa55982e2)
C        -1.25893978621622    0.64883475634425    0.04827576002065
C        -0.01981816805510    0.18842657593206    0.17282689314549
C         1.19443591904081   -0.04754721877539    0.02463760323560
C        -2.25539034874311   -0.19411442553774   -0.12218695771046
C         2.33971238397362   -0.59559968796317   -0.12355329869129
5
 energy: -10.312830127774 gnorm: 0.082378854990 xtb: 6.2.2 (9d81278992624c895f80dd42a50cac0aa55982e2)
C        -1.25688613690034    0.56599425572399    0.05817198301016
C        -0.02541898440270    0.23943903924016    0.09296570477027
C         1.22456335985098   -0.02412102861482    0.02405760420975
C        -2.31704008046650   -0.18389230220076   -0.07878930979758
C         2.37478184191855   -0.59741996414856   -0.09640598219261
5
 energy: -10.318760309030 gnorm: 0.073583337180 xtb: 6.2.2 (9d81278992624c895f80dd42a50cac0aa55982e2)
C        -1.29763655666584    0.43437614322873    0.03545624124921
C         0.03645309915011    0.35764943826885    0.06659284752080
C         1.27421079790409   -0.01401406340030    0.01149927015648
C        -2.43982372175613   -0.17094622823271   -0.03750437615374
C         2.42679638136776   -0.60706528986456   -0.07604398277276
5
 energy: -10.322002876746 gnorm: 0.038753891003 xtb: 6.2.2 (9d81278992624c895f80dd42a50cac0aa55982e2)
C        -1.27512523347687    0.45155808295099    0.04106378009761
C         0.01807943388075    0.34913645203765   -0.00027026335546
C         1.24771512087375   -0.06790646407148   -0.00690149940390
C        -2.39949642653519   -0.16457224833240    0.00865025650974
C         2.40882710525755   -0.56821582258475   -0.04254227384799
5
 energy: -10.322698826760 gnorm: 0.027042979888 xtb: 6.2.2 (9d81278992624c895f80dd42a50cac0aa55982e2)
C        -1.27041608587433    0.43281790891193    0.03811133148271
C         0.02129985404895    0.35673229829319   -0.00196409571918
C         1.24433602146287   -0.05800326316450   -0.02233747889859
C        -2.40678355036566   -0.16370171526947    0.01767028384017
C         2.41156376072816   -0.56784522877114   -0.03148004070512
5
 energy: -10.323505710049 gnorm: 0.012841878263 xtb: 6.2.2 (9d81278992624c895f80dd42a50cac0aa55982e2)
C        -1.26970964853123    0.41667666899019    0.02092102387927
C         0.01964663280005    0.33378569920170    0.02349747170783
C         1.24356804813131   -0.06365081971364   -0.03969707227445
C        -2.41529541685439   -0.13765018550066    0.02246904877963
C         2.42179038445426   -0.54916136297759   -0.02719047209226
5
 energy: -10.323270878921 gnorm: 0.047500287043 xtb: 6.2.2 (9d81278992624c895f80dd42a50cac0aa55982e2)
C        -1.26038044177019    0.30967104607527    0.07851528357068
C         0.00568319665747    0.19461498664638   -0.08214287753745
C         1.25462339363351   -0.07304837355011    0.03929227630696
C        -2.47964125490399    0.02040395099447    0.01231480110323
C         2.47971510638320   -0.45164161016601   -0.04797948344351
5
 energy: -10.326488351483 gnorm: 0.043978279629 xtb: 6.2.2 (9d81278992624c895f80dd42a50cac0aa55982e2)
C        -1.25899302594847    0.27427866310823    0.07014712002047
C         0.01021243815334    0.14495627901724   -0.04153056214367
C         1.26641496354461   -0.08809327765055   -0.02152873381088
C        -2.53059158773542    0.07759694840348    0.01374587504022
C         2.51295721198594   -0.40873861287839   -0.02083369910614
5
 energy: -10.326235202985 gnorm: 0.024523874889 xtb: 6.2.2 (9d81278992624c895f80dd42a50cac0aa55982e2)
C        -1.27128688855686    0.30128084679389   -0.04366743916806
C         0.01794683258643    0.18189220376633    0.05213410848600
C         1.27745626310260   -0.08237003910900    0.00737995230395
C        -2.51965484762712    0.03623695991798    0.04724810507929
C         2.49553864049495   -0.43703997136920   -0.06309472670121
5
 energy: -10.327637137198 gnorm: 0.014702363134 xtb: 6.2.2 (9d81278992624c895f80dd42a50cac0aa55982e2)
C        -1.26595718228180    0.27085843752954    0.01956273127659
C         0.01115401733862    0.14532117816587    0.00088401191868
C         1.27595915663831   -0.08762641089548   -0.01143860918458
C        -2.53177981313191    0.08027181817117    0.02900405241736
C         2.51062382143678   -0.40882502297110   -0.03801218642806
5
 energy: -10.327838163628 gnorm: 0.023325507517 xtb: 6.2.2 (9d81278992624c895f80dd42a50cac0aa55982e2)
C        -1.26787759765186    0.24609762122349    0.02466053935204
C         0.00995652989829    0.11539502975861   -0.00286483896650
C         1.28063516127106   -0.09299366323796   -0.01568264435621
C        -2.54776486159254    0.11681341689359    0.02818559355016
C         2.52505076807506   -0.38531240463773   -0.03429864957950
5
 energy: -10.328135212748 gnorm: 0.013434291970 xtb: 6.2.2 (9d81278992624c895f80dd42a50cac0aa55982e2)
C        -1.27128980175624    0.22245468578122    0.04391734651064
C         0.00939216401703    0.09315666832674   -0.00570008881978
C         1.28164863155911   -0.09926752472268   -0.04507858210028
C        -2.55106470034623    0.14841855978448    0.02208238337605
C         2.53131370652634   -0.36476238916976   -0.01522105896660
5
 energy: -10.328472488704 gnorm: 0.010005056236 xtb: 6.2.2 (9d81278992624c895f80dd42a50cac0aa55982e2)
C        -1.27268614031482    0.19114295334672    0.02789434472855
C         0.00860899016844    0.06468613521724   -0.00097180193111
C         1.28223380673421   -0.10348625573579   -0.02921947988411
C        -2.55310738377393    0.18804086653776    0.02818378454421
C         2.53495072718610   -0.34038369936593   -0.02588684745753
5
 energy: -10.328648055088 gnorm: 0.003869682323 xtb: 6.2.2 (9d81278992624c895f80dd42a50cac0aa55982e2)
C        -1.27532557170908    0.16583710234130    0.01794885425159
C         0.00515049855125    0.04234528228458    0.00231064131028
C         1.28100928533501   -0.10939129004930   -0.02039326228275
C        -2.55065293124159    0.22102725462004    0.03205384684959
C         2.53981871906440   -0.31981834919661   -0.03192008012870
5
 energy: -10.328675897751 gnorm: 0.009921381482 xtb: 6.2.2 (9d81278992624c895f80dd42a50cac0aa55982e2)
C        -1.27727820409520    0.13834468144908    0.01508094065096
C         0.00242412965323    0.01689802594908    0.00103916758031
C         1.28153089832626   -0.11547212114029   -0.01569481039644
C        -2.55212801787025    0.25712983807075    0.03379691013620
C         2.54545119398596   -0.29690042432863   -0.03422220797103
5
 energy: -10.328705735372 gnorm: 0.004597393039 xtb: 6.2.2 (9d81278992624c895f80dd42a50cac0aa55982e2)
C        -1.27840134291923    0.13287346534845    0.01541909860417
C         0.00127857261350    0.01562980889619   -0.00046247623727
C         1.27991115181470   -0.11746337313638   -0.01400239634075
C        -2.54480689584243    0.26243260984354    0.03382508321871
C         2.54201851433346   -0.29347251095180   -0.03477930924487
5
 energy: -10.328717598970 gnorm: 0.000979635295 xtb: 6.2.2 (9d81278992624c895f80dd42a50cac0aa55982e2)
C        -1.27852599759975    0.13244216539319    0.01621604232411
C         0.00136332534297    0.01328936984720    0.00002882508222
C         1.28017707113131   -0.11846291845639   -0.01626338680607
C        -2.54702375829134    0.26433279091963    0.03354347668610
C         2.54400935941681   -0.29160140770363   -0.03352495728636
5
 energy: -10.328719749631 gnorm: 0.001108294985 xtb: 6.2.2 (9d81278992624c895f80dd42a50cac0aa55982e2)
C        -1.27863509900527    0.13276178876569    0.01707179497386
C         0.00135388006489    0.01225065527111    0.00002435184641
C         1.28009403869275   -0.11973174350322   -0.01767008749625
C        -2.54726073407816    0.26496433012475    0.03323674208080
C         2.54444791432578   -0.29024503065833   -0.03266280140481
5
 energy: -10.328727936244 gnorm: 0.001407299761 xtb: 6.2.2 (9d81278992624c895f80dd42a50cac0aa55982e2)
C        -1.27889769556860    0.13351924868459    0.01908858345893
C         0.00085311357711    0.00600086280297   -0.00031841508110
C         1.27940350258945   -0.12682270203167   -0.02040742213609
C        -2.54721226887995    0.26942326777302    0.03253642063022
C         2.54585334828199   -0.28212067722891   -0.03089916687194
5
 energy: -10.328733061682 gnorm: 0.001122527092 xtb: 6.2.2 (9d81278992624c895f80dd42a50cac0aa55982e2)
C        -1.27868100410106    0.13551974706606    0.01865529565530
C         0.00028475596387    0.00095839566173   -0.00018482260520
C         1.27867361561938   -0.13343419131187   -0.01976232496715
C        -2.54685316396691    0.27210879414416    0.03264305035475
C         2.54657579648471   -0.27515274556007   -0.03135119843768
5
 energy: -10.328734623616 gnorm: 0.000290072355 xtb: 6.2.2 (9d81278992624c895f80dd42a50cac0aa55982e2)
C        -1.27837006961722    0.13625920517617    0.01736727221099
C        -0.00004721202542   -0.00113807425132   -0.00008410720273
C         1.27834070921714   -0.13632513408896   -0.01771952199425
C        -2.54640563126819    0.27328087378615    0.03307608906563
C         2.54648220369369   -0.27207687062205   -0.03263973207963
