5
 energy: -7.902921243361 gnorm: 0.220787915068 xtb: 6.2.2 (9d81278992624c895f80dd42a50cac0aa55982e2)
N         0.01222400000000    0.60921400000000    0.60255000000000
C        -1.04238800000000    0.38860100000000   -0.37395500000000
C         1.04234400000000   -0.39080100000000    0.37177800000000
H        -1.65666200000000   -0.48906600000000   -0.07909200000000
H         1.64448200000000   -0.11794800000000   -0.52128200000000
5
 energy: -7.949555282996 gnorm: 0.169526039263 xtb: 6.2.2 (9d81278992624c895f80dd42a50cac0aa55982e2)
N         0.01133105880103    0.56477751411458    0.55860259322920
C        -1.00222737806659    0.39385718875979   -0.30349969071195
C         1.00372253437241   -0.31949028347937    0.37705084042281
H        -1.62864020151077   -0.49038747445241   -0.11046252767375
H         1.61581398640392   -0.14875694494258   -0.52169221526631
5
 energy: -7.972599461681 gnorm: 0.351489451795 xtb: 6.2.2 (9d81278992624c895f80dd42a50cac0aa55982e2)
N         0.00677395193970    0.33780985848885    0.33412252552961
C        -1.02101395613974    0.48022875889055   -0.11034383353468
C         1.02813191934619   -0.12582946136899    0.46086034390752
H        -1.60429723033925   -0.47514596518636   -0.17944293249736
H         1.59040531519311   -0.21706319082405   -0.50519710340509
5
 energy: -8.022179794862 gnorm: 0.038593273176 xtb: 6.2.2 (9d81278992624c895f80dd42a50cac0aa55982e2)
N         0.00618487177520    0.30812031835483    0.30475484013475
C        -1.12684243051677    0.47467154541249   -0.10798594488036
C         1.13384343640796   -0.12567978004735    0.45315238325631
H        -1.70737307762447   -0.44245171203773   -0.17530274490874
H         1.69418719995808   -0.21466037168223   -0.47461953360197
5
 energy: -8.037154420313 gnorm: 0.028748437948 xtb: 6.2.2 (9d81278992624c895f80dd42a50cac0aa55982e2)
N         0.00372506503440    0.18635409019525    0.18434401587125
C        -1.16689525266821    0.40334391807833   -0.11614501133759
C         1.17230361024948   -0.13539891347695    0.38114877872582
H        -1.92544525804838   -0.33706549470836   -0.07455968287437
H         1.91631183543272   -0.11723360008826   -0.37478910038511
5
 energy: -8.040199775374 gnorm: 0.037941832802 xtb: 6.2.2 (9d81278992624c895f80dd42a50cac0aa55982e2)
N         0.00210903179153    0.10017811808934    0.09884952374218
C        -1.17871336304843    0.35361372810584   -0.12598816018229
C         1.18254771259660   -0.14625094439385    0.33108642740452
H        -2.08053990420761   -0.26641947480568    0.00393757575243
H         2.07459652286792   -0.04112142699565   -0.30788636671684
5
 energy: -8.042113032615 gnorm: 0.018232213286 xtb: 6.2.2 (9d81278992624c895f80dd42a50cac0aa55982e2)
N         0.00135341397145    0.08845421174718    0.08889434675767
C        -1.16649670695035    0.34742416082754   -0.14977438497324
C         1.17218479800684   -0.16836281411845    0.32699838489774
H        -2.04857380018605   -0.25052251137219    0.02719934015187
H         2.04153229515810   -0.01699304708408   -0.29331868683404
5
 energy: -8.042135106067 gnorm: 0.056355306999 xtb: 6.2.2 (9d81278992624c895f80dd42a50cac0aa55982e2)
N         0.00660537998316    0.05664472039480    0.03672252466893
C        -1.18237973144523    0.34009718970881   -0.15314376983534
C         1.15593009236422   -0.19094723391564    0.29845862081031
H        -2.04806391177315   -0.22471708251823    0.06419393363165
H         2.06790817087100    0.01892240633028   -0.24623230927556
5
 energy: -8.041340696476 gnorm: 0.068020431329 xtb: 6.2.2 (9d81278992624c895f80dd42a50cac0aa55982e2)
N        -0.00580407176335   -0.05559629314093   -0.03444939386249
C        -1.15575709024360    0.27735232409841   -0.19169061285970
C         1.18983366368253   -0.19324938049061    0.27790878747331
H        -2.10588564513868   -0.12277974993190    0.13611727264722
H         2.07761314346310    0.09427309946504   -0.18788705339836
5
 energy: -8.043322763671 gnorm: 0.013247482354 xtb: 6.2.2 (9d81278992624c895f80dd42a50cac0aa55982e2)
N        -0.00287305941769    0.01133739734176    0.00947884681519
C        -1.16484982353447    0.30363585128920   -0.17718922540513
C         1.16306625225888   -0.19948023632228    0.27776503195742
H        -2.07376798414106   -0.17398356583113    0.10496729283940
H         2.07842461483434    0.05849055352245   -0.21502294620689
5
 energy: -8.043329148629 gnorm: 0.011726989682 xtb: 6.2.2 (9d81278992624c895f80dd42a50cac0aa55982e2)
N         0.00406149736738    0.02384903067700    0.01946481074691
C        -1.16752115452122    0.30670000383283   -0.16451646544052
C         1.17056856396746   -0.18843375602611    0.28506680401864
H        -2.07283689971473   -0.18507169600545    0.08398733835564
H         2.06572799290111    0.04295641752173   -0.22400348768069
5
 energy: -8.043452915997 gnorm: 0.004200785829 xtb: 6.2.2 (9d81278992624c895f80dd42a50cac0aa55982e2)
N         0.00140087282540    0.01561257784231    0.01273191470111
C        -1.16757927724392    0.29992573323652   -0.16920032109341
C         1.16937107452917   -0.19207010348885    0.27714217553876
H        -2.08285352735684   -0.17545223041293    0.09514825564888
H         2.07966085724619    0.05198402282296   -0.21582302479536
5
 energy: -8.043476568772 gnorm: 0.004862799013 xtb: 6.2.2 (9d81278992624c895f80dd42a50cac0aa55982e2)
N        -0.00131182009264    0.01497689993462    0.01393431312863
C        -1.16798590351514    0.29646294963686   -0.17021825433679
C         1.16906861935614   -0.19161927867481    0.27267889582520
H        -2.08346390272063   -0.17183540024074    0.09730159121873
H         2.08369300697228    0.05201482934409   -0.21369754583578
5
 energy: -8.043499447309 gnorm: 0.005484160063 xtb: 6.2.2 (9d81278992624c895f80dd42a50cac0aa55982e2)
N        -0.00018258554437    0.01416473602245    0.01333883241317
C        -1.16767212834017    0.28937940102226   -0.17206221069744
C         1.16987695856271   -0.19317036095572    0.26676585563457
H        -2.09009726855451   -0.16636126210748    0.10044684345036
H         2.08807502387635    0.05598748601848   -0.20849032080066
5
 energy: -8.043517206493 gnorm: 0.002712842982 xtb: 6.2.2 (9d81278992624c895f80dd42a50cac0aa55982e2)
N         0.00009025425275    0.01423461009359    0.01304621906648
C        -1.16927630169053    0.28535889493682   -0.17356426630453
C         1.17033867644552   -0.19499926510634    0.26209603214884
H        -2.09211646152597   -0.16279262248200    0.10279014138558
H         2.09096383251824    0.05819838255792   -0.20436912629636
5
 energy: -8.043535953443 gnorm: 0.002176612369 xtb: 6.2.2 (9d81278992624c895f80dd42a50cac0aa55982e2)
N         0.00052585342001    0.01423194664438    0.01337726395488
C        -1.16943720563452    0.27978041806785   -0.17908937871614
C         1.17053507074506   -0.20016874685694    0.25696086927306
H        -2.09305737097320   -0.15746874570007    0.10799191958396
H         2.09143365244266    0.06362512784478   -0.19924167409578
5
 energy: -8.043557241830 gnorm: 0.001837869817 xtb: 6.2.2 (9d81278992624c895f80dd42a50cac0aa55982e2)
N         0.00035211959433    0.01074702769554    0.01054222085854
C        -1.16991221110203    0.27097589373161   -0.19013757015540
C         1.17037957134380   -0.21068431083414    0.24829145136322
H        -2.09482921638116   -0.14676225310917    0.12032714435686
H         2.09400973654506    0.07572364251617   -0.18902424642322
5
 energy: -8.043566035065 gnorm: 0.001209984379 xtb: 6.2.2 (9d81278992624c895f80dd42a50cac0aa55982e2)
N        -0.00015151632223    0.00674467138573    0.00788398104747
C        -1.16919157452915    0.26076667304666   -0.20464488412161
C         1.17005434712405   -0.22409876343102    0.23915918382790
H        -2.09501126071804   -0.13407393433973    0.13536673700871
H         2.09430000444537    0.09066135333836   -0.17776601776248
5
 energy: -8.043567285696 gnorm: 0.000362389745 xtb: 6.2.2 (9d81278992624c895f80dd42a50cac0aa55982e2)
N        -0.00023835238166    0.00649784536519    0.00721363114037
C        -1.16954512663684    0.26039823652066   -0.20428069335124
C         1.16997095102076   -0.22421637688741    0.23852591357868
H        -2.09455691031029   -0.13351299473407    0.13552432245658
H         2.09436943830803    0.09083328973565   -0.17698417382440
