5
 energy: -9.257624289734 gnorm: 0.092728931150 xtb: 6.2.2 (9d81278992624c895f80dd42a50cac0aa55982e2)
C         1.35154200000000   -0.23264600000000   -0.37343900000000
N        -0.00260000000000   -0.00021300000000    0.09333900000000
C        -0.45649800000000    1.27873400000000   -0.42035200000000
C        -0.86076900000000   -1.04328500000000   -0.43689900000000
H        -0.03167500000000   -0.00259000000000    1.13735100000000
5
 energy: -9.277767827678 gnorm: 0.061964358143 xtb: 6.2.2 (9d81278992624c895f80dd42a50cac0aa55982e2)
C         1.27442516399896   -0.21897223812699   -0.40815299177428
N        -0.00419047485779   -0.00034307754648    0.15044510178782
C        -0.42834740748518    1.20441241613949   -0.45233455475548
C        -0.80908126514627   -0.98241464844972   -0.46791820805760
H        -0.03280601650972   -0.00268245201630    1.17796065279953
5
 energy: -9.323155530032 gnorm: 0.144809378562 xtb: 6.2.2 (9d81278992624c895f80dd42a50cac0aa55982e2)
C         1.13122923894730   -0.19350424801651   -0.48344148091817
N        -0.00753764896640   -0.00061692632957    0.27062878986412
C        -0.37566886447324    1.06614377317788   -0.52254131774728
C        -0.71260674259108   -0.86912635938277   -0.53633198214027
H        -0.03541598291659   -0.00289623944903    1.27168599094160
5
 energy: -9.417736184860 gnorm: 0.106540837054 xtb: 6.2.2 (9d81278992624c895f80dd42a50cac0aa55982e2)
C         0.96647702610341   -0.16393639517081   -0.60705224999519
N        -0.01287203795788   -0.00105488696664    0.46217079106619
C        -0.31367008405031    0.90616168285761   -0.64026970428831
C        -0.59991113515571   -0.73789664456366   -0.65198367257088
H        -0.04002376893951   -0.00327375615651    1.43713483578820
5
 energy: -9.396634287354 gnorm: 0.305607811016 xtb: 6.2.2 (9d81278992624c895f80dd42a50cac0aa55982e2)
C         0.79163930120744   -0.13288287061180   -0.68401585129642
N        -0.01593209701711   -0.00133204748285    0.57217345262104
C        -0.24987913479209    0.73765608292618   -0.71107051173511
C        -0.48284527745384   -0.59990439790284   -0.72056548373943
H        -0.04298279194441   -0.00353676692869    1.54347839414991
5
 energy: -9.434106919997 gnorm: 0.045236869157 xtb: 6.2.2 (9d81278992624c895f80dd42a50cac0aa55982e2)
C         0.90169375508189   -0.15226952765846   -0.64551922504806
N        -0.01395090689849   -0.00118887371298    0.50111632776021
C        -0.28961182530601    0.84341583974085   -0.67647900916666
C        -0.55613215384037   -0.68648785613726   -0.68732209477217
H        -0.04199886903703   -0.00346958223215    1.50820400122669
5
 energy: -9.435709256384 gnorm: 0.047753052818 xtb: 6.2.2 (9d81278992624c895f80dd42a50cac0aa55982e2)
C         0.89141565332511   -0.14681317296939   -0.64098818668609
N        -0.01368804892323   -0.00256199540693    0.49777608082283
C        -0.28421146656909    0.83092412301439   -0.67308706682509
C        -0.55193486590129   -0.67696240890456   -0.68190000082401
H        -0.04158127193150   -0.00458654573351    1.49819917351236
5
 energy: -9.122474395616 gnorm: 1.548874982042 xtb: 6.2.2 (9d81278992624c895f80dd42a50cac0aa55982e2)
C         0.75629310459608    0.02920464138155   -0.56343878265632
N        -0.00419737164365   -0.06151466355528    0.44884957172073
C        -0.15828202821704    0.58328056927778   -0.65034928387530
C        -0.56233416913923   -0.50367176302461   -0.58330837076004
H        -0.03147953559615   -0.04729878407943    1.34824686557094
5
 energy: -9.443916176905 gnorm: 0.273839437144 xtb: 6.2.2 (9d81278992624c895f80dd42a50cac0aa55982e2)
C         0.87733993383004   -0.07371216678615   -0.57981492634119
N         0.00184856105173   -0.03648738213029    0.47410714953899
C        -0.26589817754401    0.74122325876862   -0.67200932559213
C        -0.58527947691623   -0.58433937321835   -0.61621537088483
H        -0.02801084042154   -0.04668433663384    1.39393247327916
5
 energy: -9.460214653015 gnorm: 0.199889662476 xtb: 6.2.2 (9d81278992624c895f80dd42a50cac0aa55982e2)
C         0.85890529739818   -0.05537750508224   -0.60494281863682
N        -0.01011951057593   -0.04351589925333    0.47952107582926
C        -0.23531759207733    0.78477313750344   -0.70425489907469
C        -0.59295174396338   -0.63828404917892   -0.64720043177518
H        -0.02051645078154   -0.04759568398896    1.47687707365742
5
 energy: -9.481305239113 gnorm: 0.172569748789 xtb: 6.2.2 (9d81278992624c895f80dd42a50cac0aa55982e2)
C         0.92157421012564   -0.05893962083907   -0.58004092469655
N         0.03883824870899   -0.06334785142339    0.47849395071632
C        -0.32066727221538    0.74293618284486   -0.76035342547364
C        -0.65660095785663   -0.55422642820719   -0.68231149189304
H         0.01685577123739   -0.06642228237520    1.54421189134691
5
 energy: -9.503178621777 gnorm: 0.115638751251 xtb: 6.2.2 (9d81278992624c895f80dd42a50cac0aa55982e2)
C         0.94710929996495   -0.01279598232935   -0.55321728487641
N         0.04919855771240   -0.08847441670291    0.46859955706821
C        -0.31323717894796    0.77822152558535   -0.79004818253564
C        -0.70744166677419   -0.56444730670253   -0.64569008497630
H         0.02437098804479   -0.11250381985055    1.52035599532013
5
 energy: -9.521635084646 gnorm: 0.091903574566 xtb: 6.2.2 (9d81278992624c895f80dd42a50cac0aa55982e2)
C         0.98965267867566    0.06098796897147   -0.52022837096813
N         0.07733713909601   -0.13993901119188    0.46700974246438
C        -0.30988612019214    0.79832427044950   -0.83698651667006
C        -0.78166769358051   -0.54007998351777   -0.58834333548961
H         0.02456399600098   -0.17929324471133    1.47854848066341
5
 energy: -9.528278138218 gnorm: 0.088031733315 xtb: 6.2.2 (9d81278992624c895f80dd42a50cac0aa55982e2)
C         1.00526125767389    0.11177868944433   -0.50856788093303
N         0.08930822296522   -0.18069449581783    0.46621903965358
C        -0.29475599254815    0.79798616437052   -0.85752002749248
C        -0.81726491986000   -0.52036786591589   -0.55404365649435
H         0.01745143176905   -0.20870249208114    1.45391252526627
5
 energy: -9.533814510914 gnorm: 0.067149288961 xtb: 6.2.2 (9d81278992624c895f80dd42a50cac0aa55982e2)
C         1.00634645454246    0.15798690983897   -0.50601314705508
N         0.09428928286934   -0.22490624632998    0.46243107095149
C        -0.27153687495875    0.78299324278005   -0.86655531654122
C        -0.83968169302236   -0.50087977774808   -0.53597490963909
H         0.01058283056931   -0.21519412854096    1.44611230228391
5
 energy: -9.537511602779 gnorm: 0.016646276919 xtb: 6.2.2 (9d81278992624c895f80dd42a50cac0aa55982e2)
C         0.99344709015609    0.19452351601084   -0.50964562653455
N         0.09235721231274   -0.27131613147932    0.45764473712361
C        -0.24423144882642    0.75377732374660   -0.85942059276075
C        -0.85009709378624   -0.48542803793698   -0.54027201081453
H         0.00852424014384   -0.19155667034113    1.45169349298623
5
 energy: -9.537818781540 gnorm: 0.003939676665 xtb: 6.2.2 (9d81278992624c895f80dd42a50cac0aa55982e2)
C         0.99004386478695    0.19103442974252   -0.50632138404413
N         0.09129439479348   -0.27650336139375    0.45570198199294
C        -0.24753488688205    0.74525411052381   -0.85272606121582
C        -0.85073141662812   -0.48369589825758   -0.55317505806589
H         0.01692804392974   -0.17608928061500    1.45652052133290
5
 energy: -9.537853479652 gnorm: 0.003625531075 xtb: 6.2.2 (9d81278992624c895f80dd42a50cac0aa55982e2)
C         0.98913471395808    0.18772150839315   -0.50569738423360
N         0.09021354218381   -0.27712683042343    0.45522876058285
C        -0.24870615993962    0.74448870657368   -0.84815793764893
C        -0.84942277885797   -0.48564907683907   -0.55722478867068
H         0.01878068265571   -0.16943430770433    1.45585134997036
5
 energy: -9.537872954341 gnorm: 0.003224518244 xtb: 6.2.2 (9d81278992624c895f80dd42a50cac0aa55982e2)
C         0.98906298492929    0.18601928193060   -0.50562692118091
N         0.08967520429059   -0.27966890789597    0.45465084586457
C        -0.24898383954396    0.74470987758097   -0.84388235652460
C        -0.84882922702410   -0.48753563748403   -0.55952156620893
H         0.01907487734819   -0.16352461413156    1.45437999804986
5
 energy: -9.537889268138 gnorm: 0.002372455263 xtb: 6.2.2 (9d81278992624c895f80dd42a50cac0aa55982e2)
C         0.98959550995050    0.18549424220593   -0.50561415416584
N         0.08992371995627   -0.28442774145219    0.45383018776621
C        -0.24906457869012    0.74536939428707   -0.83966389724145
C        -0.84893803124340   -0.48878114640204   -0.56076553305518
H         0.01848338002675   -0.15765474863877    1.45221339669625
5
 energy: -9.537898724884 gnorm: 0.001664765089 xtb: 6.2.2 (9d81278992624c895f80dd42a50cac0aa55982e2)
C         0.99013616386625    0.18605767092392   -0.50568024119948
N         0.09096103473543   -0.28883999971049    0.45328311894859
C        -0.24908649450665    0.74606173578086   -0.83751054569941
C        -0.84931302592227   -0.48864041888969   -0.56046014198518
H         0.01730232182724   -0.15463898810459    1.45036780993548
5
 energy: -9.537903754709 gnorm: 0.000870697910 xtb: 6.2.2 (9d81278992624c895f80dd42a50cac0aa55982e2)
C         0.98968419122893    0.18634255367988   -0.50552966023977
N         0.09198359950591   -0.28994850356407    0.45345333093869
C        -0.24923676465854    0.74611085328231   -0.83853191052513
C        -0.84897959237175   -0.48780920954246   -0.55942936267087
H         0.01654856629545   -0.15469569385565    1.45003760249708
5
 energy: -9.537905642435 gnorm: 0.000253869275 xtb: 6.2.2 (9d81278992624c895f80dd42a50cac0aa55982e2)
C         0.98925701963388    0.18612744672394   -0.50598158448136
N         0.09325862479349   -0.29112560331688    0.45369852240560
C        -0.24958446296475    0.74672123803803   -0.83884453425546
C        -0.84838621067470   -0.48738290573904   -0.55885802515559
H         0.01545502921208   -0.15434017570605    1.44998562148681
