5
 energy: -9.440276722171 gnorm: 0.220402304201 xtb: 6.2.2 (9d81278992624c895f80dd42a50cac0aa55982e2)
N        -1.32031000000000   -0.11274700000000    0.61508200000000
C        -0.47281900000000    0.76403000000000   -0.20699000000000
C         0.85358100000000    0.08390500000000   -0.46862100000000
C        -0.45393500000000   -0.67722700000000   -0.43064400000000
H         1.39348300000000   -0.05796100000000    0.49117400000000
5
 energy: -9.494633568741 gnorm: 0.140373579659 xtb: 6.2.2 (9d81278992624c895f80dd42a50cac0aa55982e2)
N        -1.30843794261012   -0.09610975958764    0.50887083392378
C        -0.46608134366417    0.80502606139869   -0.14180369100241
C         0.78693723332009    0.07688154296461   -0.42898963966298
C        -0.44589199594542   -0.73586110783638   -0.38091864951732
H         1.43347404889962   -0.04993673693928    0.44284214625893
5
 energy: -9.511141557640 gnorm: 0.150139153796 xtb: 6.2.2 (9d81278992624c895f80dd42a50cac0aa55982e2)
N        -1.17553929593804   -0.07891445231426    0.40924994926416
C        -0.48681581627385    0.87273992752738   -0.11332910571806
C         0.67526346784662    0.06116560737939   -0.33714927101605
C        -0.46476554278340   -0.80951767259473   -0.37436987685953
H         1.45185718714866   -0.04547340999777    0.41559930432948
5
 energy: -9.526468410168 gnorm: 0.044786551266 xtb: 6.2.2 (9d81278992624c895f80dd42a50cac0aa55982e2)
N        -1.33077195660718   -0.07186940704272    0.35075194662887
C        -0.46239092273159    0.87494116475405   -0.04703699559575
C         0.69377112132425    0.06249468488479   -0.34413702564174
C        -0.44002611835589   -0.83107829458736   -0.31176410763580
H         1.53941787637042   -0.03448814800876    0.35218718224442
5
 energy: -9.529019747737 gnorm: 0.033421450800 xtb: 6.2.2 (9d81278992624c895f80dd42a50cac0aa55982e2)
N        -1.33517235599829   -0.07039552923485    0.34088790049819
C        -0.46967099795604    0.88239936746377   -0.04849426942033
C         0.68692742632437    0.05704505389192   -0.30960488155273
C        -0.44712429486708   -0.83793028311775   -0.31544735318841
H         1.56504022249703   -0.03111860900309    0.33265960366328
5
 energy: -9.533714186653 gnorm: 0.032855394738 xtb: 6.2.2 (9d81278992624c895f80dd42a50cac0aa55982e2)
N        -1.37535537957417   -0.06447165852964    0.29934148898939
C        -0.48026476236679    0.89672795697497   -0.03957310091309
C         0.66624849590224    0.04043565719012   -0.20431485102920
C        -0.45732124082556   -0.85456141940475   -0.31133998883682
H         1.64669288686429   -0.01813053623070    0.25588745178972
5
 energy: -9.536411196894 gnorm: 0.030585744275 xtb: 6.2.2 (9d81278992624c895f80dd42a50cac0aa55982e2)
N        -1.40066397487935   -0.06115301321082    0.27583167419421
C        -0.47918907718450    0.89671774376360   -0.03592636973954
C         0.65625728529670    0.02711961793357   -0.11935220757764
C        -0.45623746003319   -0.85563313021050   -0.30786495245035
H         1.67983322680035   -0.00705121827585    0.18731285557332
5
 energy: -9.537424117675 gnorm: 0.035803845144 xtb: 6.2.2 (9d81278992624c895f80dd42a50cac0aa55982e2)
N        -1.44056947777950   -0.05592903974528    0.23880093854547
C        -0.47632765679886    0.88874443877390   -0.02369401510137
C         0.64142666379316    0.01345868071331   -0.03257799745764
C        -0.45353207927658   -0.85167064508978   -0.29378217435787
H         1.72900255006178    0.00539656534785    0.11125424837141
5
 energy: -9.538054210549 gnorm: 0.021228725161 xtb: 6.2.2 (9d81278992624c895f80dd42a50cac0aa55982e2)
N        -1.43135354888148   -0.05670757777567    0.24457901911986
C        -0.46367241214514    0.87048161794616   -0.02729819022195
C         0.64961957672567    0.00958115187618   -0.00692837400905
C        -0.44135887060792   -0.83285044262690   -0.29162987841422
H         1.68676525490887    0.00949525058023    0.08127842352535
5
 energy: -9.538551477380 gnorm: 0.008201998201 xtb: 6.2.2 (9d81278992624c895f80dd42a50cac0aa55982e2)
N        -1.43976235837519   -0.05558642170382    0.23663973008864
C        -0.47015889142186    0.87369740152182   -0.02374907459220
C         0.64776111511717    0.00974196346044   -0.00811665845133
C        -0.44774530055972   -0.83715436040850   -0.28924501112864
H         1.70990543523960    0.00930141713006    0.08447201408353
5
 energy: -9.538596534738 gnorm: 0.004252565975 xtb: 6.2.2 (9d81278992624c895f80dd42a50cac0aa55982e2)
N        -1.43885146915207   -0.05546039568179    0.23591070778486
C        -0.47127294406446    0.87366216283650   -0.02191536995883
C         0.64990836695266    0.01108013599568   -0.01652497460230
C        -0.44884783647800   -0.83770673369368   -0.28748592795634
H         1.70906388274187    0.00842483054329    0.09001656473261
5
 energy: -9.538614600299 gnorm: 0.000936316851 xtb: 6.2.2 (9d81278992624c895f80dd42a50cac0aa55982e2)
N        -1.44002649105940   -0.05498124046644    0.23268303384818
C        -0.47174146298715    0.87199350742657   -0.01976340525301
C         0.65123183977472    0.01089973126274   -0.01532751403760
C        -0.44935861873352   -0.83677139288636   -0.28493403258842
H         1.70989473300535    0.00885939466348    0.08734291803084
5
 energy: -9.538616561360 gnorm: 0.000556078449 xtb: 6.2.2 (9d81278992624c895f80dd42a50cac0aa55982e2)
N        -1.44087162671875   -0.05464250800477    0.23046616644203
C        -0.47183477108103    0.87159917094972   -0.01857478747197
C         0.65140363776262    0.01046847983190   -0.01239554174009
C        -0.44943371234745   -0.83676649075918   -0.28366195192156
H         1.71073647238461    0.00934134798233    0.08416711469159
