5
 energy: -10.942602496345 gnorm: 0.143145575938 xtb: 6.2.2 (9d81278992624c895f80dd42a50cac0aa55982e2)
C        -0.98274600000000    0.79453600000000    0.18769100000000
C         0.37299900000000    0.69461600000000   -0.47900400000000
C         0.33036800000000   -0.76630700000000   -0.39331300000000
N         1.30599300000000   -0.01413500000000    0.40876000000000
C        -1.02661400000000   -0.70871000000000    0.27586500000000
5
 energy: -10.960656947805 gnorm: 0.082571381308 xtb: 6.2.2 (9d81278992624c895f80dd42a50cac0aa55982e2)
C        -0.96295856550626    0.76781703557731    0.17358828309761
C         0.36650330871887    0.70672249194970   -0.44405244479317
C         0.32329828297026   -0.77384922104454   -0.35720778681595
N         1.27851327263628   -0.01567292115009    0.36886623393381
C        -1.00535629881915   -0.68501738533238    0.25880471457771
5
 energy: -10.986413084681 gnorm: 0.121006767634 xtb: 6.2.2 (9d81278992624c895f80dd42a50cac0aa55982e2)
C        -0.94452093724409    0.74563426507309    0.14615703935370
C         0.36190624368136    0.74089669005232   -0.37788193391536
C         0.31694574427500   -0.79973086668335   -0.28750965557628
N         1.25142894941250   -0.01949598584912    0.29020197865679
C        -0.98576000012477   -0.66730410259293    0.22903157148114
5
 energy: -10.961076092080 gnorm: 0.367671831784 xtb: 6.2.2 (9d81278992624c895f80dd42a50cac0aa55982e2)
C        -0.89085426916416    0.68073984763779    0.05107222184803
C         0.35409102330369    0.87623864185981   -0.14637617346157
C         0.30206038973765   -0.90640841667360   -0.04179934180761
N         1.16344781288339   -0.03337114600979    0.00989946619304
C        -0.92874495676057   -0.61719892681422    0.12720282722812
5
 energy: -11.002683111478 gnorm: 0.233464043808 xtb: 6.2.2 (9d81278992624c895f80dd42a50cac0aa55982e2)
C        -0.94372911902102    0.67908694157046    0.05447935919272
C         0.35550627962393    0.83600711561559   -0.15937767835053
C         0.30575486129249   -0.86810743322327   -0.05939753602248
N         1.26390680729084   -0.03488318524076    0.03407847989184
C        -0.98143882918624   -0.61210343872203    0.13021637528845
5
 energy: -10.985458920003 gnorm: 0.289351251055 xtb: 6.2.2 (9d81278992624c895f80dd42a50cac0aa55982e2)
C        -1.09354648693275    0.65093577316851    0.02642704042279
C         0.37321672175864    0.75267436387156   -0.09181325778871
C         0.32846953104831   -0.77856491319347   -0.00197584667819
N         1.52131485519889   -0.04625114687158   -0.03125812545250
C        -1.12945462107309   -0.57879407697501    0.09861918949660
5
 energy: -11.024726281535 gnorm: 0.092538801495 xtb: 6.2.2 (9d81278992624c895f80dd42a50cac0aa55982e2)
C        -1.05054711353159    0.71060211072062    0.05189143105446
C         0.39218585945528    0.77106961025870   -0.13925943305845
C         0.34618179512530   -0.80344701204244   -0.04689320108295
N         1.40207533215201   -0.04075581628926    0.00322330181512
C        -1.08989587320099   -0.63746889264761    0.13103690127182
5
 energy: -11.031998764561 gnorm: 0.087393940766 xtb: 6.2.2 (9d81278992624c895f80dd42a50cac0aa55982e2)
C        -0.99238937233918    0.69524729317756    0.02141649642321
C         0.37031058564262    0.84403079824649   -0.07803895845769
C         0.32031470465512   -0.86738089952111    0.02239597775663
N         1.33286661281915   -0.04270223747007   -0.06488723101719
C        -1.03110253077770   -0.62919495443287    0.09911271529504
5
 energy: -11.035472962168 gnorm: 0.037071753245 xtb: 6.2.2 (9d81278992624c895f80dd42a50cac0aa55982e2)
C        -1.01646274931168    0.69828556251831    0.02486777392934
C         0.38363608070672    0.83317035390704   -0.07859291103144
C         0.33421800635383   -0.85740865292773    0.02057729392554
N         1.35385245379106   -0.04363585585152   -0.06975705592816
C        -1.05524379153993   -0.63041140764610    0.10290389910472
5
 energy: -11.036181964857 gnorm: 0.021977552049 xtb: 6.2.2 (9d81278992624c895f80dd42a50cac0aa55982e2)
C        -1.02179057978230    0.69963823155587    0.02172537789445
C         0.38905529118010    0.84025568130561   -0.06775723616675
C         0.33927956959995   -0.86353608954696    0.03232240524891
N         1.35427686326084   -0.04451988885018   -0.08601247665239
C        -1.06082114425859   -0.63183793446434    0.09972092967578
5
 energy: -11.036475503457 gnorm: 0.013244578664 xtb: 6.2.2 (9d81278992624c895f80dd42a50cac0aa55982e2)
C        -1.02384623333455    0.70068347097499    0.01913090935240
C         0.39409180859428    0.85095817538163   -0.05940038821050
C         0.34351414084919   -0.87311207251562    0.04125217177351
N         1.34840210106708   -0.04553909379009   -0.09927452012540
C        -1.06216181717598   -0.63299048005090    0.09829082720999
5
 energy: -11.036547101967 gnorm: 0.011479876588 xtb: 6.2.2 (9d81278992624c895f80dd42a50cac0aa55982e2)
C        -1.02195350359272    0.70073212031087    0.02142496311836
C         0.39470461972970    0.85426957389401   -0.06085930702229
C         0.34459532647777   -0.87781884420530    0.04260250251483
N         1.34582588014543   -0.04399414668866   -0.09995463577406
C        -1.06317232276017   -0.63318870331092    0.09678547716316
5
 energy: -11.036617610927 gnorm: 0.009597090276 xtb: 6.2.2 (9d81278992624c895f80dd42a50cac0aa55982e2)
C        -1.02508972673479    0.70063509867152    0.01753096936944
C         0.39829327651893    0.86934873741084   -0.06202994991189
C         0.34492801220840   -0.88886324637965    0.03516499015865
N         1.33847357600017   -0.04867475943586   -0.09640937664434
C        -1.05660513799269   -0.63244583026685    0.10574236702815
5
 energy: -11.036735563033 gnorm: 0.003790624474 xtb: 6.2.2 (9d81278992624c895f80dd42a50cac0aa55982e2)
C        -1.02076754125275    0.70025086395082    0.02502046495464
C         0.39587724375158    0.86557671638671   -0.07039793137967
C         0.34476193577583   -0.88973343179903    0.03377370313208
N         1.34128253328426   -0.04372558682817   -0.08989372577163
C        -1.06115417155892   -0.63236856171033    0.10149648906459
5
 energy: -11.036758217547 gnorm: 0.001401278393 xtb: 6.2.2 (9d81278992624c895f80dd42a50cac0aa55982e2)
C        -1.02148890037752    0.70013559192217    0.02569740140889
C         0.39514138898417    0.86360460668387   -0.07312201346030
C         0.34402379328969   -0.88786439238216    0.03054561016113
N         1.34382829739684   -0.04375872192553   -0.08577182439396
C        -1.06150457929317   -0.63211708429835    0.10264982628424
5
 energy: -11.036760881931 gnorm: 0.000618554533 xtb: 6.2.2 (9d81278992624c895f80dd42a50cac0aa55982e2)
C        -1.02253078107995    0.70008273786125    0.02576727917995
C         0.39512882137190    0.86363262077323   -0.07517750636040
C         0.34363898040867   -0.88749239045031    0.02744456585569
N         1.34501386486817   -0.04430742132870   -0.08251439248058
C        -1.06125088556879   -0.63191554685546    0.10447905380534
