5
 energy: -9.458948183629 gnorm: 0.165566350970 xtb: 6.2.2 (9d81278992624c895f80dd42a50cac0aa55982e2)
N        -1.19825700000000   -0.46298000000000   -0.24950900000000
C        -0.00890300000000    0.39341200000000   -0.35975500000000
C         1.24840000000000   -0.43729300000000   -0.25048500000000
C         0.00385800000000   -0.76295600000000    0.54025500000000
H        -0.04509800000000    1.26981700000000    0.31949300000000
5
 energy: -9.500234750537 gnorm: 0.096946454665 xtb: 6.2.2 (9d81278992624c895f80dd42a50cac0aa55982e2)
N        -1.13689460083370   -0.45197458984591   -0.21003090008217
C        -0.01412244969491    0.42429749700378   -0.30193298764091
C         1.20040983695546   -0.44667940609075   -0.21680721278105
C         0.00893525740899   -0.89442648796834    0.47843793246082
H        -0.05832804383584    1.36878298690121    0.25033216804331
5
 energy: -9.513697564599 gnorm: 0.047451991652 xtb: 6.2.2 (9d81278992624c895f80dd42a50cac0aa55982e2)
N        -1.04200369835235   -0.47152040547161   -0.20028910082010
C        -0.02297300035667    0.47120133056022   -0.23381298495569
C         1.12177987055771   -0.49107467671494   -0.20983989419322
C         0.01591107835361   -0.96453406458603    0.44028081285062
H        -0.07271425020230    1.45592781621236    0.20366016711840
5
 energy: -9.516889341017 gnorm: 0.020765823094 xtb: 6.2.2 (9d81278992624c895f80dd42a50cac0aa55982e2)
N        -1.07023896669209   -0.43293364326944   -0.16690137065956
C        -0.02171310837741    0.45941414482753   -0.21472402557437
C         1.15187063485777   -0.47056568185049   -0.17897013082740
C         0.02476236110873   -1.02875734954229    0.39725355864925
H        -0.08468092089699    1.47284252983470    0.16334096841207
5
 energy: -9.517492327084 gnorm: 0.013644039597 xtb: 6.2.2 (9d81278992624c895f80dd42a50cac0aa55982e2)
N        -1.06320773838398   -0.43729923174598   -0.17426134049002
C        -0.02300933719226    0.46417763437110   -0.19536660227242
C         1.14676035838355   -0.48012987309181   -0.18588102733109
C         0.02720699138565   -1.03138448733796    0.39895872069817
H        -0.08775027419296    1.48463595780465    0.15654924939537
5
 energy: -9.517886117081 gnorm: 0.008535395437 xtb: 6.2.2 (9d81278992624c895f80dd42a50cac0aa55982e2)
N        -1.05874037362236   -0.43734675052238   -0.18061243934819
C        -0.02668848303378    0.46572966794011   -0.16803757970708
C         1.14365063911909   -0.48294500428115   -0.19050285235104
C         0.02949274923392   -1.03800296979347    0.39690613574857
H        -0.08771453169686    1.49256505665689    0.14224573565774
5
 energy: -9.518011407462 gnorm: 0.006020298197 xtb: 6.2.2 (9d81278992624c895f80dd42a50cac0aa55982e2)
N        -1.06023890452175   -0.43701761296442   -0.18318398735883
C        -0.02918460196612    0.46269955950128   -0.15470018518213
C         1.14400862335844   -0.47891627856345   -0.19130108235605
C         0.02927742451093   -1.04027188837724    0.39447395995561
H        -0.08386254138149    1.49350622040383    0.13471029494140
5
 energy: -9.518067971399 gnorm: 0.003295170233 xtb: 6.2.2 (9d81278992624c895f80dd42a50cac0aa55982e2)
N        -1.06368970539320   -0.43780743845071   -0.18441505258641
C        -0.03037385911580    0.45865494945767   -0.14705746524349
C         1.14508469739199   -0.47351291110935   -0.19106512452738
C         0.02799619667085   -1.03954404655823    0.39189358201439
H        -0.07901732955384    1.49220944666062    0.13064306034290
5
 energy: -9.518080348153 gnorm: 0.002170249217 xtb: 6.2.2 (9d81278992624c895f80dd42a50cac0aa55982e2)
N        -1.06537870862028   -0.43874503334686   -0.18399236932881
C        -0.02963564494398    0.45734303812493   -0.14620164993304
C         1.14572504551631   -0.47185115924956   -0.19076055095688
C         0.02698480075306   -1.03833204615385    0.39054202242678
H        -0.07769549270511    1.49158520062534    0.13041154779195
5
 energy: -9.518087928356 gnorm: 0.001326008126 xtb: 6.2.2 (9d81278992624c895f80dd42a50cac0aa55982e2)
N        -1.06641971170580   -0.43966130642650   -0.18293129338329
C        -0.02795592835749    0.45692838022771   -0.14634991489037
C         1.14636111089677   -0.47142973574548   -0.19066609801691
C         0.02580553398220   -1.03718055045891    0.38922020648746
H        -0.07779100481568    1.49134321240317    0.13072609980312
5
 energy: -9.518090822796 gnorm: 0.000594699231 xtb: 6.2.2 (9d81278992624c895f80dd42a50cac0aa55982e2)
N        -1.06642300400402   -0.44004467127136   -0.18172397568336
C        -0.02590670374650    0.45738884281233   -0.14631340012848
C         1.14685186366498   -0.47219650114989   -0.19102300386077
C         0.02476578356464   -1.03680012192387    0.38826527874935
H        -0.07928793947911    1.49165245153278    0.13079410092326
