5
 energy: -10.861711912417 gnorm: 0.145695629574 xtb: 6.2.2 (9d81278992624c895f80dd42a50cac0aa55982e2)
C        -0.17459900000000    1.29052600000000   -0.01563000000000
N        -0.01812800000000    0.00376500000000    0.71352100000000
C         0.01777300000000   -0.00366700000000   -0.70026100000000
C         1.20478700000000   -0.49379600000000    0.02876200000000
C        -1.02983300000000   -0.79682800000000   -0.02639200000000
5
 energy: -10.878376824271 gnorm: 0.077519575245 xtb: 6.2.2 (9d81278992624c895f80dd42a50cac0aa55982e2)
C        -0.16951645234082    1.25296148380143   -0.01457490754829
N        -0.01910028613531    0.00398224101289    0.75147010504798
C         0.01877546965957   -0.00384192749233   -0.74041620974463
C         1.16967610484484   -0.47944188677815    0.02853576023108
C        -0.99983483602828   -0.77365991054384   -0.02501474798614
5
 energy: -10.885927347328 gnorm: 0.024079326191 xtb: 6.2.2 (9d81278992624c895f80dd42a50cac0aa55982e2)
C        -0.16374277885643    1.21041384344779   -0.00927755853045
N        -0.02010935286498    0.00435083935981    0.78746364656387
C         0.01991808453348   -0.00382475613383   -0.79130300521907
C         1.12962875917553   -0.46332649086000    0.03242938151252
C        -0.96569471198761   -0.74761343581376   -0.01931246432686
5
 energy: -10.886417785047 gnorm: 0.012121923692 xtb: 6.2.2 (9d81278992624c895f80dd42a50cac0aa55982e2)
C        -0.16265349100073    1.20555978231961   -0.00572670054585
N        -0.02064025741228    0.00514183873482    0.79321830185712
C         0.01980590476444   -0.00286563909243   -0.80787229732126
C         1.12414727513731   -0.46223235739008    0.03596082321119
C        -0.96065943148874   -0.74560362457193   -0.01558012720119
5
 energy: -10.886726386231 gnorm: 0.021111621410 xtb: 6.2.2 (9d81278992624c895f80dd42a50cac0aa55982e2)
C        -0.16038079535710    1.20639696385500   -0.00347019330331
N        -0.02256094155029    0.00908071867260    0.79543834072451
C         0.01749950309027    0.00244689303177   -0.81834458533528
C         1.12047644261284   -0.46670824352849    0.03898148744065
C        -0.95503420879572   -0.75121633203088   -0.01260504952657
5
 energy: -10.887670073017 gnorm: 0.024806706077 xtb: 6.2.2 (9d81278992624c895f80dd42a50cac0aa55982e2)
C        -0.15768688506790    1.21014050306595   -0.00341239414418
N        -0.02565724418101    0.01845776751898    0.79671411895494
C         0.01326771703630    0.01503710172897   -0.82324380176077
C         1.11208588204315   -0.47952152596230    0.04073534234879
C        -0.94200946983053   -0.76411384635160   -0.01079326539879
5
 energy: -10.889882668988 gnorm: 0.031348052361 xtb: 6.2.2 (9d81278992624c895f80dd42a50cac0aa55982e2)
C        -0.15949922366671    1.22067675494278   -0.00442714970410
N        -0.02753492309456    0.03327891717872    0.79781453549701
C         0.01042700286183    0.03406096565298   -0.82602127068416
C         1.09536805966060   -0.50482360582809    0.04174116914090
C        -0.91876091576116   -0.78319303194639   -0.00910728424965
5
 energy: -10.896664643635 gnorm: 0.054817670661 xtb: 6.2.2 (9d81278992624c895f80dd42a50cac0aa55982e2)
C        -0.16618389860960    1.24383704490970   -0.00548187308149
N        -0.02898362921587    0.05651877332127    0.79993070024605
C         0.00860484117784    0.06132641010147   -0.82978028188680
C         1.06118885515786   -0.54903629368016    0.04214302045704
C        -0.87462616851024   -0.81264593465228   -0.00681156573480
5
 energy: -10.910612212588 gnorm: 0.071481458518 xtb: 6.2.2 (9d81278992624c895f80dd42a50cac0aa55982e2)
C        -0.17263444837328    1.27896339697606   -0.00552387409598
N        -0.03337520379287    0.09385580470798    0.80609412835973
C         0.00421776744602    0.10229151862275   -0.84021770216117
C         0.99779156483169   -0.61634174766644    0.04253483144111
C        -0.79599968011157   -0.85876897264035   -0.00288738354369
5
 energy: -10.892692709447 gnorm: 0.157656218462 xtb: 6.2.2 (9d81278992624c895f80dd42a50cac0aa55982e2)
C        -0.19586602939666    1.40049927050207   -0.01156786681417
N        -0.04739237107972    0.22078172309416    0.82571851153311
C        -0.01026061186662    0.24329506253119   -0.85852572142971
C         0.76341957183007   -0.85006821360794    0.03837439603692
C        -0.50990055948707   -1.01450784251948    0.00600068067385
5
 energy: -10.924010646742 gnorm: 0.096032161277 xtb: 6.2.2 (9d81278992624c895f80dd42a50cac0aa55982e2)
C        -0.18084169751138    1.32269687506600    0.00137074532474
N        -0.04444022328347    0.17999923273059    0.82938263496470
C        -0.00648428374644    0.18968731602771   -0.88593459467846
C         0.86083153806133   -0.74705398863323    0.04692845918049
C        -0.62906533352003   -0.94532943519107    0.00825275520853
5
 energy: -10.935655796176 gnorm: 0.138885736372 xtb: 6.2.2 (9d81278992624c895f80dd42a50cac0aa55982e2)
C        -0.17032658719317    1.25815199567780   -0.00315368075589
N        -0.04106381672373    0.14612567995675    0.85921579311990
C        -0.00478022952247    0.16856004500985   -0.91541564555086
C         0.89172562520405   -0.68128466526859    0.05039153004443
C        -0.67555499176469   -0.89155305537582    0.00896200314243
5
 energy: -10.928016376437 gnorm: 0.097534909850 xtb: 6.2.2 (9d81278992624c895f80dd42a50cac0aa55982e2)
C        -0.12838652966693    0.99901144530673   -0.01606557071046
N        -0.03252450845121    0.04437836042588    1.00193397010106
C        -0.00242511979650    0.11658275196249   -1.07091373839311
C         0.96071666120207   -0.45924667424838    0.06763944215710
C        -0.79738050328743   -0.70072588344671    0.01740589684542
5
 energy: -10.959525974486 gnorm: 0.100887210278 xtb: 6.2.2 (9d81278992624c895f80dd42a50cac0aa55982e2)
C        -0.13689399845468    1.11608829687429   -0.01430850655448
N        -0.04198052719349    0.10237739033720    0.95418889481481
C        -0.00884303713497    0.14688646838062   -0.99890541547765
C         0.89920716392627   -0.56647326172249    0.05207036616269
C        -0.71148960114314   -0.79887889386961    0.00695466105462
5
 energy: -10.963864977515 gnorm: 0.097083337817 xtb: 6.2.2 (9d81278992624c895f80dd42a50cac0aa55982e2)
C        -0.14514131830873    1.21093597605563   -0.01431543662494
N        -0.05168792970500    0.17339862373147    0.92901202077669
C        -0.01592701658013    0.18959365310914   -0.94329053278502
C         0.79542473234409   -0.68271883751000    0.03371971966575
C        -0.58266846775024   -0.89120941538624   -0.00512577103248
5
 energy: -10.973805457347 gnorm: 0.057967421267 xtb: 6.2.2 (9d81278992624c895f80dd42a50cac0aa55982e2)
C        -0.13131485660738    1.15233227323762   -0.00934288787376
N        -0.05132916058178    0.14402114699124    0.95313086912585
C        -0.01651422535974    0.16775630575996   -0.98986081173597
C         0.83077438634072   -0.61912304546379    0.04396445315586
C        -0.63161614379181   -0.84498668052503    0.00210837732802
5
 energy: -10.976730053787 gnorm: 0.028809456896 xtb: 6.2.2 (9d81278992624c895f80dd42a50cac0aa55982e2)
C        -0.12271303098605    1.13272080812969   -0.00619531553933
N        -0.05498140199982    0.14688541130258    0.96813076325835
C        -0.01997594671428    0.16839260439684   -1.01137787021465
C         0.81643611536082   -0.60965904269967    0.04557823377461
C        -0.61876573566067   -0.83833978112944    0.00386418872103
5
 energy: -10.977599594131 gnorm: 0.013852054744 xtb: 6.2.2 (9d81278992624c895f80dd42a50cac0aa55982e2)
C        -0.11295043603265    1.12322153310423   -0.00227645982315
N        -0.06114254819369    0.15466517076609    0.97833771980432
C        -0.02517674705870    0.17114393475245   -1.02727953636842
C         0.80021074650922   -0.60796993476350    0.04608696916030
C        -0.60094101522418   -0.84106070385927    0.00513130722696
5
 energy: -10.977680251728 gnorm: 0.009854744451 xtb: 6.2.2 (9d81278992624c895f80dd42a50cac0aa55982e2)
C        -0.10912116520461    1.12310457905477   -0.00187570489149
N        -0.06389178912493    0.15516118707644    0.97910841884239
C        -0.02719212052088    0.17088254105105   -1.02815956399890
C         0.80204551671384   -0.60590178102937    0.04575839742786
C        -0.60184044186342   -0.84324652615289    0.00516845262013
5
 energy: -10.977953936219 gnorm: 0.012094493350 xtb: 6.2.2 (9d81278992624c895f80dd42a50cac0aa55982e2)
C        -0.08093017594007    1.12275794396631   -0.00003875036866
N        -0.08343222123697    0.15895609402778    0.98407428767638
C        -0.04201800291304    0.17203230100733   -1.03378507704500
C         0.80712035630875   -0.59326795493152    0.04370617953533
C        -0.60073995621867   -0.86047838406990    0.00604336020194
5
 energy: -10.978122637640 gnorm: 0.021501032296 xtb: 6.2.2 (9d81278992624c895f80dd42a50cac0aa55982e2)
C        -0.05461646488228    1.12052779896132    0.00092245290422
N        -0.10084757389736    0.15998160427732    0.98731304828601
C        -0.05517460757849    0.17352506443867   -1.03850177721247
C         0.80893177693219   -0.57966251536724    0.04245567467140
C        -0.59829313057405   -0.87437195231006    0.00781060135084
5
 energy: -10.978518849961 gnorm: 0.011691497589 xtb: 6.2.2 (9d81278992624c895f80dd42a50cac0aa55982e2)
C        -0.04424912042212    1.11808584258068    0.00079693692782
N        -0.10822420915700    0.15699227191037    0.98334692543763
C        -0.06157033333976    0.17180006727615   -1.03508230713572
C         0.80781630358666   -0.57271799344554    0.04212909577424
C        -0.59377264066779   -0.87416018832166    0.00880934899602
5
 energy: -10.979253735267 gnorm: 0.018334220491 xtb: 6.2.2 (9d81278992624c895f80dd42a50cac0aa55982e2)
C        -0.00473586228314    1.10910879468187    0.00147332397053
N        -0.13596782499973    0.14626058418020    0.97597929847207
C        -0.08531014749498    0.16462428653782   -1.03063500174045
C         0.80796413197608   -0.54471159007964    0.04090620216647
C        -0.58195029719823   -0.87528207532026    0.01227617713137
5
 energy: -10.979995865585 gnorm: 0.032420768900 xtb: 6.2.2 (9d81278992624c895f80dd42a50cac0aa55982e2)
C         0.05076177252990    1.09505712904657    0.00363208580565
N        -0.17378625257057    0.13376400199998    0.97199832139862
C        -0.11763776308049    0.15510643296979   -1.03105422191876
C         0.81162561822822   -0.50362156267460    0.03917261693874
C        -0.57096337510705   -0.88030600134175    0.01625119777575
5
 energy: -10.980909512416 gnorm: 0.037898910348 xtb: 6.2.2 (9d81278992624c895f80dd42a50cac0aa55982e2)
C         0.14930913661006    1.06163499141331    0.00948324914713
N        -0.23816686492686    0.11463458016545    0.97253283880688
C        -0.17269437388632    0.13821189749411   -1.04000504915209
C         0.82015098526915   -0.42425893809962    0.03602907177240
C        -0.55859888306603   -0.89022253097325    0.02195988942568
5
 energy: -10.981782180344 gnorm: 0.022999004654 xtb: 6.2.2 (9d81278992624c895f80dd42a50cac0aa55982e2)
C         0.15404066483336    1.04952025116784    0.01262449884561
N        -0.23693495480833    0.11501431473799    0.97993101966740
C        -0.17452698389063    0.13402921579328   -1.04875754327829
C         0.82294652755572   -0.41126461335332    0.03784401060470
C        -0.56552525369012   -0.88729916834579    0.01835801416057
5
 energy: -10.982293057636 gnorm: 0.007451704667 xtb: 6.2.2 (9d81278992624c895f80dd42a50cac0aa55982e2)
C         0.16259479952076    1.03851935073424    0.01723176555620
N        -0.23380258361531    0.11641378822456    0.98727411520766
C        -0.18014662017437    0.12767180065037   -1.05806008573867
C         0.82741961530665   -0.39387458400441    0.04348549547712
C        -0.57606521103772   -0.88873035560477    0.01006870949769
5
 energy: -10.982348830202 gnorm: 0.006443320162 xtb: 6.2.2 (9d81278992624c895f80dd42a50cac0aa55982e2)
C         0.15923930104190    1.04087516715592    0.01684818870462
N        -0.22900451549578    0.11612253725124    0.98743323318730
C        -0.17956654011058    0.12667491601264   -1.05762032984042
C         0.82814875976868   -0.39494245078888    0.04635049495490
C        -0.57881700520423   -0.88873016963092    0.00698841299360
5
 energy: -10.982484392102 gnorm: 0.011211487390 xtb: 6.2.2 (9d81278992624c895f80dd42a50cac0aa55982e2)
C         0.17685320025819    1.03797957847251    0.01638246061042
N        -0.23071596636389    0.10796969020292    0.98835021599818
C        -0.19380350009295    0.11781628246586   -1.05837580082220
C         0.83197080976779   -0.37361224725861    0.05590006438345
C        -0.58430454356914   -0.89015330388268   -0.00225694016985
5
 energy: -10.982616714183 gnorm: 0.009398878553 xtb: 6.2.2 (9d81278992624c895f80dd42a50cac0aa55982e2)
C         0.18544753494840    1.03819735871850    0.01344051319227
N        -0.22880206178952    0.09784576132529    0.98872727462578
C        -0.20340562254113    0.10987478420881   -1.05672654063943
C         0.83489317117957   -0.36000065023707    0.06476836849533
C        -0.58813302179731   -0.88591725401553   -0.01020961567396
5
 energy: -10.982708001276 gnorm: 0.003357201961 xtb: 6.2.2 (9d81278992624c895f80dd42a50cac0aa55982e2)
C         0.19150622454692    1.03778207784300    0.01023923950163
N        -0.23053392350913    0.08848592739460    0.98914341123732
C        -0.20983487550502    0.10420970163929   -1.05497555297248
C         0.83716722510312   -0.35134054997228    0.06878347255766
C        -0.58830465063589   -0.87913715690462   -0.01319057032414
5
 energy: -10.982720294504 gnorm: 0.001990821631 xtb: 6.2.2 (9d81278992624c895f80dd42a50cac0aa55982e2)
C         0.19290733750156    1.03690159032656    0.01003321632269
N        -0.23288646071091    0.08711256326865    0.98976022164530
C        -0.21036610341601    0.10350567754959   -1.05539015840894
C         0.83787026970723   -0.35023447992331    0.06757299131253
C        -0.58752504308187   -0.87728535122149   -0.01197627087158
5
 energy: -10.982724137756 gnorm: 0.001286768821 xtb: 6.2.2 (9d81278992624c895f80dd42a50cac0aa55982e2)
C         0.19299315676905    1.03694557306362    0.01023096726365
N        -0.23362225421094    0.08642526424447    0.99036881407414
C        -0.21021302486625    0.10257472984263   -1.05586462072469
C         0.83880843376238   -0.34975792286008    0.06686128362254
C        -0.58796631145424   -0.87618764429064   -0.01159644423564
5
 energy: -10.982725906564 gnorm: 0.001275278004 xtb: 6.2.2 (9d81278992624c895f80dd42a50cac0aa55982e2)
C         0.19552225766302    1.03653011829619    0.01084179790782
N        -0.23493300143850    0.08488341448122    0.99070502509271
C        -0.21157284627442    0.10029031132815   -1.05639301699050
C         0.84025012745526   -0.34625953110551    0.06683220893167
C        -0.58926653740536   -0.87544431300004   -0.01198601494170
5
 energy: -10.982728294371 gnorm: 0.001658821928 xtb: 6.2.2 (9d81278992624c895f80dd42a50cac0aa55982e2)
C         0.19350149497962    1.03792772985805    0.01157395991222
N        -0.23419793533370    0.08497226918521    0.99020954764979
C        -0.20957837980558    0.09953321813798   -1.05618126568220
C         0.84085172766701   -0.34725188551966    0.06569616699263
C        -0.59057690750736   -0.87518133166159   -0.01129840887244
5
 energy: -10.982729939798 gnorm: 0.000554759399 xtb: 6.2.2 (9d81278992624c895f80dd42a50cac0aa55982e2)
C         0.19376860607207    1.03764249676777    0.01170261146231
N        -0.23438482559755    0.08465255034890    0.98987727752757
C        -0.20942462500217    0.09922985559769   -1.05599948370968
C         0.84063244926423   -0.34660172353924    0.06544264707097
C        -0.59059160473658   -0.87492317917512   -0.01102305235118
