4
 energy: -8.057587218799 gnorm: 0.238049664601 xtb: 6.2.2 (9d81278992624c895f80dd42a50cac0aa55982e2)
C         1.48067000000000   -0.02396400000000   -0.29500800000000
C         0.24068900000000   -0.00964100000000    0.57353200000000
C        -0.84704000000000    0.77306100000000   -0.13229100000000
C        -0.87431900000000   -0.73945700000000   -0.14623300000000
4
 energy: -8.107582477517 gnorm: 0.101536359953 xtb: 6.2.2 (9d81278992624c895f80dd42a50cac0aa55982e2)
C         1.40704052243581   -0.02320625004236   -0.23326806475394
C         0.28206428935498   -0.00951980645532    0.47947158799962
C        -0.83129042037718    0.75168450050036   -0.11632506265501
C        -0.85781439141361   -0.71895944400268   -0.12987846059068
4
 energy: -8.109766119835 gnorm: 0.133621149833 xtb: 6.2.2 (9d81278992624c895f80dd42a50cac0aa55982e2)
C         1.38384779883727   -0.02326996550218   -0.18123684471846
C         0.32131180401971   -0.00947048235595    0.39754104270940
C        -0.83973026417150    0.72891495478314   -0.10158555069799
C        -0.86542933868548   -0.69617550692501   -0.11471864729295
4
 energy: -8.115840714766 gnorm: 0.017479901939 xtb: 6.2.2 (9d81278992624c895f80dd42a50cac0aa55982e2)
C         1.44942446582168   -0.02441780318982   -0.18487986828030
C         0.30662572696111   -0.00910406850010    0.38650763779828
C        -0.86518519189092    0.72873410355553   -0.09425281595429
C        -0.89086500089188   -0.69521323186561   -0.10737495356369
4
 energy: -8.116551297559 gnorm: 0.015092558360 xtb: 6.2.2 (9d81278992624c895f80dd42a50cac0aa55982e2)
C         1.47173435882431   -0.02494114668532   -0.17193234018196
C         0.30947521371507   -0.00888769912195    0.35767232305166
C        -0.87784060259080    0.72476956693511   -0.08634617926640
C        -0.90336896994858   -0.69094172112784   -0.09939380360331
4
 energy: -8.122969112345 gnorm: 0.080122101798 xtb: 6.2.2 (9d81278992624c895f80dd42a50cac0aa55982e2)
C         1.62729199308951   -0.02856224655988   -0.08479734182222
C         0.33122235311384   -0.00747886116875    0.16451258223361
C        -0.96713508228355    0.69064388962953   -0.03365023170499
C        -0.99137926391979   -0.65460378190091   -0.04606500870641
4
 energy: -8.121632246870 gnorm: 0.121834638051 xtb: 6.2.2 (9d81278992624c895f80dd42a50cac0aa55982e2)
C         1.69740166403189   -0.03032887596113   -0.03020178932974
C         0.35306276532630   -0.00683674033474    0.05267098292059
C        -1.01382404905104    0.65138223684725   -0.00539359381182
C        -1.03664038030715   -0.61421762055137   -0.01707559977903
4
 energy: -8.127345771982 gnorm: 0.092759658037 xtb: 6.2.2 (9d81278992624c895f80dd42a50cac0aa55982e2)
C         1.59136797110396   -0.02818479402810   -0.05376994844102
C         0.36336348994304   -0.00769719420798    0.12443470926388
C        -0.96621785654529    0.63549511650314   -0.02963877399575
C        -0.98851360450171   -0.59961412826705   -0.04102598682711
4
 energy: -8.130147920178 gnorm: 0.039282799325 xtb: 6.2.2 (9d81278992624c895f80dd42a50cac0aa55982e2)
C         1.60577094655791   -0.02844049583874   -0.05322965678798
C         0.37880364957826   -0.00804706770446    0.13124230963436
C        -0.98069206216732    0.66018421143630   -0.03309290800702
C        -1.00388253396885   -0.62369764789310   -0.04491974483937
4
 energy: -8.131593833448 gnorm: 0.020113515432 xtb: 6.2.2 (9d81278992624c895f80dd42a50cac0aa55982e2)
C         1.62617440109462   -0.02895736336843   -0.03657417992864
C         0.39558537948234   -0.00809788080574    0.10381097504737
C        -0.99954131252557    0.64589291763713   -0.02784072321638
C        -1.02221846805138   -0.60883867346297   -0.03939607190235
4
 energy: -8.131833766386 gnorm: 0.024081164846 xtb: 6.2.2 (9d81278992624c895f80dd42a50cac0aa55982e2)
C         1.63028273304437   -0.02911174840976   -0.02475234961360
C         0.41927446967394   -0.00844651713167    0.09343052758226
C        -1.01363213617801    0.63371661925633   -0.02868722536250
C        -1.03592506654030   -0.59615935371490   -0.03999095260616
4
 energy: -8.132027006754 gnorm: 0.004244392801 xtb: 6.2.2 (9d81278992624c895f80dd42a50cac0aa55982e2)
C         1.63305499557635   -0.02909915125512   -0.02788316124582
C         0.41316492254099   -0.00838128819471    0.09574091726104
C        -1.01181939174476    0.63973226583246   -0.02823575307452
C        -1.03440052637257   -0.60225282638262   -0.03962200294069
4
 energy: -8.132037679482 gnorm: 0.000828507458 xtb: 6.2.2 (9d81278992624c895f80dd42a50cac0aa55982e2)
C         1.63317193753019   -0.02903621133891   -0.02740592086045
C         0.41533683679160   -0.00846757922835    0.09611712118286
C        -1.01289436260539    0.63939678896136   -0.02869338211885
C        -1.03561441171640   -0.60189399839409   -0.04001781820356
4
 energy: -8.132038871698 gnorm: 0.000740406117 xtb: 6.2.2 (9d81278992624c895f80dd42a50cac0aa55982e2)
C         1.63379029130572   -0.02880646448221   -0.02734027612418
C         0.41638137976866   -0.00864160315748    0.09657186144072
C        -1.01346597083932    0.63914644933518   -0.02905157436670
C        -1.03670570023506   -0.60169938169549   -0.04018001094984
