2
 energy: -4.772732232968 gnorm: 0.401003019897 xtb: 6.2.2 (9d81278992624c895f80dd42a50cac0aa55982e2)
C         0.72553600000000    0.00000000000000    0.00000000000000
N        -0.72553600000000    0.00000000000000    0.00000000000000
2
 energy: -4.890538713018 gnorm: 0.153855440012 xtb: 6.2.2 (9d81278992624c895f80dd42a50cac0aa55982e2)
C         0.59279284744522    0.00000000000000    0.00000000000000
N        -0.59279284744522    0.00000000000000    0.00000000000000
2
 energy: -4.858708067603 gnorm: 0.585787369922 xtb: 6.2.2 (9d81278992624c895f80dd42a50cac0aa55982e2)
C         0.51383633747544    0.00000000000000    0.00000000000000
N        -0.51383633747544    0.00000000000000    0.00000000000000
2
 energy: -4.895527931326 gnorm: 0.047957436422 xtb: 6.2.2 (9d81278992624c895f80dd42a50cac0aa55982e2)
C         0.57471367120580    0.00000000000000    0.00000000000000
N        -0.57471367120580    0.00000000000000    0.00000000000000
2
 energy: -4.895925025903 gnorm: 0.016212235218 xtb: 6.2.2 (9d81278992624c895f80dd42a50cac0aa55982e2)
C         0.57010759251660    0.00000000000000    0.00000000000000
N        -0.57010759251660    0.00000000000000    0.00000000000000
2
 energy: -4.895973699485 gnorm: 0.000820789582 xtb: 6.2.2 (9d81278992624c895f80dd42a50cac0aa55982e2)
C         0.56775536687690    0.00000000000000    0.00000000000000
N        -0.56775536687690    0.00000000000000    0.00000000000000
2
 energy: -4.895973788300 gnorm: 0.000429361226 xtb: 6.2.2 (9d81278992624c895f80dd42a50cac0aa55982e2)
C         0.56792539089160    0.00000000000000    0.00000000000000
N        -0.56792539089160    0.00000000000000    0.00000000000000
