5
 energy: -10.928766330927 gnorm: 0.352879661690 xtb: 6.2.2 (9d81278992624c895f80dd42a50cac0aa55982e2)
C        -1.32362900000000    0.83279600000000   -0.14405300000000
C        -0.12411200000000   -0.06358800000000    0.08796600000000
N         0.77130200000000    0.03556800000000   -1.04999300000000
C        -1.44165700000000   -0.65807300000000   -0.36683200000000
C         2.11809500000000   -0.14670200000000   -0.54029500000000
5
 energy: -11.032943156573 gnorm: 0.226147387511 xtb: 6.2.2 (9d81278992624c895f80dd42a50cac0aa55982e2)
C        -1.35093541113368    0.79219144562083   -0.10222245357414
C        -0.14177847698578   -0.04119843630618   -0.05252076755146
N         0.88446374048024    0.01912434777008   -0.99975034987309
C        -1.46334205393631   -0.62767941159846   -0.31437785675628
C         2.07159120157553   -0.14243694548628   -0.54433557224503
5
 energy: -11.062283538970 gnorm: 0.478576753744 xtb: 6.2.2 (9d81278992624c895f80dd42a50cac0aa55982e2)
C        -1.36237781683270    0.74198779564059   -0.08657398120403
C        -0.20237628398576   -0.01589844359976   -0.18980869284070
N         0.99082147933453   -0.01641160737575   -0.81764689564685
C        -1.46725872806039   -0.58307672497283   -0.28454165128003
C         2.04119034954432   -0.12660001969225   -0.63463577902840
5
 energy: -11.106337380710 gnorm: 0.126826462592 xtb: 6.2.2 (9d81278992624c895f80dd42a50cac0aa55982e2)
C        -1.40713916279486    0.74609248408754   -0.07947186168462
C        -0.25588915314000   -0.00443304181116   -0.23817180167712
N         0.98351410068373   -0.02865571581253   -0.73162218906484
C        -1.51223733408784   -0.58215594474342   -0.27791955094537
C         2.19175054933896   -0.13084678172043   -0.68602159662805
5
 energy: -11.114235966148 gnorm: 0.060686041757 xtb: 6.2.2 (9d81278992624c895f80dd42a50cac0aa55982e2)
C        -1.42815534742680    0.76802963878248   -0.04271785887721
C        -0.24456430047230    0.00896156404214   -0.33353914948944
N         1.01110550388896   -0.03115963402380   -0.72953478274836
C        -1.53712391529907   -0.61032480461486   -0.24867099292804
C         2.19873705930920   -0.13550576418596   -0.65874421595695
5
 energy: -11.119101986787 gnorm: 0.035459846158 xtb: 6.2.2 (9d81278992624c895f80dd42a50cac0aa55982e2)
C        -1.41344216074761    0.76866127239672   -0.04577687956661
C        -0.26358554849130    0.01523233514873   -0.36549880846216
N         1.00614685198221   -0.04150592470660   -0.65835397586075
C        -1.52250383627299   -0.61222113631878   -0.25221631529973
C         2.19338369352969   -0.13016554652006   -0.69136102081075
5
 energy: -11.120234476420 gnorm: 0.008677772786 xtb: 6.2.2 (9d81278992624c895f80dd42a50cac0aa55982e2)
C        -1.40311399834904    0.76628458161031   -0.04439701388317
C        -0.26964780264391    0.01954778432329   -0.39118313648933
N         1.00462313177204   -0.04642737992423   -0.62563287586633
C        -1.51148431194801   -0.61181880428987   -0.25058698155178
C         2.17962198116892   -0.12758518171950   -0.70140699220939
5
 energy: -11.120282367397 gnorm: 0.010221190741 xtb: 6.2.2 (9d81278992624c895f80dd42a50cac0aa55982e2)
C        -1.40636421927802    0.76546059496344   -0.04350804686661
C        -0.27450272973877    0.02092638137904   -0.39992247962525
N         1.01108548651720   -0.05041746893623   -0.60895230233014
C        -1.51387464613262   -0.61004746883484   -0.24999225563139
C         2.18365510863221   -0.12592103857142   -0.71083191554661
5
 energy: -11.120356513933 gnorm: 0.006491189222 xtb: 6.2.2 (9d81278992624c895f80dd42a50cac0aa55982e2)
C        -1.40437082368209    0.76619184206895   -0.04504863762951
C        -0.27142945798886    0.02004425752895   -0.39789013912716
N         1.00756820143955   -0.05215697418009   -0.60513980968832
C        -1.51016270946900   -0.60944764602372   -0.25267407137880
C         2.17839378970040   -0.12463047939409   -0.71245434217621
5
 energy: -11.120479964396 gnorm: 0.013801047730 xtb: 6.2.2 (9d81278992624c895f80dd42a50cac0aa55982e2)
C        -1.40717267481090    0.76899679249664   -0.04617814257211
C        -0.26903632408562    0.01738652420858   -0.39162197037114
N         1.00618220852259   -0.05887028858296   -0.59921233213721
C        -1.50648300934378   -0.60663099211038   -0.25826103477152
C         2.17650879971770   -0.12088103601188   -0.71793352014802
5
 energy: -11.120981242401 gnorm: 0.030023497239 xtb: 6.2.2 (9d81278992624c895f80dd42a50cac0aa55982e2)
C        -1.41403723186702    0.77456582796587   -0.04399229622153
C        -0.26710693300648    0.01300012897097   -0.38729390036227
N         1.00505021427873   -0.07324561578827   -0.59188093398576
C        -1.49822146029625   -0.60072518215113   -0.26601538621577
C         2.17431441089103   -0.11359415899744   -0.72402448321468
5
 energy: -11.122392692251 gnorm: 0.030979336994 xtb: 6.2.2 (9d81278992624c895f80dd42a50cac0aa55982e2)
C        -1.42795393629865    0.78637816208630   -0.03786020035540
C        -0.26379047567561    0.00351405341807   -0.38294263692326
N         1.00188042100965   -0.10099395305367   -0.58155769094249
C        -1.47992325162037   -0.58912974258951   -0.27897235731529
C         2.16978624258498   -0.09976751986119   -0.73187411446355
5
 energy: -11.114958696629 gnorm: 0.112264791561 xtb: 6.2.2 (9d81278992624c895f80dd42a50cac0aa55982e2)
C        -1.49834133920155    0.83631860109436   -0.03964961483557
C        -0.25514806884857   -0.05755872785296   -0.37441940781134
N         1.00858595692578   -0.14240888279478   -0.55571692547085
C        -1.41920487653633   -0.55573208984211   -0.28807641017436
C         2.16410732766067   -0.08061790060450   -0.75534464170787
5
 energy: -11.123576523675 gnorm: 0.010914164169 xtb: 6.2.2 (9d81278992624c895f80dd42a50cac0aa55982e2)
C        -1.44738147060248    0.80495796225173   -0.04499186152408
C        -0.25959608510701   -0.03754139445773   -0.38358568203838
N         1.01213926988480   -0.10959292106911   -0.57901579273720
C        -1.48343168347319   -0.57376183883402   -0.26957171090622
C         2.17826896929788   -0.08406080789087   -0.73604195279413
5
 energy: -11.123771581272 gnorm: 0.004623665412 xtb: 6.2.2 (9d81278992624c895f80dd42a50cac0aa55982e2)
C        -1.44886351542776    0.79970055819807   -0.05983817052039
C        -0.26365044928480   -0.02933190405824   -0.37521663325608
N         1.01334009042249   -0.07543408495923   -0.57232927881411
C        -1.47896158587131   -0.58569022187980   -0.26218425395432
C         2.17813446016137   -0.10924334730080   -0.74363866345511
5
 energy: -11.123819079306 gnorm: 0.002786938047 xtb: 6.2.2 (9d81278992624c895f80dd42a50cac0aa55982e2)
C        -1.44318566336279    0.80461387634168   -0.06120919188023
C        -0.26420666209444   -0.04379360596502   -0.37420150600390
N         1.01377129878545   -0.08308006006968   -0.57469377739183
C        -1.48701020569695   -0.58116638222972   -0.26068341654766
C         2.18063023236873   -0.09657282807726   -0.74241910817637
5
 energy: -11.123822250888 gnorm: 0.001026087716 xtb: 6.2.2 (9d81278992624c895f80dd42a50cac0aa55982e2)
C        -1.44358720482832    0.80549977891091   -0.06273022904316
C        -0.26367081946404   -0.04609746862582   -0.37391576242346
N         1.01444924191938   -0.08095770388999   -0.57483509287297
C        -1.48736209608358   -0.58136201714791   -0.25927498659489
C         2.18016987845656   -0.09708158924719   -0.74245092906553
5
 energy: -11.123823561643 gnorm: 0.001421988792 xtb: 6.2.2 (9d81278992624c895f80dd42a50cac0aa55982e2)
C        -1.44246595011195    0.80580389261039   -0.06335959093893
C        -0.26394808098681   -0.04709835077974   -0.37328983791213
N         1.01428284784495   -0.08210642563598   -0.57275115759951
C        -1.48820107127960   -0.58100506009446   -0.25990799895093
C         2.18033125453341   -0.09559305610021   -0.74389841459850
5
 energy: -11.123824498012 gnorm: 0.000768612212 xtb: 6.2.2 (9d81278992624c895f80dd42a50cac0aa55982e2)
C        -1.44267098589220    0.80570091477124   -0.06352812604625
C        -0.26376661204598   -0.04672720478177   -0.37256173803237
N         1.01443763878093   -0.08226525035049   -0.57214398497982
C        -1.48804063892581   -0.58101188208769   -0.26042824128098
C         2.18003959808306   -0.09569557755129   -0.74454490966058
