5
 energy: -8.519411379805 gnorm: 0.172119381160 xtb: 6.2.2 (9d81278992624c895f80dd42a50cac0aa55982e2)
C         1.32507100000000   -0.88001400000000   -0.01107800000000
C         0.23022000000000    0.16567800000000   -0.00706000000000
C        -1.01563500000000   -0.28195100000000   -0.73592300000000
C        -0.98654200000000   -0.25719600000000    0.78314300000000
H         0.44688500000000    1.25348300000000   -0.02908200000000
5
 energy: -8.552683008453 gnorm: 0.123861066000 xtb: 6.2.2 (9d81278992624c895f80dd42a50cac0aa55982e2)
C         1.31878970770019   -0.80726206298721   -0.01213463391541
C         0.24214378016978    0.15010004428746   -0.00706394538971
C        -1.04593032029487   -0.29097747071687   -0.67174903969452
C        -1.01923327848326   -0.26826495503910    0.72050042061747
H         0.50422911090817    1.21640444445572   -0.02955280161782
5
 energy: -8.536760600660 gnorm: 0.409840574679 xtb: 6.2.2 (9d81278992624c895f80dd42a50cac0aa55982e2)
C         1.29343922331482   -0.70535602704031   -0.01330645803334
C         0.30699781783581    0.12031902790609   -0.00782539218459
C        -1.09740880292407   -0.30678477362089   -0.54527273932052
C        -1.07550150158624   -0.28816008524537    0.59667502203428
H         0.57247226335968    1.17998185800047   -0.03027043249583
5
 energy: -8.568058821069 gnorm: 0.054221448851 xtb: 6.2.2 (9d81278992624c895f80dd42a50cac0aa55982e2)
C         1.31622520396011   -0.72914732978717   -0.01335024488256
C         0.27409263732531    0.12562692175183   -0.00729311800359
C        -1.08893613266249   -0.30071250312131   -0.63405546300399
C        -1.06362337058951   -0.27919651078724    0.68481920078868
H         0.56224066196659    1.18342942194389   -0.03012037489853
5
 energy: -8.570028520643 gnorm: 0.028942553834 xtb: 6.2.2 (9d81278992624c895f80dd42a50cac0aa55982e2)
C         1.31959749573208   -0.73459530039423   -0.01331937896675
C         0.29259099474769    0.12258835104797   -0.00761254600843
C        -1.09476453961135   -0.29887461119160   -0.62258786119334
C        -1.06987312170022   -0.27772245956441    0.67352673832999
H         0.55244817083180    1.18860402010227   -0.03000695216146
5
 energy: -8.571052741990 gnorm: 0.020219484865 xtb: 6.2.2 (9d81278992624c895f80dd42a50cac0aa55982e2)
C         1.32436759154378   -0.73750853157348   -0.01336903650421
C         0.32301502358743    0.11610923902337   -0.00808819949457
C        -1.10608748612530   -0.29630463935919   -0.60897366375222
C        -1.08171883284665   -0.27557481309521    0.66027904172440
H         0.54042270384073    1.19327874500450   -0.02984814197341
5
 energy: -8.571203251114 gnorm: 0.012189284224 xtb: 6.2.2 (9d81278992624c895f80dd42a50cac0aa55982e2)
C         1.32898537317491   -0.74103900436766   -0.01339886204318
C         0.32722053760087    0.11625705058162   -0.00817431724599
C        -1.10883142613977   -0.29528448476957   -0.61047948642929
C        -1.08439979280516   -0.27450105080121    0.66185360613679
H         0.53702430816915    1.19456748935682   -0.02980094041833
5
 energy: -8.571294648793 gnorm: 0.002268804318 xtb: 6.2.2 (9d81278992624c895f80dd42a50cac0aa55982e2)
C         1.33037313679056   -0.74264302632588   -0.01339785285605
C         0.33650834520756    0.11633528900013   -0.00835452734106
C        -1.11243883242880   -0.29504981898145   -0.61255255551832
C        -1.08791953538578   -0.27419465708072    0.66405202665761
H         0.53347588581645    1.19555221338791   -0.02974709094219
5
 energy: -8.571297788253 gnorm: 0.000458830860 xtb: 6.2.2 (9d81278992624c895f80dd42a50cac0aa55982e2)
C         1.33119737742495   -0.74339754239185   -0.01340359039636
C         0.33772107223849    0.11677492433269   -0.00837978853123
C        -1.11328709231786   -0.29514467824428   -0.61199134837610
C        -1.08879250593874   -0.27430810923003    0.66352711346331
H         0.53316014859316    1.19607540553347   -0.02975238615963
