5
 energy: -10.957408779103 gnorm: 0.156419977211 xtb: 6.2.2 (9d81278992624c895f80dd42a50cac0aa55982e2)
N         0.14375900000000   -1.00659300000000    0.05343300000000
C        -0.72186900000000   -0.06514600000000   -0.68146500000000
C         0.08259700000000    1.05121100000000   -0.05644200000000
C        -0.71809500000000    0.00811800000000    0.68848000000000
C         1.21360800000000    0.01241100000000   -0.00400500000000
5
 energy: -10.973392351653 gnorm: 0.072385862850 xtb: 6.2.2 (9d81278992624c895f80dd42a50cac0aa55982e2)
N         0.16097964345586   -0.98364390819245    0.05215822917324
C        -0.72704592894824   -0.07172604457945   -0.70179674486705
C         0.11943700144029    1.02953577742716   -0.05538441416667
C        -0.72315797063533    0.00374550890543    0.70942567561120
C         1.16978725468742    0.02208966643930   -0.00440174575072
5
 energy: -10.977029822040 gnorm: 0.030611801571 xtb: 6.2.2 (9d81278992624c895f80dd42a50cac0aa55982e2)
N         0.18223394361567   -0.96888269305012    0.05131018068510
C        -0.73304710957043   -0.07749648097070   -0.71266876864472
C         0.15749792016093    1.01702101594526   -0.05482007976521
C        -0.72909751022600   -0.00083065468757    0.72088398236328
C         1.12241275601984    0.03018981276313   -0.00470431463844
5
 energy: -10.977519366587 gnorm: 0.007763216206 xtb: 6.2.2 (9d81278992624c895f80dd42a50cac0aa55982e2)
N         0.18125840167488   -0.97401967195640    0.05158751573918
C        -0.73413238724943   -0.07717449391503   -0.70982618140169
C         0.15091884530330    1.02638476826751   -0.05530274593165
C        -0.73019859374958   -0.00081333819670    0.71802936636952
C         1.13215373402084    0.02562373580061   -0.00448695477536
5
 energy: -10.977581796629 gnorm: 0.003922010082 xtb: 6.2.2 (9d81278992624c895f80dd42a50cac0aa55982e2)
N         0.18384919662197   -0.97473815301524    0.05161905637202
C        -0.73639839866802   -0.07772305355849   -0.70888582729511
C         0.15353130447152    1.02887575135673   -0.05544295754116
C        -0.73247092297799   -0.00145848436358    0.71716557139916
C         1.13148882055252    0.02504493958057   -0.00445484293491
5
 energy: -10.977606318277 gnorm: 0.001237974766 xtb: 6.2.2 (9d81278992624c895f80dd42a50cac0aa55982e2)
N         0.18635869905003   -0.97536260341147    0.05164549163786
C        -0.73907242945300   -0.07826158889493   -0.70743956868677
C         0.15685618153769    1.03057809376083   -0.05554311491594
C        -0.73515247383209   -0.00214729034620    0.71579962006154
C         1.13101002269737    0.02519438889175   -0.00446142809669
5
 energy: -10.977607451582 gnorm: 0.000319039048 xtb: 6.2.2 (9d81278992624c895f80dd42a50cac0aa55982e2)
N         0.18647193616665   -0.97547112241342    0.05165471678014
C        -0.73949749426769   -0.07831086073572   -0.70687790750564
C         0.15749542190733    1.03043738614141   -0.05553464228299
C        -0.73559375888361   -0.00225750898957    0.71524989795369
C         1.13112389507731    0.02560310599731   -0.00449106494520
