5
 energy: -9.403665315768 gnorm: 0.179589290467 xtb: 6.2.2 (9d81278992624c895f80dd42a50cac0aa55982e2)
C         1.80111600000000   -0.29595800000000   -0.13910800000000
C         0.47231700000000   -0.03085500000000    0.53639900000000
C        -0.19381200000000    1.08717700000000   -0.11892400000000
N        -0.61132700000000   -0.28830200000000   -0.42321500000000
H        -1.46829400000000   -0.47206100000000    0.14484700000000
5
 energy: -9.435545543230 gnorm: 0.113794612216 xtb: 6.2.2 (9d81278992624c895f80dd42a50cac0aa55982e2)
C         1.79539823560184   -0.28212156587931   -0.08077918116500
C         0.52120382310009   -0.04641398127783    0.44435366732837
C        -0.18358342126256    1.07880227885048   -0.11897323550183
N        -0.64794476473934   -0.25864791235171   -0.39187821499651
H        -1.48507387270003   -0.49161781934162    0.14727596433497
5
 energy: -9.445077195453 gnorm: 0.161069580378 xtb: 6.2.2 (9d81278992624c895f80dd42a50cac0aa55982e2)
C         1.72555847728846   -0.32200827355561   -0.00768481568467
C         0.60138019777109   -0.02277403387634    0.32884224761815
C        -0.19257161314518    1.10520306667378   -0.11612735643438
N        -0.66205596431749   -0.19172556124898   -0.34150090797364
H        -1.47231109759688   -0.56869419799285    0.13646983247453
5
 energy: -9.456881507655 gnorm: 0.039398199685 xtb: 6.2.2 (9d81278992624c895f80dd42a50cac0aa55982e2)
C         1.81156977274518   -0.37144727941302    0.01971151110840
C         0.58527867535789   -0.00682699308449    0.28624498712412
C        -0.22886579374846    1.13790471261713   -0.11237825213702
N        -0.70121916118880   -0.15290653830688   -0.35385928687431
H        -1.46676349316582   -0.60672290181274    0.16028004077881
5
 energy: -9.460874378490 gnorm: 0.047059400348 xtb: 6.2.2 (9d81278992624c895f80dd42a50cac0aa55982e2)
C         1.81667649831329   -0.43041006450885    0.04008962629840
C         0.60452387966592    0.03129027365485    0.24459730205870
C        -0.26901767367745    1.16646654568572   -0.10230477678603
N        -0.70400070404195   -0.11944652318647   -0.33096985535313
H        -1.44818200025980   -0.64789923164525    0.14858670378207
5
 energy: -9.458199955208 gnorm: 0.073500678766 xtb: 6.2.2 (9d81278992624c895f80dd42a50cac0aa55982e2)
C         1.85237804478298   -0.61489797836494    0.10301690176261
C         0.70132372966147    0.15372869460382    0.08537506347808
C        -0.43148074977524    1.23612964227874   -0.05890563241632
N        -0.70094378557266   -0.03424384940852   -0.19464837890462
H        -1.42127723909654   -0.74071550910911    0.06516104608024
5
 energy: -9.468333783480 gnorm: 0.031614465718 xtb: 6.2.2 (9d81278992624c895f80dd42a50cac0aa55982e2)
C         1.81518815179406   -0.52155934189642    0.06829108443254
C         0.65441142289110    0.09442176405191    0.14779094706253
C        -0.35189824997223    1.19572863519470   -0.07836245443420
N        -0.69132795167290   -0.08088791205888   -0.21455222963841
H        -1.42637337304003   -0.68770214529131    0.07683165257753
5
 energy: -9.469684141814 gnorm: 0.018099076201 xtb: 6.2.2 (9d81278992624c895f80dd42a50cac0aa55982e2)
C         1.79939817541280   -0.49143114591883    0.05172345832975
C         0.65529515190345    0.08339022390153    0.17108903748711
C        -0.30864176952103    1.18949530270361   -0.09110624977601
N        -0.68810809315823   -0.08497343298310   -0.19496413125476
H        -1.45794346463699   -0.69647994770320    0.06325688521391
5
 energy: -9.470579934601 gnorm: 0.012825951273 xtb: 6.2.2 (9d81278992624c895f80dd42a50cac0aa55982e2)
C         1.81087093545415   -0.48728673325673    0.05293571882774
C         0.67133560137526    0.08136602939225    0.15984935276151
C        -0.31395190929598    1.18210558908382   -0.09146210046230
N        -0.69274426464046   -0.08525084509322   -0.16537230247745
H        -1.47551036289296   -0.69093304012612    0.04404833135049
5
 energy: -9.471755814570 gnorm: 0.022367898456 xtb: 6.2.2 (9d81278992624c895f80dd42a50cac0aa55982e2)
C         1.82329509667939   -0.49516274667358    0.03850358364114
C         0.71306254499094    0.09893901982356    0.15421780786731
C        -0.33498924208167    1.16664293711630   -0.08960572104049
N        -0.68679288279690   -0.08496615347341   -0.08284178161708
H        -1.51457551679175   -0.68545205679288   -0.02027488885088
5
 energy: -9.472104405673 gnorm: 0.016602614520 xtb: 6.2.2 (9d81278992624c895f80dd42a50cac0aa55982e2)
C         1.82593831365931   -0.49186925744552    0.03158957795873
C         0.71907062289183    0.10131494581701    0.16033772293950
C        -0.33558121494311    1.15960373061162   -0.08922847785710
N        -0.69027028188198   -0.09062906027319   -0.06652726897362
H        -1.51915743972605   -0.67841935870992   -0.03617255406751
5
 energy: -9.472802941433 gnorm: 0.011092514119 xtb: 6.2.2 (9d81278992624c895f80dd42a50cac0aa55982e2)
C         1.82643903664305   -0.49580203594337    0.00849432276971
C         0.73250549607940    0.12189347622121    0.18025739079826
C        -0.33557244504058    1.14867022845194   -0.08685456460498
N        -0.69696980597694   -0.10036596195294   -0.01664469184165
H        -1.52640228170493   -0.67439470677684   -0.08525345712134
5
 energy: -9.473343015115 gnorm: 0.011771880205 xtb: 6.2.2 (9d81278992624c895f80dd42a50cac0aa55982e2)
C         1.81933239499788   -0.49107973104578   -0.02413688060748
C         0.74509611091644    0.14321196966452    0.21129702549839
C        -0.31957403358712    1.12951570742876   -0.09023506595731
N        -0.71112982300111   -0.10707696373764    0.05515388578757
H        -1.53372464932609   -0.67456998230987   -0.15207996472118
5
 energy: -9.473386647864 gnorm: 0.021644398481 xtb: 6.2.2 (9d81278992624c895f80dd42a50cac0aa55982e2)
C         1.80619437121407   -0.49114514311362   -0.03029893160679
C         0.73021595077124    0.14697107712376    0.22449349018380
C        -0.30786146710023    1.12743806205003   -0.09311005868439
N        -0.72240161329462   -0.10371704472954    0.05447601201894
H        -1.50614724159044   -0.67954595133064   -0.15556151191157
5
 energy: -9.473740980791 gnorm: 0.008038957509 xtb: 6.2.2 (9d81278992624c895f80dd42a50cac0aa55982e2)
C         1.80366536006237   -0.49799293348641   -0.03005696661477
C         0.73703135989852    0.15081867182567    0.21831504528437
C        -0.31364084094758    1.12984273585252   -0.09430651962600
N        -0.72190463426717   -0.09730095841326    0.07472483380430
H        -1.50515124474613   -0.68536651577851   -0.16867739284790
5
 energy: -9.473899200155 gnorm: 0.006320733399 xtb: 6.2.2 (9d81278992624c895f80dd42a50cac0aa55982e2)
C         1.79480795379654   -0.50494138376046   -0.02905895023217
C         0.73543795547277    0.15207218151172    0.21494628412506
C        -0.31509464390915    1.13664625940215   -0.09734392238036
N        -0.72335746764571   -0.08934597486682    0.08668050999724
H        -1.49179379771447   -0.69443008228659   -0.17522492150976
5
 energy: -9.474075650950 gnorm: 0.007799733462 xtb: 6.2.2 (9d81278992624c895f80dd42a50cac0aa55982e2)
C         1.77621724490318   -0.51839805593968   -0.03062446494716
C         0.72664205920658    0.15489619773436    0.21562162131035
C        -0.31701680374619    1.15038038280896   -0.10297023901122
N        -0.72397573743939   -0.07680667118231    0.10263384487840
H        -1.46186676292418   -0.71007085342133   -0.18466176223036
5
 energy: -9.474203913677 gnorm: 0.009737721184 xtb: 6.2.2 (9d81278992624c895f80dd42a50cac0aa55982e2)
C         1.76289096240954   -0.52331473692223   -0.03268642719810
C         0.71471950213814    0.15045280543849    0.22013463777232
C        -0.31514340148647    1.16065577425180   -0.10960997267181
N        -0.72356756063861   -0.06864915214781    0.10827625142584
H        -1.43889950242259   -0.71914369062025   -0.18611548932825
5
 energy: -9.474350153692 gnorm: 0.006594514226 xtb: 6.2.2 (9d81278992624c895f80dd42a50cac0aa55982e2)
C         1.74432906081878   -0.52826894874425   -0.04721396162431
C         0.69596926322201    0.14731867775295    0.24008081657053
C        -0.30895374539544    1.17033729600792   -0.12130775987285
N        -0.72623735297969   -0.05982784249363    0.13337677290489
H        -1.40510722566566   -0.72955818252299   -0.20493686797827
5
 energy: -9.474451575506 gnorm: 0.009399527248 xtb: 6.2.2 (9d81278992624c895f80dd42a50cac0aa55982e2)
C         1.74953496069740   -0.51914566717988   -0.04884815499129
C         0.68707602959075    0.13416563010277    0.24599885773838
C        -0.30519981290961    1.16983780319523   -0.12659239972421
N        -0.72621840541518   -0.06078053018330    0.12711289586209
H        -1.40519277196336   -0.72407623593483   -0.19767219888498
5
 energy: -9.474526961750 gnorm: 0.007187680540 xtb: 6.2.2 (9d81278992624c895f80dd42a50cac0aa55982e2)
C         1.75944156611456   -0.50977187715360   -0.05226639758908
C         0.68816429145716    0.12838077965283    0.24947219566450
C        -0.30125233823231    1.16271314707355   -0.12884314222225
N        -0.73003508939451   -0.06388676340081    0.13416536615159
H        -1.41631842994489   -0.71743428617197   -0.20252902200475
5
 energy: -9.474556536474 gnorm: 0.003535707093 xtb: 6.2.2 (9d81278992624c895f80dd42a50cac0aa55982e2)
C         1.76290942778308   -0.50874207530547   -0.05114215335092
C         0.68811564718056    0.12709404539669    0.24804810340327
C        -0.30151185852743    1.16283592715732   -0.12836314985624
N        -0.72912071898611   -0.06375671925243    0.13369801923304
H        -1.42039249745010   -0.71743017799611   -0.20224181942915
5
 energy: -9.474573545583 gnorm: 0.001840123938 xtb: 6.2.2 (9d81278992624c895f80dd42a50cac0aa55982e2)
C         1.76720266672972   -0.50700432071414   -0.04930709708326
C         0.68746977526123    0.12449210959219    0.24569758704936
C        -0.30233534044631    1.16296526712140   -0.12765425640344
N        -0.72744797749954   -0.06418945655087    0.13250924180431
H        -1.42488912404510   -0.71626259944859   -0.20124647536697
5
 energy: -9.474581119907 gnorm: 0.001819905577 xtb: 6.2.2 (9d81278992624c895f80dd42a50cac0aa55982e2)
C         1.77023507514553   -0.50532902611705   -0.04759921308047
C         0.68636057272312    0.12148949258988    0.24354843857086
C        -0.30339701619754    1.16336993098924   -0.12704145912585
N        -0.72569134574803   -0.06507703821618    0.13088195615625
H        -1.42750728592308   -0.71445235924590   -0.19979072252080
5
 energy: -9.474584173150 gnorm: 0.000443135515 xtb: 6.2.2 (9d81278992624c895f80dd42a50cac0aa55982e2)
C         1.77028361772801   -0.50485329570668   -0.04730303043385
C         0.68564458214611    0.12019553084387    0.24329132854162
C        -0.30376002245989    1.16389662837950   -0.12695811697063
N        -0.72516617860451   -0.06552843577435    0.12992212594976
H        -1.42700199880972   -0.71370942774234   -0.19895330708690
