5
 energy: -10.971173914559 gnorm: 0.192839870928 xtb: 6.2.2 (9d81278992624c895f80dd42a50cac0aa55982e2)
N        -1.20494000000000   -0.64225200000000   -0.18840800000000
C        -0.02585800000000   -0.26738900000000    0.60842100000000
C         0.75044800000000    0.79109400000000   -0.13123400000000
C         1.23804100000000   -0.63871100000000   -0.15071700000000
C        -0.75769200000000    0.75725700000000   -0.13806200000000
5
 energy: -11.021523810497 gnorm: 0.150671241129 xtb: 6.2.2 (9d81278992624c895f80dd42a50cac0aa55982e2)
N        -1.25068537130341   -0.56204368043232   -0.15282185534400
C        -0.02922429675219   -0.37740551212104    0.55260908190048
C         0.71988658447265    0.75258217698873   -0.18260349729602
C         1.31356903555374   -0.57083140418526   -0.08414546088250
C        -0.75354695197079    0.75769741974989   -0.13303826837796
5
 energy: -11.070150786130 gnorm: 0.065845399185 xtb: 6.2.2 (9d81278992624c895f80dd42a50cac0aa55982e2)
N        -1.26375983329967   -0.42969208578329   -0.08816378456497
C        -0.04203330171656   -0.55732259651064    0.48496990877714
C         0.66517542658457    0.67837634840339   -0.25060481811275
C         1.37083821733503   -0.44436081909408    0.00152360635707
C        -0.73022150890337    0.75299815298461   -0.14772491245649
5
 energy: -11.076562371015 gnorm: 0.039006536456 xtb: 6.2.2 (9d81278992624c895f80dd42a50cac0aa55982e2)
N        -1.31698319366260   -0.40005361607261   -0.03920479683221
C        -0.04598688184851   -0.64617346107169    0.44013145213801
C         0.66262660993370    0.66808908361460   -0.25826352851553
C         1.40459232874302   -0.38166397856584    0.03436630889875
C        -0.70424986316561    0.75980097209554   -0.17702943568903
5
 energy: -11.078126147669 gnorm: 0.027336113854 xtb: 6.2.2 (9d81278992624c895f80dd42a50cac0aa55982e2)
N        -1.29744312722536   -0.38796704876114   -0.04003533049083
C        -0.04943039542623   -0.67492659887176    0.42586118558527
C         0.65256220574456    0.66400440029442   -0.28896593175269
C         1.40373489083295   -0.37683027514863    0.06080440294578
C        -0.70942457392591    0.77571852248711   -0.15766432628753
5
 energy: -11.079055809670 gnorm: 0.023261335629 xtb: 6.2.2 (9d81278992624c895f80dd42a50cac0aa55982e2)
N        -1.27907438782545   -0.39514189837505   -0.03252868681066
C        -0.05179673823243   -0.68567139504590    0.41649594356477
C         0.66232996348942    0.67301290743215   -0.29004946531832
C         1.37694181113365   -0.37406506499721    0.06559451648092
C        -0.70840164856520    0.78186445098601   -0.15951230791670
5
 energy: -11.079746432852 gnorm: 0.016343814145 xtb: 6.2.2 (9d81278992624c895f80dd42a50cac0aa55982e2)
N        -1.27689718625722   -0.40445049770845   -0.03175890748463
C        -0.04923527450290   -0.69323491766198    0.40325515497247
C         0.67087633707568    0.68927261905344   -0.29836625143581
C         1.36415968318911   -0.37942094799238    0.07792071821478
C        -0.70890455950467    0.78783274430938   -0.15105071426682
5
 energy: -11.080381141068 gnorm: 0.017632052848 xtb: 6.2.2 (9d81278992624c895f80dd42a50cac0aa55982e2)
N        -1.27269011934049   -0.41210514300992   -0.03574292890704
C        -0.04292226858017   -0.69988676225415    0.39334984554962
C         0.67799084149967    0.70847731233026   -0.31022986032781
C         1.34165151011211   -0.38353665200947    0.09204752831069
C        -0.70403096369111    0.78705024494328   -0.13942458462546
5
 energy: -11.081000030013 gnorm: 0.048575437044 xtb: 6.2.2 (9d81278992624c895f80dd42a50cac0aa55982e2)
N        -1.25418332494400   -0.42767487589191   -0.05801819903232
C        -0.02087955221699   -0.73299527148878    0.36104883117917
C         0.69537274260933    0.76447764341857   -0.37138586782633
C         1.26367974060582   -0.38666437421481    0.15344673252225
C        -0.68399060605415    0.78285587817693   -0.08509149684277
5
 energy: -11.082339692334 gnorm: 0.028492038306 xtb: 6.2.2 (9d81278992624c895f80dd42a50cac0aa55982e2)
N        -1.27170027724701   -0.41103455157685   -0.04571901624789
C        -0.03078071469535   -0.74173764697988    0.35941624236305
C         0.68625223774050    0.74027986430458   -0.36444135207700
C         1.30046656418805   -0.36996252188729    0.14802782822697
C        -0.68423880998618    0.78245385613944   -0.09728370226513
5
 energy: -11.083794510243 gnorm: 0.037270195282 xtb: 6.2.2 (9d81278992624c895f80dd42a50cac0aa55982e2)
N        -1.26541786536709   -0.40558562434742   -0.05055501816525
C        -0.02898974328947   -0.77599592638058    0.33139867328892
C         0.68836526744936    0.74869015394271   -0.40828998969327
C         1.27879504146681   -0.35266494330381    0.19100978928149
C        -0.67275370025961    0.78555534008909   -0.06356345471189
5
 energy: -11.083907856970 gnorm: 0.046717758454 xtb: 6.2.2 (9d81278992624c895f80dd42a50cac0aa55982e2)
N        -1.24231435234666   -0.39808537475426   -0.05338472232628
C        -0.03256327287377   -0.82447125517512    0.28055432959814
C         0.68838515771937    0.74736121275630   -0.47280911084708
C         1.23778394932478   -0.31788400394114    0.25611684012521
C        -0.65129248182372    0.79307842111422   -0.01047733655000
5
 energy: -11.085543612611 gnorm: 0.020997939613 xtb: 6.2.2 (9d81278992624c895f80dd42a50cac0aa55982e2)
N        -1.24930701862457   -0.39948273033087   -0.04843415147037
C        -0.03524886380716   -0.79455119420160    0.30112508690528
C         0.68522531001146    0.73448620172441   -0.43596700603145
C         1.25567248902351   -0.32572314505239    0.22088970866228
C        -0.65634291660324    0.78526986786046   -0.03761363806573
5
 energy: -11.086126361962 gnorm: 0.019118016591 xtb: 6.2.2 (9d81278992624c895f80dd42a50cac0aa55982e2)
N        -1.26058976976605   -0.39744003911021   -0.04524622895457
C        -0.03377639105241   -0.79747016915440    0.28414273267611
C         0.68586103963122    0.72999609375396   -0.44014155004376
C         1.26125286187258   -0.31753841101233    0.23178835663413
C        -0.65274874068534    0.78245152552297   -0.03054331031191
5
 energy: -11.087095302774 gnorm: 0.018768078793 xtb: 6.2.2 (9d81278992624c895f80dd42a50cac0aa55982e2)
N        -1.27155356653380   -0.39699767947441   -0.03800045968898
C        -0.03183251658563   -0.79967961149832    0.23484720530558
C         0.68634156120534    0.71769047701622   -0.45248140211840
C         1.26103265999477   -0.30047741860764    0.26182050197109
C        -0.64398913808068    0.77946323256414   -0.00618584546929
5
 energy: -11.087561468414 gnorm: 0.015412815606 xtb: 6.2.2 (9d81278992624c895f80dd42a50cac0aa55982e2)
N        -1.27362471240918   -0.39920628566387   -0.03163208362684
C        -0.02868314973746   -0.79494154516321    0.20225836888266
C         0.68473838844647    0.71259931293500   -0.45294053389529
C         1.26016424805892   -0.29844681364987    0.27677518928767
C        -0.64259577435874    0.77999433154196    0.00553905935180
5
 energy: -11.087919342789 gnorm: 0.009254812920 xtb: 6.2.2 (9d81278992624c895f80dd42a50cac0aa55982e2)
N        -1.27221343718369   -0.40141873148396   -0.02308977619743
C        -0.02369106780739   -0.78790405368116    0.17516679025206
C         0.68053258873016    0.71187938117710   -0.44493968365326
C         1.26101001854153   -0.30519482000294    0.28438978392117
C        -0.64563910228061    0.78263722399095    0.00847288567746
5
 energy: -11.088035189879 gnorm: 0.003616568763 xtb: 6.2.2 (9d81278992624c895f80dd42a50cac0aa55982e2)
N        -1.27046429618294   -0.40029693829538   -0.01600341263875
C        -0.02033848775878   -0.78962563015896    0.16083506588324
C         0.67675501176451    0.71459665165872   -0.44017587224701
C         1.26185653040253   -0.30996954086728    0.28882493953712
C        -0.64780975822532    0.78529445766289    0.00651927946540
5
 energy: -11.088053071935 gnorm: 0.001439621240 xtb: 6.2.2 (9d81278992624c895f80dd42a50cac0aa55982e2)
N        -1.26922274614084   -0.39917971946123   -0.01360063048839
C        -0.01993771004802   -0.79071811448843    0.16121264486152
C         0.67519987730515    0.71611652427507   -0.43684637085819
C         1.26262147207530   -0.31210492698333    0.28681732029503
C        -0.64866189319158    0.78588523665792    0.00241703619002
5
 energy: -11.088054812535 gnorm: 0.001180803505 xtb: 6.2.2 (9d81278992624c895f80dd42a50cac0aa55982e2)
N        -1.26946589770894   -0.39803381525928   -0.01213538446426
C        -0.02013123992830   -0.79398622986081    0.16004945409769
C         0.67492651332044    0.71721721013805   -0.43747298030183
C         1.26230462384942   -0.31099461537191    0.28798056397434
C        -0.64763499953262    0.78579645035395    0.00157834669406
5
 energy: -11.088056159691 gnorm: 0.000439481660 xtb: 6.2.2 (9d81278992624c895f80dd42a50cac0aa55982e2)
N        -1.26954574473729   -0.39841781484312   -0.01251977187325
C        -0.02043960492819   -0.79316715744595    0.16114968924230
C         0.67531718841536    0.71725755665144   -0.43712109534498
C         1.26215116118544   -0.31108323265611    0.28711403652918
C        -0.64748399993532    0.78540964829374    0.00137714144675
