5
 energy: -9.236443993406 gnorm: 0.099155073930 xtb: 6.2.2 (9d81278992624c895f80dd42a50cac0aa55982e2)
C         1.35154200000000   -0.23264600000000   -0.37343900000000
N        -0.00260000000000   -0.00021300000000    0.09333900000000
C        -0.45649800000000    1.27873400000000   -0.42035200000000
C        -0.86076900000000   -1.04328500000000   -0.43689900000000
H        -0.03167500000000   -0.00259000000000    1.13735100000000
5
 energy: -9.275491524299 gnorm: 0.095646707287 xtb: 6.2.2 (9d81278992624c895f80dd42a50cac0aa55982e2)
C         1.26001388792728   -0.21621459312517   -0.44297350759908
N        -0.00552970245923   -0.00045257604922    0.19851277117986
C        -0.42202194140446    1.18983645549959   -0.48661608493437
C        -0.79812020976510   -0.97036128905983   -0.50200978512089
H        -0.03434203429849   -0.00280799726536    1.23308660647448
5
 energy: -9.374567718169 gnorm: 0.128122454520 xtb: 6.2.2 (9d81278992624c895f80dd42a50cac0aa55982e2)
C         1.05956182742501   -0.18048130167238   -0.55927118680385
N        -0.01069639979024   -0.00087661180963    0.38390917886432
C        -0.34786446747916    0.99602188440700   -0.59578767250117
C        -0.66257120888405   -0.81152049023646   -0.60866554827389
H        -0.03842975127156   -0.00314348068853    1.37981522871459
5
 energy: -9.425883670309 gnorm: 0.108695231499 xtb: 6.2.2 (9d81278992624c895f80dd42a50cac0aa55982e2)
C         0.85124882889460   -0.14337311659991   -0.67679458043470
N        -0.01578510371845   -0.00129355493695    0.56655657525325
C        -0.27092733760934    0.79468533278819   -0.70590914678559
C        -0.52185861286624   -0.64652726575638   -0.71617520166971
H        -0.04267777470058   -0.00349139549495    1.53232235363675
5
 energy: -9.430627738315 gnorm: 0.049932799358 xtb: 6.2.2 (9d81278992624c895f80dd42a50cac0aa55982e2)
C         0.91108621848508   -0.15405399674311   -0.63246838395799
N        -0.01353206987174   -0.00112249457953    0.48476534391223
C        -0.29335628854867    0.85281766001831   -0.66370439292704
C        -0.56278934991296   -0.69424443205995   -0.67470079039287
H        -0.04140851015171   -0.00339673663571    1.48610822336567
5
 energy: -9.433721660881 gnorm: 0.013398921493 xtb: 6.2.2 (9d81278992624c895f80dd42a50cac0aa55982e2)
C         0.88151413735987   -0.14855113414560   -0.63999931623519
N        -0.01398819712896   -0.00123465680260    0.49589381074859
C        -0.28239133245856    0.82469468533721   -0.67009420033064
C        -0.54335652771529   -0.67141528666896   -0.68056255957693
H        -0.04177808005707   -0.00349360772005    1.49476226539417
5
 energy: -9.434307935059 gnorm: 0.032257919121 xtb: 6.2.2 (9d81278992624c895f80dd42a50cac0aa55982e2)
C         0.87147061765459   -0.14107242505517   -0.65051154483196
N        -0.01702664148710   -0.00287659578386    0.50873461078357
C        -0.27127788068392    0.81930910318734   -0.67847620238245
C        -0.53881415223221   -0.67048800613585   -0.68597812104174
H        -0.04435194325136   -0.00487207621246    1.50623125747258
5
 energy: -9.150996988509 gnorm: 1.252213173696 xtb: 6.2.2 (9d81278992624c895f80dd42a50cac0aa55982e2)
C         0.69339320211499    0.00508092223772   -0.83340399522982
N        -0.07666965508193   -0.03647485757669    0.72790577267120
C        -0.05865570241592    0.73145566309095   -0.82132442613432
C        -0.46530524281811   -0.66838506585111   -0.77077469296681
H        -0.09276260179902   -0.03167666190086    1.69759734165974
5
 energy: -9.397017719205 gnorm: 0.166319168895 xtb: 6.2.2 (9d81278992624c895f80dd42a50cac0aa55982e2)
C         0.82655303518682   -0.09033866016034   -0.79320202576404
N        -0.06031723876552   -0.01977534035758    0.64323884288127
C        -0.17506357485135    0.84461053362171   -0.78130220145295
C        -0.49394071637334   -0.70411139622348   -0.73702173881637
H        -0.09723150519660   -0.03038513688031    1.66828712315209
5
 energy: -9.432878981261 gnorm: 0.083950870812 xtb: 6.2.2 (9d81278992624c895f80dd42a50cac0aa55982e2)
C         0.89331939606679   -0.07813050168161   -0.68228666478629
N        -0.01776080978710   -0.03647948713821    0.53555211800732
C        -0.23850273632982    0.76395543685345   -0.71634092530487
C        -0.57417496138220   -0.62726777261401   -0.68532287517777
H        -0.06288088856767   -0.02207767541962    1.54839834726161
5
 energy: -9.436395763966 gnorm: 0.058112596883 xtb: 6.2.2 (9d81278992624c895f80dd42a50cac0aa55982e2)
C         0.87175474532179   -0.09727282815535   -0.63537365959887
N        -0.02112824472789   -0.02750312692166    0.51234305483908
C        -0.25741527072504    0.78588646477307   -0.70233472219727
C        -0.56655596089454   -0.63730854213307   -0.67964836260364
H        -0.02665526897431   -0.02380196756299    1.50501368956070
5
 energy: -9.438401876497 gnorm: 0.033648615127 xtb: 6.2.2 (9d81278992624c895f80dd42a50cac0aa55982e2)
C         0.88457989515958   -0.08200371698255   -0.61095494550069
N        -0.01717361050748   -0.03570205865457    0.51319910888376
C        -0.26784906580680    0.79226387502118   -0.72039472425997
C        -0.59893237965711   -0.63635685621337   -0.68235368063235
H        -0.00062483918818   -0.03820124317069    1.50050424150925
5
 energy: -9.439566652627 gnorm: 0.021100850013 xtb: 6.2.2 (9d81278992624c895f80dd42a50cac0aa55982e2)
C         0.89985876715485   -0.06581197947783   -0.58925541379861
N        -0.00617887033436   -0.04586032026415    0.50373161197479
C        -0.28143963549447    0.79764353257683   -0.74265765328035
C        -0.62688931823293   -0.62233664685271   -0.67200717717538
H         0.01464905690690   -0.06363458598215    1.50018863227955
5
 energy: -9.440236736708 gnorm: 0.025052336309 xtb: 6.2.2 (9d81278992624c895f80dd42a50cac0aa55982e2)
C         0.91740995661051   -0.05252839894254   -0.58478669463374
N         0.00997275527728   -0.05875530017494    0.49694892423860
C        -0.29052242593384    0.79936770170965   -0.75727426233047
C        -0.64361810148673   -0.60364819115429   -0.65380833735705
H         0.00675781553278   -0.08443581143789    1.49892037008266
5
 energy: -9.440711178124 gnorm: 0.027907536482 xtb: 6.2.2 (9d81278992624c895f80dd42a50cac0aa55982e2)
C         0.92745040288320   -0.04956127705423   -0.59520127171857
N         0.02342682062798   -0.07144417718081    0.49473051503007
C        -0.29312785896121    0.79968813798155   -0.75628723557427
C        -0.64391350141110   -0.59290395361531   -0.64198548574034
H        -0.01383586313886   -0.08577873013119    1.49874347800311
5
 energy: -9.441281142855 gnorm: 0.031921992465 xtb: 6.2.2 (9d81278992624c895f80dd42a50cac0aa55982e2)
C         0.93521204632972   -0.05168310573423   -0.60794736026011
N         0.04107917452605   -0.09346875364836    0.49196071208217
C        -0.29746388020195    0.80093000882174   -0.74393604284888
C        -0.64030810568107   -0.58452284238903   -0.63460534016989
H        -0.03851923497275   -0.07125530705012    1.49452803119671
5
 energy: -9.441961744455 gnorm: 0.033144323236 xtb: 6.2.2 (9d81278992624c895f80dd42a50cac0aa55982e2)
C         0.94051209367733   -0.05807170091613   -0.62204286360167
N         0.06236173369024   -0.12791310489698    0.49086668240662
C        -0.30371043655468    0.80207451398054   -0.71969308905304
C        -0.63567954493884   -0.58010234657811   -0.63707209936757
H        -0.06348384587406   -0.03598736158931    1.48794136961564
5
 energy: -9.442512624177 gnorm: 0.028515393292 xtb: 6.2.2 (9d81278992624c895f80dd42a50cac0aa55982e2)
C         0.94067363919740   -0.06375291535244   -0.62453755618428
N         0.07650653752954   -0.15933585687850    0.49221792574636
C        -0.31086944293269    0.80203566884796   -0.69729906896055
C        -0.63568835306455   -0.57960552011898   -0.64802257565797
H        -0.07062238072970    0.00065862350196    1.47764127505644
5
 energy: -9.442847175124 gnorm: 0.021407559890 xtb: 6.2.2 (9d81278992624c895f80dd42a50cac0aa55982e2)
C         0.93813918839510   -0.06500603233997   -0.61797597140816
N         0.08007314932903   -0.17703360044051    0.49571993840944
C        -0.31618221451919    0.80023403395373   -0.68810121809863
C        -0.63947646956398   -0.57865141151807   -0.65896722369149
H        -0.06255365364096    0.02045701034481    1.46932447478883
5
 energy: -9.443028059357 gnorm: 0.016040695983 xtb: 6.2.2 (9d81278992624c895f80dd42a50cac0aa55982e2)
C         0.93657348037906   -0.06487102585251   -0.61465358568134
N         0.08211583001861   -0.19066081759961    0.49922443547844
C        -0.32023834975683    0.79798490644090   -0.68514507728690
C        -0.64167799228368   -0.57468676240449   -0.66689785275032
H        -0.05677296835716    0.03223369941571    1.46747208024011
5
 energy: -9.443171438366 gnorm: 0.011617346551 xtb: 6.2.2 (9d81278992624c895f80dd42a50cac0aa55982e2)
C         0.93125938972734   -0.06603817567953   -0.61140737943351
N         0.07935725675136   -0.19658662647021    0.50370824885814
C        -0.32296684932827    0.79824204900819   -0.68827060321427
C        -0.63904939396615   -0.57092394980597   -0.67301562689123
H        -0.04860040318429    0.03530670294752    1.46898536068087
5
 energy: -9.443351743619 gnorm: 0.008973486338 xtb: 6.2.2 (9d81278992624c895f80dd42a50cac0aa55982e2)
C         0.93226142792809   -0.07020338657726   -0.61156613003688
N         0.07963492925630   -0.19281184476507    0.50440647961987
C        -0.32763539279007    0.79849338816467   -0.69170437791621
C        -0.63635736740163   -0.56805755791452   -0.67483856599034
H        -0.04790359699268    0.03257940109218    1.47370259432356
5
 energy: -9.443700161200 gnorm: 0.010932229932 xtb: 6.2.2 (9d81278992624c895f80dd42a50cac0aa55982e2)
C         0.93648538298815   -0.08892120488114   -0.61087868314046
N         0.08071521983455   -0.17435940412697    0.50638364759080
C        -0.34643376853156    0.80065793203313   -0.69933477706067
C        -0.62537753224612   -0.55941453920317   -0.68192419816435
H        -0.04538930204502    0.02203721617815    1.48575401077468
5
 energy: -9.443835017595 gnorm: 0.011230716366 xtb: 6.2.2 (9d81278992624c895f80dd42a50cac0aa55982e2)
C         0.93712425960814   -0.09582971443557   -0.60992565644075
N         0.08093214732358   -0.16546269200269    0.50589323464024
C        -0.35142989670941    0.80220519418199   -0.69784137128274
C        -0.62202969349820   -0.55958246045360   -0.68464586251066
H        -0.04459681672411    0.01866967270987    1.48651965559390
5
 energy: -9.444558687339 gnorm: 0.019517502939 xtb: 6.2.2 (9d81278992624c895f80dd42a50cac0aa55982e2)
C         0.94126997315795   -0.15475884033853   -0.60105943861099
N         0.08159161928362   -0.07793507118458    0.49754303377634
C        -0.38908470537514    0.81219232310564   -0.67683749900164
C        -0.59636696569710   -0.56707471467303   -0.71029374494351
H        -0.03740992136933   -0.01242369690950    1.49064764877980
5
 energy: -9.444854844012 gnorm: 0.016268272726 xtb: 6.2.2 (9d81278992624c895f80dd42a50cac0aa55982e2)
C         0.93942639104981   -0.14875074288236   -0.59999005689036
N         0.08116729837504   -0.07783666959709    0.49625793492194
C        -0.38184716464122    0.80882916510754   -0.67361450342119
C        -0.60112954859726   -0.57024486507287   -0.70831909069578
H        -0.03761697618636   -0.01199688755522    1.48566571608539
5
 energy: -9.445381606979 gnorm: 0.009581466934 xtb: 6.2.2 (9d81278992624c895f80dd42a50cac0aa55982e2)
C         0.93620185865120   -0.14931422272409   -0.59671235736609
N         0.07921403642655   -0.04049388147674    0.49056136713532
C        -0.37174491356810    0.79676921662956   -0.66432036349225
C        -0.60838299751220   -0.57930467563486   -0.71239178773452
H        -0.03528798399745   -0.02765643679386    1.48286314145754
5
 energy: -9.445469652424 gnorm: 0.005085311681 xtb: 6.2.2 (9d81278992624c895f80dd42a50cac0aa55982e2)
C         0.93566761852756   -0.14245528648486   -0.59936032799840
N         0.07895678236410   -0.04222248066248    0.49340500311353
C        -0.36627997141703    0.79244763998816   -0.67084034365136
C        -0.61255527740142   -0.57782657256215   -0.71061248160786
H        -0.03578915207322   -0.02994330027868    1.48740815014409
5
 energy: -9.445495933524 gnorm: 0.003603402650 xtb: 6.2.2 (9d81278992624c895f80dd42a50cac0aa55982e2)
C         0.93603489030290   -0.14697512520065   -0.60028415250964
N         0.07916397145295   -0.03094785611368    0.49479161527622
C        -0.36862234871410    0.79178524969403   -0.67216863353860
C        -0.61120848027314   -0.57802231676343   -0.71326733391514
H        -0.03536803276862   -0.03583995161628    1.49092850468716
5
 energy: -9.445502118325 gnorm: 0.001366616245 xtb: 6.2.2 (9d81278992624c895f80dd42a50cac0aa55982e2)
C         0.93562350592457   -0.14641651225964   -0.60101443460536
N         0.07972016685951   -0.03211985069421    0.49585978434143
C        -0.36809844353913    0.79210951540044   -0.67245929577419
C        -0.61127460228783   -0.57809696439057   -0.71297863822385
H        -0.03597062695713   -0.03547618805603    1.49059258426198
5
 energy: -9.445504623342 gnorm: 0.001194566077 xtb: 6.2.2 (9d81278992624c895f80dd42a50cac0aa55982e2)
C         0.93480751370978   -0.14721660406339   -0.60163180273532
N         0.08087975858512   -0.03020931148771    0.49657186246385
C        -0.36790329462609    0.79233581136066   -0.67170044530557
C        -0.61089325503318   -0.57866110175209   -0.71308439848462
H        -0.03689072263564   -0.03624879405747    1.48984478406166
5
 energy: -9.445505592862 gnorm: 0.000530273369 xtb: 6.2.2 (9d81278992624c895f80dd42a50cac0aa55982e2)
C         0.93468612596981   -0.14764292540923   -0.60177586733735
N         0.08148304206398   -0.02966212417089    0.49645721206277
C        -0.36816062904789    0.79233839071201   -0.67169134641996
C        -0.61066676517604   -0.57847005394601   -0.71291253451812
H        -0.03734177380986   -0.03656328718587    1.48992253621266
