3
 energy: -5.265937874116 gnorm: 0.230014447100 xtb: 6.2.2 (9d81278992624c895f80dd42a50cac0aa55982e2)
C         1.10774500000000   -0.15324400000000    0.00000000000000
N        -0.20495600000000    0.46515800000000    0.00000000000000
H        -0.90278900000000   -0.31191400000000    0.00000000000000
3
 energy: -5.306034707172 gnorm: 0.103279528221 xtb: 6.2.2 (9d81278992624c895f80dd42a50cac0aa55982e2)
C         1.02231491127552   -0.12195669115626    0.00000000000000
N        -0.14260737321721    0.42501943064973    0.00000000000000
H        -0.87970753805831   -0.30306273949347    0.00000000000000
3
 energy: -5.302508112011 gnorm: 0.192528154600 xtb: 6.2.2 (9d81278992624c895f80dd42a50cac0aa55982e2)
C         0.98239902814281   -0.08415360925046    0.00000000000000
N        -0.08342813989855    0.37292772753499    0.00000000000000
H        -0.89897088824426   -0.28877411828454    0.00000000000000
3
 energy: -5.310601043259 gnorm: 0.025638425341 xtb: 6.2.2 (9d81278992624c895f80dd42a50cac0aa55982e2)
C         1.02560074150922   -0.09888271478633    0.00000000000000
N        -0.11512043778887    0.38989595062433    0.00000000000000
H        -0.91048030372035   -0.29101323583799    0.00000000000000
3
 energy: -5.310807873544 gnorm: 0.005828905786 xtb: 6.2.2 (9d81278992624c895f80dd42a50cac0aa55982e2)
C         1.01931493542793   -0.09786139251356    0.00000000000000
N        -0.11178403924329    0.38923941802314    0.00000000000000
H        -0.90753089618464   -0.29137802550958    0.00000000000000
3
 energy: -5.310818407432 gnorm: 0.000278908600 xtb: 6.2.2 (9d81278992624c895f80dd42a50cac0aa55982e2)
C         1.01811345515728   -0.09720373589566    0.00000000000000
N        -0.11051638479362    0.38848304638890    0.00000000000000
H        -0.90759707036365   -0.29127931049324    0.00000000000000
3
 energy: -5.310818431323 gnorm: 0.000144099540 xtb: 6.2.2 (9d81278992624c895f80dd42a50cac0aa55982e2)
C         1.01811184168687   -0.09729829896252    0.00000000000000
N        -0.11061182630357    0.38864884727062    0.00000000000000
H        -0.90750001538331   -0.29135054830810    0.00000000000000
