5
 energy: -10.795915682942 gnorm: 0.169005758586 xtb: 6.2.2 (9d81278992624c895f80dd42a50cac0aa55982e2)
C        -0.83679400000000    1.33074000000000    0.02283000000000
N        -0.22313000000000    0.01604800000000   -0.00184600000000
C         1.04635700000000   -0.05746100000000   -0.72812500000000
C        -1.01809900000000   -1.19734200000000   -0.03821400000000
C         1.03166500000000   -0.09198500000000    0.74535500000000
5
 energy: -10.830454272652 gnorm: 0.185206869142 xtb: 6.2.2 (9d81278992624c895f80dd42a50cac0aa55982e2)
C        -0.84749816970748    1.26400973228700    0.02116018303085
N        -0.24750901841245    0.01780126211972   -0.00204851421876
C         1.06403039879595   -0.05971256227934   -0.68738219889896
C        -1.01917050624393   -1.12976447410816   -0.03664092376567
C         1.05014629556791   -0.09233395801922    0.70491145385254
5
 energy: -10.451861910796 gnorm: 1.796153528395 xtb: 6.2.2 (9d81278992624c895f80dd42a50cac0aa55982e2)
C        -0.83398663244008    0.99955732551091    0.01510027525109
N        -0.41452611418777    0.02981294935877   -0.00343377685885
C         1.11316975421387   -0.06823822438841   -0.48027975087737
C        -0.96805923167468   -0.86995852109975   -0.03004220838237
C         1.10340122408866   -0.09117352938153    0.49865546086750
5
 energy: -10.854611562426 gnorm: 0.152249898773 xtb: 6.2.2 (9d81278992624c895f80dd42a50cac0aa55982e2)
C        -0.89111872073185    1.11386068445079    0.01720863461807
N        -0.31358443358768    0.02255322328597   -0.00259712484352
C         1.12912979201710   -0.06590725445457   -0.62423172653937
C        -1.04091518642583   -0.97491306774023   -0.03322826333286
C         1.11648754872827   -0.09559358554196    0.64284848009768
5
 energy: -10.874415332461 gnorm: 0.165900257463 xtb: 6.2.2 (9d81278992624c895f80dd42a50cac0aa55982e2)
C        -1.09811179564518    0.93490805796544    0.01095328896356
N        -0.15287140134108    0.01099446086253   -0.00126870564160
C         1.24217459546792   -0.07346788457213   -0.64690888562800
C        -1.22024754972956   -0.76817643286796   -0.03017179748820
C         1.22905515124789   -0.10425820138788    0.66739609979425
5
 energy: -10.928146284453 gnorm: 0.082866813096 xtb: 6.2.2 (9d81278992624c895f80dd42a50cac0aa55982e2)
C        -1.33061496304210    0.72531134186535    0.00372265418690
N         0.04033406882677   -0.00290328901067    0.00033236663447
C         1.36207254060270   -0.08173538770743   -0.66066437495746
C        -1.42045066261749   -0.52745581096730   -0.02652880628804
C         1.34865801623012   -0.11321685417995    0.68313816042413
5
 energy: -10.600459793172 gnorm: 1.456521540094 xtb: 6.2.2 (9d81278992624c895f80dd42a50cac0aa55982e2)
C        -1.26018823589161    0.85575407376941    0.00746578920376
N         0.27750006371210   -0.01997468161329    0.00231917292115
C         1.18212036073223   -0.07022323073186   -0.60266499340267
C        -1.36935249794354   -0.66662397762597   -0.02928817888536
C         1.16991930939082   -0.09893218379829    0.62216821016311
5
 energy: -10.911856622407 gnorm: 0.197929487688 xtb: 6.2.2 (9d81278992624c895f80dd42a50cac0aa55982e2)
C        -1.25052054643006    0.82913759509071    0.00693882446559
N         0.06768570280550   -0.00488020433685    0.00058092041336
C         1.27598760252688   -0.07582622958703   -0.64940450453438
C        -1.35599088649088   -0.64166983913994   -0.02857006661779
C         1.26283712758857   -0.10676132202689    0.67045482627322
5
 energy: -10.925320042392 gnorm: 0.142493745375 xtb: 6.2.2 (9d81278992624c895f80dd42a50cac0aa55982e2)
C        -1.27836522016377    0.78654456305900    0.00567319458193
N         0.05475047900504   -0.00394562730034    0.00045826160814
C         1.30712758792081   -0.07805510280585   -0.64992830704501
C        -1.37745765665221   -0.59552447421562   -0.02769642531218
C         1.29394380989012   -0.10901935873718    0.67149327616711
5
 energy: -10.565379330293 gnorm: 2.075096072031 xtb: 6.2.2 (9d81278992624c895f80dd42a50cac0aa55982e2)
C        -1.44306644608498    0.57104725494726   -0.00100794157860
N         0.06040613107121   -0.00434604669034    0.00048922660018
C         1.45283298757719   -0.08841911047052   -0.65393626979236
C        -1.50969097104558   -0.35866000457987   -0.02345646829076
C         1.43951729848217   -0.11962209320654    0.67791145306154
5
 energy: -10.924803325759 gnorm: 0.102374510944 xtb: 6.2.2 (9d81278992624c895f80dd42a50cac0aa55982e2)
C        -1.35093140356986    0.71903326410630    0.00337894159856
N         0.07017277269608   -0.00504458404773    0.00056995525170
C         1.36697669099309   -0.08191837026577   -0.66834082090610
C        -1.43960682687755   -0.51830745982711   -0.02649774429850
C         1.35338776675824   -0.11376284996569    0.69088966835433
5
 energy: -10.928938445577 gnorm: 0.064385913693 xtb: 6.2.2 (9d81278992624c895f80dd42a50cac0aa55982e2)
C        -1.33745629399249    0.72777768040790    0.00370982969741
N         0.06405622116557   -0.00461196000097    0.00053751418101
C         1.35720031749790   -0.08134706625345   -0.66259445857646
C        -1.42753986940554   -0.52889785689902   -0.02663303074548
C         1.34373862473456   -0.11292079725446    0.68498014544351
5
 energy: -10.932682140915 gnorm: 0.059796496084 xtb: 6.2.2 (9d81278992624c895f80dd42a50cac0aa55982e2)
C        -1.30836859974730    0.74455575908021    0.00439238378074
N         0.04936155178069   -0.00357058102728    0.00043031158838
C         1.33671540071876   -0.08017051126902   -0.64959512340012
C        -1.40119756377658   -0.54968561132771   -0.02685559650488
C         1.32348821102444   -0.11112905545619    0.67162802453588
5
 energy: -10.932793621868 gnorm: 0.064015260675 xtb: 6.2.2 (9d81278992624c895f80dd42a50cac0aa55982e2)
C        -1.30503897950175    0.74593724450147    0.00446405625999
N         0.04733792723300   -0.00342351063508    0.00042137960247
C         1.33452845799343   -0.08003829208943   -0.64849957480674
C        -1.39809744623026   -0.55152978782271   -0.02685861844141
C         1.32126904050558   -0.11094565395424    0.67047275738569
5
 energy: -10.933048048020 gnorm: 0.069259815201 xtb: 6.2.2 (9d81278992624c895f80dd42a50cac0aa55982e2)
C        -1.29887088415024    0.74774307132526    0.00459597302503
N         0.04341096463890   -0.00313401309370    0.00044483753220
C         1.33061473563081   -0.07977361023183   -0.64740591180051
C        -1.39223581094087   -0.55419859735521   -0.02681533105378
C         1.31707999482139   -0.11063685064452    0.66918043229705
5
 energy: -10.933584280859 gnorm: 0.073194925335 xtb: 6.2.2 (9d81278992624c895f80dd42a50cac0aa55982e2)
C        -1.28832050737501    0.74957133811027    0.00484890640655
N         0.03694210453646   -0.00265513444437    0.00067954500590
C         1.32413111314472   -0.07923577222165   -0.64740342992924
C        -1.38202130195461   -0.55751895471804   -0.02658477386804
C         1.30926759164845   -0.11016147672621    0.66845975238484
5
 energy: -10.934609713121 gnorm: 0.070808201062 xtb: 6.2.2 (9d81278992624c895f80dd42a50cac0aa55982e2)
C        -1.27203104648351    0.75038137308101    0.00532503038708
N         0.02834162472763   -0.00203400937234    0.00199814395578
C         1.31505696788138   -0.07802503474958   -0.65115919809149
C        -1.36596728080477   -0.56067185464978   -0.02563210414556
C         1.29459873467927   -0.10965047430931    0.66946812789419
5
 energy: -10.936669561205 gnorm: 0.059445834528 xtb: 6.2.2 (9d81278992624c895f80dd42a50cac0aa55982e2)
C        -1.24897789505700    0.74862092623116    0.00543529862772
N         0.01971998334024   -0.00154684708568    0.00912066105115
C         1.30719094569585   -0.07415939232558   -0.66448367590022
C        -1.34290296723303   -0.56231408180129   -0.02204274450903
C         1.26496893325395   -0.11060060501861    0.67197046073037
5
 energy: -10.914099015179 gnorm: 0.168013691468 xtb: 6.2.2 (9d81278992624c895f80dd42a50cac0aa55982e2)
C        -1.13634816967460    0.73813876021638   -0.00312005302045
N        -0.01709575842526   -0.00075350730354    0.08024764660209
C         1.28584871987959   -0.04805423598710   -0.74769702477110
C        -1.23077422951140   -0.56846657119709   -0.00457963134564
C         1.09836843773167   -0.12086444572866    0.67514906253510
5
 energy: -10.940105111244 gnorm: 0.038318800745 xtb: 6.2.2 (9d81278992624c895f80dd42a50cac0aa55982e2)
C        -1.22377250260355    0.74267406663079   -0.01016203169357
N         0.01778609388642   -0.00247754763342    0.05126241850351
C         1.29750635912629   -0.06010712629220   -0.69461597685563
C        -1.31794554687262   -0.55999403447220   -0.02308025894911
C         1.22642459646347   -0.12009535823298    0.67659584899481
5
 energy: -10.940897718244 gnorm: 0.027983481146 xtb: 6.2.2 (9d81278992624c895f80dd42a50cac0aa55982e2)
C        -1.23005530808912    0.74011183398114   -0.01361742459881
N         0.02396397170026   -0.00384481523055    0.06287730743083
C         1.29970026485394   -0.06118170447228   -0.69794117380206
C        -1.32540959457697   -0.55685592224212   -0.02830339005588
C         1.23179966611190   -0.11822939203620    0.67698468102591
5
 energy: -10.941537427991 gnorm: 0.016925225226 xtb: 6.2.2 (9d81278992624c895f80dd42a50cac0aa55982e2)
C        -1.23784716500611    0.74030489488982   -0.01213802799704
N         0.02626820297995   -0.00436308266392    0.06591827095758
C         1.31432397433853   -0.06223928975575   -0.69856677186255
C        -1.33343455865303   -0.55601548425064   -0.02708211542454
C         1.23068854634066   -0.11768703821950    0.67186864432654
5
 energy: -10.941978073489 gnorm: 0.006751886443 xtb: 6.2.2 (9d81278992624c895f80dd42a50cac0aa55982e2)
C        -1.24882293102244    0.73958142622290   -0.00946072970464
N         0.02848110307087   -0.00531679656020    0.07302504735728
C         1.33765817994262   -0.06443881954272   -0.70071392966685
C        -1.34475327367797   -0.55380384089010   -0.02608173291634
C         1.22743592168691   -0.11602196922988    0.66323134493055
5
 energy: -10.942013868046 gnorm: 0.005447209719 xtb: 6.2.2 (9d81278992624c895f80dd42a50cac0aa55982e2)
C        -1.24950398625882    0.73951613644167   -0.00880392902170
N         0.02730100178443   -0.00551784164549    0.07594278409968
C         1.34098544661049   -0.06532329476053   -0.70194374643487
C        -1.34552688766022   -0.55359504699084   -0.02701654993425
C         1.22674342552413   -0.11507995304482    0.66182144129114
5
 energy: -10.942052769016 gnorm: 0.001638785313 xtb: 6.2.2 (9d81278992624c895f80dd42a50cac0aa55982e2)
C        -1.24887072790349    0.73963467270161   -0.00768205182031
N         0.02402546449824   -0.00573421529521    0.08214617739908
C         1.34378561672930   -0.06731613711375   -0.70444806295338
C        -1.34486367800528   -0.55367463106826   -0.03002023266962
C         1.22592232468124   -0.11290968922438    0.66000417004422
5
 energy: -10.942058590503 gnorm: 0.001072191460 xtb: 6.2.2 (9d81278992624c895f80dd42a50cac0aa55982e2)
C        -1.24762378660345    0.73982132910719   -0.00721586679314
N         0.02242710606246   -0.00556465120891    0.08546191730645
C         1.34206068336371   -0.06866351895149   -0.70544064865280
C        -1.34312710669409   -0.55398089401851   -0.03255707706090
C         1.22626210387138   -0.11161226492829    0.65975167520039
5
 energy: -10.942060297028 gnorm: 0.000634353690 xtb: 6.2.2 (9d81278992624c895f80dd42a50cac0aa55982e2)
C        -1.24763053554879    0.73983133785531   -0.00705211038320
N         0.02280557288095   -0.00529134150692    0.08588179747703
C         1.34053226955049   -0.06921067219291   -0.70531261101618
C        -1.34259326163997   -0.55402314794187   -0.03349512295594
C         1.22688495475733   -0.11130617621360    0.65997804687829
