2
 energy: -3.903499526753 gnorm: 0.404930851332 xtb: 6.2.2 (9d81278992624c895f80dd42a50cac0aa55982e2)
C         0.75700000000000    0.00000000000000    0.00000000000000
C        -0.75700000000000    0.00000000000000    0.00000000000000
2
 energy: -4.041185153916 gnorm: 0.137948867106 xtb: 6.2.2 (9d81278992624c895f80dd42a50cac0aa55982e2)
C         0.60359191603801    0.00000000000000    0.00000000000000
C        -0.60359191603801    0.00000000000000    0.00000000000000
2
 energy: -4.013436370314 gnorm: 0.511693141071 xtb: 6.2.2 (9d81278992624c895f80dd42a50cac0aa55982e2)
C         0.52759595458426    0.00000000000000    0.00000000000000
C        -0.52759595458426    0.00000000000000    0.00000000000000
2
 energy: -4.045402754640 gnorm: 0.037504060049 xtb: 6.2.2 (9d81278992624c895f80dd42a50cac0aa55982e2)
C         0.58599638926480    0.00000000000000    0.00000000000000
C        -0.58599638926480    0.00000000000000    0.00000000000000
2
 energy: -4.045664080866 gnorm: 0.011314130352 xtb: 6.2.2 (9d81278992624c895f80dd42a50cac0aa55982e2)
C         0.58200874218216    0.00000000000000    0.00000000000000
C        -0.58200874218216    0.00000000000000    0.00000000000000
2
 energy: -4.045689248905 gnorm: 0.000423661512 xtb: 6.2.2 (9d81278992624c895f80dd42a50cac0aa55982e2)
C         0.58028610268804    0.00000000000000    0.00000000000000
C        -0.58028610268804    0.00000000000000    0.00000000000000
2
 energy: -4.045689274457 gnorm: 0.000218503250 xtb: 6.2.2 (9d81278992624c895f80dd42a50cac0aa55982e2)
C         0.58037936760828    0.00000000000000    0.00000000000000
C        -0.58037936760828    0.00000000000000    0.00000000000000
