5
 energy: -11.030145247522 gnorm: 0.134893823839 xtb: 6.2.2 (9d81278992624c895f80dd42a50cac0aa55982e2)
C         0.96238600000000   -0.17054400000000   -0.56885500000000
N         0.30723200000000   -0.57582000000000    0.66770500000000
C        -0.88320300000000   -0.68676900000000   -0.16482700000000
C        -0.06432700000000    0.82947100000000    0.76596700000000
C        -0.32208700000000    0.60366100000000   -0.69999000000000
5
 energy: -11.053683411963 gnorm: 0.079235983789 xtb: 6.2.2 (9d81278992624c895f80dd42a50cac0aa55982e2)
C         0.90990681416730   -0.16156501871267   -0.53731348464185
N         0.32265344085981   -0.60472299774568    0.70122045204011
C        -0.83467952708324   -0.64953889017693   -0.15539660898945
C        -0.06061775927547    0.78372358761478    0.72445913193347
C        -0.33726196866841    0.63210231902050   -0.73296949034228
5
 energy: -11.062627134200 gnorm: 0.009182719517 xtb: 6.2.2 (9d81278992624c895f80dd42a50cac0aa55982e2)
C         0.85202026324990   -0.15231610084610   -0.50145532408531
N         0.33390977742672   -0.62581945843949    0.72568414873272
C        -0.78041608703086   -0.60892082687721   -0.14408992890636
C        -0.05611459767656    0.73220656981379    0.67920602796543
C        -0.34939835596920    0.65484881634902   -0.75934492370647
5
 energy: -11.062687807693 gnorm: 0.003079577070 xtb: 6.2.2 (9d81278992624c895f80dd42a50cac0aa55982e2)
C         0.85426288796455   -0.15315084449661   -0.50207020263445
N         0.33224253118186   -0.62269425283434    0.72206135788680
C        -0.78198061494381   -0.61082044575385   -0.14387137888459
C        -0.05599001714408    0.73343572544252    0.68134550814966
C        -0.34853378705852    0.65322881764229   -0.75746528451742
5
 energy: -11.062693187907 gnorm: 0.000079452893 xtb: 6.2.2 (9d81278992624c895f80dd42a50cac0aa55982e2)
C         0.85422460111847   -0.15335005038664   -0.50171383108051
N         0.33168364676386   -0.62164621269516    0.72084732241723
C        -0.78171340427317   -0.61093414687876   -0.14358186243575
C        -0.05585849811832    0.73307197839030    0.68148174570132
C        -0.34833534549084    0.65285743157026   -0.75703337460229
5
 energy: -11.062693191754 gnorm: 0.000040004107 xtb: 6.2.2 (9d81278992624c895f80dd42a50cac0aa55982e2)
C         0.85425056618549   -0.15335192036682   -0.50174629441587
N         0.33169472225695   -0.62166419265622    0.72087560644588
C        -0.78174518271481   -0.61095233042676   -0.14360183460312
C        -0.05586523177191    0.73311013675542    0.68149868716344
C        -0.34833387395572    0.65285730669439   -0.75702616459032
