5
 energy: -6.409371534022 gnorm: 0.080323206259 xtb: 6.2.2 (9d81278992624c895f80dd42a50cac0aa55982e2)
C        -0.06799800000000    0.00134000000000   -0.00669000000000
N         1.37582500000000   -0.02713100000000    0.13534600000000
H        -0.54030000000000   -0.16084100000000    0.98396500000000
H        -0.38067700000000    0.98700000000000   -0.40853100000000
H        -0.38685000000000   -0.80036800000000   -0.70409000000000
5
 energy: -6.414808222159 gnorm: 0.036476254365 xtb: 6.2.2 (9d81278992624c895f80dd42a50cac0aa55982e2)
C        -0.05837825606836    0.00115089808927   -0.00574310995554
N         1.32192691465209   -0.02606857137605    0.13004386710814
H        -0.52452132040545   -0.15947825219581    0.97539017246223
H        -0.36645754088153    0.97715429722429   -0.40350971838500
H        -0.37256979729674   -0.79275837174171   -0.69618121122983
5
 energy: -6.415729909528 gnorm: 0.009222655503 xtb: 6.2.2 (9d81278992624c895f80dd42a50cac0aa55982e2)
C        -0.03572395717439    0.00070439993109   -0.00351430645009
N         1.30345101456893   -0.02570443619297    0.12822638436284
H        -0.52508331857783   -0.15810225138214    0.96707985679190
H        -0.36829042473971    0.96939377816426   -0.40073663487832
H        -0.37435331407701   -0.78629149052025   -0.69105529982633
5
 energy: -6.415849195472 gnorm: 0.002982239378 xtb: 6.2.2 (9d81278992624c895f80dd42a50cac0aa55982e2)
C        -0.03107640781361    0.00061283105216   -0.00305707117496
N         1.31267778192744   -0.02588647067602    0.12913401287271
H        -0.52975867336452   -0.15809317727575    0.96712229382684
H        -0.37288847496117    0.96995897178724   -0.40136874954944
H        -0.37895422578814   -0.78659215488764   -0.69183048597515
5
 energy: -6.415860527835 gnorm: 0.000232890256 xtb: 6.2.2 (9d81278992624c895f80dd42a50cac0aa55982e2)
C        -0.02844399063889    0.00056093788957   -0.00279814708321
N         1.31442727977722   -0.02592097955891    0.12930612997320
H        -0.53131034660158   -0.15821217233440    0.96787443972794
H        -0.37430090729935    0.97084143988549   -0.40183138149941
H        -0.38037203523740   -0.78726922588175   -0.69255104111851
5
 energy: -6.415860595631 gnorm: 0.000095922135 xtb: 6.2.2 (9d81278992624c895f80dd42a50cac0aa55982e2)
C        -0.02849311764883    0.00056189319845   -0.00280299399822
N         1.31423929125737   -0.02591725497769    0.12928763396259
H        -0.53126549699785   -0.15826921138386    0.96821854215444
H        -0.37420375119065    0.97116034248007   -0.40194334105275
H        -0.38027692542004   -0.78753576931696   -0.69275984106605
