5
 energy: -8.540874215667 gnorm: 0.095642141662 xtb: 6.2.2 (9d81278992624c895f80dd42a50cac0aa55982e2)
C         0.62014300000000    0.20377500000000    0.09473900000000
C        -0.62109000000000    0.13926100000000    0.96096400000000
C        -0.60903300000000   -0.62099800000000   -0.31971900000000
C        -0.65222600000000    0.86583900000000   -0.39270200000000
H         1.26220600000000   -0.58787700000000   -0.34328200000000
5
 energy: -8.568125906748 gnorm: 0.080283618009 xtb: 6.2.2 (9d81278992624c895f80dd42a50cac0aa55982e2)
C         0.61117476436446    0.17530695801254    0.07988512294505
C        -0.58705682561284    0.11737854743574    0.96365449227388
C        -0.74001371962943   -0.61772704449206   -0.31493554397959
C        -0.61850564607790    0.85662663267437   -0.41369384268078
H         1.33440142695571   -0.53158509363060   -0.31491022855856
5
 energy: -8.586734538138 gnorm: 0.053648190963 xtb: 6.2.2 (9d81278992624c895f80dd42a50cac0aa55982e2)
C         0.59284396145325    0.14172874814109    0.06266818100969
C        -0.50607393404307    0.05275219077010    0.95988699669546
C        -0.98999815868084   -0.59344056626020   -0.29611247084035
C        -0.53834615225544    0.81935243624230   -0.46844285861322
H         1.44157428352610   -0.42039280889328   -0.25799984825158
5
 energy: -8.588854032511 gnorm: 0.024011558014 xtb: 6.2.2 (9d81278992624c895f80dd42a50cac0aa55982e2)
C         0.60349947333375    0.13250585054587    0.05748303780898
C        -0.52396335864782    0.05989234586147    0.95670629090182
C        -0.97859595478570   -0.58210356706823   -0.29028446264239
C        -0.55590762682050    0.82026137050363   -0.46011552331213
H         1.45496746692027   -0.43055599984274   -0.26378934275628
5
 energy: -8.589466386907 gnorm: 0.010383580769 xtb: 6.2.2 (9d81278992624c895f80dd42a50cac0aa55982e2)
C         0.60783830718914    0.11913418198104    0.05019979024616
C        -0.52959204172663    0.06041437609143    0.95231789391013
C        -0.98948439214566   -0.57008677829182   -0.28360472576858
C        -0.56132998105956    0.81675951847393   -0.45704889640534
H         1.47256810774271   -0.42622129825457   -0.26186406198237
5
 energy: -8.589669182779 gnorm: 0.009491434024 xtb: 6.2.2 (9d81278992624c895f80dd42a50cac0aa55982e2)
C         0.60627457246928    0.10793313142211    0.04421816104925
C        -0.52867860963248    0.05949688757542    0.95050970096094
C        -1.00192887404082   -0.56394915083527   -0.28003783637310
C        -0.56033950810738    0.81475183012693   -0.45683618068556
H         1.48467241931141   -0.41823269828918   -0.25785384495153
5
 energy: -8.589909988927 gnorm: 0.010166760308 xtb: 6.2.2 (9d81278992624c895f80dd42a50cac0aa55982e2)
C         0.59990224373806    0.08933376322554    0.03436943753995
C        -0.52556212886573    0.05918236168908    0.94958590862505
C        -1.01713965338240   -0.55760822161738   -0.27629432241729
C        -0.55713930277024    0.81385939138048   -0.45667875120629
H         1.49993884128031   -0.40476729467772   -0.25098227254142
5
 energy: -8.590202540204 gnorm: 0.010331868789 xtb: 6.2.2 (9d81278992624c895f80dd42a50cac0aa55982e2)
C         0.58752503579418    0.06181152623550    0.01985665599058
C        -0.52147112908101    0.06089155987480    0.95056145909691
C        -1.02939869531015   -0.55159170179748   -0.27277460455013
C        -0.55294926399596    0.81569821318149   -0.45590756955388
H         1.51629405259294   -0.38680959749431   -0.24173594098348
5
 energy: -8.590499090068 gnorm: 0.008464303246 xtb: 6.2.2 (9d81278992624c895f80dd42a50cac0aa55982e2)
C         0.56933588910920    0.02683345537468    0.00144638864855
C        -0.51713286819781    0.06472024373500    0.95455442272051
C        -1.03236594267155   -0.54661205771478   -0.26998781381778
C        -0.54851857038931    0.82125348363283   -0.45502803008704
H         1.52868149214947   -0.36619512502772   -0.23098496746424
5
 energy: -8.590630985361 gnorm: 0.006766736519 xtb: 6.2.2 (9d81278992624c895f80dd42a50cac0aa55982e2)
C         0.56108554088660    0.01567949570949   -0.00441130270969
C        -0.51583399644687    0.06624212160645    0.95886240963251
C        -1.02231749176571   -0.54675983021592   -0.27023300345604
C        -0.54722402048924    0.82575078020318   -0.45614920687413
H         1.52428996781521   -0.36091256730320   -0.22806889659265
5
 energy: -8.590708509864 gnorm: 0.005273107210 xtb: 6.2.2 (9d81278992624c895f80dd42a50cac0aa55982e2)
C         0.55746245430001    0.01520583896636   -0.00465801308514
C        -0.51663830352768    0.06575382467116    0.96335523206607
C        -1.01336229904853   -0.54705549999103   -0.27050659681759
C        -0.54804317961930    0.82925964842377   -0.45897325290622
H         1.52058132789550   -0.36316381207027   -0.22921736925712
5
 energy: -8.590770435356 gnorm: 0.004437891666 xtb: 6.2.2 (9d81278992624c895f80dd42a50cac0aa55982e2)
C         0.55691632926563    0.02129699979904   -0.00154284989212
C        -0.51839057620377    0.06287811108600    0.96826856072640
C        -1.00364529561315   -0.54644474866241   -0.27025442337124
C        -0.54975880637132    0.83181100838016   -0.46394308165390
H         1.51487834892260   -0.36954137060279   -0.23252820580913
5
 energy: -8.590800760700 gnorm: 0.003335061517 xtb: 6.2.2 (9d81278992624c895f80dd42a50cac0aa55982e2)
C         0.55537932737182    0.02129109379098   -0.00172438503987
C        -0.51888499266513    0.05993927983392    0.97141124524023
C        -1.00149449921522   -0.54344060195820   -0.26853285060089
C        -0.55008451365140    0.83287555741002   -0.46800288537246
H         1.51508467815992   -0.37066532907671   -0.23315112422700
5
 energy: -8.590820943027 gnorm: 0.001105877264 xtb: 6.2.2 (9d81278992624c895f80dd42a50cac0aa55982e2)
C         0.55445539853242    0.02091802928056   -0.00226866975755
C        -0.51844392643186    0.05594384204456    0.97385326134812
C        -1.00107549699331   -0.53964476669077   -0.26626748836008
C        -0.54926504995086    0.83282046655814   -0.47250998823794
H         1.51432907484362   -0.37003757119248   -0.23280711499255
5
 energy: -8.590823682123 gnorm: 0.000651724493 xtb: 6.2.2 (9d81278992624c895f80dd42a50cac0aa55982e2)
C         0.55252818117937    0.01692755877310   -0.00476661092887
C        -0.51743807368807    0.05435456528761    0.97459414123576
C        -1.00370393446180   -0.53733756831210   -0.26473519703767
C        -0.54773637081618    0.83267570422811   -0.47407127657778
H         1.51635019778668   -0.36662025997672   -0.23102105669144
