5
 energy: -10.062303265783 gnorm: 0.190511802771 xtb: 6.2.2 (9d81278992624c895f80dd42a50cac0aa55982e2)
C        -0.99481500000000   -0.92831200000000    0.01471000000000
C         0.00741200000000    0.00317300000000    0.70149100000000
C        -0.00741200000000   -0.00317400000000   -0.70149100000000
C        -0.30653800000000    1.32576700000000   -0.00275800000000
C         1.30135400000000   -0.39745400000000   -0.01195200000000
5
 energy: -10.094723838423 gnorm: 0.099002492686 xtb: 6.2.2 (9d81278992624c895f80dd42a50cac0aa55982e2)
C        -0.95054804461193   -0.88700112171115    0.01405535994240
C         0.00796589053903    0.00340821392158    0.75400071460571
C        -0.00796783449269   -0.00341406888295   -0.75400066725774
C        -0.29289346670510    1.26676879287114   -0.00263524675751
C         1.24344445527069   -0.37976181619862   -0.01142016053286
5
 energy: -10.112233468245 gnorm: 0.049245751020 xtb: 6.2.2 (9d81278992624c895f80dd42a50cac0aa55982e2)
C        -0.89701598516217   -0.83699370952782    0.01326350967912
C         0.00852800317040    0.00361767866424    0.80844462343747
C        -0.00855632365410   -0.00369740332844   -0.80844403619274
C        -0.27633081821928    1.19534481910525   -0.00248708903049
C         1.17337612386514   -0.35827138491323   -0.01077700789336
5
 energy: -10.115699084903 gnorm: 0.032287187843 xtb: 6.2.2 (9d81278992624c895f80dd42a50cac0aa55982e2)
C        -0.87382560817920   -0.81420939715065    0.01291548378099
C         0.00863681450541    0.00301984490793    0.84479171940880
C        -0.00921537259824   -0.00462383455807   -0.84477837811559
C        -0.26774350119639    1.16263032168262   -0.00242992144389
C         1.14214866746842   -0.34681693488183   -0.01049890363031
5
 energy: -10.124393755854 gnorm: 0.083639240856 xtb: 6.2.2 (9d81278992624c895f80dd42a50cac0aa55982e2)
C        -0.88833282497546   -0.79884533353200    0.01299938310314
C         0.00285313518505   -0.01524641312801    0.87324895767637
C        -0.01559710689411   -0.02314585865424   -0.87294061409156
C        -0.23823103368945    1.13705242197174   -0.00262617919196
C         1.13930883037396   -0.29981481665748   -0.01068154749599
5
 energy: -10.153986621757 gnorm: 0.066075140041 xtb: 6.2.2 (9d81278992624c895f80dd42a50cac0aa55982e2)
C        -0.98121566633428   -0.72936874328648    0.01366659494345
C        -0.00455360619446   -0.09592819987104    0.91386308022363
C        -0.02385240794655   -0.10419071580379   -0.91265759876183
C        -0.15589522336450    1.05369368714509   -0.00311920254704
C         1.16551790383979   -0.12420602818379   -0.01175287385822
5
 energy: -10.165106558153 gnorm: 0.075037359989 xtb: 6.2.2 (9d81278992624c895f80dd42a50cac0aa55982e2)
C        -1.02570116398811   -0.66521828015663    0.01384659982950
C        -0.03030176023178   -0.17111895733593    0.95669490693041
C        -0.05049232815548   -0.17976301695282   -0.95425390413093
C        -0.04054729233053    0.95874462755437   -0.00390859087579
C         1.14704354470591    0.05735562689101   -0.01237901175319
5
 energy: -10.168953124916 gnorm: 0.038730604709 xtb: 6.2.2 (9d81278992624c895f80dd42a50cac0aa55982e2)
C        -1.00485661750155   -0.67775326677279    0.01368401669875
C        -0.03206771751809   -0.16616956483907    0.92958303325831
C        -0.05168512370466   -0.17456869746396   -0.92715941882668
C        -0.05805191164092    0.99480903957173   -0.00388571606850
C         1.14666237036523    0.02368248950409   -0.01222191506187
5
 energy: -10.170416848855 gnorm: 0.025722320538 xtb: 6.2.2 (9d81278992624c895f80dd42a50cac0aa55982e2)
C        -0.98235785050427   -0.68352293100877    0.01347226773958
C        -0.04723317707666   -0.18406410005754    0.91753104533168
C        -0.06659107189674   -0.19235156766200   -0.91462779948987
C        -0.02501792599635    1.01138218829085   -0.00431005476268
C         1.12120102547403    0.04855641043746   -0.01206545881870
5
 energy: -10.170786095849 gnorm: 0.012379175193 xtb: 6.2.2 (9d81278992624c895f80dd42a50cac0aa55982e2)
C        -0.99119133458530   -0.68080167982680    0.01355168424940
C        -0.03957499021846   -0.18371949265051    0.91950284630849
C        -0.05897736416675   -0.19202539090732   -0.91675991947085
C        -0.03362880991450    1.00949019401797   -0.00421200605132
C         1.12337349888501    0.04705636936667   -0.01208260503573
5
 energy: -10.171033751735 gnorm: 0.008046852854 xtb: 6.2.2 (9d81278992624c895f80dd42a50cac0aa55982e2)
C        -0.99838355960193   -0.67408999005348    0.01359680012789
C        -0.03155530694491   -0.18957403592266    0.91949971986444
C        -0.05095923540414   -0.19788054147115   -0.91687211187506
C        -0.03972233553404    1.00957442796076   -0.00414838614848
C         1.12062143748503    0.05197013948653   -0.01207602196879
5
 energy: -10.171318848736 gnorm: 0.013253831114 xtb: 6.2.2 (9d81278992624c895f80dd42a50cac0aa55982e2)
C        -1.00825024709245   -0.65387487974250    0.01360861291032
C        -0.01830083632397   -0.20251547256128    0.91997541762035
C        -0.03771720907621   -0.21082734140079   -0.91750843009709
C        -0.05280924384399    1.00587713400758   -0.00399407654965
C         1.11707853633663    0.06134055969699   -0.01208152388393
5
 energy: -10.171904496468 gnorm: 0.028330989485 xtb: 6.2.2 (9d81278992624c895f80dd42a50cac0aa55982e2)
C        -1.02735807360798   -0.60027258153521    0.01357327603065
C         0.00802220614851   -0.23151585432704    0.92324247572067
C        -0.01146277743720   -0.23986033378241   -0.92108260456096
C        -0.08337276946920    0.98974988018548   -0.00359266162628
C         1.11417241436586    0.08189888945917   -0.01214048556408
5
 energy: -10.175469636555 gnorm: 0.080521109369 xtb: 6.2.2 (9d81278992624c895f80dd42a50cac0aa55982e2)
C        -1.10370608165723   -0.35319125003547    0.01327275044494
C         0.11974003029004   -0.35963603577480    0.94055639792646
C         0.09988389462570   -0.36814514544589   -0.93962077128041
C        -0.21858724482918    0.90899191868684   -0.00178825281821
C         1.10267040157067    0.17198051256932   -0.01242012427277
5
 energy: -10.177648721021 gnorm: 0.059579670729 xtb: 6.2.2 (9d81278992624c895f80dd42a50cac0aa55982e2)
C        -1.07632112192834   -0.36932650204947    0.01306116187373
C         0.11142338703696   -0.34631385705085    0.93989449298887
C         0.09158532455218   -0.35481344158903   -0.93891312953943
C        -0.21326670265023    0.91790790629803   -0.00188254981867
C         1.08658011298944    0.15254589439132   -0.01215997550449
5
 energy: -10.162857532839 gnorm: 0.136627342921 xtb: 6.2.2 (9d81278992624c895f80dd42a50cac0aa55982e2)
C        -1.06874902152560   -0.20228717733473    0.01224751418044
C         0.18020184194771   -0.41739538769227    0.94870803822913
C         0.16018430652899   -0.42595978232230   -0.94857552761378
C        -0.31270481533899    0.86959036500687   -0.00060486000698
C         1.04106868838789    0.17605198234242   -0.01177516478881
5
 energy: -10.179601800212 gnorm: 0.033921718761 xtb: 6.2.2 (9d81278992624c895f80dd42a50cac0aa55982e2)
C        -1.06230975090294   -0.32940396916398    0.01274050878579
C         0.11702378665199   -0.36896208914775    0.92895129820449
C         0.09742510400267   -0.37733571539593   -0.92788624676980
C        -0.22631683864303    0.91323914731488   -0.00173196425255
C         1.07417869889131    0.16246262639277   -0.01207359596793
5
 energy: -10.180216156810 gnorm: 0.022070663092 xtb: 6.2.2 (9d81278992624c895f80dd42a50cac0aa55982e2)
C        -1.05596418471382   -0.33246158555241    0.01268918118556
C         0.10664958406411   -0.36779189743216    0.92604765028923
C         0.08710968341614   -0.37612772854185   -0.92477655191247
C        -0.21606513029145    0.91190302323492   -0.00183755364264
C         1.07827104752502    0.16447818829149   -0.01212272591968
5
 energy: -10.180606933183 gnorm: 0.004923833394 xtb: 6.2.2 (9d81278992624c895f80dd42a50cac0aa55982e2)
C        -1.05772217543001   -0.32807825544284    0.01268164600915
C         0.09597913130986   -0.37263744765664    0.92167235771510
C         0.07651680564371   -0.38091701865709   -0.92011682970432
C        -0.20604344559540    0.90737639126315   -0.00193489816305
C         1.09127068407185    0.17425633049343   -0.01230227585687
5
 energy: -10.180634488249 gnorm: 0.002065895037 xtb: 6.2.2 (9d81278992624c895f80dd42a50cac0aa55982e2)
C        -1.05590590856474   -0.32472511810553    0.01264729753195
C         0.09659292945627   -0.37432766899403    0.92140028147975
C         0.07713181055445   -0.38260321285656   -0.91984481384523
C        -0.20792511391520    0.90763314602142   -0.00191627110329
C         1.09010728246923    0.17402285393470   -0.01228649406317
5
 energy: -10.180649183457 gnorm: 0.000609218662 xtb: 6.2.2 (9d81278992624c895f80dd42a50cac0aa55982e2)
C        -1.05575947530615   -0.31873735441458    0.01261704887019
C         0.09845516652126   -0.37826518243624    0.92171986121542
C         0.07898111336874   -0.38654342767162   -0.92016761411297
C        -0.21038965405601    0.90723031602109   -0.00188907424820
C         1.08871384947216    0.17631564850134   -0.01228022172443
5
 energy: -10.180649951484 gnorm: 0.000297604255 xtb: 6.2.2 (9d81278992624c895f80dd42a50cac0aa55982e2)
C        -1.05604890790783   -0.31854738582635    0.01261833137166
C         0.09849576538346   -0.37876420850652    0.92127715682219
C         0.07903173614676   -0.38703967698355   -0.91972071983541
C        -0.21024018972430    0.90752770586991   -0.00189054355783
C         1.08876259610191    0.17682356544650   -0.01228422480060
