4
 energy: -5.768089974210 gnorm: 0.061527339132 xtb: 6.2.2 (9d81278992624c895f80dd42a50cac0aa55982e2)
C        -0.10647400000000    0.00746100000000    0.29771100000000
N         1.29405300000000   -0.10256900000000   -0.06564000000000
H        -0.52206600000000    0.95052000000000   -0.11301300000000
H        -0.66551300000000   -0.85541300000000   -0.11905800000000
4
 energy: -5.771442601977 gnorm: 0.031128155706 xtb: 6.2.2 (9d81278992624c895f80dd42a50cac0aa55982e2)
C        -0.09795204235143    0.00686001224904    0.27495698052743
N         1.26122607437063   -0.09998431911905   -0.05877502365046
H        -0.50974901745593    0.95159767843487   -0.10506159453317
H        -0.65352501456327   -0.85847437156486   -0.11112036234381
4
 energy: -5.772463635118 gnorm: 0.012179897043 xtb: 6.2.2 (9d81278992624c895f80dd42a50cac0aa55982e2)
C        -0.08530571979806    0.00582634895917    0.28361163451954
N         1.22033969842630   -0.09673468684393   -0.05932891440416
H        -0.49655864053828    0.93878490609802   -0.10915119572311
H        -0.63847533808996   -0.84787756821325   -0.11513152439226
4
 energy: -5.772620446823 gnorm: 0.006015732830 xtb: 6.2.2 (9d81278992624c895f80dd42a50cac0aa55982e2)
C        -0.08453700296308    0.00573466819104    0.29276386342023
N         1.22132365726416   -0.09680557835407   -0.06149667047866
H        -0.49733587584797    0.94011367631247   -0.11263925556537
H        -0.63945077845312   -0.84904376614944   -0.11862793737621
4
 energy: -5.772678259967 gnorm: 0.000625926500 xtb: 6.2.2 (9d81278992624c895f80dd42a50cac0aa55982e2)
C        -0.08121887595316    0.00542926408877    0.30526644557505
N         1.21669120642004   -0.09642883297265   -0.06412045559772
H        -0.49672870843521    0.93944856469159   -0.11758076267961
H        -0.63874362203167   -0.84844999580771   -0.12356522729772
4
 energy: -5.772678985796 gnorm: 0.000316042095 xtb: 6.2.2 (9d81278992624c895f80dd42a50cac0aa55982e2)
C        -0.08071719858398    0.00539860584459    0.30252290744779
N         1.21816590840619   -0.09654885303797   -0.06326294026823
H        -0.49765532625061    0.94029920362156   -0.11663515399866
H        -0.63979338357160   -0.84914995642818   -0.12262481318090
