5
 energy: -11.030780909479 gnorm: 0.155905062450 xtb: 6.2.2 (9d81278992624c895f80dd42a50cac0aa55982e2)
C         0.04029000000000   -0.97618300000000   -0.02573300000000
N        -0.79389700000000    0.01637200000000    0.68721600000000
C         0.15888900000000    0.96213900000000    0.06510100000000
C        -0.69160800000000    0.07675800000000   -0.73480500000000
C         1.28632600000000   -0.07908600000000    0.00822100000000
5
 energy: -11.050204624429 gnorm: 0.080855348275 xtb: 6.2.2 (9d81278992624c895f80dd42a50cac0aa55982e2)
C         0.06241138749280   -0.93584294148218   -0.03286331456196
N        -0.76606596198021    0.01404803189370    0.70045935802508
C         0.17597963650702    0.92025321594003    0.05411870453505
C        -0.71914512867211    0.07952726474089   -0.75799162155356
C         1.24682006665250   -0.07798557109243    0.03627687355539
5
 energy: -11.055033549061 gnorm: 0.043671561257 xtb: 6.2.2 (9d81278992624c895f80dd42a50cac0aa55982e2)
C         0.08849448570705   -0.88623155021203   -0.02099400956142
N        -0.75815312130091    0.01332535761967    0.70552242971709
C         0.19576509218120    0.86695543179132    0.06116638219671
C        -0.74271825264652    0.08230389027156   -0.78650405247546
C         1.21661179605917   -0.07635312947051    0.04080925012308
5
 energy: -11.056014116334 gnorm: 0.010372923927 xtb: 6.2.2 (9d81278992624c895f80dd42a50cac0aa55982e2)
C         0.07876517439322   -0.89702506052326   -0.02075153461785
N        -0.75980516387243    0.01343210240742    0.70540320893869
C         0.18742052707509    0.87878154268113    0.06246893834739
C        -0.73830719648425    0.08196239875689   -0.78497676633425
C         1.23192665888837   -0.07715098332218    0.03785615366602
5
 energy: -11.056148099942 gnorm: 0.007421736179 xtb: 6.2.2 (9d81278992624c895f80dd42a50cac0aa55982e2)
C         0.07725843832596   -0.89501662795036   -0.01658971320085
N        -0.75953644524891    0.01336817118606    0.70638291890462
C         0.18565598503540    0.87659813004410    0.06643425839043
C        -0.73615311071407    0.08207176352606   -0.79014739006714
C         1.23277513260162   -0.07702143680586    0.03391992597294
5
 energy: -11.056450398744 gnorm: 0.008052763128 xtb: 6.2.2 (9d81278992624c895f80dd42a50cac0aa55982e2)
C         0.07015873254163   -0.89053755575330    0.00372363730866
N        -0.76301298480530    0.01339608697418    0.71019132245706
C         0.17794620658195    0.87116503039964    0.08628312789008
C        -0.71815461885440    0.08190579092687   -0.81020896713886
C         1.23306266453613   -0.07592935254739    0.01001087948306
5
 energy: -11.056601433350 gnorm: 0.009379663204 xtb: 6.2.2 (9d81278992624c895f80dd42a50cac0aa55982e2)
C         0.06590175413032   -0.89075263968511    0.01705461352561
N        -0.76765624590985    0.01356097766553    0.71275418105864
C         0.17367359860505    0.87064992617128    0.09960126103264
C        -0.70095150878654    0.08134854234898   -0.82078765992353
C         1.22903240196102   -0.07480680650068   -0.00862239569336
5
 energy: -11.056809044161 gnorm: 0.006874537206 xtb: 6.2.2 (9d81278992624c895f80dd42a50cac0aa55982e2)
C         0.05883561518251   -0.89488900801748    0.03920674407414
N        -0.77674883223638    0.01387361347805    0.71800947077186
C         0.16704025308353    0.87352261794161    0.12208301308850
C        -0.66449601425478    0.07984157386915   -0.83619904565313
C         1.21536897822513   -0.07234879727133   -0.04310018228137
5
 energy: -11.056855991634 gnorm: 0.001685514394 xtb: 6.2.2 (9d81278992624c895f80dd42a50cac0aa55982e2)
C         0.05930059250477   -0.89729190642818    0.03633900157056
N        -0.77557272540917    0.01377290257963    0.71870081583714
C         0.16781144966341    0.87609546977724    0.11944876668509
C        -0.66187902269441    0.07953665978206   -0.83305285895059
C         1.21033970593541   -0.07211312571075   -0.04143572514220
5
 energy: -11.056859053836 gnorm: 0.001084464581 xtb: 6.2.2 (9d81278992624c895f80dd42a50cac0aa55982e2)
C         0.05908993473555   -0.89738821173648    0.03836831732519
N        -0.77805898389075    0.01395277668895    0.71818382212850
C         0.16760177857198    0.87601765900482    0.12147973708938
C        -0.65887015134725    0.07935025387111   -0.83295898793401
C         1.21023742193048   -0.07193247782839   -0.04507288860906
5
 energy: -11.056860055068 gnorm: 0.000274759793 xtb: 6.2.2 (9d81278992624c895f80dd42a50cac0aa55982e2)
C         0.05934610444693   -0.89727040617243    0.03744399228996
N        -0.77727300495681    0.01392582020191    0.71769179863134
C         0.16784420551978    0.87596319334883    0.12054640837307
C        -0.66051509789871    0.07941567935066   -0.83221754503862
C         1.21059779288881   -0.07203428672897   -0.04346465425575
