5
 energy: -7.941677404515 gnorm: 0.281876678174 xtb: 6.2.2 (9d81278992624c895f80dd42a50cac0aa55982e2)
N         0.73686100000000   -0.24291600000000    0.55521500000000
C        -0.47607500000000   -0.14237200000000   -0.23809500000000
C         1.83015100000000    0.24059800000000   -0.26972400000000
H        -1.26864400000000   -0.76837800000000    0.22101100000000
H        -0.82229400000000    0.91306900000000   -0.26840700000000
5
 energy: -8.015783983398 gnorm: 0.177285157244 xtb: 6.2.2 (9d81278992624c895f80dd42a50cac0aa55982e2)
N         0.77113213391128   -0.23526069605451    0.42378379863444
C        -0.49898307292379   -0.11124948416707   -0.14987601853489
C         1.80783748477512    0.22166713778267   -0.19077441981946
H        -1.26064708611816   -0.79889680094763    0.22897694854967
H        -0.81934045964446    0.92374084338653   -0.31211030882975
5
 energy: -8.036172522725 gnorm: 0.339711370365 xtb: 6.2.2 (9d81278992624c895f80dd42a50cac0aa55982e2)
N         0.77680456582928   -0.07984795839015    0.24869639114707
C        -0.50515429321739   -0.08624900976503   -0.07699454910921
C         1.80147716383095    0.10017747202878   -0.09422988507137
H        -1.22560313513983   -0.83605411716289    0.19913314094976
H        -0.84752530130300    0.90197461328928   -0.27660509791625
5
 energy: -8.053962762066 gnorm: 0.163893879078 xtb: 6.2.2 (9d81278992624c895f80dd42a50cac0aa55982e2)
N         0.71919926511862   -0.00346313904631    0.11901160313294
C        -0.56784646057583   -0.05750895703480   -0.06778847280449
C         1.98379111473037    0.03167389384260   -0.02783195002006
H        -1.19972947529619   -0.87931291154929    0.23056115549441
H        -0.93541544397697    0.90861211378780   -0.25395233580280
5
 energy: -8.065032753512 gnorm: 0.051467073381 xtb: 6.2.2 (9d81278992624c895f80dd42a50cac0aa55982e2)
N         0.75558858042751   -0.10119160606154    0.15993924751021
C        -0.54099971143759   -0.03653537211908   -0.03353035134381
C         1.93672228012330    0.06674242434055   -0.04262860805117
H        -1.18778639495399   -0.86422415444585    0.22996535589410
H        -0.96352575415923    0.93520970828591   -0.31374564400933
5
 energy: -8.067857456643 gnorm: 0.023673554732 xtb: 6.2.2 (9d81278992624c895f80dd42a50cac0aa55982e2)
N         0.75544774294144   -0.05257906300371    0.13898189203387
C        -0.52968187565757   -0.00595194505016   -0.02275304942549
C         1.93248497024866    0.00162536632928   -0.02700805133450
H        -1.14425619505773   -0.87365532711438    0.20969224147571
H        -1.01399564247480    0.93056196883897   -0.29891303274959
5
 energy: -8.069205697830 gnorm: 0.033734293175 xtb: 6.2.2 (9d81278992624c895f80dd42a50cac0aa55982e2)
N         0.75509653358511   -0.05652427365208    0.02941959561596
C        -0.54788257259003   -0.00804533582930   -0.02100430063114
C         1.94655142609863    0.00317006502148    0.04615991469687
H        -1.12760935700992   -0.83992492102043    0.24680903337444
H        -1.02615703008380    0.90132546548032   -0.30138424305612
5
 energy: -8.069917532980 gnorm: 0.019019456632 xtb: 6.2.2 (9d81278992624c895f80dd42a50cac0aa55982e2)
N         0.75603083158254   -0.02189607273289    0.03416838029825
C        -0.54948430866192    0.01739773635794   -0.00081297395570
C         1.94870699275478   -0.03815811165236    0.04079175214807
H        -1.11140768533287   -0.88190946927546    0.22778461077077
H        -1.04384683034253    0.92456691730277   -0.30193176926140
5
 energy: -8.069973424015 gnorm: 0.013778002503 xtb: 6.2.2 (9d81278992624c895f80dd42a50cac0aa55982e2)
N         0.74762568521468   -0.02816836491564    0.04759401622051
C        -0.54115476294099    0.00875797594560   -0.01023249189001
C         1.92836138556099   -0.02778790405391    0.03217678355825
H        -1.10967746276012   -0.87510259564418    0.22916756578712
H        -1.02515584507455    0.92230188866813   -0.29870587367587
5
 energy: -8.070183482396 gnorm: 0.004328611039 xtb: 6.2.2 (9d81278992624c895f80dd42a50cac0aa55982e2)
N         0.75223806134789   -0.02329125041200    0.03140945156094
C        -0.54356323860151    0.01154166946317   -0.00779079977107
C         1.93923225368487   -0.03607800762644    0.04357144058550
H        -1.10682110684974   -0.87178257866475    0.23079259669469
H        -1.04108696958151    0.91961116724002   -0.29798268907007
5
 energy: -8.070198489859 gnorm: 0.002286159636 xtb: 6.2.2 (9d81278992624c895f80dd42a50cac0aa55982e2)
N         0.75305101618583   -0.02025718332557    0.02701263916346
C        -0.54397889528090    0.01276624901598   -0.00710605078673
C         1.93912172745669   -0.03950199676539    0.04667189528290
H        -1.10505792112928   -0.87298331607130    0.23098414623790
H        -1.04313692723234    0.91997724714627   -0.29756262989753
5
 energy: -8.070207711209 gnorm: 0.001958267873 xtb: 6.2.2 (9d81278992624c895f80dd42a50cac0aa55982e2)
N         0.75271142149473   -0.01644065385764    0.02160759709747
C        -0.54349875355503    0.01406065998671   -0.00922374402569
C         1.93825167448417   -0.04452879798487    0.05107229050088
H        -1.10081300337043   -0.87358349385435    0.23254745054906
H        -1.04665233905344    0.92049328571015   -0.29600359412172
5
 energy: -8.070210540860 gnorm: 0.002186572438 xtb: 6.2.2 (9d81278992624c895f80dd42a50cac0aa55982e2)
N         0.75370443525145   -0.01605588711892    0.02060481223644
C        -0.54315358419890    0.01317730076523   -0.01201380092977
C         1.93773291076257   -0.04485760358691    0.05255603113351
H        -1.10096348892861   -0.87283909078031    0.23400529542475
H        -1.04732127288650    0.92057628072091   -0.29515233786493
5
 energy: -8.070212495975 gnorm: 0.000901985456 xtb: 6.2.2 (9d81278992624c895f80dd42a50cac0aa55982e2)
N         0.75340583290973   -0.01622002347844    0.02045660583818
C        -0.54322543933795    0.01287094221636   -0.01353670938275
C         1.93789554780948   -0.04462846164908    0.05292331423097
H        -1.10090697846547   -0.87277372824037    0.23498329948635
H        -1.04716996291579    0.92075227115153   -0.29482651017276
