5
 energy: -9.445545415885 gnorm: 0.127621710011 xtb: 6.2.2 (9d81278992624c895f80dd42a50cac0aa55982e2)
C        -1.19182000000000   -0.43956500000000   -0.23672300000000
C        -0.00805400000000    0.39865600000000   -0.34930800000000
C         1.18904900000000   -0.42473900000000   -0.27469300000000
N         0.01337300000000   -0.80500800000000    0.52421200000000
H        -0.00254900000000    1.27065700000000    0.33651200000000
5
 energy: -9.472030427359 gnorm: 0.099708902775 xtb: 6.2.2 (9d81278992624c895f80dd42a50cac0aa55982e2)
C        -1.15852984817626   -0.43749769254768   -0.19376660797331
C        -0.00752286070616    0.42430089764147   -0.30600195518181
C         1.15712179377565   -0.42307704025551   -0.23069658708818
N         0.01299562861533   -0.92212731123821    0.45481385818797
H        -0.00406571350855    1.35840214639994    0.27565129205534
5
 energy: -9.487159913214 gnorm: 0.081683827999 xtb: 6.2.2 (9d81278992624c895f80dd42a50cac0aa55982e2)
C        -1.03366102204994   -0.48579333679452   -0.18025069063745
C        -0.00734407842174    0.50785253678477   -0.26219380218789
C         1.03335684270887   -0.47291921736630   -0.21321497012041
N         0.01295261282138   -1.00843815938421    0.41839138827395
H        -0.00530535505857    1.45929917676025    0.23726807467180
5
 energy: -9.491522325992 gnorm: 0.022662813614 xtb: 6.2.2 (9d81278992624c895f80dd42a50cac0aa55982e2)
C        -1.07470574713623   -0.45774334332879   -0.15811381533171
C        -0.00761180531072    0.49214386236851   -0.28509645788756
C         1.07473402719904   -0.44435582217035   -0.19239240421245
N         0.01287391867810   -1.02865154450744    0.40556067128834
H        -0.00529139343019    1.43860784763808    0.23004200614338
5
 energy: -9.492113976891 gnorm: 0.014435228729 xtb: 6.2.2 (9d81278992624c895f80dd42a50cac0aa55982e2)
C        -1.06823289965526   -0.46069512588854   -0.15267193895056
C        -0.00779953713137    0.50210872563217   -0.29297555545870
C         1.06847520395507   -0.44738701592177   -0.18674744422766
N         0.01288833579698   -1.03924653623675    0.40231899129327
H        -0.00533210296542    1.44522095241488    0.23007594734364
5
 energy: -9.492513299950 gnorm: 0.005248775196 xtb: 6.2.2 (9d81278992624c895f80dd42a50cac0aa55982e2)
C        -1.06286061657406   -0.46385438007960   -0.14646185813210
C        -0.00817829869103    0.51392886103999   -0.31209515437588
C         1.06334398144788   -0.45061192435522   -0.18037004042019
N         0.01293860491505   -1.04626507023074    0.40274355715197
H        -0.00524467109785    1.44680351362556    0.23618349577620
5
 energy: -9.492584639685 gnorm: 0.002728333209 xtb: 6.2.2 (9d81278992624c895f80dd42a50cac0aa55982e2)
C        -1.06277627043044   -0.46327262939609   -0.14529829452493
C        -0.00835029791100    0.51564718792432   -0.32221115109535
C         1.06328938652135   -0.45003116237880   -0.17920416759310
N         0.01296981980924   -1.04357790686239    0.40573879863114
H        -0.00513363798915    1.44123551071297    0.24097481458224
5
 energy: -9.492609730086 gnorm: 0.001014511108 xtb: 6.2.2 (9d81278992624c895f80dd42a50cac0aa55982e2)
C        -1.06338816398028   -0.46204857247898   -0.14560512173537
C        -0.00845435486099    0.51490944163013   -0.32902568945827
C         1.06387569117512   -0.44879963265438   -0.17952998631692
N         0.01299382051095   -1.03870657551651    0.40913698572231
H        -0.00502799284481    1.43464633901974    0.24502381178826
5
 energy: -9.492611045966 gnorm: 0.000216227417 xtb: 6.2.2 (9d81278992624c895f80dd42a50cac0aa55982e2)
C        -1.06364600441539   -0.46145782772665   -0.14605682753490
C        -0.00845538191729    0.51385465193952   -0.32950223483300
C         1.06411152788874   -0.44820572573909   -0.17998951520730
N         0.01299507732865   -1.03691877762784    0.40991255287633
H        -0.00500621888470    1.43272867915406    0.24563602469886
