5
 energy: -10.832750408322 gnorm: 0.272698882323 xtb: 6.2.2 (9d81278992624c895f80dd42a50cac0aa55982e2)
C        -1.01737800000000   -1.12579600000000   -0.34626300000000
N        -0.58401400000000   -0.01005600000000    0.48234300000000
C         0.86818300000000   -0.07233100000000    0.68272800000000
C        -0.93673200000000    1.22681500000000   -0.19956800000000
C         1.66994100000000   -0.01863100000000   -0.61924000000000
5
 energy: -10.916841304377 gnorm: 0.160148099423 xtb: 6.2.2 (9d81278992624c895f80dd42a50cac0aa55982e2)
C        -1.01315772986872   -1.02899786761494   -0.32038904679440
N        -0.54880708867946   -0.01006110376916    0.46306559190051
C         0.85852021298638   -0.06515944150848    0.57302710130754
C        -0.93923439328069    1.12749396092246   -0.18592307036947
C         1.64267899884249   -0.02327454802989   -0.52978057604420
5
 energy: -10.960295228336 gnorm: 0.250651681726 xtb: 6.2.2 (9d81278992624c895f80dd42a50cac0aa55982e2)
C        -1.07073030751729   -0.85354245899469   -0.30971123720952
N        -0.47478198930239   -0.01380358639044    0.48238118367274
C         0.88765450803831   -0.05695359016945    0.42541148146461
C        -1.00868629793156    0.95640906747609   -0.19685380573390
C         1.66654408671293   -0.03210843192152   -0.40122762219394
5
 energy: -11.019238190212 gnorm: 0.099753264846 xtb: 6.2.2 (9d81278992624c895f80dd42a50cac0aa55982e2)
C        -1.21055747301485   -0.73745731341078   -0.28943970644596
N        -0.43187393137642   -0.01547490379436    0.48559215290879
C         0.90943197429096   -0.05352388406439    0.35843759053702
C        -1.15619116959178    0.84851620351082   -0.19054832890691
C         1.88919059969209   -0.04205910224129   -0.36404170809293
5
 energy: -11.043112603755 gnorm: 0.122998920548 xtb: 6.2.2 (9d81278992624c895f80dd42a50cac0aa55982e2)
C        -1.40341474205750   -0.57869372759474   -0.28928270974607
N        -0.28257607276951   -0.01744839299990    0.43516027579245
C         1.01617428014259   -0.05691450058573    0.35413943601174
C        -1.35942761048162    0.70448787156399   -0.20927160027358
C         2.02924414516604   -0.05143025038362   -0.29074540178454
5
 energy: -11.041834168674 gnorm: 0.162941550175 xtb: 6.2.2 (9d81278992624c895f80dd42a50cac0aa55982e2)
C        -1.42373827408480   -0.69578307017730   -0.24657676249029
N        -0.28599736848294   -0.01106763120444    0.33471089823353
C         1.00655216446840   -0.05582012352271    0.34187473994134
C        -1.37189840928420    0.81648499304764   -0.15228124464108
C         2.07508188738353   -0.05381316814320   -0.27772763104350
5
 energy: -11.051433551003 gnorm: 0.100819582090 xtb: 6.2.2 (9d81278992624c895f80dd42a50cac0aa55982e2)
C        -1.37546829296122   -0.67848737327935   -0.22585728808380
N        -0.35377569857998   -0.00961853669681    0.34873504773552
C         0.96672615353682   -0.05125907502622    0.29062340196984
C        -1.32501150994399    0.79350097049671   -0.13407279822574
C         2.08752934794837   -0.05413498549433   -0.27942836339582
5
 energy: -11.058189610477 gnorm: 0.024531259909 xtb: 6.2.2 (9d81278992624c895f80dd42a50cac0aa55982e2)
C        -1.39374336661522   -0.64655517746960   -0.22446129877078
N        -0.31712614804502   -0.00830575326890    0.30752953048365
C         0.99593612191668   -0.05465058562075    0.32901778570392
C        -1.34543398924047    0.76296553245083   -0.13656741097828
C         2.06036738198402   -0.05345301609158   -0.27551860643852
5
 energy: -11.061405321633 gnorm: 0.032081904693 xtb: 6.2.2 (9d81278992624c895f80dd42a50cac0aa55982e2)
C        -1.45515399646874   -0.63578962805066   -0.18367649001140
N        -0.29185350549481   -0.00434790192865    0.23016457313292
C         1.00899373061999   -0.05197732745436    0.27920673536686
C        -1.40763325937534    0.75144280690397   -0.09715386406768
C         2.14564703071890   -0.05932694947030   -0.22854095442071
5
 energy: -11.063261664543 gnorm: 0.037637038081 xtb: 6.2.2 (9d81278992624c895f80dd42a50cac0aa55982e2)
C        -1.48034228757771   -0.62708529554894   -0.14562155528557
N        -0.27862385410725   -0.00099255617986    0.16945850182959
C         0.99489293546505   -0.04804737161364    0.22857630943054
C        -1.43406725547825    0.73995646912701   -0.05997581756693
C         2.19814046169816   -0.06383024578457   -0.19243743840764
5
 energy: -11.064461832436 gnorm: 0.025349558064 xtb: 6.2.2 (9d81278992624c895f80dd42a50cac0aa55982e2)
C        -1.45465622251705   -0.64446763184202   -0.12777285313651
N        -0.28880917527883    0.00179666044539    0.13438715745328
C         0.97737790794102   -0.04531170356474    0.21760927821052
C        -1.41105565632297    0.75421125303545   -0.03801988607691
C         2.17714314617782   -0.06622757807410   -0.18620369645039
5
 energy: -11.065890340935 gnorm: 0.046929356160 xtb: 6.2.2 (9d81278992624c895f80dd42a50cac0aa55982e2)
C        -1.44096780847951   -0.63788429768206   -0.13004258948122
N        -0.29043948654145    0.00516131104951    0.11585238218542
C         0.97906898121706   -0.01899788498794    0.19126924555013
C        -1.44562846998312    0.75879414140901   -0.00757448443469
C         2.19796678378702   -0.10707226978852   -0.16950455381966
5
 energy: -11.054607785588 gnorm: 0.154391528150 xtb: 6.2.2 (9d81278992624c895f80dd42a50cac0aa55982e2)
C        -1.32360140171937   -0.61074256588714   -0.19465271088931
N        -0.29181376130351    0.01437831984884    0.10287821414473
C         0.98401473083958    0.08914605038262    0.19221113277469
C        -1.55106119603060    0.78991182892786    0.07275762301392
C         2.18246162821390   -0.28269263327218   -0.17319425904402
5
 energy: -11.067173603889 gnorm: 0.017873555212 xtb: 6.2.2 (9d81278992624c895f80dd42a50cac0aa55982e2)
C        -1.40715530921932   -0.62213790677770   -0.16685658518539
N        -0.27957898296059    0.00298597714878    0.11728677602824
C         0.99527919840150    0.02970703363823    0.20759048396577
C        -1.48276159452782    0.76186266904379    0.01386931589937
C         2.17421668830623   -0.17241677305310   -0.17188999070800
5
 energy: -11.067943041704 gnorm: 0.036445614233 xtb: 6.2.2 (9d81278992624c895f80dd42a50cac0aa55982e2)
C        -1.42933130015468   -0.63764998400564   -0.13404575570918
N        -0.28943498429522    0.00102540582792    0.08940337900745
C         0.98406116964578    0.01991605242196    0.16382230590254
C        -1.46524628062567    0.76457500977036    0.02688660277244
C         2.19995139542978   -0.14786548401460   -0.14606653197325
5
 energy: -11.068626439059 gnorm: 0.026818684025 xtb: 6.2.2 (9d81278992624c895f80dd42a50cac0aa55982e2)
C        -1.43292009738725   -0.64100712693222   -0.12470363781347
N        -0.29595650697099   -0.00454639770813    0.08092838714394
C         0.98505790602447    0.02151457107949    0.14624657570681
C        -1.45413204328317    0.76556959442321    0.03083419657765
C         2.19795074161694   -0.14152964086235   -0.13330552161494
5
 energy: -11.069892068200 gnorm: 0.010743397503 xtb: 6.2.2 (9d81278992624c895f80dd42a50cac0aa55982e2)
C        -1.45614365794045   -0.65829121820908   -0.10026292710893
N        -0.30493543439438   -0.02792695595217    0.03558734481781
C         0.99042454725715    0.05540669417534    0.08501477710774
C        -1.42777259687152    0.77086251556648    0.06297891980823
C         2.19842714194919   -0.14005003558056   -0.08331811462486
5
 energy: -11.070130634251 gnorm: 0.009829386890 xtb: 6.2.2 (9d81278992624c895f80dd42a50cac0aa55982e2)
C        -1.45586690662821   -0.66079834374718   -0.08734492427684
N        -0.30543980037279   -0.02600646443591    0.02109577851953
C         0.98766039766683    0.05188701058980    0.05942968824948
C        -1.42773339525116    0.77291269795650    0.07161983114309
C         2.20137970458533   -0.13799390036322   -0.06480037363527
5
 energy: -11.070370542879 gnorm: 0.007466995774 xtb: 6.2.2 (9d81278992624c895f80dd42a50cac0aa55982e2)
C        -1.45077712126511   -0.65839461271744   -0.07738802472333
N        -0.30430838953427   -0.02057198039129    0.00996148060124
C         0.98610104436738    0.05016068314418    0.02577271677015
C        -1.43334467132208    0.77107347865937    0.08200585712929
C         2.20232913775407   -0.14226656869482   -0.04035202977735
5
 energy: -11.070429286724 gnorm: 0.006878262354 xtb: 6.2.2 (9d81278992624c895f80dd42a50cac0aa55982e2)
C        -1.45315711149394   -0.65755780478483   -0.07108941349711
N        -0.30300839539855   -0.01742822085653   -0.00057291818590
C         0.98650118685978    0.05338232423373    0.00293719729988
C        -1.43741775576212    0.76744067398783    0.09180081857675
C         2.20708207579483   -0.14583597258021   -0.02307568419363
5
 energy: -11.070462102782 gnorm: 0.006533272344 xtb: 6.2.2 (9d81278992624c895f80dd42a50cac0aa55982e2)
C        -1.44843838174044   -0.65493358969973   -0.07557469489770
N        -0.29948212621364   -0.01239847135286    0.00043281094737
C         0.98835379863522    0.05525018747280    0.00222084068521
C        -1.44373410988770    0.76486030871235    0.09388279479983
C         2.20330081920655   -0.15277743513256   -0.02096175153471
5
 energy: -11.070494355855 gnorm: 0.003957089304 xtb: 6.2.2 (9d81278992624c895f80dd42a50cac0aa55982e2)
C        -1.44718905954317   -0.65663484751751   -0.07660001951210
N        -0.30033338580130   -0.00910605670277    0.00082533651914
C         0.98852871948603    0.05662201014292    0.01434787547022
C        -1.44528112096757    0.76443139039648    0.09067146256120
C         2.20427484682600   -0.15531149631912   -0.02924465503845
5
 energy: -11.070540278134 gnorm: 0.006446107605 xtb: 6.2.2 (9d81278992624c895f80dd42a50cac0aa55982e2)
C        -1.44379286063047   -0.66060684528075   -0.07525985769781
N        -0.30161379100288   -0.00158945118779   -0.00122097821297
C         0.98885657681596    0.06334343295955    0.00360433154575
C        -1.44823240359351    0.76225188407398    0.09446210492938
C         2.20478247841089   -0.16339802056499   -0.02158560056435
5
 energy: -11.070580040735 gnorm: 0.005814785631 xtb: 6.2.2 (9d81278992624c895f80dd42a50cac0aa55982e2)
C        -1.43888986974911   -0.66381644334946   -0.07574757858633
N        -0.30154548955080    0.00496415387661   -0.00027853385313
C         0.98945814744426    0.06846119457862    0.00494710048042
C        -1.45073690359291    0.76053161380748    0.09400444284258
C         2.20171411544855   -0.17013951891325   -0.02292543088354
5
 energy: -11.070619847859 gnorm: 0.001896558959 xtb: 6.2.2 (9d81278992624c895f80dd42a50cac0aa55982e2)
C        -1.42889801604722   -0.66964927610347   -0.07693901415782
N        -0.30132408974494    0.01700626778717    0.00236096402694
C         0.99135927434398    0.07802589828203    0.00728318452862
C        -1.45580167540891    0.75745489752773    0.09290355936628
C         2.19466450685708   -0.18283678749346   -0.02560869376403
5
 energy: -11.070621286934 gnorm: 0.000570268021 xtb: 6.2.2 (9d81278992624c895f80dd42a50cac0aa55982e2)
C        -1.42818612828698   -0.66975811768788   -0.07708822698769
N        -0.30164787903751    0.01721348146314    0.00272087881357
C         0.99179857041672    0.07832012274049    0.00762033704882
C        -1.45628489397632    0.75753067113733    0.09271863980805
C         2.19432033088409   -0.18330515765308   -0.02597162868276
