4
 energy: -8.852169877091 gnorm: 0.392763805346 xtb: 6.2.2 (9d81278992624c895f80dd42a50cac0aa55982e2)
C         1.54168600000000   -0.53872900000000    0.06460500000000
C         0.63291100000000    0.61042600000000   -0.32793100000000
C        -0.69234400000000    0.50909700000000    0.40498900000000
N        -1.48225400000000   -0.58079400000000   -0.14166200000000
4
 energy: -8.997628498271 gnorm: 0.271270565088 xtb: 6.2.2 (9d81278992624c895f80dd42a50cac0aa55982e2)
C         1.50969676126623   -0.46340049632678    0.02957815201043
C         0.63651422578508    0.54416291346138   -0.23219008743055
C        -0.67978967400549    0.41921073478713    0.28219602442579
N        -1.46642231304582   -0.49997315192173   -0.07958308900567
4
 energy: -8.987073424261 gnorm: 0.739097023837 xtb: 6.2.2 (9d81278992624c895f80dd42a50cac0aa55982e2)
C         1.44545716330636   -0.33345904784945   -0.00694704465667
C         0.69416064406515    0.45148393065836   -0.13706095369070
C        -0.67214866294338    0.26399228437498    0.14221160283571
N        -1.46747014442814   -0.38201716718389    0.00179739551166
4
 energy: -9.064076253478 gnorm: 0.169111592382 xtb: 6.2.2 (9d81278992624c895f80dd42a50cac0aa55982e2)
C         1.55962393585260   -0.35388777491787    0.00281751200568
C         0.69877184036343    0.50440905847569   -0.11816133427365
C        -0.63232139855337    0.26846446285913    0.11050961359361
N        -1.62607537766266   -0.41898574641694    0.00483520867436
4
 energy: -9.069963071434 gnorm: 0.168585125207 xtb: 6.2.2 (9d81278992624c895f80dd42a50cac0aa55982e2)
C         1.73519652254221   -0.32705481455296   -0.01672133970482
C         0.66382367659447    0.41466572189765   -0.08001484233868
C        -0.71205009591306    0.25269003522485    0.08207473967536
N        -1.68697110322363   -0.34030094256954    0.01466244236814
4
 energy: -9.077737402198 gnorm: 0.191521317046 xtb: 6.2.2 (9d81278992624c895f80dd42a50cac0aa55982e2)
C         1.79112237748982   -0.23065691482157    0.00537431661600
C         0.69767981981453    0.36726237135197   -0.08577805121197
C        -0.66592498697069    0.12826879757560    0.05146092801474
N        -1.82287821033367   -0.26487425410601    0.02894380658123
4
 energy: -9.070729001812 gnorm: 0.245214850137 xtb: 6.2.2 (9d81278992624c895f80dd42a50cac0aa55982e2)
C         1.62311033650556   -0.28739301210783   -0.03075202432944
C         0.74025393916624    0.44512201188404   -0.03848154223010
C        -0.66856154424948    0.18859810517118    0.00737630071504
N        -1.69480373142233   -0.34632710494739    0.06185826584450
4
 energy: -9.081856577019 gnorm: 0.137762328738 xtb: 6.2.2 (9d81278992624c895f80dd42a50cac0aa55982e2)
C         1.69621720327668   -0.27538362693932   -0.00799465699911
C         0.65507388706965    0.37625519034881   -0.08143094902598
C        -0.67579017362759    0.19249433509204    0.06943725499414
N        -1.67550191671874   -0.29336589850153    0.01998935103095
4
 energy: -9.087431473375 gnorm: 0.095442155923 xtb: 6.2.2 (9d81278992624c895f80dd42a50cac0aa55982e2)
C         1.78970497680385   -0.24018963775558   -0.02218134709139
C         0.68733708317739    0.35042312070421   -0.04011716107765
C        -0.69468971608907    0.15449160612990    0.01684465187753
N        -1.78235334389218   -0.26472508907853    0.04545485629152
4
 energy: -9.090549588603 gnorm: 0.082553556882 xtb: 6.2.2 (9d81278992624c895f80dd42a50cac0aa55982e2)
C         1.76571119037243   -0.21104848504816    0.00086470670812
C         0.67041447931563    0.32797675382919   -0.07779733906200
C        -0.66184332667450    0.12156103641956    0.04997304816639
N        -1.77428334301356   -0.23848930520059    0.02696058418750
4
 energy: -9.093389644163 gnorm: 0.024693621621 xtb: 6.2.2 (9d81278992624c895f80dd42a50cac0aa55982e2)
C         1.77811785590876   -0.19267654843736   -0.01218383419934
C         0.67698838072522    0.29855751537261   -0.05691465825354
C        -0.68141273030558    0.11357942059649    0.03215409007452
N        -1.77369450632841   -0.21946038753175    0.03694540237837
4
 energy: -9.095519478685 gnorm: 0.075070612903 xtb: 6.2.2 (9d81278992624c895f80dd42a50cac0aa55982e2)
C         1.86332589061452   -0.11934359011869   -0.01601227738578
C         0.66587744482681    0.19941495428822   -0.04282012538294
C        -0.70006310867714    0.06037112676954    0.02103219073951
N        -1.82914122676420   -0.14044249093907    0.03780121202922
4
 energy: -9.097139716122 gnorm: 0.028503137068 xtb: 6.2.2 (9d81278992624c895f80dd42a50cac0aa55982e2)
C         1.84770211132038   -0.11055975319798   -0.01559899290213
C         0.67498742704074    0.20305934296532   -0.03874799181851
C        -0.69140932943742    0.04183252826088    0.00830673827301
N        -1.83128120892372   -0.13433211802822    0.04604124644763
4
 energy: -9.098097460057 gnorm: 0.014416516929 xtb: 6.2.2 (9d81278992624c895f80dd42a50cac0aa55982e2)
C         1.85354558665233   -0.08289470991877   -0.01744259663918
C         0.66998413451024    0.16716772276601   -0.03441556705758
C        -0.69134619450295    0.02488611882643    0.00651278840896
N        -1.83218452665963   -0.10915913167367    0.04534637528780
4
 energy: -9.098545187056 gnorm: 0.044255636292 xtb: 6.2.2 (9d81278992624c895f80dd42a50cac0aa55982e2)
C         1.87953730423959   -0.02252602179892   -0.02251689630340
C         0.66470242821824    0.09035348389395   -0.02257918098359
C        -0.69632089004055   -0.01397490287520   -0.00116644384915
N        -1.84791984241729   -0.05385255921984    0.04626352113615
4
 energy: -9.098928485263 gnorm: 0.032727851643 xtb: 6.2.2 (9d81278992624c895f80dd42a50cac0aa55982e2)
C         1.86679971418339   -0.01939623298950   -0.02691795766544
C         0.66360569609894    0.08071679795126   -0.01904035997493
C        -0.69800137383409   -0.00480286159640    0.00197525548002
N        -1.83240503644825   -0.05651770336536    0.04398406216035
4
 energy: -9.099163587090 gnorm: 0.005828363559 xtb: 6.2.2 (9d81278992624c895f80dd42a50cac0aa55982e2)
C         1.86899471642310   -0.00909721881523   -0.02559434482135
C         0.66601450909767    0.07273018905232   -0.01977038225934
C        -0.69589784479511   -0.01619179065545    0.00032387412351
N        -1.83911238072567   -0.04744117958164    0.04504185295719
4
 energy: -9.099233804285 gnorm: 0.011121490870 xtb: 6.2.2 (9d81278992624c895f80dd42a50cac0aa55982e2)
C         1.87366172867322    0.00900708958484   -0.02706495173788
C         0.66587971050860    0.04942961552515   -0.01796549393216
C        -0.69726359017172   -0.02494538946791    0.00142597917208
N        -1.84227884901011   -0.03349131564208    0.04360546649796
4
 energy: -9.099297588668 gnorm: 0.006345818766 xtb: 6.2.2 (9d81278992624c895f80dd42a50cac0aa55982e2)
C         1.87318619803998    0.01846285231061   -0.02781265785610
C         0.66679460718592    0.03709958795042   -0.01827246651649
C        -0.69754526567335   -0.02716180897413    0.00457549588225
N        -1.84243653955256   -0.02840063128691    0.04151062849036
4
 energy: -9.099356305910 gnorm: 0.005149615853 xtb: 6.2.2 (9d81278992624c895f80dd42a50cac0aa55982e2)
C         1.87236473107725    0.02967210781454   -0.02913417929784
C         0.66786253547372    0.02089779514776   -0.01913793349918
C        -0.69816541091033   -0.02597807816982    0.01105653871594
N        -1.84206285564065   -0.02459182479248    0.03721657408108
4
 energy: -9.099374116982 gnorm: 0.004586453295 xtb: 6.2.2 (9d81278992624c895f80dd42a50cac0aa55982e2)
C         1.87238670371247    0.03507551760679   -0.03010632403692
C         0.66834381108165    0.01271494627682   -0.01902712200266
C        -0.69828002883437   -0.02418319408219    0.01429431550546
N        -1.84245148595976   -0.02360726980142    0.03484013053412
4
 energy: -9.099382882701 gnorm: 0.001866313624 xtb: 6.2.2 (9d81278992624c895f80dd42a50cac0aa55982e2)
C         1.87274681770577    0.03130036677022   -0.03256874651349
C         0.66836731470979    0.01710032507531   -0.01627226902557
C        -0.69780024136111   -0.02153062318201    0.01621371081531
N        -1.84331489105445   -0.02687006866352    0.03262830472375
4
 energy: -9.099391840147 gnorm: 0.003000759888 xtb: 6.2.2 (9d81278992624c895f80dd42a50cac0aa55982e2)
C         1.87261548556949    0.03224697650220   -0.03141894769787
C         0.66810153380649    0.01447265664766   -0.01745780959633
C        -0.69734904861384   -0.01885321413804    0.01509404423714
N        -1.84336897076215   -0.02786641901182    0.03378371305706
4
 energy: -9.099400291953 gnorm: 0.001864804221 xtb: 6.2.2 (9d81278992624c895f80dd42a50cac0aa55982e2)
C         1.87241741138219    0.03105464416534   -0.03178892263999
C         0.66784759960765    0.01419045784758   -0.01684137350945
C        -0.69737624941773   -0.01438095278657    0.01496622601004
N        -1.84288976157212   -0.03086414922635    0.03366507013940
4
 energy: -9.099402677656 gnorm: 0.000477958158 xtb: 6.2.2 (9d81278992624c895f80dd42a50cac0aa55982e2)
C         1.87246234524707    0.03265037910645   -0.03052246533999
C         0.66820551628454    0.01009166141990   -0.01785712350097
C        -0.69785282283608   -0.01055350777509    0.01307249730147
N        -1.84281603869554   -0.03218853275126    0.03530809153949
