5
 energy: -8.649680583246 gnorm: 0.164617473213 xtb: 6.2.2 (9d81278992624c895f80dd42a50cac0aa55982e2)
C        -0.71424500000000    0.00173400000000    0.54976000000000
C         0.35587100000000   -0.75294900000000   -0.21497100000000
C         1.66338100000000    0.00246500000000   -0.07870400000000
C         0.35325200000000    0.75179900000000   -0.22313400000000
H        -1.65825900000000   -0.00304900000000   -0.03295100000000
5
 energy: -8.687117218854 gnorm: 0.105143744004 xtb: 6.2.2 (9d81278992624c895f80dd42a50cac0aa55982e2)
C        -0.73686312444012    0.00115450392140    0.44970932048349
C         0.39415108111929   -0.76504216626341   -0.10402553185979
C         1.65502572284981    0.00182993560624   -0.19278617662709
C         0.39149164156268    0.76523086654494   -0.11232538569580
H        -1.70380532109166   -0.00317313980918   -0.04057222630080
5
 energy: -8.705933872092 gnorm: 0.050905923126 xtb: 6.2.2 (9d81278992624c895f80dd42a50cac0aa55982e2)
C        -0.69788730214612    0.00043777708227    0.30471353107453
C         0.42828274992311   -0.77680440281592   -0.05337987462133
C         1.59059247389245    0.00162779719541   -0.20897518182751
C         0.42558570282112    0.77766447324603   -0.06181208381496
H        -1.74657362449055   -0.00292564470779    0.01945360918926
5
 energy: -8.709017391813 gnorm: 0.034754600234 xtb: 6.2.2 (9d81278992624c895f80dd42a50cac0aa55982e2)
C        -0.72778844597334    0.00012756742251    0.25694722823717
C         0.44025464348521   -0.78602389585579    0.02762904025165
C         1.60768082782446    0.00116216124676   -0.30033600008458
C         0.43752422163329    0.78780313361098    0.01909332758048
H        -1.75767124696962   -0.00306896642446   -0.00333359598471
5
 energy: -8.710027219684 gnorm: 0.010053459994 xtb: 6.2.2 (9d81278992624c895f80dd42a50cac0aa55982e2)
C        -0.71399385853647    0.00008813485224    0.24518167980786
C         0.43896127863435   -0.78354175871099    0.00753686418070
C         1.59779295855438    0.00131030495915   -0.26995805480777
C         0.43624028933252    0.78509769292632   -0.00097081486517
H        -1.75900066798478   -0.00295437402672    0.01821032568438
5
 energy: -8.710209475414 gnorm: 0.009780371011 xtb: 6.2.2 (9d81278992624c895f80dd42a50cac0aa55982e2)
C        -0.71338518039732    0.00000532023462    0.22998220266229
C         0.43980990743547   -0.78314084169449    0.00902113779090
C         1.59787000028483    0.00132240494619   -0.26742790813948
C         0.43710036739712    0.78472318090606    0.00051457683700
H        -1.76139509472011   -0.00291006439239    0.02790999084929
5
 energy: -8.710582178555 gnorm: 0.011096182766 xtb: 6.2.2 (9d81278992624c895f80dd42a50cac0aa55982e2)
C        -0.71454066386238   -0.00023576265893    0.18890187458195
C         0.44172613372781   -0.78135197486449    0.00607481242071
C         1.60641714338968    0.00142065691101   -0.25272085457096
C         0.43905971852935    0.78292446048070   -0.00242980050672
H        -1.77266233178447   -0.00275737986829    0.06017396807502
5
 energy: -8.710932413688 gnorm: 0.010794047223 xtb: 6.2.2 (9d81278992624c895f80dd42a50cac0aa55982e2)
C        -0.71724745218129   -0.00052455225368    0.14280545313697
C         0.44015912256968   -0.77935098868644   -0.00555162402397
C         1.62019745515349    0.00161476889883   -0.22601900133471
C         0.43757458443318    0.78079406905967   -0.01406344976679
H        -1.78068370997506   -0.00253329701837    0.10282862198851
5
 energy: -8.711148159007 gnorm: 0.009732526415 xtb: 6.2.2 (9d81278992624c895f80dd42a50cac0aa55982e2)
C        -0.72161017095877   -0.00082677379241    0.09972627284451
C         0.43814127503242   -0.77924305344843   -0.02298671889387
C         1.63372173031973    0.00187843661589   -0.19335226502320
C         0.43574265650224    0.78048393365884   -0.03154708833087
H        -1.78599549089562   -0.00229254303389    0.14815979940343
5
 energy: -8.711216648938 gnorm: 0.006645343461 xtb: 6.2.2 (9d81278992624c895f80dd42a50cac0aa55982e2)
C        -0.72443293099254   -0.00096026374861    0.09089694038319
C         0.43445920829007   -0.78078197779573   -0.03239064571259
C         1.63451401765630    0.00205375270798   -0.17950686985024
C         0.43233069464471    0.78188577029607   -0.04103034234187
H        -1.77687098959854   -0.00219728145972    0.16203091752151
5
 energy: -8.711259814154 gnorm: 0.003163062004 xtb: 6.2.2 (9d81278992624c895f80dd42a50cac0aa55982e2)
C        -0.72522186867740   -0.00117714715088    0.07618491751224
C         0.43593830063832   -0.78265585199805   -0.03974344492346
C         1.63608076345250    0.00228789661169   -0.16668908762038
C         0.43423980978619    0.78364465274844   -0.04850826354379
H        -1.78103700519961   -0.00209955021120    0.17875587857539
5
 energy: -8.711269232788 gnorm: 0.001510183247 xtb: 6.2.2 (9d81278992624c895f80dd42a50cac0aa55982e2)
C        -0.72414700776185   -0.00132113417820    0.08029981125191
C         0.43587356448146   -0.78314669815173   -0.03823007066182
C         1.63303086520419    0.00246924505313   -0.16940406836647
C         0.43478341813968    0.78412657441795   -0.04713625398163
H        -1.77954084006347   -0.00212798714115    0.17447058175801
5
 energy: -8.711276940581 gnorm: 0.003092861270 xtb: 6.2.2 (9d81278992624c895f80dd42a50cac0aa55982e2)
C        -0.72375861701983   -0.00192181976409    0.07618117422960
C         0.43433727939842   -0.78354468610260   -0.03951029342834
C         1.63235187688884    0.00314293244670   -0.16625854635061
C         0.43519910474594    0.78442230344885   -0.04888804269321
H        -1.77812964401336   -0.00209873002886    0.17847570824256
5
 energy: -8.711292292179 gnorm: 0.005013874310 xtb: 6.2.2 (9d81278992624c895f80dd42a50cac0aa55982e2)
C        -0.72400595602092   -0.00264778216953    0.07543260399060
C         0.43333169061379   -0.78367833314439   -0.03908997659505
C         1.63214509461092    0.00395653707192   -0.16626772820345
C         0.43658598200921    0.78444748295881   -0.04904951464302
H        -1.77805681121299   -0.00207790471681    0.17897461545092
5
 energy: -8.711333885390 gnorm: 0.008305078999 xtb: 6.2.2 (9d81278992624c895f80dd42a50cac0aa55982e2)
C        -0.72381784270683   -0.00387580259860    0.07446399868591
C         0.43125703191431   -0.78399244422525   -0.03885209989513
C         1.63149124190622    0.00533518953185   -0.16563986022619
C         0.43857156760216    0.78457894539983   -0.04980056837610
H        -1.77750199871586   -0.00204588810783    0.17982852981152
5
 energy: -8.711445174265 gnorm: 0.013257549262 xtb: 6.2.2 (9d81278992624c895f80dd42a50cac0aa55982e2)
C        -0.72342671042489   -0.00591893397612    0.07330637630259
C         0.42783645851177   -0.78466981700891   -0.03844324499167
C         1.63033725191934    0.00762712499965   -0.16472630653464
C         0.44184831149591    0.78493396021004   -0.05103597017123
H        -1.77659531150214   -0.00197233422466    0.18089914539496
5
 energy: -8.711713368069 gnorm: 0.019301667417 xtb: 6.2.2 (9d81278992624c895f80dd42a50cac0aa55982e2)
C        -0.72260377570779   -0.00922952057083    0.07148249653617
C         0.42233541485049   -0.78605451037091   -0.03784271480884
C         1.62837778069926    0.01132780319179   -0.16315074342138
C         0.44691286004987    0.78571108764588   -0.05308116781350
H        -1.77502227989183   -0.00175485989593    0.18259212950756
5
 energy: -8.712220644071 gnorm: 0.023684756314 xtb: 6.2.2 (9d81278992624c895f80dd42a50cac0aa55982e2)
C        -0.72113639893501   -0.01419967079062    0.06830440852653
C         0.41437378470193   -0.78874586041745   -0.03711065302344
C         1.62549480676597    0.01685391341839   -0.16043840058539
C         0.45378224512845    0.78715465979974   -0.05624000588946
H        -1.77251443766134   -0.00106304201005    0.18548465097175
5
 energy: -8.712862692806 gnorm: 0.023564361458 xtb: 6.2.2 (9d81278992624c895f80dd42a50cac0aa55982e2)
C        -0.71916731181657   -0.02054473896437    0.06346789598600
C         0.40506573707005   -0.79321190213308   -0.03643093010117
C         1.62252012109820    0.02388972720048   -0.15652455057067
C         0.46095764465647    0.78914522208128   -0.06031186739265
H        -1.76937619100815    0.00072169181569    0.18979945207848
5
 energy: -8.692810086554 gnorm: 0.144921076271 xtb: 6.2.2 (9d81278992624c895f80dd42a50cac0aa55982e2)
C        -0.69039831075653   -0.11320762102275    0.01440486592398
C         0.27676672516355   -0.87171047065023   -0.01613510710514
C         1.59287182690330    0.12973059062008   -0.11963985568777
C         0.55072223129909    0.81795953298806   -0.10638574771152
H        -1.72996247260942    0.03722796806484    0.22775584458045
5
 energy: -8.712366334958 gnorm: 0.048370723819 xtb: 6.2.2 (9d81278992624c895f80dd42a50cac0aa55982e2)
C        -0.71989217290184   -0.06427774925500    0.03092585764405
C         0.36422647885731   -0.83900475750990   -0.03508220299073
C         1.61907441627981    0.07431165712874   -0.13140778864381
C         0.49544798744039    0.80041620087596   -0.08756295441898
H        -1.75885670967567    0.02855464876021    0.22312708840948
5
 energy: -8.713795176691 gnorm: 0.022346130164 xtb: 6.2.2 (9d81278992624c895f80dd42a50cac0aa55982e2)
C        -0.71161835333474   -0.05574818016009    0.05558060064515
C         0.36897070167605   -0.84025650192210   -0.04421309003240
C         1.62251680077943    0.06906271956464   -0.12914786570476
C         0.47962730206250    0.79801561504805   -0.09332259799576
H        -1.75949645118324    0.02892634746949    0.21110295308777
5
 energy: -8.714252543702 gnorm: 0.006465133137 xtb: 6.2.2 (9d81278992624c895f80dd42a50cac0aa55982e2)
C        -0.70526316994343   -0.04674576945570    0.06328693653355
C         0.37376293391422   -0.84101534249142   -0.03895415594947
C         1.62308385157988    0.06540178936721   -0.14042763496087
C         0.46541253875614    0.79310539614471   -0.08414593584031
H        -1.75699615430681    0.02925392643520    0.20024079021710
5
 energy: -8.714310715777 gnorm: 0.005486082001 xtb: 6.2.2 (9d81278992624c895f80dd42a50cac0aa55982e2)
C        -0.70556873789471   -0.04297608314527    0.06586552743424
C         0.37429926679696   -0.84028394138262   -0.03336680233081
C         1.62427261445176    0.06508954734420   -0.14951611268949
C         0.46582982084996    0.79112025210399   -0.07725782000460
H        -1.75883296420397    0.02705022507970    0.19427520759067
5
 energy: -8.714371523276 gnorm: 0.002934136409 xtb: 6.2.2 (9d81278992624c895f80dd42a50cac0aa55982e2)
C        -0.70721910406745   -0.03550835647145    0.07179540087721
C         0.37406528449970   -0.83859468866451   -0.02193773505597
C         1.62656560179744    0.06560227399453   -0.16816709123575
C         0.46959127836727    0.78681176759251   -0.06351879012862
H        -1.76300306059696    0.02168900354892    0.18182821554313
5
 energy: -8.714378314291 gnorm: 0.001455053409 xtb: 6.2.2 (9d81278992624c895f80dd42a50cac0aa55982e2)
C        -0.70721977774722   -0.03510971603387    0.07274191872791
C         0.37343667849841   -0.83899014703329   -0.02185104568189
C         1.62608086676001    0.06653793499920   -0.16856945882624
C         0.47034504765137    0.78608864458116   -0.06338933512047
H        -1.76264281516256    0.02147328348681    0.18106792090069
5
 energy: -8.714383399496 gnorm: 0.001823273525 xtb: 6.2.2 (9d81278992624c895f80dd42a50cac0aa55982e2)
C        -0.70663872685104   -0.03465730296516    0.07476480263767
C         0.37235241926578   -0.84078121585113   -0.02154056464371
C         1.62542691791994    0.06894026854261   -0.16976702276767
C         0.47075946532089    0.78448917090644   -0.06269919499115
H        -1.76190007565556    0.02200907936724    0.17924197976486
5
 energy: -8.714386656809 gnorm: 0.001175115760 xtb: 6.2.2 (9d81278992624c895f80dd42a50cac0aa55982e2)
C        -0.70633887684472   -0.03502681072724    0.07471169281568
C         0.37209209186446   -0.84217205854840   -0.02134488884707
C         1.62571802245694    0.07020456354786   -0.17012867549013
C         0.47023068644780    0.78398758318358   -0.06228574234228
H        -1.76170192392449    0.02300672254420    0.17904761386379
5
 energy: -8.714389178241 gnorm: 0.000186328530 xtb: 6.2.2 (9d81278992624c895f80dd42a50cac0aa55982e2)
C        -0.70599555440298   -0.03580376607536    0.07397550369468
C         0.37154073042288   -0.84472858547771   -0.02147647017808
C         1.62649728586359    0.07260652004980   -0.16983948319980
C         0.46940385791670    0.78308496861355   -0.06223058038963
H        -1.76144631980019    0.02484086288972    0.17957103007283
