5
 energy: -10.074626982338 gnorm: 0.203984509332 xtb: 6.2.2 (9d81278992624c895f80dd42a50cac0aa55982e2)
C         1.65618900000000   -0.15111500000000    0.46556000000000
C         0.47149600000000    0.14577700000000   -0.42910000000000
C        -0.47082800000000   -0.25095300000000    0.74324400000000
C        -0.82588400000000   -0.60857200000000   -0.63722700000000
C        -0.83097300000000    0.86486400000000   -0.14247800000000
5
 energy: -10.114822511337 gnorm: 0.114387645686 xtb: 6.2.2 (9d81278992624c895f80dd42a50cac0aa55982e2)
C         1.55196257346805   -0.13040790004652    0.40297246566261
C         0.51514138373381    0.13855705811693   -0.40738457461668
C        -0.49643016337950   -0.25791311745916    0.76392751442043
C        -0.78278245313692   -0.61339009143103   -0.62771575630790
C        -0.78789134068545    0.86315505081978   -0.13180064915847
5
 energy: -10.107126593851 gnorm: 0.456536714237 xtb: 6.2.2 (9d81278992624c895f80dd42a50cac0aa55982e2)
C         1.44671775110855   -0.09524185385389    0.29731900247267
C         0.57120599061185    0.13039036379071   -0.38297354292320
C        -0.61187780048749   -0.26533833726666    0.78551878725594
C        -0.70029650168282   -0.66463132989162   -0.61197145696640
C        -0.70574943955009    0.89482215722145   -0.08789378983901
5
 energy: -10.145032215761 gnorm: 0.105133208562 xtb: 6.2.2 (9d81278992624c895f80dd42a50cac0aa55982e2)
C         1.51554373305690   -0.11190402246401    0.34783955639099
C         0.53701561520960    0.14270941936374   -0.42009769922397
C        -0.60024192881784   -0.26184096410339    0.77480474321652
C        -0.72350546636281   -0.66261011157091   -0.61272681503811
C        -0.72881195308585    0.89364667877456   -0.08982078534543
5
 energy: -10.163625121547 gnorm: 0.078529233764 xtb: 6.2.2 (9d81278992624c895f80dd42a50cac0aa55982e2)
C         1.51946316118050   -0.10622715501409    0.33178156631039
C         0.53144112298803    0.15258322514641   -0.45016722692454
C        -0.67516307022633   -0.26026147526721    0.76855080778484
C        -0.68529214893204   -0.70752386038717   -0.59869586075997
C        -0.69044906501016    0.92143026552205   -0.05147028641072
5
 energy: -10.183090513705 gnorm: 0.046626292852 xtb: 6.2.2 (9d81278992624c895f80dd42a50cac0aa55982e2)
C         1.51933084213640   -0.09508852846761    0.29919036006429
C         0.51261878143880    0.17285315007745   -0.51109334162774
C        -0.82591479367449   -0.25166345369666    0.74077422527040
C        -0.60035091669928   -0.80102969213032   -0.56267362039750
C        -0.60568391320143    0.97492952421714    0.03380137669055
5
 energy: -10.184761078195 gnorm: 0.030775458699 xtb: 6.2.2 (9d81278992624c895f80dd42a50cac0aa55982e2)
C         1.51253876732754   -0.09441081020348    0.29648570696625
C         0.50732495683078    0.17648482382099   -0.52140887330845
C        -0.84496602854477   -0.24487658036258    0.72085022906635
C        -0.58461261373244   -0.81760675679929   -0.54990534332628
C        -0.59028508188111    0.98041032354436    0.05397728060213
5
 energy: -10.185670277249 gnorm: 0.014924296787 xtb: 6.2.2 (9d81278992624c895f80dd42a50cac0aa55982e2)
C         1.51337426154381   -0.09324231629819    0.29264135206724
C         0.50236366553903    0.17502468649990   -0.51668115386990
C        -0.85555620255008   -0.23758529968385    0.69928545029245
C        -0.57718480544644   -0.82533259112743   -0.54097445231681
C        -0.58299691908633    0.98113652060958    0.06572780382703
5
 energy: -10.186831105504 gnorm: 0.023888385147 xtb: 6.2.2 (9d81278992624c895f80dd42a50cac0aa55982e2)
C         1.53553352871015   -0.08892659871600    0.27988512026201
C         0.49809008312392    0.16732947721017   -0.49357113884958
C        -0.88052495662892   -0.23060172512640    0.67828172911733
C        -0.57363745551937   -0.83176254576665   -0.53718616046258
C        -0.57946119968578    0.98396239239888    0.07258944993282
5
 energy: -10.189040556376 gnorm: 0.035373046136 xtb: 6.2.2 (9d81278992624c895f80dd42a50cac0aa55982e2)
C         1.56790140089552   -0.08414012463728    0.26580085497669
C         0.49732894974675    0.15746815127462   -0.46403240121777
C        -0.90766828971647   -0.22460412312031    0.66024801720903
C        -0.57584475595933   -0.83551973942896   -0.53699422072864
C        -0.58171730496647    0.98679683591193    0.07497674976070
5
 energy: -10.193105986576 gnorm: 0.049555815566 xtb: 6.2.2 (9d81278992624c895f80dd42a50cac0aa55982e2)
C         1.61188013083602   -0.07773187529901    0.24698838381540
C         0.49729800925501    0.14382477840113   -0.42320388663338
C        -0.94333950389992   -0.21611186444904    0.63470044601034
C        -0.57995610459497   -0.84054811290993   -0.53669307238819
C        -0.58588253159613    0.99056807425686    0.07820712919582
5
 energy: -10.198821431115 gnorm: 0.064313247317 xtb: 6.2.2 (9d81278992624c895f80dd42a50cac0aa55982e2)
C         1.66302266459666   -0.06986382495841    0.22397076928329
C         0.49824427456881    0.12690814054390   -0.37268206330483
C        -0.98430709645543   -0.20572437468906    0.60340466690918
C        -0.58550216260112   -0.84699566135699   -0.53672491058717
C        -0.59145768010892    0.99567672046055    0.08203053769953
5
 energy: -10.204651676378 gnorm: 0.074791110869 xtb: 6.2.2 (9d81278992624c895f80dd42a50cac0aa55982e2)
C         1.70992611996919   -0.06172099348599    0.20028409514864
C         0.50108252476538    0.10944171615120   -0.32069949868518
C        -1.02159189529623   -0.19560046139147    0.57281866296587
C        -0.59174939126803   -0.85389523919919   -0.53775948840984
C        -0.59766735817031    1.00177597792545    0.08535522898051
5
 energy: -10.213404547492 gnorm: 0.126891611071 xtb: 6.2.2 (9d81278992624c895f80dd42a50cac0aa55982e2)
C         1.89307833533636   -0.02554707026104    0.09536681671490
C         0.53179738485616    0.02726649136125   -0.07670138594849
C        -1.14857620949149   -0.15414713005595    0.44752924393220
C        -0.63532437512728   -0.88104972485150   -0.55456455151303
C        -0.64097513557375    1.03347843380723    0.08836887681442
5
 energy: -10.220307566451 gnorm: 0.060088619411 xtb: 6.2.2 (9d81278992624c895f80dd42a50cac0aa55982e2)
C         1.81570526454954   -0.03538752327414    0.12294820159409
C         0.53474397679656    0.05117107072010   -0.14711569729716
C        -1.09834064674533   -0.16645034506506    0.48526157563476
C        -0.62297020549002   -0.88015475346122   -0.55138525289939
C        -0.62913838911075    1.03082255108033    0.09029017296770
5
 energy: -10.223451230880 gnorm: 0.030922620954 xtb: 6.2.2 (9d81278992624c895f80dd42a50cac0aa55982e2)
C         1.80486061404401   -0.02882834459594    0.10368517687207
C         0.54062077289036    0.04285622949771   -0.12260651272014
C        -1.11013185158768   -0.16020332950863    0.46617191807652
C        -0.61461295434204   -0.89956658894734   -0.55020528621050
C        -0.62073658100465    1.04574303355420    0.10295370398206
5
 energy: -10.226740480877 gnorm: 0.025148142802 xtb: 6.2.2 (9d81278992624c895f80dd42a50cac0aa55982e2)
C         1.80223890327342   -0.01629742119533    0.06404919169844
C         0.54559772383066    0.01770070391495   -0.04576617395030
C        -1.12516842026838   -0.13987623575625    0.40700824881044
C        -0.60762707652059   -0.92968802499554   -0.54796958768474
C        -0.61504113031511    1.06816197803217    0.12267732112616
5
 energy: -10.227302034084 gnorm: 0.026669075727 xtb: 6.2.2 (9d81278992624c895f80dd42a50cac0aa55982e2)
C         1.81063668716470   -0.00398300231515    0.03364039970314
C         0.53545640721520   -0.00039059549579    0.00317556647120
C        -1.15592742152387   -0.12784784700567    0.36622526568738
C        -0.59282801062739   -0.95328896697962   -0.54375880375239
C        -0.59733766222863    1.08551141179622    0.14071657189067
5
 energy: -10.227835258182 gnorm: 0.008344295598 xtb: 6.2.2 (9d81278992624c895f80dd42a50cac0aa55982e2)
C         1.80004518196947   -0.00672098433088    0.03500773920182
C         0.53129557021872   -0.00108754515973    0.01063216426772
C        -1.13678428018060   -0.12518645838435    0.36315628297854
C        -0.59341992069344   -0.94862713579206   -0.54505678059628
C        -0.60113655131415    1.08162312366702    0.13625959414819
5
 energy: -10.227931583192 gnorm: 0.005833680371 xtb: 6.2.2 (9d81278992624c895f80dd42a50cac0aa55982e2)
C         1.79347487378719   -0.00479774529445    0.03453007803722
C         0.52617777324925   -0.00218287827519    0.00953861430153
C        -1.13456099833663   -0.12677137012648    0.36411232333081
C        -0.58996760602913   -0.94824897944234   -0.54484474567408
C        -0.59512404267069    1.08200197313845    0.13666273000452
5
 energy: -10.227963273882 gnorm: 0.006884828531 xtb: 6.2.2 (9d81278992624c895f80dd42a50cac0aa55982e2)
C         1.78983255533907   -0.00788113710038    0.02987561385208
C         0.52075896700528   -0.00018640626675    0.01456572313096
C        -1.13393657149306   -0.12451891302382    0.36739157847624
C        -0.58239616869428   -0.94791912697994   -0.54615457102391
C        -0.59425878215701    1.08050658337089    0.13432065556462
5
 energy: -10.228014391439 gnorm: 0.003188184472 xtb: 6.2.2 (9d81278992624c895f80dd42a50cac0aa55982e2)
C         1.79109417640747   -0.00775234583260    0.02896702317322
C         0.52188611234302   -0.00160977751875    0.01887490915001
C        -1.13337353392399   -0.12707987136230    0.37036231557680
C        -0.58408609494021   -0.94318779139076   -0.54792362012102
C        -0.59552065988628    1.07963078610442    0.12971837222099
5
 energy: -10.228032241815 gnorm: 0.001763204350 xtb: 6.2.2 (9d81278992624c895f80dd42a50cac0aa55982e2)
C         1.79186259707578   -0.00692224819364    0.02776680687537
C         0.52287241409026   -0.00312406573014    0.02243873439422
C        -1.13459317033438   -0.12882626597057    0.37223368177168
C        -0.58492993962163   -0.93930336271154   -0.54883294445903
C        -0.59521190121003    1.07817694260590    0.12639272141777
5
 energy: -10.228039976999 gnorm: 0.001655471057 xtb: 6.2.2 (9d81278992624c895f80dd42a50cac0aa55982e2)
C         1.79228186624330   -0.00553810064313    0.02674616177611
C         0.52341343926414   -0.00439501835476    0.02416613715524
C        -1.13730961157425   -0.12924047687119    0.37273275704392
C        -0.58487999525058   -0.93721924290441   -0.54875911181715
C        -0.59350569868261    1.07639383877350    0.12511305584189
5
 energy: -10.228044355323 gnorm: 0.000393699964 xtb: 6.2.2 (9d81278992624c895f80dd42a50cac0aa55982e2)
C         1.79243372179767   -0.00414792733931    0.02642251954557
C         0.52346487749510   -0.00520480971151    0.02388391099788
C        -1.14007296205630   -0.12867903138382    0.37258433327091
C        -0.58438943594958   -0.93674638794784   -0.54822902971957
C        -0.59143620128689    1.07477915638248    0.12533726590520
