5
 energy: -10.957877311060 gnorm: 0.163076112222 xtb: 6.2.2 (9d81278992624c895f80dd42a50cac0aa55982e2)
N        -0.97995500000000    0.78071800000000    0.18497600000000
C         0.35147000000000    0.72332800000000   -0.40402000000000
C         0.35571200000000   -0.78693200000000   -0.42212400000000
C         1.30424600000000   -0.04488700000000    0.49063000000000
C        -1.03147300000000   -0.67222800000000    0.15053800000000
5
 energy: -10.986235922942 gnorm: 0.105745520104 xtb: 6.2.2 (9d81278992624c895f80dd42a50cac0aa55982e2)
N        -0.94853468080787    0.74483765847050    0.18980206995165
C         0.33728789972946    0.73732495809552   -0.36519424271568
C         0.34454166829374   -0.80758326014260   -0.33505682998562
C         1.31453273613945   -0.02573517071548    0.42389311954163
C        -1.04782762335478   -0.64884518570793    0.08655588320801
5
 energy: -11.011627719073 gnorm: 0.099809187104 xtb: 6.2.2 (9d81278992624c895f80dd42a50cac0aa55982e2)
N        -0.96503184200299    0.69701975387529    0.10227720474544
C         0.32208983915398    0.79812758623906   -0.21643206917232
C         0.32418965341073   -0.84801935559709   -0.22465177211834
C         1.33401395409666   -0.04977665250990    0.28336575644928
C        -1.01526160465839   -0.59735233200736    0.05544088009593
5
 energy: -11.021843401650 gnorm: 0.072118885714 xtb: 6.2.2 (9d81278992624c895f80dd42a50cac0aa55982e2)
N        -0.98592001610204    0.70687277394003    0.09619158494711
C         0.32513882090420    0.82065759841018   -0.15023556906613
C         0.33765017376104   -0.90047852053558   -0.14980792789231
C         1.37386155250308   -0.03330852056337    0.20132618372374
C        -1.05073053106627   -0.59374433125127    0.00252572828759
5
 energy: -11.031823726341 gnorm: 0.068036202546 xtb: 6.2.2 (9d81278992624c895f80dd42a50cac0aa55982e2)
N        -1.05318077836732    0.74040870322984    0.03188101256101
C         0.33491968641137    0.86419765423742   -0.01662433378807
C         0.37858692586442   -0.96726949572724   -0.09008024348420
C         1.37310412854033   -0.05837016658150    0.07470229708121
C        -1.03342996244880   -0.57896769515852    0.00012126763005
5
 energy: -11.035328944371 gnorm: 0.047471625362 xtb: 6.2.2 (9d81278992624c895f80dd42a50cac0aa55982e2)
N        -1.03126051228110    0.75510408010312    0.06395276946062
C         0.31387970165677    0.84833950700311   -0.01722862844260
C         0.41154463198330   -0.99992561844332   -0.07712781046733
C         1.32564807766695   -0.04321042360476    0.05698858422872
C        -1.01981189902591   -0.56030854505816   -0.02658491477941
5
 energy: -11.037013469976 gnorm: 0.034177757366 xtb: 6.2.2 (9d81278992624c895f80dd42a50cac0aa55982e2)
N        -1.04147502934683    0.76978730191058    0.06066338234926
C         0.27667093271801    0.83849676318375    0.02873129855583
C         0.43877095319817   -1.03499440094372   -0.03860931427299
C         1.33673414127219   -0.04382432265709    0.01059545136872
C        -1.01070099784154   -0.52946634149352   -0.06138081800083
5
 energy: -11.038270412236 gnorm: 0.022382206438 xtb: 6.2.2 (9d81278992624c895f80dd42a50cac0aa55982e2)
N        -1.04435409484713    0.77683084575057    0.04465048904647
C         0.27000746545889    0.83452672736039    0.02834175634683
C         0.43339455188371   -1.02075169103875   -0.06310204925455
C         1.33032127702522   -0.05731846982516    0.02764957825828
C        -0.98936919952069   -0.53328841224705   -0.03753977439703
5
 energy: -11.038713127422 gnorm: 0.010264268323 xtb: 6.2.2 (9d81278992624c895f80dd42a50cac0aa55982e2)
N        -1.04302451237389    0.78388768256576    0.04296629542035
C         0.26532116838088    0.82642971316738    0.03510805601886
C         0.42815031944021   -1.02351482303142   -0.06688873890376
C         1.33053226474679   -0.05269768819392    0.02837814970583
C        -0.98097924019399   -0.53410588450780   -0.03956376224128
5
 energy: -11.038908600402 gnorm: 0.003577372334 xtb: 6.2.2 (9d81278992624c895f80dd42a50cac0aa55982e2)
N        -1.04593574205354    0.79545328692654    0.03970416672521
C         0.25795345087022    0.81683544726220    0.05166506192103
C         0.42883869775466   -1.03231499217764   -0.06489849670567
C         1.32912046185549   -0.04867178215595    0.01879696618056
C        -0.96997686842683   -0.53130295985514   -0.04526769812113
5
 energy: -11.038918326613 gnorm: 0.002828139936 xtb: 6.2.2 (9d81278992624c895f80dd42a50cac0aa55982e2)
N        -1.04591399050876    0.79530758581198    0.03949444832246
C         0.25799618354151    0.81535073084518    0.05295399945043
C         0.42812658785426   -1.03205950879866   -0.06453750105124
C         1.32929083062068   -0.04782143050141    0.01801360998528
C        -0.96949961150769   -0.53077837735709   -0.04592455670693
5
 energy: -11.038931276094 gnorm: 0.002018057621 xtb: 6.2.2 (9d81278992624c895f80dd42a50cac0aa55982e2)
N        -1.04652277807283    0.79416578564983    0.03886996445842
C         0.25895872901216    0.81266817726796    0.05515434178961
C         0.42707853026861   -1.03024734645142   -0.06312282756878
C         1.33056928915829   -0.04669294114445    0.01609001979580
C        -0.97008377036623   -0.52989467532192   -0.04699149847504
5
 energy: -11.038938069661 gnorm: 0.001774245912 xtb: 6.2.2 (9d81278992624c895f80dd42a50cac0aa55982e2)
N        -1.04666962240801    0.79265322768922    0.03876876038607
C         0.26005267796663    0.81036130928641    0.05563740119088
C         0.42660238950568   -1.02720717626116   -0.06166411461725
C         1.33241200425758   -0.04601869543103    0.01506306009036
C        -0.97239744932188   -0.52978966528345   -0.04780510705006
5
 energy: -11.038942925689 gnorm: 0.001163870698 xtb: 6.2.2 (9d81278992624c895f80dd42a50cac0aa55982e2)
N        -1.04638248185134    0.79209018309468    0.03846121658542
C         0.26075183629838    0.80950346880444    0.05523569085569
C         0.42627059370300   -1.02464705953774   -0.06117755712508
C         1.33410151815735   -0.04595239041860    0.01518430883318
C        -0.97474146630740   -0.53099520194278   -0.04770365914922
5
 energy: -11.038945170635 gnorm: 0.000458461004 xtb: 6.2.2 (9d81278992624c895f80dd42a50cac0aa55982e2)
N        -1.04532131590119    0.79189772292352    0.03807971095684
C         0.26078270898154    0.80857486699125    0.05533711145515
C         0.42605717285984   -1.02260360776028   -0.06067532790630
C         1.33531045030774   -0.04559820945937    0.01507106771102
C        -0.97682901624794   -0.53227177269512   -0.04781256221671
