5
 energy: -10.828101379569 gnorm: 0.196243053814 xtb: 6.2.2 (9d81278992624c895f80dd42a50cac0aa55982e2)
C        -0.97389100000000   -1.29772000000000    0.00612400000000
C        -0.20428000000000    0.00410800000000   -0.06558500000000
N         1.00930100000000   -0.02243600000000    0.75687000000000
C        -0.92523900000000    1.33272500000000    0.01923100000000
C         1.09410900000000   -0.01667800000000   -0.71663900000000
5
 energy: -10.870263882745 gnorm: 0.139494296053 xtb: 6.2.2 (9d81278992624c895f80dd42a50cac0aa55982e2)
C        -0.99598799515119   -1.20752630018035   -0.01634486694507
C        -0.21410671678438    0.00400114436321   -0.00774556299986
N         1.05319506786111   -0.02294884214947    0.69710030374020
C        -0.95064979711846    1.24363727923704   -0.00413009007113
C         1.10754944119292   -0.01716428127043   -0.66887878372413
5
 energy: -10.885593897003 gnorm: 0.240610268598 xtb: 6.2.2 (9d81278992624c895f80dd42a50cac0aa55982e2)
C        -1.04307007688607   -1.06174987341363   -0.02255423605652
C        -0.24918745356594    0.00443924220677    0.03452557225374
N         1.10712962862929   -0.02332646898556    0.57208364035111
C        -1.00308913626411    1.09977152385913   -0.01178447756647
C         1.18821703808682   -0.01913542366671   -0.57226949898186
5
 energy: -10.900541074345 gnorm: 0.052011396171 xtb: 6.2.2 (9d81278992624c895f80dd42a50cac0aa55982e2)
C        -1.07987682337319   -1.07064155584757   -0.03644557265294
C        -0.21452571315024    0.00368473195618    0.05725456998797
N         1.14286578704065   -0.02429675269398    0.63427989780213
C        -1.03953899423533    1.11015595701791   -0.02557994078146
C         1.19107574371810   -0.01890338043255   -0.62950795435569
5
 energy: -10.904089983814 gnorm: 0.024519188688 xtb: 6.2.2 (9d81278992624c895f80dd42a50cac0aa55982e2)
C        -1.12084403951976   -1.02523079504071   -0.04295407202601
C        -0.20577731734725    0.00341773030673    0.07832051595407
N         1.18143570734896   -0.02492787113192    0.61766098241587
C        -1.08215585853857    1.06635844615255   -0.03253344341872
C         1.22734150805662   -0.01961851028665   -0.62049298292522
5
 energy: -10.905464751954 gnorm: 0.020108344936 xtb: 6.2.2 (9d81278992624c895f80dd42a50cac0aa55982e2)
C        -1.15100677822799   -0.97435770686746   -0.02930588453562
C        -0.19979589534237    0.00337424739860    0.06478057797783
N         1.18526169849156   -0.02491982472905    0.60168970372583
C        -1.11418101346074    1.01650227188955   -0.01938803798731
C         1.27972198853955   -0.02059998769164   -0.61777535918074
5
 energy: -10.906060857381 gnorm: 0.017391183456 xtb: 6.2.2 (9d81278992624c895f80dd42a50cac0aa55982e2)
C        -1.17273310197160   -0.95249696351196   -0.02595460325937
C        -0.19013183868957    0.00317738953093    0.06836764412207
N         1.19105239460251   -0.02499990178515    0.59613340405845
C        -1.13670111305726    0.99542774411477   -0.01625150837420
C         1.30851365911592   -0.02110926834859   -0.62229393654695
5
 energy: -10.929175934584 gnorm: 0.161208482901 xtb: 6.2.2 (9d81278992624c895f80dd42a50cac0aa55982e2)
C        -1.29104326881451   -0.81201258931629    0.00148244698535
C        -0.13507195866396    0.00208024736866    0.08386388903146
N         1.20058557997354   -0.02500221471095    0.56042921191827
C        -1.26012782476102    0.85914886962085    0.00980148654076
C         1.48565747226594   -0.02421531296228   -0.65557603447584
5
 energy: -10.967430309905 gnorm: 0.277503775456 xtb: 6.2.2 (9d81278992624c895f80dd42a50cac0aa55982e2)
C        -1.45327157749730   -0.56724061396457    0.01313941490197
C        -0.02238606485981   -0.00022218854052    0.12751933961992
N         1.24938472970525   -0.02581761989384    0.54253665532455
C        -1.43129814116916    0.62044079319672    0.01904714257969
C         1.65757105382102   -0.02716137079780   -0.70224155242613
5
 energy: -10.979826505712 gnorm: 0.152330965605 xtb: 6.2.2 (9d81278992624c895f80dd42a50cac0aa55982e2)
C        -1.37487220964514   -0.69626923061820    0.00978188416590
C        -0.05775601239036    0.00053529629279    0.10688878327916
N         1.21026083121084   -0.02514068908500    0.55188509431821
C        -1.34818116818345    0.74650860059422    0.01696070265601
C         1.57054855900812   -0.02563497718381   -0.68551546441927
5
 energy: -10.997853932273 gnorm: 0.077453302184 xtb: 6.2.2 (9d81278992624c895f80dd42a50cac0aa55982e2)
C        -1.33854986337046   -0.65871171533303   -0.02166848555682
C        -0.02047257828065   -0.00025236122288    0.12696068157679
N         1.22585571413135   -0.02566355812125    0.59962465316501
C        -1.31327148618985    0.70794968509341   -0.01486374205398
C         1.44643821370961   -0.02332305041624   -0.69005210713100
5
 energy: -11.001099688006 gnorm: 0.062394813148 xtb: 6.2.2 (9d81278992624c895f80dd42a50cac0aa55982e2)
C        -1.31956011715314   -0.61897228023878   -0.03638153395282
C         0.01321520482415   -0.00079922997212    0.11173384099931
N         1.24571681425626   -0.02619644521062    0.63375906557713
C        -1.29576094446788    0.66768228223823   -0.02997088003221
C         1.35638904254060   -0.02171532681671   -0.67913949259142
5
 energy: -11.002655996495 gnorm: 0.014418821576 xtb: 6.2.2 (9d81278992624c895f80dd42a50cac0aa55982e2)
C        -1.32497876463013   -0.63424175917318   -0.02698496945226
C         0.00218285494870   -0.00053300992766    0.09917697927217
N         1.24110164495422   -0.02605719051693    0.62268728656958
C        -1.30061170913378    0.68304698461636   -0.02042341703527
C         1.38230597386098   -0.02221602499859   -0.67445487935423
5
 energy: -11.003041013100 gnorm: 0.009453983467 xtb: 6.2.2 (9d81278992624c895f80dd42a50cac0aa55982e2)
C        -1.32499012935228   -0.63477373948372   -0.01942909847464
C         0.00696645440465   -0.00050964822583    0.07676558765014
N         1.23764474010805   -0.02600719533923    0.62496728547771
C        -1.30060585865310    0.68350444544803   -0.01286498298731
C         1.38098479349269   -0.02221486239925   -0.66943779166590
5
 energy: -11.003457043267 gnorm: 0.007936380992 xtb: 6.2.2 (9d81278992624c895f80dd42a50cac0aa55982e2)
C        -1.32418003496314   -0.63508386248710   -0.00601216325719
C         0.01558575598405   -0.00042348484154    0.02727974219443
N         1.23884389834184   -0.02607727837320    0.63485129817156
C        -1.29978352831407    0.68364867925173    0.00055428715296
C         1.36953390895131   -0.02206505354989   -0.65667216426176
5
 energy: -11.003490281902 gnorm: 0.003817546049 xtb: 6.2.2 (9d81278992624c895f80dd42a50cac0aa55982e2)
C        -1.32455698015884   -0.63478290394268   -0.00522480550858
C         0.01579373733206   -0.00040110477963    0.02207708069767
N         1.24138124514286   -0.02613917597983    0.63756038393465
C        -1.30017292018554    0.68335485173457    0.00133763102908
C         1.36755491786945   -0.02203266703244   -0.65574929015282
5
 energy: -11.003502344768 gnorm: 0.000538916850 xtb: 6.2.2 (9d81278992624c895f80dd42a50cac0aa55982e2)
C        -1.32463270318749   -0.63476131877708   -0.00539599492736
C         0.01634700250241   -0.00039377207398    0.01858259883536
N         1.24458968772657   -0.02621397870203    0.64063427560601
C        -1.30025091044722    0.68333870543291    0.00116667084581
C         1.36394692340573   -0.02197063587983   -0.65498655035982
5
 energy: -11.003502378746 gnorm: 0.000547731856 xtb: 6.2.2 (9d81278992624c895f80dd42a50cac0aa55982e2)
C        -1.32552105222256   -0.63459070760990   -0.00510828433750
C         0.01643403909109   -0.00039028961479    0.01744537866845
N         1.24563308976133   -0.02623266054851    0.64072158630101
C        -1.30114351584601    0.68319752601972    0.00145336910210
C         1.36459743921615   -0.02198486824653   -0.65451104973406
