5
 energy: -10.904374461013 gnorm: 0.166005244828 xtb: 6.2.2 (9d81278992624c895f80dd42a50cac0aa55982e2)
C        -1.29651100000000    0.67625500000000   -0.13296000000000
N        -0.51591100000000   -0.15051000000000    0.80552800000000
C         0.69979000000000   -0.61646300000000    0.11051100000000
C        -0.53643900000000   -0.45585100000000   -0.64876500000000
C         1.64907100000000    0.54657000000000   -0.13431300000000
5
 energy: -10.939387887035 gnorm: 0.114701013608 xtb: 6.2.2 (9d81278992624c895f80dd42a50cac0aa55982e2)
C        -1.31923038660499    0.60571366358968   -0.12447699877981
N        -0.53164998895077   -0.15292226285685    0.82373871762040
C         0.68154752508280   -0.49855737717193    0.10983750030418
C        -0.53636507678343   -0.42294574676618   -0.66910203758865
C         1.70569792725639    0.46871272320528   -0.13999618155611
5
 energy: -10.962038860228 gnorm: 0.085854811367 xtb: 6.2.2 (9d81278992624c895f80dd42a50cac0aa55982e2)
C        -1.31417618832268    0.51721356118460   -0.11924044820772
N        -0.50682716941234   -0.13712072941601    0.84966729261468
C         0.66421086084684   -0.32448184408614    0.08292776343541
C        -0.56437967469151   -0.40938818788007   -0.70548657100977
C         1.72117217157969    0.35377820019762   -0.10786703683260
5
 energy: -10.971705530692 gnorm: 0.049132143900 xtb: 6.2.2 (9d81278992624c895f80dd42a50cac0aa55982e2)
C        -1.43938678763165    0.43866653360780   -0.09143765875067
N        -0.53021217391016   -0.12512639989002    0.85834454205421
C         0.64551811549363   -0.22152174256879    0.10397599860039
C        -0.56345359330598   -0.36967851083095   -0.74825083275361
C         1.88753443935416    0.27766111968196   -0.12263104915031
5
 energy: -10.975674880860 gnorm: 0.045449346431 xtb: 6.2.2 (9d81278992624c895f80dd42a50cac0aa55982e2)
C        -1.45765926261260    0.40277988774301   -0.08073272351836
N        -0.50991703406554   -0.10481083466705    0.86130463109388
C         0.63623027903599   -0.17764326844548    0.10494347213219
C        -0.56412197222256   -0.35818637951244   -0.77386437546356
C         1.89546798986470    0.23786159488196   -0.11165000424414
5
 energy: -10.982631986632 gnorm: 0.049725546973 xtb: 6.2.2 (9d81278992624c895f80dd42a50cac0aa55982e2)
C        -1.44302826294409    0.30325461627515   -0.05545124037631
N        -0.46138533766445   -0.06119285496573    0.88054026065027
C         0.60569811024219   -0.02827270168692    0.09911546802080
C        -0.59431279285561   -0.34762029309568   -0.84902745137598
C         1.89302828322196    0.13383223347319   -0.07517603691879
5
 energy: -10.985100511564 gnorm: 0.086088706752 xtb: 6.2.2 (9d81278992624c895f80dd42a50cac0aa55982e2)
C        -1.51593875124429    0.22451092729737   -0.03713997209742
N        -0.42669797778470    0.00581878561930    0.88452543557186
C         0.61258581107308    0.01975459464925    0.08380736824471
C        -0.59138680400699   -0.30833675980392   -0.88595999101530
C         1.92143772196289    0.05825345223802   -0.04523184070384
5
 energy: -10.985803936932 gnorm: 0.115833795412 xtb: 6.2.2 (9d81278992624c895f80dd42a50cac0aa55982e2)
C        -1.51135512105457    0.21359928387883   -0.03375711327889
N        -0.42172134893355    0.04319261510240    0.88398458013119
C         0.64208211004643   -0.02204021482205    0.07286970076398
C        -0.57317920787326   -0.28713620842780   -0.88639400182667
C         1.86417356781495    0.05238552426862   -0.03670216578959
5
 energy: -10.992042072505 gnorm: 0.048773698888 xtb: 6.2.2 (9d81278992624c895f80dd42a50cac0aa55982e2)
C        -1.50959258802780    0.19718518428739   -0.02743483433370
N        -0.45843371178918    0.04010836963378    0.88521450633390
C         0.64290029711626   -0.00022235421936    0.06434311196802
C        -0.57984514398912   -0.28587123690384   -0.87830419546466
C         1.90497114668984    0.04880103720204   -0.04381758850355
5
 energy: -10.996453491690 gnorm: 0.042965479161 xtb: 6.2.2 (9d81278992624c895f80dd42a50cac0aa55982e2)
C        -1.52612749848599    0.12562061215178    0.00134033870818
N        -0.48016315636171    0.09547479281190    0.88092832674461
C         0.65195983649843    0.02800741767185    0.04873871441480
C        -0.56917446195231   -0.25276031656528   -0.89521146941441
C         1.92350528030156    0.00365849392975   -0.03579491045318
5
 energy: -11.000185183020 gnorm: 0.039357510380 xtb: 6.2.2 (9d81278992624c895f80dd42a50cac0aa55982e2)
C        -1.51396588794284    0.04851417628635    0.04331635479624
N        -0.52909516960489    0.17513990288230    0.86216021577571
C         0.66336764729427    0.00744280961385    0.02021436895754
C        -0.54328146141524   -0.21720429824888   -0.89495244437110
C         1.92297487166871   -0.01389159053361   -0.03073749515839
5
 energy: -11.000760322113 gnorm: 0.039585063905 xtb: 6.2.2 (9d81278992624c895f80dd42a50cac0aa55982e2)
C        -1.53367945637772   -0.01341811262091    0.05623439253611
N        -0.50191822923869    0.25456379673652    0.85839423554448
C         0.65852503610421    0.00057124635275   -0.02922033048463
C        -0.55042532253702   -0.20544220977207   -0.89997431828619
C         1.92749797204922   -0.03627372069630    0.01456702069024
5
 energy: -11.001899493880 gnorm: 0.016631395464 xtb: 6.2.2 (9d81278992624c895f80dd42a50cac0aa55982e2)
C        -1.51467754274282    0.02354046784575    0.04619750941467
N        -0.50256232972983    0.22185644384286    0.85853951907918
C         0.64925534990007   -0.01351312545349   -0.01688109834694
C        -0.54879840062442   -0.22225614132017   -0.89026373139995
C         1.91678292319700   -0.00962664491494    0.00240880125304
5
 energy: -11.002116838894 gnorm: 0.009012352400 xtb: 6.2.2 (9d81278992624c895f80dd42a50cac0aa55982e2)
C        -1.51116672058185    0.01753815770216    0.05292850284026
N        -0.50746633871266    0.22503113754405    0.85898843128441
C         0.64424102151148   -0.01249464473548   -0.01106565150170
C        -0.53521386756071   -0.21596373273816   -0.89644014624866
C         1.90960590534373   -0.01410991777257   -0.00441013637432
5
 energy: -11.002230490952 gnorm: 0.006532281502 xtb: 6.2.2 (9d81278992624c895f80dd42a50cac0aa55982e2)
C        -1.50659811709744    0.01237022267151    0.05605985481839
N        -0.50273684534287    0.23466635844984    0.85921788326260
C         0.63789952953619   -0.01258722749223   -0.01848385834109
C        -0.53443451868799   -0.22028281123082   -0.89880852557404
C         1.90586995159211   -0.01416554239829    0.00201564583414
5
 energy: -11.002286700258 gnorm: 0.006131565136 xtb: 6.2.2 (9d81278992624c895f80dd42a50cac0aa55982e2)
C        -1.50298882128427    0.01072139904358    0.05854248981784
N        -0.49953270427403    0.24062299105728    0.86039479952694
C         0.63437271960514   -0.01001691492881   -0.02429753186622
C        -0.53515343765902   -0.22647641855191   -0.90194951590975
C         1.90330224361217   -0.01485005662014    0.00731075843118
5
 energy: -11.002339309879 gnorm: 0.004659634573 xtb: 6.2.2 (9d81278992624c895f80dd42a50cac0aa55982e2)
C        -1.49931162973918    0.01281287000132    0.06108191969260
N        -0.49758269791733    0.24523596148157    0.86198084245796
C         0.63210285314217   -0.00779219424739   -0.03086303804631
C        -0.53629834747035   -0.23616050126456   -0.90494757932463
C         1.90108982198470   -0.01409513597093    0.01274885522039
5
 energy: -11.002374426000 gnorm: 0.002291551054 xtb: 6.2.2 (9d81278992624c895f80dd42a50cac0aa55982e2)
C        -1.49783179944074    0.01841049003633    0.06254453372182
N        -0.49779520216917    0.24710343357664    0.86287982628419
C         0.63210798163506   -0.00876257552999   -0.03619293193080
C        -0.53699929439863   -0.24560765609132   -0.90556945133258
C         1.90051831437348   -0.01114269199165    0.01633902325736
5
 energy: -11.002388913022 gnorm: 0.000942573891 xtb: 6.2.2 (9d81278992624c895f80dd42a50cac0aa55982e2)
C        -1.49885030242659    0.02375222225297    0.06256989212136
N        -0.49920458286416    0.24654140747473    0.86262738590779
C         0.63348114847785   -0.01212962314254   -0.03844000771448
C        -0.53690244124789   -0.25040182317248   -0.90390185252633
C         1.90147617806078   -0.00776118341267    0.01714558221166
5
 energy: -11.002391825752 gnorm: 0.000398434072 xtb: 6.2.2 (9d81278992624c895f80dd42a50cac0aa55982e2)
C        -1.50087352301307    0.02725963651923    0.06184552864482
N        -0.50057456051392    0.24487427686840    0.86175421923306
C         0.63491400645634   -0.01560889375068   -0.03833503916625
C        -0.53638075019224   -0.25128145793419   -0.90155352052587
C         1.90291482726289   -0.00524256170276    0.01628981181424
