5
 energy: -9.416442684866 gnorm: 0.236293779309 xtb: 6.2.2 (9d81278992624c895f80dd42a50cac0aa55982e2)
C         1.04739800000000   -0.04431900000000    0.32158700000000
C        -0.45107800000000   -0.26244700000000    0.33162600000000
C        -1.13107700000000    1.02582400000000    0.31375500000000
N        -1.01921300000000    0.24348600000000   -0.92586500000000
H         1.55397000000000   -0.96254400000000   -0.04110200000000
5
 energy: -9.475773253243 gnorm: 0.151790832653 xtb: 6.2.2 (9d81278992624c895f80dd42a50cac0aa55982e2)
C         1.02613826667717   -0.13932383884991    0.44223559718611
C        -0.37126485245958   -0.19285097037565    0.28227263853416
C        -1.14112009785062    1.03504218362001    0.25213806514702
N        -1.09805724061575    0.22892594823488   -0.88115364566588
H         1.58430392424879   -0.93179332262934   -0.09549165520141
5
 energy: -9.500445078332 gnorm: 0.149709097719 xtb: 6.2.2 (9d81278992624c895f80dd42a50cac0aa55982e2)
C         0.97036836617606   -0.24903382255335    0.41397902174411
C        -0.23292089409231   -0.07351124120424    0.22578549041642
C        -1.24769098296822    1.00255319997384    0.21354311820203
N        -1.11310427917271    0.26309880454479   -0.79395833000520
H         1.62334779005718   -0.94310694076104   -0.05934830035738
5
 energy: -9.512709414719 gnorm: 0.076838827951 xtb: 6.2.2 (9d81278992624c895f80dd42a50cac0aa55982e2)
C         1.03292280540228   -0.34670696379099    0.47502402891818
C        -0.23420456753108    0.01003954312199    0.19331167696104
C        -1.32300835910548    1.03341715976121    0.20291255732001
N        -1.21068113358780    0.26697838990914   -0.80137459978563
H         1.73497125482208   -0.96372812900134   -0.06987266341359
5
 energy: -9.517182860125 gnorm: 0.044381394036 xtb: 6.2.2 (9d81278992624c895f80dd42a50cac0aa55982e2)
C         1.01788561233139   -0.32518111617130    0.42619184627495
C        -0.22041245697450    0.00272474703724    0.14631830195359
C        -1.29259600230466    1.02043863325759    0.24875193704256
N        -1.24275672726537    0.27512975799741   -0.81807691651169
H         1.73787957421314   -0.97311202212095   -0.00318416875942
5
 energy: -9.519137256382 gnorm: 0.034843725277 xtb: 6.2.2 (9d81278992624c895f80dd42a50cac0aa55982e2)
C         0.97318735911728   -0.34926026078326    0.42453020395280
C        -0.22370804724515    0.02459291665227    0.13008778070608
C        -1.26706302268812    1.02044287831937    0.25720542644794
N        -1.24736926094054    0.26210459550296   -0.81225336368867
H         1.76495297175653   -0.95788012969134    0.00043095258185
5
 energy: -9.520985980515 gnorm: 0.022441605904 xtb: 6.2.2 (9d81278992624c895f80dd42a50cac0aa55982e2)
C         0.98176049847185   -0.36791994564067    0.40415252356239
C        -0.18352653817085    0.07817599664729    0.09120317054595
C        -1.30346528652104    0.99848616113109    0.27542844740141
N        -1.26005749533632    0.26702111606719   -0.80332902159731
H         1.76528882155636   -0.97576332820488    0.03254588008756
5
 energy: -9.521407698828 gnorm: 0.010949790097 xtb: 6.2.2 (9d81278992624c895f80dd42a50cac0aa55982e2)
C         0.97916195690845   -0.37986938356234    0.41551964346784
C        -0.17610454777320    0.10685441686864    0.08059118497246
C        -1.30700039018602    0.99100335278696    0.27956045986562
N        -1.25558726847833    0.25437962324567   -0.80029377127684
H         1.75953024952910   -0.97236800933893    0.02462348297093
5
 energy: -9.521562996577 gnorm: 0.007405448835 xtb: 6.2.2 (9d81278992624c895f80dd42a50cac0aa55982e2)
C         0.97909715664248   -0.37438781998200    0.41014994698373
C        -0.17300179298125    0.11584213528847    0.07289447815026
C        -1.31019689225350    0.98493602841763    0.28652868218990
N        -1.25379486839208    0.25343714992650   -0.79989365623338
H         1.75789639698435   -0.97982749365061    0.03032154890950
5
 energy: -9.521772485759 gnorm: 0.004972367058 xtb: 6.2.2 (9d81278992624c895f80dd42a50cac0aa55982e2)
C         0.98629183461592   -0.35421308115886    0.40329539570975
C        -0.16636921586134    0.13078978348214    0.05852168691090
C        -1.31876864358439    0.97153415026184    0.29990700272359
N        -1.24847533227720    0.25156105258310   -0.80026839149620
H         1.74732135710701   -0.99967190516822    0.03854530615196
5
 energy: -9.521825298332 gnorm: 0.002965414974 xtb: 6.2.2 (9d81278992624c895f80dd42a50cac0aa55982e2)
C         0.99293806654383   -0.34242197826734    0.40745507078318
C        -0.16434257416750    0.13404823322631    0.05629921313540
C        -1.32168197588303    0.96656480640944    0.30219383669570
N        -1.24282902664477    0.24856791596531   -0.80062892071864
H         1.73591551015148   -1.00675897733373    0.03468180010436
5
 energy: -9.521835997890 gnorm: 0.001226163964 xtb: 6.2.2 (9d81278992624c895f80dd42a50cac0aa55982e2)
C         0.99670972769787   -0.33878666630615    0.40957293426031
C        -0.16291088889550    0.13391617506826    0.05441766530392
C        -1.32300257638820    0.96564967533721    0.30226675786234
N        -1.24428555981727    0.24887777188897   -0.80071351824119
H         1.73348929740309   -1.00965695598830    0.03445716081461
5
 energy: -9.521836236196 gnorm: 0.001250820746 xtb: 6.2.2 (9d81278992624c895f80dd42a50cac0aa55982e2)
C         0.99686855745524   -0.33870585538641    0.41196016167134
C        -0.16429368673551    0.13069107208588    0.05751715268935
C        -1.32164740954171    0.96705123176463    0.29977513940746
N        -1.24221192365160    0.24821288260708   -0.80029466855548
H         1.73128446247357   -1.00724933107117    0.03104321478732
5
 energy: -9.521837976568 gnorm: 0.000336636873 xtb: 6.2.2 (9d81278992624c895f80dd42a50cac0aa55982e2)
C         0.99633174772160   -0.33957007587238    0.41049967858004
C        -0.16386535978719    0.13153310961031    0.05589618607638
C        -1.32195124877492    0.96704844167266    0.30072263916980
N        -1.24395157417503    0.24885497157205   -0.80027540800815
H         1.73343643501554   -1.00786644698265    0.03315790418192
