5
 energy: -10.723652968175 gnorm: 0.843371686313 xtb: 6.2.2 (9d81278992624c895f80dd42a50cac0aa55982e2)
N        -0.88211300000000   -0.11860800000000   -0.31077900000000
C        -0.07975900000000    0.94850100000000   -0.02674400000000
C         0.36376600000000   -0.46619800000000   -0.74637600000000
C         0.78174800000000    0.10498200000000    0.27539300000000
C        -0.18364100000000   -0.46867700000000    0.80850600000000
5
 energy: -10.881349231061 gnorm: 0.273778342659 xtb: 6.2.2 (9d81278992624c895f80dd42a50cac0aa55982e2)
N        -0.91523438480176   -0.12360548425988   -0.32220274408620
C        -0.10878190262587    1.00487353379667   -0.03732723542896
C         0.36265094292684   -0.49793468288753   -0.80263915035570
C         0.88103797972949    0.11767804800660    0.31064690950674
C        -0.21967163522871   -0.50101141465585    0.85152222036411
5
 energy: -10.909660917618 gnorm: 0.147936264190 xtb: 6.2.2 (9d81278992624c895f80dd42a50cac0aa55982e2)
N        -0.93067264837609   -0.13156182501810   -0.32521836592910
C        -0.12052225715287    1.02727892083585   -0.04589370862986
C         0.36184423722520   -0.50307028557137   -0.83433056643473
C         0.92930962298084    0.11827190222836    0.33005640924248
C        -0.23995795467708   -0.51091871247473    0.87538623175120
5
 energy: -10.933638912848 gnorm: 0.128008273721 xtb: 6.2.2 (9d81278992624c895f80dd42a50cac0aa55982e2)
N        -0.95005327260686   -0.17953577169985   -0.31665779406740
C        -0.12664493496561    1.04247073120706   -0.07646787588525
C         0.36359785630012   -0.45439281150957   -0.92271009805694
C         1.00625118622060    0.08403501246857    0.37210804848456
C        -0.29314983494825   -0.49257716046621    0.94372771952503
5
 energy: -10.940725811285 gnorm: 0.121969933292 xtb: 6.2.2 (9d81278992624c895f80dd42a50cac0aa55982e2)
N        -0.94216937385258   -0.19019950573911   -0.31160098970420
C        -0.12358957352397    1.02827380386670   -0.08062734463985
C         0.36193981939631   -0.43360969660461   -0.93554712399228
C         1.00557061586973    0.07299804910258    0.37475543769631
C        -0.30175048788949   -0.47746265062557    0.95302002064001
5
 energy: -10.970926954841 gnorm: 0.092012436010 xtb: 6.2.2 (9d81278992624c895f80dd42a50cac0aa55982e2)
N        -0.87675714576767   -0.27123913665091   -0.27225801119379
C        -0.08830935434366    0.87631005277957   -0.10344117186683
C         0.34833429323147   -0.25832366758230   -1.02737668133880
C         0.97590344680443   -0.01082913029145    0.38967819923417
C        -0.35917023992457   -0.33591811825490    1.01339766516524
5
 energy: -10.974404235569 gnorm: 0.056250371001 xtb: 6.2.2 (9d81278992624c895f80dd42a50cac0aa55982e2)
N        -0.89607311167116   -0.26929179503253   -0.28046396308063
C        -0.08855330327894    0.90415649811548   -0.10011277299111
C         0.34916715215975   -0.27867124089985   -1.00998935427490
C         0.98191494497474   -0.00466705678365    0.39146886720315
C        -0.34645468218439   -0.35152640539945    0.99909722314349
5
 energy: -10.977465717896 gnorm: 0.039236654288 xtb: 6.2.2 (9d81278992624c895f80dd42a50cac0aa55982e2)
N        -0.91092724028623   -0.28549580632471   -0.28352058094313
C        -0.07989578827208    0.90835381673655   -0.10156906426831
C         0.34623202986987   -0.26584146969749   -1.00122182436413
C         0.98252583153354   -0.01643925051728    0.39856427061120
C        -0.33793383284510   -0.34057729019707    0.98774719896437
5
 energy: -10.980635437957 gnorm: 0.029124720812 xtb: 6.2.2 (9d81278992624c895f80dd42a50cac0aa55982e2)
N        -0.93212367791951   -0.32584624003913   -0.28335770417650
C        -0.06233767764910    0.90447279324790   -0.11072588800570
C         0.33829251171497   -0.22089217345291   -0.99310152635525
C         0.98297165077394   -0.05237007274537    0.41698862668509
C        -0.32680180692030   -0.30536430701048    0.97019649185237
5
 energy: -10.981040664041 gnorm: 0.024657650651 xtb: 6.2.2 (9d81278992624c895f80dd42a50cac0aa55982e2)
N        -0.93068135518378   -0.33225148256224   -0.28102713788549
C        -0.06310458856969    0.90593131916312   -0.11389530814625
C         0.33678458183958   -0.21281839308439   -0.99438356962878
C         0.98446902793170   -0.06145628785346    0.42033593476365
C        -0.32746666601781   -0.29940515566303    0.96897008089687
5
 energy: -10.981718921973 gnorm: 0.010442021065 xtb: 6.2.2 (9d81278992624c895f80dd42a50cac0aa55982e2)
N        -0.91993786455456   -0.34067660300060   -0.27513220925600
C        -0.07093716678264    0.91417386982854   -0.12008202171134
C         0.33333083916978   -0.20138078592302   -0.99420226503822
C         0.98570739075602   -0.08179974313279    0.42436331792136
C        -0.32816219858860   -0.29031673777213    0.96505317808421
5
 energy: -10.981804365095 gnorm: 0.008644386242 xtb: 6.2.2 (9d81278992624c895f80dd42a50cac0aa55982e2)
N        -0.91606092329690   -0.34002582581963   -0.27550383599374
C        -0.07471864418360    0.91670876027754   -0.12025690166784
C         0.33294995594409   -0.20116117403429   -0.99375394556678
C         0.98588558382563   -0.08576658832997    0.42315084401225
C        -0.32805497228923   -0.28975517209366    0.96636383921611
5
 energy: -10.981877160371 gnorm: 0.007698248766 xtb: 6.2.2 (9d81278992624c895f80dd42a50cac0aa55982e2)
N        -0.91313427420188   -0.33880820923984   -0.27768023507816
C        -0.07875669834383    0.91857446745699   -0.11937130481230
C         0.33307757225968   -0.20077459946873   -0.99174433046431
C         0.98554203779136   -0.09037595329992    0.42042605854413
C        -0.32672763750534   -0.28861570544851    0.96836981181065
5
 energy: -10.981943516585 gnorm: 0.007424778258 xtb: 6.2.2 (9d81278992624c895f80dd42a50cac0aa55982e2)
N        -0.91198771353108   -0.33751645510674   -0.28077078302396
C        -0.08269622106452    0.91907882218595   -0.11754488466305
C         0.33447691438738   -0.19974938534400   -0.98935328786246
C         0.98548261010239   -0.09547607409659    0.41649578912849
C        -0.32527458989417   -0.28633690763863    0.97117316642098
5
 energy: -10.982020351920 gnorm: 0.008290000257 xtb: 6.2.2 (9d81278992624c895f80dd42a50cac0aa55982e2)
N        -0.91256257702211   -0.33593175257103   -0.28439950630817
C        -0.08738180528083    0.91814963124584   -0.11434844365342
C         0.33788598391984   -0.19812118775904   -0.98612363981926
C         0.98575529314201   -0.10206881628173    0.41077421195291
C        -0.32369589475891   -0.28202787463405    0.97409737782795
5
 energy: -10.982117607877 gnorm: 0.010011315037 xtb: 6.2.2 (9d81278992624c895f80dd42a50cac0aa55982e2)
N        -0.91475061535283   -0.33364154578794   -0.28834242280430
C        -0.09406701044563    0.91530717490576   -0.10897225394362
C         0.34425693711708   -0.19616113539214   -0.98240030731632
C         0.98697403079739   -0.11108401915031    0.40261829384552
C        -0.32241234211602   -0.27442047457537    0.97709669021872
5
 energy: -10.982237916763 gnorm: 0.011597578949 xtb: 6.2.2 (9d81278992624c895f80dd42a50cac0aa55982e2)
N        -0.91807842704753   -0.33035701802125   -0.29261111812528
C        -0.10409995787666    0.91012774269432   -0.10037464981341
C         0.35392577269188   -0.19442577849379   -0.97851867767750
C         0.98974590288183   -0.12339729777011    0.39183884422420
C        -0.32149229064952   -0.26194764840917    0.97966560139199
5
 energy: -10.982356249983 gnorm: 0.011817477790 xtb: 6.2.2 (9d81278992624c895f80dd42a50cac0aa55982e2)
N        -0.92133204670827   -0.32667172412864   -0.29721935655844
C        -0.11695579037528    0.90334960490245   -0.08879939789899
C         0.36478462090001   -0.19388991244619   -0.97559018448725
C         0.99440129747462   -0.13756319565998    0.38043330642887
C        -0.32089708129108   -0.24522477266764    0.98117563251582
5
 energy: -10.982445633220 gnorm: 0.009505643035 xtb: 6.2.2 (9d81278992624c895f80dd42a50cac0aa55982e2)
N        -0.92203257467101   -0.32548092969382   -0.29964724000204
C        -0.12374894469262    0.90024294743288   -0.08178025401182
C         0.36834237550417   -0.19555251680084   -0.97542629822523
C         0.99802531375876   -0.14348825707836    0.37678657956505
C        -0.32058516989930   -0.23572124385986    0.98006721267403
5
 energy: -10.982538219042 gnorm: 0.006628479326 xtb: 6.2.2 (9d81278992624c895f80dd42a50cac0aa55982e2)
N        -0.92016377708398   -0.32587211153554   -0.30149014683202
C        -0.12710048027079    0.90001833169003   -0.07684921359513
C         0.36605048025374   -0.19970706260662   -0.97672847502331
C         1.00138380035723   -0.14364388191423    0.37823074593101
C        -0.32016902325621   -0.23079527563364    0.97683708951945
5
 energy: -10.982574110088 gnorm: 0.006025384407 xtb: 6.2.2 (9d81278992624c895f80dd42a50cac0aa55982e2)
N        -0.91825659730052   -0.32560885292650   -0.30410940227706
C        -0.12953594368275    0.90006531240935   -0.07354654537349
C         0.36464812060213   -0.20163896738082   -0.97616401878592
C         1.00286741627330   -0.14436865810454    0.37699555501203
C        -0.31972199589216   -0.22844883399750    0.97682441142445
5
 energy: -10.982603418880 gnorm: 0.004268452819 xtb: 6.2.2 (9d81278992624c895f80dd42a50cac0aa55982e2)
N        -0.91775021394047   -0.32638894160428   -0.30551802389455
C        -0.12847478424612    0.90023318877144   -0.07276212992039
C         0.36339068419895   -0.20190861738247   -0.97517808268392
C         1.00334864507247   -0.14373294614001    0.37604046672498
C        -0.32051333108482   -0.22820268364468    0.97741776977388
5
 energy: -10.982653854042 gnorm: 0.003381378164 xtb: 6.2.2 (9d81278992624c895f80dd42a50cac0aa55982e2)
N        -0.91519400575252   -0.32940791888937   -0.31011789139105
C        -0.12518006543871    0.90097247167607   -0.06853927818610
C         0.35936897786623   -0.20347095225321   -0.97265571756988
C         1.00468165806353   -0.14177036749421    0.37228814360059
C        -0.32367556473854   -0.22632323303928    0.97902474354644
5
 energy: -10.982668283595 gnorm: 0.003439955965 xtb: 6.2.2 (9d81278992624c895f80dd42a50cac0aa55982e2)
N        -0.91417405141170   -0.33034558152642   -0.31163122624691
C        -0.12446216793913    0.90123548040771   -0.06579708567424
C         0.35836720332559   -0.20483782176439   -0.97221776690782
C         1.00527653345400   -0.14097010476845    0.37063384908318
C        -0.32500651742876   -0.22508197234845    0.97901222974579
5
 energy: -10.982700037534 gnorm: 0.002301941006 xtb: 6.2.2 (9d81278992624c895f80dd42a50cac0aa55982e2)
N        -0.91141701557882   -0.33242881396545   -0.31567023525083
C        -0.12363412240240    0.90172901216063   -0.05647931614310
C         0.35667698537820   -0.20975949336446   -0.97158315235430
C         1.00718355805429   -0.13884615663939    0.36544088797561
C        -0.32880840545128   -0.22069454819132    0.97829181577262
5
 energy: -10.982708643705 gnorm: 0.001775007827 xtb: 6.2.2 (9d81278992624c895f80dd42a50cac0aa55982e2)
N        -0.91085864359588   -0.33242491399449   -0.31679047481419
C        -0.12450734675423    0.90164673273411   -0.05322377275991
C         0.35717461486101   -0.21165393075695   -0.97150726272630
C         1.00788237125955   -0.13858388381800    0.36352747580210
C        -0.32968999577045   -0.21898400416466    0.97799403449830
5
 energy: -10.982718350886 gnorm: 0.002433723412 xtb: 6.2.2 (9d81278992624c895f80dd42a50cac0aa55982e2)
N        -0.91043361826595   -0.33146955827326   -0.31867285004184
C        -0.12747566642207    0.90117451184338   -0.04883997383836
C         0.35914908126882   -0.21435017768842   -0.97097513361573
C         1.00896551372721   -0.13914356326114    0.36030880487931
C        -0.33020431030801   -0.21621121262056    0.97817915261663
5
 energy: -10.982723679765 gnorm: 0.001911971599 xtb: 6.2.2 (9d81278992624c895f80dd42a50cac0aa55982e2)
N        -0.91042729496717   -0.33094859223077   -0.31951548075554
C        -0.12881016268011    0.90094341009994   -0.04832483746370
C         0.35986828241084   -0.21467010910328   -0.97037109573895
C         1.00922751633332   -0.13981692517284    0.35941371778592
C        -0.32985734109688   -0.21550778359305    0.97879769617227
5
 energy: -10.982728696814 gnorm: 0.000813801811 xtb: 6.2.2 (9d81278992624c895f80dd42a50cac0aa55982e2)
N        -0.91019310883537   -0.32948412206966   -0.32315537494428
C        -0.13352307182565    0.90012456496284   -0.04630693009781
C         0.36196647497913   -0.21561262102039   -0.96785703614072
C         1.01033253430383   -0.14247449961829    0.35609207526029
C        -0.32858182862194   -0.21255332225449    0.98122726592251
5
 energy: -10.982730273453 gnorm: 0.000168824145 xtb: 6.2.2 (9d81278992624c895f80dd42a50cac0aa55982e2)
N        -0.91031049549765   -0.33018479638932   -0.32198242052603
C        -0.13185280194512    0.90043134593340   -0.04730720476791
C         0.36103588330248   -0.21494155499868   -0.96866090643106
C         1.00997394935212   -0.14179080388612    0.35750666608840
C        -0.32884553521183   -0.21351419065928    0.98044386563661
