4
 energy: -8.759887581638 gnorm: 0.210319455566 xtb: 6.2.2 (9d81278992624c895f80dd42a50cac0aa55982e2)
C         1.33682100000000   -0.47914100000000   -0.13088300000000
C        -0.00186900000000    0.01686200000000    0.37318800000000
C        -1.09945800000000   -0.89977400000000   -0.12407800000000
N        -0.23549400000000    1.36205300000000   -0.11822700000000
4
 energy: -8.809761144856 gnorm: 0.111014107885 xtb: 6.2.2 (9d81278992624c895f80dd42a50cac0aa55982e2)
C         1.26503374723921   -0.49159446808551   -0.09410556394210
C        -0.00745243541341    0.04720138710619    0.25053851855058
C        -1.02745383657305   -0.88740869373209   -0.08770117171236
N        -0.23012747525275    1.33180177471142   -0.06873178289611
4
 energy: -8.836590251855 gnorm: 0.097544850543 xtb: 6.2.2 (9d81278992624c895f80dd42a50cac0aa55982e2)
C         1.11450628821758   -0.56207983904045   -0.08528361990946
C        -0.02461577772874    0.14563803381476    0.18842573172031
C        -0.86195790967544   -0.90331562573048   -0.07976410475210
N        -0.22793260081340    1.31975743095617   -0.02337800705875
4
 energy: -8.888066866103 gnorm: 0.123835831651 xtb: 6.2.2 (9d81278992624c895f80dd42a50cac0aa55982e2)
C         0.97274825440487   -0.72447203313821   -0.05922233404197
C        -0.04817139764640    0.27999630721063    0.05941680952560
C        -0.67381561331150   -1.00874566043465   -0.05462514398183
N        -0.25076124344698    1.45322138636223    0.05443066849820
4
 energy: -8.867857911868 gnorm: 0.509216157760 xtb: 6.2.2 (9d81278992624c895f80dd42a50cac0aa55982e2)
C         0.73912407524546   -0.88155633666167   -0.05916291915962
C        -0.07013752250929    0.40648161941317    0.01362631313156
C        -0.40104869480828   -1.07840176305867   -0.05598016679655
N        -0.26793785792789    1.55347648030718    0.10151677282462
4
 energy: -8.918854748907 gnorm: 0.122455253218 xtb: 6.2.2 (9d81278992624c895f80dd42a50cac0aa55982e2)
C         0.89313794418507   -0.81727168807354   -0.03843410128836
C        -0.05734212490127    0.33177779165527   -0.02317085858250
C        -0.56758646203705   -1.06946032318468   -0.03435608435416
N        -0.26820935724675    1.55495421960295    0.09596104422502
4
 energy: -8.925501447070 gnorm: 0.065067714345 xtb: 6.2.2 (9d81278992624c895f80dd42a50cac0aa55982e2)
C         0.86182701815588   -0.78600953327349   -0.06509021273295
C        -0.05254859133494    0.30546837586640    0.06844547446923
C        -0.54871831664859   -1.02954821178590   -0.06115051782066
N        -0.26056011017235    1.51008936919299    0.05779525608439
4
 energy: -8.929858740720 gnorm: 0.016828237567 xtb: 6.2.2 (9d81278992624c895f80dd42a50cac0aa55982e2)
C         0.82845623025658   -0.81579959980640   -0.05925555976984
C        -0.05681461221302    0.32974991181577    0.04177691179191
C        -0.50725857128705   -1.04641526932434   -0.05552517191913
N        -0.26438304675651    1.53246495731497    0.07300381989705
4
 energy: -8.930035559877 gnorm: 0.003305333512 xtb: 6.2.2 (9d81278992624c895f80dd42a50cac0aa55982e2)
C         0.83433790815280   -0.81992805575347   -0.05546990674780
C        -0.05753462682609    0.33370567951133    0.02867338635207
C        -0.51139489583022   -1.05227426882196   -0.05171136629516
N        -0.26540838549648    1.53849664506409    0.07850788669088
4
 energy: -8.930040673163 gnorm: 0.001465607463 xtb: 6.2.2 (9d81278992624c895f80dd42a50cac0aa55982e2)
C         0.83336756688887   -0.82022916765582   -0.05494422184611
C        -0.05746239639618    0.33326460922575    0.02723784874955
C        -0.51037660944239   -1.05223112228962   -0.05119126705295
N        -0.26552856105030    1.53919568071970    0.07889764014951
4
 energy: -8.930042675895 gnorm: 0.000710101320 xtb: 6.2.2 (9d81278992624c895f80dd42a50cac0aa55982e2)
C         0.83321835654092   -0.82010201074122   -0.05461614292009
C        -0.05750641887706    0.33350020867020    0.02615398902906
C        -0.51027672422650   -1.05206103200795   -0.05086375801432
N        -0.26543521343736    1.53866283407897    0.07932591190536
