5
 energy: -9.474604312094 gnorm: 0.117232519283 xtb: 6.2.2 (9d81278992624c895f80dd42a50cac0aa55982e2)
C         0.84041800000000    0.05614700000000   -0.41301500000000
C        -0.42440100000000    0.76651100000000   -0.26193900000000
C        -1.33250600000000   -0.05454000000000    0.52944000000000
N        -0.42168600000000   -0.70634400000000   -0.42842400000000
H         1.33817500000000   -0.06177400000000    0.57393900000000
5
 energy: -9.492212792753 gnorm: 0.070782416212 xtb: 6.2.2 (9d81278992624c895f80dd42a50cac0aa55982e2)
C         0.79896644501766    0.05444846534158   -0.36953523329599
C        -0.43678493745906    0.78029045388447   -0.21971604093790
C        -1.36521602476614   -0.04238099549317    0.44633769337014
N        -0.41806847611610   -0.72805076511774   -0.38479300375954
H         1.42110299332364   -0.06430715861515    0.52770758462329
5
 energy: -9.503226580534 gnorm: 0.045388511529 xtb: 6.2.2 (9d81278992624c895f80dd42a50cac0aa55982e2)
C         0.73665188349442    0.04775656632873   -0.31106293897602
C        -0.44547443364177    0.81515496704592   -0.18019591415286
C        -1.36336522123797   -0.03652392464390    0.35498389223949
N        -0.41023497358974   -0.75883805777331   -0.33684373519769
H         1.48242274497507   -0.06754955095744    0.47311969608708
5
 energy: -9.507347879484 gnorm: 0.036977846534 xtb: 6.2.2 (9d81278992624c895f80dd42a50cac0aa55982e2)
C         0.71647700134601    0.03748566429714   -0.28050113453889
C        -0.43359549167393    0.84387735353879   -0.12086221040729
C        -1.45304940171653   -0.03985004429769    0.26291692749451
N        -0.40097882492138   -0.78013239136595   -0.26786453207503
H         1.57114671696583   -0.06138058217229    0.40631194952669
5
 energy: -9.508991280728 gnorm: 0.019299464277 xtb: 6.2.2 (9d81278992624c895f80dd42a50cac0aa55982e2)
C         0.70733661308811    0.03629719770034   -0.25104460610465
C        -0.43412301784606    0.85960612052950   -0.11674338108525
C        -1.45074734597020   -0.04458815637556    0.23986727715819
N        -0.39970043825230   -0.78703944332863   -0.24993239045933
H         1.57723418898046   -0.06427571852565    0.37785410049104
5
 energy: -9.510072055553 gnorm: 0.017422266084 xtb: 6.2.2 (9d81278992624c895f80dd42a50cac0aa55982e2)
C         0.69583362753852    0.03890362555169   -0.20418045167093
C        -0.44311120189146    0.87425063235507   -0.11711644102731
C        -1.46520373708655   -0.04918688325767    0.20749312253646
N        -0.40338669377450   -0.79175456053551   -0.22686953423068
H         1.61586800521399   -0.07221281411358    0.34067430439247
5
 energy: -9.510818482726 gnorm: 0.017211034050 xtb: 6.2.2 (9d81278992624c895f80dd42a50cac0aa55982e2)
C         0.69161658798999    0.04292565520688   -0.16176043644529
C        -0.44889454043025    0.87852593231261   -0.11996125961561
C        -1.48199303853154   -0.05190279201017    0.18586373938977
N        -0.40363678907328   -0.79007058018016   -0.20887348274690
H         1.64290778004508   -0.07947821532916    0.30473243941802
5
 energy: -9.511634812797 gnorm: 0.018878454424 xtb: 6.2.2 (9d81278992624c895f80dd42a50cac0aa55982e2)
C         0.68036065063959    0.04610051524808   -0.09143547552191
C        -0.45646880184712    0.87883989446088   -0.12141220589252
C        -1.51354492927144   -0.05320226334563    0.15091774787788
N        -0.40320727012994   -0.78470490507426   -0.18474174023892
H         1.69286035060891   -0.08703324128908    0.24667267377547
5
 energy: -9.512562863364 gnorm: 0.013575512413 xtb: 6.2.2 (9d81278992624c895f80dd42a50cac0aa55982e2)
C         0.67677509563094    0.04777434967222   -0.01495876665857
C        -0.46011818817277    0.86595849111459   -0.13333553449369
C        -1.52964325898466   -0.05325477217541    0.13720611980373
N        -0.40096903139299   -0.76935356484807   -0.17649887972005
H         1.71395538291948   -0.09112450376333    0.18758806106857
5
 energy: -9.512867503418 gnorm: 0.019868926266 xtb: 6.2.2 (9d81278992624c895f80dd42a50cac0aa55982e2)
C         0.66749664571606    0.04899230566005    0.05107137073534
C        -0.46161545307720    0.86146617124076   -0.13362398134119
C        -1.54695075515793   -0.05011355440010    0.11501455287689
N        -0.39286274336179   -0.76559919043822   -0.16294418113296
H         1.73393230588085   -0.09474573206249    0.13048323886191
5
 energy: -9.513332240416 gnorm: 0.013215196159 xtb: 6.2.2 (9d81278992624c895f80dd42a50cac0aa55982e2)
C         0.66524115657071    0.04628689389689    0.08331546395210
C        -0.45580488399977    0.85297262878991   -0.13420857659354
C        -1.53935156005930   -0.04396117796150    0.11953068532747
N        -0.38374779697581   -0.76494031589966   -0.17145336126861
H         1.71366308446417   -0.09035802882564    0.10281678858258
5
 energy: -9.513502203326 gnorm: 0.011416094776 xtb: 6.2.2 (9d81278992624c895f80dd42a50cac0aa55982e2)
C         0.66040282031149    0.03901312990207    0.12183207283244
C        -0.45351468514318    0.85209393475700   -0.13077805519749
C        -1.54076519965155   -0.04190085386473    0.11046866354352
N        -0.38669720356616   -0.76695775086050   -0.17537234523239
H         1.72057426804939   -0.08224845993384    0.07385066405392
5
 energy: -9.513619493860 gnorm: 0.004256392665 xtb: 6.2.2 (9d81278992624c895f80dd42a50cac0aa55982e2)
C         0.66141575556896    0.03167964828766    0.11135492216978
C        -0.45000961371989    0.85649023381207   -0.12103147352689
C        -1.53761392088061   -0.04109397293013    0.10954990893314
N        -0.39130715367789   -0.77393007270474   -0.18108949985154
H         1.71751493270943   -0.07314583646487    0.08121714227551
5
 energy: -9.513643013530 gnorm: 0.003508281252 xtb: 6.2.2 (9d81278992624c895f80dd42a50cac0aa55982e2)
C         0.66097727310327    0.02985232286308    0.11630696973576
C        -0.44967915700536    0.85695004606549   -0.11610116898803
C        -1.53931521740591   -0.03891333277168    0.10535243824522
N        -0.38909198281774   -0.77649081497279   -0.17992843587541
H         1.71710908412574   -0.07139822118410    0.07437119688246
5
 energy: -9.513651368408 gnorm: 0.002234470349 xtb: 6.2.2 (9d81278992624c895f80dd42a50cac0aa55982e2)
C         0.66103144956075    0.02884984553566    0.11748818060341
C        -0.45018867281612    0.85612972723863   -0.11421279088321
C        -1.53915648108732   -0.03766879678246    0.10423346797672
N        -0.38878162075354   -0.77692514285330   -0.18048655813447
H         1.71709532509623   -0.07038563313853    0.07297870043754
5
 energy: -9.513657273480 gnorm: 0.000912068309 xtb: 6.2.2 (9d81278992624c895f80dd42a50cac0aa55982e2)
C         0.66130664590976    0.02736930855860    0.11762811211574
C        -0.45014619180654    0.85457288873770   -0.11116319621733
C        -1.53969525626561   -0.03642376261320    0.10242882557939
N        -0.38923965580319   -0.77704053335431   -0.18094179145096
H         1.71777445796557   -0.06847790132879    0.07204904997316
5
 energy: -9.513658208262 gnorm: 0.000351819809 xtb: 6.2.2 (9d81278992624c895f80dd42a50cac0aa55982e2)
C         0.66165676390954    0.02725652621639    0.11687866052763
C        -0.44994976075761    0.85375303163494   -0.11011124441124
C        -1.54012453351473   -0.03613936992995    0.10174913249460
N        -0.38993698317297   -0.77698864377312   -0.18087030377952
H         1.71835451353577   -0.06788154414826    0.07235475516853
