5
 energy: -7.794126642611 gnorm: 0.078709099425 xtb: 6.2.2 (9d81278992624c895f80dd42a50cac0aa55982e2)
C         0.94306400000000    0.03834900000000    0.74219300000000
N        -0.32030200000000    0.00149500000000   -0.00395800000000
C         0.96065900000000   -0.04723400000000   -0.71876700000000
H        -0.79672100000000   -0.92667500000000    0.04470800000000
H        -0.78670000000000    0.93406500000000   -0.06417700000000
5
 energy: -7.800375982139 gnorm: 0.030856334683 xtb: 6.2.2 (9d81278992624c895f80dd42a50cac0aa55982e2)
C         0.95845075009906    0.03959303752833    0.76486383889754
N        -0.30785879432002    0.00143707321073   -0.00379545828731
C         0.97657529435256   -0.04862374087611   -0.74105054453814
H        -0.81836932830520   -0.88480791498489    0.04198893717146
H        -0.80879792182641    0.89240154512193   -0.06200777324355
5
 energy: -7.802262238141 gnorm: 0.011671624326 xtb: 6.2.2 (9d81278992624c895f80dd42a50cac0aa55982e2)
C         0.97546300659537    0.04046548208066    0.78132966337983
N        -0.29155658137516    0.00136098057082   -0.00358760545232
C         0.99397064327272   -0.04965627208319   -0.75709180903838
H        -0.84354163786143   -0.85073433867085    0.03968545586925
H        -0.83433543063150    0.85856414810256   -0.06033670475839
5
 energy: -7.802410500658 gnorm: 0.007229989017 xtb: 6.2.2 (9d81278992624c895f80dd42a50cac0aa55982e2)
C         0.97970374450791    0.04066274921494    0.78508601164787
N        -0.28384217807682    0.00132482175110   -0.00349266079759
C         0.99830103035815   -0.04989327351989   -0.76074303424285
H        -0.85164792668199   -0.84388261397051    0.03918656735955
H        -0.84251467010726    0.85178831652435   -0.06003788396698
5
 energy: -7.802443956664 gnorm: 0.003489910045 xtb: 6.2.2 (9d81278992624c895f80dd42a50cac0aa55982e2)
C         0.97976385859095    0.04070706958211    0.78584607912879
N        -0.27956958588937    0.00130476389089   -0.00344035882633
C         0.99838072397676   -0.04993810187518   -0.76150191520489
H        -0.85384392142919   -0.84195246286545    0.03904741295310
H        -0.84473107524915    0.84987873126763   -0.05995221805067
5
 energy: -7.802453308763 gnorm: 0.000827944856 xtb: 6.2.2 (9d81278992624c895f80dd42a50cac0aa55982e2)
C         0.97860536841727    0.04069719468114    0.78556924579021
N        -0.27756118094829    0.00129548131920   -0.00341288196609
C         0.99721544103063   -0.04991731490097   -0.76125424674182
H        -0.85368429708143   -0.84157923504595    0.03902634229594
H        -0.84457533141818    0.84950387394658   -0.05992945937825
5
 energy: -7.802453973071 gnorm: 0.000309883670 xtb: 6.2.2 (9d81278992624c895f80dd42a50cac0aa55982e2)
C         0.97784315986244    0.04067567052922    0.78513087347002
N        -0.27741036731890    0.00129436863967   -0.00341735088279
C         0.99644910618636   -0.04988866759941   -0.76083556643846
H        -0.85299618356433   -0.84171644056472    0.03904627490913
H        -0.84388571516557    0.84963506899526   -0.05992523105791
