5
 energy: -10.871393953156 gnorm: 0.106234070098 xtb: 6.2.2 (9d81278992624c895f80dd42a50cac0aa55982e2)
C         1.46722700000000   -0.21713300000000    0.41341800000000
N         0.32021800000000   -0.03453900000000   -0.45640000000000
C        -0.80916500000000    0.10233600000000    0.51248600000000
C        -0.32096700000000    1.26453100000000   -0.20677100000000
C        -0.65731300000000   -1.11519500000000   -0.26273300000000
5
 energy: -10.886903723745 gnorm: 0.078746153165 xtb: 6.2.2 (9d81278992624c895f80dd42a50cac0aa55982e2)
C         1.49293649358866   -0.21959596078369    0.36323290580872
N         0.34451655584962   -0.03892423348793   -0.41566466324642
C        -0.89259867830227    0.11516995272866    0.46828538424179
C        -0.30697511867498    1.24231897777380   -0.18040069673016
C        -0.63787925246104   -1.09896873623083   -0.23545293007394
5
 energy: -10.906362487746 gnorm: 0.078549045068 xtb: 6.2.2 (9d81278992624c895f80dd42a50cac0aa55982e2)
C         1.52186772163702   -0.22164736508136    0.27616493656900
N         0.40663634662260   -0.04945157920201   -0.34094521387088
C        -1.02459630268950    0.13502111991884    0.41762374436553
C        -0.29297056605389    1.19293975585368   -0.14997454148236
C        -0.61093719951623   -1.05686193148915   -0.20286892558129
5
 energy: -10.931810403595 gnorm: 0.341371241628 xtb: 6.2.2 (9d81278992624c895f80dd42a50cac0aa55982e2)
C         1.61794617454468   -0.23134580912749    0.11025552189981
N         0.56554100876604   -0.07512442388750   -0.20352011195927
C        -1.30948932424252    0.17731951879618    0.33161004547814
C        -0.29601004071369    1.06221220793590   -0.09572411842546
C        -0.57798781835451   -0.93306149371709   -0.14262133699322
5
 energy: -10.970728621564 gnorm: 0.127750670388 xtb: 6.2.2 (9d81278992624c895f80dd42a50cac0aa55982e2)
C         1.75244524620023   -0.24934281176254    0.06676441621754
N         0.59761671428219   -0.08168497072056   -0.11679548796008
C        -1.41825832218109    0.19369744537202    0.28884148281467
C        -0.33082240975919    1.02449299359113   -0.09694367805929
C        -0.60098122854214   -0.88716265648005   -0.14186673301284
5
 energy: -10.971325999766 gnorm: 0.108389247942 xtb: 6.2.2 (9d81278992624c895f80dd42a50cac0aa55982e2)
C         1.87329081924998   -0.26595432339385    0.04823328621528
N         0.67008811791143   -0.09398576559056   -0.02973880555155
C        -1.45176990516397    0.19864462688935    0.27941380816755
C        -0.42449151365201    0.93887505775245   -0.12878077625868
C        -0.66711751834542   -0.77757959565739   -0.16912751257260
5
 energy: -10.978544338678 gnorm: 0.064107308761 xtb: 6.2.2 (9d81278992624c895f80dd42a50cac0aa55982e2)
C         1.86139372194219   -0.26355885868407    0.01883053080812
N         0.64443537321732   -0.09030877809772   -0.03240776389183
C        -1.51245095362600    0.20812093327464    0.24093803211473
C        -0.37004330990359    0.96872524549858   -0.09261718139416
C        -0.62333483162994   -0.82297854199143   -0.13474361763685
5
 energy: -10.973652155455 gnorm: 0.055394253834 xtb: 6.2.2 (9d81278992624c895f80dd42a50cac0aa55982e2)
C         1.76948515394353   -0.25243617158826    0.09908851326962
N         0.56720119751273   -0.07710997880065   -0.13010843773380
C        -1.36681343116704    0.18668085077074    0.27708593037772
C        -0.34924335981372    1.03123428108615   -0.10046060374783
C        -0.62062956047550   -0.88836898146798   -0.14560540216571
5
 energy: -10.981155473912 gnorm: 0.015429391525 xtb: 6.2.2 (9d81278992624c895f80dd42a50cac0aa55982e2)
C         1.82564063278995   -0.25930631694836    0.05293610298943
N         0.61950120827761   -0.08580688003356   -0.07410955405529
C        -1.44907464357292    0.19892262506314    0.25113047785256
C        -0.36896719931124    0.98608089527318   -0.09351190727059
C        -0.62709999818339   -0.83989032335440   -0.13644511951611
5
 energy: -10.981562222808 gnorm: 0.015170486174 xtb: 6.2.2 (9d81278992624c895f80dd42a50cac0aa55982e2)
C         1.83720729405014   -0.26070696228093    0.04301865083308
N         0.62553625582051   -0.08688367254282   -0.06461740291567
C        -1.46629787026325    0.20172479291451    0.23547772157717
C        -0.37015923508225    0.97881664427947   -0.08563969172337
C        -0.62628644452514   -0.83295080237023   -0.12823927777120
5
 energy: -10.981839975551 gnorm: 0.014659123939 xtb: 6.2.2 (9d81278992624c895f80dd42a50cac0aa55982e2)
C         1.84065021720587   -0.26106465348475    0.03743061313525
N         0.62704874764257   -0.08715596039947   -0.06212316390102
C        -1.47342926038967    0.20313580083458    0.21835051992164
C        -0.36925405323659    0.97714634495679   -0.07555990284074
C        -0.62501565122218   -0.83206153190716   -0.11809806631513
5
 energy: -10.982244594347 gnorm: 0.014187828543 xtb: 6.2.2 (9d81278992624c895f80dd42a50cac0aa55982e2)
C         1.84094926949257   -0.26092312624386    0.02924457294071
N         0.62741578714577   -0.08724542232577   -0.06042733298454
C        -1.47898570414271    0.20470458169443    0.18521905168568
C        -0.36632287812938    0.97982351686678   -0.05566831042243
C        -0.62305647436626   -0.83635954999158   -0.09836798121942
5
 energy: -10.982501840420 gnorm: 0.011387223986 xtb: 6.2.2 (9d81278992624c895f80dd42a50cac0aa55982e2)
C         1.83858132715905   -0.26042018893743    0.02239630671570
N         0.62759933259861   -0.08734629282386   -0.05750048419725
C        -1.47952252357426    0.20544399695806    0.15693449600618
C        -0.36410383034499    0.98529793064272   -0.03942117143461
C        -0.62255430583841   -0.84297544583948   -0.08240914709001
5
 energy: -10.982669930196 gnorm: 0.008238464125 xtb: 6.2.2 (9d81278992624c895f80dd42a50cac0aa55982e2)
C         1.83661304006153   -0.25995503319762    0.01437156787593
N         0.62834116706395   -0.08762269211583   -0.05024461787764
C        -1.47950297842637    0.20606065337832    0.13068363762296
C        -0.36266907447776    0.99079148220720   -0.02577238571599
C        -0.62278215422135   -0.84927441027207   -0.06903820190526
5
 energy: -10.982778960478 gnorm: 0.006695395150 xtb: 6.2.2 (9d81278992624c895f80dd42a50cac0aa55982e2)
C         1.83588635011277   -0.25965169958025    0.00620636949156
N         0.62894138635772   -0.08796459124884   -0.03956812822880
C        -1.47966650776009    0.20656611047494    0.11004016362963
C        -0.36202226905930    0.99406984097867   -0.01662178237143
C        -0.62313895965109   -0.85301966062452   -0.06005662252097
5
 energy: -10.982878479922 gnorm: 0.005373082095 xtb: 6.2.2 (9d81278992624c895f80dd42a50cac0aa55982e2)
C         1.83543554050916   -0.25936873132569   -0.00306695286400
N         0.62876652470400   -0.08829036122762   -0.02476192970278
C        -1.47995587898172    0.20702228154044    0.09226354395833
C        -0.36133495957020    0.99548508874487   -0.01046206087095
C        -0.62291122666124   -0.85484827773200   -0.05397260052060
5
 energy: -10.982954462837 gnorm: 0.003566262759 xtb: 6.2.2 (9d81278992624c895f80dd42a50cac0aa55982e2)
C         1.83454113173578   -0.25908486740676   -0.01038197688549
N         0.62741857781858   -0.08843223605404   -0.01031800266437
C        -1.47975901278312    0.20718152004506    0.08449155448733
C        -0.36043710978568    0.99452242895624   -0.01016284554546
C        -0.62176358698556   -0.85418684554050   -0.05362872939201
5
 energy: -10.983000352924 gnorm: 0.002162879883 xtb: 6.2.2 (9d81278992624c895f80dd42a50cac0aa55982e2)
C         1.83343537821847   -0.25885626475089   -0.01321279364452
N         0.62547763330690   -0.08836433277785   -0.00163195861616
C        -1.47952890408691    0.20702889513943    0.08951214083373
C        -0.35932203530619    0.99234603385456   -0.01564910321986
C        -0.62006207213226   -0.85215433146525   -0.05901828535320
5
 energy: -10.983020471269 gnorm: 0.001629281687 xtb: 6.2.2 (9d81278992624c895f80dd42a50cac0aa55982e2)
C         1.83288935667850   -0.25881767330598   -0.01176243743457
N         0.62397306368932   -0.08819780855292    0.00050373277497
C        -1.47901407067777    0.20665062934616    0.10264129214643
C        -0.35884655214266    0.99038332231254   -0.02405546552283
C        -0.61900179754738   -0.85001846979980   -0.06732712196400
5
 energy: -10.983023891539 gnorm: 0.000796919007 xtb: 6.2.2 (9d81278992624c895f80dd42a50cac0aa55982e2)
C         1.83341775759778   -0.25894032276481   -0.00949600221995
N         0.62403214226112   -0.08814767122607   -0.00204392372658
C        -1.47905858929305    0.20650492572204    0.10912906599131
C        -0.35911567442639    0.99048196422535   -0.02715724965826
C        -0.61927563613947   -0.84989889595651   -0.07043189038651
