5
 energy: -10.876762013212 gnorm: 0.142898485632 xtb: 6.2.2 (9d81278992624c895f80dd42a50cac0aa55982e2)
C        -1.36780900000000    0.58710200000000   -0.20136500000000
C        -0.46427200000000   -0.56061600000000   -0.60221500000000
N         0.78466100000000   -0.54639700000000    0.17974900000000
C        -0.48624400000000   -0.13111100000000    0.79930300000000
C         1.53366300000000    0.65102200000000   -0.17547100000000
5
 energy: -10.899332204632 gnorm: 0.083002861635 xtb: 6.2.2 (9d81278992624c895f80dd42a50cac0aa55982e2)
C        -1.36350647480643    0.51721346599770   -0.17987957523211
C        -0.44949230369432   -0.52522534394116   -0.63874812025594
N         0.75704698541422   -0.50987602419444    0.16812367003272
C        -0.47220654139045   -0.08120108674079    0.81014661484598
C         1.52815733447699    0.59908898887870   -0.15964158939065
5
 energy: -10.910124785875 gnorm: 0.089685117065 xtb: 6.2.2 (9d81278992624c895f80dd42a50cac0aa55982e2)
C        -1.23421190073330    0.47300147915077   -0.16430690268189
C        -0.44728570567290   -0.52602942560005   -0.68302311355463
N         0.70546513097285   -0.46848677040599    0.15462883313767
C        -0.47127860889221   -0.05704923609748    0.84732185767615
C         1.44731008432556    0.57856395295275   -0.15461967457730
5
 energy: -10.928396063624 gnorm: 0.105543786905 xtb: 6.2.2 (9d81278992624c895f80dd42a50cac0aa55982e2)
C        -1.27150920923098    0.39731075601757   -0.14169563944019
C        -0.46083385267781   -0.51595998605942   -0.72949217299663
N         0.66240074437519   -0.40388805385701    0.13415825841675
C        -0.48606718131778   -0.02280032201517    0.87976602211345
C         1.55600849885139    0.54533760591403   -0.14273546809338
5
 energy: -10.946768941566 gnorm: 0.109049859033 xtb: 6.2.2 (9d81278992624c895f80dd42a50cac0aa55982e2)
C        -1.31154370909189    0.32175784862591   -0.11916938463003
C        -0.47809981178725   -0.51283071009281   -0.77397942431612
N         0.62551888870971   -0.30297353362700    0.10265562764566
C        -0.50457579228235    0.00455690300194    0.91435026784434
C         1.66869942445178    0.48948949209196   -0.12385608654384
5
 energy: -10.962515735195 gnorm: 0.122158094855 xtb: 6.2.2 (9d81278992624c895f80dd42a50cac0aa55982e2)
C        -1.45750636310417    0.22548821926681   -0.09195221651203
C        -0.48194718018464   -0.49216275008244   -0.83589654168709
N         0.62070891558337   -0.15684011649020    0.05779862990395
C        -0.51001480202878    0.05632712748974    0.95391818423928
C         1.82875842973422    0.36718751981609   -0.08386705594412
5
 energy: -10.969070801159 gnorm: 0.062249006386 xtb: 6.2.2 (9d81278992624c895f80dd42a50cac0aa55982e2)
C        -1.40100852940133    0.24066405727248   -0.09571557981425
C        -0.48756727674114   -0.51596066620529   -0.84107560579034
N         0.62672604830164   -0.10757927359443    0.04279491627222
C        -0.51598410546178    0.03947289086770    0.97136971370343
C         1.77783286330260    0.34340299165954   -0.07737244437106
5
 energy: -10.974359963139 gnorm: 0.051643434005 xtb: 6.2.2 (9d81278992624c895f80dd42a50cac0aa55982e2)
C        -1.42681962369039    0.18284393477001   -0.07840162199565
C        -0.48253367142091   -0.48099754739066   -0.85605375230924
N         0.61897323460780   -0.07904345204296    0.03392459299765
C        -0.51106949736317    0.07687343127200    0.96432796371076
C         1.80144855786667    0.30032363339161   -0.06379618240353
5
 energy: -10.980728919221 gnorm: 0.034396184346 xtb: 6.2.2 (9d81278992624c895f80dd42a50cac0aa55982e2)
C        -1.48288919162080    0.08632274830673   -0.04969885663410
C        -0.47003982308437   -0.40810022767759   -0.86649721236438
N         0.62676998803497   -0.03721617469117    0.02123111190323
C        -0.49824344879014    0.14321431243498    0.93249495113705
C         1.82440147546034    0.21577934162705   -0.03752899404179
5
 energy: -10.982495137083 gnorm: 0.025151365775 xtb: 6.2.2 (9d81278992624c895f80dd42a50cac0aa55982e2)
C        -1.49421824076455    0.02968302280663   -0.03251844441791
C        -0.47787525838753   -0.37870671263143   -0.86780313600859
N         0.62587584457706    0.01331584853707    0.00572966480081
C        -0.50585184629602    0.16822751926464    0.91688447340364
C         1.85206850087104    0.16748032202310   -0.02229155777794
5
 energy: -10.982805404156 gnorm: 0.016071447512 xtb: 6.2.2 (9d81278992624c895f80dd42a50cac0aa55982e2)
C        -1.49124173785280    0.01284757662876   -0.02731301653431
C        -0.47752085130250   -0.36365761391468   -0.86289369977314
N         0.63198796088101    0.02343039676714    0.00272385367061
C        -0.50522154492460    0.17794878497015    0.90439973431998
C         1.84199517319889    0.14943085554863   -0.01691587168315
5
 energy: -10.982986396631 gnorm: 0.006510316272 xtb: 6.2.2 (9d81278992624c895f80dd42a50cac0aa55982e2)
C        -1.50313437676971   -0.00958445146170   -0.02062617489701
C        -0.47579911779415   -0.35204248489398   -0.87069637267531
N         0.63170149430194    0.04455092456411   -0.00375519410565
C        -0.50362013486554    0.19195722518092    0.90440364859411
C         1.85085113512746    0.12511878661065   -0.00932490691615
5
 energy: -10.983021599628 gnorm: 0.001014830058 xtb: 6.2.2 (9d81278992624c895f80dd42a50cac0aa55982e2)
C        -1.49738496323904   -0.00433121236788   -0.02214466449996
C        -0.47640242725779   -0.35645597547338   -0.87061096514089
N         0.62986069862298    0.04188899869355   -0.00296406462304
C        -0.50426591114214    0.18824257502375    0.90678863403344
C         1.84819160301600    0.13065561412397   -0.01106793976955
5
 energy: -10.983024478592 gnorm: 0.000367972837 xtb: 6.2.2 (9d81278992624c895f80dd42a50cac0aa55982e2)
C        -1.49683505040141   -0.00697554353722   -0.02132345614878
C        -0.47591534496639   -0.35510853509311   -0.87165113529538
N         0.62922850805306    0.04426523977359   -0.00369776318667
C        -0.50380191707447    0.18994154984933    0.90690715299562
C         1.84732280438922    0.12787728900741   -0.01023379836480
