5
 energy: -8.704907033694 gnorm: 0.169225659654 xtb: 6.2.2 (9d81278992624c895f80dd42a50cac0aa55982e2)
N        -0.47930900000000    0.20676500000000    0.38957500000000
C        -1.13643200000000   -0.98216500000000   -0.12777700000000
N         0.89008300000000   -0.08580200000000    0.50880600000000
H        -0.59233200000000    0.96522100000000   -0.32248700000000
H         1.31799000000000   -0.10401900000000   -0.44811600000000
5
 energy: -8.753531537235 gnorm: 0.134196646020 xtb: 6.2.2 (9d81278992624c895f80dd42a50cac0aa55982e2)
N        -0.48526862927402    0.22080633672837    0.30246466871092
C        -1.02847854399194   -0.96693428810917   -0.05955496174118
N         0.82916475015956   -0.18223934755049    0.47993400707223
H        -0.65452662960294    1.04002981641688   -0.30260016633311
H         1.33910905270935   -0.11166251748560   -0.42024254770887
5
 energy: -8.803186357926 gnorm: 0.166179569492 xtb: 6.2.2 (9d81278992624c895f80dd42a50cac0aa55982e2)
N        -0.51843019821026    0.24550168682727    0.17534328392256
C        -0.77363588379710   -0.91769960522947    0.04962926280736
N         0.69216618310095   -0.33835525897524    0.43283442680861
H        -0.71756028832160    1.14763703358439   -0.26815355561337
H         1.31746018722802   -0.13708385620696   -0.38965241792517
5
 energy: -8.816718828601 gnorm: 0.093860852666 xtb: 6.2.2 (9d81278992624c895f80dd42a50cac0aa55982e2)
N        -0.55605732914848    0.33715594597129    0.11797620411828
C        -0.56607361370677   -0.99257857969726    0.06197950670000
N         0.62470435232691   -0.37422963639307    0.41054433431226
H        -0.77108880308914    1.29778609744752   -0.20604819632131
H         1.26851539361748   -0.26813382732847   -0.38445084880923
5
 energy: -8.821413116082 gnorm: 0.070771515028 xtb: 6.2.2 (9d81278992624c895f80dd42a50cac0aa55982e2)
N        -0.56065931690569    0.33022556966791    0.15742555165369
C        -0.64178838744140   -0.97303575254408    0.01594450499744
N         0.68627804323147   -0.30556693723789    0.41712701065116
H        -0.79419947134831    1.24210916201711   -0.20010057905403
H         1.31036913246393   -0.29373204190306   -0.39039548824826
5
 energy: -8.824928998864 gnorm: 0.024740329588 xtb: 6.2.2 (9d81278992624c895f80dd42a50cac0aa55982e2)
N        -0.57186445918625    0.33915920383939    0.16944774390941
C        -0.59326759305626   -0.92426967829952    0.01356035908019
N         0.67632936048774   -0.32429604013462    0.41291525807524
H        -0.82286214002761    1.21550872735104   -0.20375923745684
H         1.31166483178237   -0.30610221275629   -0.39216312360799
5
 energy: -8.825343704819 gnorm: 0.013884858677 xtb: 6.2.2 (9d81278992624c895f80dd42a50cac0aa55982e2)
N        -0.57841616949212    0.34426800853162    0.15900960432802
C        -0.59747897195102   -0.93738151368691    0.03193389049452
N         0.67130278526859   -0.35429125010152    0.40735823595458
H        -0.82892102357144    1.23683655530251   -0.20980505783202
H         1.33351337974599   -0.28943180004570   -0.38849567294509
5
 energy: -8.825399571331 gnorm: 0.011201905613 xtb: 6.2.2 (9d81278992624c895f80dd42a50cac0aa55982e2)
N        -0.58049011095294    0.34529659100639    0.16355562038219
C        -0.57487600792465   -0.93885524272676    0.01794781151135
N         0.67601539360620   -0.33228874687203    0.40938035740518
H        -0.83827345573766    1.24875122352540   -0.20119187155960
H         1.31762418100906   -0.32290382493300   -0.38969091773911
5
 energy: -8.825619380963 gnorm: 0.007080927879 xtb: 6.2.2 (9d81278992624c895f80dd42a50cac0aa55982e2)
N        -0.58160307968271    0.34459372867600    0.16952870457919
C        -0.58671272954196   -0.93611952792205    0.02058573295225
N         0.67575530604398   -0.33934790881331    0.40928292887801
H        -0.82323723966074    1.23380518690924   -0.20856461508095
H         1.31579774284142   -0.30293147884988   -0.39083175132851
5
 energy: -8.825671416763 gnorm: 0.004461673333 xtb: 6.2.2 (9d81278992624c895f80dd42a50cac0aa55982e2)
N        -0.58456163004011    0.34382025087457    0.17273824490925
C        -0.58753683704188   -0.93588459492873    0.02236563376908
N         0.67416134366606   -0.34248968543094    0.40734710604181
H        -0.82160094328173    1.23413662917961   -0.21131111699909
H         1.31953806669765   -0.29958259969451   -0.39113886772104
5
 energy: -8.825780801612 gnorm: 0.005713007542 xtb: 6.2.2 (9d81278992624c895f80dd42a50cac0aa55982e2)
N        -0.59330272706995    0.34420227555123    0.18691309614114
C        -0.58524463955514   -0.93654666267484    0.02285961795887
N         0.67057229149005   -0.34787968611135    0.40357027517816
H        -0.81060064344200    1.23218810867351   -0.21991292070747
H         1.31857571857705   -0.29196403543855   -0.39342906857070
5
 energy: -8.825933534165 gnorm: 0.013844743080 xtb: 6.2.2 (9d81278992624c895f80dd42a50cac0aa55982e2)
N        -0.61400067938613    0.34621795375163    0.23123513987683
C        -0.57959646986385   -0.93721412570844    0.01916145504892
N         0.66243672877958   -0.35819345687197    0.39471769225220
H        -0.77853769862663    1.22155457501304   -0.24478244934583
H         1.30969811909703   -0.27236494618426   -0.40033083783213
5
 energy: -8.826050980061 gnorm: 0.010686739246 xtb: 6.2.2 (9d81278992624c895f80dd42a50cac0aa55982e2)
N        -0.61336448088167    0.34929858288622    0.23777741395749
C        -0.57750786562513   -0.93543537196387    0.01595775387526
N         0.66139225751827   -0.35802698702366    0.39377017220339
H        -0.77728308112520    1.21649786805889   -0.24679775123091
H         1.30676317011372   -0.27233409195758   -0.40070658880523
5
 energy: -8.826488277589 gnorm: 0.011340387037 xtb: 6.2.2 (9d81278992624c895f80dd42a50cac0aa55982e2)
N        -0.61637178432596    0.36732393787151    0.30886291307700
C        -0.57210548730727   -0.92436840547345   -0.00544149037933
N         0.65097522053684   -0.36617023309725    0.38130439998077
H        -0.75216468832334    1.17615674704775   -0.27941195844365
H         1.28966673941973   -0.25294204634855   -0.40531286423479
5
 energy: -8.826703385758 gnorm: 0.012262016323 xtb: 6.2.2 (9d81278992624c895f80dd42a50cac0aa55982e2)
N        -0.59970034351687    0.37731463305062    0.32172750993108
C        -0.57862929123725   -0.91614286920482   -0.01335999721478
N         0.64779090684280   -0.36897913804601    0.37576423381585
H        -0.76465589560610    1.15812878327354   -0.28390061699507
H         1.29519462351741   -0.25032140907333   -0.40023012953708
5
 energy: -8.826795926831 gnorm: 0.009534679891 xtb: 6.2.2 (9d81278992624c895f80dd42a50cac0aa55982e2)
N        -0.59827848022238    0.39535028615851    0.37193802762711
C        -0.57502941145717   -0.90474150769778   -0.02340935558963
N         0.63374334373939   -0.38750154118556    0.35838975861349
H        -0.76037149622467    1.12981985581625   -0.30880917901066
H         1.29993604416483   -0.23292709309143   -0.39810825164030
5
 energy: -8.826983184423 gnorm: 0.007168119839 xtb: 6.2.2 (9d81278992624c895f80dd42a50cac0aa55982e2)
N        -0.59809397168198    0.38775753074842    0.34475181848796
C        -0.58023837421415   -0.91008329877843   -0.01383445974964
N         0.63659678149116   -0.38397116190229    0.35838000259292
H        -0.77184644834036    1.14700685981812   -0.29541341204173
H         1.31358201274533   -0.24070992988581   -0.39388294928951
5
 energy: -8.827044691405 gnorm: 0.004070916648 xtb: 6.2.2 (9d81278992624c895f80dd42a50cac0aa55982e2)
N        -0.59705780821552    0.38943005756818    0.35403101451076
C        -0.58534222130757   -0.90915560134210   -0.01551656595853
N         0.63489480411450   -0.38462395024569    0.35045998254426
H        -0.77363473575583    1.14289001896378   -0.29883668958843
H         1.32113996116441   -0.23854052494417   -0.39013674150806
5
 energy: -8.827088879905 gnorm: 0.003275847803 xtb: 6.2.2 (9d81278992624c895f80dd42a50cac0aa55982e2)
N        -0.59615916206246    0.39458264179137    0.36500419624142
C        -0.58572280743157   -0.90714081639744   -0.01658844404774
N         0.63012516588426   -0.38946368394061    0.33911309648471
H        -0.77739234504920    1.13836526794957   -0.30293572115407
H         1.32914914865897   -0.23634340940288   -0.38459212752432
5
 energy: -8.827101259302 gnorm: 0.002090802221 xtb: 6.2.2 (9d81278992624c895f80dd42a50cac0aa55982e2)
N        -0.59628594342666    0.39677884328186    0.36919385252997
C        -0.58629851669200   -0.90720071454160   -0.01667323419204
N         0.62763607629551   -0.39111053162385    0.33351298099184
H        -0.77669795419882    1.13613590574737   -0.30416083971845
H         1.33164633802197   -0.23460350286378   -0.38187175961132
5
 energy: -8.827106379106 gnorm: 0.000613587685 xtb: 6.2.2 (9d81278992624c895f80dd42a50cac0aa55982e2)
N        -0.59649219905096    0.39826234177938    0.37171407517115
C        -0.58758133841811   -0.90752265680290   -0.01633423291111
N         0.62557111216589   -0.39231526404447    0.32938894403540
H        -0.77506466144825    1.13397304363829   -0.30481120367480
H         1.33356708675142   -0.23239746457029   -0.37995658262064
5
 energy: -8.827106741707 gnorm: 0.000108383168 xtb: 6.2.2 (9d81278992624c895f80dd42a50cac0aa55982e2)
N        -0.59651934424197    0.39829439205829    0.37170114829188
C        -0.58787388407085   -0.90743323003909   -0.01628384461924
N         0.62545625799943   -0.39222376164659    0.32929587099340
H        -0.77440151405502    1.13330753996234   -0.30473890048423
H         1.33333848436841   -0.23194494033495   -0.37997327418181
