5
 energy: -10.951805293061 gnorm: 0.228396831816 xtb: 6.2.2 (9d81278992624c895f80dd42a50cac0aa55982e2)
N         0.92929100000000    0.00716000000000    0.94491600000000
C        -0.01581000000000    0.55707600000000   -0.06258600000000
C        -0.86314900000000   -0.42416900000000   -0.88933400000000
C         1.26803400000000   -0.06684000000000   -0.45046100000000
C        -1.31836600000000   -0.07322800000000    0.45746500000000
5
 energy: -11.011051049019 gnorm: 0.175596419579 xtb: 6.2.2 (9d81278992624c895f80dd42a50cac0aa55982e2)
N         1.02831796882301    0.06617704269244    0.91792949817481
C        -0.02144669699113    0.44952631362398   -0.01315067376244
C        -0.93796581991271   -0.38928560357147   -0.89092705408950
C         1.30411374539088   -0.05815827273112   -0.40553486775123
C        -1.37301919731005   -0.06826048001383    0.39168309742836
5
 energy: -11.035585358259 gnorm: 0.277873872703 xtb: 6.2.2 (9d81278992624c895f80dd42a50cac0aa55982e2)
N         1.11004417079267    0.12739578980174    0.83317704894159
C        -0.02272097772211    0.25483873028424    0.05343395492347
C        -1.07583499212464   -0.34684398752245   -0.84835869217084
C         1.41778847454180    0.00043641881596   -0.32536149273284
C        -1.42927667548771   -0.03582795137948    0.28710918103861
5
 energy: -11.059405997226 gnorm: 0.057674180798 xtb: 6.2.2 (9d81278992624c895f80dd42a50cac0aa55982e2)
N         1.11456598042528    0.16382738153425    0.88303279292663
C        -0.01997027504218    0.21354865500175    0.05721191051878
C        -1.08517451978464   -0.33042723857078   -0.90968317308422
C         1.42846211765514   -0.01121420968046   -0.35838129674428
C        -1.43788330325360   -0.03573558828476    0.32781976638309
5
 energy: -11.064691909854 gnorm: 0.038283154814 xtb: 6.2.2 (9d81278992624c895f80dd42a50cac0aa55982e2)
N         1.09842541476896    0.19474132552730    0.88045699648118
C        -0.01627551140782    0.15569949712267    0.06713890530139
C        -1.10238889873934   -0.30547343996417   -0.92367319490952
C         1.43723224802435   -0.01058128236845   -0.35657955894500
C        -1.41699325264615   -0.03438710031736    0.33265685207195
5
 energy: -11.068509287047 gnorm: 0.017624546699 xtb: 6.2.2 (9d81278992624c895f80dd42a50cac0aa55982e2)
N         1.09245296518230    0.23700326114050    0.87415709811243
C        -0.01006738751336    0.06347183725582    0.09584673581816
C        -1.11759558824422   -0.27656519264157   -0.93724828924229
C         1.43988192366204   -0.00255147271610   -0.35855879852487
C        -1.40467191308677   -0.02135943303865    0.32580325383656
5
 energy: -11.069047955953 gnorm: 0.007358373117 xtb: 6.2.2 (9d81278992624c895f80dd42a50cac0aa55982e2)
N         1.09166367770542    0.24979615864207    0.87015855688418
C        -0.00730202839852    0.03612355940929    0.10958732770888
C        -1.10997200910217   -0.26868844218676   -0.93940610945420
C         1.42662142537775   -0.00169993382564   -0.36164378504225
C        -1.40101106558249   -0.01553234203896    0.32130400990338
5
 energy: -11.069152028926 gnorm: 0.003270276975 xtb: 6.2.2 (9d81278992624c895f80dd42a50cac0aa55982e2)
N         1.09877299346125    0.25788846609410    0.86969332862882
C        -0.00627057831953    0.02275446649866    0.11902548265952
C        -1.10333035408085   -0.26431543738613   -0.94082323682624
C         1.41614041395932   -0.00322388851244   -0.36439003716206
C        -1.40531247502019   -0.01310460669418    0.31649446269996
5
 energy: -11.069171435687 gnorm: 0.004533013462 xtb: 6.2.2 (9d81278992624c895f80dd42a50cac0aa55982e2)
N         1.09699457538351    0.25395788942886    0.86801823043522
C        -0.00613427807128    0.02533016930562    0.12018943571106
C        -1.09485200965231   -0.26733729830523   -0.93769434772413
C         1.41052304860571   -0.00175974600181   -0.36687675223075
C        -1.40653133626563   -0.01019201442745    0.31636343380859
5
 energy: -11.069180929546 gnorm: 0.001760055412 xtb: 6.2.2 (9d81278992624c895f80dd42a50cac0aa55982e2)
N         1.09825623845371    0.25357012665728    0.86875026808048
C        -0.00673674444447    0.02625260913101    0.11962589166590
C        -1.09472012061138   -0.26743606080558   -0.93762343356951
C         1.41104658189062   -0.00199415243062   -0.36713512237213
C        -1.40784595528848   -0.01039352255209    0.31638239619525
5
 energy: -11.069184825946 gnorm: 0.001034611741 xtb: 6.2.2 (9d81278992624c895f80dd42a50cac0aa55982e2)
N         1.09898078959998    0.25130312954548    0.86889202997810
C        -0.00760866657501    0.02695806148149    0.11877979635760
C        -1.09240284609027   -0.26866086862697   -0.93620162777420
C         1.41148988829138   -0.00066706903591   -0.36813285707214
C        -1.41045916522609   -0.00893425336409    0.31666265851064
5
 energy: -11.069186618676 gnorm: 0.000900363275 xtb: 6.2.2 (9d81278992624c895f80dd42a50cac0aa55982e2)
N         1.09833875180761    0.25106899757505    0.86881471275905
C        -0.00776472995255    0.02636249363826    0.11806394069789
C        -1.09158738495245   -0.26824942693408   -0.93580750882344
C         1.41126536923809   -0.00040526842630   -0.36820995326007
C        -1.41025200614070   -0.00877779585293    0.31713880862657
