5
 energy: -10.953590044254 gnorm: 0.094379515973 xtb: 6.2.2 (9d81278992624c895f80dd42a50cac0aa55982e2)
C         0.04029000000000   -0.97618300000000   -0.02573300000000
N        -0.79389700000000    0.01637200000000    0.68721600000000
C         0.15888900000000    0.96213900000000    0.06510100000000
C        -0.69160800000000    0.07675800000000   -0.73480500000000
C         1.28632600000000   -0.07908600000000    0.00822100000000
5
 energy: -10.966035942724 gnorm: 0.054214814965 xtb: 6.2.2 (9d81278992624c895f80dd42a50cac0aa55982e2)
C         0.04544572270240   -1.00642911659241   -0.00771312442739
N        -0.77782887475690    0.01571960124588    0.68013906104777
C         0.16758339909247    0.98972778986922    0.08583302339356
C        -0.64845721916743    0.07435852601888   -0.73999898392061
C         1.21325697212947   -0.07337680054157   -0.01825997609334
5
 energy: -10.977375238416 gnorm: 0.023841944863 xtb: 6.2.2 (9d81278992624c895f80dd42a50cac0aa55982e2)
C         0.05844236222310   -1.04231358307797    0.05739046035423
N        -0.80245850206861    0.01827833560761    0.65768058909040
C         0.18447636302780    1.01755206384386    0.15392673863394
C        -0.55235939630734    0.06903235175985   -0.75191402438770
C         1.11189917312505   -0.06254916813335   -0.11708376369087
5
 energy: -10.979522052127 gnorm: 0.047716322356 xtb: 6.2.2 (9d81278992624c895f80dd42a50cac0aa55982e2)
C         0.05824745160105   -1.06657024418380    0.13247080348561
N        -0.84089476335622    0.02173084554577    0.63415530675828
C         0.18680828319017    1.03455089605506    0.23094073385948
C        -0.45031666001216    0.06349170335313   -0.76691160619934
C         1.04615568857716   -0.05320320077016   -0.23065523790403
5
 energy: -10.981077343038 gnorm: 0.024571642558 xtb: 6.2.2 (9d81278992624c895f80dd42a50cac0aa55982e2)
C         0.05298492229634   -1.05426038674976    0.11361648525470
N        -0.81991710206207    0.02022845792509    0.63882947333406
C         0.18019529007790    1.02478006901105    0.21105023983060
C        -0.48055368687914    0.06535079259508   -0.76707239607213
C         1.06729057656696   -0.05609893278146   -0.19642380234724
5
 energy: -10.981949624922 gnorm: 0.014285626006 xtb: 6.2.2 (9d81278992624c895f80dd42a50cac0aa55982e2)
C         0.04470982233085   -1.04993828548111    0.12319233988960
N        -0.80819430665675    0.01965776878509    0.63570055145427
C         0.17140169406709    1.02062105244172    0.22022786699393
C        -0.47104821746722    0.06516010662485   -0.77538809433939
C         1.06313100772604   -0.05550064237054   -0.20373266399841
5
 energy: -10.982630358330 gnorm: 0.010140355296 xtb: 6.2.2 (9d81278992624c895f80dd42a50cac0aa55982e2)
C         0.02882918452684   -1.04412501618763    0.15055239620729
N        -0.79537573692509    0.01915834194634    0.62960527961616
C         0.15477246689706    1.01426250051322    0.24701717103745
C        -0.44185835132806    0.06428031846713   -0.79471310673085
C         1.05363243682925   -0.05357614473905   -0.23246174013005
5
 energy: -10.982686842403 gnorm: 0.005016713990 xtb: 6.2.2 (9d81278992624c895f80dd42a50cac0aa55982e2)
C         0.02938260152565   -1.04563997484622    0.14916203701277
N        -0.79758556397904    0.01917300286409    0.63217989594680
C         0.15551465839385    1.01582005779680    0.24577042076810
C        -0.44044112566140    0.06418673965203   -0.79455518144483
C         1.05312942972093   -0.05353982546670   -0.23255717228285
5
 energy: -10.982719483602 gnorm: 0.001889985231 xtb: 6.2.2 (9d81278992624c895f80dd42a50cac0aa55982e2)
C         0.02782605075485   -1.04598521524230    0.14813618849041
N        -0.79747134082532    0.01898557393310    0.63602449404328
C         0.15401713890900    1.01644612729756    0.24478950200843
C        -0.43771060379057    0.06410618122596   -0.79639034556873
C         1.05333875495204   -0.05355266721432   -0.23255983897340
5
 energy: -10.982729209220 gnorm: 0.001320976490 xtb: 6.2.2 (9d81278992624c895f80dd42a50cac0aa55982e2)
C         0.02531258640303   -1.04536084169263    0.14667713762556
N        -0.79552026434118    0.01868677440360    0.63984589369152
C         0.15145398432327    1.01627112246271    0.24329229026277
C        -0.43553840472260    0.06407084835470   -0.79846000125317
C         1.05429209833747   -0.05366790352839   -0.23135532032668
5
 energy: -10.982730256246 gnorm: 0.000302014069 xtb: 6.2.2 (9d81278992624c895f80dd42a50cac0aa55982e2)
C         0.02533251237038   -1.04516647365252    0.14692178628241
N        -0.79536160666247    0.01871350251168    0.63907929283757
C         0.15144919768354    1.01605239006391    0.24351790284896
C        -0.43575426421730    0.06406587941033   -0.79807155170936
C         1.05433416082585   -0.05366529833341   -0.23144743025957
