5
 energy: -10.961971161230 gnorm: 0.213860785152 xtb: 6.2.2 (9d81278992624c895f80dd42a50cac0aa55982e2)
C        -1.29651100000000    0.67625500000000   -0.13296000000000
N        -0.51591100000000   -0.15051000000000    0.80552800000000
C         0.69979000000000   -0.61646300000000    0.11051100000000
C        -0.53643900000000   -0.45585100000000   -0.64876500000000
C         1.64907100000000    0.54657000000000   -0.13431300000000
5
 energy: -11.009373649142 gnorm: 0.133341275273 xtb: 6.2.2 (9d81278992624c895f80dd42a50cac0aa55982e2)
C        -1.30821686998367    0.61239837469924   -0.10838652506356
N        -0.52201922924556   -0.11578246417370    0.80464621314233
C         0.69981235483950   -0.50777208564890    0.07749658310583
C        -0.53062668014708   -0.44997376382451   -0.66267154135446
C         1.66105042453681    0.46113093894786   -0.11108372983013
5
 energy: -11.024871574516 gnorm: 0.185149950253 xtb: 6.2.2 (9d81278992624c895f80dd42a50cac0aa55982e2)
C        -1.28615109596098    0.54925040391011   -0.06406073819784
N        -0.56608396222770   -0.09495561445928    0.80366665575316
C         0.70165161611620   -0.33257824015218    0.03738296502327
C        -0.53680472234894   -0.47881030044769   -0.68674374147077
C         1.68738816442142    0.35709475114903   -0.09024414110782
5
 energy: -11.038602664707 gnorm: 0.077311134977 xtb: 6.2.2 (9d81278992624c895f80dd42a50cac0aa55982e2)
C        -1.39619478518670    0.48368189945210   -0.04437863538860
N        -0.59033947184874   -0.07503806366008    0.80817650976941
C         0.67129552876604   -0.25564997174826    0.02126541279956
C        -0.55945029932495   -0.47133050126628   -0.70216891295941
C         1.87468902759435    0.31833763722252   -0.08289337422095
5
 energy: -11.042263992974 gnorm: 0.039352035712 xtb: 6.2.2 (9d81278992624c895f80dd42a50cac0aa55982e2)
C        -1.43434723613881    0.46777762374835   -0.04172852255694
N        -0.56928112007145   -0.05790873232090    0.81168942743749
C         0.67358641050667   -0.25045653838079    0.02581572308938
C        -0.53478523927423   -0.44760655203826   -0.71467986315441
C         1.86482718497782    0.28819519899160   -0.08109576481552
5
 energy: -11.044869448103 gnorm: 0.022264252918 xtb: 6.2.2 (9d81278992624c895f80dd42a50cac0aa55982e2)
C        -1.46021024926805    0.43652992278535   -0.02718687034352
N        -0.57446162713336   -0.05216552571620    0.81303125484016
C         0.66884678628980   -0.19449270286773    0.03264197154417
C        -0.51358202182362   -0.42840355186894   -0.73080718911764
C         1.87940711193522    0.23853285766752   -0.08767816692317
5
 energy: -11.046325202074 gnorm: 0.022379383165 xtb: 6.2.2 (9d81278992624c895f80dd42a50cac0aa55982e2)
C        -1.47568517405507    0.40458002737075   -0.01706422058963
N        -0.58147129537405   -0.05525249389228    0.81637972772894
C         0.65910322921198   -0.12794877137666    0.03816501246227
C        -0.50529649175914   -0.41389002663283   -0.74410043459894
C         1.90334973197629    0.19251226453101   -0.09337908500264
5
 energy: -11.047438107929 gnorm: 0.029546695185 xtb: 6.2.2 (9d81278992624c895f80dd42a50cac0aa55982e2)
C        -1.45230572086098    0.38655982768641   -0.01821628628329
N        -0.57696921628825   -0.07092012086220    0.82333439259015
C         0.64592541996870   -0.06858518552774    0.04458995695128
C        -0.50645984172957   -0.40736462363570   -0.75297589737835
C         1.88980935891011    0.16031110233922   -0.09673116587979
5
 energy: -11.047919619160 gnorm: 0.017001896672 xtb: 6.2.2 (9d81278992624c895f80dd42a50cac0aa55982e2)
C        -1.45799048626486    0.36216784008567   -0.02176178082100
N        -0.56667140656457   -0.07906609180398    0.83494042567924
C         0.63440363226596   -0.01310638864768    0.04845011933625
C        -0.51046482330867   -0.39486399845066   -0.76544797921672
C         1.90072308387213    0.12486963881664   -0.09617978497777
5
 energy: -11.048332509783 gnorm: 0.016355160248 xtb: 6.2.2 (9d81278992624c895f80dd42a50cac0aa55982e2)
C        -1.44017803887546    0.37395898763257   -0.03021369787665
N        -0.56011649410153   -0.08772665334968    0.84109202625527
C         0.63268241156073   -0.02667957676577    0.05219802638296
C        -0.51555846406629   -0.39849957107653   -0.76561444836373
C         1.88317058548254    0.13894781355940   -0.09746090639784
5
 energy: -11.048666087646 gnorm: 0.016174734520 xtb: 6.2.2 (9d81278992624c895f80dd42a50cac0aa55982e2)
C        -1.42230042857877    0.38488327641540   -0.03429392350972
N        -0.56425287634122   -0.10174838823388    0.84907495615394
C         0.62872312155745   -0.03427748876059    0.06331388616405
C        -0.51555907278482   -0.40052027728133   -0.77064026182280
C         1.87338925614736    0.15166387786040   -0.10745365698547
5
 energy: -11.049082584543 gnorm: 0.008790230863 xtb: 6.2.2 (9d81278992624c895f80dd42a50cac0aa55982e2)
C        -1.38407767529335    0.40953555907527   -0.03949705583874
N        -0.57263151105424   -0.12888759424947    0.86752232216024
C         0.61638816924000   -0.06095903728303    0.09295534475454
C        -0.51171601293088   -0.40501452787876   -0.78891069052597
C         1.85203703003847    0.18532660033599   -0.13206892055008
5
 energy: -11.049175873365 gnorm: 0.005110420090 xtb: 6.2.2 (9d81278992624c895f80dd42a50cac0aa55982e2)
C        -1.38318108838306    0.40276378419012   -0.03725042447079
N        -0.56906342382362   -0.12440733315886    0.86757421053223
C         0.61322256160485   -0.05103034482720    0.08990131250875
C        -0.51283286250669   -0.40575040954941   -0.79210675737188
C         1.85185481310853    0.17842530334535   -0.12811734119831
5
 energy: -11.049231587995 gnorm: 0.004437053138 xtb: 6.2.2 (9d81278992624c895f80dd42a50cac0aa55982e2)
C        -1.38408996692699    0.39830914663577   -0.03386241032271
N        -0.56558734418748   -0.11560941375100    0.86770142815810
C         0.61087471776807   -0.05174028912666    0.08566687613504
C        -0.51344756554021   -0.40852218268618   -0.79633578698021
C         1.85225015888659    0.17756373892807   -0.12316910699022
5
 energy: -11.049255956006 gnorm: 0.003456341889 xtb: 6.2.2 (9d81278992624c895f80dd42a50cac0aa55982e2)
C        -1.37961243150452    0.39737854111845   -0.03383205942669
N        -0.56358752156602   -0.11324721039454    0.87146238886767
C         0.60819788724251   -0.05140043787932    0.08325388739920
C        -0.51557349299859   -0.41178298525024   -0.80011756679628
C         1.85057555882662    0.17905309240565   -0.12076565004390
5
 energy: -11.049272206296 gnorm: 0.001126870394 xtb: 6.2.2 (9d81278992624c895f80dd42a50cac0aa55982e2)
C        -1.37919254647186    0.39670666751786   -0.03401322887604
N        -0.56206443203535   -0.10823609531718    0.87391451167981
C         0.60791393770475   -0.05383202837264    0.07718444404334
C        -0.51825537414510   -0.41570564252799   -0.80092092920268
C         1.85159841494757    0.18106809869995   -0.11616379764443
5
 energy: -11.049274181660 gnorm: 0.000887132227 xtb: 6.2.2 (9d81278992624c895f80dd42a50cac0aa55982e2)
C        -1.37845693707075    0.39763909156266   -0.03479167574296
N        -0.56220139674897   -0.10794398142955    0.87465144339150
C         0.60808393429297   -0.05475725269342    0.07497123527477
C        -0.51933198372932   -0.41734051594644   -0.79985447844451
C         1.85190638325608    0.18240365850674   -0.11497552447881
