5
 energy: -8.757736325806 gnorm: 0.098488846984 xtb: 6.2.2 (9d81278992624c895f80dd42a50cac0aa55982e2)
N        -0.73507800000000    0.03890400000000    0.42566400000000
C         0.68971800000000    0.12216200000000    0.43347400000000
N        -0.06167800000000    1.09724600000000   -0.27921100000000
H        -1.03188000000000   -0.65823700000000   -0.29570200000000
H         1.13891800000000   -0.60007500000000   -0.28422400000000
5
 energy: -8.771178274180 gnorm: 0.063113239601 xtb: 6.2.2 (9d81278992624c895f80dd42a50cac0aa55982e2)
N        -0.71825743223082    0.03035907779258    0.39214104783882
C         0.69316715329021    0.11291404360269    0.38275536841309
N        -0.09042343666740    1.10915790230517   -0.25197746237725
H        -1.12402610967564   -0.64162666344540   -0.27839108971359
H         1.23953982528366   -0.61080436025504   -0.24452686416107
5
 energy: -8.778666308250 gnorm: 0.023627110390 xtb: 6.2.2 (9d81278992624c895f80dd42a50cac0aa55982e2)
N        -0.69152759792595    0.02459348998090    0.33781463049617
C         0.69147490959792    0.09371996606582    0.34097382982259
N        -0.10205660800710    1.11379692641840   -0.22323668121585
H        -1.22785701907609   -0.63623432145675   -0.24744598738794
H         1.32996631541121   -0.59587606100837   -0.20810479171498
5
 energy: -8.779806921422 gnorm: 0.018521369723 xtb: 6.2.2 (9d81278992624c895f80dd42a50cac0aa55982e2)
N        -0.68217638558412    0.01337384728422    0.31258706166882
C         0.69281776037838    0.08426834572137    0.32781783463287
N        -0.10164216176401    1.11860377122556   -0.21626569649519
H        -1.27221975806385   -0.63196335935951   -0.23053821805322
H         1.36322054503361   -0.58428260487164   -0.19359998175328
5
 energy: -8.780236697962 gnorm: 0.006709953610 xtb: 6.2.2 (9d81278992624c895f80dd42a50cac0aa55982e2)
N        -0.68029608528542    0.00151873786535    0.29678390319155
C         0.69303603348128    0.07597627040793    0.32329596763417
N        -0.09826294131552    1.11817306291847   -0.21643934403890
H        -1.30016970526983   -0.62379218426346   -0.21670664429003
H         1.38569269838948   -0.57187588692829   -0.18693288249678
5
 energy: -8.780308897388 gnorm: 0.002099297407 xtb: 6.2.2 (9d81278992624c895f80dd42a50cac0aa55982e2)
N        -0.67913238486200   -0.00577903491308    0.29232789894306
C         0.69409451659058    0.07312443407709    0.32443934415087
N        -0.09654470671039    1.11371959937132   -0.21941414564734
H        -1.31451435749008   -0.61686151302761   -0.21226153483572
H         1.39609693247189   -0.56420348550772   -0.18509056261088
5
 energy: -8.780316261345 gnorm: 0.001134958180 xtb: 6.2.2 (9d81278992624c895f80dd42a50cac0aa55982e2)
N        -0.67827307791348   -0.00804128753919    0.29175681023349
C         0.69467554014684    0.07330909395647    0.32598423798753
N        -0.09629157452057    1.11221395580682   -0.22072866197273
H        -1.31622156981887   -0.61480396758783   -0.21184390997240
H         1.39611068210607   -0.56267779463627   -0.18516747627588
5
 energy: -8.780317934713 gnorm: 0.000407235385 xtb: 6.2.2 (9d81278992624c895f80dd42a50cac0aa55982e2)
N        -0.67785433350672   -0.00873470176511    0.29163356451964
C         0.69488855410955    0.07361309094855    0.32792434182149
N        -0.09588771053030    1.11110463532898   -0.22167617191665
H        -1.31755167001690   -0.61420028074176   -0.21183026927599
H         1.39640515994437   -0.56178274377066   -0.18605046514849
