3
 energy: -6.776855388686 gnorm: 0.186982580418 xtb: 6.2.2 (9d81278992624c895f80dd42a50cac0aa55982e2)
C         0.75821700000000   -0.36247000000000    0.07450500000000
N        -0.70000000000000   -0.47918700000000   -0.06721100000000
C        -0.05821700000000    0.84165700000000   -0.00729400000000
3
 energy: -6.799098152629 gnorm: 0.073743491526 xtb: 6.2.2 (9d81278992624c895f80dd42a50cac0aa55982e2)
C         0.72606295062385   -0.31172880914244    0.07127705136086
N        -0.70307363069341   -0.48129131291598   -0.06750611636267
C        -0.02298931993045    0.79302012205842   -0.00377093499818
3
 energy: -6.798699175103 gnorm: 0.098752510129 xtb: 6.2.2 (9d81278992624c895f80dd42a50cac0aa55982e2)
C         0.70740446260813   -0.26953117506074    0.06937926720874
N        -0.71666905044273   -0.49059825095956   -0.06881149000201
C         0.00926458783460    0.76012942602029   -0.00056777720673
3
 energy: -6.801472742948 gnorm: 0.010697764832 xtb: 6.2.2 (9d81278992624c895f80dd42a50cac0aa55982e2)
C         0.71859396719168   -0.29276916028095    0.07051337125962
N        -0.71043119844848   -0.48632806502461   -0.06821255827713
C        -0.00816276874320    0.77909722530555   -0.00230081298250
3
 energy: -6.801516858690 gnorm: 0.001397978518 xtb: 6.2.2 (9d81278992624c895f80dd42a50cac0aa55982e2)
C         0.71769729486980   -0.29025497486495    0.07042122914539
N        -0.71153494591387   -0.48708364613875   -0.06831853536365
C        -0.00616234895593    0.77733862100371   -0.00210269378174
3
 energy: -6.801517554737 gnorm: 0.000785614271 xtb: 6.2.2 (9d81278992624c895f80dd42a50cac0aa55982e2)
C         0.71757941239930   -0.28961043502111    0.07040850845062
N        -0.71197098960757   -0.48738229368667   -0.06836040211535
C        -0.00560842279173    0.77699272870778   -0.00204810633527
