5
 energy: -10.916724231256 gnorm: 0.215813456704 xtb: 6.2.2 (9d81278992624c895f80dd42a50cac0aa55982e2)
C        -0.40923600000000    1.03527000000000    0.09713500000000
C         0.53253200000000   -0.04049000000000    0.57947100000000
C        -0.50477600000000   -0.99601400000000    0.04300200000000
C         1.76052200000000   -0.07457300000000   -0.30888500000000
N        -1.37904300000000    0.07580700000000   -0.41072400000000
5
 energy: -10.966664047555 gnorm: 0.162634399541 xtb: 6.2.2 (9d81278992624c895f80dd42a50cac0aa55982e2)
C        -0.39282480721673    1.00300962519397    0.02975480523090
C         0.54370009949749   -0.03935835987160    0.51729520360456
C        -0.48524291614744   -0.96190030464567   -0.02260933330513
C         1.71427979669967   -0.07464826740385   -0.22444404000154
N        -1.37991317283299    0.07289730672715   -0.29999763552878
5
 energy: -10.903981948609 gnorm: 0.681220819284 xtb: 6.2.2 (9d81278992624c895f80dd42a50cac0aa55982e2)
C        -0.44471674562944    0.91241449285184    0.03489534982828
C         0.65077884621768   -0.04047537423761    0.37010829104578
C        -0.52841976516971   -0.86723029937844   -0.01253259005708
C         1.60944204710867   -0.07240903645310   -0.12348363840797
N        -1.28708538252720    0.06770021721732   -0.26898841240902
5
 energy: -10.990848138719 gnorm: 0.081198233136 xtb: 6.2.2 (9d81278992624c895f80dd42a50cac0aa55982e2)
C        -0.44370389162002    0.95484859027676    0.03386819790176
C         0.58400035734653   -0.03847642143701    0.41299001580158
C        -0.53138802677440   -0.90946085230836   -0.01581533559987
C         1.75342278596145   -0.07807405648721   -0.16501765969386
N        -1.36233222491356    0.07116273995582   -0.26602621840961
5
 energy: -10.998752381549 gnorm: 0.085303124837 xtb: 6.2.2 (9d81278992624c895f80dd42a50cac0aa55982e2)
C        -0.46016328318860    0.94486218951176   -0.04630122412722
C         0.62513765052842   -0.03768449841054    0.31066151910394
C        -0.54663777002538   -0.89372919037193   -0.09529895142742
C         1.87709212308953   -0.08712350525889   -0.04369594359616
N        -1.49542972040397    0.07367500452959   -0.12536639995314
5
 energy: -11.003608602224 gnorm: 0.074579559699 xtb: 6.2.2 (9d81278992624c895f80dd42a50cac0aa55982e2)
C        -0.50554534519779    0.93535034625196   -0.00714979437222
C         0.64741663695046   -0.03671145245911    0.23485043854365
C        -0.59102538285837   -0.88209947636854   -0.05558342766717
C         1.92498570262589   -0.08985092860347   -0.02586616895199
N        -1.47583261152019    0.07331151117915   -0.14625204755226
5
 energy: -11.006023856658 gnorm: 0.031916187515 xtb: 6.2.2 (9d81278992624c895f80dd42a50cac0aa55982e2)
C        -0.49906758142640    0.94466098384738    0.00655605431496
C         0.64840758366220   -0.03667335425361    0.23170070231941
C        -0.58548265074355   -0.89269318250890   -0.04240807284879
C         1.89141121758116   -0.08814132121862   -0.03077867692888
N        -1.45526956907341    0.07284687413375   -0.16507100685670
5
 energy: -11.008247246496 gnorm: 0.019096944956 xtb: 6.2.2 (9d81278992624c895f80dd42a50cac0aa55982e2)
C        -0.50567435574082    0.95228762494691    0.01006486799191
C         0.65977395933392   -0.03535352234637    0.16210582277908
C        -0.59278542369976   -0.89984399651648   -0.03929207456414
C         1.90620045609604   -0.08996487896106    0.01158420684001
N        -1.46751563598939    0.07287477287700   -0.14446382304687
5
 energy: -11.009344592445 gnorm: 0.021890897188 xtb: 6.2.2 (9d81278992624c895f80dd42a50cac0aa55982e2)
C        -0.51022006465685    0.95277462424933    0.00674679263811
C         0.66263917733832   -0.03356071825865    0.08975419084922
C        -0.59734959182342   -0.89972563869358   -0.04261940928342
C         1.92568531351763   -0.09211029354358    0.05772895124261
N        -1.48075583437569    0.07262202624648   -0.11161152544652
5
 energy: -11.009989137770 gnorm: 0.009553001864 xtb: 6.2.2 (9d81278992624c895f80dd42a50cac0aa55982e2)
C        -0.50515477079341    0.94980848143277    0.00768809770094
C         0.65850598418501   -0.03245692202499    0.05561318931508
C        -0.59203175386676   -0.89730144255360   -0.04153426643811
C         1.91610498157250   -0.09219668703248    0.07789686431023
N        -1.47742544109733    0.07214657017829   -0.09966488488813
5
 energy: -11.010141657897 gnorm: 0.003174893168 xtb: 6.2.2 (9d81278992624c895f80dd42a50cac0aa55982e2)
C        -0.50049795203754    0.94598856237622    0.00467914252843
C         0.65435317892185   -0.03177497179603    0.03737737098157
C        -0.58702832667207   -0.89377955980291   -0.04434862533839
C         1.91002641042358   -0.09225266910562    0.09068265184500
N        -1.47685431063582    0.07181863832834   -0.08839154001661
5
 energy: -11.010149317073 gnorm: 0.001504809986 xtb: 6.2.2 (9d81278992624c895f80dd42a50cac0aa55982e2)
C        -0.50051508983828    0.94554183728761    0.00411124771468
C         0.65421849769963   -0.03166540032014    0.03342296035090
C        -0.58700913855847   -0.89329462543647   -0.04489381623519
C         1.90925724373498   -0.09228638654413    0.09335017234456
N        -1.47595251303785    0.07170457501313   -0.08599156417494
5
 energy: -11.010154973271 gnorm: 0.001315874018 xtb: 6.2.2 (9d81278992624c895f80dd42a50cac0aa55982e2)
C        -0.50026338270145    0.94544607111344    0.00165997114441
C         0.65425707630511   -0.03159620813119    0.03109737672848
C        -0.58672626634139   -0.89309034714142   -0.04734608175057
C         1.90876703750102   -0.09235341467869    0.09628407686608
N        -1.47603546476329    0.07159389883785   -0.08169634298839
5
 energy: -11.010160702928 gnorm: 0.000870920100 xtb: 6.2.2 (9d81278992624c895f80dd42a50cac0aa55982e2)
C        -0.50037767801721    0.94609812423246   -0.00232919072163
C         0.65479723168249   -0.03165945342980    0.03241656352861
C        -0.58690093764915   -0.89352337627965   -0.05135857616979
C         1.90851101443916   -0.09237878377109    0.09794878877856
N        -1.47603063045529    0.07146348924808   -0.07667858541576
5
 energy: -11.010160758699 gnorm: 0.000832235587 xtb: 6.2.2 (9d81278992624c895f80dd42a50cac0aa55982e2)
C        -0.50054024262723    0.94630409973875   -0.00375803455104
C         0.65484477765252   -0.03165850547832    0.03226429620316
C        -0.58708139214519   -0.89364034201886   -0.05279379504145
C         1.90935109229753   -0.09244048959794    0.09887239868358
N        -1.47657523517763    0.07143523735638   -0.07458586529425
