5
 energy: -10.940199286452 gnorm: 0.324808390883 xtb: 6.2.2 (9d81278992624c895f80dd42a50cac0aa55982e2)
C        -0.39982100000000    1.08062900000000    0.08364600000000
C         0.56280100000000   -0.00576200000000    0.51767200000000
C        -0.44831400000000   -1.05875400000000    0.11255200000000
N         1.69560300000000   -0.04371600000000   -0.39096800000000
C        -1.41026900000000    0.02760300000000   -0.32290200000000
5
 energy: -11.037257182468 gnorm: 0.210973307597 xtb: 6.2.2 (9d81278992624c895f80dd42a50cac0aa55982e2)
C        -0.44921436160239    1.01197689057984    0.15057101764101
C         0.62661537473255   -0.00886443496125    0.39511086433612
C        -0.49450566052164   -0.98615252839183    0.17756842982405
N         1.66969465362000   -0.04257683847478   -0.35012161741075
C        -1.35259000622851    0.02561691124802   -0.37312869439042
5
 energy: -11.021945546195 gnorm: 0.611974288203 xtb: 6.2.2 (9d81278992624c895f80dd42a50cac0aa55982e2)
C        -0.50165536591186    0.91586185570283    0.14001726996610
C         0.71651386719225   -0.01342616489528    0.20830515053795
C        -0.54254487946336   -0.88808055689299    0.16439090512554
N         1.66794585989696   -0.04068677549547   -0.21316566363834
C        -1.34025948171398    0.02633164158092   -0.29954766199126
5
 energy: -11.075997299164 gnorm: 0.134201802817 xtb: 6.2.2 (9d81278992624c895f80dd42a50cac0aa55982e2)
C        -0.52744464650559    0.92834994449685    0.15806393881802
C         0.67312646811923   -0.01285065968487    0.17810366484656
C        -0.56886183125751   -0.89889559953601    0.18275228014982
N         1.82475405720992   -0.04443884689633   -0.22778198404901
C        -1.40157404756605    0.02783516162036   -0.29113789976539
5
 energy: -11.079649400216 gnorm: 0.070084843957 xtb: 6.2.2 (9d81278992624c895f80dd42a50cac0aa55982e2)
C        -0.51695293019590    0.91840194697662    0.20666676730511
C         0.70280702245027   -0.01330083070450    0.19457886371168
C        -0.55790044901196   -0.88812425546135    0.23107517269593
N         1.80053172879749   -0.04429206006350   -0.25755327412616
C        -1.42848537203991    0.02731519925273   -0.37476752958655
5
 energy: -11.086845415847 gnorm: 0.027226213323 xtb: 6.2.2 (9d81278992624c895f80dd42a50cac0aa55982e2)
C        -0.51046740617604    0.87736203608717    0.14042017260162
C         0.72244438173280   -0.01455775644269    0.13449513577767
C        -0.54960296078687   -0.84922422141625    0.16374848308048
N         1.85972515268010   -0.04446360905030   -0.17094930872865
C        -1.52209916745001    0.03088355082207   -0.26771448273112
5
 energy: -11.090525353131 gnorm: 0.026449801565 xtb: 6.2.2 (9d81278992624c895f80dd42a50cac0aa55982e2)
C        -0.51330919733521    0.83062570448829    0.10409032260048
C         0.74828223679370   -0.01592901599913    0.07636549759268
C        -0.55034735744820   -0.80340542558729    0.12616832398994
N         1.92003513063495   -0.04494415772146   -0.10536779518589
C        -1.60466081264524    0.03365289481960   -0.20125634899721
5
 energy: -11.078312723280 gnorm: 0.134941709195 xtb: 6.2.2 (9d81278992624c895f80dd42a50cac0aa55982e2)
C        -0.48538589084779    0.72383982198115   -0.01276416660973
C         0.78834072268029   -0.01782313252609    0.00338384687425
C        -0.51768723570526   -0.70118885001205    0.00649004913223
N         2.00922734245472   -0.04509328651026    0.03319996133223
C        -1.79449493858197    0.04026544706725   -0.03030969072899
5
 energy: -11.093413063831 gnorm: 0.017560580482 xtb: 6.2.2 (9d81278992624c895f80dd42a50cac0aa55982e2)
C        -0.49777172210715    0.79766295696292    0.04318950679391
C         0.75659930612869   -0.01637754821642    0.05711376079945
C        -0.53337000713314   -0.77283703767835    0.06440905422481
N         1.93895820263589   -0.04459722049243   -0.04794609551664
C        -1.66441577952430    0.03614884942428   -0.11676622630154
5
 energy: -11.093669893394 gnorm: 0.005422294824 xtb: 6.2.2 (9d81278992624c895f80dd42a50cac0aa55982e2)
C        -0.49645239668539    0.79301255872097    0.03794087766018
C         0.75216633017949   -0.01627523463617    0.05722556968402
C        -0.53184418818367   -0.76839448143828    0.05903723239237
N         1.93464974032663   -0.04446506569012   -0.04536449541455
C        -1.65851948563707    0.03612222304360   -0.10883918432202
5
 energy: -11.093867491784 gnorm: 0.015013063898 xtb: 6.2.2 (9d81278992624c895f80dd42a50cac0aa55982e2)
C        -0.49411174993021    0.79484437299914    0.02397589299305
C         0.74649182172270   -0.01625319127595    0.04929865117754
C        -0.52959725097507   -0.77070677644162    0.04512774761216
N         1.93662472077958   -0.04433558841544   -0.03243501727847
C        -1.65940754159700    0.03645118313387   -0.08596727450427
5
 energy: -11.094038465664 gnorm: 0.014643947209 xtb: 6.2.2 (9d81278992624c895f80dd42a50cac0aa55982e2)
C        -0.49347437927291    0.79350906673310    0.00958930873340
C         0.74735356438886   -0.01636950760278    0.04207194556986
C        -0.52890889969689   -0.76979063152092    0.03071000292556
N         1.93865549237169   -0.04419158518069   -0.01832950617580
C        -1.66362577779077    0.03684265757129   -0.06404175105303
5
 energy: -11.094216493119 gnorm: 0.010174488320 xtb: 6.2.2 (9d81278992624c895f80dd42a50cac0aa55982e2)
C        -0.49550754833390    0.79182202852679   -0.01000383667228
C         0.75213132396947   -0.01668124783134    0.02682682709457
C        -0.53087579088449   -0.76854282199684    0.01107505686825
N         1.94335626051866   -0.04399179743737    0.00445910249187
C        -1.66910424526975    0.03739383873877   -0.03235714978242
5
 energy: -11.094271001623 gnorm: 0.004029797860 xtb: 6.2.2 (9d81278992624c895f80dd42a50cac0aa55982e2)
C        -0.49611895937217    0.79245803982569   -0.01418487627326
C         0.75347900351600   -0.01678196698078    0.02143260334216
C        -0.53151855671271   -0.76926323090104    0.00691014225562
N         1.94186920244050   -0.04387440620601    0.01076327220480
C        -1.66771068987162    0.03746156426214   -0.02492114152933
5
 energy: -11.094304906498 gnorm: 0.002188193040 xtb: 6.2.2 (9d81278992624c895f80dd42a50cac0aa55982e2)
C        -0.49668771187176    0.79462670614759   -0.01710170736801
C         0.75329292970950   -0.01688932855029    0.01266351035981
C        -0.53218711012885   -0.77148179939418    0.00404683127474
N         1.94063098725845   -0.04375316375489    0.01797839209758
C        -1.66504909496734    0.03749758555178   -0.01758702636412
5
 energy: -11.094312710818 gnorm: 0.001267153929 xtb: 6.2.2 (9d81278992624c895f80dd42a50cac0aa55982e2)
C        -0.49605130005298    0.79556791899277   -0.01712247621730
C         0.75234076978847   -0.01690125755368    0.00947457705025
C        -0.53159459421938   -0.77245106279352    0.00404392844544
N         1.93909333973094   -0.04369753217032    0.01995426647249
C        -1.66378821524706    0.03748193352474   -0.01635029575090
5
 energy: -11.094314658726 gnorm: 0.000488235962 xtb: 6.2.2 (9d81278992624c895f80dd42a50cac0aa55982e2)
C        -0.49569228733599    0.79547506177390   -0.01621155491410
C         0.75175217372543   -0.01689818214985    0.00712049025084
C        -0.53123262664383   -0.77235012462920    0.00493443945326
N         1.93890886126057   -0.04369486609917    0.02082007234311
C        -1.66373612100619    0.03746811110432   -0.01666344713312
