4
 energy: -8.815435870417 gnorm: 0.290961639856 xtb: 6.2.2 (9d81278992624c895f80dd42a50cac0aa55982e2)
C        -1.57648200000000   -0.46096500000000   -0.21694900000000
N        -0.62366100000000    0.41860800000000    0.43724200000000
C         0.55990600000000    0.46489800000000   -0.40337700000000
C         1.64023700000000   -0.42254100000000    0.18308500000000
4
 energy: -8.892385975591 gnorm: 0.164252899059 xtb: 6.2.2 (9d81278992624c895f80dd42a50cac0aa55982e2)
C        -1.54053353314684   -0.41530597150752   -0.17589660621654
N        -0.62798093096670    0.37654266516181    0.34525376722019
C         0.56703350092707    0.41588443854900   -0.31464815738830
C         1.60148096318648   -0.37712113220328    0.14529199638465
4
 energy: -8.906233346379 gnorm: 0.171443449490 xtb: 6.2.2 (9d81278992624c895f80dd42a50cac0aa55982e2)
C        -1.53822725448409   -0.33556786930574   -0.13363743360061
N        -0.62502919410907    0.29210212088895    0.25045829609742
C         0.58424210386241    0.33905973527451   -0.23232526653849
C         1.57901434473075   -0.29559398685772    0.11550540404168
4
 energy: -8.919683265315 gnorm: 0.047894528365 xtb: 6.2.2 (9d81278992624c895f80dd42a50cac0aa55982e2)
C        -1.68979156747891   -0.29137536315211   -0.15307323451687
N        -0.61996124884995    0.24753000826599    0.25279468287001
C         0.58606870713585    0.29004164654912   -0.23567380508174
C         1.72368410919301   -0.24619629166301    0.13595335672861
4
 energy: -8.921649046850 gnorm: 0.040612935104 xtb: 6.2.2 (9d81278992624c895f80dd42a50cac0aa55982e2)
C        -1.72719181531455   -0.23689993771698   -0.15944540935886
N        -0.61301611988918    0.20239298674180    0.24592344139690
C         0.57006743480506    0.22883325248957   -0.22647049271138
C         1.77014050039867   -0.19432630151438    0.13999346067333
4
 energy: -8.921329274242 gnorm: 0.050707629780 xtb: 6.2.2 (9d81278992624c895f80dd42a50cac0aa55982e2)
C        -1.73182761134380   -0.22900396867791   -0.13249075709812
N        -0.63065287381025    0.19857035130914    0.18003985435461
C         0.58305279698306    0.21623363103168   -0.15918405107121
C         1.77942768817099   -0.18580001366291    0.11163595381473
4
 energy: -8.922821792919 gnorm: 0.037080729781 xtb: 6.2.2 (9d81278992624c895f80dd42a50cac0aa55982e2)
C        -1.78386029868677   -0.18829662676635   -0.13943047683170
N        -0.59968633936389    0.14035687773330    0.19118703483609
C         0.58599044077859    0.18864165514765   -0.18683792785917
C         1.79755619727207   -0.14070190611460    0.13508236985478
4
 energy: -8.923256949858 gnorm: 0.022810923134 xtb: 6.2.2 (9d81278992624c895f80dd42a50cac0aa55982e2)
C        -1.76695224610350   -0.18678817793641   -0.15213768132414
N        -0.61556587916816    0.15555420254004    0.21668487921932
C         0.57147099796334    0.17719553780463   -0.20031937210450
C         1.81104712730834   -0.14596156240825    0.13577317420931
4
 energy: -8.923589702270 gnorm: 0.007405877005 xtb: 6.2.2 (9d81278992624c895f80dd42a50cac0aa55982e2)
C        -1.76122166316624   -0.18772567221186   -0.14681565624948
N        -0.61122267198959    0.15131614316711    0.20921627912346
C         0.57522712844208    0.18260476947001   -0.19737574747058
C         1.79721720671375   -0.14619524042525    0.13497612459661
4
 energy: -8.923705598195 gnorm: 0.008383371295 xtb: 6.2.2 (9d81278992624c895f80dd42a50cac0aa55982e2)
C        -1.77759503083746   -0.17118093422615   -0.14419442980124
N        -0.61035138985712    0.13180742245321    0.20267062276606
C         0.57969913114019    0.16928972324977   -0.19530391684901
C         1.80824728955440   -0.12991621147683    0.13682872388419
4
 energy: -8.923847472700 gnorm: 0.009220165083 xtb: 6.2.2 (9d81278992624c895f80dd42a50cac0aa55982e2)
C        -1.78654540022675   -0.14879421830294   -0.14418232665044
N        -0.60726620897253    0.10759502763451    0.20322077699217
C         0.57871933163215    0.15145548932867   -0.20106475593699
C         1.81509227756714   -0.11025629866024    0.14202730559526
4
 energy: -8.923982109840 gnorm: 0.003800309304 xtb: 6.2.2 (9d81278992624c895f80dd42a50cac0aa55982e2)
C        -1.79428961784194   -0.11922388791772   -0.14299458907884
N        -0.60705748811468    0.07683320202184    0.20301206686718
C         0.57755734270054    0.12838872278345   -0.20771140418498
C         1.82378976325609   -0.08599803688757    0.14769492639664
4
 energy: -8.924025482554 gnorm: 0.002936109175 xtb: 6.2.2 (9d81278992624c895f80dd42a50cac0aa55982e2)
C        -1.79990375753788   -0.10002636030898   -0.14077135526105
N        -0.60547539311665    0.05561689131944    0.19972149380479
C         0.57694169092748    0.11476175995368   -0.21022082059160
C         1.82843745972706   -0.07035229096413    0.15127168204787
4
 energy: -8.924057456783 gnorm: 0.001217955201 xtb: 6.2.2 (9d81278992624c895f80dd42a50cac0aa55982e2)
C        -1.80428550315603   -0.08053504729345   -0.13700842764210
N        -0.60426365877307    0.03291854932038    0.19481295927816
C         0.57733974278319    0.10286521535501   -0.21283042355081
C         1.83120941914591   -0.05524871738194    0.15502689191475
4
 energy: -8.924014155817 gnorm: 0.010898514296 xtb: 6.2.2 (9d81278992624c895f80dd42a50cac0aa55982e2)
C        -1.81833753905787   -0.03906176925860   -0.13006249761952
N        -0.60146091484203   -0.01480023925653    0.18454940201096
C         0.57805334851643    0.07610660742289   -0.21747954014554
C         1.84174510538347   -0.02224459890776    0.16299363575410
4
 energy: -8.924076306207 gnorm: 0.002247110353 xtb: 6.2.2 (9d81278992624c895f80dd42a50cac0aa55982e2)
C        -1.81155107874727   -0.05311046822685   -0.13127561611891
N        -0.60247762947575    0.00047098393556    0.18706595844457
C         0.57795779383302    0.08704676896172   -0.21644077048732
C         1.83607091439001   -0.03440728467044    0.16065142816167
4
 energy: -8.924081702313 gnorm: 0.000748388857 xtb: 6.2.2 (9d81278992624c895f80dd42a50cac0aa55982e2)
C        -1.81097402401516   -0.04884495608260   -0.12974524185670
N        -0.60224582801922   -0.00515353928718    0.18563696851139
C         0.57803982373061    0.08590525730757   -0.21779929999996
C         1.83518002830377   -0.03190676193779    0.16190857334528
4
 energy: -8.924085494156 gnorm: 0.000847212823 xtb: 6.2.2 (9d81278992624c895f80dd42a50cac0aa55982e2)
C        -1.81191945264750   -0.03939062071114   -0.12694499814742
N        -0.60173808254590   -0.01704508504320    0.18243068106998
C         0.57825206765377    0.08207081781670   -0.21977246108333
C         1.83540546753964   -0.02563511206236    0.16428777816077
