5
 energy: -9.456791056362 gnorm: 0.193369412715 xtb: 6.2.2 (9d81278992624c895f80dd42a50cac0aa55982e2)
C         0.60474900000000    0.01949900000000   -0.41256200000000
C        -0.43366000000000    1.07083800000000   -0.10811000000000
C        -1.31872000000000   -0.09746500000000    0.24978700000000
N        -0.28503500000000   -1.07615000000000   -0.05564800000000
H         1.43266700000000    0.08327800000000    0.32653200000000
5
 energy: -9.492043259500 gnorm: 0.131539399813 xtb: 6.2.2 (9d81278992624c895f80dd42a50cac0aa55982e2)
C         0.59475792924015    0.03790017938678   -0.30076743002463
C        -0.48992120608800    1.04156373981244   -0.25385032777936
C        -1.21268307600501   -0.09990553316998    0.38623786174696
N        -0.35292576295579   -1.05199528502728   -0.19864909498267
H         1.46077311580866    0.07243689899804    0.36702799103970
5
 energy: -9.496053621941 gnorm: 0.176666563068 xtb: 6.2.2 (9d81278992624c895f80dd42a50cac0aa55982e2)
C         0.51176927720836    0.05110747067445   -0.17646869198326
C        -0.49917970263544    1.00189140579651   -0.20484578426777
C        -1.16136593884935   -0.11630906128330    0.24821389885728
N        -0.38141673465957   -1.00057087116703   -0.13281766450919
H         1.53019409893601    0.06388105597937    0.26591724190293
5
 energy: -9.509317688976 gnorm: 0.021543829665 xtb: 6.2.2 (9d81278992624c895f80dd42a50cac0aa55982e2)
C         0.52633663946423    0.04738587240627   -0.20794331368839
C        -0.48321656372882    1.04084158316309   -0.22462504433589
C        -1.16894268897154   -0.10461284434346    0.29758578290616
N        -0.36113583979829   -1.05557696742699   -0.16075837343880
H         1.48695945303442    0.07196235620109    0.29573994855692
5
 energy: -9.510777301764 gnorm: 0.017274200429 xtb: 6.2.2 (9d81278992624c895f80dd42a50cac0aa55982e2)
C         0.50924331540289    0.04995237250592   -0.19431135772516
C        -0.47967451882390    1.04969651838078   -0.24013532270789
C        -1.13343495145962   -0.10411705587255    0.30994633575647
N        -0.35975597118670   -1.06523272025200   -0.17484068056195
H         1.46362312606733    0.06970088523785    0.29934002523853
5
 energy: -9.513821704288 gnorm: 0.047812571935 xtb: 6.2.2 (9d81278992624c895f80dd42a50cac0aa55982e2)
C         0.44982661180635    0.05648843117281   -0.11621206863586
C        -0.49172906641794    1.09023025378869   -0.28003930219773
C        -1.03711312158355   -0.09887191307932    0.31921663210466
N        -0.36857367815757   -1.11191770512928   -0.21025065270675
H         1.44759025435271    0.06407093324711    0.28728439143569
5
 energy: -9.515034731619 gnorm: 0.033574388781 xtb: 6.2.2 (9d81278992624c895f80dd42a50cac0aa55982e2)
C         0.46865162379611    0.05320113751749   -0.12243641677013
C        -0.50403403619659    1.08465624617724   -0.26921074714892
C        -1.06676568279946   -0.09644612791796    0.30993741636067
N        -0.36382039614396   -1.10030079572642   -0.19943360818174
H         1.46596949134389    0.05888953994964    0.28114235574012
5
 energy: -9.516922491374 gnorm: 0.024430134976 xtb: 6.2.2 (9d81278992624c895f80dd42a50cac0aa55982e2)
C         0.46681925379669    0.04250803266357   -0.07318301040628
C        -0.55031335249290    1.10903458443750   -0.26721137093355
C        -1.05869894893998   -0.07763237130218    0.28733961334412
N        -0.35005840543293   -1.11509270048066   -0.19822534226691
H         1.49225245306911    0.04118245468176    0.25127911026262
5
 energy: -9.517665082195 gnorm: 0.017895472704 xtb: 6.2.2 (9d81278992624c895f80dd42a50cac0aa55982e2)
C         0.47088514265045    0.03028169300832   -0.09201158418947
C        -0.54417083065170    1.10298713699695   -0.25232324849820
C        -1.06199714700294   -0.06993617439704    0.28254930054671
N        -0.33958435535958   -1.11161439331708   -0.19216658533059
H         1.47486819036377    0.04828173770885    0.25395111747155
5
 energy: -9.517977797621 gnorm: 0.007874210388 xtb: 6.2.2 (9d81278992624c895f80dd42a50cac0aa55982e2)
C         0.46959261638538    0.02223517266907   -0.10156973416429
C        -0.54632647553429    1.10192847520872   -0.25018251367535
C        -1.06514042155229   -0.06668933273027    0.28515954052038
N        -0.33147160559605   -1.10544989729796   -0.19350363869047
H         1.47334688629725    0.04797558215044    0.26009534600974
5
 energy: -9.518085279945 gnorm: 0.001714157285 xtb: 6.2.2 (9d81278992624c895f80dd42a50cac0aa55982e2)
C         0.46928868485455    0.01339598333412   -0.10596378767283
C        -0.54981926728253    1.10066360051486   -0.25164221289666
C        -1.06594913015543   -0.06218772691322    0.29162955127781
N        -0.32685862017840   -1.10200031929669   -0.20018764613954
H         1.47333933276180    0.05012846236092    0.26616309543123
5
 energy: -9.518089845013 gnorm: 0.000935410939 xtb: 6.2.2 (9d81278992624c895f80dd42a50cac0aa55982e2)
C         0.46978326398570    0.01264428924686   -0.10442155543236
C        -0.54962467466736    1.09907442611912   -0.25312694844293
C        -1.06650766195306   -0.06188215060340    0.29372796232016
N        -0.32904918508916   -1.10203168659159   -0.20292928391220
H         1.47539925772387    0.05219512182902    0.26674882546733
