5
 energy: -10.958948945940 gnorm: 0.134619371645 xtb: 6.2.2 (9d81278992624c895f80dd42a50cac0aa55982e2)
C        -0.89836300000000    0.80037100000000   -0.19340800000000
N         0.42277900000000    0.73337700000000    0.41304000000000
C         0.29649400000000   -0.73448400000000    0.43228300000000
C         1.25613900000000   -0.10123300000000   -0.46321900000000
C        -1.07704900000000   -0.69803100000000   -0.18869600000000
5
 energy: -10.976909648650 gnorm: 0.081220155311 xtb: 6.2.2 (9d81278992624c895f80dd42a50cac0aa55982e2)
C        -0.91742232625435    0.77944993152567   -0.16327508295517
N         0.40603798479310    0.74034643313652    0.36289814040307
C         0.29375432013812   -0.74445218901461    0.39308231330576
C         1.26848475763298   -0.11755267734138   -0.41667782058382
C        -1.05085473630984   -0.65779149830620   -0.17602755016984
5
 energy: -10.991281929194 gnorm: 0.096902444410 xtb: 6.2.2 (9d81278992624c895f80dd42a50cac0aa55982e2)
C        -0.92641661715237    0.73179959098371   -0.14344399998424
N         0.38215628459719    0.76248494390275    0.27931600039194
C         0.28747444177154   -0.78935026786396    0.26330974808426
C         1.32738425221186   -0.10696697523373   -0.30281367446270
C        -1.07059836142821   -0.59796729178877   -0.09636807402927
5
 energy: -10.998367550364 gnorm: 0.057437843974 xtb: 6.2.2 (9d81278992624c895f80dd42a50cac0aa55982e2)
C        -0.93169889531931    0.74490790104449   -0.11587351294832
N         0.39476532159652    0.79052443584610    0.24173608507282
C         0.27721142871315   -0.80352939689636    0.24085352923806
C         1.32922856437166   -0.11267270640447   -0.26723389637412
C        -1.06950641936201   -0.61923023358976   -0.09948220498844
5
 energy: -11.006031720784 gnorm: 0.029572777970 xtb: 6.2.2 (9d81278992624c895f80dd42a50cac0aa55982e2)
C        -0.91403741574863    0.74674468082262   -0.07654711903132
N         0.42106470182004    0.84944207307418    0.16547223433359
C         0.24930014403273   -0.85119110685302    0.17870023195309
C         1.33186001564298   -0.09404244012760   -0.18562317467691
C        -1.08818744574711   -0.65095320691618   -0.08200217257845
5
 energy: -11.008968856063 gnorm: 0.042195537016 xtb: 6.2.2 (9d81278992624c895f80dd42a50cac0aa55982e2)
C        -0.89612671874984    0.73587281595506   -0.04269725323138
N         0.44370976828685    0.89811532823714    0.12246245666185
C         0.22980490869064   -0.87721495342956    0.16373611874787
C         1.30267527151536   -0.09094323518012   -0.14770924192669
C        -1.08006322974302   -0.66582995558252   -0.09579208025166
5
 energy: -11.015067169911 gnorm: 0.046509132223 xtb: 6.2.2 (9d81278992624c895f80dd42a50cac0aa55982e2)
C        -0.84462402058085    0.69684606285035    0.00924428943220
N         0.48330839099912    1.00462440244841    0.04392348288799
C         0.19647994459372   -0.94740050127875    0.11853897850659
C         1.25333505097298   -0.06983336668403   -0.06754849205570
C        -1.08849936598497   -0.68423659733598   -0.10415825877108
5
 energy: -11.021692163442 gnorm: 0.129706105893 xtb: 6.2.2 (9d81278992624c895f80dd42a50cac0aa55982e2)
C        -0.69424270767253    0.59901906826152    0.10026715876932
N         0.56720964987004    1.23959765009587   -0.09338234299374
C         0.13260632022049   -1.10548234777910    0.05231423495004
C         1.10145118702167   -0.01012704891480    0.07493569202395
C        -1.10702444943967   -0.72300732166349   -0.13413474274957
5
 energy: -11.034417521213 gnorm: 0.084353868149 xtb: 6.2.2 (9d81278992624c895f80dd42a50cac0aa55982e2)
C        -0.63792283309472    0.59643584085511    0.00205897927370
N         0.54022560389984    1.19354326365310   -0.00880367640502
C         0.15961415743381   -1.12950962326596    0.06772343267204
C         1.06607142222870    0.04396344221162    0.02329432687141
C        -1.12798835046763   -0.70443292345387   -0.08427306241213
5
 energy: -11.036310692668 gnorm: 0.033678667465 xtb: 6.2.2 (9d81278992624c895f80dd42a50cac0aa55982e2)
C        -0.67921415764946    0.60820851004864    0.01781475428910
N         0.52107702357495    1.17712877050508   -0.01449797220217
C         0.16088419791911   -1.10236943358049    0.05497994729784
C         1.10774837702484    0.01001121882541    0.02382939451007
C        -1.11049544086943   -0.69297906579864   -0.08212612389485
5
 energy: -11.032174320467 gnorm: 0.071875647724 xtb: 6.2.2 (9d81278992624c895f80dd42a50cac0aa55982e2)
C        -0.60762683804811    0.56850048867587    0.02895178532439
N         0.53101281371755    1.26656273271019   -0.05581927138727
C         0.12795280298078   -1.17379970260041   -0.02114027061269
C         1.06633265733197    0.03960361972130    0.09287675312122
C        -1.11767143598219   -0.70086713850693   -0.04486899644565
5
 energy: -11.038321891266 gnorm: 0.012884744139 xtb: 6.2.2 (9d81278992624c895f80dd42a50cac0aa55982e2)
C        -0.63860203956924    0.59081938838173    0.00973536526886
N         0.51915821335926    1.21072190324723   -0.01497340801715
C         0.14612757443302   -1.12928589568410    0.02192755826288
C         1.08724796255135    0.02548540483544    0.04211935817722
C        -1.11393171077438   -0.69774080078030   -0.05880887369181
5
 energy: -11.038563402320 gnorm: 0.010396530172 xtb: 6.2.2 (9d81278992624c895f80dd42a50cac0aa55982e2)
C        -0.63733598397262    0.59028972932260    0.00374734505219
N         0.51516211631807    1.20879873076614   -0.00528942929420
C         0.14724942225898   -1.12465643519994    0.01789725203577
C         1.09200984695428    0.02359884913846    0.03743062666158
C        -1.11708540155871   -0.69803087402726   -0.05378579445534
5
 energy: -11.038862981501 gnorm: 0.005514578783 xtb: 6.2.2 (9d81278992624c895f80dd42a50cac0aa55982e2)
C        -0.62984354026623    0.58355288272101   -0.00970143212792
N         0.50899329804137    1.21098141073717    0.02123717510950
C         0.14468066342698   -1.11134229261849    0.00545516777387
C         1.10067296923270    0.01815692080283    0.02542423278148
C        -1.12450339043482   -0.70134892164252   -0.04241514353693
5
 energy: -11.038898920204 gnorm: 0.005607902251 xtb: 6.2.2 (9d81278992624c895f80dd42a50cac0aa55982e2)
C        -0.62893992030963    0.58175067417426   -0.01187820025807
N         0.50844843593828    1.21179952100004    0.02231271957635
C         0.14413334986446   -1.11124259972832   -0.00182339667289
C         1.10537487389676    0.01916763094859    0.02834318973088
C        -1.12901673938987   -0.70147522639456   -0.03695431237627
5
 energy: -11.038920453332 gnorm: 0.003042431082 xtb: 6.2.2 (9d81278992624c895f80dd42a50cac0aa55982e2)
C        -0.62843840971815    0.57956365705235   -0.01200351648258
N         0.51027184047129    1.21229164610139    0.02284098553788
C         0.14250266051320   -1.10990224490822   -0.00337386882203
C         1.10571728798063    0.01978350383268    0.02892091642476
C        -1.13005337924697   -0.70173656207820   -0.03638451665803
5
 energy: -11.038935433278 gnorm: 0.002159522441 xtb: 6.2.2 (9d81278992624c895f80dd42a50cac0aa55982e2)
C        -0.62888892846157    0.57714159235286   -0.01266166670492
N         0.51230813580555    1.21078815653247    0.02384670674306
C         0.14081014144683   -1.10680561205943   -0.00543757463886
C         1.10789867739000    0.02065684276335    0.02935866802348
C        -1.13212802618081   -0.70178097958923   -0.03510613342276
5
 energy: -11.038941338446 gnorm: 0.001597117037 xtb: 6.2.2 (9d81278992624c895f80dd42a50cac0aa55982e2)
C        -0.62958698013824    0.57581452411365   -0.01320885783020
N         0.51334601894206    1.20873209899303    0.02463781233181
C         0.14000077095251   -1.10398871945223   -0.00662781793903
C         1.11019909479020    0.02121136247746    0.02937572825784
C        -1.13395890454653   -0.70176926613192   -0.03417686482042
5
 energy: -11.038943393354 gnorm: 0.000791824750 xtb: 6.2.2 (9d81278992624c895f80dd42a50cac0aa55982e2)
C        -0.63006189615434    0.57515759925930   -0.01323416066502
N         0.51359109976915    1.20693796466702    0.02492206627111
C         0.13975681719604   -1.10171454813150   -0.00702393029228
C         1.11212268871565    0.02141738508517    0.02920103912905
C        -1.13540870952650   -0.70179840088000   -0.03386501444286
