5
 energy: -9.481855888316 gnorm: 0.139541966289 xtb: 6.2.2 (9d81278992624c895f80dd42a50cac0aa55982e2)
C         0.84041800000000    0.05614700000000   -0.41301500000000
C        -0.42440100000000    0.76651100000000   -0.26193900000000
C        -1.33250600000000   -0.05454000000000    0.52944000000000
N        -0.42168600000000   -0.70634400000000   -0.42842400000000
H         1.33817500000000   -0.06177400000000    0.57393900000000
5
 energy: -9.508024161730 gnorm: 0.124340634112 xtb: 6.2.2 (9d81278992624c895f80dd42a50cac0aa55982e2)
C         0.79702172022661    0.02729773427954   -0.36725635499101
C        -0.39196168011783    0.77481383940168   -0.21761216131738
C        -1.32537989707771   -0.06214089571329    0.46669905976194
N        -0.47937825869932   -0.72848484664605   -0.43215802785865
H         1.39969811566825   -0.01148583132187    0.55032848440511
5
 energy: -9.524298027120 gnorm: 0.331761000489 xtb: 6.2.2 (9d81278992624c895f80dd42a50cac0aa55982e2)
C         0.64903992739941    0.03093569462550   -0.21241759747879
C        -0.32394592980786    0.84529607798145   -0.20245776273809
C        -1.18765405475256   -0.10584281120477    0.33296710835991
N        -0.61622644073287   -0.80656945287262   -0.41333194898164
H         1.47878649789388    0.03618049147043    0.49524120083861
5
 energy: -9.553332773521 gnorm: 0.099742372157 xtb: 6.2.2 (9d81278992624c895f80dd42a50cac0aa55982e2)
C         0.67622475923461    0.02651857170515   -0.21103148481294
C        -0.36558551591269    0.85471762873059   -0.21794701614454
C        -1.23497546963805   -0.08043015085422    0.37652566158245
N        -0.57268960572383   -0.81940456408784   -0.44524437841493
H         1.49702583203996    0.01859851450633    0.49769821778996
5
 energy: -9.570375632720 gnorm: 0.074995657249 xtb: 6.2.2 (9d81278992624c895f80dd42a50cac0aa55982e2)
C         0.63020192675776    0.04549324002160   -0.13967605983352
C        -0.41586064238194    0.91291291903468   -0.26364366740228
C        -1.20459970029562   -0.07381640177518    0.37034221307421
N        -0.53660141252389   -0.85325427724862   -0.43864212564927
H         1.52685982844368   -0.03133548003249    0.47162063981086
5
 energy: -9.581270249816 gnorm: 0.063420611349 xtb: 6.2.2 (9d81278992624c895f80dd42a50cac0aa55982e2)
C         0.55298037795116    0.06454549267636   -0.06253788722155
C        -0.47073816365121    1.00605456007867   -0.32920577791704
C        -1.12886739870493   -0.06821751997224    0.38022735233091
N        -0.43002188435304   -0.89069760460064   -0.41655035726379
H         1.47664706875802   -0.11168492818215    0.42806767007147
5
 energy: -9.583164388048 gnorm: 0.029907952367 xtb: 6.2.2 (9d81278992624c895f80dd42a50cac0aa55982e2)
C         0.55521179221265    0.06237360673528   -0.07937814009892
C        -0.45719601205963    0.99777418192468   -0.29773132973200
C        -1.19070733271903   -0.06873360339268    0.34802751940539
N        -0.41420734940023   -0.88148369812397   -0.37931803717774
H         1.50689890196624   -0.10993048714331    0.40840098760326
5
 energy: -9.584032107450 gnorm: 0.017877971217 xtb: 6.2.2 (9d81278992624c895f80dd42a50cac0aa55982e2)
C         0.55831804478263    0.04570823207070   -0.08461440799341
C        -0.44145016472486    0.98478756300983   -0.29709162882300
C        -1.16946114843334   -0.07353540836083    0.36537477164435
N        -0.42892692335394   -0.86957396959311   -0.40342885956815
H         1.48152019172951   -0.08738641712660    0.41976112474021
5
 energy: -9.584395964339 gnorm: 0.011501276531 xtb: 6.2.2 (9d81278992624c895f80dd42a50cac0aa55982e2)
C         0.54547791812731    0.04246647018053   -0.06866771291366
C        -0.44447126570762    0.98438943780908   -0.30427448140030
C        -1.16347828620669   -0.07265900824451    0.36697259826707
N        -0.43041214822124   -0.86787463524641   -0.41250055899144
H         1.49288378200823   -0.08632226449869    0.41847115503833
5
 energy: -9.584594096559 gnorm: 0.009192604545 xtb: 6.2.2 (9d81278992624c895f80dd42a50cac0aa55982e2)
C         0.54281078416775    0.04451670610773   -0.06092152896953
C        -0.44626938873482    0.98131383643175   -0.30670385547806
C        -1.16816242398308   -0.07073363920407    0.36646645406794
N        -0.42339960743180   -0.86468333588860   -0.40996438663145
H         1.49502063598195   -0.09041356744680    0.41112431701110
5
 energy: -9.584806812766 gnorm: 0.006989348985 xtb: 6.2.2 (9d81278992624c895f80dd42a50cac0aa55982e2)
C         0.54235032937538    0.04668357523260   -0.04397442098916
C        -0.44805575255515    0.97188481521857   -0.30867511147185
C        -1.18236644412039   -0.06764089568626    0.36382639144862
N        -0.41873745886668   -0.85790847725106   -0.40758739062592
H         1.50680932616685   -0.09301901751385    0.39641153163832
5
 energy: -9.584847581240 gnorm: 0.002904027876 xtb: 6.2.2 (9d81278992624c895f80dd42a50cac0aa55982e2)
C         0.54268572650848    0.04579222795551   -0.03677077808164
C        -0.44782865141400    0.97097896753567   -0.30821836704219
C        -1.18681639181277   -0.06749307767902    0.36188477359672
N        -0.41845729738235   -0.85698190136565   -0.40679278973012
H         1.51041661410064   -0.09229621644651    0.38989816125723
5
 energy: -9.584859763111 gnorm: 0.001024763858 xtb: 6.2.2 (9d81278992624c895f80dd42a50cac0aa55982e2)
C         0.54259039942038    0.04469291856106   -0.03287836807652
C        -0.44616405416344    0.97117119395351   -0.30647610234192
C        -1.18929307886874   -0.06781399469746    0.35965092155116
N        -0.41990627690491   -0.85767407534161   -0.40639942846304
H         1.51277301051671   -0.09037604247551    0.38610397733032
5
 energy: -9.584861121526 gnorm: 0.000627723931 xtb: 6.2.2 (9d81278992624c895f80dd42a50cac0aa55982e2)
C         0.54218134542746    0.04433481065655   -0.03208088413351
C        -0.44514506154628    0.97201975041563   -0.30582099045880
C        -1.18957723275077   -0.06829331041105    0.35873079109613
N        -0.42042873509231   -0.85833763951964   -0.40593493953870
H         1.51296968396189   -0.08972361114149    0.38510702303488
