5
 energy: -10.883655656282 gnorm: 0.213364291766 xtb: 6.2.2 (9d81278992624c895f80dd42a50cac0aa55982e2)
N         1.66775200000000    0.11157400000000    0.15564900000000
C         0.27812400000000    0.44737700000000    0.40414400000000
C        -0.15183100000000   -0.67887500000000   -0.60401200000000
C        -0.91720800000000   -0.45909600000000    0.61058500000000
C        -0.87683700000000    0.57902000000000   -0.56636600000000
5
 energy: -10.925321776588 gnorm: 0.104328136039 xtb: 6.2.2 (9d81278992624c895f80dd42a50cac0aa55982e2)
N         1.55097546526722    0.13263274559751    0.17021175742871
C         0.31475902781688    0.43927911021786    0.39826196314932
C        -0.17421528142699   -0.70542879948010   -0.62819953109516
C        -0.86623666914890   -0.45972662844362    0.62675788236291
C        -0.82528254250821    0.59324357210834   -0.56703207184577
5
 energy: -10.927261666277 gnorm: 0.204917998592 xtb: 6.2.2 (9d81278992624c895f80dd42a50cac0aa55982e2)
N         1.47675371140269    0.18198883507387    0.21119565472781
C         0.36355538264095    0.41720110533269    0.38046642643395
C        -0.24578966838491   -0.74928763629146   -0.66934522666248
C        -0.81814722986809   -0.46190152204902    0.64760486354768
C        -0.77637219579064    0.61199921793392   -0.56992171804695
5
 energy: -10.940136858998 gnorm: 0.046876322878 xtb: 6.2.2 (9d81278992624c895f80dd42a50cac0aa55982e2)
N         1.54258953075830    0.19091855537351    0.22132793743449
C         0.35045105911950    0.41361584893502    0.37685857124933
C        -0.27123957593832   -0.75138552800330   -0.67206815304076
C        -0.83183211598694   -0.46461535356371    0.64694117471385
C        -0.78996889795253    0.61146647725848   -0.57305953035691
5
 energy: -10.951271325674 gnorm: 0.075875934705 xtb: 6.2.2 (9d81278992624c895f80dd42a50cac0aa55982e2)
N         1.59906123719306    0.24704812795160    0.27277365016657
C         0.37112158166563    0.38389512052891    0.35135876911228
C        -0.37358563059622   -0.78156928197731   -0.70221135484359
C        -0.81955794200155   -0.47112901720041    0.65857147109688
C        -0.77703924626092    0.62175505069722   -0.58049253553214
5
 energy: -10.960890615598 gnorm: 0.195750751684 xtb: 6.2.2 (9d81278992624c895f80dd42a50cac0aa55982e2)
N         1.75072297712273    0.41516013055968    0.42625747673277
C         0.43673341628283    0.29905129774383    0.27879695982719
C        -0.69958191794189   -0.85854076868403   -0.78131859229353
C        -0.76628468379508   -0.50220105458299    0.68934880203843
C        -0.72158979166860    0.64653039496350   -0.61308464630485
5
 energy: -10.975945891998 gnorm: 0.133093422035 xtb: 6.2.2 (9d81278992624c895f80dd42a50cac0aa55982e2)
N         1.69651481171813    0.36421913445838    0.37948115596204
C         0.42002382443683    0.33773884990383    0.31233278434544
C        -0.63154874956489   -0.82412676881628   -0.74864295805241
C        -0.76457489402926   -0.50657242133236    0.67203096040758
C        -0.72041499256081    0.62874120578644   -0.61520194266265
5
 energy: -10.994354478683 gnorm: 0.069927753009 xtb: 6.2.2 (9d81278992624c895f80dd42a50cac0aa55982e2)
N         1.66524815094464    0.35985872888940    0.37456365905091
C         0.42187832728014    0.37175545191755    0.34241098720968
C        -0.70048134268918   -0.79560891140247   -0.72589446520391
C        -0.71568845458742   -0.54282334626406    0.65623102610913
C        -0.67095668094819    0.60681807685957   -0.64731120716581
5
 energy: -11.010914151031 gnorm: 0.054814392457 xtb: 6.2.2 (9d81278992624c895f80dd42a50cac0aa55982e2)
N         1.65586824535689    0.39975663403132    0.40934492296245
C         0.43868524244920    0.39467676767163    0.36328970893453
C        -0.88594696696653   -0.77702003123611   -0.71585427603555
C        -0.62755556279830   -0.60480241554376    0.64752050474993
C        -0.58105095804125    0.58738904507693   -0.70430086061136
5
 energy: -11.015692349577 gnorm: 0.056632341984 xtb: 6.2.2 (9d81278992624c895f80dd42a50cac0aa55982e2)
N         1.67414518290774    0.42819244582974    0.43502853532708
C         0.45880483819030    0.38725223503781    0.35745048985404
C        -0.98528849430344   -0.75293630679821   -0.69801274208781
C        -0.59739525612398   -0.63492243537312    0.63726265106691
C        -0.55026627067062    0.57241406130378   -0.73172893416023
5
 energy: -11.019773559248 gnorm: 0.044746549043 xtb: 6.2.2 (9d81278992624c895f80dd42a50cac0aa55982e2)
N         1.69642462755186    0.45230862067970    0.45708057287772
C         0.48376985206634    0.36251726436020    0.33646566220825
C        -1.05215989345403   -0.71612048818239   -0.66782815576051
C        -0.58763964926663   -0.65472190270142    0.62355281159797
C        -0.54039493689754    0.55601650584391   -0.74927089092343
5
 energy: -11.022413130851 gnorm: 0.043911003399 xtb: 6.2.2 (9d81278992624c895f80dd42a50cac0aa55982e2)
N         1.70803984433808    0.48290932668638    0.48448607172837
C         0.50926413076049    0.32977282556044    0.30842396017168
C        -1.12153512470373   -0.68697442096932   -0.64447589001012
C        -0.57165461598583   -0.67226082978837    0.61674290963301
C        -0.52411423440901    0.54655309851087   -0.76517705152294
5
 energy: -11.024776716666 gnorm: 0.030377483376 xtb: 6.2.2 (9d81278992624c895f80dd42a50cac0aa55982e2)
N         1.70434393583968    0.50757323430329    0.50615740451041
C         0.53499817722057    0.28713799423509    0.27163584196411
C        -1.16121823064951   -0.65219931432133   -0.61513477853934
C        -0.56285516378558   -0.68197466972504    0.61107529560118
C        -0.51526871862517    0.53946275550800   -0.77373376353637
5
 energy: -11.025675007880 gnorm: 0.016508456197 xtb: 6.2.2 (9d81278992624c895f80dd42a50cac0aa55982e2)
N         1.69461655815551    0.53055820818803    0.52614124452920
C         0.55314544058233    0.25530808603311    0.24412892584611
C        -1.20201124629572   -0.63194711889017   -0.59865794369802
C        -0.54677600347313   -0.69117404851889    0.61053487355209
C        -0.49897474896900    0.53725487318792   -0.78214710022938
5
 energy: -11.025983834809 gnorm: 0.009133247257 xtb: 6.2.2 (9d81278992624c895f80dd42a50cac0aa55982e2)
N         1.68258716326812    0.53261653330004    0.52751539690303
C         0.55591569197490    0.24168899888795    0.23222938248353
C        -1.19043978320722   -0.62840386740603   -0.59509982598327
C        -0.54790283769202   -0.68610981610033    0.61280125377278
C        -0.50016023434377    0.54020815131837   -0.77744620717606
5
 energy: -11.026040201684 gnorm: 0.005566661128 xtb: 6.2.2 (9d81278992624c895f80dd42a50cac0aa55982e2)
N         1.68325858882492    0.53605060409499    0.53061759374623
C         0.55733160669422    0.23646160067544    0.22763099605538
C        -1.19172030182912   -0.62997008935448   -0.59655429328490
C        -0.54826424550244   -0.68413694837441    0.61395494373153
C        -0.50060564818758    0.54159483295846   -0.77564924024824
5
 energy: -11.026072047163 gnorm: 0.002188683832 xtb: 6.2.2 (9d81278992624c895f80dd42a50cac0aa55982e2)
N         1.68232494637071    0.53555170739672    0.53010983970241
C         0.55597526460467    0.23748270948345    0.22852266044449
C        -1.18680690502174   -0.63548043670692   -0.60123113435192
C        -0.54957435644068   -0.68115637606335    0.61555084024736
C        -0.50191894951296    0.54360239589010   -0.77295220604234
5
 energy: -11.026083108908 gnorm: 0.001198194228 xtb: 6.2.2 (9d81278992624c895f80dd42a50cac0aa55982e2)
N         1.68229694515347    0.53396010239312    0.52873517047055
C         0.55432458865481    0.23946136691935    0.23019737979557
C        -1.17982889114970   -0.64092889673391   -0.60582313864887
C        -0.55217559637473   -0.67788778353092    0.61687549730118
C        -0.50461704628385    0.54539521095237   -0.76998490891843
5
 energy: -11.026083986320 gnorm: 0.000180248546 xtb: 6.2.2 (9d81278992624c895f80dd42a50cac0aa55982e2)
N         1.68258188124750    0.53341216048684    0.52817970370588
C         0.55421040327278    0.24026155971828    0.23096817164549
C        -1.17836909683854   -0.64172914112515   -0.60643269570117
C        -0.55302935039753   -0.67744550249157    0.61686904155284
C        -0.50539383728421    0.54550092341160   -0.76958422120304
