5
 energy: -10.996733807221 gnorm: 0.161143869807 xtb: 6.2.2 (9d81278992624c895f80dd42a50cac0aa55982e2)
C         1.45859600000000   -0.02140400000000   -0.06089100000000
C         0.16233500000000    0.73366800000000    0.08226500000000
C        -0.90242000000000    0.11205600000000   -0.69125000000000
N        -0.85096500000000   -0.08932000000000    0.78669800000000
C         0.13245400000000   -0.73500100000000   -0.11682200000000
5
 energy: -11.025916544153 gnorm: 0.126002686579 xtb: 6.2.2 (9d81278992624c895f80dd42a50cac0aa55982e2)
C         1.38644415757038   -0.02331426976686   -0.03596832910184
C         0.16135885236666    0.77787978586617    0.08138196100111
C        -0.88878413231759    0.11154833222003   -0.68961239527889
N        -0.78873251377499   -0.08881008454028    0.77364587394143
C         0.12971363615554   -0.77730476377905   -0.12944711056182
5
 energy: -11.044817355895 gnorm: 0.114895089264 xtb: 6.2.2 (9d81278992624c895f80dd42a50cac0aa55982e2)
C         1.14732669535581   -0.02687910541388    0.02610833619254
C         0.14860446151069    0.90580841899834    0.08752399761661
C        -0.81808573495667    0.11354699454240   -0.71497900089910
N        -0.58968550175581   -0.09085821504529    0.75883910162837
C         0.11184007984598   -0.90161909308156   -0.15749243453842
5
 energy: -11.055454152993 gnorm: 0.009526881180 xtb: 6.2.2 (9d81278992624c895f80dd42a50cac0aa55982e2)
C         1.23739048460726   -0.03016410055391    0.03685016935737
C         0.14789209750357    0.87890441859720    0.06422408100625
C        -0.85985243177287    0.11253604325969   -0.70123009305195
N        -0.63775627786872   -0.09179367027986    0.77293888633916
C         0.11232612753077   -0.86948369102312   -0.17278304365084
5
 energy: -11.055521819862 gnorm: 0.006107817044 xtb: 6.2.2 (9d81278992624c895f80dd42a50cac0aa55982e2)
C         1.23770898295187   -0.03037744918264    0.03836518472307
C         0.14836355845611    0.88009799541437    0.06186611791501
C        -0.85947198143427    0.11219936859436   -0.69878434235786
N        -0.63936459001235   -0.09189775158083    0.77392283239443
C         0.11276403003864   -0.87002316324528   -0.17536979267465
5
 energy: -11.055620091250 gnorm: 0.004456193712 xtb: 6.2.2 (9d81278992624c895f80dd42a50cac0aa55982e2)
C         1.23538917903380   -0.03143224372862    0.04642734528226
C         0.14959491710421    0.88460374013638    0.05389025115862
C        -0.86037305500015    0.11125048844000   -0.69163852928556
N        -0.63847432988643   -0.09214872936811    0.77557101941830
C         0.11386328874856   -0.87227425547965   -0.18425008657362
5
 energy: -11.055761398258 gnorm: 0.010587237732 xtb: 6.2.2 (9d81278992624c895f80dd42a50cac0aa55982e2)
C         1.23096807060142   -0.03369089773846    0.06376661552398
C         0.15100242289057    0.89074798464904    0.03982328305792
C        -0.86625562180844    0.11001518763736   -0.68161122033259
N        -0.63081509361061   -0.09256375433650    0.77746713367118
C         0.11510022192706   -0.87450952021144   -0.19944581192050
5
 energy: -11.056029144507 gnorm: 0.016185152476 xtb: 6.2.2 (9d81278992624c895f80dd42a50cac0aa55982e2)
C         1.22592307932008   -0.03619318315184    0.08297591564842
C         0.15184437437201    0.89612320751338    0.02528901237222
C        -0.87367888016157    0.10901308290075   -0.67308842221984
N        -0.61989495419928   -0.09309270241701    0.77970808790504
C         0.11580638066876   -0.87585140484528   -0.21488459370585
5
 energy: -11.056567667578 gnorm: 0.024389375380 xtb: 6.2.2 (9d81278992624c895f80dd42a50cac0aa55982e2)
C         1.21780471651933   -0.03958841573047    0.10920803292956
C         0.15266713020408    0.90348247213287    0.00560523410755
C        -0.88299957616314    0.10773681442544   -0.66226720710706
N        -0.60391572384898   -0.09390550200550    0.78326648215924
C         0.11644345328871   -0.87772636882234   -0.23581254208929
5
 energy: -11.057494499732 gnorm: 0.033766937112 xtb: 6.2.2 (9d81278992624c895f80dd42a50cac0aa55982e2)
C         1.20540996265030   -0.04357589031139    0.14047359159774
C         0.15327718051297    0.91234198094909   -0.01743317083837
C        -0.89272704941479    0.10634740977436   -0.65054063816308
N        -0.58278476780915   -0.09496365026266    0.78787333041264
C         0.11682467406067   -0.88015085014940   -0.26037311300893
5
 energy: -11.058818803592 gnorm: 0.040268191732 xtb: 6.2.2 (9d81278992624c895f80dd42a50cac0aa55982e2)
C         1.18898711174973   -0.04732673741753    0.17063573477811
C         0.15337314313979    0.92073904226831   -0.03888698283603
C        -0.90012736490720    0.10521259332292   -0.64102791083691
N        -0.55893223634869   -0.09608537841754    0.79256207778855
C         0.11669934636636   -0.88254051975617   -0.28328291889373
5
 energy: -11.060436661824 gnorm: 0.043938356588 xtb: 6.2.2 (9d81278992624c895f80dd42a50cac0aa55982e2)
C         1.17004030679113   -0.05074131454683    0.19865877959202
C         0.15310039898274    0.92830220324447   -0.05835400809264
C        -0.90520030161093    0.10427717430038   -0.63336548778875
N        -0.53417026803096   -0.09720849110726    0.79711582668828
C         0.11622986386802   -0.88463057189075   -0.30405511039891
5
 energy: -11.062198808537 gnorm: 0.045794739954 xtb: 6.2.2 (9d81278992624c895f80dd42a50cac0aa55982e2)
C         1.14987438412319   -0.05392036000251    0.22513927730966
C         0.15271634847919    0.93514449937520   -0.07665782810666
C        -0.90875282644066    0.10341567254533   -0.62647722868770
N        -0.50950870458483   -0.09830648923058    0.80151167185203
C         0.11567079842311   -0.88633432268744   -0.32351589236733
5
 energy: -11.063957094551 gnorm: 0.045463117343 xtb: 6.2.2 (9d81278992624c895f80dd42a50cac0aa55982e2)
C         1.12961531375236   -0.05677097490629    0.24923024329585
C         0.15238755702265    0.94085968609335   -0.09331910594563
C        -0.91100309111767    0.10262735341228   -0.62031440313334
N        -0.48620175725603   -0.09932008224995    0.80549786524490
C         0.11520197759869   -0.88739698234939   -0.34109459946178
5
 energy: -11.044992840568 gnorm: 0.222036661997 xtb: 6.2.2 (9d81278992624c895f80dd42a50cac0aa55982e2)
C         0.92764205370944   -0.07700416000873    0.42901044803874
C         0.14668755943646    0.96339224275670   -0.21068992525040
C        -0.90902673235208    0.09886486226320   -0.59299261000928
N        -0.27451556997083   -0.10757901601539    0.83492198984795
C         0.10921268917701   -0.87767492899578   -0.46024990262701
5
 energy: -11.067275728614 gnorm: 0.069941252810 xtb: 6.2.2 (9d81278992624c895f80dd42a50cac0aa55982e2)
C         1.07146619727424   -0.07040853435379    0.35860297332859
C         0.15626277813981    0.95399883966794   -0.17935904686823
C        -0.93481413834012    0.09761469106239   -0.57978020230155
N        -0.41192296613570   -0.10388855950117    0.82808818272405
C         0.11900812906176   -0.87731743687538   -0.42755190688286
5
 energy: -11.051966743726 gnorm: 0.178803253476 xtb: 6.2.2 (9d81278992624c895f80dd42a50cac0aa55982e2)
C         1.05723365979480   -0.05211800601655    0.22620805527714
C         0.14887509063366    0.88882696421659   -0.06724899702447
C        -0.87602150444187    0.10747606922257   -0.66160110338231
N        -0.44366801893281   -0.10001840632076    0.80487435420771
C         0.11358077294621   -0.84416762110184   -0.30223230907807
5
 energy: -11.069190219784 gnorm: 0.014354487555 xtb: 6.2.2 (9d81278992624c895f80dd42a50cac0aa55982e2)
C         1.06807597683207   -0.06442695836794    0.31499685973709
C         0.15176014574394    0.93382959607006   -0.14111775158497
C        -0.91552535346804    0.10114933050079   -0.60882378663888
N        -0.41942227746553   -0.10266077575350    0.82027164637076
C         0.11511150835755   -0.86789219244941   -0.38532696788400
5
 energy: -11.069915328843 gnorm: 0.017782225954 xtb: 6.2.2 (9d81278992624c895f80dd42a50cac0aa55982e2)
C         1.05650865959939   -0.06769289564282    0.34085404270554
C         0.15469116101619    0.93627097279515   -0.16189890438745
C        -0.92403790118195    0.09963015917222   -0.59633186785881
N        -0.40521383161883   -0.10337236836011    0.82340129567249
C         0.11805191218520   -0.86483686796443   -0.40602456613177
5
 energy: -11.070401189768 gnorm: 0.017146675371 xtb: 6.2.2 (9d81278992624c895f80dd42a50cac0aa55982e2)
C         1.03401158942626   -0.07162753347415    0.37328352146173
C         0.16059602217384    0.93740112835379   -0.18881410595605
C        -0.93171851792775    0.09730080197143   -0.57797782125213
N        -0.38694033147629   -0.10406881973511    0.82580920463529
C         0.12405123780394   -0.85900657711595   -0.43230079888884
5
 energy: -11.070579453631 gnorm: 0.011072726072 xtb: 6.2.2 (9d81278992624c895f80dd42a50cac0aa55982e2)
C         1.02917922500144   -0.07169304305987    0.37449823398014
C         0.16354955203851    0.93573084922960   -0.19117922502510
C        -0.93110071152934    0.09669885610519   -0.57362550803739
N        -0.38870998121966   -0.10384910821032    0.82445899906100
C         0.12708191570905   -0.85688855406461   -0.43415249997865
5
 energy: -11.070691475807 gnorm: 0.006737373101 xtb: 6.2.2 (9d81278992624c895f80dd42a50cac0aa55982e2)
C         1.02708020979261   -0.07153600595873    0.37366433677448
C         0.16647121996922    0.93397558553410   -0.19269008418903
C        -0.93207069359529    0.09624354921612   -0.57011721138345
N        -0.39155892037372   -0.10377063622666    0.82430027568391
C         0.13007818420717   -0.85491349256483   -0.43515731688591
5
 energy: -11.070803564137 gnorm: 0.005085547824 xtb: 6.2.2 (9d81278992624c895f80dd42a50cac0aa55982e2)
C         1.02340888043435   -0.07147636160093    0.37375642413134
C         0.17309650007038    0.93101096852521   -0.19712520894255
C        -0.93518070743794    0.09502773023623   -0.56070902707703
N        -0.39816446965390   -0.10342502039116    0.82275870537400
C         0.13683979658711   -0.85113831676935   -0.43868089348576
5
 energy: -11.070828243162 gnorm: 0.004347697851 xtb: 6.2.2 (9d81278992624c895f80dd42a50cac0aa55982e2)
C         1.02276549908661   -0.07166901050467    0.37524901756744
C         0.17486742516507    0.93099698840002   -0.19927533911688
C        -0.93631099261034    0.09454032149242   -0.55696855683037
N        -0.39994478905159   -0.10324950098433    0.82175640821418
C         0.13862285741024   -0.85061979840344   -0.44076152983436
5
 energy: -11.070860077768 gnorm: 0.002318655005 xtb: 6.2.2 (9d81278992624c895f80dd42a50cac0aa55982e2)
C         1.02132910812493   -0.07221986934145    0.37953533877346
C         0.17765798955192    0.93201488813118   -0.20420713380792
C        -0.93799783624158    0.09355711462689   -0.54945406460318
N        -0.40238726123967   -0.10295119624237    0.81992908844147
C         0.14139799980440   -0.85040193717424   -0.44580322880384
5
 energy: -11.070866989850 gnorm: 0.001999427237 xtb: 6.2.2 (9d81278992624c895f80dd42a50cac0aa55982e2)
C         1.02041975450879   -0.07238896810275    0.38092881352060
C         0.17788817381542    0.93257770882157   -0.20557769398737
C        -0.93789023602253    0.09338018401992   -0.54815371844771
N        -0.40203038296633   -0.10297980455143    0.82007705914733
C         0.14161269066465   -0.85059012018732   -0.44727446023286
5
 energy: -11.070875945020 gnorm: 0.001780116012 xtb: 6.2.2 (9d81278992624c895f80dd42a50cac0aa55982e2)
C         1.01668412705891   -0.07283687145808    0.38480718942231
C         0.17850203305232    0.93377938734151   -0.20956626016370
C        -0.93737350578058    0.09298448874931   -0.54529390955033
N        -0.40001157217544   -0.10321579480848    0.82149208084867
C         0.14219891784478   -0.85071220982426   -0.45143910055695
5
 energy: -11.070878166530 gnorm: 0.000446420960 xtb: 6.2.2 (9d81278992624c895f80dd42a50cac0aa55982e2)
C         1.01659930725764   -0.07278099653350    0.38439055478364
C         0.17874902415338    0.93316102614484   -0.20930434937824
C        -0.93776441282466    0.09304623764612   -0.54571000711375
N        -0.40005340047254   -0.10323399145247    0.82164856924321
C         0.14246948188618   -0.85019327580499   -0.45102476753486
