5
 energy: -10.108789600532 gnorm: 0.150320244767 xtb: 6.2.2 (9d81278992624c895f80dd42a50cac0aa55982e2)
C        -1.10263500000000   -0.67780600000000    0.43095400000000
C        -0.05828100000000   -0.13620700000000   -0.55426100000000
C         1.13178200000000    0.74589700000000   -0.15384200000000
C        -1.13553600000000    0.75138100000000    0.08321400000000
C         1.16467100000000   -0.68326600000000    0.19393500000000
5
 energy: -10.127407594884 gnorm: 0.112844535257 xtb: 6.2.2 (9d81278992624c895f80dd42a50cac0aa55982e2)
C        -1.09864316167468   -0.66395369029074    0.41048382530207
C        -0.05174553736148   -0.12093032269636   -0.49210899813264
C         1.12452518947409    0.72440704752477   -0.16444578310288
C        -1.13073846702901    0.72986469072524    0.07134684373038
C         1.15660297659108   -0.66938872526292    0.17472411220308
5
 energy: -10.160755159111 gnorm: 0.222060345312 xtb: 6.2.2 (9d81278992624c895f80dd42a50cac0aa55982e2)
C        -1.17049287572757   -0.59983392807780    0.33402695547021
C        -0.02495218087663   -0.05829958606147   -0.23730031607002
C         1.18298913105826    0.62897138614365   -0.21539946307932
C        -1.19895022494885    0.63474513044469    0.03363915813217
C         1.21140715049480   -0.60558400244907    0.08503366554696
5
 energy: -10.189215865104 gnorm: 0.057327365243 xtb: 6.2.2 (9d81278992624c895f80dd42a50cac0aa55982e2)
C        -1.22944779433257   -0.62730767356253    0.32543901407721
C        -0.01649576556453   -0.03852837421406   -0.15687218482083
C         1.23772590947055    0.64656362848841   -0.24701860140975
C        -1.25897044083923    0.65261714527731    0.01400738375146
C         1.26718909126578   -0.63334572598913    0.06444438840191
5
 energy: -10.194021082413 gnorm: 0.045096425635 xtb: 6.2.2 (9d81278992624c895f80dd42a50cac0aa55982e2)
C        -1.32693546455033   -0.63101563243106    0.28656982187810
C         0.00315379670345    0.00740336183301    0.02998701936896
C         1.32540090634779    0.62732759005591   -0.30154579605356
C        -1.35616846399322    0.63383328215217   -0.02123314061184
C         1.35455022549231   -0.63754960161003    0.00622209541834
5
 energy: -10.197039070506 gnorm: 0.008067129716 xtb: 6.2.2 (9d81278992624c895f80dd42a50cac0aa55982e2)
C        -1.28828938114053   -0.63561755465091    0.30252134935385
C        -0.00423187414401   -0.00986405596104   -0.04025597242826
C         1.29045329798775    0.64058615604762   -0.28224332682128
C        -1.31801920241628    0.64694498176685   -0.00971846432044
C         1.32008815971307   -0.64205052720251    0.02969641421613
5
 energy: -10.197147974789 gnorm: 0.007406659315 xtb: 6.2.2 (9d81278992624c895f80dd42a50cac0aa55982e2)
C        -1.28985707187270   -0.63604488341394    0.30018212151695
C        -0.00315066639489   -0.00733641614538   -0.02997138701059
C         1.29150762459110    0.63981685269699   -0.28477424373834
C        -1.31982776205312    0.64625283526252   -0.01225893865817
C         1.32132887572961   -0.64268938840018    0.02682244789014
5
 energy: -10.197327792660 gnorm: 0.004454602262 xtb: 6.2.2 (9d81278992624c895f80dd42a50cac0aa55982e2)
C        -1.28857674340905   -0.63676008492336    0.29494439158691
C        -0.00059968695855   -0.00137730388178   -0.00570466590203
C         1.28918438911572    0.63811356922880   -0.28938795013595
C        -1.32062934733412    0.64514756036768   -0.01962406196067
C         1.32062238858600   -0.64512474079133    0.01977228641174
5
 energy: -10.197392133930 gnorm: 0.004817036837 xtb: 6.2.2 (9d81278992624c895f80dd42a50cac0aa55982e2)
C        -1.28302609199840   -0.63504107614413    0.29548762055293
C         0.00019180730398    0.00047102328793    0.00182427742046
C         1.28393655920674    0.63710643108917   -0.28703845298201
C        -1.32097298707037    0.64575832925702   -0.02532051227275
C         1.31987171255805   -0.64829570748999    0.01504706728137
5
 energy: -10.198317576731 gnorm: 0.053038624682 xtb: 6.2.2 (9d81278992624c895f80dd42a50cac0aa55982e2)
C        -1.19136512529717   -0.59694362244902    0.31918701342288
C         0.01058645217440    0.02474314360275    0.10069935348288
C         1.20063930628030    0.61861204026199   -0.23102325665320
C        -1.34435510573243    0.65921343306243   -0.12183419591410
C         1.32449547257490   -0.70562599447815   -0.06702891433847
5
 energy: -10.198680610439 gnorm: 0.034245811597 xtb: 6.2.2 (9d81278992624c895f80dd42a50cac0aa55982e2)
C        -1.24089071388935   -0.61373167751550    0.30702758954565
C         0.00621887896257    0.01454234027319    0.05914665365140
C         1.24595178912288    0.62553308065277   -0.25898611135159
C        -1.33942661227642    0.65101472850937   -0.07658574907819
C         1.32814765808033   -0.67735947191983   -0.03060238276727
5
 energy: -10.201565213813 gnorm: 0.039976284075 xtb: 6.2.2 (9d81278992624c895f80dd42a50cac0aa55982e2)
C        -1.20938720173688   -0.58799693039190    0.32044758635239
C         0.01271536011693    0.02970714324505    0.12092356087011
C         1.21895784285940    0.61038411030948   -0.22936062345454
C        -1.37264961525102    0.65367532597378   -0.12989592145980
C         1.35036461401157   -0.70577064913641   -0.08211460230816
5
 energy: -10.186828682548 gnorm: 0.177792711787 xtb: 6.2.2 (9d81278992624c895f80dd42a50cac0aa55982e2)
C        -1.11040212804169   -0.48908572939474    0.37616509218082
C         0.03027581270246    0.07069479007455    0.28790753555217
C         1.13767976866827    0.55298342631318   -0.11625390779902
C        -1.50149321538144    0.66165617532804   -0.29819251724614
C         1.44394076205240   -0.79624966232104   -0.24962620268784
5
 energy: -10.205674729713 gnorm: 0.042577176404 xtb: 6.2.2 (9d81278992624c895f80dd42a50cac0aa55982e2)
C        -1.18225549338448   -0.52949560149599    0.33574543846812
C         0.02443310178828    0.05705550543513    0.23233953161901
C         1.19819089439141    0.56682618129045   -0.18393096405065
C        -1.46845861312170    0.65190132869863   -0.21159697281804
C         1.42809111032650   -0.74628841392822   -0.17255703321843
5
 energy: -10.208920239716 gnorm: 0.027165493963 xtb: 6.2.2 (9d81278992624c895f80dd42a50cac0aa55982e2)
C        -1.19372554158695   -0.52419518984020    0.34831197277482
C         0.01673509134550    0.03907394423753    0.15908150884118
C         1.21217647316881    0.56732561836365   -0.17287299022468
C        -1.47088201614541    0.65090987601967   -0.18451692267639
C         1.43569699321805   -0.73311524878065   -0.15000356871492
5
 energy: -10.212615494578 gnorm: 0.028370903009 xtb: 6.2.2 (9d81278992624c895f80dd42a50cac0aa55982e2)
C        -1.20907250057714   -0.50019086231128    0.37109240452394
C         0.01027220421858    0.02394959593511    0.09749000749403
C         1.23284779103465    0.55574151174653   -0.14514348206679
C        -1.51810874559174    0.65364117971760   -0.17429033126405
C         1.48406225091564   -0.73314242508797   -0.14914859868713
5
 energy: -10.222077483872 gnorm: 0.047680934774 xtb: 6.2.2 (9d81278992624c895f80dd42a50cac0aa55982e2)
C        -1.21597587684836   -0.42857373404033    0.39843241956476
C         0.00638165689383    0.01481475328525    0.06026454446217
C         1.24846062557631    0.50441348578981   -0.08997099485312
C        -1.64747382349755    0.66056561901206   -0.18665708792836
C         1.60860841787576   -0.75122112404679   -0.18206888124545
5
 energy: -10.240992671229 gnorm: 0.093283066463 xtb: 6.2.2 (9d81278992624c895f80dd42a50cac0aa55982e2)
C        -1.21597071158627   -0.33792997627997    0.41575387351824
C         0.00770058448103    0.01786143068713    0.07266540507839
C         1.25628125848286    0.43195218553769   -0.03339265737479
C        -1.80209599124382    0.66190020070154   -0.21696479128551
C         1.75408585986621   -0.77378484064639   -0.23806182993634
5
 energy: -10.262627956672 gnorm: 0.113717184830 xtb: 6.2.2 (9d81278992624c895f80dd42a50cac0aa55982e2)
C        -1.22161260940968   -0.24950360263320    0.40017103377450
C         0.01072836563901    0.02484213738282    0.10124830836077
C         1.26296366891103    0.34612962598063   -0.00743559480789
C        -1.94976893742397    0.65949981966287   -0.22170438707352
C         1.89769051228361   -0.78096898039311   -0.27227936025385
5
 energy: -10.299192547458 gnorm: 0.077214625129 xtb: 6.2.2 (9d81278992624c895f80dd42a50cac0aa55982e2)
C        -1.23390249480541   -0.10896568105560    0.28611523017206
C         0.02240297362385    0.05212888073926    0.21242811698567
C         1.25946776432625    0.16857007758198   -0.04422208448233
C        -2.16888343670770    0.64509045813510   -0.17387687892206
C         2.12091619356301   -0.75682473540074   -0.28044438375334
5
 energy: -10.309744411236 gnorm: 0.122535607967 xtb: 6.2.2 (9d81278992624c895f80dd42a50cac0aa55982e2)
C        -1.27608747533462    0.01760175672581    0.23757527538017
C         0.02628489876704    0.06092951227160    0.24899710201369
C         1.29698175086501    0.03215139717004   -0.03643361654592
C        -2.38779156934838    0.63000737869553   -0.14484100539142
C         2.34061339505096   -0.74069104486299   -0.30529775545652
5
 energy: -10.319125698985 gnorm: 0.031323035985 xtb: 6.2.2 (9d81278992624c895f80dd42a50cac0aa55982e2)
C        -1.26600385915757    0.05054176922396    0.23519997222047
C         0.02473432524763    0.05729134202104    0.23505739596878
C         1.28829907134110    0.00217352008033   -0.02173082071375
C        -2.35600659437508    0.60406014609820   -0.14100732022627
C         2.30897805694391   -0.71406777742353   -0.30751922724924
5
 energy: -10.321288058153 gnorm: 0.023650643930 xtb: 6.2.2 (9d81278992624c895f80dd42a50cac0aa55982e2)
C        -1.26715699789985    0.08227382081590    0.22569877144240
C         0.02261193749656    0.05297683756256    0.21438327030621
C         1.28963133167445   -0.03035336728185   -0.01478691331016
C        -2.37081766510038    0.59370011581252   -0.12434554650784
C         2.32573239382922   -0.69859840690913   -0.30094958193061
5
 energy: -10.324722727009 gnorm: 0.025469378991 xtb: 6.2.2 (9d81278992624c895f80dd42a50cac0aa55982e2)
C        -1.26853982750460    0.15083926824286    0.20586105053062
C         0.01803591088774    0.04164346769175    0.17292077495876
C         1.28973182912650   -0.10067166799906   -0.00229181664650
C        -2.42372047256893    0.57863960038683   -0.08915113712756
C         2.38449356005928   -0.67045166832238   -0.28733887171531
5
 energy: -10.325491794696 gnorm: 0.069800997772 xtb: 6.2.2 (9d81278992624c895f80dd42a50cac0aa55982e2)
C        -1.26453156349530    0.24869990257817    0.12137183832252
C         0.00661195227185    0.01700284678640    0.06312653997571
C         1.27522061059600   -0.22604292626067   -0.02734633874491
C        -2.52735880518599    0.57722798042681    0.03996367223396
C         2.51005880581342   -0.61688880353073   -0.19711571178721
5
 energy: -10.327226331952 gnorm: 0.009915121643 xtb: 6.2.2 (9d81278992624c895f80dd42a50cac0aa55982e2)
C        -1.26098425426582    0.21406245664681    0.16698637130371
C         0.01207168346466    0.02580168684353    0.12120806587214
C         1.27547568982113   -0.17512016127671   -0.00954557454234
C        -2.46977078032525    0.56994556333383   -0.03029940872953
C         2.44320866130527   -0.63469054554747   -0.24834945390394
5
 energy: -10.327624842418 gnorm: 0.017023133147 xtb: 6.2.2 (9d81278992624c895f80dd42a50cac0aa55982e2)
C        -1.25651848475141    0.22401539549630    0.14145279677361
C         0.01207121510031    0.03486379942498    0.10094168499720
C         1.27584814225567   -0.19272234114688   -0.00905222910607
C        -2.48392141701381    0.56510737935630   -0.00101218946885
C         2.45252154440923   -0.63126523313072   -0.23233006319584
5
 energy: -10.324949824345 gnorm: 0.094133906417 xtb: 6.2.2 (9d81278992624c895f80dd42a50cac0aa55982e2)
C        -1.25741514037454    0.29997994192522    0.09001771648992
C        -0.00206152638130   -0.02637416306199    0.03049763619866
C         1.24109376870468   -0.29324322237149   -0.07326771309995
C        -2.52012288649040    0.57787711230546    0.09194658511785
C         2.53850678454153   -0.55824066879722   -0.13919422470639
5
 energy: -10.328321760770 gnorm: 0.015072140063 xtb: 6.2.2 (9d81278992624c895f80dd42a50cac0aa55982e2)
C        -1.25410762931211    0.25415676429679    0.10859439058933
C         0.00863613458377    0.02357549969022    0.06824726132439
C         1.26656819659828   -0.23375616986896   -0.02641655464587
C        -2.49733551097974    0.56223555072871    0.04506451281504
C         2.47623980910977   -0.60621264484678   -0.19548961008282
5
 energy: -10.328454611674 gnorm: 0.006957858256 xtb: 6.2.2 (9d81278992624c895f80dd42a50cac0aa55982e2)
C        -1.25429966787041    0.26282201072469    0.10880346809737
C         0.00709133807029    0.01767090737288    0.06705654609103
C         1.26277620852221   -0.24301319225408   -0.02969276351842
C        -2.49498844554328    0.56077288751148    0.04654961045993
C         2.47942156682118   -0.59825361335500   -0.19271686112984
5
 energy: -10.328651615191 gnorm: 0.004506381166 xtb: 6.2.2 (9d81278992624c895f80dd42a50cac0aa55982e2)
C        -1.25152750306599    0.28465130833891    0.08634720108651
C         0.00530932700295    0.01274262230507    0.04766173757337
C         1.25626671090173   -0.27182361232574   -0.03838613171225
C        -2.49896762409195    0.55492198232030    0.07553353130454
C         2.48892008925323   -0.58049330063856   -0.17115633825209
5
 energy: -10.328690982082 gnorm: 0.003881129079 xtb: 6.2.2 (9d81278992624c895f80dd42a50cac0aa55982e2)
C        -1.25041288524967    0.28821651196067    0.07325833413681
C         0.00426251188372    0.01044362694699    0.03561273531718
C         1.25339720748323   -0.28033182581241   -0.04677622288777
C        -2.49842864431254    0.55550962940787    0.09343390213898
C         2.49118281019524   -0.57383894250315   -0.15552874870510
5
 energy: -10.328705101958 gnorm: 0.001575280740 xtb: 6.2.2 (9d81278992624c895f80dd42a50cac0aa55982e2)
C        -1.25055275580296    0.29030235985095    0.06845645090151
C         0.00343457511137    0.00865095186091    0.02855922294428
C         1.25287164337095   -0.28431438372317   -0.05003678155949
C        -2.49788448634129    0.55576158125516    0.10140335209529
C         2.49213202366190   -0.57040150924388   -0.14838224438150
5
 energy: -10.328719701245 gnorm: 0.002069173035 xtb: 6.2.2 (9d81278992624c895f80dd42a50cac0aa55982e2)
C        -1.25107410107549    0.28996872823332    0.06187904388135
C         0.00166179076362    0.00453739349624    0.01491289079111
C         1.25195375378019   -0.28727337707669   -0.05697929159005
C        -2.49621809554890    0.55873437395278    0.11490919734003
C         2.49367765208055   -0.56596811860567   -0.13472184042234
5
 energy: -10.328728078740 gnorm: 0.001581862266 xtb: 6.2.2 (9d81278992624c895f80dd42a50cac0aa55982e2)
C        -1.25157408383558    0.28837195959933    0.06004933601268
C         0.00087386506232    0.00242993106983    0.00746909670455
C         1.25209123916064   -0.28681156638688   -0.05971649763384
C        -2.49587335578369    0.56097665156323    0.12068649760844
C         2.49448333539629   -0.56496797584554   -0.12848843269174
5
 energy: -10.328732145773 gnorm: 0.001021268632 xtb: 6.2.2 (9d81278992624c895f80dd42a50cac0aa55982e2)
C        -1.25311193604478    0.28120700493368    0.06023593679484
C        -0.00099991141513   -0.00253755400640   -0.00679537460324
C         1.25256387020597   -0.28153001595907   -0.06535075486099
C        -2.49358678036340    0.56754686339325    0.12906086397685
C         2.49513575761731   -0.56468729836148   -0.11715067130736
5
 energy: -10.328734568925 gnorm: 0.000599876949 xtb: 6.2.2 (9d81278992624c895f80dd42a50cac0aa55982e2)
C        -1.25243678165510    0.28405492703760    0.06029606639139
C        -0.00013551526051    0.00000529402425   -0.00167501963412
C         1.25261829105903   -0.28359414686455   -0.06220477406642
C        -2.49509119943193    0.56475190143039    0.12568344802280
C         2.49504620528847   -0.56521897562772   -0.12209972071355
