5
 energy: -8.757164587441 gnorm: 0.245766230306 xtb: 6.2.2 (9d81278992624c895f80dd42a50cac0aa55982e2)
N        -0.03226200000000   -0.20282100000000    0.83923500000000
C        -1.08323900000000   -0.74245900000000   -0.00595100000000
N         0.99171300000000    0.23528300000000   -0.01029200000000
H        -1.61912300000000    0.08423300000000   -0.51917000000000
H         1.74291100000000    0.62576400000000    0.60138600000000
5
 energy: -8.817777763107 gnorm: 0.192720500016 xtb: 6.2.2 (9d81278992624c895f80dd42a50cac0aa55982e2)
N        -0.03858665005906   -0.15317322819960    0.68461103617322
C        -1.06310172920697   -0.72072320952783    0.03590880398710
N         1.01753554347616    0.24325696762723    0.01254580005535
H        -1.66160652995936    0.04075836953433   -0.48319451026702
H         1.74575936574922    0.58988110056587    0.65533687005134
5
 energy: -8.856431480479 gnorm: 0.336052027991 xtb: 6.2.2 (9d81278992624c895f80dd42a50cac0aa55982e2)
N        -0.04336751198879   -0.17709885942466    0.40818879918220
C        -1.02111351224808   -0.60463216895589    0.14149383060875
N         1.05761092663571    0.17830120413918    0.10879581935404
H        -1.72671099791061   -0.01960492196883   -0.45398793600122
H         1.73358109551177    0.62303474621020    0.70071748685623
5
 energy: -8.875182194799 gnorm: 0.178099922382 xtb: 6.2.2 (9d81278992624c895f80dd42a50cac0aa55982e2)
N         0.03987334472083   -0.16852709083620    0.27263069275317
C        -1.15858491697596   -0.60450794314318    0.19221411161338
N         1.18452557346346    0.17161869607208    0.10373065650872
H        -1.81298273416436   -0.05732852624458   -0.46030278317595
H         1.74716873295603    0.65874486415187    0.79693532230067
5
 energy: -8.878009253880 gnorm: 0.152579763283 xtb: 6.2.2 (9d81278992624c895f80dd42a50cac0aa55982e2)
N        -0.01503214756105   -0.02765374075884    0.23187726871647
C        -1.06087045254498   -0.60728983077281    0.06368637355622
N         1.30168835502283    0.04995276160795    0.10750857800165
H        -1.97635066704629   -0.08865925601276   -0.34318532319005
H         1.75056491212948    0.67365006593646    0.84532110291572
5
 energy: -8.890552677307 gnorm: 0.128542058028 xtb: 6.2.2 (9d81278992624c895f80dd42a50cac0aa55982e2)
N         0.00710339658529   -0.05242064112957    0.29289662415734
C        -1.00449608885008   -0.55670065352043    0.08815947388688
N         1.17805636187625    0.12534484402704    0.10247932676136
H        -1.89863808389786   -0.10839723087433   -0.38282648993020
H         1.71797441428640    0.59217368149729    0.80449906512464
5
 energy: -8.896985358936 gnorm: 0.082192947427 xtb: 6.2.2 (9d81278992624c895f80dd42a50cac0aa55982e2)
N         0.03868615717139   -0.06577749260675    0.20086488526544
C        -1.07287813744386   -0.54240213990199    0.13087784451796
N         1.22203590474004    0.11895643629299    0.10898980929238
H        -1.90349169378492   -0.12765585745994   -0.37980071021520
H         1.71564776931735    0.61687905367568    0.84427617113942
5
 energy: -8.899480782472 gnorm: 0.034863548181 xtb: 6.2.2 (9d81278992624c895f80dd42a50cac0aa55982e2)
N         0.03336472704088   -0.03474953157452    0.17330525004920
C        -1.05040161947267   -0.52126625689838    0.11338173693094
N         1.24870772688634    0.10992014101179    0.11669091087867
H        -1.95625646159401   -0.15735228929465   -0.36055941159262
H         1.72458562713945    0.60344793675575    0.86238951373382
5
 energy: -8.897593963064 gnorm: 0.080406096944 xtb: 6.2.2 (9d81278992624c895f80dd42a50cac0aa55982e2)
N         0.04564208420859   -0.05596882139251    0.15491683374015
C        -1.03390223078180   -0.48413161598793    0.10236079644584
N         1.26732267938202    0.00598796951487    0.10936219478822
H        -1.91666715452214   -0.13586268398009   -0.32125472503725
H         1.63760462171334    0.66997515184565    0.85982290006305
5
 energy: -8.901362946561 gnorm: 0.025986215142 xtb: 6.2.2 (9d81278992624c895f80dd42a50cac0aa55982e2)
N         0.05556373425268   -0.02606498008939    0.13969870005626
C        -1.03086574351417   -0.47430537244086    0.10707713299626
N         1.25872062484137    0.06979556013968    0.11993237158752
H        -1.96205707981227   -0.17879816075133   -0.33639254764749
H         1.67863846423239    0.60937295314189    0.87489234300746
5
 energy: -8.901532162730 gnorm: 0.020200745829 xtb: 6.2.2 (9d81278992624c895f80dd42a50cac0aa55982e2)
N         0.05090676983977   -0.02803209168025    0.12031953081833
C        -1.04456395817115   -0.46953437594984    0.11037562857708
N         1.26566813051287    0.07451730137050    0.13141515365289
H        -1.95666469033535   -0.18787196521044   -0.33058242666826
H         1.68465374815385    0.61092113147002    0.87368011361997
5
 energy: -8.901877694733 gnorm: 0.008431565031 xtb: 6.2.2 (9d81278992624c895f80dd42a50cac0aa55982e2)
N         0.06228706370342   -0.02499408476408    0.11311478186169
C        -1.03788351221300   -0.45247223537274    0.10595478332248
N         1.27412705976562    0.05872024092465    0.13233691561324
H        -1.97247056463580   -0.19632901097250   -0.32659540987088
H         1.67393995337976    0.61507509018466    0.88039692907349
5
 energy: -8.901973797018 gnorm: 0.009793709338 xtb: 6.2.2 (9d81278992624c895f80dd42a50cac0aa55982e2)
N         0.06410376221612   -0.02328717938722    0.11920367793001
C        -1.03284534734524   -0.44328305372937    0.09677918825117
N         1.27168447761338    0.05333877229310    0.13581364879932
H        -1.97268320108672   -0.20157221152645   -0.32260780347258
H         1.66974030860246    0.61480367234992    0.87601928849209
5
 energy: -8.902052059942 gnorm: 0.003756565328 xtb: 6.2.2 (9d81278992624c895f80dd42a50cac0aa55982e2)
N         0.06808684635788   -0.02645042939803    0.11541124738593
C        -1.03557287465255   -0.43345948392181    0.09393306710148
N         1.27749855609212    0.04506200120220    0.14124021939740
H        -1.97878559012531   -0.20674644813192   -0.32117601217446
H         1.66877306232786    0.62159436024954    0.87579947828966
5
 energy: -8.902080884358 gnorm: 0.001580278887 xtb: 6.2.2 (9d81278992624c895f80dd42a50cac0aa55982e2)
N         0.06897877528113   -0.02819540227193    0.11635178965896
C        -1.03746838403651   -0.42690087824203    0.08918537031660
N         1.28011115657015    0.04143039175865    0.14661791868629
H        -1.98403878260805   -0.21162116186168   -0.32056430581930
H         1.67241723479328    0.62528705061698    0.87361722715746
5
 energy: -8.902086777240 gnorm: 0.001410166601 xtb: 6.2.2 (9d81278992624c895f80dd42a50cac0aa55982e2)
N         0.06867113892955   -0.02946808204364    0.12064706381947
C        -1.03856208138407   -0.42487191499631    0.08560455936871
N         1.27935219325283    0.04078891396354    0.14873669322242
H        -1.98578595640893   -0.21340189493422   -0.32119180814913
H         1.67632470561062    0.62695297801062    0.87141149173854
5
 energy: -8.902088987343 gnorm: 0.001723439957 xtb: 6.2.2 (9d81278992624c895f80dd42a50cac0aa55982e2)
N         0.06790673825042   -0.02716464433729    0.12081930295341
C        -1.03776317342191   -0.42526214874750    0.08443802302057
N         1.27887977512035    0.04243851686801    0.14806244334862
H        -1.98719005414031   -0.21480296320170   -0.32050703578124
H         1.67816671419146    0.62479123941847    0.87239526645866
5
 energy: -8.902090817301 gnorm: 0.000837147541 xtb: 6.2.2 (9d81278992624c895f80dd42a50cac0aa55982e2)
N         0.06729356563614   -0.02550555415466    0.12088239685466
C        -1.03757811600704   -0.42663904892809    0.08452886301539
N         1.27799671864754    0.04443445990962    0.14633321482562
H        -1.98673150310600   -0.21507201374253   -0.32016135707286
H         1.67901933482935    0.62278215691565    0.87362488237720
