5
 energy: -10.911667705915 gnorm: 0.395152343415 xtb: 6.2.2 (9d81278992624c895f80dd42a50cac0aa55982e2)
C        -1.46698700000000   -0.73462800000000    0.23689800000000
C        -0.19101500000000    0.01006900000000    0.56918900000000
C         0.89262400000000   -0.40825800000000   -0.40272200000000
C        -1.29960900000000    0.70707300000000   -0.19224700000000
N         2.06498700000000    0.42574400000000   -0.21111800000000
5
 energy: -11.049560301071 gnorm: 0.264598737639 xtb: 6.2.2 (9d81278992624c895f80dd42a50cac0aa55982e2)
C        -1.48721510838007   -0.71112459686154    0.23690423317154
C        -0.20589410848036   -0.03003909741211    0.46244505439743
C         0.98380258223611   -0.31928383380926   -0.28922319985312
C        -1.31948664767776    0.69373968850415   -0.14878002019144
N         2.02879328230209    0.36670783957875   -0.26134606752441
5
 energy: -11.052541581820 gnorm: 0.853553647071 xtb: 6.2.2 (9d81278992624c895f80dd42a50cac0aa55982e2)
C        -1.51728597986636   -0.66707802428188    0.29151643575341
C        -0.23789932307915   -0.09569397467754    0.30933261419436
C         1.08840475444998   -0.12707594795816   -0.19552342172949
C        -1.34492378281636    0.63828168741146   -0.11856798817614
N         2.01170433131189    0.25156625950612   -0.28675764004214
5
 energy: -11.130094002775 gnorm: 0.170868511703 xtb: 6.2.2 (9d81278992624c895f80dd42a50cac0aa55982e2)
C        -1.53750831316618   -0.68448185868017    0.26712939284028
C        -0.29030518744271   -0.11364328765511    0.29333995874063
C         1.03625992078328   -0.06035800719217   -0.10597990713046
C        -1.38286824904462    0.62213790002884   -0.10135526968601
N         2.17442182887024    0.23634525349861   -0.35313417476445
5
 energy: -11.138871355926 gnorm: 0.096164346686 xtb: 6.2.2 (9d81278992624c895f80dd42a50cac0aa55982e2)
C        -1.56692296161011   -0.69046597165634    0.32465144454894
C        -0.25392961812946   -0.09802103227890    0.17367720793383
C         1.09759311180497   -0.08887620011211   -0.13491910120507
C        -1.49149948286185    0.64651739966713   -0.07183730051944
N         2.21475895079645    0.23084580438022   -0.29157225075825
5
 energy: -11.146354519232 gnorm: 0.058768252971 xtb: 6.2.2 (9d81278992624c895f80dd42a50cac0aa55982e2)
C        -1.52236422015557   -0.69816047021205    0.29724477489199
C        -0.27819878740305   -0.08315973653198    0.14022747159433
C         1.10455047468604   -0.03562295075565   -0.06806521972783
C        -1.52943473302273    0.64333986699760   -0.04362927557199
N         2.22544726589531    0.17360329050208   -0.32577775118651
5
 energy: -11.146930452794 gnorm: 0.059119394348 xtb: 6.2.2 (9d81278992624c895f80dd42a50cac0aa55982e2)
C        -1.38935942082725   -0.70781814653111    0.28174522197349
C        -0.26670499182337   -0.04194274797615    0.10709226969743
C         1.04284965678850   -0.00893591452179   -0.05406798460488
C        -1.54747730690640    0.65004741269012   -0.03380680366594
N         2.16069206276853    0.10864939633893   -0.30096270340010
5
 energy: -11.149932547267 gnorm: 0.073765849436 xtb: 6.2.2 (9d81278992624c895f80dd42a50cac0aa55982e2)
C        -1.42852640737854   -0.71329718904432    0.32957881750480
C        -0.27774051141067   -0.03674328833881    0.07112145563106
C         1.07273239492058    0.04586704553696   -0.09255527601913
C        -1.59967921739283    0.63011800429083   -0.03672139626613
N         2.23321374126146    0.07405542755535   -0.27142360085059
5
 energy: -11.141731525527 gnorm: 0.148355108213 xtb: 6.2.2 (9d81278992624c895f80dd42a50cac0aa55982e2)
C        -1.52621724240434   -0.66875877771013    0.31124225417906
C        -0.28794461792227   -0.12917042521973    0.08660269976517
C         1.15113082820108   -0.06177179692907   -0.03487484314763
C        -1.53561565749409    0.66196768324463   -0.02847135830603
N         2.19864668961963    0.19773331661430   -0.33449875249056
5
 energy: -11.150155702065 gnorm: 0.040241682023 xtb: 6.2.2 (9d81278992624c895f80dd42a50cac0aa55982e2)
C        -1.46994348650146   -0.69031814104477    0.30897706812349
C        -0.27749488908480   -0.08936639576528    0.10337871366129
C         1.09213757707081   -0.02065965406073   -0.06048175982809
C        -1.53819710237113    0.64987669613752   -0.04168117874684
N         2.19349790088657    0.15046749473326   -0.31019284320985
5
 energy: -11.150642608659 gnorm: 0.052937544628 xtb: 6.2.2 (9d81278992624c895f80dd42a50cac0aa55982e2)
C        -1.41803203241032   -0.70593556576176    0.33134868008589
C        -0.27302453974051   -0.05116578757419    0.06956776517384
C         1.06488995866470    0.03544986641508   -0.08896292023094
C        -1.58824742034501    0.63699247816399   -0.04179108369674
N         2.21441403383114    0.08465900875688   -0.27016244133205
5
 energy: -11.151247718563 gnorm: 0.004217498428 xtb: 6.2.2 (9d81278992624c895f80dd42a50cac0aa55982e2)
C        -1.44303892130630   -0.69664353678167    0.32890981119887
C        -0.27554372716457   -0.07138524574243    0.08017952218396
C         1.07841731897031    0.01326193946510   -0.08284066230046
C        -1.56677540036222    0.64114897262269   -0.04391547201626
N         2.20694072986279    0.11361787043631   -0.28233319906611
5
 energy: -11.151330628076 gnorm: 0.003676425735 xtb: 6.2.2 (9d81278992624c895f80dd42a50cac0aa55982e2)
C        -1.43866208762811   -0.69686545960018    0.33633234933981
C        -0.27625756330808   -0.06808569109805    0.07308385020720
C         1.07755483461991    0.02056495326806   -0.09106095535070
C        -1.57410843000519    0.63844551348826   -0.04451047604119
N         2.21147324632147    0.10594068394190   -0.27384476815512
5
 energy: -11.151381048413 gnorm: 0.004902345152 xtb: 6.2.2 (9d81278992624c895f80dd42a50cac0aa55982e2)
C        -1.43075498703652   -0.69660540961430    0.34640983364081
C        -0.27744600219895   -0.06237700806491    0.06127034479671
C         1.07712057552668    0.02733745319892   -0.10281435168913
C        -1.58509159022193    0.63537583256807   -0.04381320857365
N         2.21617200393073    0.09626913191221   -0.26105261817472
5
 energy: -11.151393970999 gnorm: 0.002824586282 xtb: 6.2.2 (9d81278992624c895f80dd42a50cac0aa55982e2)
C        -1.43005031644694   -0.69548208575062    0.35024157741795
C        -0.27773125950294   -0.06191614343079    0.05824779573620
C         1.07663882815752    0.02791726860126   -0.10763004394334
C        -1.58516928804519    0.63378044629648   -0.04418560310981
N         2.21631203583755    0.09570051428366   -0.25667372610100
5
 energy: -11.151402592105 gnorm: 0.004053671611 xtb: 6.2.2 (9d81278992624c895f80dd42a50cac0aa55982e2)
C        -1.42683079087526   -0.69477383261260    0.35258748971697
C        -0.27895039076797   -0.05965819040304    0.05286730349085
C         1.07718592663533    0.02613430536526   -0.11042649567612
C        -1.58767167287523    0.63344880514178   -0.04216690516948
N         2.21626692788314    0.09484891250860   -0.25286139236222
5
 energy: -11.151407128779 gnorm: 0.002655863374 xtb: 6.2.2 (9d81278992624c895f80dd42a50cac0aa55982e2)
C        -1.42699049591870   -0.69469100120469    0.35403023496451
C        -0.27904879992127   -0.05909062274031    0.05115121639846
C         1.07669662630452    0.02576014298808   -0.11214355130901
C        -1.58717462502788    0.63288158311923   -0.04191903654631
N         2.21651729456333    0.09513989783769   -0.25111886350765
5
 energy: -11.151410260128 gnorm: 0.000944116473 xtb: 6.2.2 (9d81278992624c895f80dd42a50cac0aa55982e2)
C        -1.42703631967035   -0.69471762900237    0.35468698058249
C        -0.27951192755943   -0.05884911331759    0.04936059111743
C         1.07637738487639    0.02493928288041   -0.11233765613657
C        -1.58657019887354    0.63283093073551   -0.04124824441044
N         2.21674106122693    0.09579652870403   -0.25046167115291
