5
 energy: -8.662481643576 gnorm: 0.131376317893 xtb: 6.2.2 (9d81278992624c895f80dd42a50cac0aa55982e2)
C        -0.00936600000000   -0.07831700000000    0.00243100000000
N        -1.08365600000000    0.89090100000000   -0.10768200000000
N         1.26380300000000    0.61538800000000    0.06091700000000
H        -0.14611000000000   -0.67868500000000    0.92526900000000
H        -0.02467100000000   -0.74928700000000   -0.88093500000000
5
 energy: -8.681391842892 gnorm: 0.077299466547 xtb: 6.2.2 (9d81278992624c895f80dd42a50cac0aa55982e2)
C        -0.00340749773643   -0.02849415418764    0.00088419586482
N        -1.09095196209615    0.82161462072805   -0.10546436111761
N         1.25455353501728    0.54633080371680    0.06299438055675
H        -0.13987182650935   -0.63497389895379    0.90984421995316
H        -0.02032224867535   -0.70447737130342   -0.86825843525711
5
 energy: -8.688062856414 gnorm: 0.018080290202 xtb: 6.2.2 (9d81278992624c895f80dd42a50cac0aa55982e2)
C         0.00576465191371    0.04820036895158   -0.00149701294121
N        -1.11563639447461    0.73543353561343   -0.10375534469668
N         1.25822577948166    0.45682122705548    0.06674008930344
H        -0.13316965879655   -0.58593043119183    0.89667492914620
H        -0.01518437812421   -0.65452470042865   -0.85816266081174
5
 energy: -8.688443821536 gnorm: 0.006259954074 xtb: 6.2.2 (9d81278992624c895f80dd42a50cac0aa55982e2)
C         0.00532401965297    0.04451603356799   -0.00138277868405
N        -1.12029889275463    0.74907150895760   -0.10460177529052
N         1.26597616722957    0.46900237346181    0.06678518456662
H        -0.13466567951145   -0.59689742786215    0.89958289504020
H        -0.01633561461647   -0.66569248812525   -0.86038352563226
5
 energy: -8.688487916409 gnorm: 0.001710551290 xtb: 6.2.2 (9d81278992624c895f80dd42a50cac0aa55982e2)
C         0.00512091632386    0.04281766606944   -0.00133024704857
N        -1.11270357438957    0.75463965944128   -0.10430859481375
N         1.25990458584581    0.47617462478645    0.06609679001312
H        -0.13542529761200   -0.60236049917403    0.90123162378802
H        -0.01689663016809   -0.67127145112315   -0.86168957193882
5
 energy: -8.688495637800 gnorm: 0.000292179577 xtb: 6.2.2 (9d81278992624c895f80dd42a50cac0aa55982e2)
C         0.00558444698855    0.04669453675466   -0.00145094816149
N        -1.11513707435902    0.75321514401100   -0.10441626690999
N         1.26193421372207    0.47422572269325    0.06630970070282
H        -0.13532015070231   -0.60269035550701    0.89923246183542
H        -0.01706143564929   -0.67144504795189   -0.85967494746676
5
 energy: -8.688496215320 gnorm: 0.000169506956 xtb: 6.2.2 (9d81278992624c895f80dd42a50cac0aa55982e2)
C         0.00560510354199    0.04686654140686   -0.00145676745826
N        -1.11451582121210    0.75415389182786   -0.10441080178991
N         1.26155189703438    0.47528267515970    0.06624307728538
H        -0.13540620132442   -0.60379914317631    0.89861617277284
H        -0.01723497803984   -0.67250396521811   -0.85899168081005
