5
 energy: -10.983439869172 gnorm: 0.235594648132 xtb: 6.2.2 (9d81278992624c895f80dd42a50cac0aa55982e2)
N         0.14375900000000   -1.00659300000000    0.05343300000000
C        -0.72186900000000   -0.06514600000000   -0.68146500000000
C         0.08259700000000    1.05121100000000   -0.05644200000000
C        -0.71809500000000    0.00811800000000    0.68848000000000
C         1.21360800000000    0.01241100000000   -0.00400500000000
5
 energy: -11.029575659266 gnorm: 0.141247540972 xtb: 6.2.2 (9d81278992624c895f80dd42a50cac0aa55982e2)
N         0.14323255042550   -1.00464210500902    0.05333066334795
C        -0.67797760924289   -0.07041776392638   -0.72868366998080
C         0.09262658907578    1.05225261761228   -0.05652521068069
C        -0.67394447237425    0.00789879717760    0.73574994258998
C         1.11606294211585    0.01490945414552   -0.00387072527644
5
 energy: -11.050095639691 gnorm: 0.097111528809 xtb: 6.2.2 (9d81278992624c895f80dd42a50cac0aa55982e2)
N         0.12066485028695   -1.03603283927554    0.05507229283622
C        -0.56375492823308   -0.07956799453710   -0.80419847842571
C         0.09194455772296    1.08800988679158   -0.05843599403754
C        -0.55930732769312    0.00681910996627    0.81118197616773
C         0.91045284791629    0.02077283705479   -0.00361879654070
5
 energy: -11.056281750765 gnorm: 0.029863366804 xtb: 6.2.2 (9d81278992624c895f80dd42a50cac0aa55982e2)
N         0.11771257556733   -1.02680577983848    0.05458721767477
C        -0.59075835514568   -0.07833381712263   -0.79065327845385
C         0.07884192884264    1.08494739965463   -0.05823581550142
C        -0.58638505353735    0.00660971235304    0.79773053856782
C         0.98058890427306    0.01358348495344   -0.00342766228732
5
 energy: -11.057410723692 gnorm: 0.027606792782 xtb: 6.2.2 (9d81278992624c895f80dd42a50cac0aa55982e2)
N         0.10779564386155   -1.02266891799959    0.05439535184954
C        -0.58293005228997   -0.07863415510233   -0.79763606554541
C         0.06941304816070    1.08108291696091   -0.05800147389744
C        -0.57852082726147    0.00705309374801    0.80466117861341
C         0.98424218752919    0.01316806239299   -0.00341799102009
5
 energy: -11.061361749441 gnorm: 0.035536604353 xtb: 6.2.2 (9d81278992624c895f80dd42a50cac0aa55982e2)
N         0.00094950807378   -0.98363947147912    0.05259379827191
C        -0.49567243481751   -0.07830120345309   -0.87699186315283
C        -0.03856459499923    1.03784579785289   -0.05540143525987
C        -0.49080906878258    0.01582056178503    0.88305185886571
C         1.02409659052553    0.00827531529429   -0.00325135872492
5
 energy: -11.062597011244 gnorm: 0.006361502256 xtb: 6.2.2 (9d81278992624c895f80dd42a50cac0aa55982e2)
N         0.03037269518102   -1.00618538556245    0.05372445163996
C        -0.51194118035003   -0.07750301560697   -0.85811566902470
C        -0.01094528753503    1.05984524726483   -0.05664799669673
C        -0.50719503371114    0.01460585064981    0.86428586943519
C         0.99970880641517    0.00923830325478   -0.00324565535372
5
 energy: -11.062675630620 gnorm: 0.003528020739 xtb: 6.2.2 (9d81278992624c895f80dd42a50cac0aa55982e2)
N         0.02366442449502   -1.00532326550346    0.05370062354084
C        -0.50543020758345   -0.07650890530726   -0.86347923563739
C        -0.01986153238526    1.05728362310008   -0.05648288219596
C        -0.50066118495277    0.01616420150424    0.86947502420777
C         1.00228850042645    0.00838534620641   -0.00321252991528
5
 energy: -11.062688778872 gnorm: 0.001812348448 xtb: 6.2.2 (9d81278992624c895f80dd42a50cac0aa55982e2)
N         0.02241647781184   -1.00580448859684    0.05372758445912
C        -0.50331836384160   -0.07556412264123   -0.86467098711590
C        -0.02343893501311    1.05661467435892   -0.05643897755518
C        -0.49854040606586    0.01723075017478    0.87054883329080
C         1.00288122710873    0.00752418670438   -0.00316545307883
5
 energy: -11.062692769405 gnorm: 0.000643577025 xtb: 6.2.2 (9d81278992624c895f80dd42a50cac0aa55982e2)
N         0.02318091059047   -1.00649390131870    0.05376095030350
C        -0.50265497352862   -0.07461749785579   -0.86433215780164
C        -0.02534528264928    1.05658830724318   -0.05643341007719
C        -0.49787831863641    0.01813605776947    0.87010843148376
C         1.00269766422384    0.00638803416184   -0.00310281390843
