5
 energy: -10.809458368188 gnorm: 0.290859916923 xtb: 6.2.2 (9d81278992624c895f80dd42a50cac0aa55982e2)
C        -1.08744800000000   -1.18730300000000   -0.25508300000000
C        -0.52445200000000    0.02788900000000    0.46632300000000
N         0.92627900000000   -0.06526800000000    0.65168200000000
C        -0.92996700000000    1.31929400000000   -0.22787500000000
C         1.61558800000000   -0.09461200000000   -0.63504700000000
5
 energy: -10.897651403510 gnorm: 0.191926023255 xtb: 6.2.2 (9d81278992624c895f80dd42a50cac0aa55982e2)
C        -1.11213989068672   -1.12850402642261   -0.20557287295928
C        -0.47473069636566    0.02584230562240    0.36708126251717
N         0.92242507908650   -0.06389667989495    0.54763666215425
C        -0.96189027370863    1.26299079058260   -0.17961412475395
C         1.62633578167450   -0.09643238988745   -0.52953092695819
5
 energy: -10.895983527907 gnorm: 0.512328393248 xtb: 6.2.2 (9d81278992624c895f80dd42a50cac0aa55982e2)
C        -1.12443864547836   -1.00674699324969   -0.16213618296666
C        -0.45785883497693    0.02545646888798    0.30494808119951
N         0.93499214744856   -0.06299830699142    0.39210105813225
C        -0.98938861842391    1.14281996479520   -0.13880349012030
C         1.63669395143063   -0.09853113344207   -0.39610946624480
5
 energy: -10.945141637794 gnorm: 0.118390068585 xtb: 6.2.2 (9d81278992624c895f80dd42a50cac0aa55982e2)
C        -1.19023586780257   -1.01079545287678   -0.12938904662607
C        -0.47452824714825    0.02672121445840    0.28491952787432
N         0.89713780445886   -0.06044680500334    0.37616352775178
C        -1.05420618896671    1.15436184444835   -0.10588687784451
C         1.82183249945868   -0.10984080102662   -0.42580713115554
5
 energy: -10.953706118232 gnorm: 0.132207928482 xtb: 6.2.2 (9d81278992624c895f80dd42a50cac0aa55982e2)
C        -1.34523142235127   -1.00630769290148   -0.07977726555656
C        -0.40937588565280    0.02388030191511    0.16953264908916
N         0.96286638503900   -0.06381607732966    0.30611012070487
C        -1.20861154541672    1.16823465527423   -0.05617312531432
C         2.00035246838179   -0.12199118695820   -0.33969237892314
5
 energy: -10.964877334499 gnorm: 0.098133763164 xtb: 6.2.2 (9d81278992624c895f80dd42a50cac0aa55982e2)
C        -1.34396803370277   -0.93467353388786   -0.08033505463630
C        -0.42077869053486    0.02425792357007    0.20074834306409
N         0.95565651963626   -0.06280516253492    0.25470571644996
C        -1.21632210294818    1.09703456315198   -0.05828121578540
C         2.02541230754956   -0.12381379029927   -0.31683778909235
5
 energy: -10.968339709830 gnorm: 0.087576075893 xtb: 6.2.2 (9d81278992624c895f80dd42a50cac0aa55982e2)
C        -1.35369807625224   -0.86955281035023   -0.09122417711401
C        -0.38306662761236    0.02187180231563    0.20230376487134
N         0.97974301580299   -0.06425242748316    0.24858480022675
C        -1.23411016538114    1.03389411100328   -0.07056287271314
C         1.99113185344275   -0.12196067548552   -0.28910151527094
5
 energy: -10.978012029252 gnorm: 0.041933669710 xtb: 6.2.2 (9d81278992624c895f80dd42a50cac0aa55982e2)
C        -1.42257393946008   -0.80682117967955   -0.05290889304912
C        -0.35270462439315    0.02054965559553    0.14836894982702
N         0.98265755157937   -0.06345275972566    0.15803077090707
C        -1.31034706264029    0.97946167617495   -0.03351922681497
C         2.10296807491415   -0.12973739236526   -0.21997160087000
5
 energy: -11.018718879648 gnorm: 0.181928985263 xtb: 6.2.2 (9d81278992624c895f80dd42a50cac0aa55982e2)
C        -1.56870188255595   -0.62638747587072   -0.00082709779439
C        -0.25965935334455    0.01558924424818    0.06679475912059
N         1.01228705339712   -0.06364263107409    0.00403084376937
C        -1.47797737215562    0.81765051397521    0.01484818857138
C         2.29405155465900   -0.14320965127857   -0.08484669366694
5
 energy: -10.852220710710 gnorm: 1.207684941471 xtb: 6.2.2 (9d81278992624c895f80dd42a50cac0aa55982e2)
C        -1.67172356918097   -0.40476993957032   -0.00789366507930
C        -0.13812161734408    0.00788028352851    0.07352202264581
N         1.03346195873266   -0.06442968842116   -0.04605283419843
C        -1.60791371118083    0.61087316291656    0.00313140885668
C         2.38429693897323   -0.14955381845359   -0.02270693222476
5
 energy: -11.028441316086 gnorm: 0.148627463765 xtb: 6.2.2 (9d81278992624c895f80dd42a50cac0aa55982e2)
C        -1.65043779550107   -0.55988654414739   -0.00401037425356
C        -0.18265198198462    0.01090163057048    0.05292565625935
N         1.04926404257240   -0.06572716426226   -0.01797186034381
C        -1.56738846681447    0.76198580029352    0.01033877254435
C         2.35121420172777   -0.14727372245435   -0.04128219420633
5
 energy: -11.028233041766 gnorm: 0.154327763332 xtb: 6.2.2 (9d81278992624c895f80dd42a50cac0aa55982e2)
C        -1.51516183757885   -0.56483129490767   -0.09876370351667
C        -0.18393231820614    0.00952600660844    0.18712810416764
N         1.02194782776402   -0.06622323237398    0.18581187237427
C        -1.43243283787820    0.75201168131352   -0.08446898657793
C         2.10957916589918   -0.13048316064029   -0.18970728644731
5
 energy: -11.040855678186 gnorm: 0.067820242639 xtb: 6.2.2 (9d81278992624c895f80dd42a50cac0aa55982e2)
C        -1.55646356624844   -0.55792976593345   -0.07941011791326
C        -0.22368159803014    0.01206631563310    0.18316013890923
N         1.04657896173738   -0.06701383076318    0.11615409527467
C        -1.47429965509919    0.74991618142760   -0.06521222956489
C         2.20786585764040   -0.13703890036407   -0.15469188670575
5
 energy: -11.042609629592 gnorm: 0.051183503766 xtb: 6.2.2 (9d81278992624c895f80dd42a50cac0aa55982e2)
C        -1.58566948686113   -0.55484232822216   -0.05522561278717
C        -0.20240856085654    0.01110118456083    0.14883297258523
N         1.03470114045214   -0.06566244963625    0.06034961685757
C        -1.50368832287907    0.74998327336318   -0.04106270482675
C         2.25706523014460   -0.14057968006560   -0.11289427182888
5
 energy: -11.043300848007 gnorm: 0.022862228269 xtb: 6.2.2 (9d81278992624c895f80dd42a50cac0aa55982e2)
C        -1.57256321794321   -0.55471230929677   -0.06123474342412
C        -0.20801884802673    0.01134906999967    0.15852504390052
N         1.03367597471285   -0.06572374425274    0.07205668791959
C        -1.49069746787623    0.74834548625934   -0.04708874771839
C         2.23760355913333   -0.13925850270950   -0.12225824067760
5
 energy: -11.043503011273 gnorm: 0.018360586324 xtb: 6.2.2 (9d81278992624c895f80dd42a50cac0aa55982e2)
C        -1.57039193647306   -0.55375054365143   -0.05957136743267
C        -0.20879726859410    0.01141287278946    0.15707000335777
N         1.03239476307381   -0.06557264599923    0.06524949641224
C        -1.48865870645532    0.74708151624744   -0.04545424992872
C         2.23545314844867   -0.13917119938624   -0.11729388240862
5
 energy: -11.044055995139 gnorm: 0.015749146020 xtb: 6.2.2 (9d81278992624c895f80dd42a50cac0aa55982e2)
C        -1.57019725184237   -0.55033453842780   -0.05146425549899
C        -0.20756920739751    0.01144142710783    0.14800585782855
N         1.03123964857253   -0.06511911138593    0.03208380973838
C        -1.48895835560949    0.74351158547248   -0.03739037778198
C         2.23548516627685   -0.13949936276658   -0.09123503428595
5
 energy: -11.044335864036 gnorm: 0.015918562093 xtb: 6.2.2 (9d81278992624c895f80dd42a50cac0aa55982e2)
C        -1.57391031051318   -0.54920234670479   -0.04382840305436
C        -0.20545249636567    0.01137294631036    0.13943954854201
N         1.03169221055016   -0.06489345701512    0.00105042292123
C        -1.49258070443483    0.74261689131750   -0.02990438973567
C         2.24025130076352   -0.13989403390795   -0.06675717867321
5
 energy: -11.044460547133 gnorm: 0.008593836110 xtb: 6.2.2 (9d81278992624c895f80dd42a50cac0aa55982e2)
C        -1.57600634006341   -0.55021862246823   -0.04052498012778
C        -0.20297859764337    0.01135130599846    0.13585211223496
N         1.03302328338456   -0.06448957425017   -0.01834776486680
C        -1.49524928486286    0.74405297746278   -0.02614689454272
C         2.24121093918508   -0.14069608674284   -0.05083247269766
5
 energy: -11.044492384236 gnorm: 0.003190106823 xtb: 6.2.2 (9d81278992624c895f80dd42a50cac0aa55982e2)
C        -1.57676423401531   -0.55202559283032   -0.03947945007450
C        -0.20324851668759    0.01107091001591    0.13705964679386
N         1.03267736355911   -0.06522364721969   -0.02491015592372
C        -1.49365559415149    0.74521268956004   -0.02634540151721
C         2.24099098129529   -0.13903435952594   -0.04632463927843
5
 energy: -11.044500287751 gnorm: 0.001966650034 xtb: 6.2.2 (9d81278992624c895f80dd42a50cac0aa55982e2)
C        -1.57230268029483   -0.55252309907650   -0.04278640401029
C        -0.20361407344687    0.01192581251682    0.14060421333677
N         1.03222879469609   -0.06265887066885   -0.02513488186046
C        -1.49563894518039    0.74736728593517   -0.02571672054789
C         2.23932690422601   -0.14411112870663   -0.04696620691812
5
 energy: -11.044512819381 gnorm: 0.001435706786 xtb: 6.2.2 (9d81278992624c895f80dd42a50cac0aa55982e2)
C        -1.57386688681992   -0.55072370465838   -0.04492146805371
C        -0.20387921395159    0.00952872919024    0.14770413343123
N         1.03079012818879   -0.06828997761309   -0.02349894667010
C        -1.49233710511733    0.74800204439475   -0.02870572526930
C         2.23929307770005   -0.13851709131351   -0.05057799343811
5
 energy: -11.044527194944 gnorm: 0.003685635535 xtb: 6.2.2 (9d81278992624c895f80dd42a50cac0aa55982e2)
C        -1.57252008283919   -0.55141233097308   -0.05117980817115
C        -0.20406455976868    0.01016797171989    0.16440449295436
N         1.02931712402120   -0.06376573371913   -0.01896219907914
C        -1.48993684813344    0.74643874343383   -0.03470565383652
C         2.23720436672011   -0.14142865046151   -0.05955683186755
5
 energy: -11.044533442071 gnorm: 0.002499408238 xtb: 6.2.2 (9d81278992624c895f80dd42a50cac0aa55982e2)
C        -1.57302127402455   -0.55094634193176   -0.05344586128475
C        -0.20435047814880    0.00901048481017    0.17147298928359
N         1.02885338868810   -0.06662336404060   -0.01781636486238
C        -1.48764414407720    0.74706384478748   -0.03738213578600
C         2.23616250756246   -0.13850462362530   -0.06282862735044
5
 energy: -11.044537525470 gnorm: 0.000959177677 xtb: 6.2.2 (9d81278992624c895f80dd42a50cac0aa55982e2)
C        -1.57237064398215   -0.55113227987060   -0.05573407015541
C        -0.20472551713884    0.00904968241443    0.17826344813461
N         1.02868472006983   -0.06690839229114   -0.01720817387698
C        -1.48645278322079    0.74712621139897   -0.03967266237240
C         2.23486422427196   -0.13813522165165   -0.06564854172982
