5
 energy: -6.406737456683 gnorm: 0.080323209880 xtb: 6.2.2 (9d81278992624c895f80dd42a50cac0aa55982e2)
C        -0.06799800000000    0.00134000000000   -0.00669000000000
N         1.37582500000000   -0.02713100000000    0.13534600000000
H        -0.54030000000000   -0.16084100000000    0.98396500000000
H        -0.38067700000000    0.98700000000000   -0.40853100000000
H        -0.38685000000000   -0.80036800000000   -0.70409000000000
5
 energy: -6.412174143466 gnorm: 0.036475335917 xtb: 6.2.2 (9d81278992624c895f80dd42a50cac0aa55982e2)
C        -0.05837825648661    0.00115098627485   -0.00574303708293
N         1.32192692440638   -0.02606864969021    0.13004380421495
H        -0.52452137234022   -0.15947834422787    0.97539019240320
H        -0.36645757990536    0.97715430457715   -0.40350981907220
H        -0.37256971567419   -0.79275829693392   -0.69618114046302
5
 energy: -6.413095856141 gnorm: 0.009221444118 xtb: 6.2.2 (9d81278992624c895f80dd42a50cac0aa55982e2)
C        -0.03572436443080    0.00070449140444   -0.00351434899000
N         1.30345255455622   -0.02570455391162    0.12822653827619
H        -0.52508368581684   -0.15810229774957    0.96707986105059
H        -0.36829087223092    0.96939390806477   -0.40073672581187
H        -0.37435363207767   -0.78629154780802   -0.69105532452491
5
 energy: -6.413215119395 gnorm: 0.002982077654 xtb: 6.2.2 (9d81278992624c895f80dd42a50cac0aa55982e2)
C        -0.03107621229485    0.00061285579113   -0.00305707559444
N         1.31267788447799   -0.02588650106357    0.12913404927177
H        -0.52975874307210   -0.15809317762472    0.96712227500680
H        -0.37288860747689    0.96995900943056   -0.40136875530358
H        -0.37895432163415   -0.78659218653340   -0.69183049338056
5
 energy: -6.413226450819 gnorm: 0.000232191289 xtb: 6.2.2 (9d81278992624c895f80dd42a50cac0aa55982e2)
C        -0.02844385062969    0.00056093147152   -0.00279814180093
N         1.31442721029387   -0.02592097303937    0.12930613253746
H        -0.53131036846144   -0.15821217327504    0.96787450104817
H        -0.37430092666475    0.97084149440516   -0.40183139823399
H        -0.38037206453798   -0.78726927956227   -0.69255109355070
5
 energy: -6.413226518598 gnorm: 0.000095176560 xtb: 6.2.2 (9d81278992624c895f80dd42a50cac0aa55982e2)
C        -0.02849419924705    0.00056191480782   -0.00280310307033
N         1.31423933667494   -0.02591725542279    0.12928764030278
H        -0.53126516172730   -0.15826923915945    0.96821868964735
H        -0.37420339949617    0.97116044726424   -0.40194334832840
H        -0.38027657620442   -0.78753586748983   -0.69275987855141
