5
 energy: -10.924531566290 gnorm: 0.202418281853 xtb: 6.2.2 (9d81278992624c895f80dd42a50cac0aa55982e2)
C         1.55813300000000   -0.30572600000000    0.37297400000000
N         0.46893200000000    0.18898100000000   -0.44828300000000
C        -0.85804500000000   -0.45703400000000   -0.64010700000000
C        -0.41300800000000   -0.31080800000000    0.68340900000000
C        -0.75601200000000    0.88458700000000    0.03200700000000
5
 energy: -10.969429589216 gnorm: 0.127930894521 xtb: 6.2.2 (9d81278992624c895f80dd42a50cac0aa55982e2)
C         1.41781378809472   -0.28971519081861    0.36244799603446
N         0.48496679338912    0.20238253927040   -0.47754836320182
C        -0.82151813774651   -0.46206985896188   -0.64048328608017
C        -0.36211138390078   -0.33400940641363    0.72197154531191
C        -0.71915105983654    0.88341191692372    0.03361210793562
5
 energy: -11.013511542976 gnorm: 0.171649178588 xtb: 6.2.2 (9d81278992624c895f80dd42a50cac0aa55982e2)
C         1.12554269715802   -0.27963346391470    0.38695175145930
N         0.51499643696166    0.24734593619224   -0.57207326278467
C        -0.77103628539643   -0.45753471828532   -0.62673662180391
C        -0.19902096946698   -0.37373252203640    0.77653419400057
C        -0.67048187925627    0.86355476804417    0.03532393912871
5
 energy: -11.025547694503 gnorm: 0.060862073374 xtb: 6.2.2 (9d81278992624c895f80dd42a50cac0aa55982e2)
C         1.12551014090008   -0.29502753988136    0.41780371266464
N         0.50630754633450    0.27305050387747   -0.62217073886126
C        -0.77150738832446   -0.47026057946195   -0.62180717616476
C        -0.19066817547263   -0.37498918326774    0.77768113501328
C        -0.66964212343749    0.86722679873358    0.04849306734810
5
 energy: -11.026448393296 gnorm: 0.046750968232 xtb: 6.2.2 (9d81278992624c895f80dd42a50cac0aa55982e2)
C         1.16517051132546   -0.29915712582544    0.42000944967608
N         0.49273254061626    0.27705227028733   -0.62808422365035
C        -0.76863184623580   -0.48202541206724   -0.62249810699120
C        -0.22394594679760   -0.37029269438667    0.77331300174772
C        -0.66532525890832    0.87442296199202    0.05725987921775
5
 energy: -11.029066012997 gnorm: 0.023690518424 xtb: 6.2.2 (9d81278992624c895f80dd42a50cac0aa55982e2)
C         1.12619892983072   -0.30292682691563    0.43347210565295
N         0.48154952541355    0.29429177403098   -0.66079307054065
C        -0.75215332796888   -0.49835534511398   -0.61880646397637
C        -0.20834867307253   -0.37217448126523    0.77464347240731
C        -0.64724645420287    0.87916487926387    0.07148395645676
5
 energy: -11.029586318588 gnorm: 0.017074176081 xtb: 6.2.2 (9d81278992624c895f80dd42a50cac0aa55982e2)
C         1.12353191270029   -0.30143186875960    0.43084065307272
N         0.47458593465651    0.29352811330698   -0.65813414544700
C        -0.74630353011365   -0.50484664517072   -0.62050613313928
C        -0.21123377139283   -0.37091302077731    0.77255368473933
C        -0.64058054585032    0.88366342140064    0.07524594077422
5
 energy: -11.030243039552 gnorm: 0.008179544118 xtb: 6.2.2 (9d81278992624c895f80dd42a50cac0aa55982e2)
C         1.11986688179099   -0.29746272450792    0.42331666005389
N         0.45510973075514    0.29136152468106   -0.65061318069354
C        -0.73045539503732   -0.52596980798536   -0.62622205039324
C        -0.22249672276000   -0.36675768180133    0.76594077895110
C        -0.62202449474880    0.89882868961355    0.08757779208179
5
 energy: -11.030277274078 gnorm: 0.005109744446 xtb: 6.2.2 (9d81278992624c895f80dd42a50cac0aa55982e2)
C         1.12067765321011   -0.29762844838900    0.42348234093318
N         0.45568279116879    0.29134416358800   -0.65063109097463
C        -0.73108396671794   -0.52792111862157   -0.62685086235886
C        -0.22287728741179   -0.36634890695981    0.76521236851066
C        -0.62239919024917    0.90055431038238    0.08878724388965
5
 energy: -11.030300510997 gnorm: 0.000952824237 xtb: 6.2.2 (9d81278992624c895f80dd42a50cac0aa55982e2)
C         1.12102982624496   -0.29769100846601    0.42339815257703
N         0.45662295096618    0.29130885663730   -0.65057905338403
C        -0.73157617950365   -0.53168778019964   -0.62788846620427
C        -0.22360707921718   -0.36558135353948    0.76389802929781
C        -0.62246951849031    0.90365128556783    0.09117133771346
5
 energy: -11.030301486597 gnorm: 0.000515365098 xtb: 6.2.2 (9d81278992624c895f80dd42a50cac0aa55982e2)
C         1.12093077693473   -0.29759485439974    0.42303052476906
N         0.45714641254736    0.29123173135629   -0.65035644641025
C        -0.73151648645768   -0.53194903320366   -0.62784726224402
C        -0.22405114792707   -0.36543607241399    0.76380384221492
C        -0.62250955509734    0.90374822866110    0.09136934167029
