5
 energy: -10.882026242432 gnorm: 0.341641244612 xtb: 6.2.2 (9d81278992624c895f80dd42a50cac0aa55982e2)
C        -1.32362900000000    0.83279600000000   -0.14405300000000
C        -0.12411200000000   -0.06358800000000    0.08796600000000
N         0.77130200000000    0.03556800000000   -1.04999300000000
C        -1.44165700000000   -0.65807300000000   -0.36683200000000
C         2.11809500000000   -0.14670200000000   -0.54029500000000
5
 energy: -10.982615317752 gnorm: 0.217926272210 xtb: 6.2.2 (9d81278992624c895f80dd42a50cac0aa55982e2)
C        -1.37646156962982    0.76980835978353   -0.13682537613587
C        -0.13754692998940   -0.05166568930605    0.01525276318422
N         0.87682190779091    0.01227919695014   -0.94995551851927
C        -1.48431761482778   -0.59255256664722   -0.34042810667670
C         2.12150320665609   -0.13786830078040   -0.60125076185237
5
 energy: -11.001890086134 gnorm: 0.371855720167 xtb: 6.2.2 (9d81278992624c895f80dd42a50cac0aa55982e2)
C        -1.41692998604968    0.68572563547910   -0.14392513844206
C        -0.11907345251823   -0.04006227124286   -0.07219297554608
N         0.97171201231340   -0.01866372862580   -0.79265115184147
C        -1.51117632046139   -0.50487260287054   -0.32185831336149
C         2.07546674671590   -0.12212603273989   -0.68257942080889
5
 energy: -11.034009518618 gnorm: 0.117017148146 xtb: 6.2.2 (9d81278992624c895f80dd42a50cac0aa55982e2)
C        -1.44882745045792    0.72424730139598   -0.15859038138599
C        -0.17190567234549   -0.03927364156953   -0.04950416400282
N         0.95594513530591   -0.03197588519960   -0.69524685635980
C        -1.54826307120462   -0.53208718248791   -0.34639776022817
C         2.21305005870212   -0.12090959213895   -0.76346783802323
5
 energy: -11.038393922781 gnorm: 0.071768772980 xtb: 6.2.2 (9d81278992624c895f80dd42a50cac0aa55982e2)
C        -1.44424084575998    0.75227816688257   -0.13171981209258
C        -0.15285723713336   -0.03193494381237   -0.10848334072396
N         0.96885448746612   -0.02968517558601   -0.71721569553125
C        -1.54862228329805   -0.56709718702724   -0.32892258075133
C         2.17686487872527   -0.12355986045695   -0.72686557090088
5
 energy: -11.043053152399 gnorm: 0.025730889092 xtb: 6.2.2 (9d81278992624c895f80dd42a50cac0aa55982e2)
C        -1.45994227680050    0.73861050250402   -0.13826271282893
C        -0.16115094747294   -0.02901570283724   -0.12363591159464
N         0.98886604524625   -0.04093801468113   -0.65237810898725
C        -1.56187710182273   -0.54987878580377   -0.33086021460139
C         2.19410328084992   -0.11877699918188   -0.76807005198779
5
 energy: -11.044222718315 gnorm: 0.012604120019 xtb: 6.2.2 (9d81278992624c895f80dd42a50cac0aa55982e2)
C        -1.46547258269162    0.73394828086470   -0.14078866572067
C        -0.16861487884486   -0.02586361722027   -0.14071909507651
N         1.00294817443734   -0.04925834995613   -0.60396341724315
C        -1.56655027411784   -0.54390504739311   -0.33179792308152
C         2.19768856121698   -0.11492026629518   -0.79593789887814
5
 energy: -11.044476494304 gnorm: 0.003768500282 xtb: 6.2.2 (9d81278992624c895f80dd42a50cac0aa55982e2)
C        -1.46533184827535    0.73502066411260   -0.13960254930316
C        -0.17163733877723   -0.02362107172923   -0.15404577214710
N         1.00907213591526   -0.05282124359959   -0.58327096460695
C        -1.56658779642128   -0.54529353197334   -0.33098285468016
C         2.19448384755860   -0.11328381681044   -0.80530485926263
5
 energy: -11.044512914727 gnorm: 0.001078332904 xtb: 6.2.2 (9d81278992624c895f80dd42a50cac0aa55982e2)
C        -1.46511669825826    0.73594207007879   -0.13907782324328
C        -0.17363004017908   -0.02245810337614   -0.16062526056904
N         1.01143227518243   -0.05457612519454   -0.57253557516553
C        -1.56650085630443   -0.54637400615205   -0.33074608879212
C         2.19381431955934   -0.11253283535607   -0.81022225223003
5
 energy: -11.044518326814 gnorm: 0.002967731038 xtb: 6.2.2 (9d81278992624c895f80dd42a50cac0aa55982e2)
C        -1.46561670960101    0.73595947502900   -0.13746974251988
C        -0.17396233644168   -0.02162660291491   -0.16598300556338
N         1.01276249975319   -0.05492216775489   -0.57092615162190
C        -1.56703605618341   -0.54678330956408   -0.32920418716391
C         2.19385160247290   -0.11262639479512   -0.80962391313093
5
 energy: -11.044523360635 gnorm: 0.002228587660 xtb: 6.2.2 (9d81278992624c895f80dd42a50cac0aa55982e2)
C        -1.46591567496457    0.73584114657478   -0.13649602898336
C        -0.17431679289390   -0.02113585882490   -0.16902582564373
N         1.01295198094725   -0.05498433493167   -0.57055847444347
C        -1.56733092797824   -0.54691601515344   -0.32823078353454
C         2.19461041488946   -0.11280393766477   -0.80889588739491
5
 energy: -11.044541147847 gnorm: 0.000706826896 xtb: 6.2.2 (9d81278992624c895f80dd42a50cac0aa55982e2)
C        -1.46821482659495    0.73505620563204   -0.12986882962329
C        -0.17631081945495   -0.01835581005985   -0.18636795867843
N         1.01431383018024   -0.05460381814719   -0.57369844281305
C        -1.56962803751699   -0.54777268313937   -0.32161208276009
C         2.19983885338665   -0.11432289428563   -0.80165968612515
5
 energy: -11.044542567876 gnorm: 0.002312808519 xtb: 6.2.2 (9d81278992624c895f80dd42a50cac0aa55982e2)
C        -1.46803380323695    0.73442142261224   -0.12602848480858
C        -0.17668008606542   -0.01699801651612   -0.19527290754763
N         1.01282800092630   -0.05366582913388   -0.57931841360024
C        -1.56945946021492   -0.54830996113566   -0.31776575590433
C         2.20134434859099   -0.11544661582657   -0.79482143813922
5
 energy: -11.044544676054 gnorm: 0.000375293298 xtb: 6.2.2 (9d81278992624c895f80dd42a50cac0aa55982e2)
C        -1.46833279812402    0.73454098098765   -0.12608924626548
C        -0.17710336641092   -0.01705001880609   -0.19472810955501
N         1.01352334276528   -0.05373026003614   -0.57925948344700
C        -1.56977042733549   -0.54835654473227   -0.31784975948845
C         2.20168224910515   -0.11540315741315   -0.79528040124406
