5
 energy: -9.379200929160 gnorm: 0.227175485750 xtb: 6.2.2 (9d81278992624c895f80dd42a50cac0aa55982e2)
N         1.20745800000000   -0.93786500000000    0.04813400000000
C         0.24138700000000    0.14334400000000   -0.00921500000000
C        -1.01312500000000   -0.15768800000000    0.77566600000000
C        -1.01991400000000   -0.24442300000000   -0.74353300000000
H         0.58419400000000    1.19663100000000   -0.07105200000000
5
 energy: -9.435500041897 gnorm: 0.226981095551 xtb: 6.2.2 (9d81278992624c895f80dd42a50cac0aa55982e2)
N         1.17025512002932   -0.85256509018613    0.04344108396007
C         0.27367694519221    0.12246306366375   -0.00819756638564
C        -1.03441874194858   -0.17474374764433    0.71795794498408
C        -1.04072424517713   -0.25480887266906   -0.68407496290910
H         0.63121092190418    1.15965364683577   -0.06912649964942
5
 energy: -8.734680761391 gnorm: 3.355588251065 xtb: 6.2.2 (9d81278992624c895f80dd42a50cac0aa55982e2)
N         1.03943931468491   -0.63941328678624    0.03187173043685
C         0.45707049032423    0.03627978773600   -0.00413331498425
C        -1.09748486333538   -0.21912263486446    0.47282642203554
C        -1.10162661850107   -0.27098840409126   -0.43493733570521
H         0.70260167682731    1.09324353800597   -0.06562750178294
5
 energy: -9.464483818551 gnorm: 0.165375197169 xtb: 6.2.2 (9d81278992624c895f80dd42a50cac0aa55982e2)
N         1.13662713706886   -0.74613304182344    0.03753349093460
C         0.35387176720329    0.12470566116499   -0.00872623397130
C        -1.09401800998999   -0.20722353184483    0.62833309918034
C        -1.09957870670868   -0.27687250394550   -0.59081880221125
H         0.70309781242653    1.10552241644877   -0.06632155393240
5
 energy: -9.473751740105 gnorm: 0.102579190298 xtb: 6.2.2 (9d81278992624c895f80dd42a50cac0aa55982e2)
N         1.17789329366431   -0.77902762125552    0.03922991815533
C         0.36709969893855    0.08886105684847   -0.00674656902950
C        -1.10381151520325   -0.18622470878299    0.63185281292084
C        -1.10942497313886   -0.25642083985975   -0.59662192788572
H         0.66824349573925    1.13281111304979   -0.06771423416095
5
 energy: -9.479648315257 gnorm: 0.020932410220 xtb: 6.2.2 (9d81278992624c895f80dd42a50cac0aa55982e2)
N         1.27428369176413   -0.78892075783801    0.03934242994816
C         0.37846052675258    0.03733763497547   -0.00382174825931
C        -1.14431597936223   -0.14954816823281    0.63802944471860
C        -1.14997990028240   -0.22068400369847   -0.60657514823273
H         0.64155166112792    1.12181429479382   -0.06697497817472
5
 energy: -9.479924806033 gnorm: 0.011640363716 xtb: 6.2.2 (9d81278992624c895f80dd42a50cac0aa55982e2)
N         1.28557134771433   -0.78848223267828    0.03926736278772
C         0.38546254515830    0.03159753197002   -0.00352224207267
C        -1.14944621075889   -0.14335670548400    0.64041473740733
C        -1.15514787450086   -0.21480870414821   -0.60961069969510
H         0.63356019238711    1.11504911034047   -0.06654915842728
5
 energy: -9.480048767673 gnorm: 0.008381604368 xtb: 6.2.2 (9d81278992624c895f80dd42a50cac0aa55982e2)
N         1.28959275957269   -0.78786098783443    0.03922215450754
C         0.39280564701560    0.03109213255440   -0.00352562044450
C        -1.15154828158874   -0.13986453201196    0.64155398503164
C        -1.15729804670574   -0.21147038060834   -0.61113567218383
H         0.62644792170619    1.10810276790033   -0.06611484691086
5
 energy: -9.480077388645 gnorm: 0.006470590880 xtb: 6.2.2 (9d81278992624c895f80dd42a50cac0aa55982e2)
N         1.29102016156553   -0.78802676134907    0.03923145949266
C         0.39578639681550    0.03161301314027   -0.00356045968713
C        -1.15268721636829   -0.13905006189516    0.64113030122913
C        -1.15846598974569   -0.21061135609747   -0.61081213355540
H         0.62434664773295    1.10607416620144   -0.06598916747926
5
 energy: -9.480106383302 gnorm: 0.003098761849 xtb: 6.2.2 (9d81278992624c895f80dd42a50cac0aa55982e2)
N         1.29136612591380   -0.78938824068555    0.03933013029688
C         0.39997943395157    0.03289301633711   -0.00364654641721
C        -1.15411166634131   -0.13917893888923    0.64018856670989
C        -1.15997700067488   -0.21063203701477   -0.60988655879253
H         0.62274310715081    1.10630520025245   -0.06598559179704
5
 energy: -9.480120944357 gnorm: 0.001741080306 xtb: 6.2.2 (9d81278992624c895f80dd42a50cac0aa55982e2)
N         1.29083849356643   -0.79069407059314    0.03942047664491
C         0.40263477241199    0.03413841906711   -0.00369087618420
C        -1.15549059075945   -0.14032930808744    0.63954354947589
C        -1.16144346194918   -0.21170020202990   -0.60914977207384
H         0.62346078673021    1.10858416164336   -0.06612337786276
5
 energy: -9.480126051573 gnorm: 0.002017648533 xtb: 6.2.2 (9d81278992624c895f80dd42a50cac0aa55982e2)
N         1.28946743382767   -0.79172519671099    0.03953536843093
C         0.40388300721691    0.03559810629697   -0.00376626578754
C        -1.15654085775590   -0.14221691705192    0.63936993699205
C        -1.16271739725744   -0.21356910317658   -0.60884207880879
H         0.62590781396875    1.11191211064253   -0.06629696082664
5
 energy: -9.480126998885 gnorm: 0.001316715180 xtb: 6.2.2 (9d81278992624c895f80dd42a50cac0aa55982e2)
N         1.28920889366783   -0.79167996641313    0.03954338981864
C         0.40348997481726    0.03579343921975   -0.00374413308929
C        -1.15629883995120   -0.14234373475717    0.63952429177164
C        -1.16255366573380   -0.21371766943435   -0.60902214012929
H         0.62615363719991    1.11194693138491   -0.06630140837171
5
 energy: -9.480127826643 gnorm: 0.000626179024 xtb: 6.2.2 (9d81278992624c895f80dd42a50cac0aa55982e2)
N         1.28828456811763   -0.79199679002203    0.03965127117913
C         0.40301564769646    0.03675994721088   -0.00369867098067
C        -1.15554188297607   -0.14280875687650    0.63976533836447
C        -1.16229197331014   -0.21425148601046   -0.60943284984805
H         0.62653364047212    1.11229608569811   -0.06628508871487
