5
 energy: -8.590341628025 gnorm: 0.232609996065 xtb: 6.2.2 (9d81278992624c895f80dd42a50cac0aa55982e2)
C         1.00446500000000   -0.35824700000000   -0.27879400000000
C        -0.21637800000000   -0.07852100000000    0.57246400000000
C        -1.17767400000000    0.79295500000000   -0.20819000000000
C        -1.43150800000000   -0.69487500000000   -0.08745900000000
H         1.82109500000000    0.33868800000000    0.00197900000000
5
 energy: -8.653169349956 gnorm: 0.198117938439 xtb: 6.2.2 (9d81278992624c895f80dd42a50cac0aa55982e2)
C         1.00724968694269   -0.31597611654502   -0.21274069909841
C        -0.18412515767248   -0.13673958836122    0.44269287516058
C        -1.17626867668013    0.75929529822627   -0.20124997865191
C        -1.49378807963454   -0.65323913343721   -0.03618935939742
H         1.84693222704446    0.34665954011718    0.00748716198715
5
 energy: -8.654180445313 gnorm: 0.710812854631 xtb: 6.2.2 (9d81278992624c895f80dd42a50cac0aa55982e2)
C         0.95918133085910   -0.18747543105526   -0.09093362527954
C        -0.06433193682227   -0.19539004288725    0.18867476661633
C        -1.27872953583004    0.63495149672962   -0.18481579439232
C        -1.53330074791910   -0.52730197317598    0.04432979471000
H         1.91718088971230    0.27521595038887    0.04274485834553
5
 energy: -8.725201271927 gnorm: 0.145274905128 xtb: 6.2.2 (9d81278992624c895f80dd42a50cac0aa55982e2)
C         1.09603015723477   -0.17911684450361   -0.10002148366909
C        -0.15184994505322   -0.22045889028989    0.17544522360982
C        -1.32455782379305    0.66341713145436   -0.18453628808384
C        -1.61895747910640   -0.54266276231732    0.07648760613007
H         1.99933509071790    0.27882136565646    0.03262494201304
5
 energy: -8.729161803977 gnorm: 0.113102482446 xtb: 6.2.2 (9d81278992624c895f80dd42a50cac0aa55982e2)
C         1.07353566323730   -0.06358396061745   -0.17224244695815
C        -0.14004479038491   -0.14329375820614    0.07192129789875
C        -1.46502926767034    0.66300547922816   -0.18751551126532
C        -1.63045335697427   -0.60696732030254    0.14881047781920
H         2.16199175179222    0.15083955989796    0.13902618250553
5
 energy: -8.739208971874 gnorm: 0.041877857237 xtb: 6.2.2 (9d81278992624c895f80dd42a50cac0aa55982e2)
C         1.09571836901953   -0.12884792255231   -0.06930349476767
C        -0.12890775452580   -0.13123449635516    0.05849020439182
C        -1.51273587540813    0.66587461596602   -0.13933744703903
C        -1.58912965427922   -0.57480514930865    0.08497601065558
H         2.13505491519363    0.16901295225011    0.06517472675930
5
 energy: -8.739669893539 gnorm: 0.056478823756 xtb: 6.2.2 (9d81278992624c895f80dd42a50cac0aa55982e2)
C         1.07928915193877   -0.15077775821005   -0.06620617515295
C        -0.11982893164148   -0.08194890903795    0.08171444029878
C        -1.53130232275812    0.69069045820901   -0.12156507623745
C        -1.50416698508354   -0.59581613785264    0.05139098178933
H         2.07600908754438    0.13785234689163    0.05466582930229
5
 energy: -8.742909612561 gnorm: 0.017604497709 xtb: 6.2.2 (9d81278992624c895f80dd42a50cac0aa55982e2)
C         1.08832305988677   -0.10054337538606   -0.05699891811588
C        -0.11977428373087   -0.08828574080201    0.04127537818311
C        -1.56045055911409    0.66796519538063   -0.12326695316873
C        -1.52424898767575   -0.58387494904441    0.07431454868748
H         2.11615077063394    0.10473886985185    0.06467594441403
5
 energy: -8.743717958193 gnorm: 0.028681407859 xtb: 6.2.2 (9d81278992624c895f80dd42a50cac0aa55982e2)
C         1.08909096506607   -0.05850281130451   -0.02286515463467
C        -0.12824064156745   -0.06207831891610    0.01224974320790
C        -1.62738809871274    0.66320326650612   -0.10609725600271
C        -1.49586484875674   -0.58900970581156    0.06610337097701
H         2.16240262397087    0.04638756952604    0.05060929645248
5
 energy: -8.744628915475 gnorm: 0.022918845444 xtb: 6.2.2 (9d81278992624c895f80dd42a50cac0aa55982e2)
C         1.10420814002182   -0.03567396948002   -0.00974421181284
C        -0.11591900769586   -0.06133984450349   -0.02183126914003
C        -1.65470916655275    0.65964051764066   -0.10245539150614
C        -1.48351291951381   -0.57935883126005    0.07851833652487
H         2.14993295374060    0.01673212760290    0.05551253593417
5
 energy: -8.745160585580 gnorm: 0.016478672946 xtb: 6.2.2 (9d81278992624c895f80dd42a50cac0aa55982e2)
C         1.09614614210644   -0.02065088974964    0.01339401976389
C        -0.11575860827586   -0.06265029597366   -0.01512101784912
C        -1.66749422280143    0.66024622880016   -0.10090026985108
C        -1.45452988584491   -0.57357971343371    0.06631865669408
H         2.14163657481575   -0.00336532964315    0.03630861124224
5
 energy: -8.745686584881 gnorm: 0.025517836182 xtb: 6.2.2 (9d81278992624c895f80dd42a50cac0aa55982e2)
C         1.10160293521532   -0.00459447843266    0.05246748847903
C        -0.10847672004264   -0.06182336213570   -0.03411231023015
C        -1.71465515252763    0.66496821102754   -0.09203714126503
C        -1.43079488105362   -0.56625043292489    0.05703260534980
H         2.15232381840857   -0.03229993753429    0.01664935766635
5
 energy: -8.746990426698 gnorm: 0.068392779864 xtb: 6.2.2 (9d81278992624c895f80dd42a50cac0aa55982e2)
C         1.11790609229851    0.02522501572555    0.15431762792695
C        -0.08336424302500   -0.09539296957547   -0.07186551400307
C        -1.80881442932431    0.67719977078377   -0.08366184834113
C        -1.39522429634235   -0.53281772143491    0.03928524453448
H         2.16949687639316   -0.07421409549893   -0.03807551011722
5
 energy: -8.750339594570 gnorm: 0.096487593425 xtb: 6.2.2 (9d81278992624c895f80dd42a50cac0aa55982e2)
C         1.13717055346606    0.02384672975519    0.23761553537859
C        -0.04431526535536   -0.16136496650082   -0.09345172533175
C        -1.87434548295674    0.69729739867274   -0.09326088573717
C        -1.38790814426352   -0.48906152675749    0.03152434623046
H         2.16939833910957   -0.07071763516961   -0.08242727054011
5
 energy: -8.755626852219 gnorm: 0.110592170689 xtb: 6.2.2 (9d81278992624c895f80dd42a50cac0aa55982e2)
C         1.17019328248740   -0.03186962834126    0.32453394474660
C         0.04690055484535   -0.33085699695388   -0.08612637341685
C        -1.93408800017472    0.74173692928322   -0.15092349080980
C        -1.41792683725764   -0.39229140173181    0.04044189371777
H         2.13492100009961    0.01328109774373   -0.12792597423770
5
 energy: -8.762516867142 gnorm: 0.106755515391 xtb: 6.2.2 (9d81278992624c895f80dd42a50cac0aa55982e2)
C         1.15800173741396   -0.04310765566112    0.28777129633990
C         0.03280851704679   -0.30102517252372   -0.05428644345896
C        -1.92720072344418    0.73511833702132   -0.14990406650685
C        -1.37914077952174   -0.39511174749146    0.03171784868469
H         2.11553124850516    0.00412623865498   -0.11529863505877
5
 energy: -8.764392729925 gnorm: 0.139349146201 xtb: 6.2.2 (9d81278992624c895f80dd42a50cac0aa55982e2)
C         1.14897282873347   -0.02437688093212    0.33568884788150
C         0.01568311613947   -0.34685549091473   -0.00395052241530
C        -1.99392470374373    0.72756099308170   -0.16826389504701
C        -1.27789624985993   -0.32677868600937    0.00577997710538
H         2.10716500873072   -0.02954993522548   -0.16925440752457
5
 energy: -8.771820832654 gnorm: 0.097845533120 xtb: 6.2.2 (9d81278992624c895f80dd42a50cac0aa55982e2)
C         1.14839101492240   -0.04592133972392    0.24957279962776
C        -0.00188798175174   -0.39028165298883    0.04625250560633
C        -1.92804364202753    0.70710876240830   -0.21068194810444
C        -1.33545295260034   -0.30517979360801    0.04076692988552
H         2.11699356145722    0.03427402391245   -0.12591028701516
5
 energy: -8.772130624358 gnorm: 0.127499691919 xtb: 6.2.2 (9d81278992624c895f80dd42a50cac0aa55982e2)
C         1.19424152880086   -0.09620505022203    0.24594569103572
C         0.08104880228437   -0.45125977961617    0.01095951853584
C        -2.06023054890048    0.73414448078128   -0.24293213362598
C        -1.33351268572798   -0.23974268454708    0.07444233053280
H         2.11845290354323    0.05306303360400   -0.08841540647837
5
 energy: -8.781431946453 gnorm: 0.048183827751 xtb: 6.2.2 (9d81278992624c895f80dd42a50cac0aa55982e2)
C         1.17995107670711   -0.09655801949306    0.22778073480413
C         0.03421130333331   -0.41598234365741    0.03865726667002
C        -2.04004423085556    0.71744042871816   -0.22898182866051
C        -1.33243819960738   -0.25789951335435    0.05710644533637
H         2.15832005042253    0.05299944778666   -0.09456261815000
5
 energy: -8.784831238856 gnorm: 0.058608985216 xtb: 6.2.2 (9d81278992624c895f80dd42a50cac0aa55982e2)
C         1.18589007367018   -0.08700271186248    0.15417775134947
C         0.00372528710407   -0.38529238399028    0.04660686157311
C        -2.07128145268680    0.68751532427732   -0.23582536790949
C        -1.32174794683837   -0.24681162352227    0.08105091592429
H         2.20341403875092    0.03159139509771   -0.04601016093736
5
 energy: -8.788579215218 gnorm: 0.045004744458 xtb: 6.2.2 (9d81278992624c895f80dd42a50cac0aa55982e2)
C         1.20390983661136   -0.02111543697923    0.11107241034363
C         0.02799270215041   -0.30735492349708   -0.01008856782273
C        -2.17622884769538    0.62759248078701   -0.21783645387907
C        -1.32367155157297   -0.21894692605571    0.09981452897597
H         2.26799786050662   -0.08017519425501    0.01703808238217
5
 energy: -8.791616095744 gnorm: 0.044506681423 xtb: 6.2.2 (9d81278992624c895f80dd42a50cac0aa55982e2)
C         1.24326742363460   -0.09705005202139    0.13538948347454
C         0.05370687537973   -0.28177210855623   -0.00690860888055
C        -2.25042951356578    0.60468357332090   -0.21995796878337
C        -1.32739443975365   -0.16733494535192    0.08661197020307
H         2.28084965430512   -0.05852646739137    0.00486512398628
5
 energy: -8.790344620857 gnorm: 0.069088286651 xtb: 6.2.2 (9d81278992624c895f80dd42a50cac0aa55982e2)
C         1.25711937271268   -0.03963248588773    0.11627900952044
C         0.07489673163745   -0.26133137837872    0.12870968810335
C        -2.29836029458211    0.58910903090667   -0.17196540173449
C        -1.33559738612131   -0.16653466425435   -0.05432269868848
H         2.30194157635332   -0.12161050238589   -0.01870059720085
5
 energy: -8.795592341729 gnorm: 0.028735605585 xtb: 6.2.2 (9d81278992624c895f80dd42a50cac0aa55982e2)
C         1.26271070300177   -0.07566653874390    0.10844916825781
C         0.06508065578279   -0.21797309254982    0.04087763283601
C        -2.32367235340752    0.54514399509384   -0.18381483514527
C        -1.31676609814930   -0.12465167328664    0.01501182757643
H         2.31264709277230   -0.12685269051350    0.01947620647497
5
 energy: -8.796981347216 gnorm: 0.028565561820 xtb: 6.2.2 (9d81278992624c895f80dd42a50cac0aa55982e2)
C         1.27603587811038   -0.09479694434380    0.09574384564867
C         0.06617575394700   -0.16649102175019    0.01369651285240
C        -2.36932375236994    0.49691395542326   -0.17646852233984
C        -1.30058811032761   -0.08241971079004    0.02290503588737
H         2.32770023064021   -0.15320627853927    0.04412312795134
5
 energy: -8.797408362117 gnorm: 0.037740877966 xtb: 6.2.2 (9d81278992624c895f80dd42a50cac0aa55982e2)
C         1.27019760055199   -0.11639442672699    0.08167635118082
C         0.05780124493319   -0.13816370500244    0.00771051239268
C        -2.35863933078602    0.46331424674488   -0.17010954398805
C        -1.28425424442293   -0.05500285817433    0.02352789983957
H         2.31489472972380   -0.15375325684116    0.05719478057491
5
 energy: -8.798110076677 gnorm: 0.032192263758 xtb: 6.2.2 (9d81278992624c895f80dd42a50cac0aa55982e2)
C         1.27832904210608   -0.10427999689172    0.06043834214994
C         0.07115839870044   -0.09383073847986    0.00243787352514
C        -2.40380229232318    0.42351042402100   -0.15544865410392
C        -1.27579837231447   -0.02697177739823    0.01162080515312
H         2.33011322383116   -0.19842791125123    0.08095163327565
5
 energy: -8.798401751721 gnorm: 0.008671485363 xtb: 6.2.2 (9d81278992624c895f80dd42a50cac0aa55982e2)
C         1.28165876751044   -0.10802320424188    0.06368746794147
C         0.07459655949021   -0.09984613729055    0.01234509828893
C        -2.40069351260379    0.43025567533019   -0.15596943248980
C        -1.28455695883177   -0.03106873174907    0.00533606158794
H         2.32899514443496   -0.19131760204873    0.07460080467139
5
 energy: -8.798529581903 gnorm: 0.004544570401 xtb: 6.2.2 (9d81278992624c895f80dd42a50cac0aa55982e2)
C         1.28516972606249   -0.11100767719480    0.05558680137054
C         0.07792780502486   -0.08171803167619    0.01446151664553
C        -2.41006767228401    0.41376421523610   -0.15023613237711
C        -1.28381740803586   -0.01920649589370   -0.00141700655747
H         2.33078754923256   -0.20183201047144    0.08160482091842
5
 energy: -8.798594638240 gnorm: 0.002142332469 xtb: 6.2.2 (9d81278992624c895f80dd42a50cac0aa55982e2)
C         1.28589670385554   -0.11189256696687    0.04566747790264
C         0.08101461208892   -0.06138469637455    0.01484350209505
C        -2.41653801327703    0.39529819175804   -0.14393357512254
C        -1.28030278721641   -0.00737566295922   -0.00703228794851
H         2.32992948454903   -0.21464526545745    0.09045488307328
5
 energy: -8.798597494823 gnorm: 0.004335563652 xtb: 6.2.2 (9d81278992624c895f80dd42a50cac0aa55982e2)
C         1.28760446874181   -0.11705394597400    0.04424665060871
C         0.08208827411013   -0.05219609590393    0.01414437559772
C        -2.42071894757296    0.38748441364046   -0.14215598665176
C        -1.27854287771862   -0.00104297526550   -0.00875521503784
H         2.32956908243968   -0.21719139649708    0.09252017548309
5
 energy: -8.798603155632 gnorm: 0.001420399404 xtb: 6.2.2 (9d81278992624c895f80dd42a50cac0aa55982e2)
C         1.28661292788257   -0.11537753422121    0.04462367634311
C         0.08181530548544   -0.05351838045924    0.01405384600511
C        -2.41875919429575    0.38913404830278   -0.14248414307434
C        -1.27893563556340   -0.00316345701614   -0.00822646083065
H         2.32926659649119   -0.21707467660623    0.09203308155670
5
 energy: -8.798605592485 gnorm: 0.000942616715 xtb: 6.2.2 (9d81278992624c895f80dd42a50cac0aa55982e2)
C         1.28639570508253   -0.11511419757561    0.04531352421627
C         0.08200632429330   -0.05191613086042    0.01351795130220
C        -2.41889858108567    0.38876887330607   -0.14239229659320
C        -1.27905882074254   -0.00376495747500   -0.00819830973769
H         2.32955537245243   -0.21797358739508    0.09175913081234
