5
 energy: -9.329544370684 gnorm: 0.171366081152 xtb: 6.2.2 (9d81278992624c895f80dd42a50cac0aa55982e2)
C         0.84235700000000   -0.37341600000000    0.35414800000000
N        -0.37733800000000   -0.06142700000000   -0.37061000000000
C        -1.40010400000000   -0.96101900000000    0.12971700000000
C        -0.77596900000000    1.27884400000000    0.02189300000000
H         1.71105500000000    0.11701800000000   -0.13514800000000
5
 energy: -9.363258458206 gnorm: 0.099856605703 xtb: 6.2.2 (9d81278992624c895f80dd42a50cac0aa55982e2)
C         0.85362076482395   -0.35827353036588    0.33864188271828
N        -0.37639058857508   -0.09112234877110   -0.27868431651101
C        -1.43507621182856   -0.90263479332767    0.08634537866531
C        -0.73742722239057    1.19457934948072    0.00353822301185
H         1.69527425797027    0.15745132298393   -0.14984116788443
5
 energy: -9.388957642006 gnorm: 0.097133372286 xtb: 6.2.2 (9d81278992624c895f80dd42a50cac0aa55982e2)
C         0.88117031228687   -0.33122868079508    0.29829234483192
N        -0.39074607781964   -0.17813322375532   -0.16122160804263
C        -1.52909022339378   -0.81172695562723    0.03109586957112
C        -0.64510779918180    1.06499887031514   -0.01448480239942
H         1.68377478810835    0.25608998986249   -0.15368180396098
5
 energy: -9.402407603893 gnorm: 0.066852420296 xtb: 6.2.2 (9d81278992624c895f80dd42a50cac0aa55982e2)
C         0.90649222866954   -0.33720714640974    0.24560766025462
N        -0.40767584421262   -0.30903317531559   -0.07453118072556
C        -1.63806664820081   -0.76661603247735   -0.00395953400433
C        -0.50140954574649    1.00998592336129   -0.02907749343685
H         1.64066080949039    0.40287043084139   -0.13803945208787
5
 energy: -9.410725056944 gnorm: 0.047086987898 xtb: 6.2.2 (9d81278992624c895f80dd42a50cac0aa55982e2)
C         0.85471260863738   -0.24857297938178    0.23777282341190
N        -0.43003979985561   -0.39301671908580   -0.05360903781604
C        -1.61564465511268   -0.75565477986732   -0.03568027649359
C        -0.39440918123464    0.98375490669837   -0.00530282235305
H         1.58538202756555    0.41348957163652   -0.14318068674923
5
 energy: -9.416185997301 gnorm: 0.048733845326 xtb: 6.2.2 (9d81278992624c895f80dd42a50cac0aa55982e2)
C         0.83391070052320   -0.14892319903796    0.30080819226743
N        -0.41034946526434   -0.40540061902688   -0.05191243602322
C        -1.61150963817837   -0.76722273507407   -0.07477012356908
C        -0.41446160617000    0.98228867302852    0.02693703820950
H         1.60241100908950    0.33925788011040   -0.20106267088463
5
 energy: -9.430506447399 gnorm: 0.057704968374 xtb: 6.2.2 (9d81278992624c895f80dd42a50cac0aa55982e2)
C         0.78504527492215    0.00620511932948    0.35755008113704
N        -0.42043261356230   -0.43570816118250   -0.06401728126953
C        -1.59704106933732   -0.78231945713575   -0.11643340884524
C        -0.42649497013042    0.97397209699855    0.07727920889290
H         1.65892437810790    0.23785040199022   -0.25437859991517
5
 energy: -9.435405394859 gnorm: 0.087431496583 xtb: 6.2.2 (9d81278992624c895f80dd42a50cac0aa55982e2)
C         0.73301883549766    0.18913549586630    0.42237818462010
N        -0.42367897850638   -0.48262246185251   -0.07117567745905
C        -1.59170498937338   -0.82391727242062   -0.16839687897054
C        -0.37813154904705    0.97073507213410    0.13195647404901
H         1.66049768142915    0.14666916627272   -0.31476210223952
5
 energy: -9.449340414575 gnorm: 0.067021503606 xtb: 6.2.2 (9d81278992624c895f80dd42a50cac0aa55982e2)
C         0.72790103103338    0.15811538087821    0.37697476869197
N        -0.45202418788403   -0.46257355805792   -0.07585571998722
C        -1.58199069700166   -0.89750809503568   -0.14128333634201
C        -0.33348839677040    1.03710622776848    0.11229731624909
H         1.63960325062271    0.16486004444691   -0.27213302861183
5
 energy: -9.460426207536 gnorm: 0.118128264044 xtb: 6.2.2 (9d81278992624c895f80dd42a50cac0aa55982e2)
C         0.70645601268651    0.19748283577363    0.28585976990031
N        -0.54977494814927   -0.39193922394207   -0.00744311615752
C        -1.57165608638887   -1.17726479885887   -0.13155534759044
C        -0.20994041933302    1.24952727730136    0.06056910298417
H         1.62491644118466    0.12219390972594   -0.20743040913652
5
 energy: -9.473269982999 gnorm: 0.048901820585 xtb: 6.2.2 (9d81278992624c895f80dd42a50cac0aa55982e2)
C         0.65370525550958    0.20519056108652    0.22200219299582
N        -0.57161731570412   -0.38694681231796   -0.06266466781231
C        -1.51805006126606   -1.15722291331181   -0.08441689112955
C        -0.23506882127587    1.24057697663996    0.07446423815864
H         1.67103194273647    0.09840218790329   -0.14938487221261
5
 energy: -9.475432313143 gnorm: 0.062064660845 xtb: 6.2.2 (9d81278992624c895f80dd42a50cac0aa55982e2)
C         0.61807190795916    0.20219019829948    0.17706989629083
N        -0.56926813663478   -0.32492544588384   -0.09540258611502
C        -1.45358157575805   -1.20414568016660   -0.04394063668153
C        -0.28423876894373    1.29229957379355    0.07048712396571
H         1.68901757337741    0.03458135395740   -0.10821379745999
5
 energy: -9.476649167990 gnorm: 0.075833125076 xtb: 6.2.2 (9d81278992624c895f80dd42a50cac0aa55982e2)
C         0.58725290809583    0.22640295415745    0.11672995358626
N        -0.56686651704027   -0.33875138506276   -0.11367199213533
C        -1.44176952115955   -1.21542188702949   -0.01774691207518
C        -0.22878484881778    1.28286757466820    0.07566842086527
H         1.65016897892176    0.04490274326661   -0.06097947024102
5
 energy: -9.480372202061 gnorm: 0.040924456072 xtb: 6.2.2 (9d81278992624c895f80dd42a50cac0aa55982e2)
C         0.62790171186842    0.25812447680301    0.12290327449280
N        -0.56033920431502   -0.34043159713039   -0.08308007493869
C        -1.45529790194305   -1.18679578500228   -0.04322860688862
C        -0.28990861481150    1.26856275579548    0.07762122704205
H         1.67764500920116    0.00054014953418   -0.07421581970755
5
 energy: -9.482151828072 gnorm: 0.037826586320 xtb: 6.2.2 (9d81278992624c895f80dd42a50cac0aa55982e2)
C         0.64686288621838    0.25942900766424    0.10082130434644
N        -0.53796665139084   -0.31278296054933   -0.08586816968360
C        -1.44382183498667   -1.17344079448784   -0.03265325144923
C        -0.33827020299748    1.26109474935786    0.07466548217798
H         1.67319680315661   -0.03430000198493   -0.05696536539159
5
 energy: -9.483387159774 gnorm: 0.040708166677 xtb: 6.2.2 (9d81278992624c895f80dd42a50cac0aa55982e2)
C         0.64840567097633    0.28856599869886    0.03869671873668
N        -0.54832056323096   -0.28729980148276   -0.09436492358414
C        -1.43259265921119   -1.20133111909037   -0.00874626008986
C        -0.34929137506044    1.27398578662576    0.07180959592500
H         1.68179992652626   -0.07392086475149   -0.00739513098767
5
 energy: -9.484940131742 gnorm: 0.024816321314 xtb: 6.2.2 (9d81278992624c895f80dd42a50cac0aa55982e2)
C         0.66202149561007    0.29711255059818    0.00791460829690
N        -0.54186360111661   -0.28314128676061   -0.09093509632784
C        -1.43718049242490   -1.18874323399392   -0.00141158367455
C        -0.33893261625390    1.24808215605877    0.06827315771039
H         1.65595621418534   -0.07331018590243    0.01615891399510
5
 energy: -9.485640099974 gnorm: 0.021636002289 xtb: 6.2.2 (9d81278992624c895f80dd42a50cac0aa55982e2)
C         0.66768397066584    0.30283675640444   -0.02512903880854
N        -0.54396669466178   -0.26356384286833   -0.09264663867071
C        -1.42884061626586   -1.17989386553165    0.01139256724128
C        -0.35395881006788    1.23017340497277    0.06398230086251
H         1.65908315032967   -0.08955245297723    0.04240080937546
5
 energy: -9.486454993761 gnorm: 0.017131820521 xtb: 6.2.2 (9d81278992624c895f80dd42a50cac0aa55982e2)
C         0.67214712102562    0.29539610706649   -0.04362184964099
N        -0.56126333712188   -0.23798162123239   -0.09206906253587
C        -1.42080096771183   -1.18171350471994    0.02097359550343
C        -0.35125957268129    1.21542988307637    0.05442893242797
H         1.66117775648938   -0.09113086419053    0.06028838424546
5
 energy: -9.487106327438 gnorm: 0.008259858427 xtb: 6.2.2 (9d81278992624c895f80dd42a50cac0aa55982e2)
C         0.67206425699960    0.28274452440121   -0.03043458382436
N        -0.58540608070486   -0.21679860261624   -0.08470341642509
C        -1.41017615551625   -1.19253677333600    0.01674620364508
C        -0.34152362171939    1.21390939707134    0.04491022050472
H         1.66504260094090   -0.08731854552031    0.05348157609966
5
 energy: -9.487328967517 gnorm: 0.002667517293 xtb: 6.2.2 (9d81278992624c895f80dd42a50cac0aa55982e2)
C         0.66946821529162    0.28225461071524   -0.00743062027401
N        -0.59384436961270   -0.21038570590623   -0.07710954777701
C        -1.40117286576281   -1.20166469105424    0.00565594216298
C        -0.33983689359096    1.22211140038890    0.04301835383786
H         1.66538691367484   -0.09231561414367    0.03586587205018
5
 energy: -9.487367163964 gnorm: 0.002289412451 xtb: 6.2.2 (9d81278992624c895f80dd42a50cac0aa55982e2)
C         0.66916815812502    0.28310553995637    0.00288828891187
N        -0.59316416708141   -0.20980011317250   -0.07056883840677
C        -1.39943204142319   -1.20247067844549    0.00142974343764
C        -0.34100411073893    1.22408587845855    0.03704940147927
H         1.66443316111852   -0.09492062679692    0.02920140457799
5
 energy: -9.487392017623 gnorm: 0.002138288248 xtb: 6.2.2 (9d81278992624c895f80dd42a50cac0aa55982e2)
C         0.66910395798786    0.28612022312417    0.00875710502915
N        -0.59234649643125   -0.20820910934799   -0.06164320152199
C        -1.39578196597837   -1.20463008326886   -0.00355314489980
C        -0.34229426936071    1.22702357353687    0.03180284327503
H         1.66131977378247   -0.10030460404420    0.02463639811761
5
 energy: -9.487404109243 gnorm: 0.001414528200 xtb: 6.2.2 (9d81278992624c895f80dd42a50cac0aa55982e2)
C         0.66935135229625    0.28963064233532    0.00931570559701
N        -0.59189992476508   -0.20652043878636   -0.05418641727713
C        -1.39239592617793   -1.20684375480188   -0.00730606801785
C        -0.34313385777304    1.22916652865944    0.02894785133536
H         1.65807935641980   -0.10543297740651    0.02322892836262
5
 energy: -9.487407119471 gnorm: 0.000583283018 xtb: 6.2.2 (9d81278992624c895f80dd42a50cac0aa55982e2)
C         0.66987510968869    0.29234063607131    0.00719833043629
N        -0.59197970150254   -0.20526805321553   -0.04930179067004
C        -1.39048528154493   -1.20821887615025   -0.00953702064931
C        -0.34360485615845    1.22977573318329    0.02794513791662
H         1.65619572951723   -0.10862943988883    0.02369534296645
