5
 energy: -7.886042053190 gnorm: 0.236233723956 xtb: 6.2.2 (9d81278992624c895f80dd42a50cac0aa55982e2)
C        -0.53572000000000   -0.19014000000000    0.37244100000000
N        -1.05621700000000    1.11300200000000   -0.00012700000000
C         0.97393300000000   -0.12249900000000    0.50143300000000
H        -0.81601900000000   -0.93818400000000   -0.39814800000000
H         1.43402300000000    0.13782100000000   -0.47559800000000
5
 energy: -7.944900304370 gnorm: 0.135404654753 xtb: 6.2.2 (9d81278992624c895f80dd42a50cac0aa55982e2)
C        -0.48551993106054   -0.12925916295779    0.23975948996446
N        -1.03428187936740    1.04977839372518    0.07602750719680
C         0.93067380536360   -0.05373841013683    0.50706798141712
H        -0.86973583245864   -0.96845079991749   -0.37035398998461
H         1.45886383752299    0.10166997928693   -0.45249998859377
5
 energy: -7.938237664367 gnorm: 0.366154797949 xtb: 6.2.2 (9d81278992624c895f80dd42a50cac0aa55982e2)
C        -0.49866249978640   -0.08404288766780    0.16032044484195
N        -0.89180742229973    0.95428468968033    0.10841556470373
C         0.84471043759680   -0.03551461828521    0.46744985819266
H        -0.91587351938299   -1.00174697118299   -0.31479345096660
H         1.46163300387233    0.16701978745568   -0.42139141677174
5
 energy: -7.966641990409 gnorm: 0.052456311938 xtb: 6.2.2 (9d81278992624c895f80dd42a50cac0aa55982e2)
C        -0.49831027058584   -0.12644625905327    0.11213953824922
N        -0.90865193033890    1.04683395476577    0.13408189491420
C         0.86003595229173   -0.00884674321139    0.47138212325485
H        -0.94588236499495   -1.07773396558954   -0.30402007933775
H         1.49280861362796    0.16619301308842   -0.41358247708052
5
 energy: -7.978192674390 gnorm: 0.081999969236 xtb: 6.2.2 (9d81278992624c895f80dd42a50cac0aa55982e2)
C        -0.52040752107094   -0.16785203103037    0.08607734788471
N        -0.78697574169151    1.05057983263640    0.09517459563267
C         0.83742405311879   -0.06583548626401    0.42231170631771
H        -1.04824469474791   -1.14150233369654   -0.23215143949077
H         1.51820390439156    0.32461001835452   -0.37141121034432
5
 energy: -8.003879651010 gnorm: 0.103435226800 xtb: 6.2.2 (9d81278992624c895f80dd42a50cac0aa55982e2)
C        -0.55900415526219   -0.24693162893530    0.08138171116487
N        -0.65159769696143    1.03467206268792    0.11146631066009
C         0.77878572653572    0.03255536452443    0.39677314821072
H        -1.07485589058664   -1.15859658963717   -0.22853169858656
H         1.50667201627454    0.33830079136012   -0.36108847144911
5
 energy: -8.026386490166 gnorm: 0.075132511962 xtb: 6.2.2 (9d81278992624c895f80dd42a50cac0aa55982e2)
C        -0.58005807641279   -0.31096694736320    0.04192882382964
N        -0.52962282762701    1.00937753674038    0.17117323483767
C         0.69526379731649    0.19009523339851    0.36579464433894
H        -1.13333461883207   -1.20031946878143   -0.23329956411455
H         1.54775172555538    0.31181364600574   -0.34559613889170
5
 energy: -8.029198818784 gnorm: 0.052843630448 xtb: 6.2.2 (9d81278992624c895f80dd42a50cac0aa55982e2)
C        -0.54934539894027   -0.29349811711836    0.03884179987314
N        -0.60919713137622    0.96427104477796    0.19332512257986
C         0.69375737575946    0.23356556408090    0.33868817044831
H        -1.13663368377068   -1.13736661390142   -0.24356354892151
H         1.60141883832771    0.23302812216093   -0.32729054397979
5
 energy: -8.025778553133 gnorm: 0.132897441946 xtb: 6.2.2 (9d81278992624c895f80dd42a50cac0aa55982e2)
C        -0.50286834959902   -0.30535712760585    0.02740193592752
N        -0.53877390846069    0.94887914367246    0.12458485430570
C         0.70857355564014    0.13434564893011    0.29383806241612
H        -1.20987608475392   -1.14672028357741   -0.18461058269183
H         1.54294478717348    0.36885261858068   -0.26121326995752
5
 energy: -8.033091035651 gnorm: 0.015229090580 xtb: 6.2.2 (9d81278992624c895f80dd42a50cac0aa55982e2)
C        -0.54987041023032   -0.32154043259554    0.03336394709656
N        -0.54551768237317    0.96826710040766    0.14544011374114
C         0.70156517910233    0.16593984679478    0.29468330692474
H        -1.18623182858502   -1.15390299994260   -0.19171485747875
H         1.58005474208617    0.34123648533569   -0.28177151028368
5
 energy: -8.032913585854 gnorm: 0.041614004202 xtb: 6.2.2 (9d81278992624c895f80dd42a50cac0aa55982e2)
C        -0.55144404965967   -0.31083353365110    0.00076063186846
N        -0.57743074873965    0.97108414614298    0.16708656396146
C         0.69694519439474    0.17365756262941    0.26822081758869
H        -1.21580396777212   -1.16904641661280   -0.17135839385961
H         1.64773357177670    0.33513824149151   -0.26470861955900
5
 energy: -8.034121772457 gnorm: 0.021041969674 xtb: 6.2.2 (9d81278992624c895f80dd42a50cac0aa55982e2)
C        -0.55154894839465   -0.31082537425991   -0.00227240710828
N        -0.59002416829849    0.97050945679597    0.18348888539902
C         0.68645583437375    0.20076212631239    0.26068604060920
H        -1.16861172920077   -1.14716262109298   -0.17968471801726
H         1.62372901152015    0.28671641224453   -0.26221680088268
5
 energy: -8.034772866775 gnorm: 0.009570410772 xtb: 6.2.2 (9d81278992624c895f80dd42a50cac0aa55982e2)
C        -0.54976996573329   -0.31561468867520   -0.00269392748750
N        -0.57502219255644    0.97394197498150    0.16798677629847
C         0.69001802754157    0.17514320565975    0.24666638505521
H        -1.18294006019298   -1.15421285250033   -0.16418622185411
H         1.61771419094114    0.32074236053429   -0.24777201201207
5
 energy: -8.035237079690 gnorm: 0.014206214592 xtb: 6.2.2 (9d81278992624c895f80dd42a50cac0aa55982e2)
C        -0.55144892081971   -0.31986382237741   -0.01410599297612
N        -0.57326058934740    0.97715969977549    0.16784284554221
C         0.68158497417055    0.16680980303052    0.21404860510766
H        -1.19686819853835   -1.16099478951807   -0.14296497813937
H         1.63999273453492    0.33688910908947   -0.22481947953439
5
 energy: -8.035778623566 gnorm: 0.017080120106 xtb: 6.2.2 (9d81278992624c895f80dd42a50cac0aa55982e2)
C        -0.55279871593178   -0.32482316811349   -0.03829709162140
N        -0.58587554502040    0.98521199769458    0.17369593463340
C         0.67370025801770    0.16026417901064    0.14977992947187
H        -1.21098366315480   -1.16661851411816   -0.10803958343937
H         1.67595766608927    0.34596550552643   -0.17713818904451
5
 energy: -8.036344454259 gnorm: 0.012796360447 xtb: 6.2.2 (9d81278992624c895f80dd42a50cac0aa55982e2)
C        -0.55224892964459   -0.33341840732108   -0.04773186120578
N        -0.58390241812746    0.98733788274085    0.18027343765307
C         0.66452780984496    0.17328803181371    0.10862977551077
H        -1.21429141181247   -1.16752803907374   -0.09517278758587
H         1.68591494973956    0.34032053184025   -0.14599756437220
5
 energy: -8.037001210098 gnorm: 0.020897925177 xtb: 6.2.2 (9d81278992624c895f80dd42a50cac0aa55982e2)
C        -0.55374917431296   -0.34364948484952   -0.05398625591176
N        -0.58640865162960    1.00044372397340    0.19249346561660
C         0.64193441565594    0.19125426743514    0.02513262888603
H        -1.19794801425149   -1.17068091684465   -0.07580536792853
H         1.69617142453811    0.32263241028563   -0.08783347066234
5
 energy: -8.037272472503 gnorm: 0.029780523111 xtb: 6.2.2 (9d81278992624c895f80dd42a50cac0aa55982e2)
C        -0.54913797806665   -0.34757656571984   -0.04555517611242
N        -0.57643353623931    1.00667270946119    0.20274670209780
C         0.63781334694740    0.22366759984994    0.01021643011886
H        -1.18405005619888   -1.17824662166179   -0.09401863837167
H         1.67180822355744    0.29548287807051   -0.07338831773257
5
 energy: -8.037490920089 gnorm: 0.009709960082 xtb: 6.2.2 (9d81278992624c895f80dd42a50cac0aa55982e2)
C        -0.54829339998855   -0.35220277837663   -0.05406630165528
N        -0.57231677513406    1.01560349599085    0.21128114332687
C         0.62654984580236    0.23567974536986   -0.03721923116444
H        -1.19259335340636   -1.19358694133262   -0.08231688839480
H         1.68665368272661    0.29450647834854   -0.03767772211235
5
 energy: -8.037724662763 gnorm: 0.008079501810 xtb: 6.2.2 (9d81278992624c895f80dd42a50cac0aa55982e2)
C        -0.55019447404705   -0.34489334899983   -0.04194944887160
N        -0.57328919334373    1.01182567263380    0.20066095806346
C         0.63259955458095    0.21528395334482    0.00195571139495
H        -1.19092285098813   -1.18999099770263   -0.09094333490220
H         1.68180696379796    0.30777472072384   -0.06972288568462
5
 energy: -8.037821660975 gnorm: 0.005635371205 xtb: 6.2.2 (9d81278992624c895f80dd42a50cac0aa55982e2)
C        -0.55199511323218   -0.34607755535588   -0.03217642504315
N        -0.57406905635331    1.01449706584544    0.20013325781720
C         0.63159463136723    0.21900654258770   -0.00329710201153
H        -1.18640021586983   -1.19055001374967   -0.09671660515759
H         1.68086975408809    0.30312396067240   -0.06794212560492
5
 energy: -8.037876226902 gnorm: 0.001519426308 xtb: 6.2.2 (9d81278992624c895f80dd42a50cac0aa55982e2)
C        -0.55042430907559   -0.34832506871307   -0.00992414237650
N        -0.57536576579629    1.01852734929529    0.19422251643939
C         0.63160502159826    0.21955423270214   -0.00129777281505
H        -1.18742031023382   -1.19202351584438   -0.11003743515688
H         1.68160536350744    0.30226700256001   -0.07296216609095
5
 energy: -8.037889207761 gnorm: 0.000734601053 xtb: 6.2.2 (9d81278992624c895f80dd42a50cac0aa55982e2)
C        -0.55101460460517   -0.34647272569255   -0.01978073165209
N        -0.57562058155053    1.01854551797981    0.19927075637650
C         0.63054276580141    0.22144987898369   -0.01019374504698
H        -1.18610039486864   -1.19358801382338   -0.10300797720352
H         1.68219281522292    0.30006534255242   -0.06628730247391
5
 energy: -8.037891936440 gnorm: 0.000525257100 xtb: 6.2.2 (9d81278992624c895f80dd42a50cac0aa55982e2)
C        -0.55083236803485   -0.34685943095338   -0.01638979798784
N        -0.57568002794467    1.01916226277475    0.19812838514624
C         0.63046030622600    0.22157383540733   -0.00893114263475
H        -1.18586857735212   -1.19364291107694   -0.10520481163643
H         1.68192066710565    0.29976624384824   -0.06760163288723
