3
 energy: -5.271922280844 gnorm: 0.240796750590 xtb: 6.2.2 (9d81278992624c895f80dd42a50cac0aa55982e2)
C        -0.16328200000000    0.47414000000000    0.00000000000000
N         1.13021700000000   -0.18348200000000    0.00000000000000
H        -0.96693400000000   -0.29065700000000    0.00000000000000
3
 energy: -5.317568982342 gnorm: 0.115799666999 xtb: 6.2.2 (9d81278992624c895f80dd42a50cac0aa55982e2)
C        -0.09990009386952    0.43408921342200    0.00000000000000
N         1.03725178095486   -0.14977072263052    0.00000000000000
H        -0.93735068708533   -0.28431749079148    0.00000000000000
3
 energy: -5.307339534932 gnorm: 0.284520308926 xtb: 6.2.2 (9d81278992624c895f80dd42a50cac0aa55982e2)
C        -0.03957652591904    0.42033144474976    0.00000000000000
N         0.94506240612295   -0.12721090416289    0.00000000000000
H        -0.90548488020390   -0.29311954058687    0.00000000000000
3
 energy: -5.322547366238 gnorm: 0.035280361930 xtb: 6.2.2 (9d81278992624c895f80dd42a50cac0aa55982e2)
C        -0.07948641094942    0.44262402356613    0.00000000000000
N         1.00151121748224   -0.14742334214903    0.00000000000000
H        -0.92202380653282   -0.29519968141709    0.00000000000000
3
 energy: -5.322934169013 gnorm: 0.010474502722 xtb: 6.2.2 (9d81278992624c895f80dd42a50cac0aa55982e2)
C        -0.07184204664758    0.43674118735447    0.00000000000000
N         1.00192128936165   -0.14236024014741    0.00000000000000
H        -0.93007824271407   -0.29437994720705    0.00000000000000
3
 energy: -5.322974355088 gnorm: 0.001561523823 xtb: 6.2.2 (9d81278992624c895f80dd42a50cac0aa55982e2)
C        -0.06892946246924    0.43843527852434    0.00000000000000
N         0.99816241697352   -0.14213936013601    0.00000000000000
H        -0.92923195450428   -0.29629491838833    0.00000000000000
3
 energy: -5.322975957155 gnorm: 0.000295217229 xtb: 6.2.2 (9d81278992624c895f80dd42a50cac0aa55982e2)
C        -0.06859659106934    0.43850452905323    0.00000000000000
N         0.99909612152569   -0.14199678789998    0.00000000000000
H        -0.93049853045635   -0.29650674115325    0.00000000000000
