5
 energy: -10.984180896752 gnorm: 0.235917843302 xtb: 6.2.2 (9d81278992624c895f80dd42a50cac0aa55982e2)
N         0.32244500000000   -1.17979700000000    0.02765600000000
C        -0.58428900000000   -0.17891000000000   -0.58937400000000
C        -0.32656200000000    1.19486000000000   -0.02800000000000
C        -0.20151600000000   -0.04117400000000    0.82368600000000
C         0.78992300000000    0.20502100000000   -0.23396700000000
5
 energy: -11.021524000802 gnorm: 0.150203203691 xtb: 6.2.2 (9d81278992624c895f80dd42a50cac0aa55982e2)
N         0.30442883583806   -1.11387773051228    0.02611286595283
C        -0.61002308318349   -0.19513824373086   -0.61727750558795
C        -0.31506213535870    1.15277290426960   -0.02701099210875
C        -0.20901269762068   -0.05083978338324    0.86311372342650
C         0.82967008032481    0.20708285335678   -0.24493709168263
5
 energy: -11.057473786754 gnorm: 0.070406983743 xtb: 6.2.2 (9d81278992624c895f80dd42a50cac0aa55982e2)
N         0.27010585968703   -0.98829181059715    0.02317293998427
C        -0.65406545971077   -0.21912344610226   -0.66415097787666
C        -0.28902031207910    1.05746463952531   -0.02477188225570
C        -0.22246982392901   -0.06381915191785    0.92916360760450
C         0.89545073603185    0.21376976909196   -0.26341268745640
5
 energy: -11.061389366372 gnorm: 0.050136306561 xtb: 6.2.2 (9d81278992624c895f80dd42a50cac0aa55982e2)
N         0.26152352197583   -0.95688420540696    0.02243564361868
C        -0.67652799039895   -0.22379597669129   -0.68629433306858
C        -0.27892429985332    1.02051998445531   -0.02390639450693
C        -0.23058191684263   -0.06332772946228    0.95999794084859
C         0.92451168511907    0.22348792710522   -0.27223185689175
5
 energy: -11.062543491197 gnorm: 0.016589981120 xtb: 6.2.2 (9d81278992624c895f80dd42a50cac0aa55982e2)
N         0.26420670966467   -0.96669744680984    0.02266328877789
C        -0.68355170836012   -0.22227588993159   -0.69252160959870
C        -0.27887093013265    1.02032937158485   -0.02390445095695
C        -0.23361078341303   -0.06037045854487    0.96851409197665
C         0.93182771224112    0.22901442370144   -0.27475032019889
5
 energy: -11.062692494143 gnorm: 0.001089877085 xtb: 6.2.2 (9d81278992624c895f80dd42a50cac0aa55982e2)
N         0.26561643084256   -0.97185801612881    0.02278540974255
C        -0.68674795764539   -0.22155444289603   -0.69535056378578
C        -0.27901460450936    1.02085461671282   -0.02391624004253
C        -0.23499329939606   -0.05899718474743    0.97237785542366
C         0.93514043070825    0.23155502705945   -0.27589546133789
5
 energy: -11.062693044879 gnorm: 0.000498834013 xtb: 6.2.2 (9d81278992624c895f80dd42a50cac0aa55982e2)
N         0.26573002699172   -0.97227414297518    0.02279479639229
C        -0.68715295269495   -0.22152564898566   -0.69572283122102
C        -0.27901502873167    1.02085717357076   -0.02391703179050
C        -0.23515780103805   -0.05888235490620    0.97289073204968
C         0.93559675547294    0.23182497329629   -0.27604466543045
