5
 energy: -11.006848045455 gnorm: 0.119576893210 xtb: 6.2.2 (9d81278992624c895f80dd42a50cac0aa55982e2)
C         1.41103800000000   -0.03618300000000   -0.00931700000000
N         0.17915600000000    0.76428800000000   -0.03747900000000
C        -0.87190100000000   -0.02708800000000   -0.72627800000000
C        -0.86054100000000    0.04216100000000    0.73913200000000
C         0.14224700000000   -0.74317800000000    0.03394300000000
5
 energy: -11.018116563304 gnorm: 0.069915632714 xtb: 6.2.2 (9d81278992624c895f80dd42a50cac0aa55982e2)
C         1.36245546710954   -0.04163219874645   -0.00867604776840
N         0.17181383979235    0.78905590260157   -0.03857297371118
C        -0.85231861728523   -0.02211366339628   -0.72606466866746
C        -0.84094279807605    0.04710445230889    0.73813172618041
C         0.15899110845939   -0.77241449276774    0.03518296396663
5
 energy: -11.025240465605 gnorm: 0.032995956082 xtb: 6.2.2 (9d81278992624c895f80dd42a50cac0aa55982e2)
C         1.29612304694251   -0.04494913935497   -0.00799739352207
N         0.16075364516497    0.82044518332412   -0.03993608306128
C        -0.82378745135192   -0.01347797662509   -0.72847953588127
C        -0.81234467998823    0.05595142173706    0.73925182697506
C         0.17925443923267   -0.81796948908112    0.03716218548955
5
 energy: -11.026931583494 gnorm: 0.028460451291 xtb: 6.2.2 (9d81278992624c895f80dd42a50cac0aa55982e2)
C         1.27042615635892   -0.03889635763109   -0.00806871339585
N         0.15567614355841    0.83160022852503   -0.04042131300015
C        -0.80823126714884   -0.00871575392138   -0.73743037820170
C        -0.79662418284369    0.06153388248751    0.74746393453477
C         0.17875215007521   -0.84552199946007    0.03845747006294
5
 energy: -11.028553570547 gnorm: 0.026556830993 xtb: 6.2.2 (9d81278992624c895f80dd42a50cac0aa55982e2)
C         1.23129013215468   -0.02442649335176   -0.00840546318351
N         0.14778102741241    0.84576099749061   -0.04105680574230
C        -0.77917662039032   -0.00261502169467   -0.76131332764221
C        -0.76714568641242    0.06981986684971    0.77021376471704
C         0.16725014723565   -0.88853934929389    0.04056283185098
5
 energy: -11.029129544223 gnorm: 0.021798971653 xtb: 6.2.2 (9d81278992624c895f80dd42a50cac0aa55982e2)
C         1.23239449578486   -0.02239398977383   -0.00848811456251
N         0.14686332792191    0.84458266613547   -0.04102563628663
C        -0.77529202862042   -0.00432836257693   -0.76854337506081
C        -0.76313057558119    0.06876340547806    0.77752596662082
C         0.15916378049484   -0.88662371926276    0.04053215928913
5
 energy: -11.030221636270 gnorm: 0.007867846928 xtb: 6.2.2 (9d81278992624c895f80dd42a50cac0aa55982e2)
C         1.23624812346526   -0.01975136080196   -0.00855019503830
N         0.14298249538954    0.83832545544984   -0.04081773819478
C        -0.76209227067751   -0.01230087323857   -0.79208539323572
C        -0.74947468078920    0.06293596077000    0.80155724173853
C         0.13233533261191   -0.86920918217932    0.03989708473027
5
 energy: -11.030273023806 gnorm: 0.004613763799 xtb: 6.2.2 (9d81278992624c895f80dd42a50cac0aa55982e2)
C         1.23158438865605   -0.01945438101971   -0.00848075472509
N         0.14040097750388    0.83792808569638   -0.04080957646262
C        -0.75680222518094   -0.01282632940367   -0.79794697975408
C        -0.74403403767292    0.06295881585216    0.80737274251325
C         0.12884989669393   -0.86860619112516    0.03986556842853
5
 energy: -11.030292237473 gnorm: 0.002771417532 xtb: 6.2.2 (9d81278992624c895f80dd42a50cac0aa55982e2)
C         1.23326405996957   -0.02078467933351   -0.00836551096174
N         0.13911252528691    0.83583920397852   -0.04073454364796
C        -0.75725239605564   -0.01306220628149   -0.79849077337719
C        -0.74439174001546    0.06279158624007    0.80796223301640
C         0.12926655081462   -0.86478390460359    0.03962959497049
5
 energy: -11.030299629281 gnorm: 0.001491294657 xtb: 6.2.2 (9d81278992624c895f80dd42a50cac0aa55982e2)
C         1.23322136799748   -0.02131075935046   -0.00824628288522
N         0.13789234348626    0.83519869271199   -0.04074429542427
C        -0.75737092224710   -0.01244901755873   -0.79856643227096
C        -0.74439100556403    0.06343067832957    0.80801012568342
C         0.13064721632738   -0.86486959413236    0.03954788489704
5
 energy: -11.030301649636 gnorm: 0.000559119539 xtb: 6.2.2 (9d81278992624c895f80dd42a50cac0aa55982e2)
C         1.23373441380010   -0.02160536446566   -0.00799523007107
N         0.13654398568473    0.83466891646915   -0.04084967832259
C        -0.75758544063411   -0.01179993332766   -0.79883074133659
C        -0.74430683612925    0.06413449843074    0.80829547781397
C         0.13161287727852   -0.86539811710657    0.03938117191628
