5
 energy: -8.729822406206 gnorm: 0.225451742331 xtb: 6.2.2 (9d81278992624c895f80dd42a50cac0aa55982e2)
C         0.70432700000000   -0.34741200000000    0.47708000000000
N        -0.50537900000000   -0.11418300000000   -0.29211500000000
N         1.83471500000000    0.27549800000000   -0.18841000000000
H        -0.77937900000000    0.88300900000000   -0.14076100000000
H        -1.25428400000000   -0.69691300000000    0.14420600000000
5
 energy: -8.771262198239 gnorm: 0.101223295334 xtb: 6.2.2 (9d81278992624c895f80dd42a50cac0aa55982e2)
C         0.73275524878496   -0.31114607619200    0.41395352866772
N        -0.49518574705255   -0.09765613347033   -0.23702226076678
N         1.77353646947158    0.23419720711465   -0.15076802327273
H        -0.77875008603683    0.88627026756648   -0.15910113592146
H        -1.23235588516716   -0.71166626501879    0.13293789129324
5
 energy: -8.772239784760 gnorm: 0.164055942509 xtb: 6.2.2 (9d81278992624c895f80dd42a50cac0aa55982e2)
C         0.76701924299364   -0.28319444715239    0.40509998049179
N        -0.47113604933874   -0.06839079517412   -0.16585656069545
N         1.69590860708201    0.18650130200512   -0.14990849161048
H        -0.78793013400483    0.90031330871090   -0.17860461504413
H        -1.20386166673208   -0.73523036838951    0.08926968685827
5
 energy: -8.779338478021 gnorm: 0.027611466342 xtb: 6.2.2 (9d81278992624c895f80dd42a50cac0aa55982e2)
C         0.75489677602461   -0.27810877277327    0.43240796114944
N        -0.48188485069608   -0.06063920734002   -0.15519930466661
N         1.74836090363502    0.18178476064788   -0.17364967121123
H        -0.81134751362039    0.90517833314955   -0.17491781989727
H        -1.21002531534315   -0.74821611368414    0.07135883462568
5
 energy: -8.780560390871 gnorm: 0.020660661579 xtb: 6.2.2 (9d81278992624c895f80dd42a50cac0aa55982e2)
C         0.76257468395358   -0.30861963422024    0.41548013401319
N        -0.48880012742085   -0.06099330702503   -0.12870704012786
N         1.74048343933774    0.20311174443606   -0.16405684499116
H        -0.80134103841583    0.90717468811744   -0.19802913629812
H        -1.21291695745464   -0.74067449130823    0.07531288740396
5
 energy: -8.783633283826 gnorm: 0.026557527264 xtb: 6.2.2 (9d81278992624c895f80dd42a50cac0aa55982e2)
C         0.78202182305991   -0.34166129873828    0.39812408320975
N        -0.49871938549879   -0.03004161136398   -0.00147430006646
N         1.73483263712289    0.20815398416781   -0.16992207790672
H        -0.80990058102846    0.92393308789007   -0.25710120875195
H        -1.20823449365555   -0.76038516195563    0.03037350351538
5
 energy: -8.785240801878 gnorm: 0.023100871918 xtb: 6.2.2 (9d81278992624c895f80dd42a50cac0aa55982e2)
C         0.77699154231378   -0.35562614100047    0.38466718686673
N        -0.50814414023585   -0.01074643005363    0.09397918228823
N         1.72248313524505    0.21512213491071   -0.17838981807723
H        -0.79519427468368    0.91414728907861   -0.29209204992140
H        -1.19613626263930   -0.76289785293523   -0.00816450115633
5
 energy: -8.785672223490 gnorm: 0.017386586804 xtb: 6.2.2 (9d81278992624c895f80dd42a50cac0aa55982e2)
C         0.75774668747102   -0.33856553943065    0.38369660721062
N        -0.51486394211683   -0.00818400205087    0.10313692893462
N         1.71751327340436    0.20974318402001   -0.18316413666919
H        -0.78070485591067    0.89035085374856   -0.28400517080459
H        -1.17969116284788   -0.75334549628705   -0.01966422867145
5
 energy: -8.785995694612 gnorm: 0.011836827175 xtb: 6.2.2 (9d81278992624c895f80dd42a50cac0aa55982e2)
C         0.76388513273367   -0.34843431335128    0.38678598085804
N        -0.51944736969934   -0.00495825082702    0.12820170979628
N         1.71184578636462    0.21709028406746   -0.18822917352400
H        -0.77248751744812    0.89280238051480   -0.29577494797385
H        -1.18379603195084   -0.75650110040395   -0.03098356915647
5
 energy: -8.786121948057 gnorm: 0.011399066714 xtb: 6.2.2 (9d81278992624c895f80dd42a50cac0aa55982e2)
C         0.76618418257316   -0.34323071562752    0.39839793714381
N        -0.52062381366294   -0.00306938529488    0.12948159115447
N         1.70728262091138    0.21231952460856   -0.19553265719358
H        -0.77146036482948    0.89371621881956   -0.29290633792870
H        -1.18138262499212   -0.75973664250572   -0.03944053317601
5
 energy: -8.786287610347 gnorm: 0.010754213920 xtb: 6.2.2 (9d81278992624c895f80dd42a50cac0aa55982e2)
C         0.76969370764822   -0.34020729735184    0.42150687582141
N        -0.52995609130314   -0.00242055812636    0.13721895905060
N         1.68998311752073    0.21043539871380   -0.21004415560872
H        -0.75781562031842    0.89358196422456   -0.29106193290213
H        -1.17190511354738   -0.76139050746016   -0.05761974636116
5
 energy: -8.786375811583 gnorm: 0.011884137617 xtb: 6.2.2 (9d81278992624c895f80dd42a50cac0aa55982e2)
C         0.76866637832825   -0.32200245945702    0.43714623956772
N        -0.53602402504274    0.00615355332209    0.15800938176328
N         1.68480434776661    0.19226800369204   -0.22380329435809
H        -0.76134278114732    0.89260939717914   -0.28825348433426
H        -1.15610391990480   -0.76902949473626   -0.08309884263865
5
 energy: -8.786445135570 gnorm: 0.004360695684 xtb: 6.2.2 (9d81278992624c895f80dd42a50cac0aa55982e2)
C         0.76721095383189   -0.32206316931056    0.43406848238240
N        -0.53519461201283    0.00387476324801    0.15285680094358
N         1.68478861037585    0.19135818967014   -0.22084802866239
H        -0.76393556580774    0.89365985921071   -0.28687249420706
H        -1.15286938638716   -0.76683064281830   -0.07920476045654
5
 energy: -8.786466122593 gnorm: 0.001088106357 xtb: 6.2.2 (9d81278992624c895f80dd42a50cac0aa55982e2)
C         0.76650380311413   -0.32072644043198    0.43958138714349
N        -0.53647612861378    0.00399225956748    0.15861888222716
N         1.67901156475989    0.18892045193831   -0.22512578318589
H        -0.76275124194535    0.89383587866326   -0.28685375960126
H        -1.14628799731489   -0.76602314973707   -0.08622072658350
5
 energy: -8.786470428787 gnorm: 0.000772213056 xtb: 6.2.2 (9d81278992624c895f80dd42a50cac0aa55982e2)
C         0.76688036671163   -0.31543441151058    0.44486978446410
N        -0.53925573219069    0.00519841120936    0.16322828421522
N         1.67839989802049    0.18305959611420   -0.22906090404086
H        -0.76567944241603    0.89410243698220   -0.28533407605092
H        -1.14034509012541   -0.76692703279518   -0.09370308858753
