5
 energy: -10.904376965186 gnorm: 0.070285386134 xtb: 6.2.2 (9d81278992624c895f80dd42a50cac0aa55982e2)
C         0.96238600000000   -0.17054400000000   -0.56885500000000
N         0.30723200000000   -0.57582000000000    0.66770500000000
C        -0.88320300000000   -0.68676900000000   -0.16482700000000
C        -0.06432700000000    0.82947100000000    0.76596700000000
C        -0.32208700000000    0.60366100000000   -0.69999000000000
5
 energy: -10.911547853941 gnorm: 0.034579131051 xtb: 6.2.2 (9d81278992624c895f80dd42a50cac0aa55982e2)
C         0.93418898454487   -0.16607254321143   -0.55131085866685
N         0.31769820486149   -0.59544012451285    0.69044721391005
C        -0.85672390300525   -0.66700465634321   -0.15925285244243
C        -0.06210524538820    0.80429950297252    0.74395136670318
C        -0.33305704101291    0.62421682109497   -0.72383486950395
5
 energy: -10.913719771933 gnorm: 0.005557715534 xtb: 6.2.2 (9d81278992624c895f80dd42a50cac0aa55982e2)
C         0.90814841377956   -0.16166849979080   -0.53492883771846
N         0.32571039015855   -0.61057897410749    0.70774787865886
C        -0.83233554277104   -0.64851077986307   -0.15392549060583
C        -0.06002701129701    0.78085069371023    0.72339392061302
C        -0.34149524987006    0.63990656005112   -0.74228747094759
5
 energy: -10.914432673446 gnorm: 0.066728186716 xtb: 6.2.2 (9d81278992624c895f80dd42a50cac0aa55982e2)
C         0.90813345251257   -0.15652793999421   -0.53053135134666
N         0.32654613431582   -0.61452809342040    0.70734775793515
C        -0.83315768696191   -0.64389993231940   -0.14963942242568
C        -0.05920670731381    0.77596846600846    0.71917279580070
C        -0.34231419255268    0.63898649972555   -0.74634977996351
5
 energy: -10.944018289072 gnorm: 0.094717571236 xtb: 6.2.2 (9d81278992624c895f80dd42a50cac0aa55982e2)
C         0.95445995832521   -0.08370562418235   -0.49098113051820
N         0.32968372337030   -0.65685048591018    0.67827675494901
C        -0.88974774736950   -0.60374630070897   -0.09122862188112
C        -0.05097198710050    0.74083845022283    0.68977377706945
C        -0.34342294722551    0.60346296057866   -0.78584077961915
5
 energy: -10.969692457464 gnorm: 0.062419953394 xtb: 6.2.2 (9d81278992624c895f80dd42a50cac0aa55982e2)
C         1.00693264423673    0.00846810952760   -0.43597766649715
N         0.33489672087632   -0.70881939762039    0.64345933780614
C        -0.95460526204170   -0.54696677418649   -0.01309053537540
C        -0.04246562457386    0.68269098423187    0.63886108348676
C        -0.34475747849750    0.56462607804740   -0.83325221942034
5
 energy: -10.975907578330 gnorm: 0.065277716730 xtb: 6.2.2 (9d81278992624c895f80dd42a50cac0aa55982e2)
C         1.01609594977609    0.07804530733263   -0.37912381137633
N         0.33996059822079   -0.75419955030781    0.61658480853910
C        -0.97255609762614   -0.48535234637893    0.04824081562211
C        -0.03512768913495    0.62649783351807    0.59066647212890
C        -0.34837176123579    0.53500775583604   -0.87636828491378
5
 energy: -10.979029686168 gnorm: 0.042956463921 xtb: 6.2.2 (9d81278992624c895f80dd42a50cac0aa55982e2)
C         1.01871805882860    0.07944058370064   -0.38029861034796
N         0.33493738782861   -0.75237381646069    0.59675163359298
C        -0.97454053995810   -0.48360352652826    0.04915073395804
C        -0.03658229901131    0.64266472022656    0.60921161494182
C        -0.34253160768780    0.51387103906176   -0.87481537214487
5
 energy: -10.982126420227 gnorm: 0.014968726005 xtb: 6.2.2 (9d81278992624c895f80dd42a50cac0aa55982e2)
C         1.00071244584604    0.09343325387538   -0.36257119984454
N         0.33084524282172   -0.76681589841645    0.56601248300057
C        -0.95893032858846   -0.45991920406665    0.05903916344823
C        -0.03489737306894    0.65588769032541    0.62856671877934
C        -0.33772898701036    0.47741315828231   -0.89104716538360
5
 energy: -10.982618634783 gnorm: 0.008551601144 xtb: 6.2.2 (9d81278992624c895f80dd42a50cac0aa55982e2)
C         0.99485106268456    0.10754035931978   -0.34900416841053
N         0.33248301982980   -0.78156010083238    0.55575924701156
C        -0.95633746675296   -0.44418201970008    0.06985950178255
C        -0.03308450201605    0.65456335611166    0.63094907946282
C        -0.33791111374536    0.46363740510101   -0.90756365984640
5
 energy: -10.982685839959 gnorm: 0.003655478711 xtb: 6.2.2 (9d81278992624c895f80dd42a50cac0aa55982e2)
C         0.99237782831980    0.10962400863278   -0.34701945734560
N         0.33462848554166   -0.78559396575825    0.55642435350001
C        -0.95542299648802   -0.44078710680488    0.07159227229125
C        -0.03348344614057    0.65410263851666    0.63296251904865
C        -0.33809887123287    0.46265342541368   -0.91395968749431
5
 energy: -10.982701234817 gnorm: 0.002271764831 xtb: 6.2.2 (9d81278992624c895f80dd42a50cac0aa55982e2)
C         0.99185478817854    0.10973419622278   -0.34772465375201
N         0.33605145683522   -0.78594344818184    0.55748193113827
C        -0.95598582494759   -0.43980210370762    0.07202901174413
C        -0.03458424788648    0.65346404183012    0.63470050166555
C        -0.33733517217969    0.46254631383656   -0.91648679079594
5
 energy: -10.982712204784 gnorm: 0.002538119028 xtb: 6.2.2 (9d81278992624c895f80dd42a50cac0aa55982e2)
C         0.99114897992215    0.10967274733566   -0.34904762498591
N         0.33756305298383   -0.78521226099162    0.55851839191359
C        -0.95673960763821   -0.43861079253889    0.07244533587013
C        -0.03620180649757    0.65213810853727    0.63656596121398
C        -0.33576961877019    0.46201119765758   -0.91848206401180
5
 energy: -10.982724853176 gnorm: 0.002370097258 xtb: 6.2.2 (9d81278992624c895f80dd42a50cac0aa55982e2)
C         0.98991678537230    0.10983679401435   -0.35132993575633
N         0.33994731173742   -0.78338713063339    0.55984342407531
C        -0.95819382444135   -0.43633193910080    0.07331153293787
C        -0.03907829581928    0.64937665060121    0.63923525800632
C        -0.33259097684909    0.46050462511862   -0.92106027926317
5
 energy: -10.982729398312 gnorm: 0.001139307563 xtb: 6.2.2 (9d81278992624c895f80dd42a50cac0aa55982e2)
C         0.98918647967172    0.11001772293449   -0.35252621243362
N         0.34107874626974   -0.78211568167059    0.56031452048245
C        -0.95899764414758   -0.43509351686339    0.07371395783832
C        -0.04060298060877    0.64777142873594    0.64021412995061
C        -0.33066360118511    0.45941904686355   -0.92171639583777
5
 energy: -10.982730234814 gnorm: 0.000323973649 xtb: 6.2.2 (9d81278992624c895f80dd42a50cac0aa55982e2)
C         0.98900530952932    0.11016818940062   -0.35272025972663
N         0.34123257502060   -0.78168387196063    0.56019468498185
C        -0.95924752208497   -0.43481627893762    0.07374390579514
C        -0.04092124770339    0.64738328978209    0.63993406053981
C        -0.33006811476155    0.45894767171553   -0.92115239159017
