5
 energy: -10.910440022011 gnorm: 0.328697086970 xtb: 6.2.2 (9d81278992624c895f80dd42a50cac0aa55982e2)
N        -1.00513600000000   -0.88664100000000    0.00589900000000
C        -0.01182500000000   -0.01631600000000    0.67348200000000
C        -0.02211700000000   -0.01362000000000   -0.67328500000000
C        -0.25612500000000    1.33766800000000    0.00463700000000
C         1.29520200000000   -0.42109100000000   -0.01073200000000
5
 energy: -10.982729440778 gnorm: 0.158051374530 xtb: 6.2.2 (9d81278992624c895f80dd42a50cac0aa55982e2)
N        -0.93801771477135   -0.82743895737572    0.00550533030952
C        -0.00924085470535   -0.01468448471481    0.74778068971212
C        -0.02066716720815   -0.01169109156755   -0.74760689078028
C        -0.25558304139076    1.26534208179911    0.00448791975095
C         1.22350777807561   -0.41152754814103   -0.01016604899231
5
 energy: -11.014840214595 gnorm: 0.063227773128 xtb: 6.2.2 (9d81278992624c895f80dd42a50cac0aa55982e2)
N        -0.86169010803913   -0.76015128123468    0.00505785435522
C        -0.00519198952212   -0.01166395973314    0.81290644530639
C        -0.01761076108984   -0.00840908312035   -0.81277292100073
C        -0.25126506396068    1.17638598243094    0.00427626103964
C         1.13575692261178   -0.39616165834276   -0.00946663970053
5
 energy: -11.018587853556 gnorm: 0.043685571500 xtb: 6.2.2 (9d81278992624c895f80dd42a50cac0aa55982e2)
N        -0.84332005562049   -0.74468555518348    0.00494897014496
C         0.00150269108477   -0.00568886768046    0.84120808217822
C        -0.01134723197519   -0.00231978633531   -0.84114851357392
C        -0.25882283055822    1.15393737668063    0.00428860077556
C         1.11198642706912   -0.40124316748138   -0.00929613952483
5
 energy: -11.034103074478 gnorm: 0.073192045224 xtb: 6.2.2 (9d81278992624c895f80dd42a50cac0aa55982e2)
N        -0.77757596100878   -0.70537574354112    0.00452946955397
C         0.04117391839811    0.03674985717770    0.90631079811978
C         0.02732935720972    0.04038168041682   -0.90668565994084
C        -0.34582935356174    1.12149243948861    0.00488989762674
C         1.05490103896270   -0.49324823354201   -0.00904350535966
5
 energy: -11.046024212581 gnorm: 0.111489054531 xtb: 6.2.2 (9d81278992624c895f80dd42a50cac0aa55982e2)
N        -0.68846582534815   -0.64194045050161    0.00397209164904
C         0.09488867116873    0.09013669779482    0.95947028718117
C         0.08023106238591    0.09398426091845   -0.96042887866206
C        -0.47658746449960    1.08400619276833    0.00580760328550
C         0.98993255629310   -0.62618670097999   -0.00882010345366
5
 energy: -11.053366343766 gnorm: 0.075563577850 xtb: 6.2.2 (9d81278992624c895f80dd42a50cac0aa55982e2)
N        -0.69311166034873   -0.64206017995779    0.00400531541062
C         0.10351444171218    0.09634768386760    0.93137909969970
C         0.08928431708514    0.10008321853525   -0.93244284218807
C        -0.48197082512057    1.07385227255408    0.00582653345472
C         0.98228272667198   -0.62822299499915   -0.00876710637697
5
 energy: -11.062571963493 gnorm: 0.041894428079 xtb: 6.2.2 (9d81278992624c895f80dd42a50cac0aa55982e2)
N        -0.68511804977457   -0.62529276430346    0.00398684592362
C         0.15035867906683    0.13327939870350    0.88839200766774
C         0.13677896128067    0.13684473961910   -0.89005451120172
C        -0.53625992590737    1.02590666317730    0.00615301887286
C         0.93423933533444   -0.67073803719644   -0.00847636126250
5
 energy: -11.065847607701 gnorm: 0.039672579910 xtb: 6.2.2 (9d81278992624c895f80dd42a50cac0aa55982e2)
N        -0.67630217314930   -0.60928967267178    0.00394756032367
C         0.18747752295161    0.16212653277954    0.89069476970433
C         0.17385655631777    0.16569988528994   -0.89279959667646
C        -0.58034875463205    0.98657588144867    0.00640852579942
C         0.89531584851197   -0.70511262684637   -0.00825025915097
5
 energy: -11.070043273106 gnorm: 0.019145113238 xtb: 6.2.2 (9d81278992624c895f80dd42a50cac0aa55982e2)
N        -0.68452843197780   -0.59576343198826    0.00403390888450
C         0.25348091514699    0.21143191850606    0.89560428802191
C         0.23977473245502    0.21502293523921   -0.89851322157185
C        -0.63561579985449    0.90874755995262    0.00667359773789
C         0.82688758423027   -0.73943898170963   -0.00779757307244
5
 energy: -11.070826156978 gnorm: 0.007067959991 xtb: 6.2.2 (9d81278992624c895f80dd42a50cac0aa55982e2)
N        -0.68419346720364   -0.60591348115908    0.00401179149265
C         0.27834888549582    0.23852026445324    0.89925096928038
C         0.26458416240525    0.24212569248764   -0.90243357597625
C        -0.64749348347271    0.87852262161245    0.00670482909871
C         0.78875290277529   -0.75325509739426   -0.00753301389549
5
 energy: -11.070865139780 gnorm: 0.003623992664 xtb: 6.2.2 (9d81278992624c895f80dd42a50cac0aa55982e2)
N        -0.69199765391978   -0.60842538477476    0.00406526345093
C         0.28314882314081    0.24103305777713    0.89729252326948
C         0.26941688635201    0.24463351479264   -0.90053147594586
C        -0.64863298736796    0.87442878493895    0.00670232891963
C         0.78806393179492   -0.75166997273395   -0.00752763969419
5
 energy: -11.070876356371 gnorm: 0.001171492354 xtb: 6.2.2 (9d81278992624c895f80dd42a50cac0aa55982e2)
N        -0.68997504000999   -0.60781255263929    0.00405232480859
C         0.28571576960259    0.24385333017295    0.89831034241420
C         0.27197021183666    0.24745971429152   -0.90157804284562
C        -0.65203934989408    0.87187242983003    0.00672308254307
C         0.78432740846482   -0.75537292165521   -0.00750670692023
5
 energy: -11.070876360569 gnorm: 0.000992731641 xtb: 6.2.2 (9d81278992624c895f80dd42a50cac0aa55982e2)
N        -0.68892384983456   -0.60926215239971    0.00404378390006
C         0.28286660124232    0.24230504514677    0.89802019751208
C         0.26912615624544    0.24591059684750   -0.90125689025024
C        -0.64910685543820    0.87512311421644    0.00670913657736
C         0.78603694778500   -0.75407660381101   -0.00751522773926
