5
 energy: -9.267488996198 gnorm: 0.111374054273 xtb: 6.2.2 (9d81278992624c895f80dd42a50cac0aa55982e2)
C        -1.18493500000000   -0.81954000000000   -0.35794800000000
C        -0.00046700000000    0.01790500000000    0.07554800000000
C         1.28105400000000   -0.64428100000000   -0.38424500000000
N        -0.10070100000000    1.33967900000000   -0.51476800000000
H         0.00504800000000    0.10623700000000    1.18141300000000
5
 energy: -9.292752748030 gnorm: 0.091128310362 xtb: 6.2.2 (9d81278992624c895f80dd42a50cac0aa55982e2)
C        -1.08199403695195   -0.80516586324441   -0.38078360220593
C        -0.00237102237850    0.04841789597173    0.10064609790123
C         1.17664915083665   -0.64463317114501   -0.40487147657655
N        -0.09698533214720    1.28737383377394   -0.51558196010176
H         0.00470024064100    0.11400730464375    1.20059094098302
5
 energy: -9.333568824578 gnorm: 0.339214116744 xtb: 6.2.2 (9d81278992624c895f80dd42a50cac0aa55982e2)
C        -0.78297216929827   -0.73432805622519   -0.46306133515110
C        -0.00767638090389    0.13762187608580    0.19852565558036
C         0.86892751907775   -0.61689046789646   -0.48068906554582
N        -0.08214801310070    1.07668104498785   -0.53032314610677
H         0.00386804422511    0.13691560304801    1.27554789122333
5
 energy: -9.382757308849 gnorm: 0.388359879650 xtb: 6.2.2 (9d81278992624c895f80dd42a50cac0aa55982e2)
C        -0.58463155042920   -0.81226829802699   -0.46462316900296
C        -0.01225375335334    0.20415073304688    0.21322498117067
C         0.68359179754132   -0.72206815580986   -0.47815242315578
N        -0.09318219586158    1.22704066369516   -0.56453821176451
H         0.00647470210279    0.10314505709481    1.29408882275259
5
 energy: -9.306924918925 gnorm: 0.963094548435 xtb: 6.2.2 (9d81278992624c895f80dd42a50cac0aa55982e2)
C        -0.46109059609016   -0.96468141880713   -0.44109674659227
C        -0.01836078109636    0.28990766202002    0.21202399432578
C         0.58336563365578   -0.89036793501191   -0.45225110913812
N        -0.11309411094478    1.50425487460085   -0.58546243553826
H         0.00917885447551    0.06088681719816    1.26678629694286
5
 energy: -9.377083251023 gnorm: 0.311638998670 xtb: 6.2.2 (9d81278992624c895f80dd42a50cac0aa55982e2)
C        -0.62177550663035   -1.03233446635439   -0.42646148498424
C        -0.02055584218231    0.32530361239831    0.24228129231640
C         0.75227613324651   -0.93458975052824   -0.44113779445123
N        -0.12016803174642    1.60285456514740   -0.59230908359220
H         0.01022224731255    0.03876603933692    1.21762707071127
5
 energy: -9.433771500828 gnorm: 0.171763266326 xtb: 6.2.2 (9d81278992624c895f80dd42a50cac0aa55982e2)
C        -0.62463004316444   -0.86714945230208   -0.49407249807617
C        -0.01668619417415    0.27170942590568    0.24779152445548
C         0.73026849151865   -0.77073619187993   -0.50850447031096
N        -0.09454381492081    1.24712893457804   -0.56056126438961
H         0.00559056074074    0.11904728369830    1.31534670832127
5
 energy: -9.396706794452 gnorm: 0.600832863567 xtb: 6.2.2 (9d81278992624c895f80dd42a50cac0aa55982e2)
C        -0.48800878450743   -0.98466879207537   -0.49261394412181
C        -0.02190274980230    0.32884474964787    0.13329572012732
C         0.61164133327920   -0.90635109034385   -0.50432716408112
N        -0.10749625736878    1.43105303992148   -0.55046714791754
H         0.00576545839931    0.13112209284986    1.41411253599314
5
 energy: -9.455667791519 gnorm: 0.144713275188 xtb: 6.2.2 (9d81278992624c895f80dd42a50cac0aa55982e2)
C        -0.57828487549862   -0.96397153024880   -0.49710551524661
C        -0.01947271626012    0.30468250581493    0.20349471871769
C         0.69797130594113   -0.87308697500996   -0.51069807025198
N        -0.10436933616208    1.38872185299636   -0.54086645834896
H         0.00415462197969    0.14365414644746    1.34517532512987
5
 energy: -9.466190836892 gnorm: 0.076422145236 xtb: 6.2.2 (9d81278992624c895f80dd42a50cac0aa55982e2)
C        -0.57564675340432   -0.94610073510250   -0.52878271346526
C        -0.01812123860512    0.29174174413519    0.24138909903251
C         0.69216511218330   -0.85585381562174   -0.54226392181489
N        -0.09769264420021    1.30138076161162   -0.49360301079667
H        -0.00070547597364    0.20883204497742    1.32326054704432
5
 energy: -9.471446285885 gnorm: 0.062058653221 xtb: 6.2.2 (9d81278992624c895f80dd42a50cac0aa55982e2)
C        -0.56663885602897   -0.97550534052253   -0.54064371003958
C        -0.01884333707942    0.30359606740512    0.25040026242218
C         0.68714470418012   -0.88629012183665   -0.55391998493240
N        -0.09881729027712    1.32013737935109   -0.47004251880509
H        -0.00284622079461    0.23806201560296    1.31420595135489
5
 energy: -9.476170782501 gnorm: 0.056608330142 xtb: 6.2.2 (9d81278992624c895f80dd42a50cac0aa55982e2)
C        -0.55205948765697   -1.02272547736888   -0.55915669450519
C        -0.02114244024405    0.33528686470574    0.24340469057633
C         0.67892745722182   -0.93514836558719   -0.57202779576409
N        -0.10086272113392    1.35155953265165   -0.44613084053901
H        -0.00486380818689    0.27102744559867    1.33391064023197
5
 energy: -9.477405323400 gnorm: 0.039436965383 xtb: 6.2.2 (9d81278992624c895f80dd42a50cac0aa55982e2)
C        -0.55373207412243   -1.04459960873726   -0.56475407220734
C        -0.02215782929704    0.34969241144765    0.24440282737050
C         0.68347039949208   -0.95656875850652   -0.57751286270984
N        -0.10206007569863    1.36920643163094   -0.43629181123912
H        -0.00552142037398    0.28226952416520    1.33415591878580
5
 energy: -9.477939028594 gnorm: 0.016895035879 xtb: 6.2.2 (9d81278992624c895f80dd42a50cac0aa55982e2)
C        -0.55694817343061   -1.05930862709220   -0.56855200287929
C        -0.02325945714750    0.36507783545028    0.24418101803949
C         0.68848917965473   -0.97061684610443   -0.58114336168040
N        -0.10261075292375    1.37738051005950   -0.43021314118684
H        -0.00567179615287    0.28746712768686    1.33572748770705
5
 energy: -9.478057023211 gnorm: 0.016878881760 xtb: 6.2.2 (9d81278992624c895f80dd42a50cac0aa55982e2)
C        -0.55816340160245   -1.06458795975363   -0.56681804144033
C        -0.02361804643880    0.36997439622175    0.24140533511428
C         0.69033554270715   -0.97559131737791   -0.57928381731755
N        -0.10312166001352    1.38463404589890   -0.42944085014274
H        -0.00543343465238    0.28557083501089    1.33413737378635
5
 energy: -9.478272364128 gnorm: 0.018376867770 xtb: 6.2.2 (9d81278992624c895f80dd42a50cac0aa55982e2)
C        -0.55944029820269   -1.07210453497371   -0.56223175280130
C        -0.02412795509224    0.37711659503690    0.23476696167354
C         0.69235748668820   -0.98258333576435   -0.57435207619882
N        -0.10383065301395    1.39549177914067   -0.42655161500616
H        -0.00495958037932    0.28207949656050    1.32836848233274
5
 energy: -9.478740549594 gnorm: 0.024562633105 xtb: 6.2.2 (9d81278992624c895f80dd42a50cac0aa55982e2)
C        -0.56075216538917   -1.08623648931590   -0.54909945964533
C        -0.02480797397255    0.38708369703346    0.21652431441926
C         0.69472704302282   -0.99551968932372   -0.56023473826118
N        -0.10530769396853    1.41989510428625   -0.41784845686084
H        -0.00386020969257    0.27477737731991    1.31065834034809
5
 energy: -9.479406467000 gnorm: 0.027108399346 xtb: 6.2.2 (9d81278992624c895f80dd42a50cac0aa55982e2)
C        -0.56113900637735   -1.10450734963908   -0.52603333390310
C        -0.02522849671489    0.39477101595589    0.18379533933079
C         0.69562319290899   -1.01154302984978   -0.53528047896234
N        -0.10710281093288    1.45531117573289   -0.40014919713001
H        -0.00215387888388    0.26596818780008    1.27766767066466
5
 energy: -9.479897629213 gnorm: 0.017778641846 xtb: 6.2.2 (9d81278992624c895f80dd42a50cac0aa55982e2)
C        -0.56042972115762   -1.11007074442478   -0.50800947612339
C        -0.02476460767720    0.39115071039976    0.15817775025977
C         0.69315378226796   -1.01444889432144   -0.51561400023672
N        -0.10706925537769    1.47172079591039   -0.38517742501156
H        -0.00089119805545    0.26164813243607    1.25062315111190
5
 energy: -9.480123778447 gnorm: 0.005496821191 xtb: 6.2.2 (9d81278992624c895f80dd42a50cac0aa55982e2)
C        -0.55952784544372   -1.10248779361408   -0.50493466862460
C        -0.02367414306060    0.37919831590747    0.15285814757271
C         0.68884508102730   -1.00438725059887   -0.51182067483696
N        -0.10506961689701    1.46332464511547   -0.38091553968090
H        -0.00057447562597    0.26435208319002    1.24481273556974
5
 energy: -9.480150978345 gnorm: 0.003493418892 xtb: 6.2.2 (9d81278992624c895f80dd42a50cac0aa55982e2)
C        -0.55959287158871   -1.10330605684544   -0.50684286648623
C        -0.02309535644765    0.37449120803997    0.15235914893638
C         0.68696672201142   -1.00302649601559   -0.51303185083450
N        -0.10396372909013    1.46288156761144   -0.37899697434433
H        -0.00031576488493    0.26895977720961    1.24651254272869
5
 energy: -9.480174661081 gnorm: 0.003536118396 xtb: 6.2.2 (9d81278992624c895f80dd42a50cac0aa55982e2)
C        -0.56045379038391   -1.10422241275648   -0.50621678237278
C        -0.01640441155888    0.37464472829398    0.15296084943947
C         0.68633883152734   -1.00260964895994   -0.51587191078450
N        -0.10543534520071    1.46159165769754   -0.37900940306506
H        -0.00404628438384    0.27059567572490    1.24813724678286
5
 energy: -9.480330032573 gnorm: 0.009701739578 xtb: 6.2.2 (9d81278992624c895f80dd42a50cac0aa55982e2)
C        -0.56473884851771   -1.11334414189053   -0.51453051168049
C        -0.00307881945504    0.37444163482918    0.15562351457182
C         0.68193421876366   -0.99596477875097   -0.51613097822034
N        -0.10773839699156    1.45709231852653   -0.37916146388198
H        -0.00637915379935    0.27777496728579    1.25419943921099
5
 energy: -9.480825737426 gnorm: 0.018181208596 xtb: 6.2.2 (9d81278992624c895f80dd42a50cac0aa55982e2)
C        -0.57088745726370   -1.12775626413232   -0.52687893036588
C         0.01499828518987    0.37477794822777    0.15840841894525
C         0.67431253178393   -0.98477984110672   -0.51200417062170
N        -0.11099442449053    1.45311204974209   -0.37941173227036
H        -0.00742993521957    0.28464610726918    1.25988641431269
5
 energy: -9.482274692144 gnorm: 0.032442936283 xtb: 6.2.2 (9d81278992624c895f80dd42a50cac0aa55982e2)
C        -0.58110637389638   -1.15247455126746   -0.54825780986102
C         0.04580286184609    0.37563221523191    0.16278857597417
C         0.66072965957779   -0.96570042286317   -0.50363516425901
N        -0.11684747616766    1.44688713260019   -0.37958064363493
H        -0.00857967135984    0.29565562629853    1.26868504178079
5
 energy: -9.485404070947 gnorm: 0.051035222096 xtb: 6.2.2 (9d81278992624c895f80dd42a50cac0aa55982e2)
C        -0.59456776623502   -1.18920917661352   -0.58113623755985
C         0.08876191797884    0.37759880012292    0.16884391839872
C         0.63930400524570   -0.93884446547425   -0.48844054757649
N        -0.12567415650471    1.43952330732174   -0.37912567310778
H        -0.00782500048480    0.31093153464311    1.27985853984540
5
 energy: -9.489928103094 gnorm: 0.067022920409 xtb: 6.2.2 (9d81278992624c895f80dd42a50cac0aa55982e2)
C        -0.60550011818393   -1.23271204486011   -0.61974546922702
C         0.13072336465300    0.38210904956941    0.17510677976371
C         0.61209696245824   -0.91164681006354   -0.46729903455768
N        -0.13465294580233    1.43568851473302   -0.37663995709784
H        -0.00266826312499    0.32656129062123    1.28857768111883
5
 energy: -9.494817953059 gnorm: 0.071275663769 xtb: 6.2.2 (9d81278992624c895f80dd42a50cac0aa55982e2)
C        -0.60741721705085   -1.27526056418066   -0.65079807701484
C         0.15626461455725    0.39037213539895    0.18021302921226
C         0.58487865952449   -0.89337751510103   -0.44933626164390
N        -0.13818464526937    1.43987037063669   -0.37135032330838
H         0.00445758823848    0.33839557324606    1.29127163275486
5
 energy: -9.503001300088 gnorm: 0.201868979882 xtb: 6.2.2 (9d81278992624c895f80dd42a50cac0aa55982e2)
C        -0.57676020217335   -1.57193837796321   -0.81471167443291
C         0.25572830430260    0.46570746651186    0.20795019820695
C         0.38614484063730   -0.77971624483925   -0.33115573303734
N        -0.12657821358963    1.50987241112143   -0.33245661567909
H         0.06146427082308    0.37607474516917    1.27037382494239
5
 energy: -9.516816968695 gnorm: 0.091384251668 xtb: 6.2.2 (9d81278992624c895f80dd42a50cac0aa55982e2)
C        -0.52254623760873   -1.49974380582873   -0.75612371669882
C         0.17994740744208    0.47191356300968    0.19870492384357
C         0.39736203168743   -0.84871488190472   -0.34011854146817
N        -0.12265815067122    1.54886404658237   -0.33695852212591
H         0.06789394915045    0.32768107814141    1.23449585644933
5
 energy: -9.524606892292 gnorm: 0.042735700751 xtb: 6.2.2 (9d81278992624c895f80dd42a50cac0aa55982e2)
C        -0.52166476620200   -1.57554069365150   -0.78323974046860
C         0.19288808434224    0.47684588203744    0.21462271978219
C         0.37238476168604   -0.81812560094410   -0.38563484463813
N        -0.09523445301153    1.53568535212894   -0.33837006223513
H         0.05162537318524    0.38113506042922    1.29262192755966
5
 energy: -9.528882526694 gnorm: 0.086080125565 xtb: 6.2.2 (9d81278992624c895f80dd42a50cac0aa55982e2)
C        -0.47545000331689   -1.67899945216073   -0.80721583689018
C         0.14431677076482    0.49995586842848    0.22276089129686
C         0.30555960738188   -0.78669369354345   -0.39044851576378
N        -0.04571027916778    1.56804826107473   -0.33140250663912
H         0.07128290433797    0.39768901620096    1.30630596799622
5
 energy: -9.532486733131 gnorm: 0.056738533666 xtb: 6.2.2 (9d81278992624c895f80dd42a50cac0aa55982e2)
C        -0.43406812557928   -1.73442864752143   -0.80293931661743
C         0.12632404319025    0.50747086215426    0.22754231398845
C         0.26198217156674   -0.77719785426848   -0.42901348980765
N        -0.01323286153578    1.58575969452681   -0.33159022086218
H         0.05899377235807    0.41839594510884    1.33600071329882
5
 energy: -9.535596381874 gnorm: 0.024799052607 xtb: 6.2.2 (9d81278992624c895f80dd42a50cac0aa55982e2)
C        -0.38030269859314   -1.77361590783603   -0.80497435471552
C         0.08182425828741    0.51694728708328    0.21612139723554
C         0.20958570088282   -0.77805071135364   -0.41961721863008
N         0.01140848299295    1.61975620949429   -0.31907340934706
H         0.07748325642995    0.41496312261210    1.32754358545711
5
 energy: -9.537035256770 gnorm: 0.073269751426 xtb: 6.2.2 (9d81278992624c895f80dd42a50cac0aa55982e2)
C        -0.30135615898915   -1.86950677211274   -0.79123544713053
C         0.07624586722788    0.53665310240424    0.20329017812415
C         0.10845283783849   -0.75237541933411   -0.43003517194274
N         0.05018179934689    1.66625270419833   -0.29162746847567
H         0.06647465457590    0.41897638484428    1.30960790942479
5
 energy: -9.539505075777 gnorm: 0.009540776902 xtb: 6.2.2 (9d81278992624c895f80dd42a50cac0aa55982e2)
C        -0.28029721996532   -1.85351633961485   -0.75913848172499
C         0.09423534558155    0.52600679321557    0.19074722067260
C         0.09170003361103   -0.74622102831702   -0.44658939965502
N         0.05232274694086    1.65336086439531   -0.27650825122246
H         0.04203809383188    0.42036971032098    1.29148891192987
5
 energy: -9.540347658703 gnorm: 0.032519967046 xtb: 6.2.2 (9d81278992624c895f80dd42a50cac0aa55982e2)
C        -0.22769979886830   -1.89192249039467   -0.73003677324029
C         0.06704192712096    0.52675159863886    0.17737779741476
C         0.04124110278442   -0.72774123773324   -0.46821557799046
N         0.08859804676785    1.66993636558961   -0.25900038195259
H         0.03081772219506    0.42297576389944    1.27987493576859
5
 energy: -9.540717997431 gnorm: 0.020092143700 xtb: 6.2.2 (9d81278992624c895f80dd42a50cac0aa55982e2)
C        -0.20793946305541   -1.89864206894802   -0.72253704717616
C         0.05534131375483    0.52844381956949    0.17120925522111
C         0.02548653645667   -0.73002954933618   -0.47193807517372
N         0.09669019541934    1.67762656314158   -0.25258138169527
H         0.03042041742456    0.42260123557313    1.27584724882405
5
 energy: -9.541044156033 gnorm: 0.009294291068 xtb: 6.2.2 (9d81278992624c895f80dd42a50cac0aa55982e2)
C        -0.17609658274347   -1.90955257885803   -0.70573493414405
C         0.04983808585406    0.53422825250048    0.16433543418828
C        -0.00367177479566   -0.72806060228593   -0.48259523855543
N         0.10821686726403    1.68486450651567   -0.24605017218413
H         0.02171240442105    0.41852042212781    1.27004491069533
5
 energy: -9.541201079810 gnorm: 0.003682156958 xtb: 6.2.2 (9d81278992624c895f80dd42a50cac0aa55982e2)
C        -0.15507561907576   -1.90963723900363   -0.68952335070676
C         0.04203708065143    0.53828618413403    0.16101424030427
C        -0.02087942375915   -0.72265806070961   -0.48931732668274
N         0.11766982852516    1.68644287266114   -0.24799044390989
H         0.01624713365833    0.40756624291807    1.26581688099512
5
 energy: -9.541125068365 gnorm: 0.018734805617 xtb: 6.2.2 (9d81278992624c895f80dd42a50cac0aa55982e2)
C        -0.12004466681665   -1.92021487390312   -0.66528584528395
C         0.03329050685142    0.54424655807832    0.15546931445941
C        -0.05334223993533   -0.71234580844280   -0.50128148165423
N         0.13431423961136    1.69317643722405   -0.24668242296817
H         0.00578116028920    0.39513768704354    1.25778043544694
5
 energy: -9.541254936942 gnorm: 0.002714363918 xtb: 6.2.2 (9d81278992624c895f80dd42a50cac0aa55982e2)
C        -0.13900092515553   -1.91045820304898   -0.67762033316993
C         0.03936338168524    0.54218951460423    0.16022263437269
C        -0.03569498607917   -0.71733809458630   -0.49352316278847
N         0.12382686228628    1.68809513409444   -0.25118161272189
H         0.01150466726317    0.39751164893660    1.26210247430760
5
 energy: -9.541259635800 gnorm: 0.001273354515 xtb: 6.2.2 (9d81278992624c895f80dd42a50cac0aa55982e2)
C        -0.13609160683037   -1.91087726018579   -0.67676032668368
C         0.03820949580233    0.54240831380981    0.16053725241039
C        -0.03849903906109   -0.71647461434128   -0.49399371449886
N         0.12496080931482    1.68825344066717   -0.25179545891874
H         0.01141934077430    0.39669012005009    1.26201224769089
5
 energy: -9.541194668929 gnorm: 0.004177248574 xtb: 6.2.2 (9d81278992624c895f80dd42a50cac0aa55982e2)
C        -0.12428676220432   -1.91189585906415   -0.67729657703827
C         0.05032226449317    0.54122453399667    0.16160520555321
C        -0.06009018578293   -0.71461436804329   -0.49440922372420
N         0.12605257636028    1.68775569656659   -0.25263936918564
H         0.00800110713381    0.39752999654419    1.26273996439490
5
 energy: -9.541245211934 gnorm: 0.002420099923 xtb: 6.2.2 (9d81278992624c895f80dd42a50cac0aa55982e2)
C        -0.11839400166842   -1.91225447005430   -0.67833716381001
C         0.03579155752887    0.54195812526293    0.16211160135583
C        -0.06460602552117   -0.71430392927952   -0.49390557426863
N         0.13427742545085    1.68667592464279   -0.25336539081346
H         0.01293004420986    0.39792434942809    1.26349652753627
5
 energy: -9.541231198676 gnorm: 0.001939036027 xtb: 6.2.2 (9d81278992624c895f80dd42a50cac0aa55982e2)
C        -0.14781690964320   -1.90888413223544   -0.67911070300558
C         0.03882794843936    0.54174379598516    0.16165624596862
C        -0.02080131844686   -0.71821889335051   -0.49219859656758
N         0.11893159086192    1.68723345534750   -0.25343199775894
H         0.01085768878878    0.39812577425329    1.26308505136349
5
 energy: -9.541259879976 gnorm: 0.000754221986 xtb: 6.2.2 (9d81278992624c895f80dd42a50cac0aa55982e2)
C        -0.12395724098448   -1.91114895413386   -0.67946693562169
C         0.03708399197776    0.54159824095157    0.16258272008148
C        -0.05650205297428   -0.71521542903207   -0.49299790879707
N         0.13102607691868    1.68608335083720   -0.25407351911396
H         0.01234822506232    0.39868279137715    1.26395564345124
5
 energy: -9.541266548714 gnorm: 0.000400543918 xtb: 6.2.2 (9d81278992624c895f80dd42a50cac0aa55982e2)
C        -0.13111996560871   -1.91065187395779   -0.68041679980524
C         0.03751474010079    0.54159593277524    0.16277946256784
C        -0.04578208890100   -0.71629423006147   -0.49219495496618
N         0.12740401213956    1.68607947706034   -0.25437366893433
H         0.01198230226936    0.39927069418368    1.26420596113792
5
 energy: -9.541266899929 gnorm: 0.000363410840 xtb: 6.2.2 (9d81278992624c895f80dd42a50cac0aa55982e2)
C        -0.13132008041807   -1.91082697122061   -0.68123056096945
C         0.03754280479188    0.54158115480997    0.16309365289753
C        -0.04551322148553   -0.71646815693441   -0.49172128644092
N         0.12728346758114    1.68587486706190   -0.25470304706984
H         0.01200602953057    0.39983910628316    1.26456124158269
