5
 energy: -9.423603733438 gnorm: 0.082500151845 xtb: 6.2.2 (9d81278992624c895f80dd42a50cac0aa55982e2)
C         1.21860300000000   -0.32745200000000   -0.26541000000000
C         0.05518700000000   -0.80293000000000    0.46428700000000
C        -1.16236600000000   -0.49108200000000   -0.26537800000000
N        -0.03069800000000    0.44672300000000   -0.34034500000000
H        -0.08072500000000    1.17474100000000    0.40684600000000
5
 energy: -9.439458497674 gnorm: 0.067832574564 xtb: 6.2.2 (9d81278992624c895f80dd42a50cac0aa55982e2)
C         1.22125495929083   -0.31119705717286   -0.21439005754328
C         0.06242438802718   -0.90826507823620    0.38607800951948
C        -1.16721247816438   -0.47533993773955   -0.21435718682733
N        -0.03099295388431    0.45100545141819   -0.30765591233358
H        -0.08547291526931    1.24379662173041    0.35032514718471
5
 energy: -9.453219821742 gnorm: 0.056977592916 xtb: 6.2.2 (9d81278992624c895f80dd42a50cac0aa55982e2)
C         1.17544452440533   -0.33310999862775   -0.18278699871053
C         0.06896862833299   -1.00353572707433    0.31932044134930
C        -1.11883010829256   -0.49077920187313   -0.18275494683266
N        -0.03334923540989    0.48525681371637   -0.25564912770447
H        -0.09223280903587    1.34216811385884    0.30187063189836
5
 energy: -9.457477059654 gnorm: 0.078762098732 xtb: 6.2.2 (9d81278992624c895f80dd42a50cac0aa55982e2)
C         1.09833882972853   -0.36109446483906   -0.14873482191523
C         0.07559728302728   -1.10004167933486    0.26488752542977
C        -1.03861623691692   -0.50795297749634   -0.14870472961287
N        -0.03738242451446    0.54390347877431   -0.22985013386596
H        -0.09793645132442    1.42518564289596    0.26240215996429
5
 energy: -9.461155991826 gnorm: 0.029897240140 xtb: 6.2.2 (9d81278992624c895f80dd42a50cac0aa55982e2)
C         1.12316496200471   -0.33316578018462   -0.13521812609969
C         0.07614381061547   -1.10796306476208    0.26411525030885
C        -1.06703070773972   -0.48368087666547   -0.13518758066011
N        -0.03625983167826    0.52758241475106   -0.25449647867445
H        -0.09601723320220    1.39722730686111    0.26078693512540
5
 energy: -9.462169832215 gnorm: 0.023551854841 xtb: 6.2.2 (9d81278992624c895f80dd42a50cac0aa55982e2)
C         1.11847475806568   -0.32948476408423   -0.13318055413447
C         0.07628149136220   -1.10994675766281    0.27118311313599
C        -1.06288884460777   -0.47939140569352   -0.13315038394264
N        -0.03648927323266    0.53092379186017   -0.27161649512206
H        -0.09537713158744    1.38789913558038    0.26676432006319
5
 energy: -9.463832048442 gnorm: 0.010963230071 xtb: 6.2.2 (9d81278992624c895f80dd42a50cac0aa55982e2)
C         1.10743936984875   -0.32294507693023   -0.13900894357666
C         0.07483852739487   -1.08889805204466    0.31431344497925
C        -1.05285475244458   -0.47140213896856   -0.13898076387725
N        -0.03717952671493    0.54095906311985   -0.34135890981640
H        -0.09224261808411    1.34228620482359    0.30503517229107
5
 energy: -9.463920292104 gnorm: 0.003972593525 xtb: 6.2.2 (9d81278992624c895f80dd42a50cac0aa55982e2)
C         1.10832096021864   -0.32455920084325   -0.13600878285160
C         0.07506489036767   -1.09221711103517    0.30680128539437
C        -1.05350630068060   -0.47312380535860   -0.13598055139834
N        -0.03736593158934    0.54366222655407   -0.33405151319923
H        -0.09251261831637    1.34623789068296    0.29923956205480
5
 energy: -9.463944980427 gnorm: 0.002255021105 xtb: 6.2.2 (9d81278992624c895f80dd42a50cac0aa55982e2)
C         1.10977582790119   -0.32523040525488   -0.13504259318219
C         0.07489806071890   -1.08980209775555    0.30614612671976
C        -1.05485528016644   -0.47398888302484   -0.13501430053937
N        -0.03748281405685    0.54535886302730   -0.33634414111266
H        -0.09233479439679    1.34366252300797    0.30025490811447
5
 energy: -9.463959498972 gnorm: 0.001408718628 xtb: 6.2.2 (9d81278992624c895f80dd42a50cac0aa55982e2)
C         1.11179805997976   -0.32587650275778   -0.13337278816443
C         0.07468946139428   -1.08677621091922    0.30488972058724
C        -1.05676964178900   -0.47490599047625   -0.13334417955057
N        -0.03758472250357    0.54684194197527   -0.34035811972082
H        -0.09213215708148    1.34071676217798    0.30218536684858
5
 energy: -9.463961368557 gnorm: 0.000568802330 xtb: 6.2.2 (9d81278992624c895f80dd42a50cac0aa55982e2)
C         1.11241398461212   -0.32591985821839   -0.13236126214816
C         0.07464883374393   -1.08618186886204    0.30355713586835
C        -1.05737380586568   -0.47503252987330   -0.13233242740948
N        -0.03757679554403    0.54673109076325   -0.34145791196845
H        -0.09211121694634    1.34040316619048    0.30259446565774
