5
 energy: -7.120548502858 gnorm: 0.199956639853 xtb: 6.2.2 (9d81278992624c895f80dd42a50cac0aa55982e2)
C        -0.77120000000000    0.09464000000000    0.41454000000000
C         0.74710900000000    0.10724200000000    0.45373300000000
C        -0.00070900000000    1.15437400000000   -0.34368500000000
H        -1.12311500000000   -0.68754800000000   -0.29161300000000
H         1.14791500000000   -0.66870900000000   -0.23297600000000
5
 energy: -7.175729077852 gnorm: 0.137255482779 xtb: 6.2.2 (9d81278992624c895f80dd42a50cac0aa55982e2)
C        -0.72441670932922    0.08496751554252    0.31956657510286
C         0.70545488014878    0.09683398600092    0.35647818171566
C        -0.00318101073353    1.23274490828049   -0.27307341930749
H        -1.22789182619914   -0.71755294655133   -0.23347508904761
H         1.25003466611311   -0.69699446327260   -0.16949724846341
5
 energy: -7.213852121710 gnorm: 0.120835049610 xtb: 6.2.2 (9d81278992624c895f80dd42a50cac0aa55982e2)
C        -0.65905756963673    0.06430695675938    0.20067181426193
C         0.64666936802515    0.07514214706174    0.23438081700044
C        -0.00569144983776    1.27215378016789   -0.18846418232575
H        -1.35688537899104   -0.71713564527865   -0.15856123785045
H         1.37496503044038   -0.69446823871037   -0.08802821108617
5
 energy: -7.230492359765 gnorm: 0.071237725572 xtb: 6.2.2 (9d81278992624c895f80dd42a50cac0aa55982e2)
C        -0.67455005476220    0.04689301437712    0.11318976126701
C         0.66694061402931    0.05802392149302    0.14782350326969
C        -0.00745135120468    1.29866630368691   -0.12877440649198
H        -1.46632650044294   -0.71402212888553   -0.10417236993129
H         1.48138729238050   -0.68956211067152   -0.02806748811343
5
 energy: -7.240672846991 gnorm: 0.023995411613 xtb: 6.2.2 (9d81278992624c895f80dd42a50cac0aa55982e2)
C        -0.67769542635533    0.02478050239853    0.02810983657316
C         0.67483816068936    0.03600380767190    0.06302881526969
C        -0.00879772334242    1.28672922597197   -0.07279611678362
H        -1.47015719964575   -0.68600455546520   -0.04727921651616
H         1.48181218865415   -0.66150998057720    0.02893568145693
5
 energy: -7.242031647500 gnorm: 0.051207962308 xtb: 6.2.2 (9d81278992624c895f80dd42a50cac0aa55982e2)
C        -0.67241202179463   -0.00420575701889   -0.01590738801101
C         0.67231443220021    0.00695281581932    0.01881089309311
C        -0.00883850324364    1.23667229982556   -0.05511726697227
H        -1.56549701010999   -0.63273717884203   -0.01442734040739
H         1.57443310294804   -0.60668317978396    0.06664010229756
5
 energy: -7.243241247923 gnorm: 0.006952289949 xtb: 6.2.2 (9d81278992624c895f80dd42a50cac0aa55982e2)
C        -0.67165108246338   -0.00444502243828   -0.02255390642958
C         0.67190100903422    0.00670306493782    0.01213445670887
C        -0.00910974788754    1.25487081111205   -0.05044727807978
H        -1.52848608571927   -0.64128496692741   -0.00914397162683
H         1.53734590703596   -0.61584488668417    0.07000969942731
5
 energy: -7.243322490327 gnorm: 0.007567705811 xtb: 6.2.2 (9d81278992624c895f80dd42a50cac0aa55982e2)
C        -0.67231059357785   -0.00900623054843   -0.01946419881567
C         0.67247609230694    0.00215258858995    0.01525523885522
C        -0.00889012708755    1.24609377904601   -0.05616062720517
H        -1.53302863289405   -0.63237707600513   -0.00950845853826
H         1.54175326125251   -0.60686406108240    0.06987704570389
5
 energy: -7.243400626517 gnorm: 0.002550165314 xtb: 6.2.2 (9d81278992624c895f80dd42a50cac0aa55982e2)
C        -0.67121080710648   -0.01702197470679   -0.02176443416540
C         0.67163007706498   -0.00587898042515    0.01290529601762
C        -0.00875595186106    1.24225384948720   -0.06011176977799
H        -1.54593229489004   -0.62253919981776   -0.00553593335832
H         1.55426897679260   -0.59681469453750    0.07450584128409
5
 energy: -7.243413324143 gnorm: 0.000661029174 xtb: 6.2.2 (9d81278992624c895f80dd42a50cac0aa55982e2)
C        -0.67114631473336   -0.01802801729619   -0.01812725560053
C         0.67139394223368   -0.00688809354943    0.01653436901583
C        -0.00865607729582    1.24218353756660   -0.06396367587895
H        -1.54728099002375   -0.62150775454463   -0.00727873584585
H         1.55568943981925   -0.59576067217636    0.07283429830950
5
 energy: -7.243414112266 gnorm: 0.000347630925 xtb: 6.2.2 (9d81278992624c895f80dd42a50cac0aa55982e2)
C        -0.67110336272253   -0.01804465704551   -0.01593550389234
C         0.67123937973017   -0.00690585522645    0.01872290471888
C        -0.00860958709527    1.24264326077151   -0.06585935739118
H        -1.54721401304017   -0.62172146580671   -0.00851983568961
H         1.55568758312780   -0.59597228269284    0.07159079225425
