5
 energy: -8.815419108089 gnorm: 0.088220872385 xtb: 6.2.2 (9d81278992624c895f80dd42a50cac0aa55982e2)
N         0.56223300000000   -0.12375800000000    0.46542700000000
C        -0.03013500000000    1.04875400000000   -0.07863400000000
N        -0.55223000000000   -0.22362200000000   -0.43936100000000
H         1.41824000000000   -0.31981300000000   -0.09997000000000
H        -1.39810800000000   -0.38156100000000    0.15253900000000
5
 energy: -8.821939400547 gnorm: 0.047051096523 xtb: 6.2.2 (9d81278992624c895f80dd42a50cac0aa55982e2)
N         0.59052372223642   -0.11048570099030    0.44705939767766
C        -0.02940757772366    1.02468548948371   -0.07683892708861
N        -0.58133957933873   -0.20936626277619   -0.42307890193394
H         1.44319706498343   -0.31976839855607   -0.08598372142990
H        -1.42297363015746   -0.38506512716117    0.13884315277479
5
 energy: -8.825529818326 gnorm: 0.014116874489 xtb: 6.2.2 (9d81278992624c895f80dd42a50cac0aa55982e2)
N         0.61547057479913   -0.06776363425371    0.42522612056380
C        -0.02933296741869    1.02308575397882   -0.07672238531285
N        -0.60878561442781   -0.16534557237953   -0.40776257701132
H         1.45003188540330   -0.36101764430874   -0.06752248105350
H        -1.42738387835593   -0.42895890303685    0.12678232281387
5
 energy: -8.826161049805 gnorm: 0.012351871071 xtb: 6.2.2 (9d81278992624c895f80dd42a50cac0aa55982e2)
N         0.62177174029309   -0.04857067694713    0.41474949929360
C        -0.02982607935139    1.04019780132994   -0.07800411527328
N        -0.61621956330184   -0.14519510570319   -0.40023831166142
H         1.45161105702959   -0.38879682575558   -0.05970616567088
H        -1.42733715466946   -0.45763519292405    0.12320009331197
5
 energy: -8.826405015718 gnorm: 0.005504423649 xtb: 6.2.2 (9d81278992624c895f80dd42a50cac0aa55982e2)
N         0.62520266685397   -0.03744813130951    0.40405718952735
C        -0.03027838921431    1.05574286168437   -0.07916769665899
N        -0.62032352473888   -0.13281880722334   -0.39130544285892
H         1.45047346493948   -0.40797730548136   -0.05299866768593
H        -1.42507421784026   -0.47749861767015    0.11941561767649
5
 energy: -8.826432249997 gnorm: 0.002026479873 xtb: 6.2.2 (9d81278992624c895f80dd42a50cac0aa55982e2)
N         0.62487572515679   -0.03734592683725    0.40109238432278
C        -0.03033358230219    1.05767329615409   -0.07931272462557
N        -0.62001464193092   -0.13225670305047   -0.38838856836408
H         1.44923564577512   -0.40922270827659   -0.05172634645951
H        -1.42376314669880   -0.47884795798977    0.11833625512638
5
 energy: -8.826434941458 gnorm: 0.000582571350 xtb: 6.2.2 (9d81278992624c895f80dd42a50cac0aa55982e2)
N         0.62433212799978   -0.03757447700371    0.40035505736255
C        -0.03033271048771    1.05767805871254   -0.07931371004410
N        -0.61946180348107   -0.13234017394745   -0.38762680046960
H         1.44903532218833   -0.40906357362121   -0.05160013000602
H        -1.42357293621933   -0.47869983414018    0.11818658315718
