5
 energy: -7.859746544613 gnorm: 0.051918868528 xtb: 6.2.2 (9d81278992624c895f80dd42a50cac0aa55982e2)
C        -0.29738300000000   -0.00170900000000   -0.04957300000000
N         0.92180700000000    0.06903600000000    0.76596100000000
C         1.00430200000000   -0.08406900000000   -0.69566300000000
H        -0.82568200000000   -0.96703600000000    0.09113500000000
H        -0.80304400000000    0.98377700000000   -0.11185900000000
5
 energy: -7.863522455203 gnorm: 0.027627630304 xtb: 6.2.2 (9d81278992624c895f80dd42a50cac0aa55982e2)
C        -0.27398911646411   -0.00293182340410   -0.05871998066051
N         0.93679572015642    0.06833909928878    0.76098782087016
C         1.01466951406429   -0.08321362149454   -0.68632798834278
H        -0.84954706705342   -0.92262625218630    0.08896534897844
H        -0.82792905070318    0.94043159779616   -0.10490420084531
5
 energy: -7.864869416393 gnorm: 0.005619313969 xtb: 6.2.2 (9d81278992624c895f80dd42a50cac0aa55982e2)
C        -0.24559673550693   -0.00406353488438   -0.06643319353721
N         0.95490750973105    0.06779141025967    0.75780293445532
C         1.02760890388914   -0.08258040652875   -0.67885152119958
H        -0.87880944724925   -0.88255077624493    0.08656468237813
H        -0.85811023086400    0.90140230739839   -0.09908190209666
5
 energy: -7.864897956067 gnorm: 0.002569292350 xtb: 6.2.2 (9d81278992624c895f80dd42a50cac0aa55982e2)
C        -0.24221617378259   -0.00415217625680   -0.06690745469257
N         0.95514113773376    0.06786624072151    0.75856736065219
C         1.02997592111980   -0.08275775096169   -0.68031154107418
H        -0.88177852540883   -0.88058836195437    0.08695689980384
H        -0.86112235966214    0.89963104845135   -0.09830426468927
5
 energy: -7.864904872341 gnorm: 0.000608747556 xtb: 6.2.2 (9d81278992624c895f80dd42a50cac0aa55982e2)
C        -0.24065115542146   -0.00403192912177   -0.06557601623578
N         0.95472218752683    0.06794950495233    0.75934501252900
C         1.03006370525611   -0.08289834830965   -0.68167804811837
H        -0.88239475510766   -0.88054514220668    0.08657978508443
H        -0.86173998225382    0.89952491468577   -0.09866973325928
5
 energy: -7.864905358910 gnorm: 0.000222729225 xtb: 6.2.2 (9d81278992624c895f80dd42a50cac0aa55982e2)
C        -0.24055334475152   -0.00399897179044   -0.06524706843268
N         0.95384109369089    0.06795279490890    0.75929071872109
C         1.02998863037036   -0.08293683821773   -0.68206965354324
H        -0.88196824522064   -0.88076307905419    0.08666205547329
H        -0.86130813408909    0.89974509415346   -0.09863505221845
