4
 energy: -8.871337185371 gnorm: 0.133370771781 xtb: 6.2.2 (9d81278992624c895f80dd42a50cac0aa55982e2)
C        -1.19437100000000   -0.00118900000000   -0.12032100000000
C         0.01726100000000   -0.73074400000000    0.23306700000000
C         1.15091600000000   -0.01610500000000   -0.34078500000000
N         0.02619400000000    0.74803800000000    0.22803900000000
4
 energy: -8.894753526433 gnorm: 0.091884290533 xtb: 6.2.2 (9d81278992624c895f80dd42a50cac0aa55982e2)
C        -1.17940416199556    0.00014663611064   -0.03328299973583
C         0.00873712951337   -0.75896693450696    0.14429783050529
C         1.15244889613173   -0.01468407067252   -0.25248415055980
N         0.01821813635047    0.77350436906884    0.14146931979034
4
 energy: -8.907904228960 gnorm: 0.072927816120 xtb: 6.2.2 (9d81278992624c895f80dd42a50cac0aa55982e2)
C        -1.08299171248095    0.00215905680737    0.00459119850015
C         0.00412192221641   -0.80717899654871    0.09845999245212
C         1.06481613059211   -0.01150137180139   -0.19730907137341
N         0.01405365967242    0.81652131154273    0.09425788042114
4
 energy: -8.912109140475 gnorm: 0.015946324457 xtb: 6.2.2 (9d81278992624c895f80dd42a50cac0aa55982e2)
C        -1.09828660075947    0.01130160630860    0.04502560094928
C         0.00075461659373   -0.83616213699128    0.06460045383671
C         1.08749219173129   -0.00260026525693   -0.16044408799666
N         0.01003979243445    0.82746079593960    0.05081803321067
4
 energy: -8.912760443057 gnorm: 0.006422543358 xtb: 6.2.2 (9d81278992624c895f80dd42a50cac0aa55982e2)
C        -1.09085746980461    0.01765274783882    0.06783551287001
C        -0.00124738920709   -0.85815121023929    0.04479139312497
C         1.08452455815440    0.00381703051847   -0.13665686870040
N         0.00758030085730    0.83668143188199    0.02402996270543
4
 energy: -8.912814444870 gnorm: 0.004099552167 xtb: 6.2.2 (9d81278992624c895f80dd42a50cac0aa55982e2)
C        -1.08741806941004    0.01995085554325    0.07331298294121
C        -0.00169238270888   -0.86318866549902    0.04036047268776
C         1.08219083060212    0.00615045029380   -0.13063482935413
N         0.00691962151681    0.83708735966197    0.01696137372516
4
 energy: -8.912831511747 gnorm: 0.002637023666 xtb: 6.2.2 (9d81278992624c895f80dd42a50cac0aa55982e2)
C        -1.08643381095642    0.02118564229881    0.07652736891123
C        -0.00194554802743   -0.86449959903786    0.03778067638800
C         1.08184069953109    0.00739513159430   -0.12729592831248
N         0.00653865945276    0.83591882514475    0.01298788301325
4
 energy: -8.912843955765 gnorm: 0.001957211083 xtb: 6.2.2 (9d81278992624c895f80dd42a50cac0aa55982e2)
C        -1.08636575954726    0.02194747671524    0.08023259399000
C        -0.00225674536245   -0.86452277671223    0.03448819763071
C         1.08247609985816    0.00815383617246   -0.12364493340814
N         0.00614640505156    0.83442146382453    0.00892414178742
4
 energy: -8.912856721284 gnorm: 0.002169952566 xtb: 6.2.2 (9d81278992624c895f80dd42a50cac0aa55982e2)
C        -1.08676557183072    0.02211826232770    0.08677441520735
C        -0.00286234853998   -0.86348645847845    0.02798928236686
C         1.08409256020783    0.00831175141431   -0.11729366136363
N         0.00553536016288    0.83305644473644    0.00252996378942
4
 energy: -8.912865000128 gnorm: 0.001644783481 xtb: 6.2.2 (9d81278992624c895f80dd42a50cac0aa55982e2)
C        -1.08667109368991    0.02160843517637    0.09088915957748
C        -0.00328192840476   -0.86292533041278    0.02348655616257
C         1.08476020003166    0.00779806417402   -0.11323283699894
N         0.00519282206300    0.83351883106239   -0.00114287874111
4
 energy: -8.912872536398 gnorm: 0.001001674275 xtb: 6.2.2 (9d81278992624c895f80dd42a50cac0aa55982e2)
C        -1.08564582544783    0.01983985686941    0.10496993544424
C        -0.00473120759522   -0.86150800197487    0.00800227073924
C         1.08635832383085    0.00602679129952   -0.09920743295991
N         0.00401870921221    0.83564135380595   -0.01376477322357
4
 energy: -8.912874099387 gnorm: 0.000230360247 xtb: 6.2.2 (9d81278992624c895f80dd42a50cac0aa55982e2)
C        -1.08556034790468    0.02041694349508    0.10116504091051
C        -0.00433553071782   -0.86204294876559    0.01221419595108
C         1.08556870031046    0.00660810509615   -0.10292846504861
N         0.00432717831203    0.83501790017435   -0.01045077181298
