5
 energy: -10.923085872092 gnorm: 0.181040981935 xtb: 6.2.2 (9d81278992624c895f80dd42a50cac0aa55982e2)
C         1.46722700000000   -0.21713300000000    0.41341800000000
N         0.32021800000000   -0.03453900000000   -0.45640000000000
C        -0.80916500000000    0.10233600000000    0.51248600000000
C        -0.32096700000000    1.26453100000000   -0.20677100000000
C        -0.65731300000000   -1.11519500000000   -0.26273300000000
5
 energy: -10.951087711464 gnorm: 0.103061155966 xtb: 6.2.2 (9d81278992624c895f80dd42a50cac0aa55982e2)
C         1.42872265449707   -0.21136104191130    0.39933180285189
N         0.38287623951824   -0.04321367678510   -0.46398477413727
C        -0.80817843584541    0.10187288900530    0.52627048125615
C        -0.34165784690911    1.20876112120769   -0.20417974189784
C        -0.66176261126079   -1.05605929151659   -0.25743776807293
5
 energy: -10.961115767234 gnorm: 0.068512899689 xtb: 6.2.2 (9d81278992624c895f80dd42a50cac0aa55982e2)
C         1.40298268944203   -0.20671985625625    0.35640919310715
N         0.45860251128604   -0.05406306760658   -0.45741423728103
C        -0.86298286882096    0.10992927698584    0.51303682128797
C        -0.34670046573240    1.15512714950705   -0.18062981306821
C        -0.65190186617471   -1.00427350263006   -0.23140196404589
5
 energy: -10.969948826897 gnorm: 0.070239493804 xtb: 6.2.2 (9d81278992624c895f80dd42a50cac0aa55982e2)
C         1.46445462845726   -0.21504113017039    0.34038162196979
N         0.47554810738278   -0.05702633149789   -0.43300560204232
C        -0.92267064403613    0.11859405620486    0.50338612406240
C        -0.35708636040127    1.14924629473131   -0.18016678356475
C        -0.66024573140264   -0.99577288926788   -0.23059536042512
5
 energy: -10.995463764366 gnorm: 0.091492440247 xtb: 6.2.2 (9d81278992624c895f80dd42a50cac0aa55982e2)
C         1.55657287675071   -0.22708541924758    0.29838388312767
N         0.53814916483362   -0.06742334758446   -0.36673345587173
C        -1.02264195115187    0.13269928665310    0.50445866522737
C        -0.39159680356859    1.10295000799373   -0.19403101016654
C        -0.68048328686386   -0.94114052781478   -0.24207808231677
5
 energy: -11.016339748785 gnorm: 0.071384412341 xtb: 6.2.2 (9d81278992624c895f80dd42a50cac0aa55982e2)
C         1.64239968246107   -0.23809960261989    0.25083644742275
N         0.59247984342554   -0.07654864905221   -0.30500081208637
C        -1.14080741230462    0.14927753282395    0.50962213936822
C        -0.41023660141282    1.05062478633293   -0.20497946831296
C        -0.68383551216917   -0.88525406748478   -0.25047830639164
5
 energy: -11.028583261760 gnorm: 0.063997490522 xtb: 6.2.2 (9d81278992624c895f80dd42a50cac0aa55982e2)
C         1.77298879874980   -0.25480575354264    0.17695036737325
N         0.63428043387663   -0.08429889984856   -0.22660416806394
C        -1.34411028922481    0.17834197843828    0.49536986925081
C        -0.40443636571528    0.97988539585738   -0.20171659786891
C        -0.65872257768634   -0.81912272090445   -0.24399947069121
5
 energy: -11.030380371059 gnorm: 0.025231868574 xtb: 6.2.2 (9d81278992624c895f80dd42a50cac0aa55982e2)
C         1.76871540734492   -0.25425469407825    0.17953029684378
N         0.64258674399934   -0.08552637228449   -0.22448243895201
C        -1.32746344226209    0.17606603418228    0.49204746919689
C        -0.41696979238560    0.96580454503463   -0.20276995373722
C        -0.66686891669658   -0.80208951285417   -0.24432537335144
5
 energy: -11.031135611517 gnorm: 0.018695399476 xtb: 6.2.2 (9d81278992624c895f80dd42a50cac0aa55982e2)
C         1.77021663019875   -0.25417523739387    0.16748409352319
N         0.64268268283222   -0.08575797810994   -0.21534509593286
C        -1.34295090754436    0.17866226466872    0.47470526379522
C        -0.41097667795591    0.95780446467808   -0.19280153241466
C        -0.65897172753070   -0.79653351384299   -0.23404272897089
5
 energy: -11.032400593537 gnorm: 0.011613635606 xtb: 6.2.2 (9d81278992624c895f80dd42a50cac0aa55982e2)
C         1.79831250385428   -0.25743697321653    0.13769415935079
N         0.64169034822673   -0.08644389558902   -0.18027844798490
C        -1.39074156658699    0.18634488515264    0.43527726730595
C        -0.40333480747433    0.93677025654089   -0.17617396982687
C        -0.64592647801969   -0.77923427288797   -0.21651900884498
5
 energy: -11.037546408403 gnorm: 0.076198890319 xtb: 6.2.2 (9d81278992624c895f80dd42a50cac0aa55982e2)
C         1.88861955249948   -0.26777644581130    0.03484633080741
N         0.66044950624321   -0.09157333806596   -0.07459708674355
C        -1.56904436171330    0.21425577510113    0.32023710883714
C        -0.37822003874607    0.86324403550779   -0.12165163175951
C        -0.60180465828332   -0.71815002673166   -0.15883472114149
5
 energy: -11.039723358709 gnorm: 0.040286645635 xtb: 6.2.2 (9d81278992624c895f80dd42a50cac0aa55982e2)
C         1.88343130677594   -0.26722069385575    0.04163907679102
N         0.67432292319376   -0.09323292007163   -0.08715589106167
C        -1.55832529740979    0.21263088194217    0.32508701917985
C        -0.38842773340583    0.86112459290326   -0.12127955269740
C        -0.61100119915408   -0.71330186091806   -0.15829065221179
5
 energy: -11.030341390525 gnorm: 0.113911900579 xtb: 6.2.2 (9d81278992624c895f80dd42a50cac0aa55982e2)
C         1.95503527121325   -0.27548800161244   -0.03920705255512
N         0.76292205989401   -0.10670818519570   -0.04563075325544
C        -1.71230507711320    0.23707907172352    0.21174665646479
C        -0.40450427055797    0.76826278243296   -0.04711068333643
C        -0.60114798343611   -0.62314566734835   -0.07979816731780
5
 energy: -11.041993802619 gnorm: 0.057152746889 xtb: 6.2.2 (9d81278992624c895f80dd42a50cac0aa55982e2)
C         1.89929371088417   -0.26869755886730    0.00819646482004
N         0.72419695053578   -0.09997736887569   -0.09970398382069
C        -1.62555139130832    0.22394813364535    0.24829403598428
C        -0.39022828381790    0.84167002281900   -0.06031296509333
C        -0.60771098629373   -0.69694322872136   -0.09647355189030
5
 energy: -11.042356773048 gnorm: 0.026416638597 xtb: 6.2.2 (9d81278992624c895f80dd42a50cac0aa55982e2)
C         1.91560633970150   -0.27131846349878    0.02244302000535
N         0.70532730181670   -0.09758998071676   -0.08812311927635
C        -1.60247934003669    0.22029329011559    0.26469561815603
C        -0.40011041947700    0.84616477209441   -0.08136367005617
C        -0.61834388200452   -0.69754961799447   -0.11765184882886
5
 energy: -11.043002245140 gnorm: 0.007474419171 xtb: 6.2.2 (9d81278992624c895f80dd42a50cac0aa55982e2)
C         1.91015008063617   -0.27039957336915    0.01605066962522
N         0.71350739043633   -0.09853057255669   -0.09723999837260
C        -1.61472665350357    0.22242151497337    0.24787408207726
C        -0.39559056201159    0.84341390090720   -0.06523868554964
C        -0.61334025555733   -0.69690526995472   -0.10144606778023
5
 energy: -11.043115804633 gnorm: 0.008029649818 xtb: 6.2.2 (9d81278992624c895f80dd42a50cac0aa55982e2)
C         1.91060411801958   -0.27041286659387    0.01400478854955
N         0.71549333886029   -0.09871910433738   -0.10118971412083
C        -1.61929736181568    0.22333422860737    0.23650665721650
C        -0.39465230028326    0.84214390693359   -0.05657810448467
C        -0.61214779478094   -0.69634616460971   -0.09274362716054
5
 energy: -11.043198616540 gnorm: 0.004589518536 xtb: 6.2.2 (9d81278992624c895f80dd42a50cac0aa55982e2)
C         1.91363202945530   -0.27076629554151    0.01117323719840
N         0.71661417442522   -0.09882078896758   -0.10364399253654
C        -1.62475954369165    0.22448431600205    0.22038828334999
C        -0.39414754792213    0.84067578577108   -0.04590045023304
C        -0.61133911226675   -0.69557301726404   -0.08201707777880
5
 energy: -11.043220336703 gnorm: 0.002990013893 xtb: 6.2.2 (9d81278992624c895f80dd42a50cac0aa55982e2)
C         1.91572491254134   -0.27101768833451    0.00929035916839
N         0.71692063856390   -0.09889025756118   -0.10243405344165
C        -1.62677395898792    0.22495293757124    0.21261488169311
C        -0.39442232223840    0.84001391762440   -0.04169093622836
C        -0.61144926987892   -0.69505890929995   -0.07778025119149
5
 energy: -11.043240954475 gnorm: 0.004193913672 xtb: 6.2.2 (9d81278992624c895f80dd42a50cac0aa55982e2)
C         1.91809629065738   -0.27127406623397    0.00582015988820
N         0.71730335110991   -0.09903566242600   -0.09836984054524
C        -1.62943125622945    0.22554855596596    0.20334597007968
C        -0.39453590275944    0.83946347732147   -0.03736465404850
C        -0.61143248277840   -0.69470230462747   -0.07343163537415
5
 energy: -11.043273353968 gnorm: 0.005801311281 xtb: 6.2.2 (9d81278992624c895f80dd42a50cac0aa55982e2)
C         1.92136945524360   -0.27157021713929   -0.00121959203082
N         0.71827671678839   -0.09938583634835   -0.08907893247849
C        -1.63352101984894    0.22650377387777    0.18740201174052
C        -0.39468720353838    0.83877505488641   -0.03053039091860
C        -0.61143794864468   -0.69432277527654   -0.06657309631260
5
 energy: -11.043277006455 gnorm: 0.004750281236 xtb: 6.2.2 (9d81278992624c895f80dd42a50cac0aa55982e2)
C         1.92292134531799   -0.27123927150544   -0.02460334114193
N         0.71817652793637   -0.10007915221387   -0.05903338311304
C        -1.63667430019547    0.22735126118547    0.17030259809001
C        -0.39369014910974    0.83956541121790   -0.02528813835973
C        -0.61073342394915   -0.69559824868406   -0.06137773547530
5
 energy: -11.043319830719 gnorm: 0.000987550428 xtb: 6.2.2 (9d81278992624c895f80dd42a50cac0aa55982e2)
C         1.92082069690651   -0.27113360868959   -0.01649183326547
N         0.71873251468275   -0.09984057950499   -0.07248190361125
C        -1.63592742604846    0.22717902749171    0.17312128365395
C        -0.39331880368184    0.83928342206831   -0.02403318266903
C        -0.61030698185895   -0.69548826136545   -0.06011436410820
5
 energy: -11.043323779171 gnorm: 0.000991896034 xtb: 6.2.2 (9d81278992624c895f80dd42a50cac0aa55982e2)
C         1.92195500212923   -0.27123817241245   -0.01885684866893
N         0.71935136772319   -0.09994194478659   -0.07185985380938
C        -1.63736037752875    0.22747850042810    0.16899498892901
C        -0.39348160262124    0.83921115192329   -0.02109909776247
C        -0.61046438970243   -0.69550953515234   -0.05717918868823
