5
 energy: -6.388215081209 gnorm: 0.110076308513 xtb: 6.2.2 (9d81278992624c895f80dd42a50cac0aa55982e2)
C        -0.53856500000000   -0.05448300000000    0.33615800000000
N         0.89797400000000   -0.22480000000000    0.47859800000000
H        -0.92581600000000   -0.73506700000000   -0.45138800000000
H        -0.77241700000000    0.99944300000000    0.07549900000000
H         1.33882500000000    0.01490800000000   -0.43886700000000
5
 energy: -6.402105696183 gnorm: 0.058862311223 xtb: 6.2.2 (9d81278992624c895f80dd42a50cac0aa55982e2)
C        -0.48521830133845   -0.03471609755763    0.25555455552578
N         0.86813208054165   -0.21427600666844    0.45264342629853
H        -0.96625291268287   -0.76500196982166   -0.41954872165793
H        -0.80902045784655    1.01284809887086    0.12050417722228
H         1.39236059132622    0.00114697517686   -0.40915343738867
5
 energy: -6.406900744327 gnorm: 0.042615539266 xtb: 6.2.2 (9d81278992624c895f80dd42a50cac0aa55982e2)
C        -0.44516677241647   -0.02570712654143    0.21423662630493
N         0.82241903900864   -0.19652992787355    0.40753184583917
H        -1.00057026833761   -0.75189371950536   -0.38497997949676
H        -0.84664435324172    0.98855155074700    0.14371018870578
H         1.46996335498716   -0.01441977682666   -0.38049868135311
5
 energy: -6.407975277509 gnorm: 0.020399894309 xtb: 6.2.2 (9d81278992624c895f80dd42a50cac0aa55982e2)
C        -0.44746971974594   -0.01946394121951    0.19435474654189
N         0.84311061693951   -0.19498675546401    0.39643079405659
H        -1.03794829815811   -0.75404239279589   -0.37573044107698
H        -0.88359902887237    0.99121135357388    0.15442157549751
H         1.52590742983690   -0.02271726409447   -0.36947667501900
5
 energy: -6.408364181444 gnorm: 0.007743120492 xtb: 6.2.2 (9d81278992624c895f80dd42a50cac0aa55982e2)
C        -0.45147925038018   -0.01769093272539    0.18968495172072
N         0.84306411885080   -0.19332879319751    0.39098198849644
H        -1.03225807089588   -0.75029261991649   -0.37153269087250
H        -0.87879560939447    0.98491060271154    0.15556470299290
H         1.51946981181974   -0.02359725687216   -0.36469895233757
5
 energy: -6.408632420251 gnorm: 0.004676688901 xtb: 6.2.2 (9d81278992624c895f80dd42a50cac0aa55982e2)
C        -0.44991432577394   -0.01094774511882    0.16703082663328
N         0.83939269102636   -0.18902820058738    0.37790110748288
H        -1.03907931475783   -0.75578042009265   -0.35995621849896
H        -0.88520624447079    0.98410379659798    0.16856574605874
H         1.53480819397620   -0.02834643079914   -0.35354146167594
5
 energy: -6.408760711676 gnorm: 0.005990933050 xtb: 6.2.2 (9d81278992624c895f80dd42a50cac0aa55982e2)
C        -0.44813459715772   -0.00438564022117    0.14490925556661
N         0.83819522785089   -0.18699690158181    0.37154060905520
H        -1.04555342237007   -0.76355679867482   -0.35072570083146
H        -0.89077827704055    0.98640693064520    0.18085014444651
H         1.54627206871745   -0.03146659016741   -0.34657430823687
5
 energy: -6.408943062734 gnorm: 0.006904702713 xtb: 6.2.2 (9d81278992624c895f80dd42a50cac0aa55982e2)
C        -0.44405933539289    0.00657563226089    0.10764191079756
N         0.83718630315910   -0.18523974794687    0.36613969094009
H        -1.05465783547804   -0.77359337081826   -0.33543880491649
H        -0.89892952543611    0.98764508940714    0.19959406926184
H         1.56046139314794   -0.03538660290289   -0.33793686608299
5
 energy: -6.409641235859 gnorm: 0.027629532816 xtb: 6.2.2 (9d81278992624c895f80dd42a50cac0aa55982e2)
C        -0.42190595060890    0.05485584775151   -0.05777396398331
N         0.83320808543698   -0.17970041387815    0.34838102578130
H        -1.09179527847379   -0.80918872811726   -0.26654827958850
H        -0.93284489170329    0.98463749342924    0.27813887280463
H         1.61333903534901   -0.05060319918534   -0.30219765501413
5
 energy: -6.410160142635 gnorm: 0.011073590894 xtb: 6.2.2 (9d81278992624c895f80dd42a50cac0aa55982e2)
C        -0.42866938850653    0.04350511462207   -0.01837748923586
N         0.82962337555371   -0.18086812220898    0.35456363071243
H        -1.07377995518433   -0.79409584464171   -0.28083081460978
H        -0.91744502504903    0.97737414064448    0.25753097492348
H         1.59027199318618   -0.04591428841585   -0.31288630179028
5
 energy: -6.411310796065 gnorm: 0.015694745060 xtb: 6.2.2 (9d81278992624c895f80dd42a50cac0aa55982e2)
C        -0.41577765448138    0.07913672999765   -0.13938761502040
N         0.81069656948189   -0.17543697409572    0.34305283780991
H        -1.07393638715497   -0.79548092724885   -0.22140841146536
H        -0.92068134733305    0.94576931531998    0.30808098082627
H         1.59969981948750   -0.05398714397307   -0.29033779215041
5
 energy: -6.411506423646 gnorm: 0.006579811384 xtb: 6.2.2 (9d81278992624c895f80dd42a50cac0aa55982e2)
C        -0.41393899248479    0.07139726785619   -0.11479460344792
N         0.81011591029337   -0.17665570101836    0.34007226121690
H        -1.07766057187585   -0.78057657396456   -0.22683969114621
H        -0.92300267828191    0.93667279315804    0.29278113528023
H         1.60448733234918   -0.05083678603131   -0.29121910190300
5
 energy: -6.411579509236 gnorm: 0.004013853683 xtb: 6.2.2 (9d81278992624c895f80dd42a50cac0aa55982e2)
C        -0.40928506491739    0.07739700829863   -0.13494082300270
N         0.80907849450708   -0.17059063914009    0.33791637560899
H        -1.07532197150874   -0.77730536284036   -0.21944631595494
H        -0.93031417454847    0.93083775363003    0.30375303903870
H         1.60584371646751   -0.06033775994821   -0.28728227569005
5
 energy: -6.411516318454 gnorm: 0.008287337056 xtb: 6.2.2 (9d81278992624c895f80dd42a50cac0aa55982e2)
C        -0.40823764332666    0.07945593166494   -0.14441205447224
N         0.80775397267355   -0.18115232156621    0.33291326722148
H        -1.08563783999746   -0.78234827524828   -0.20931063867639
H        -0.92000613799493    0.92803420445510    0.29996631361498
H         1.60612864864550   -0.04398853930554   -0.27915688768783
5
 energy: -6.411594180838 gnorm: 0.000792825415 xtb: 6.2.2 (9d81278992624c895f80dd42a50cac0aa55982e2)
C        -0.41053193089051    0.07695154337022   -0.13387660442736
N         0.80911802140911   -0.17395218416010    0.33639786888511
H        -1.07740148395113   -0.78021298129589   -0.21849681684117
H        -0.92563067715890    0.93209543420089    0.30139245016833
H         1.60444707059143   -0.05488081211512   -0.28541689778491
5
 energy: -6.411593096389 gnorm: 0.002309061721 xtb: 6.2.2 (9d81278992624c895f80dd42a50cac0aa55982e2)
C        -0.41080265497901    0.07803828692004   -0.13728059246322
N         0.80756124893793   -0.17259078631185    0.33411405758075
H        -1.07810431233324   -0.77966331149987   -0.21623820152528
H        -0.92737406563386    0.93063285757218    0.30367003018166
H         1.60872078400818   -0.05641604668050   -0.28426529377390
5
 energy: -6.411596358602 gnorm: 0.000891041821 xtb: 6.2.2 (9d81278992624c895f80dd42a50cac0aa55982e2)
C        -0.41101645964601    0.07783417161709   -0.13657664128959
N         0.80793604088498   -0.17283533225284    0.33427240588662
H        -1.07765751689328   -0.78003997647894   -0.21671750497250
H        -0.92657662824842    0.93109183300385    0.30324910091396
H         1.60731556390273   -0.05604969588916   -0.28422736053849
