5
 energy: -9.407483263810 gnorm: 0.329052328096 xtb: 6.2.2 (9d81278992624c895f80dd42a50cac0aa55982e2)
C         1.99927300000000    0.49128800000000    0.20067200000000
C         1.12854100000000   -0.68196600000000    0.60777900000000
C        -0.30657100000000   -0.22965000000000    0.80651100000000
N        -0.92154700000000    0.05608200000000   -0.47831300000000
H        -1.89969600000000    0.36424600000000   -0.28084900000000
5
 energy: -9.509005296419 gnorm: 0.192717555964 xtb: 6.2.2 (9d81278992624c895f80dd42a50cac0aa55982e2)
C         1.95598000249272    0.40646539022490    0.24293066012922
C         1.12820772915348   -0.57047700029630    0.60315538431570
C        -0.26254403775699   -0.23408246071539    0.69332881764231
N        -0.93227126689051    0.02763348671319   -0.41861070967868
H        -1.88937242699869    0.37046058407360   -0.26500415240856
5
 energy: -9.505660310227 gnorm: 0.395242449522 xtb: 6.2.2 (9d81278992624c895f80dd42a50cac0aa55982e2)
C         1.92153645769403    0.30540198797102    0.31785715808149
C         1.12084404936856   -0.45414484605423    0.53584680278158
C        -0.23063502088430   -0.18861258806123    0.59129595494028
N        -0.93431960862355   -0.01905538295930   -0.33047122501875
H        -1.87742587755475    0.35641082910374   -0.25872869078460
5
 energy: -9.540362134853 gnorm: 0.093122867507 xtb: 6.2.2 (9d81278992624c895f80dd42a50cac0aa55982e2)
C         2.08517921337387    0.32963312154538    0.36830577914773
C         1.08451823828619   -0.46304272902199    0.50095186999892
C        -0.23014219687810   -0.15231920276766    0.59184353242323
N        -1.01355563773071   -0.06243571843324   -0.36032394845086
H        -1.92599961705125    0.34816452867751   -0.24497723311902
5
 energy: -9.545839010898 gnorm: 0.097575508840 xtb: 6.2.2 (9d81278992624c895f80dd42a50cac0aa55982e2)
C         2.20057809758675    0.28122670563409    0.44425903151948
C         1.14911544201906   -0.41217816955843    0.51996766586956
C        -0.19961365336926   -0.12739304285845    0.49179099035882
N        -1.13336063661927   -0.10244840697475   -0.38537631322975
H        -2.01671924961727    0.36079291375755   -0.21484137451811
5
 energy: -9.547954854769 gnorm: 0.090161361353 xtb: 6.2.2 (9d81278992624c895f80dd42a50cac0aa55982e2)
C         2.27106021495026    0.22087553527296    0.44707875474725
C         1.13368222506826   -0.34953820415603    0.53077696455899
C        -0.22765675643990   -0.12647126726046    0.44610205343398
N        -1.11990826993955   -0.01886202572371   -0.36887986924948
H        -2.05717741363906    0.27399596186724   -0.19927790349075
5
 energy: -9.553294388517 gnorm: 0.081820139229 xtb: 6.2.2 (9d81278992624c895f80dd42a50cac0aa55982e2)
C         2.24604900836021    0.20437944906811    0.52145760433594
C         1.09683241871169   -0.34036355903579    0.44205371300997
C        -0.18640970695208   -0.04134111037765    0.42857607989992
N        -1.12331517173771   -0.10796868491513   -0.36138692886741
H        -2.03315654838209    0.28529390526047   -0.17490046837844
5
 energy: -9.542137987631 gnorm: 0.210415890167 xtb: 6.2.2 (9d81278992624c895f80dd42a50cac0aa55982e2)
C         2.13757434763671    0.23076435056111    0.48302437394657
C         1.13212764374760   -0.35268734854496    0.50426103911411
C        -0.17738762269479   -0.09728560513941    0.40874827828940
N        -1.10833536012514   -0.14590720822886   -0.38281168944691
H        -1.98397900856438    0.36511581135214   -0.15742200190317
5
 energy: -9.555698052958 gnorm: 0.025871552238 xtb: 6.2.2 (9d81278992624c895f80dd42a50cac0aa55982e2)
C         2.25018082320531    0.20863230391931    0.52374469411264
C         1.12653170886183   -0.32519359451330    0.47374501525366
C        -0.19342159883505   -0.06722124309836    0.39192244046215
N        -1.15486276411279   -0.14676684712553   -0.38132867332180
H        -2.02842816911929    0.33054938081789   -0.15228347650666
5
 energy: -9.556813012512 gnorm: 0.041603393205 xtb: 6.2.2 (9d81278992624c895f80dd42a50cac0aa55982e2)
C         2.29175631750283    0.15331998135103    0.56423919734307
C         1.12544327339642   -0.30120506574195    0.45548736555062
C        -0.17355160094948   -0.00998069112006    0.35074742019674
N        -1.16722435913394   -0.09538819138305   -0.37509475393196
H        -2.07642363081582    0.25325396689405   -0.13957922915848
5
 energy: -9.557862361955 gnorm: 0.056051834455 xtb: 6.2.2 (9d81278992624c895f80dd42a50cac0aa55982e2)
C         2.31122012068603    0.13271996798176    0.59958999415063
C         1.12115612664498   -0.25878344220775    0.43001057401685
C        -0.17667528086489    0.00214381772770    0.31573927449819
N        -1.18500732040404   -0.14974246693109   -0.37430966351888
H        -2.07069364606207    0.27366212342940   -0.11523017914679
5
 energy: -9.558828338949 gnorm: 0.028935900059 xtb: 6.2.2 (9d81278992624c895f80dd42a50cac0aa55982e2)
C         2.29103177718059    0.12711144465683    0.60199213842893
C         1.12201210809979   -0.24123556100374    0.42717368666960
C        -0.18108699910405   -0.00524850812303    0.30369093550299
N        -1.17911772316530   -0.17238722868677   -0.37073268334684
H        -2.05283916301102    0.29175985315670   -0.10632407725469
5
 energy: -9.559580670879 gnorm: 0.022580257195 xtb: 6.2.2 (9d81278992624c895f80dd42a50cac0aa55982e2)
C         2.30840651071981    0.09320153856927    0.64427778928686
C         1.13633357272775   -0.21403714711473    0.40994756777386
C        -0.16602895947850    0.02957332838972    0.25882899056501
N        -1.20774801920201   -0.19132213446564   -0.36880584901205
H        -2.07096310476703    0.28258441462139   -0.08844849861368
5
 energy: -9.560063851183 gnorm: 0.027971614719 xtb: 6.2.2 (9d81278992624c895f80dd42a50cac0aa55982e2)
C         2.32393233882568    0.05467397292595    0.67115755593742
C         1.13588058643094   -0.18463435897001    0.38312766618615
C        -0.16105748426228    0.05881645696765    0.24189940883825
N        -1.21107481936897   -0.17587435844635   -0.35191602563895
H        -2.08768062162535    0.24701828752278   -0.08846860532288
5
 energy: -9.560409683748 gnorm: 0.010346560149 xtb: 6.2.2 (9d81278992624c895f80dd42a50cac0aa55982e2)
C         2.31273564319363    0.05607196228894    0.66965349434302
C         1.13586691188516   -0.18250947934422    0.37474976987072
C        -0.16435006516213    0.05590414126746    0.25078172253588
N        -1.20576626285637   -0.18439481172882   -0.34470664967119
H        -2.07848622706027    0.25492818751665   -0.09467833707845
5
 energy: -9.560707518465 gnorm: 0.007832518999 xtb: 6.2.2 (9d81278992624c895f80dd42a50cac0aa55982e2)
C         2.30950871389826    0.03524953985300    0.69658328003215
C         1.14115715321544   -0.15518524936593    0.34305270785435
C        -0.16548316036314    0.07319454257185    0.23799511642223
N        -1.21233266537574   -0.21746976774561   -0.32981091667299
H        -2.07285004137480    0.26421093468671   -0.09202018763575
5
 energy: -9.560839100000 gnorm: 0.005501090900 xtb: 6.2.2 (9d81278992624c895f80dd42a50cac0aa55982e2)
C         2.30853132622726    0.01515843080105    0.71358845528449
C         1.14730575257222   -0.14149577716879    0.32300816516197
C        -0.16301366548843    0.09190369895990    0.23203170755159
N        -1.21304555408847   -0.21821630413733   -0.31783256255520
H        -2.07977785922256    0.25264995154517   -0.09499576544286
5
 energy: -9.560872217453 gnorm: 0.002544501203 xtb: 6.2.2 (9d81278992624c895f80dd42a50cac0aa55982e2)
C         2.30468356652977    0.00721334495686    0.72013951697667
C         1.14999537860491   -0.13948121619519    0.31383579538847
C        -0.16051920071898    0.10240019806808    0.23206946470695
N        -1.21031727530306   -0.21562990460372   -0.31283893124003
H        -2.08384246911263    0.24549757777398   -0.09740584583206
5
 energy: -9.560873960224 gnorm: 0.003729018007 xtb: 6.2.2 (9d81278992624c895f80dd42a50cac0aa55982e2)
C         2.30361827714378   -0.00147749309969    0.72811250292038
C         1.15121767002228   -0.13385599994637    0.30550822929030
C        -0.15929326734647    0.11197733563042    0.22810267622186
N        -1.20916161837317   -0.21655520158919   -0.31066232819605
H        -2.08638106144641    0.23991135900485   -0.09526108023651
5
 energy: -9.560879363773 gnorm: 0.002639407801 xtb: 6.2.2 (9d81278992624c895f80dd42a50cac0aa55982e2)
C         2.30359399115834    0.00041970091228    0.72584095739508
C         1.15085915699422   -0.13557521290698    0.30834285350451
C        -0.15978078321757    0.10995932547510    0.22896916490026
N        -1.20861002216973   -0.21500577199050   -0.31278568332346
H        -2.08606234276525    0.24020195851012   -0.09456729247641
5
 energy: -9.560882189557 gnorm: 0.002005892923 xtb: 6.2.2 (9d81278992624c895f80dd42a50cac0aa55982e2)
C         2.30352500038623    0.00246953983584    0.72342284938107
C         1.15002840800378   -0.13699049621417    0.31161599275899
C        -0.16018334289849    0.10745129256734    0.22983696285140
N        -1.20840221290037   -0.21365160317755   -0.31597173502501
H        -2.08496785259113    0.24072126698855   -0.09310406996645
5
 energy: -9.560900765366 gnorm: 0.001504403675 xtb: 6.2.2 (9d81278992624c895f80dd42a50cac0aa55982e2)
C         2.30542695318861    0.00128635886620    0.71951051915662
C         1.14901821336557   -0.13651232135469    0.31462420271740
C        -0.16123067992543    0.10869540977326    0.23419940757880
N        -1.20740601630344   -0.21266344837093   -0.31639974548123
H        -2.08580847032529    0.23919400108617   -0.09613438397160
5
 energy: -9.560928054137 gnorm: 0.003910306678 xtb: 6.2.2 (9d81278992624c895f80dd42a50cac0aa55982e2)
C         2.31272783012795   -0.01422013627506    0.70322244815843
C         1.14469452879951   -0.12485301191977    0.32429012773671
C        -0.16650340794102    0.12268745533883    0.25441316641570
N        -1.20088995561668   -0.21148124001098   -0.31370718821209
H        -2.09002899536974    0.22786693286698   -0.11241855409876
5
 energy: -9.560937211414 gnorm: 0.001134391308 xtb: 6.2.2 (9d81278992624c895f80dd42a50cac0aa55982e2)
C         2.31069502649404   -0.01160735992770    0.70622465348437
C         1.14551494668387   -0.12718228216469    0.32284666733393
C        -0.16551470132411    0.12098278077966    0.24982408851129
N        -1.20177443212365   -0.21171543113728   -0.31425930397609
H        -2.08892083973013    0.22952229245001   -0.10883610535351
5
 energy: -9.560938226572 gnorm: 0.000539492822 xtb: 6.2.2 (9d81278992624c895f80dd42a50cac0aa55982e2)
C         2.30958425445549   -0.01058341260920    0.70891393143971
C         1.14627001430271   -0.12824218109207    0.32156053919742
C        -0.16486603326349    0.12082969184748    0.24585811513235
N        -1.20256762255036   -0.21230494950733   -0.31451340870431
H        -2.08842061294433    0.23030085136113   -0.10601917706518
