5
 energy: -10.888750256150 gnorm: 0.169865508997 xtb: 6.2.2 (9d81278992624c895f80dd42a50cac0aa55982e2)
N         0.92929100000000    0.00716000000000    0.94491600000000
C        -0.01581000000000    0.55707600000000   -0.06258600000000
C        -0.86314900000000   -0.42416900000000   -0.88933400000000
C         1.26803400000000   -0.06684000000000   -0.45046100000000
C        -1.31836600000000   -0.07322800000000    0.45746500000000
5
 energy: -10.922776445498 gnorm: 0.177928149803 xtb: 6.2.2 (9d81278992624c895f80dd42a50cac0aa55982e2)
N         0.95441730731157   -0.05560874400334    0.90212196822075
C        -0.00927623467525    0.55402784102696   -0.04928118960786
C        -0.87708847161212   -0.47896025447884   -0.82123768504480
C         1.28705087512468    0.00319806024065   -0.42795282347106
C        -1.35510347614887   -0.02265790278544    0.39634972990296
5
 energy: -10.956194347235 gnorm: 0.104362448224 xtb: 6.2.2 (9d81278992624c895f80dd42a50cac0aa55982e2)
N         1.02977928463222   -0.07922984954763    0.87509120387481
C        -0.00728155695757    0.52119009587290   -0.03860914341629
C        -0.93677958219065   -0.50432593720967   -0.78471654513124
C         1.32169918732122    0.05574093010990   -0.38354296159655
C        -1.40741733280523    0.00662376077451    0.33177744626927
5
 energy: -10.965098162331 gnorm: 0.196494819873 xtb: 6.2.2 (9d81278992624c895f80dd42a50cac0aa55982e2)
N         1.16862771021331   -0.07610890038664    0.86405283528081
C        -0.00927226167150    0.43742081605516   -0.04022322069948
C        -1.07024319065171   -0.51109528622500   -0.78069730200356
C         1.36587053416726    0.11845663318631   -0.29328442590213
C        -1.45498279205737    0.03132573737017    0.25015211332437
5
 energy: -10.979654081348 gnorm: 0.077627475285 xtb: 6.2.2 (9d81278992624c895f80dd42a50cac0aa55982e2)
N         1.18049950244640   -0.15904407540440    0.87168729973721
C        -0.01238190540235    0.40338445798651   -0.03773130068453
C        -1.06001899912850   -0.59232946158275   -0.75852260618413
C         1.39544168850690    0.22026548254746   -0.31791869817907
C        -1.50354028642246    0.12772259645318    0.24248530531051
5
 energy: -10.984621297931 gnorm: 0.054937561048 xtb: 6.2.2 (9d81278992624c895f80dd42a50cac0aa55982e2)
N         1.18207508435078   -0.16365498936453    0.88111539451087
C        -0.01270850836749    0.37462171077110   -0.05096805260997
C        -1.07520577737639   -0.59207655276093   -0.76227080718532
C         1.38079828631781    0.24070726781669   -0.30537490574619
C        -1.47495908492472    0.14040156353766    0.23749837103061
5
 energy: -10.992675902983 gnorm: 0.055762768389 xtb: 6.2.2 (9d81278992624c895f80dd42a50cac0aa55982e2)
N         1.21455107130491   -0.20756291916467    0.89156386688995
C        -0.01861177832823    0.25668534416292   -0.08304278981715
C        -1.12398228921365   -0.62044596591902   -0.75811798656237
C         1.36042306748854    0.34939125821911   -0.25917326376127
C        -1.43238007125157    0.22193128270166    0.20877017325084
5
 energy: -10.995350027184 gnorm: 0.028670589800 xtb: 6.2.2 (9d81278992624c895f80dd42a50cac0aa55982e2)
N         1.23055088178391   -0.19903335680331    0.88937842778874
C        -0.01539971438430    0.19432327606578   -0.09494360711693
C        -1.14318798708724   -0.60517716810632   -0.76010436137007
C         1.35341810761793    0.37456680250486   -0.23610153607372
C        -1.42538128793030    0.23531944633899    0.20177107677198
5
 energy: -10.996884500902 gnorm: 0.059370336181 xtb: 6.2.2 (9d81278992624c895f80dd42a50cac0aa55982e2)
N         1.24552037464305   -0.22946145388374    0.87207381377140
C        -0.00232244513250    0.08971848713750   -0.11822116662375
C        -1.17278819559491   -0.61635137291271   -0.73119736587805
C         1.36904221599543    0.46336434546990   -0.20430743996729
C        -1.43945194991107    0.29272899418904    0.18165215869769
5
 energy: -10.999275186742 gnorm: 0.026375558334 xtb: 6.2.2 (9d81278992624c895f80dd42a50cac0aa55982e2)
N         1.21791110637637   -0.23005150586267    0.85496333303995
C         0.01218278471602    0.08684999725160   -0.11761060838140
C        -1.14612251937834   -0.61053082697072   -0.71532215378741
C         1.35365287346962    0.46331789327782   -0.20914273516885
C        -1.43762424518367    0.29041344230397    0.18711216429771
5
 energy: -11.000678070479 gnorm: 0.025404214415 xtb: 6.2.2 (9d81278992624c895f80dd42a50cac0aa55982e2)
N         1.18005679617371   -0.25311712274473    0.82566685524907
C         0.03388649812367    0.06265773936352   -0.12153145325470
C        -1.13325229050213   -0.62260697736841   -0.68416399382292
C         1.35235445567038    0.50003477955516   -0.20493691782938
C        -1.43304545946563    0.31303058119446    0.18496550965792
5
 energy: -11.001399753625 gnorm: 0.026210443334 xtb: 6.2.2 (9d81278992624c895f80dd42a50cac0aa55982e2)
N         1.16042654604778   -0.26572811216572    0.80595343737944
C         0.04444237286360    0.05229413045710   -0.11613341612061
C        -1.13793148395561   -0.63479049289959   -0.66930594473818
C         1.36056876670661    0.52097526454390   -0.19940811806340
C        -1.42750620166238    0.32724821006430    0.17889404154275
5
 energy: -11.002128642926 gnorm: 0.023893211995 xtb: 6.2.2 (9d81278992624c895f80dd42a50cac0aa55982e2)
N         1.15669602005536   -0.27246544153522    0.79255537594391
C         0.04316518730029    0.04787855895217   -0.10146546970263
C        -1.14598859336860   -0.64731108687931   -0.66281627869513
C         1.36679941004441    0.53193907083716   -0.19473199856467
C        -1.42067202403146    0.33995789862520    0.16645837101852
5
 energy: -11.002800319615 gnorm: 0.016267913342 xtb: 6.2.2 (9d81278992624c895f80dd42a50cac0aa55982e2)
N         1.16023785154535   -0.27798088830167    0.77928595534140
C         0.03366798269223    0.04391337755299   -0.07604113264646
C        -1.15031470827351   -0.66182155284518   -0.65406807077599
C         1.36896099390293    0.53967094839902   -0.19347329942414
C        -1.41255211986699    0.35621711519485    0.14429654750519
5
 energy: -11.003033503825 gnorm: 0.010309745173 xtb: 6.2.2 (9d81278992624c895f80dd42a50cac0aa55982e2)
N         1.16360211251103   -0.28048117839561    0.77192886056566
C         0.02924715626257    0.03588165401553   -0.05935296172524
C        -1.14740016880508   -0.66834904088253   -0.64381118053929
C         1.36676945728939    0.54566388778764   -0.19651487867932
C        -1.41221855725792    0.36728367747497    0.12775016037820
5
 energy: -11.003142115178 gnorm: 0.008505711615 xtb: 6.2.2 (9d81278992624c895f80dd42a50cac0aa55982e2)
N         1.16803486110217   -0.27699559983805    0.77159992825827
C         0.02560014978546    0.03481901379248   -0.04509549075760
C        -1.14320676078647   -0.66964521789884   -0.63909854295553
C         1.36422124112678    0.54207183140894   -0.20395912899363
C        -1.41464949122794    0.36974897253546    0.11655323444849
5
 energy: -11.003185843004 gnorm: 0.004616116765 xtb: 6.2.2 (9d81278992624c895f80dd42a50cac0aa55982e2)
N         1.17023081823330   -0.27716475220574    0.77091291125574
C         0.02486630318684    0.02952608465334   -0.03511976326653
C        -1.13851809243846   -0.67266337719904   -0.63394281937384
C         1.36055542289569    0.54465981837268   -0.20988670444478
C        -1.41713445187736    0.37564122637876    0.10803637582941
5
 energy: -11.003223815443 gnorm: 0.005357283848 xtb: 6.2.2 (9d81278992624c895f80dd42a50cac0aa55982e2)
N         1.17079350376911   -0.27285972620369    0.77435825941625
C         0.02439802844811    0.03096796581806   -0.03079013970349
C        -1.13731367248503   -0.67114028104305   -0.63639319729327
C         1.35994125923096    0.53966282720722   -0.21484137983567
C        -1.41781911896315    0.37336821422146    0.10766645741617
5
 energy: -11.003278478618 gnorm: 0.005139166556 xtb: 6.2.2 (9d81278992624c895f80dd42a50cac0aa55982e2)
N         1.16980042986334   -0.26553687017429    0.77924353452708
C         0.02446685637614    0.02855766102806   -0.02411134750335
C        -1.13657501428763   -0.66843318414215   -0.64161715760202
C         1.36008563145940    0.53392250085328   -0.22216726153830
C        -1.41777790341126    0.37148889243509    0.10865223211658
5
 energy: -11.003327380191 gnorm: 0.004590614295 xtb: 6.2.2 (9d81278992624c895f80dd42a50cac0aa55982e2)
N         1.16622365295187   -0.25838770012832    0.78202437326145
C         0.02430258401670    0.02142074836766   -0.01667837330915
C        -1.13694989489395   -0.66587046409999   -0.64660673883227
C         1.36231297913007    0.53075805234726   -0.22867682931427
C        -1.41588932120468    0.37207836351339    0.10993756819424
5
 energy: -11.003377634247 gnorm: 0.004589160612 xtb: 6.2.2 (9d81278992624c895f80dd42a50cac0aa55982e2)
N         1.16042386681485   -0.25220525706538    0.78135244254234
C         0.02326184870488    0.00999777375335   -0.00700982959357
C        -1.13795460239867   -0.66428942474822   -0.64942474374568
C         1.36718379605520    0.53057433432242   -0.23453664391314
C        -1.41291490917626    0.37592157373782    0.10961877471007
5
 energy: -11.003395926995 gnorm: 0.002893429442 xtb: 6.2.2 (9d81278992624c895f80dd42a50cac0aa55982e2)
N         1.16016469393371   -0.25368587015125    0.77955309840565
C         0.02235066793612    0.01058177572966   -0.00762763596412
C        -1.13799796438984   -0.66571182268778   -0.64740905745803
C         1.36915800245527    0.53208835619034   -0.23300827304629
C        -1.41367539993526    0.37672656091902    0.10849186806278
5
 energy: -11.003411427591 gnorm: 0.001951854262 xtb: 6.2.2 (9d81278992624c895f80dd42a50cac0aa55982e2)
N         1.15836486214400   -0.25512871097814    0.77685448567513
C         0.02088231404367    0.01155777806692   -0.00857442943089
C        -1.13762903174794   -0.66743632606091   -0.64484346813318
C         1.37326799759465    0.53378076334094   -0.23125779427999
C        -1.41488614203438    0.37722549563117    0.10782120616893
5
 energy: -11.003418949243 gnorm: 0.002330402847 xtb: 6.2.2 (9d81278992624c895f80dd42a50cac0aa55982e2)
N         1.15589376943214   -0.25495283865089    0.77550974286566
C         0.02021308370333    0.01176578611850   -0.00858768391907
C        -1.13714831063521   -0.66781126285404   -0.64424032210482
C         1.37645101503084    0.53419119312633   -0.23116014750496
C        -1.41540955753110    0.37680612226010    0.10847841066320
5
 energy: -11.003430431264 gnorm: 0.002098313320 xtb: 6.2.2 (9d81278992624c895f80dd42a50cac0aa55982e2)
N         1.15251247272123   -0.25399801341368    0.77423687719332
C         0.01979602094651    0.01101301344218   -0.00735032002853
C        -1.13670854838945   -0.66767798178735   -0.64451490246277
C         1.37999381598602    0.53453446640966   -0.23195214175622
C        -1.41559376126432    0.37612751534919    0.10958048705420
5
 energy: -11.003450293796 gnorm: 0.002049312052 xtb: 6.2.2 (9d81278992624c895f80dd42a50cac0aa55982e2)
N         1.14431554729877   -0.25156473414645    0.77037529051662
C         0.01853634921696    0.00738811997833   -0.00209726663522
C        -1.13602469399712   -0.66732181188240   -0.64547549227811
C         1.38901235166001    0.53638312181441   -0.23422727988882
C        -1.41583955417862    0.37511430423611    0.11142474828553
5
 energy: -11.003462239344 gnorm: 0.002148176837 xtb: 6.2.2 (9d81278992624c895f80dd42a50cac0aa55982e2)
N         1.14288244849467   -0.25062503491646    0.76885193137703
C         0.01783946494043    0.00460229651987    0.00150157641976
C        -1.13638177923808   -0.66698916103864   -0.64622724806639
C         1.39155351576370    0.53761002827038   -0.23513611410896
C        -1.41589364996073    0.37540087116485    0.11100985437857
5
 energy: -11.003494462614 gnorm: 0.002742999255 xtb: 6.2.2 (9d81278992624c895f80dd42a50cac0aa55982e2)
N         1.14320538351964   -0.24749852306799    0.76395464830728
C         0.01473455895265   -0.00844161759814    0.01767816286133
C        -1.13884888778018   -0.66516529576910   -0.64986635557638
C         1.39678209346016    0.54282370783938   -0.23836521253331
C        -1.41587314815227    0.37828072859584    0.10659875694108
5
 energy: -11.003501324664 gnorm: 0.001020792468 xtb: 6.2.2 (9d81278992624c895f80dd42a50cac0aa55982e2)
N         1.14733573586701   -0.24843924668425    0.76574960716638
C         0.01500581608381   -0.00753277453446    0.01612136487483
C        -1.13891312210449   -0.66501695439979   -0.64974953729960
C         1.39213024246678    0.54200665208984   -0.23765399453834
C        -1.41555867231310    0.37898132352865    0.10553255979674
5
 energy: -11.003502804819 gnorm: 0.000213521107 xtb: 6.2.2 (9d81278992624c895f80dd42a50cac0aa55982e2)
N         1.14689693570760   -0.24845741728113    0.76505118566802
C         0.01429142097436   -0.00877836444870    0.01764905004014
C        -1.13809197226374   -0.66487775974005   -0.64978079472598
C         1.39218915290366    0.54254237093668   -0.23810115743819
C        -1.41528553732188    0.37957017053321    0.10518171645601
