5
 energy: -9.447849820461 gnorm: 0.196275287654 xtb: 6.2.2 (9d81278992624c895f80dd42a50cac0aa55982e2)
C        -0.31810800000000    1.02299000000000   -0.03373400000000
C        -1.31753500000000    0.02218600000000    0.49218400000000
C        -0.35372100000000   -1.01109500000000   -0.03738700000000
N         0.58070300000000   -0.00921500000000   -0.52984200000000
H         1.40866100000000   -0.02486600000000    0.10877900000000
5
 energy: -9.504269694548 gnorm: 0.143468258307 xtb: 6.2.2 (9d81278992624c895f80dd42a50cac0aa55982e2)
C        -0.35436833262603    0.90702147554264   -0.02116979726478
C        -1.36531871156226    0.02302335526096    0.49205763295206
C        -0.38590243267865   -0.89397529591364   -0.02440480992919
N         0.63871434928288   -0.01023422003009   -0.52831314564287
H         1.46687512758407   -0.02583531485987    0.08183011988478
5
 energy: -9.492850653303 gnorm: 0.351548273167 xtb: 6.2.2 (9d81278992624c895f80dd42a50cac0aa55982e2)
C        -0.39210242071671    0.64589576447581    0.00941585456445
C        -1.49790372512467    0.02531753440357    0.50770215607470
C        -0.41447505857176   -0.63180093525701    0.00711993090880
N         0.75881590516143   -0.01226639334801   -0.56822318852022
H         1.54566529925171   -0.02714597027436    0.04398524697227
5
 energy: -9.536478515978 gnorm: 0.065981349747 xtb: 6.2.2 (9d81278992624c895f80dd42a50cac0aa55982e2)
C        -0.37272204250338    0.79381630225276    0.01120814120562
C        -1.46996992758161    0.02488016144566    0.47883788168976
C        -0.40028568943734   -0.78031513288950    0.00837987578869
N         0.69705821366715   -0.01124597408728   -0.53433192470588
H         1.54591944585519   -0.02713535672164    0.03590602602181
5
 energy: -9.538942265268 gnorm: 0.029250770579 xtb: 6.2.2 (9d81278992624c895f80dd42a50cac0aa55982e2)
C        -0.37097358928035    0.77688632160118    0.01506541698455
C        -1.46997014568547    0.02489725603606    0.46933714229588
C        -0.39794677597887   -0.76347123254705    0.01229780756808
N         0.68940810395559   -0.01112942832950   -0.52462011457220
H         1.54948240698909   -0.02718291676069    0.02791974772370
5
 energy: -9.539662542562 gnorm: 0.006609018316 xtb: 6.2.2 (9d81278992624c895f80dd42a50cac0aa55982e2)
C        -0.37292315502401    0.75964282223183    0.02089735077485
C        -1.48277053142257    0.02514089042350    0.45849955396779
C        -0.39929182851453   -0.74619111789665    0.01819191967127
N         0.68793183300887   -0.01113075054247   -0.50942873379272
H         1.56705368195224   -0.02746184421622    0.01183990937881
5
 energy: -9.539691224342 gnorm: 0.002357108241 xtb: 6.2.2 (9d81278992624c895f80dd42a50cac0aa55982e2)
C        -0.37406138897743    0.76123030197522    0.02017763958864
C        -1.48324890007348    0.02514829886649    0.45899345377749
C        -0.40048074131666   -0.74773241520508    0.01746661083096
N         0.68933874110448   -0.01116021987171   -0.50710919977314
H         1.56845228926309   -0.02748596576492    0.01047149557605
5
 energy: -9.539700624472 gnorm: 0.002096154745 xtb: 6.2.2 (9d81278992624c895f80dd42a50cac0aa55982e2)
C        -0.37398304529469    0.76209413081315    0.02384910054954
C        -1.48729787841777    0.02522860013216    0.45373806600866
C        -0.40043147394311   -0.74861013444061    0.02113438132772
N         0.68936813764427   -0.01116882514857   -0.50334937447267
H         1.57234426001130   -0.02754377135613    0.00462782658675
5
 energy: -9.539703465219 gnorm: 0.001042500274 xtb: 6.2.2 (9d81278992624c895f80dd42a50cac0aa55982e2)
C        -0.37508160279141    0.76215227770995    0.02189696218130
C        -1.48571026935196    0.02519805220277    0.45524217863576
C        -0.40153200306942   -0.74862274270107    0.01918164435932
N         0.68960930829614   -0.01117803390519   -0.50100655587743
H         1.57271456691666   -0.02754955330646    0.00468577070106
5
 energy: -9.539704466061 gnorm: 0.000431772799 xtb: 6.2.2 (9d81278992624c895f80dd42a50cac0aa55982e2)
C        -0.37439504256511    0.76194588953561    0.02311392299938
C        -1.48630657249116    0.02521057149265    0.45400844726955
C        -0.40083717591944   -0.74844384747054    0.02039954743494
N         0.68896083974401   -0.01116472187886   -0.50205796588236
H         1.57257795123170   -0.02754789167885    0.00453604817850
