5
 energy: -10.890345491084 gnorm: 0.183590863622 xtb: 6.2.2 (9d81278992624c895f80dd42a50cac0aa55982e2)
C         1.56141000000000   -0.15352400000000    0.36637600000000
C         0.28546700000000   -0.03137800000000   -0.43938100000000
C        -0.79324600000000    0.10023800000000    0.55366300000000
N        -0.37962100000000    1.26297800000000   -0.24234500000000
C        -0.67401000000000   -1.17831400000000   -0.23831300000000
5
 energy: -10.927571442473 gnorm: 0.113984831455 xtb: 6.2.2 (9d81278992624c895f80dd42a50cac0aa55982e2)
C         1.55651581311518   -0.18264696751035    0.32538299447575
C         0.34453593413859   -0.01456918556719   -0.41222778096633
C        -0.85125454432825    0.11726141319354    0.53732739104742
N        -0.40418886175499    1.19365715384722   -0.23229961143487
C        -0.64560834117054   -1.11370241396322   -0.21818299312197
5
 energy: -10.948696528570 gnorm: 0.070951529798 xtb: 6.2.2 (9d81278992624c895f80dd42a50cac0aa55982e2)
C         1.56632940852366   -0.19708297260035    0.25072304130349
C         0.43020885043254   -0.00769215149213   -0.36679021236919
C        -0.96879401989072    0.14651316390548    0.48472428715546
N        -0.40971696211231    1.10432714439460   -0.18926198542666
C        -0.61802727695317   -1.04606518420760   -0.17939513066310
5
 energy: -10.960040106219 gnorm: 0.044742657857 xtb: 6.2.2 (9d81278992624c895f80dd42a50cac0aa55982e2)
C         1.62515449240731   -0.22106631100802    0.19341261307060
C         0.44546024016117   -0.00073157642801   -0.33625557860337
C        -1.11124274076533    0.16864602770451    0.42855216131103
N        -0.38630099971345    1.11243270254483   -0.14947859516329
C        -0.57307099208970   -1.05928084281331   -0.13623060061497
5
 energy: -10.965941191061 gnorm: 0.146627849248 xtb: 6.2.2 (9d81278992624c895f80dd42a50cac0aa55982e2)
C         1.77099700194888   -0.27998559058267    0.08506711325306
C         0.51829960770509    0.01194772755975   -0.25779565225852
C        -1.37827624516507    0.21282121430696    0.33034475172873
N        -0.39631226537943    1.08510322438215   -0.09068809074526
C        -0.51470809910946   -1.02988657566618   -0.06692812197801
5
 energy: -10.977198565385 gnorm: 0.086115004028 xtb: 6.2.2 (9d81278992624c895f80dd42a50cac0aa55982e2)
C         1.76463277896607   -0.25338364779949    0.11734336938061
C         0.52963725908137   -0.00346549953859   -0.27129248865425
C        -1.30725897077812    0.19849490080501    0.35896237887850
N        -0.41970168026951    1.06402351297327   -0.10963772705912
C        -0.56730938699982   -1.00566926644020   -0.09537553254573
5
 energy: -10.988660626808 gnorm: 0.040933471388 xtb: 6.2.2 (9d81278992624c895f80dd42a50cac0aa55982e2)
C         1.82013088517117   -0.18680184582035    0.09601458004506
C         0.59947179822260   -0.05085958825556   -0.25003457868677
C        -1.35192627275234    0.18632442681607    0.33392404138435
N        -0.41854669466234    0.98883024058435   -0.08098730010076
C        -0.64912971597909   -0.93749323332451   -0.09891674264188
5
 energy: -10.994083706424 gnorm: 0.043210153875 xtb: 6.2.2 (9d81278992624c895f80dd42a50cac0aa55982e2)
C         1.87615872243611   -0.17177946834489    0.05330148888678
C         0.64157587640049   -0.07310678310088   -0.21513016137852
C        -1.44244637172883    0.19790885874333    0.28824553470782
N        -0.41561386242700    0.94221955433027   -0.04614478485885
C        -0.65967436468077   -0.89524216162783   -0.08027207735723
5
 energy: -10.996498651039 gnorm: 0.048135358643 xtb: 6.2.2 (9d81278992624c895f80dd42a50cac0aa55982e2)
C         1.89542360218428   -0.16615286448050    0.01968156340673
C         0.65765348288446   -0.08828560365456   -0.19055385121457
C        -1.49951119625711    0.20731507712150    0.24321360439049
N        -0.40671020634259    0.90847504240609   -0.01424304972714
C        -0.64685568246904   -0.86135165139253   -0.05809826685552
5
 energy: -10.997873063273 gnorm: 0.029889930593 xtb: 6.2.2 (9d81278992624c895f80dd42a50cac0aa55982e2)
C         1.91063363331916   -0.16650844743222    0.00984906944238
C         0.65094239857919   -0.09704970924191   -0.16985782207310
C        -1.50880928675945    0.20869756395369    0.21891764707522
N        -0.41038844841360    0.89621516057111   -0.00601201560857
C        -0.64237829672529   -0.84135456785066   -0.05289687883594
5
 energy: -10.998965599798 gnorm: 0.029032375552 xtb: 6.2.2 (9d81278992624c895f80dd42a50cac0aa55982e2)
C         1.87989592973031   -0.17546649363228    0.00087028418116
C         0.62730289873243   -0.09951038501130   -0.15654984140883
C        -1.49140766776531    0.20837098104272    0.18752451176071
N        -0.40329936457257    0.90738993538038    0.00580547767644
C        -0.61249179612486   -0.84078403777953   -0.03765043220948
5
 energy: -11.000106101285 gnorm: 0.022358542362 xtb: 6.2.2 (9d81278992624c895f80dd42a50cac0aa55982e2)
C         1.89088672290102   -0.17597364280621   -0.00756759255808
C         0.62928016272143   -0.10267335942082   -0.13643611902306
C        -1.49427554215457    0.20806266853455    0.16816671653287
N        -0.40793630151095    0.91647973577814    0.01005581988830
C        -0.61795504195693   -0.84589540208566   -0.03421882484002
5
 energy: -11.001807314559 gnorm: 0.019855291473 xtb: 6.2.2 (9d81278992624c895f80dd42a50cac0aa55982e2)
C         1.90694140132287   -0.18409446974841   -0.04014257128641
C         0.63140748628437   -0.11086456875319   -0.06804567784855
C        -1.49711732996525    0.21042174486087    0.09538456184284
N        -0.42118725261134    0.94774376473223    0.02909390033029
C        -0.62004430503065   -0.86320647109151   -0.01629021303816
5
 energy: -11.002046007811 gnorm: 0.009905851944 xtb: 6.2.2 (9d81278992624c895f80dd42a50cac0aa55982e2)
C         1.90104080970947   -0.18329602786981   -0.04410583299210
C         0.63158527229033   -0.11243059070471   -0.05696500805053
C        -1.48763981821017    0.21064708570724    0.08417411520984
N        -0.42304286779873    0.95280174186232    0.03181442189536
C        -0.62194339599090   -0.86772220899504   -0.01491769606257
5
 energy: -11.002206182642 gnorm: 0.008397931875 xtb: 6.2.2 (9d81278992624c895f80dd42a50cac0aa55982e2)
C         1.89772465547296   -0.18134105161355   -0.05604654601876
C         0.63009904609145   -0.11586927804037   -0.03730522980198
C        -1.48842070051747    0.21350390594139    0.06135890166027
N        -0.42022078844196    0.95299854708618    0.04123318661392
C        -0.61918221260499   -0.86929212337365   -0.00924031245344
5
 energy: -11.002288850235 gnorm: 0.005813743114 xtb: 6.2.2 (9d81278992624c895f80dd42a50cac0aa55982e2)
C         1.89587957140110   -0.17722605755885   -0.06123209665288
C         0.62939550264823   -0.11692141682526   -0.02766246661368
C        -1.48782091307000    0.21579038698500    0.05414164734698
N        -0.41681758012254    0.94776987171224    0.04451581988441
C        -0.62063658085679   -0.86941278431312   -0.00976290396484
5
 energy: -11.002346991360 gnorm: 0.003797970209 xtb: 6.2.2 (9d81278992624c895f80dd42a50cac0aa55982e2)
C         1.89447887767679   -0.17176580114975   -0.06474173509857
C         0.62826003085564   -0.11586492086985   -0.02038550349047
C        -1.48702207225218    0.21789071625795    0.05102261015872
N        -0.41147638225298    0.94217807876610    0.04615985451265
C        -0.62424045402727   -0.87243807300445   -0.01205522608233
5
 energy: -11.002370495066 gnorm: 0.002582598707 xtb: 6.2.2 (9d81278992624c895f80dd42a50cac0aa55982e2)
C         1.89364297528585   -0.16951120061111   -0.06441467948492
C         0.62709754870525   -0.11284066520942   -0.01985538571809
C        -1.48578865177459    0.21856332791943    0.05318123667750
N        -0.40827721884157    0.93992148583047    0.04517429082399
C        -0.62667465337494   -0.87613294792937   -0.01408546229848
5
 energy: -11.002379524363 gnorm: 0.001736094663 xtb: 6.2.2 (9d81278992624c895f80dd42a50cac0aa55982e2)
C         1.89376211255621   -0.16924885410841   -0.06311835382211
C         0.62658378486362   -0.11032304152241   -0.02170430295872
C        -1.48533475326586    0.21801280485805    0.05535717534729
N        -0.40708766096387    0.93975004126279    0.04403849556781
C        -0.62792348319010   -0.87819095049002   -0.01457301413428
5
 energy: -11.002385525279 gnorm: 0.001506179711 xtb: 6.2.2 (9d81278992624c895f80dd42a50cac0aa55982e2)
C         1.89398921139364   -0.17082756377763   -0.06146193697307
C         0.62643903378676   -0.10686455517095   -0.02470579062989
C        -1.48514212174991    0.21672809999221    0.05679124580479
N        -0.40716749850405    0.94034669755332    0.04290861055015
C        -0.62811862492644   -0.87938267859695   -0.01353212875198
5
 energy: -11.002389897797 gnorm: 0.000965401486 xtb: 6.2.2 (9d81278992624c895f80dd42a50cac0aa55982e2)
C         1.89401965842476   -0.17180102330602   -0.06193259125133
C         0.62666801240158   -0.10544302791024   -0.02439703670929
C        -1.48548926164293    0.21574010020492    0.05445574375674
N        -0.40738842250168    0.94036372360331    0.04350553092882
C        -0.62780998668172   -0.87885977259197   -0.01163164672493
