5
 energy: -10.914665465450 gnorm: 0.122052634674 xtb: 6.2.2 (9d81278992624c895f80dd42a50cac0aa55982e2)
C         1.20149000000000   -0.58232100000000   -0.19388800000000
N        -0.00127200000000   -0.31324200000000    0.61243500000000
C        -0.74647400000000    0.75026600000000   -0.10559100000000
C        -1.16471900000000   -0.64129900000000   -0.22896900000000
C         0.71097600000000    0.78659500000000   -0.08398800000000
5
 energy: -10.937151213166 gnorm: 0.103754009515 xtb: 6.2.2 (9d81278992624c895f80dd42a50cac0aa55982e2)
C         1.27079338285497   -0.53272788764768   -0.15223819327489
N         0.00136684872473   -0.39567855142174    0.57304491440541
C        -0.74158225516922    0.74377441550253   -0.12642624766701
C        -1.23761082160884   -0.59525138820915   -0.18942734280196
C         0.70703384519836    0.77988241177604   -0.10495413066154
5
 energy: -10.958598121255 gnorm: 0.087007132962 xtb: 6.2.2 (9d81278992624c895f80dd42a50cac0aa55982e2)
C         1.30940096571486   -0.46556220436663   -0.09144310361288
N         0.00552396444104   -0.53296463332695    0.52347359969245
C        -0.73670410797405    0.74638818547283   -0.16176145091236
C        -1.28130167768789   -0.53013845634861   -0.12985150274879
C         0.70308185550604    0.78227610856937   -0.14041854241843
5
 energy: -10.976207961242 gnorm: 0.082543157886 xtb: 6.2.2 (9d81278992624c895f80dd42a50cac0aa55982e2)
C         1.27974946637519   -0.42476487912332   -0.04607090348192
N         0.00897309466458   -0.65433265722462    0.49492950345042
C        -0.73160995580387    0.76570462604197   -0.19319758481685
C        -1.25507607325204   -0.48794686175884   -0.08365301198921
C         0.69796446801614    0.80133877206480   -0.17200900316244
5
 energy: -10.995447507318 gnorm: 0.043414898597 xtb: 6.2.2 (9d81278992624c895f80dd42a50cac0aa55982e2)
C         1.17662672690881   -0.38943992727985    0.01135305385305
N         0.01379484572978   -0.83233346620568    0.46909504272233
C        -0.72780567577987    0.81696350959533   -0.23913902262663
C        -1.15559105033082   -0.44757255303387   -0.02322762241960
C         0.69297615347210    0.85238143692407   -0.21808245152916
5
 energy: -10.996715041241 gnorm: 0.015286853009 xtb: 6.2.2 (9d81278992624c895f80dd42a50cac0aa55982e2)
C         1.16825621205673   -0.39395606094528    0.01968962729485
N         0.01445330871737   -0.85383261544085    0.46062605806247
C        -0.73617956725905    0.83182099326211   -0.24348799580502
C        -1.14725753192746   -0.45167540783880   -0.01463963416316
C         0.70072857841241    0.86764209096282   -0.22218905538914
5
 energy: -10.996921640033 gnorm: 0.006483928514 xtb: 6.2.2 (9d81278992624c895f80dd42a50cac0aa55982e2)
C         1.16933006281958   -0.40075073505619    0.01606925918415
N         0.01421104346909   -0.84576073505763    0.46315041462548
C        -0.74145734327928    0.83447133506754   -0.24119147521985
C        -1.14788214541960   -0.45851280041922   -0.01828559508848
C         0.70579938241020    0.87055193546550   -0.21974360350130
5
 energy: -10.996962296037 gnorm: 0.004858256654 xtb: 6.2.2 (9d81278992624c895f80dd42a50cac0aa55982e2)
C         1.16870455145476   -0.40238058918852    0.01390767121353
N         0.01411263727088   -0.84408896824939    0.46721107181868
C        -0.74262453882554    0.83521908780961   -0.24107786943657
C        -1.14711286448250   -0.46010604760244   -0.02043517379945
C         0.70692121458239    0.87135551723075   -0.21960669979619
5
 energy: -10.997005310782 gnorm: 0.002260886144 xtb: 6.2.2 (9d81278992624c895f80dd42a50cac0aa55982e2)
C         1.16693292395750   -0.40377931295543    0.00981976389233
N         0.01393344307581   -0.84255200458979    0.47625750395970
C        -0.74361418196423    0.83578211542134   -0.24157072631322
C        -1.14516293149383   -0.46142573243327   -0.02445434943599
C         0.70791174642474    0.87197393455715   -0.22005319210282
5
 energy: -10.997010713903 gnorm: 0.000804678694 xtb: 6.2.2 (9d81278992624c895f80dd42a50cac0aa55982e2)
C         1.16625619506258   -0.40331830180259    0.00903214188658
N         0.01391231326306   -0.84297535883110    0.47866137674747
C        -0.74342218345061    0.83551483427951   -0.24195448398840
C        -1.14447516531149   -0.46091572281347   -0.02525137775210
C         0.70772984043646    0.87169354916766   -0.22048865689356
5
 energy: -10.997011204674 gnorm: 0.000340128053 xtb: 6.2.2 (9d81278992624c895f80dd42a50cac0aa55982e2)
C         1.16611969624362   -0.40271586820119    0.00904383029547
N         0.01391196486788   -0.84347860324641    0.47903798627956
C        -0.74321138382364    0.83517458882379   -0.24219835701236
C        -1.14439614875872   -0.46033829711825   -0.02520116815280
C         0.70757687147087    0.87135717974206   -0.22068329140987
