5
 energy: -8.737820380030 gnorm: 0.227666509547 xtb: 6.2.2 (9d81278992624c895f80dd42a50cac0aa55982e2)
C         0.04583400000000   -0.65545100000000    0.13011300000000
N        -1.28899800000000   -0.31085600000000   -0.32735000000000
N         0.97344700000000    0.40437200000000   -0.22373700000000
H        -1.64271200000000    0.45130500000000    0.29431100000000
H         1.91242900000000    0.11063100000000    0.12666300000000
5
 energy: -8.781248687387 gnorm: 0.108874451943 xtb: 6.2.2 (9d81278992624c895f80dd42a50cac0aa55982e2)
C         0.05197485355015   -0.58493859279606    0.07897145403175
N        -1.25128286964360   -0.33438511786870   -0.27842692118696
N         0.93658342725862    0.36509041229516   -0.16406554098116
H        -1.63048475884796    0.45351504578406    0.26194704249437
H         1.89320934768280    0.10071925258553    0.10157396564199
5
 energy: -8.794798468739 gnorm: 0.114432472634 xtb: 6.2.2 (9d81278992624c895f80dd42a50cac0aa55982e2)
C         0.06077716793049   -0.55953394534919    0.02299140885802
N        -1.22608297696335   -0.38170318501079   -0.20834315442842
N         0.88020033992837    0.35383415745967   -0.00966245273738
H        -1.61760071858493    0.49406816567649    0.18449199420277
H         1.90270618768942    0.09333580722382    0.01052220410501
5
 energy: -8.795766703697 gnorm: 0.099980407438 xtb: 6.2.2 (9d81278992624c895f80dd42a50cac0aa55982e2)
C         0.05009286427593   -0.60196527780623   -0.07526422683005
N        -1.27730721539976   -0.46816441143000   -0.10942919491404
N         0.88124118361824    0.38624872056087    0.10352412602198
H        -1.57032424850017    0.57265231198609    0.10845472709828
H         1.91629741600576    0.11122965668928   -0.02728543137617
5
 energy: -8.799251544931 gnorm: 0.110866206672 xtb: 6.2.2 (9d81278992624c895f80dd42a50cac0aa55982e2)
C         0.00504064822576   -0.55263475806531   -0.10106831050284
N        -1.27709784486849   -0.42506963855586   -0.09384538094702
N         0.98701344230870    0.31375114685672   -0.00115028295150
H        -1.63532662155943    0.51489892622684    0.14917697159578
H         1.92037037589346    0.14905532353761    0.04688700280558
5
 energy: -8.801660179261 gnorm: 0.080792897455 xtb: 6.2.2 (9d81278992624c895f80dd42a50cac0aa55982e2)
C         0.00656234759764   -0.54112163849769    0.00222874611972
N        -1.21280618103468   -0.37909549956184   -0.14962386940834
N         0.93415115381047    0.34971080320147    0.07272359263395
H        -1.67572507549241    0.47414547089638    0.13056294912872
H         1.94781775511899    0.09636186396168   -0.05589141847404
5
 energy: -8.805072649734 gnorm: 0.044417243974 xtb: 6.2.2 (9d81278992624c895f80dd42a50cac0aa55982e2)
C         0.05297237778790   -0.55739011950251   -0.06060494132776
N        -1.24237482211347   -0.41360959951992   -0.10059393296000
N         0.92924452617514    0.35930195150354    0.06009290433397
H        -1.66655758534741    0.51725609977696    0.11800041438559
H         1.92671550349784    0.09444266774193   -0.01689444443181
5
 energy: -8.806476805293 gnorm: 0.015116461502 xtb: 6.2.2 (9d81278992624c895f80dd42a50cac0aa55982e2)
C         0.03255483700839   -0.52698468803929   -0.06603488239191
N        -1.24745721510531   -0.41824885729965   -0.08696326048020
N         0.96516710011151    0.36014727512097    0.07172060904992
H        -1.68808085267475    0.49933857888128    0.10943205188198
H         1.93781613066016    0.08574869133670   -0.02815451805980
5
 energy: -8.806708516928 gnorm: 0.008744126952 xtb: 6.2.2 (9d81278992624c895f80dd42a50cac0aa55982e2)
C         0.03469172238107   -0.52596558372391   -0.06176443718110
N        -1.23319598323571   -0.41339979462094   -0.08455178836382
N         0.95740057927397    0.36512519196787    0.07621779226042
H        -1.67967519414365    0.49510959331344    0.10448786372197
H         1.92077887572433    0.07913159306354   -0.03438943043747
5
 energy: -8.806772511093 gnorm: 0.005163637298 xtb: 6.2.2 (9d81278992624c895f80dd42a50cac0aa55982e2)
C         0.03792717891951   -0.51318922716825   -0.05857322909561
N        -1.23306192828735   -0.41297260571491   -0.07979991163337
N         0.96545966223733    0.37216311334180    0.08648478815232
H        -1.69827219394474    0.48798722596007    0.09750680417997
H         1.92794728107526    0.06601249358129   -0.04561845160330
5
 energy: -8.806801955869 gnorm: 0.002781472060 xtb: 6.2.2 (9d81278992624c895f80dd42a50cac0aa55982e2)
C         0.03913777286650   -0.51577203846617   -0.06513526382744
N        -1.23455977088194   -0.41253245319589   -0.07439678952028
N         0.96603629216868    0.36862912228578    0.08223100152851
H        -1.69712858123468    0.48980639841126    0.09702055045896
H         1.92651428708145    0.06986997096502   -0.03971949863974
5
 energy: -8.806806362984 gnorm: 0.001513982881 xtb: 6.2.2 (9d81278992624c895f80dd42a50cac0aa55982e2)
C         0.03877704712418   -0.51566892241581   -0.06492403027845
N        -1.23408053593197   -0.41148350938491   -0.07398667232143
N         0.96597299038664    0.36841200912578    0.08183438672958
H        -1.69757105895236    0.48889173797816    0.09672126257090
H         1.92690155737351    0.06984968469679   -0.03964494670059
5
 energy: -8.806810332371 gnorm: 0.000958847947 xtb: 6.2.2 (9d81278992624c895f80dd42a50cac0aa55982e2)
C         0.03858666742921   -0.51556316615484   -0.06668562489132
N        -1.23372171269692   -0.41094741780251   -0.07159337577713
N         0.96575340677524    0.36846554913595    0.08045499942443
H        -1.69821807882442    0.48842097778855    0.09591019377910
H         1.92759971731690    0.06962505703286   -0.03808619253508
