5
 energy: -10.916202872515 gnorm: 0.258844624922 xtb: 6.2.2 (9d81278992624c895f80dd42a50cac0aa55982e2)
N         1.66775200000000    0.11157400000000    0.15564900000000
C         0.27812400000000    0.44737700000000    0.40414400000000
C        -0.15183100000000   -0.67887500000000   -0.60401200000000
C        -0.91720800000000   -0.45909600000000    0.61058500000000
C        -0.87683700000000    0.57902000000000   -0.56636600000000
5
 energy: -10.977205510114 gnorm: 0.132083237698 xtb: 6.2.2 (9d81278992624c895f80dd42a50cac0aa55982e2)
N         1.52598427022309    0.13079293764197    0.16773203345035
C         0.32154604307130    0.44816312056535    0.40633125346476
C        -0.17304096678175   -0.71247416218222   -0.63437444269885
C        -0.85753027083664   -0.45482100412167    0.62149036002876
C        -0.81695907567600    0.58833910809656   -0.56117920424502
5
 energy: -10.972711317490 gnorm: 0.328743294590 xtb: 6.2.2 (9d81278992624c895f80dd42a50cac0aa55982e2)
N         1.43395982825074    0.17825403537820    0.20643205567667
C         0.38188687799151    0.43543089371636    0.39717434817969
C        -0.24409837182071   -0.76029324371908   -0.67898830465927
C        -0.80637247918712   -0.45366672261242    0.63513548722130
C        -0.76537585523442    0.60027503723695   -0.55975358641840
5
 energy: -10.994544031175 gnorm: 0.061182875879 xtb: 6.2.2 (9d81278992624c895f80dd42a50cac0aa55982e2)
N         1.51052396726591    0.17711767929189    0.20805394437543
C         0.35498581054907    0.44091472464543    0.40109131303542
C        -0.26093284652390   -0.75701918450494   -0.67667660839628
C        -0.82287600661587   -0.45972428624114    0.63375742025029
C        -0.78170092467521    0.59871106680876   -0.56622606926486
5
 energy: -11.007507242711 gnorm: 0.082852793401 xtb: 6.2.2 (9d81278992624c895f80dd42a50cac0aa55982e2)
N         1.54916857939665    0.22169931047064    0.24870002320421
C         0.37180934976054    0.42620588202046    0.38869745985923
C        -0.35383715103304   -0.78372579118593   -0.70341937114050
C        -0.80457975358280   -0.47210738161097    0.64524619084583
C        -0.76256102454135    0.60792798030580   -0.57922430276877
5
 energy: -11.021151700958 gnorm: 0.098518558162 xtb: 6.2.2 (9d81278992624c895f80dd42a50cac0aa55982e2)
N         1.58505177903298    0.26607310005623    0.28906855067363
C         0.38928506198658    0.40952210852110    0.37458290560180
C        -0.44975735035092   -0.80346453964690   -0.72412001939417
C        -0.78370958824472   -0.48658894418256    0.65437951454622
C        -0.74086990242392    0.61445827525213   -0.59391095142748
5
 energy: -11.051232948269 gnorm: 0.153017203273 xtb: 6.2.2 (9d81278992624c895f80dd42a50cac0aa55982e2)
N         1.67477899581618    0.39896297573888    0.40936538975259
C         0.44952016718218    0.37031271321037    0.34206175104202
C        -0.77522816642327   -0.83878280296363   -0.76644327484953
C        -0.69733507149782   -0.55124786233318    0.67187518094391
C        -0.65173592507727    0.62075497634757   -0.65685904688898
5
 energy: -11.066014655612 gnorm: 0.097793439175 xtb: 6.2.2 (9d81278992624c895f80dd42a50cac0aa55982e2)
N         1.66663645231772    0.40895236510661    0.41789712049785
C         0.47084032015730    0.38193573650081    0.35304413474613
C        -0.84613015423758   -0.81067462501316   -0.74408365407467
C        -0.66862748671057   -0.58006500323124    0.65542407282476
C        -0.62271913152686    0.59985152663697   -0.68228167399408
5
 energy: -11.077912948199 gnorm: 0.042432596842 xtb: 6.2.2 (9d81278992624c895f80dd42a50cac0aa55982e2)
N         1.66963396457844    0.43177687246704    0.43813476939317
C         0.50441874524107    0.38674215511444    0.35843288230907
C        -0.96499045307308   -0.76130020735898   -0.70461401422498
C        -0.62746806021116   -0.61813716444402    0.62238869141104
C        -0.58159419653527    0.56091834422152   -0.71434232888830
5
 energy: -11.080553215325 gnorm: 0.079992665693 xtb: 6.2.2 (9d81278992624c895f80dd42a50cac0aa55982e2)
N         1.70276408640640    0.48644995845498    0.48750490690132
C         0.53789397098648    0.36994694298164    0.34475837159543
C        -1.12829542653008   -0.74138232990725   -0.69265327322352
C        -0.57929035111844   -0.65157299716531    0.60370505907452
C        -0.53307227974435    0.53655842563594   -0.74331506434775
5
 energy: -11.084434756388 gnorm: 0.033188635260 xtb: 6.2.2 (9d81278992624c895f80dd42a50cac0aa55982e2)
N         1.71171808791303    0.48884793659366    0.48992534869244
C         0.54589245993283    0.35820328725901    0.33467425875240
C        -1.13821029779387   -0.71650570757552   -0.67104780360876
C        -0.58232492852035   -0.64685545701987    0.58257911139103
C        -0.53707532153164    0.51630994074272   -0.73613091522711
5
 energy: -11.086539902541 gnorm: 0.027185712350 xtb: 6.2.2 (9d81278992624c895f80dd42a50cac0aa55982e2)
N         1.72268273737791    0.51219907995978    0.51089415802170
C         0.56805061435845    0.34211355405242    0.32124208525164
C        -1.20701633586191   -0.69099864335731   -0.65090445718808
C        -0.56407802147796   -0.65273083424960    0.55681984370505
C        -0.51963899439650    0.48941684359471   -0.73805162979031
5
 energy: -11.090701218504 gnorm: 0.070121624529 xtb: 6.2.2 (9d81278992624c895f80dd42a50cac0aa55982e2)
N         1.76203343866585    0.60083259188013    0.59048926313192
C         0.64770417326978    0.28582155161956    0.27425086812446
C        -1.45955361468160   -0.61280689819801   -0.59062617630325
C        -0.49578220891529   -0.66947470444299    0.46669836454230
C        -0.45440178833873    0.39562745914131   -0.74081231949543
5
 energy: -11.093046640882 gnorm: 0.012470408864 xtb: 6.2.2 (9d81278992624c895f80dd42a50cac0aa55982e2)
N         1.74332012242363    0.58067457867567    0.57205394926171
C         0.63336066486913    0.29272785754984    0.27985062366639
C        -1.39494402871031   -0.62711461741801   -0.60101816823243
C        -0.51134042463663   -0.64979155976422    0.47161053574587
C        -0.47039633394582    0.40350374095672   -0.72249694044155
5
 energy: -11.093372667554 gnorm: 0.019398360874 xtb: 6.2.2 (9d81278992624c895f80dd42a50cac0aa55982e2)
N         1.75131870163847    0.60689059065188    0.59542568524078
C         0.65902022226224    0.27054033368920    0.26114368053355
C        -1.46439030756287   -0.59956708247517   -0.57906672630341
C        -0.49259579794142   -0.64297592491849    0.43264114381007
C        -0.45335281839642    0.36511208305257   -0.71014378328100
5
 energy: -11.093693221156 gnorm: 0.008141943264 xtb: 6.2.2 (9d81278992624c895f80dd42a50cac0aa55982e2)
N         1.74887941042539    0.59668928776651    0.58636715154635
C         0.64972581869114    0.27941929871059    0.26862613287152
C        -1.44065487390468   -0.60700591752982   -0.58481902181828
C        -0.49900674184346   -0.64938807828040    0.44853557557082
C        -0.45894361336840    0.38028540933311   -0.71870983817041
5
 energy: -11.093755628856 gnorm: 0.007879445690 xtb: 6.2.2 (9d81278992624c895f80dd42a50cac0aa55982e2)
N         1.74965361636274    0.59798252058442    0.58758603052481
C         0.65152005359863    0.27754537827488    0.26694798905845
C        -1.44589384944726   -0.60234074449255   -0.58088647591604
C        -0.49764520814384   -0.65111788090899    0.44641718901483
C        -0.45763461237027    0.37793072654224   -0.72006473268205
5
 energy: -11.094096143107 gnorm: 0.008234921954 xtb: 6.2.2 (9d81278992624c895f80dd42a50cac0aa55982e2)
N         1.75165767843587    0.60488185921008    0.59403615164855
C         0.66369896034772    0.26299568699473    0.25364019526090
C        -1.48149212650926   -0.56129979908717   -0.54570009270325
C        -0.48698401582535   -0.66758254442743    0.43152323072747
C        -0.44688049644898    0.36100479730980   -0.73349948493366
5
 energy: -11.094192636097 gnorm: 0.007207386124 xtb: 6.2.2 (9d81278992624c895f80dd42a50cac0aa55982e2)
N         1.75010172689265    0.60435196998345    0.59417070204624
C         0.66548772136874    0.25785697262744    0.24797197317716
C        -1.48564879285543   -0.54662920321805   -0.53288956896384
C        -0.48494115365334   -0.67369738720890    0.42929603664176
C        -0.44499950175262    0.35811764781607   -0.73854914290133
5
 energy: -11.094249339876 gnorm: 0.005360889950 xtb: 6.2.2 (9d81278992624c895f80dd42a50cac0aa55982e2)
N         1.74653071441367    0.60453026688639    0.59476140947566
C         0.66775045035443    0.25265386850755    0.24135393580569
C        -1.49176892101676   -0.53167403112451   -0.51930446898479
C        -0.48157853792275   -0.68093468600527    0.42689586665674
C        -0.44093370582859    0.35542458173584   -0.74370674295330
5
 energy: -11.094297302753 gnorm: 0.007111990378 xtb: 6.2.2 (9d81278992624c895f80dd42a50cac0aa55982e2)
N         1.74356665106494    0.60389481954374    0.59696172953298
C         0.66943397210429    0.24932733986431    0.23299531105015
C        -1.49361184589570   -0.52247394969229   -0.51109633802774
C        -0.47958097898821   -0.68582118199854    0.42644466580538
C        -0.43980779828531    0.35507297228277   -0.74530536836076
5
 energy: -11.093452257054 gnorm: 0.022252609645 xtb: 6.2.2 (9d81278992624c895f80dd42a50cac0aa55982e2)
N         1.72159032718940    0.63881980685019    0.62936327713261
C         0.70378297316208    0.19821530091967    0.18561487801909
C        -1.50615548726563   -0.50577628655621   -0.49481282940282
C        -0.47968021339319   -0.68702371798017    0.42587357321939
C        -0.43953759969266    0.35576489676653   -0.74603889896828
5
 energy: -11.094385233152 gnorm: 0.007260819218 xtb: 6.2.2 (9d81278992624c895f80dd42a50cac0aa55982e2)
N         1.73879142123943    0.60829042794583    0.60306890716668
C         0.67682369114833    0.24119014048369    0.22215484891986
C        -1.49513332863436   -0.52253415363701   -0.50904434824649
C        -0.48074607632297   -0.68440622578850    0.42767618957904
C        -0.43973570743042    0.35745981099599   -0.74385559741908
5
 energy: -11.094448659347 gnorm: 0.009057019343 xtb: 6.2.2 (9d81278992624c895f80dd42a50cac0aa55982e2)
N         1.74100672520007    0.60526525082349    0.60320794763092
C         0.67567627112808    0.24585082584585    0.22176436301613
C        -1.49471643841808   -0.52555602274152   -0.50950037288741
C        -0.48211331368565   -0.68392019448894    0.42778701487736
C        -0.43985324422442    0.35836014056112   -0.74325895263700
5
 energy: -11.094549598548 gnorm: 0.011568063332 xtb: 6.2.2 (9d81278992624c895f80dd42a50cac0aa55982e2)
N         1.74113332757720    0.60294911424758    0.60479131366612
C         0.67589272681645    0.24907595978940    0.21868515097929
C        -1.49439519716866   -0.52776776859909   -0.50871146254068
C        -0.48317809598726   -0.68351356359929    0.42780867675824
C        -0.43945276123772    0.35925625816140   -0.74257367886297
5
 energy: -11.094710592865 gnorm: 0.014215396950 xtb: 6.2.2 (9d81278992624c895f80dd42a50cac0aa55982e2)
N         1.74122882546988    0.60026104903322    0.60709072492189
C         0.67611382903797    0.25327353735330    0.21473929478752
C        -1.49427181700367   -0.52988999428440   -0.50723535187179
C        -0.48426461879588   -0.68350298475071    0.42750153852266
C        -0.43880621870831    0.35985839264859   -0.74209620636029
5
 energy: -11.094945891756 gnorm: 0.016461944092 xtb: 6.2.2 (9d81278992624c895f80dd42a50cac0aa55982e2)
N         1.74112459613861    0.59712346438031    0.61006960492726
C         0.67655210845835    0.25829487564750    0.20970795294883
C        -1.49416510398298   -0.53214608009282   -0.50528624608243
C        -0.48548457584150   -0.68368128160947    0.42711651768987
C        -0.43802702477247    0.36040902167449   -0.74160782948353
5
 energy: -11.095247623749 gnorm: 0.017714083011 xtb: 6.2.2 (9d81278992624c895f80dd42a50cac0aa55982e2)
N         1.74087579911036    0.59357732028403    0.61357974525889
C         0.67721138054769    0.26408147397149    0.20381055728998
C        -1.49402320684157   -0.53447316070754   -0.50303866736358
C        -0.48682935755824   -0.68406268487623    0.42674706581823
C        -0.43723461525825    0.36087705132824   -0.74109870100353
5
 energy: -11.095579481484 gnorm: 0.017862436037 xtb: 6.2.2 (9d81278992624c895f80dd42a50cac0aa55982e2)
N         1.74044998280639    0.58988672323229    0.61736146841330
C         0.67811773397222    0.27023974074566    0.19743011738789
C        -1.49379435634071   -0.53659825724813   -0.50072172223220
C        -0.48821362387122   -0.68471049767680    0.42652453869815
C        -0.43655973656668    0.36118229094697   -0.74059440226714
5
 energy: -11.043792944280 gnorm: 0.333707167616 xtb: 6.2.2 (9d81278992624c895f80dd42a50cac0aa55982e2)
N         1.71779573294361    0.43710771708884    0.77763102455447
C         0.72305123121471    0.53513470545449   -0.07932367349491
C        -1.48140275021440   -0.61455977622228   -0.40574877274141
C        -0.55092620282374   -0.72492860807173    0.42374714333559
C        -0.40851801112019    0.36724596175068   -0.71630572165374
5
 energy: -11.096075016102 gnorm: 0.060072883874 xtb: 6.2.2 (9d81278992624c895f80dd42a50cac0aa55982e2)
N         1.72281144915078    0.52558158509763    0.68170927503599
C         0.71311822787735    0.38419447646245    0.08047602780020
C        -1.49729003167040   -0.57081310438600   -0.47026614740377
C        -0.51491301146964   -0.70261080309132    0.43178262736192
C        -0.42372663388809    0.36364784591724   -0.72370178279434
5
 energy: -11.097825716589 gnorm: 0.030376570472 xtb: 6.2.2 (9d81278992624c895f80dd42a50cac0aa55982e2)
N         1.72814752683044    0.53975107067528    0.66661907672440
C         0.70933284689985    0.36819919451624    0.10763418892482
C        -1.49565490959676   -0.55658151962493   -0.47861157066650
C        -0.51304984702894   -0.70654336792028    0.43043825509866
C        -0.42877561710458    0.35517462235369   -0.72607995008138
5
 energy: -11.098799734377 gnorm: 0.017369965757 xtb: 6.2.2 (9d81278992624c895f80dd42a50cac0aa55982e2)
N         1.73588808342711    0.55661874348645    0.65290121092508
C         0.70705758883300    0.35543624071753    0.12586304505701
C        -1.49287636622879   -0.53944434274251   -0.49066979134194
C        -0.51817563107094   -0.71790018289426    0.43464567492631
C        -0.43189367496037    0.34528954143279   -0.72274013956646
5
 energy: -11.099555320781 gnorm: 0.016097187444 xtb: 6.2.2 (9d81278992624c895f80dd42a50cac0aa55982e2)
N         1.74027426902676    0.57124654001083    0.64167532424407
C         0.71013226347726    0.35078616975540    0.12918169674875
C        -1.48930543352352   -0.52504907590899   -0.50439236487689
C        -0.53225282524024   -0.73487995953056    0.44457688003595
C        -0.42884827374026    0.33789632567332   -0.71104153615188
5
 energy: -11.101684016647 gnorm: 0.035532645421 xtb: 6.2.2 (9d81278992624c895f80dd42a50cac0aa55982e2)
N         1.75475280336647    0.60525608694463    0.61553474193545
C         0.72766488121583    0.36210161092266    0.12107560133847
C        -1.48269919466611   -0.49067593016005   -0.54360500850681
C        -0.58695945854758   -0.79297268483824    0.47538080268132
C        -0.41275903136861    0.31629091713101   -0.66838613744843
5
 energy: -11.105468310083 gnorm: 0.096450534876 xtb: 6.2.2 (9d81278992624c895f80dd42a50cac0aa55982e2)
N         1.79122069510366    0.66563980478365    0.57474480172158
C         0.78021867416046    0.41671811068865    0.08424841351943
C        -1.47838167103294   -0.43200344805507   -0.62011757162418
C        -0.71748785662182   -0.91869108409577    0.53299927133557
C        -0.37556984160936    0.26833661667854   -0.57187491495240
5
 energy: -11.111652931611 gnorm: 0.111768580920 xtb: 6.2.2 (9d81278992624c895f80dd42a50cac0aa55982e2)
N         1.82304546070392    0.68850936921702    0.57243221681259
C         0.82489780954018    0.47152674832546    0.04936414499507
C        -1.48952314842845   -0.41569586527439   -0.65306103938114
C        -0.79725412858778   -0.98043200430054    0.54859358218803
C        -0.36116599322787    0.23609175203245   -0.51732890461455
5
 energy: -11.124955468974 gnorm: 0.103887308275 xtb: 6.2.2 (9d81278992624c895f80dd42a50cac0aa55982e2)
N         1.88012235962702    0.66933061903276    0.63920224627801
C         0.91413384629022    0.60696099066545   -0.03766455211872
C        -1.53841341749123   -0.45215812662396   -0.64215978954314
C        -0.89354431272971   -1.00854262978095    0.50149599781272
C        -0.36229847569630    0.18440914670671   -0.46087390242887
5
 energy: -11.130562208345 gnorm: 0.054216371184 xtb: 6.2.2 (9d81278992624c895f80dd42a50cac0aa55982e2)
N         1.86125502787110    0.67325992345915    0.61538830585054
C         0.89905118519706    0.58522334087586   -0.01113334907907
C        -1.52656033453643   -0.44795868209248   -0.63507327526578
C        -0.88681997612976   -0.99491334434873    0.48620950762361
C        -0.34692590240197    0.18438876210621   -0.45539118912930
5
 energy: -11.134223827963 gnorm: 0.097288160421 xtb: 6.2.2 (9d81278992624c895f80dd42a50cac0aa55982e2)
N         1.87843362549110    0.71032585851186    0.58221510845758
C         0.91521165484171    0.60737007216862   -0.00413714920972
C        -1.52267337002126   -0.41189133349096   -0.65872304305924
C        -0.95423146987517   -1.04106932892929    0.47273760712144
C        -0.31674044043638    0.13526473173977   -0.39209252331006
5
 energy: -11.139891111666 gnorm: 0.073712812299 xtb: 6.2.2 (9d81278992624c895f80dd42a50cac0aa55982e2)
N         1.90585826613848    0.74105542795220    0.54535726960555
C         0.89973498912066    0.61090688384336    0.03794361250923
C        -1.51186209184426   -0.38613047494421   -0.66362194209597
C        -0.99744139757868   -1.04306961714619    0.41728641501654
C        -0.29628976583619    0.07723778029485   -0.33696535503535
5
 energy: -11.145933413580 gnorm: 0.059038020630 xtb: 6.2.2 (9d81278992624c895f80dd42a50cac0aa55982e2)
N         1.97417637163294    0.82922286594897    0.47339340413253
C         0.89583793134872    0.60336476256162    0.09277876554427
C        -1.49789030750575   -0.31797580810402   -0.72347559999438
C        -1.10248514144639   -1.09775030804527    0.38458713215439
C        -0.26963885402951   -0.01686151236130   -0.22728370183681
5
 energy: -11.148233138383 gnorm: 0.048695008126 xtb: 6.2.2 (9d81278992624c895f80dd42a50cac0aa55982e2)
N         1.96574033027997    0.87712450927997    0.48069132720146
C         0.92743480543015    0.55112044976911    0.07029244086616
C        -1.49631208249134   -0.29142606313128   -0.72318026498692
C        -1.12709423680908   -1.10108855691781    0.37348301860994
C        -0.26976881640970   -0.03573033900000   -0.20128652169063
5
 energy: -11.149143637521 gnorm: 0.017617861268 xtb: 6.2.2 (9d81278992624c895f80dd42a50cac0aa55982e2)
N         1.95549686886225    0.90156586539267    0.47483027676030
C         0.95184655313978    0.52051348620461    0.05482037459458
C        -1.47991571836889   -0.28626102503909   -0.72384241233675
C        -1.14556769271187   -1.11135614354166    0.36032318835698
C        -0.28186001092127   -0.02446218301653   -0.16613142737511
5
 energy: -11.149764325096 gnorm: 0.025949464157 xtb: 6.2.2 (9d81278992624c895f80dd42a50cac0aa55982e2)
N         1.99804232690528    0.87331141449460    0.37745924031765
C         0.91066047400482    0.58038816738153    0.15630643442890
C        -1.42659060981372   -0.30966386552358   -0.75875630130060
C        -1.18934917100494   -1.12354754912652    0.33911017518651
C        -0.29276302009142   -0.02048816722600   -0.11411954863247
5
 energy: -11.150568990432 gnorm: 0.017726744799 xtb: 6.2.2 (9d81278992624c895f80dd42a50cac0aa55982e2)
N         1.99054480046589    0.90068793012769    0.39015127949928
C         0.92789756894266    0.54999049682025    0.13646434267518
C        -1.43383388580978   -0.29574987372301   -0.75359648242538
C        -1.19473980762201   -1.12719184356001    0.33682338001949
C        -0.28986867597676   -0.02773670966492   -0.10984251976858
5
 energy: -11.150978853973 gnorm: 0.025606542214 xtb: 6.2.2 (9d81278992624c895f80dd42a50cac0aa55982e2)
N         1.98439777268873    0.95041364146082    0.39486426498892
C         0.94779810860276    0.50648836404254    0.12617067612957
C        -1.44050114551742   -0.26726750570709   -0.74421741201780
C        -1.21441786407849   -1.13254542020220    0.32903962254613
C        -0.27727687169559   -0.05708907959406   -0.10585715164682
5
 energy: -11.151226990380 gnorm: 0.007322259563 xtb: 6.2.2 (9d81278992624c895f80dd42a50cac0aa55982e2)
N         1.97926964143954    0.95179056852774    0.38922595786154
C         0.94700006569555    0.50687438971565    0.13292523882510
C        -1.43840922247436   -0.26279743410616   -0.74204121311822
C        -1.21665066299536   -1.13095525989875    0.32775890419319
C        -0.27120982166538   -0.06491226423848   -0.10786888776162
5
 energy: -11.151373157977 gnorm: 0.004258640415 xtb: 6.2.2 (9d81278992624c895f80dd42a50cac0aa55982e2)
N         1.97573051717918    0.96903155698002    0.37481955419803
C         0.95065521361632    0.49643971894690    0.14617133837531
C        -1.43388655445790   -0.25055930565117   -0.74109241793968
C        -1.23014618875942   -1.13223376439527    0.32079189417706
C        -0.26235298757817   -0.08267820588048   -0.10069036881072
5
 energy: -11.151401539895 gnorm: 0.003111532810 xtb: 6.2.2 (9d81278992624c895f80dd42a50cac0aa55982e2)
N         1.97518540637356    0.97601235227458    0.36560957475129
C         0.95177171832453    0.49210161158854    0.15387733215806
C        -1.42979642141823   -0.24635787984095   -0.74265874432163
C        -1.23628772927395   -1.13269557550062    0.31646557549141
C        -0.26087297400592   -0.08906050852154   -0.09329373807913
5
 energy: -11.151408870280 gnorm: 0.001253938497 xtb: 6.2.2 (9d81278992624c895f80dd42a50cac0aa55982e2)
N         1.97409432785423    0.97798776243331    0.36308017495218
C         0.95236810764870    0.49017479756400    0.15539941615207
C        -1.42830539012634   -0.24482736663465   -0.74327892114829
C        -1.23713832096941   -1.13228372683937    0.31503974640849
C        -0.26101872440718   -0.09105146652329   -0.09024041636445
5
 energy: -11.151411161592 gnorm: 0.000764779352 xtb: 6.2.2 (9d81278992624c895f80dd42a50cac0aa55982e2)
N         1.97427737430263    0.97813067344938    0.36094671119027
C         0.95221045190671    0.49007367918913    0.15624816945342
C        -1.42664094938034   -0.24465015187377   -0.74488468401954
C        -1.23760793216648   -1.13247995358851    0.31419158794908
C        -0.26223894466252   -0.09107424717622   -0.08650178457324
