5
 energy: -7.870357896900 gnorm: 0.156677258289 xtb: 6.2.2 (9d81278992624c895f80dd42a50cac0aa55982e2)
N        -0.53321500000000   -0.25473800000000    0.35103600000000
C         0.91635600000000   -0.20304000000000    0.47209400000000
C        -1.00798200000000    1.10949700000000    0.19556900000000
H        -0.76126000000000   -0.76498100000000   -0.53229500000000
H         1.38610100000000    0.11326200000000   -0.48640400000000
5
 energy: -7.902181449854 gnorm: 0.108825097149 xtb: 6.2.2 (9d81278992624c895f80dd42a50cac0aa55982e2)
N        -0.51355896841938   -0.21775684495681    0.27041358190119
C         0.88590287528509   -0.10829544191706    0.49003402408480
C        -0.97575403036512    1.05424980102767    0.25456809632864
H        -0.80555307388688   -0.79134992595285   -0.53519102897564
H         1.40896319738629    0.06315241179904   -0.47982467333898
5
 energy: -7.917997394512 gnorm: 0.147895652875 xtb: 6.2.2 (9d81278992624c895f80dd42a50cac0aa55982e2)
N        -0.48923119434413   -0.13810068402354    0.14617310768918
C         0.84171459504190   -0.01364333798637    0.50463838026926
C        -0.90300959724545    0.97108972244127    0.32779750297234
H        -0.87351843305479   -0.85442289697859   -0.52330121692703
H         1.42404462960248    0.03507719654723   -0.45530777400375
5
 energy: -7.930166054046 gnorm: 0.088362133130 xtb: 6.2.2 (9d81278992624c895f80dd42a50cac0aa55982e2)
N        -0.47980505341561   -0.12959233708701    0.05183540234725
C         0.82757008593779    0.10576865498791    0.52578535507294
C        -0.93311439028741    1.00731736247557    0.42992711718820
H        -0.88103844839802   -0.91811663044056   -0.54543414211971
H         1.46638780616326   -0.06537704993590   -0.46211373248869
5
 energy: -7.954627964594 gnorm: 0.127831367880 xtb: 6.2.2 (9d81278992624c895f80dd42a50cac0aa55982e2)
N        -0.51164904126387   -0.19782989390184   -0.00521859555974
C         0.75973672512570    0.15937407911837    0.49066160404705
C        -0.75945369433478    1.04682475955402    0.44705548162719
H        -0.92464241660055   -1.02674838429124   -0.51923930776212
H         1.43600842707350    0.01837943952069   -0.41325918235238
5
 energy: -7.978510040945 gnorm: 0.136041392189 xtb: 6.2.2 (9d81278992624c895f80dd42a50cac0aa55982e2)
N        -0.58791600644126   -0.34524962997134   -0.02697264644888
C         0.61127994467897    0.27997702636502    0.39229974977925
C        -0.48947304219993    1.05244886774158    0.44941108418155
H        -0.94358162689780   -1.09557378379565   -0.47104328528436
H         1.40969073086002    0.10839751966039   -0.34369490222758
5
 energy: -7.982369044745 gnorm: 0.112161400090 xtb: 6.2.2 (9d81278992624c895f80dd42a50cac0aa55982e2)
N        -0.57844759823570   -0.30290996454392    0.00138510066279
C         0.63764577899306    0.16833002682899    0.30878178131911
C        -0.55863381570150    1.06141190807937    0.40760700616281
H        -1.01447006306768   -1.11038675157629   -0.42652402718516
H         1.51390569801182    0.18355478121185   -0.29124986095955
5
 energy: -7.992594207723 gnorm: 0.064370515149 xtb: 6.2.2 (9d81278992624c895f80dd42a50cac0aa55982e2)
N        -0.60567916560288   -0.32432324565462   -0.01509163855437
C         0.61296145664776    0.26554081847690    0.26985781130385
C        -0.53534518646370    1.03327568876121    0.44311163951691
H        -1.08161320490295   -1.12771166578570   -0.43005926626512
H         1.60967610032177    0.15321840420222   -0.26781854600127
5
 energy: -7.993266965309 gnorm: 0.127544778642 xtb: 6.2.2 (9d81278992624c895f80dd42a50cac0aa55982e2)
N        -0.62539910557115   -0.38271104695356    0.04042172184033
C         0.61219778096495    0.28360043987617    0.23616339171859
C        -0.48495156026690    1.01364970900422    0.40196048570115
H        -1.04739290157378   -1.07046986690484   -0.43366884018732
H         1.54554578644688    0.15593076497801   -0.24487675907276
5
 energy: -7.998843127715 gnorm: 0.043283598801 xtb: 6.2.2 (9d81278992624c895f80dd42a50cac0aa55982e2)
N        -0.60755932132088   -0.35260816971551    0.04750246366494
C         0.62910244494037    0.27868996984372    0.23546561420608
C        -0.53730008155250    1.00625634922465    0.40890773115018
H        -1.05444745326726   -1.06111052310266   -0.44561884936755
H         1.57020441120028    0.12877237374979   -0.24625695965365
5
 energy: -7.999175643280 gnorm: 0.048895352252 xtb: 6.2.2 (9d81278992624c895f80dd42a50cac0aa55982e2)
N        -0.60929139570522   -0.36728864335626    0.05487472517236
C         0.61424008070468    0.27462959523273    0.18823574403407
C        -0.49065564787702    1.01970663029120    0.39807925550942
H        -1.12008987250888   -1.11306941223185   -0.43871084485260
H         1.60579683538643    0.18602183006418   -0.20247887986325
5
 energy: -8.003435014007 gnorm: 0.042088511731 xtb: 6.2.2 (9d81278992624c895f80dd42a50cac0aa55982e2)
N        -0.62113320398590   -0.38537072676499    0.12327570067148
C         0.60291656866763    0.29922337370816    0.13213739373986
C        -0.52974118039865    1.00708602175010    0.38893118905350
H        -1.09411848706432   -1.06315915499298   -0.45473630049804
H         1.64207630278124    0.14222048629972   -0.18960798296680
5
 energy: -8.005842261280 gnorm: 0.061356604159 xtb: 6.2.2 (9d81278992624c895f80dd42a50cac0aa55982e2)
N        -0.61201807234933   -0.41517923940162    0.23018050452849
C         0.61228463884581    0.30717029223043    0.10362667989672
C        -0.55746274979382    0.99923102667470    0.35240555741820
H        -1.03257266582401   -0.98852273739983   -0.50094596562782
H         1.58976884912135    0.09730065789633   -0.18526677621559
5
 energy: -8.007826016837 gnorm: 0.024834691955 xtb: 6.2.2 (9d81278992624c895f80dd42a50cac0aa55982e2)
N        -0.60622445381611   -0.41236334634856    0.21469719138699
C         0.58403190959252    0.30923907845510    0.09636475599453
C        -0.54988821012692    1.00897820984783    0.36478939615213
H        -1.01910742059850   -1.00353491440189   -0.49109137484917
H         1.59118817494900    0.09768097244753   -0.18475996868447
5
 energy: -8.008413399702 gnorm: 0.016241265064 xtb: 6.2.2 (9d81278992624c895f80dd42a50cac0aa55982e2)
N        -0.59855582799720   -0.42298720595235    0.22283417265765
C         0.57117076592081    0.30163186998073    0.08896123088686
C        -0.54442027234917    1.02082620536593    0.35907231739494
H        -1.01222832055056   -1.00588797636155   -0.48921020025815
H         1.58403365497612    0.10641710696725   -0.18165752068129
5
 energy: -8.008707080013 gnorm: 0.010615263677 xtb: 6.2.2 (9d81278992624c895f80dd42a50cac0aa55982e2)
N        -0.58454673734155   -0.42943486966185    0.22441561797403
C         0.56792516364764    0.30420789823148    0.09170398472089
C        -0.54796441726142    1.02584325825383    0.35780135104779
H        -1.01090101482117   -1.00217223422784   -0.49266739089304
H         1.57548700577650    0.10155594740437   -0.18125356284967
5
 energy: -8.008807147481 gnorm: 0.006613888201 xtb: 6.2.2 (9d81278992624c895f80dd42a50cac0aa55982e2)
N        -0.57617537243757   -0.43891193910703    0.22762581097746
C         0.56848245390840    0.30997708173127    0.08667601180123
C        -0.55159820528446    1.02813434795443    0.35514873988387
H        -1.02219884066253   -0.99893607986351   -0.49408025952299
H         1.58148996447615    0.09973658928485   -0.17537030313957
5
 energy: -8.008839978812 gnorm: 0.003555057066 xtb: 6.2.2 (9d81278992624c895f80dd42a50cac0aa55982e2)
N        -0.57123955956031   -0.43733624488924    0.21598931864337
C         0.57293291164292    0.31124315224888    0.09408559077564
C        -0.55308512244699    1.02721512578880    0.35747121314920
H        -1.02768680752881   -0.99964982711077   -0.49144619539500
H         1.57907857789319    0.09852779396233   -0.17609992717322
5
 energy: -8.008863894552 gnorm: 0.002020592811 xtb: 6.2.2 (9d81278992624c895f80dd42a50cac0aa55982e2)
N        -0.57277203702344   -0.43692231904585    0.21858081185126
C         0.57193237982060    0.31324274125465    0.08962411773703
C        -0.55355152426236    1.02547364621931    0.35769648381417
H        -1.02609179343800   -0.99805692817555   -0.49181121109587
H         1.58048297490320    0.09626285974745   -0.17409020230659
5
 energy: -8.008875180219 gnorm: 0.001899256836 xtb: 6.2.2 (9d81278992624c895f80dd42a50cac0aa55982e2)
N        -0.57286018476330   -0.43750965237734    0.21882190016489
C         0.57160313690188    0.31447547995210    0.08336433364602
C        -0.55358467484135    1.02429659585160    0.35724487639331
H        -1.02819883592563   -0.99739932398782   -0.49000700867979
H         1.58304055862840    0.09613690056147   -0.16942410152443
5
 energy: -8.008880632665 gnorm: 0.000817699122 xtb: 6.2.2 (9d81278992624c895f80dd42a50cac0aa55982e2)
N        -0.57120301289338   -0.43760023196725    0.21714252655984
C         0.57165788201553    0.31533629199914    0.08026334631241
C        -0.55364770253344    1.02408863199546    0.35741226197288
H        -1.03015417635461   -0.99775322208913   -0.48870672311130
H         1.58334700976590    0.09592853006179   -0.16611141173383
5
 energy: -8.008881645192 gnorm: 0.000236677359 xtb: 6.2.2 (9d81278992624c895f80dd42a50cac0aa55982e2)
N        -0.57113554425667   -0.43725509689261    0.21669237479856
C         0.57151089607869    0.31553376747492    0.07875565951782
C        -0.55336486644383    1.02465100037023    0.35842259968805
H        -1.03017736205354   -0.99865806248733   -0.48863367799882
H         1.58316687667535    0.09572839153479   -0.16523695600560
