5
 energy: -7.781866479460 gnorm: 0.055879248495 xtb: 6.2.2 (9d81278992624c895f80dd42a50cac0aa55982e2)
N        -0.00321100000000    0.10289900000000    0.01231800000000
C         1.19764500000000   -0.70712600000000   -0.07378000000000
C        -1.15133600000000   -0.77682800000000   -0.10385900000000
H        -0.01365200000000    0.79302700000000   -0.77153600000000
H        -0.02944500000000    0.58802800000000    0.93685700000000
5
 energy: -7.806012335621 gnorm: 0.101206412085 xtb: 6.2.2 (9d81278992624c895f80dd42a50cac0aa55982e2)
N        -0.00490716896285    0.15725218833338    0.01882426745258
C         1.09327983247722   -0.77989531448157   -0.08347680848957
C        -1.04262663562761   -0.84327496843472   -0.11082737458786
H        -0.01500778737589    0.83504576494178   -0.76301757087840
H        -0.03073724051086    0.63087232964112    0.93849748650323
5
 energy: -7.872036704811 gnorm: 0.139253086097 xtb: 6.2.2 (9d81278992624c895f80dd42a50cac0aa55982e2)
N        -0.00757928189438    0.24288200473121    0.02907460009585
C         0.93257385441924   -0.89246481453817   -0.09847021067485
C        -0.87519869723538   -0.94610753125961   -0.12161894989017
H        -0.01694814829371    0.90102942421506   -0.76439664417970
H        -0.03284672699576    0.69466091685152    0.95541120464886
5
 energy: -7.938421865115 gnorm: 0.158651103535 xtb: 6.2.2 (9d81278992624c895f80dd42a50cac0aa55982e2)
N        -0.01013762994154    0.32486542176422    0.03888848871332
C         0.74419401663828   -0.99135726960985   -0.11207827270403
C        -0.68100098808693   -1.03364761200644   -0.13032804976645
H        -0.01849237674328    0.95436422115004   -0.76739726646875
H        -0.03456202186654    0.74577523870203    0.97091510022592
5
 energy: -7.803993286818 gnorm: 1.119377946926 xtb: 6.2.2 (9d81278992624c895f80dd42a50cac0aa55982e2)
N        -0.01255274224959    0.40225805100852    0.04815286781776
C         0.54796176644593   -1.08310532689893   -0.12490164562920
C        -0.47941088081214   -1.11359094236898   -0.13805725209278
H        -0.01988850508693    1.00249028681574   -0.76989252405992
H        -0.03610863829727    0.79194793144366    0.98469855396414
5
 energy: -7.952327894627 gnorm: 0.070145309451 xtb: 6.2.2 (9d81278992624c895f80dd42a50cac0aa55982e2)
N        -0.01127824340351    0.36141662796589    0.04326389123260
C         0.69218126374509   -1.05202641656697   -0.11983909471751
C        -0.62530144405206   -1.09112054704947   -0.13670959030814
H        -0.01978383803287    0.99492112043510   -0.76052581662787
H        -0.03581673825665    0.78680921521545    0.97381061042092
5
 energy: -7.955084826765 gnorm: 0.036737997066 xtb: 6.2.2 (9d81278992624c895f80dd42a50cac0aa55982e2)
N        -0.01073578981514    0.34403351158109    0.04118306455201
C         0.68596224318134   -1.02934675362433   -0.11717518932746
C        -0.62050811525825   -1.06811411901982   -0.13390466176206
H        -0.01948914037317    0.97886237144890   -0.74632583986743
H        -0.03522819773478    0.77456498961416    0.95622262640493
5
 energy: -7.955598869352 gnorm: 0.009385309262 xtb: 6.2.2 (9d81278992624c895f80dd42a50cac0aa55982e2)
N        -0.01038724131529    0.33285956020303    0.03984548749940
C         0.68000404057337   -1.01894374410049   -0.11598197109399
C        -0.61520912984122   -1.05737653568592   -0.13256721904827
H        -0.01937196929843    0.97338358059384   -0.74279332835343
H        -0.03503470011844    0.77007713898954    0.95149703099629
5
 energy: -7.955648929046 gnorm: 0.003926491986 xtb: 6.2.2 (9d81278992624c895f80dd42a50cac0aa55982e2)
N        -0.01038480231789    0.33278053237162    0.03983601825744
C         0.67860170836499   -1.02171071503462   -0.11632695139495
C        -0.61363691503409   -1.06005532755538   -0.13287411749493
H        -0.01945479641591    0.97618923766091   -0.74282310618298
H        -0.03512419459710    0.77279627255747    0.95218815681541
5
 energy: -7.955659548621 gnorm: 0.000351532355 xtb: 6.2.2 (9d81278992624c895f80dd42a50cac0aa55982e2)
N        -0.01039405627627    0.33307731822453    0.03987153939876
C         0.67759451587255   -1.02385826383777   -0.11659395570828
C        -0.61249702148702   -1.06213833021464   -0.13311352612191
H        -0.01951695523621    0.97815045783744   -0.74254045168734
H        -0.03518548287306    0.77476881799044    0.95237639411876
5
 energy: -7.955659638533 gnorm: 0.000058773181 xtb: 6.2.2 (9d81278992624c895f80dd42a50cac0aa55982e2)
N        -0.01040059001527    0.33328270237081    0.03989612562428
C         0.67754488323683   -1.02386085757807   -0.11659472743742
C        -0.61244758344227   -1.06213838469708   -0.13311307717534
H        -0.01951347475039    0.97805059579594   -0.74256515073245
H        -0.03518223502891    0.77466594410840    0.95237682972092
