5
 energy: -9.384006530247 gnorm: 0.325965004860 xtb: 6.2.2 (9d81278992624c895f80dd42a50cac0aa55982e2)
C        -1.02040600000000    1.25725500000000    0.10943400000000
C        -0.59483600000000   -0.17257400000000    0.38424500000000
C         0.90820200000000   -0.25374500000000    0.59978500000000
N         1.61607200000000    0.00418200000000   -0.64371100000000
H        -0.90903100000000   -0.83511900000000   -0.44975300000000
5
 energy: -9.480034946180 gnorm: 0.183721435382 xtb: 6.2.2 (9d81278992624c895f80dd42a50cac0aa55982e2)
C        -1.01556926369778    1.19992885810666    0.14421279174035
C        -0.54566057643162   -0.10911154472337    0.31328282513483
C         0.89766866189741   -0.23036051664459    0.48575820392401
N         1.60323076477255   -0.01285477759378   -0.53736481458105
H        -0.93966858654056   -0.84760301914493   -0.40588900621813
5
 energy: -9.485104219701 gnorm: 0.419708997991 xtb: 6.2.2 (9d81278992624c895f80dd42a50cac0aa55982e2)
C        -1.00458747195815    1.16283503691296    0.16911651396334
C        -0.54615153368110   -0.05560675041661    0.27743925932502
C         0.88309951465461   -0.22265845894089    0.32187925754837
N         1.61739047252723   -0.01636822987754   -0.41874157183056
H        -0.94974998154260   -0.86820259767793   -0.34969345900617
5
 energy: -9.522718151385 gnorm: 0.156169522203 xtb: 6.2.2 (9d81278992624c895f80dd42a50cac0aa55982e2)
C        -1.03600408585580    1.15361578269130    0.21061393525599
C        -0.59154558735650   -0.03124300988818    0.26492456587809
C         0.81905368820227   -0.20862319330620    0.22801657231482
N         1.81825111072631   -0.01583362236094   -0.41180291223555
H        -1.00975412571629   -0.89791695713598   -0.29175216121335
5
 energy: -9.526522414866 gnorm: 0.194982192263 xtb: 6.2.2 (9d81278992624c895f80dd42a50cac0aa55982e2)
C        -1.17396033182287    1.16816004827015    0.31972606995786
C        -0.56893023228605   -0.02069201006344    0.19352758468927
C         0.86026107191286   -0.08069890750474    0.18989085135623
N         1.93615890490244   -0.16827048461476   -0.38567897451567
H        -1.05352841270638   -0.89849964608721   -0.31746553148768
5
 energy: -9.537648240520 gnorm: 0.080966400527 xtb: 6.2.2 (9d81278992624c895f80dd42a50cac0aa55982e2)
C        -1.13423983638183    1.15358434671165    0.26343122430888
C        -0.55788553306777   -0.02850825182173    0.18284236163632
C         0.90342409749922   -0.14439455271573    0.14629461758191
N         1.93374772943240   -0.07715333621430   -0.32488808243092
H        -1.14504545748201   -0.90352920595989   -0.26768012109619
5
 energy: -9.535208367586 gnorm: 0.180857269684 xtb: 6.2.2 (9d81278992624c895f80dd42a50cac0aa55982e2)
C        -1.10768639301804    1.09738437185850    0.27628679521834
C        -0.60180415486517   -0.01643095450155    0.20027047198308
C         0.84874514989943   -0.11612604299930    0.02904907200876
N         1.98559845902367   -0.08635424619991   -0.27744675466148
H        -1.12485206103988   -0.87847412815774   -0.22815958454870
5
 energy: -9.545115741425 gnorm: 0.040724346612 xtb: 6.2.2 (9d81278992624c895f80dd42a50cac0aa55982e2)
C        -1.13016573036953    1.14737802126633    0.29562259291258
C        -0.57409599084038   -0.01626173408500    0.15770772851787
C         0.85555332961181   -0.12201083681565    0.06094582922570
N         1.96034341418812   -0.09811885349545   -0.28530982111318
H        -1.11163402259003   -0.91098759687023   -0.22896632954296
5
 energy: -9.546381468595 gnorm: 0.022043126140 xtb: 6.2.2 (9d81278992624c895f80dd42a50cac0aa55982e2)
C        -1.13531495387816    1.13681885648473    0.31355032916429
C        -0.56859649987316   -0.01768558088589    0.14022547170009
C         0.85189177213910   -0.09324522090901    0.05331618612458
N         1.94508342820233   -0.12784809023613   -0.27652664798952
H        -1.09306274659012   -0.89804096445371   -0.23056533899944
5
 energy: -9.545085014964 gnorm: 0.107790385713 xtb: 6.2.2 (9d81278992624c895f80dd42a50cac0aa55982e2)
C        -1.18100257256673    1.12436993418261    0.37622120740241
C        -0.53465371724756    0.01205292500335    0.02995520424438
C         0.85493744139814   -0.04923012502899   -0.06132778077844
N         2.01825328456788   -0.16770414019707   -0.18079744697534
H        -1.15753343615174   -0.91948959395989   -0.16405118389301
5
 energy: -9.548786776939 gnorm: 0.009693191838 xtb: 6.2.2 (9d81278992624c895f80dd42a50cac0aa55982e2)
C        -1.15681924362091    1.12942500167681    0.34146823279946
C        -0.55843187619077    0.00318468641305    0.08813683942462
C         0.85213232500553   -0.08148723737621   -0.01144140625949
N         1.97496132183973   -0.14439867009806   -0.22581000488636
H        -1.11184152703358   -0.90672478061559   -0.19235366107823
5
 energy: -9.549164689468 gnorm: 0.010882711874 xtb: 6.2.2 (9d81278992624c895f80dd42a50cac0aa55982e2)
C        -1.16038045508148    1.12798058028308    0.35063399295890
C        -0.56151043311395    0.00887600071679    0.07605302130365
C         0.84837568887281   -0.07687677817968   -0.03441323465836
N         1.98032222898299   -0.15133026779586   -0.21114871790596
H        -1.10680602966038   -0.90865053502433   -0.18112506169824
5
 energy: -9.549418979467 gnorm: 0.014989086907 xtb: 6.2.2 (9d81278992624c895f80dd42a50cac0aa55982e2)
C        -1.16100103936342    1.12334006904548    0.36662875503681
C        -0.56180694594083    0.01844299905621    0.04604174663787
C         0.84809751422401   -0.06674455970258   -0.07042128905400
N         1.98863254347698   -0.15791105183221   -0.18178448477450
H        -1.11392107239674   -0.91712845656692   -0.16046472784618
5
 energy: -9.549481287297 gnorm: 0.003843465205 xtb: 6.2.2 (9d81278992624c895f80dd42a50cac0aa55982e2)
C        -1.16529645031627    1.12206197700938    0.36751129705039
C        -0.56211124378066    0.01972191797291    0.04656131787574
C         0.84843134933929   -0.06647726904479   -0.07039913726914
N         1.98526457782334   -0.16300065725725   -0.18248042222957
H        -1.10628723306571   -0.91230696868027   -0.16119305542743
5
 energy: -9.549487736914 gnorm: 0.000555754476 xtb: 6.2.2 (9d81278992624c895f80dd42a50cac0aa55982e2)
C        -1.16342941618618    1.12159100987485    0.36905329412168
C        -0.56266352845232    0.01985261502241    0.04381641601295
C         0.84816869786852   -0.06453082069405   -0.07275358610368
N         1.98413173183723   -0.16347332937473   -0.18016755212943
H        -1.10620648506725   -0.91344047482849   -0.15994857190152
5
 energy: -9.549488042932 gnorm: 0.000492160202 xtb: 6.2.2 (9d81278992624c895f80dd42a50cac0aa55982e2)
C        -1.16418308023422    1.12128047338576    0.36988186414017
C        -0.56269404483662    0.02028372431188    0.04242629425124
C         0.84824625069406   -0.06402091393460   -0.07529271870103
N         1.98460575650844   -0.16436473330343   -0.17831186115019
H        -1.10597388213167   -0.91317955045962   -0.15870357854019
