5
 energy: -10.885018840114 gnorm: 0.182160259614 xtb: 6.2.2 (9d81278992624c895f80dd42a50cac0aa55982e2)
N        -1.36787000000000   -0.09186000000000   -0.56265100000000
C        -0.54621000000000    0.71846200000000    0.34946000000000
C         0.80355800000000    0.06283000000000    0.55430200000000
C        -0.47193300000000   -0.74034000000000    0.40711500000000
C         1.58245500000000    0.05090800000000   -0.74822600000000
5
 energy: -10.916416576128 gnorm: 0.125366747258 xtb: 6.2.2 (9d81278992624c895f80dd42a50cac0aa55982e2)
N        -1.33357123833712   -0.08834222068885   -0.51783170490724
C        -0.54977494132027    0.72687307030048    0.33335311872844
C         0.79666417692947    0.05960816959192    0.48144350873896
C        -0.47455415382384   -0.75031314396644    0.39171374446016
C         1.56123615655176    0.05217412476289   -0.68867866702032
5
 energy: -10.901417985594 gnorm: 0.389203512557 xtb: 6.2.2 (9d81278992624c895f80dd42a50cac0aa55982e2)
N        -1.24266111753956   -0.08059542246332   -0.43859848048389
C        -0.60371856067538    0.74731405309447    0.36520992044026
C         0.76095534822770    0.04662520606579    0.19685868334185
C        -0.52622327952620   -0.77354304138078    0.42512309252995
C         1.61164760951344    0.06019920468385   -0.54859321582817
5
 energy: -10.946707742883 gnorm: 0.097629591685 xtb: 6.2.2 (9d81278992624c895f80dd42a50cac0aa55982e2)
N        -1.34049558695532   -0.08360162844510   -0.38865165157502
C        -0.61482224677766    0.75348780436858    0.34811684207399
C         0.72711337855968    0.04550996319019    0.20922288032993
C        -0.53652808732840   -0.78216333137534    0.40843943597724
C         1.76473254250170    0.06676719226168   -0.57712750680615
5
 energy: -10.963370056325 gnorm: 0.107723115271 xtb: 6.2.2 (9d81278992624c895f80dd42a50cac0aa55982e2)
N        -1.47812406313269   -0.08682992167199   -0.29175795529657
C        -0.58946352404180    0.77866284576365    0.28848595155178
C         0.70364855618459    0.04241998997372    0.15306744707399
C        -0.50840047762938   -0.80927580524146    0.35030859145342
C         1.87233950861929    0.07502289117608   -0.50010403478262
5
 energy: -10.963692769012 gnorm: 0.163008203876 xtb: 6.2.2 (9d81278992624c895f80dd42a50cac0aa55982e2)
N        -1.60034910996367   -0.08703362779775   -0.13408301817096
C        -0.57177036001254    0.83144364034833    0.21126661918693
C         0.64536671232351    0.03478507340583    0.02828901078420
C        -0.48550843463876   -0.86586573165785    0.27685475665638
C         2.01226119229147    0.08667064570145   -0.38232736845656
5
 energy: -10.982260656084 gnorm: 0.111944588756 xtb: 6.2.2 (9d81278992624c895f80dd42a50cac0aa55982e2)
N        -1.48262081168312   -0.08312689222330   -0.18270001407499
C        -0.57214286569695    0.84580831048447    0.24267333911591
C         0.62185296256717    0.03446270507590    0.05205741910396
C        -0.48506415050938   -0.87762799237101    0.30934321264497
C         1.91797486532228    0.08048386903394   -0.42137395678986
5
 energy: -10.989725943510 gnorm: 0.081496020492 xtb: 6.2.2 (9d81278992624c895f80dd42a50cac0aa55982e2)
N        -1.42804573124959   -0.08054024591730   -0.18615573346709
C        -0.56267273464855    0.86449990379319    0.23452280128032
C         0.61887728552161    0.03525694263721    0.06811287819261
C        -0.47364916428335   -0.89588204405088    0.30214126796242
C         1.84549034465988    0.07666544353778   -0.41862121396827
5
 energy: -10.995904895071 gnorm: 0.046171392019 xtb: 6.2.2 (9d81278992624c895f80dd42a50cac0aa55982e2)
N        -1.41477774333041   -0.07858205397769   -0.15190411727042
C        -0.56705402637408    0.87774879996793    0.20932796427908
C         0.63619933627960    0.03549663812791    0.04969957775010
C        -0.47673043012573   -0.91145457870220    0.27793190000729
C         1.82236286355062    0.07679119458404   -0.38505532476606
5
 energy: -11.003260894712 gnorm: 0.032434910099 xtb: 6.2.2 (9d81278992624c895f80dd42a50cac0aa55982e2)
N        -1.44399160062533   -0.07668179594304   -0.06787950318745
C        -0.57585740536549    0.89466058653861    0.16421347853581
C         0.64030268212215    0.03380704772296   -0.00684837551102
C        -0.48342982909290   -0.93283991063125    0.23395715584464
C         1.86297615296158    0.08105407231273   -0.32344275568199
5
 energy: -11.007015559339 gnorm: 0.063174493638 xtb: 6.2.2 (9d81278992624c895f80dd42a50cac0aa55982e2)
N        -1.49533561656833   -0.07460969309517    0.05022846648048
C        -0.57653282394520    0.90921506473703    0.08848491896031
C         0.65272059493540    0.03197155226410   -0.06141661688157
C        -0.48304303331046   -0.95347219738689    0.16040477979293
C         1.90219087888859    0.08689527348093   -0.23770154835215
5
 energy: -11.008566711655 gnorm: 0.025581279152 xtb: 6.2.2 (9d81278992624c895f80dd42a50cac0aa55982e2)
N        -1.48208439666144   -0.07357145923165    0.05630250802321
C        -0.58795838752532    0.89955605426830    0.09179596191793
C         0.65493317424233    0.03175224650182   -0.07298117672167
C        -0.49508729447606   -0.94489001052591    0.16291402896272
C         1.91019690442050    0.08715316898746   -0.23803132218221
5
 energy: -11.009184089074 gnorm: 0.031891297969 xtb: 6.2.2 (9d81278992624c895f80dd42a50cac0aa55982e2)
N        -1.47557295924582   -0.07231533715021    0.07654713677890
C        -0.58731546940576    0.89305364322341    0.07369494754968
C         0.66218604720320    0.03231680323377   -0.06672898197339
C        -0.49500993342433   -0.93993917346755    0.14465185792174
C         1.89571231487271    0.08688406416058   -0.22816496027695
5
 energy: -11.009957975059 gnorm: 0.006969137225 xtb: 6.2.2 (9d81278992624c895f80dd42a50cac0aa55982e2)
N        -1.47556280806835   -0.07026012737420    0.12704692673905
C        -0.58840515870961    0.89463826325309    0.04532747042096
C         0.65399766615106    0.03073148928876   -0.09078699767303
C        -0.49612816721501   -0.94395991753182    0.11704488639150
C         1.90609846784190    0.08885029236417   -0.19863228587848
5
 energy: -11.010078406444 gnorm: 0.004145569608 xtb: 6.2.2 (9d81278992624c895f80dd42a50cac0aa55982e2)
N        -1.47222202165704   -0.06937799600413    0.14398252283363
C        -0.58582274421347    0.89474484559556    0.03322882144004
C         0.64972349318024    0.03041459235779   -0.09166586585945
C        -0.49348684986406   -0.94478190064228    0.10513572752954
C         1.90180812255433    0.08900045869305   -0.19068120594377
5
 energy: -11.010100992708 gnorm: 0.003031402849 xtb: 6.2.2 (9d81278992624c895f80dd42a50cac0aa55982e2)
N        -1.47023442465584   -0.06905785156980    0.14936989977584
C        -0.58536086101552    0.89352425155591    0.02908372322556
C         0.64868389104289    0.03033011845234   -0.08984887071918
C        -0.49309247358690   -0.94379894172491    0.10101595138539
C         1.90000386821539    0.08900242328647   -0.18962070366760
5
 energy: -11.010111435545 gnorm: 0.003198692033 xtb: 6.2.2 (9d81278992624c895f80dd42a50cac0aa55982e2)
N        -1.47021751708808   -0.06886712355394    0.15371549075670
C        -0.58572540791444    0.89292675330074    0.02585994976942
C         0.64910549865164    0.03037048932253   -0.08867050634472
C        -0.49331717754132   -0.94343841348973    0.09772109078389
C         1.90015460389219    0.08900829442040   -0.18862602496529
5
 energy: -11.010130982750 gnorm: 0.003100051725 xtb: 6.2.2 (9d81278992624c895f80dd42a50cac0aa55982e2)
N        -1.47011813260430   -0.06868918299446    0.15884570301678
C        -0.58671214144995    0.89216941271993    0.02141718954458
C         0.65026070441414    0.03033957145234   -0.08386586167388
C        -0.49416111313207   -0.94290172038514    0.09339574291271
C         1.90073068277219    0.08908191920733   -0.18979277380019
5
 energy: -11.010149690795 gnorm: 0.002195896802 xtb: 6.2.2 (9d81278992624c895f80dd42a50cac0aa55982e2)
N        -1.47011472223566   -0.06852267513230    0.16125202017154
C        -0.58809353933578    0.89224307517518    0.01856514843512
C         0.65153799132178    0.03073498774711   -0.07619129021837
C        -0.49468389725370   -0.94312674053413    0.09020740748379
C         1.90135416750336    0.08867135274415   -0.19383328587208
5
 energy: -11.010158880129 gnorm: 0.001013894484 xtb: 6.2.2 (9d81278992624c895f80dd42a50cac0aa55982e2)
N        -1.47009019245273   -0.06876994426283    0.15914515571272
C        -0.58823006375196    0.89323548764318    0.01843570453129
C         0.65215901993161    0.03029507561028   -0.06989246682729
C        -0.49525674252177   -0.94381130948247    0.09097823375747
C         1.90141797879485    0.08905069049184   -0.19866662717420
5
 energy: -11.010159896932 gnorm: 0.000914997081 xtb: 6.2.2 (9d81278992624c895f80dd42a50cac0aa55982e2)
N        -1.47016773970300   -0.06853812060223    0.15453930417059
C        -0.58902271723858    0.89419003770749    0.02193582257401
C         0.65206225089643    0.03170646868944   -0.06721593470040
C        -0.49396438012262   -0.94491791724373    0.09271638541671
C         1.90109258616776    0.08755953144904   -0.20197557746092
