5
 energy: -10.864005953731 gnorm: 0.390385554637 xtb: 6.2.2 (9d81278992624c895f80dd42a50cac0aa55982e2)
C        -0.82570700000000    1.34545800000000    0.00750200000000
C        -0.43041400000000   -0.07882300000000   -0.33267200000000
C         0.83042200000000   -0.46597300000000    0.41846500000000
C        -1.55446700000000   -1.01366100000000    0.06076200000000
N         1.98016600000000    0.21299800000000   -0.15405600000000
5
 energy: -11.000356037130 gnorm: 0.248056603483 xtb: 6.2.2 (9d81278992624c895f80dd42a50cac0aa55982e2)
C        -0.84139804864856    1.27235738895433   -0.01768676032649
C        -0.45800852661769   -0.06744514364407   -0.24271024864825
C         0.88416424618792   -0.39377465746654    0.31633525836346
C        -1.50849621104308   -0.95785013704696    0.04044922483991
N         1.92373854012141    0.14671154920324   -0.09638647422862
5
 energy: -10.962230223366 gnorm: 1.022604752485 xtb: 6.2.2 (9d81278992624c895f80dd42a50cac0aa55982e2)
C        -0.89957491594072    1.17704982624447   -0.04177204153114
C        -0.48660102166322   -0.07888840523577   -0.12071164308024
C         0.99699365154288   -0.27113039719711    0.18161574562755
C        -1.51211020670532   -0.87758433559965    0.00334687266878
N         1.90129249276638    0.05055231178805   -0.02247793368495
5
 energy: -11.057993249968 gnorm: 0.165674675015 xtb: 6.2.2 (9d81278992624c895f80dd42a50cac0aa55982e2)
C        -0.94645344689133    1.16374322552287   -0.03838323399575
C        -0.51166169727646   -0.07581425312016   -0.11558038752189
C         0.92710190351106   -0.25941732517206    0.14613228058450
C        -1.52369306226700   -0.87742271953762    0.02160028083077
N         2.05470630292374    0.04891007230698   -0.01376793989762
5
 energy: -11.076136111428 gnorm: 0.107792370780 xtb: 6.2.2 (9d81278992624c895f80dd42a50cac0aa55982e2)
C        -1.10339923562244    1.15863491213425   -0.05781864322748
C        -0.42799842964369   -0.08063125715814   -0.01084627853301
C         1.01347699296443   -0.26185801205496    0.15706089264206
C        -1.60858695385871   -0.82496718360742   -0.03538360836461
N         2.12650762616041    0.00882054068628   -0.05301136251695
5
 energy: -11.104841597167 gnorm: 0.124287885073 xtb: 6.2.2 (9d81278992624c895f80dd42a50cac0aa55982e2)
C        -1.25143303279774    1.03094536822854   -0.03755013917009
C        -0.36917894244300   -0.09510901135234   -0.03553314205222
C         1.04367779173866   -0.20454961180520    0.07190812537079
C        -1.62299882145849   -0.67928739903968   -0.00121593742973
N         2.19993300496055   -0.05200034603131    0.00239209328126
5
 energy: -11.140576742499 gnorm: 0.098688367984 xtb: 6.2.2 (9d81278992624c895f80dd42a50cac0aa55982e2)
C        -1.40730965573526    0.86551997742202   -0.01571855357214
C        -0.26094079149097   -0.14189334564756   -0.06048456817059
C         1.09408402558046   -0.19672096336480    0.04189948580084
C        -1.66434389629693   -0.46439738209203    0.01517394672229
N         2.23851031794269   -0.06250928631763    0.01913068921959
5
 energy: -11.145277168616 gnorm: 0.118105537169 xtb: 6.2.2 (9d81278992624c895f80dd42a50cac0aa55982e2)
C        -1.42850115008474    0.91700805538098   -0.02278361618687
C        -0.32113907852450   -0.09081679737034   -0.03711835121173
C         1.06700780689861   -0.15922814803266    0.02032688555740
C        -1.57338818827779   -0.52411537460929    0.00864839217947
N         2.25602060998841   -0.14284873536868    0.03092768966173
5
 energy: -11.145248273846 gnorm: 0.082463737460 xtb: 6.2.2 (9d81278992624c895f80dd42a50cac0aa55982e2)
C        -1.33718805928471    0.91055163252743   -0.04535221802602
C        -0.30962211998979   -0.11452281182879   -0.03270342932019
C         1.05429198982128   -0.25024494414024    0.02511017202710
C        -1.57312150798432   -0.50387194780573    0.02044879424098
N         2.16563969743754   -0.04191292875268    0.03249768107813
5
 energy: -11.143229348506 gnorm: 0.116643972843 xtb: 6.2.2 (9d81278992624c895f80dd42a50cac0aa55982e2)
C        -1.44168847016285    0.85318879025283   -0.03394596034355
C        -0.27399452867558   -0.11487345816625   -0.01208641143701
C         1.08353305324982   -0.19738412586217    0.01356532005856
C        -1.59495201808013   -0.44082824291164    0.00425620556884
N         2.22710196366873   -0.10010396331277    0.02821184615316
5
 energy: -11.149550806134 gnorm: 0.056866653200 xtb: 6.2.2 (9d81278992624c895f80dd42a50cac0aa55982e2)
C        -1.41586489840511    0.89458131043133   -0.02993452306596
C        -0.29151356406354   -0.10589546207967   -0.00648798777017
C         1.07241749187188   -0.16965327514623    0.02686007878521
C        -1.60023487040424   -0.50251829629904   -0.00701484896307
N         2.23519584100102   -0.11651527690639    0.01657828101398
5
 energy: -11.150139923507 gnorm: 0.031262930559 xtb: 6.2.2 (9d81278992624c895f80dd42a50cac0aa55982e2)
C        -1.41229647538938    0.89848634169375   -0.03594287533856
C        -0.30216443136076   -0.09578760911633   -0.00955629359074
C         1.06270755628462   -0.18885570203877    0.02119221628217
C        -1.56205881415723   -0.49690468369605    0.00024219196581
N         2.21381216462274   -0.11693934684260    0.02406576068131
5
 energy: -11.150721128093 gnorm: 0.014715621218 xtb: 6.2.2 (9d81278992624c895f80dd42a50cac0aa55982e2)
C        -1.41608967885810    0.88656497963926   -0.02820329029368
C        -0.29458533376494   -0.09711559237901    0.00295263554185
C         1.06625087768875   -0.15866956326050    0.04577977610734
C        -1.57536362161914   -0.49845012064463   -0.02163940360657
N         2.21978775655343   -0.13233070335513    0.00111128225105
5
 energy: -11.150323650521 gnorm: 0.017459986958 xtb: 6.2.2 (9d81278992624c895f80dd42a50cac0aa55982e2)
C        -1.41452057132371    0.88413615693550   -0.04133561911861
C        -0.30280045701728   -0.09987632303844    0.02056207626048
C         1.08121240358019   -0.17157412457373    0.01258438479517
C        -1.59622160741093   -0.49598723940534   -0.01406891129369
N         2.23233023217172   -0.11669946991799    0.02225906935665
5
 energy: -11.150928262770 gnorm: 0.010600829341 xtb: 6.2.2 (9d81278992624c895f80dd42a50cac0aa55982e2)
C        -1.42776405654271    0.88734080571858   -0.03492239793057
C        -0.29430141848541   -0.08837386243338    0.01538894311702
C         1.07091684503922   -0.16157804050935    0.03216242942509
C        -1.57336221357191   -0.49872703331131   -0.02068705319681
N         2.22451084356082   -0.13866286946455    0.00805907858526
5
 energy: -11.151008386347 gnorm: 0.009672588252 xtb: 6.2.2 (9d81278992624c895f80dd42a50cac0aa55982e2)
C        -1.42613321544072    0.88489123499008   -0.03385363703224
C        -0.29520931873903   -0.08448330615485    0.01621777311967
C         1.06919287603897   -0.15505461015195    0.03455973448081
C        -1.57036403655136   -0.50144589507221   -0.02290390296692
N         2.22251369469214   -0.14390842361107    0.00598103239868
5
 energy: -11.151171290810 gnorm: 0.009024043402 xtb: 6.2.2 (9d81278992624c895f80dd42a50cac0aa55982e2)
C        -1.43665700756011    0.88167048155316   -0.03496018185479
C        -0.29338659381197   -0.06589038615202    0.02375741098989
C         1.06843847986812   -0.14293103914031    0.03498957652192
C        -1.55930964506184   -0.50829929691031   -0.02728378860204
N         2.22091476656580   -0.16455075935051    0.00349798294502
5
 energy: -11.151291486571 gnorm: 0.005493785373 xtb: 6.2.2 (9d81278992624c895f80dd42a50cac0aa55982e2)
C        -1.45015483273131    0.87788088635125   -0.03670218046502
C        -0.29183788803567   -0.04444161176607    0.02721081059320
C         1.07052916303634   -0.13351182835170    0.03119263432320
C        -1.54968213343713   -0.51478757046094   -0.02724960547138
N         2.22114569116777   -0.18514087577254    0.00554934102000
5
 energy: -11.151354851428 gnorm: 0.003535028690 xtb: 6.2.2 (9d81278992624c895f80dd42a50cac0aa55982e2)
C        -1.46121129581603    0.87518026220332   -0.03669815532847
C        -0.29042384798044   -0.02925121971948    0.02197820801664
C         1.07277753078491   -0.12906540639968    0.02654159168379
C        -1.54338622726285   -0.51817381695452   -0.02234133352839
N         2.22224384027442   -0.19869081912965    0.01052068915643
5
 energy: -11.151391005606 gnorm: 0.001955986210 xtb: 6.2.2 (9d81278992624c895f80dd42a50cac0aa55982e2)
C        -1.46715122069035    0.87336705042856   -0.03530026439328
C        -0.28936513336517   -0.02116346085719    0.01068902900103
C         1.07443519111208   -0.12849461849903    0.02138209843598
C        -1.54077614042010   -0.51922114930072   -0.01417577068405
N         2.22285730336353   -0.20448882177162    0.01740590764032
5
 energy: -11.151396832670 gnorm: 0.005737750701 xtb: 6.2.2 (9d81278992624c895f80dd42a50cac0aa55982e2)
C        -1.47091557913079    0.87281692049261   -0.03254743977617
C        -0.28911365908179   -0.01959667537595   -0.00084135552804
C         1.07529394711099   -0.12671414621761    0.01699367705041
C        -1.54059344194170   -0.51897693847201   -0.00703540391464
N         2.22532873304329   -0.20753016042704    0.02343152216844
5
 energy: -11.151400721585 gnorm: 0.002026004904 xtb: 6.2.2 (9d81278992624c895f80dd42a50cac0aa55982e2)
C        -1.46827926783082    0.87384359789695   -0.03294840870899
C        -0.28878410492245   -0.02158917590429    0.00231450454331
C         1.07483518074324   -0.13024778495939    0.01308979272292
C        -1.54100602675097   -0.51837217378822   -0.00751961277719
N         2.22323421876100   -0.20363546324505    0.02506472421995
5
 energy: -11.151356804559 gnorm: 0.010267563555 xtb: 6.2.2 (9d81278992624c895f80dd42a50cac0aa55982e2)
C        -1.46856557453701    0.87313256023663   -0.02941309619161
C        -0.28772329963460   -0.02121349032633   -0.01228570729694
C         1.07519006716376   -0.12208272350234    0.01832324424867
C        -1.53868531988688   -0.52020506604425   -0.00281742515191
N         2.21978412689472   -0.20963228036371    0.02619398439179
5
 energy: -11.151409307486 gnorm: 0.000816268601 xtb: 6.2.2 (9d81278992624c895f80dd42a50cac0aa55982e2)
C        -1.46880371084654    0.87352836790226   -0.03237960138482
C        -0.28886862475828   -0.02149947239625   -0.00096879380977
C         1.07498632699863   -0.12639354905111    0.01606375057288
C        -1.54054927411079   -0.51911047606275   -0.00679826533225
N         2.22323528271698   -0.20652587039215    0.02408390995395
5
 energy: -11.151410471225 gnorm: 0.000789630375 xtb: 6.2.2 (9d81278992624c895f80dd42a50cac0aa55982e2)
C        -1.46760735750433    0.87411315269199   -0.03145040718575
C        -0.28905488378787   -0.02305190332958   -0.00306262721474
C         1.07483747693626   -0.12782765783981    0.01346561114879
C        -1.54141629705640   -0.51861237996920   -0.00550951825488
N         2.22324106141234   -0.20462221155339    0.02655794150657
