5
 energy: -7.816143885815 gnorm: 0.086113314103 xtb: 6.2.2 (9d81278992624c895f80dd42a50cac0aa55982e2)
C        -0.01730000000000   -0.08495300000000    0.00397100000000
N        -1.12851700000000    0.84819600000000    0.01011500000000
C         1.28549500000000    0.68222800000000   -0.07574200000000
H        -0.03524700000000   -0.68749700000000    0.93530800000000
H        -0.10443000000000   -0.75797300000000   -0.87365200000000
5
 energy: -7.822836733427 gnorm: 0.042377010481 xtb: 6.2.2 (9d81278992624c895f80dd42a50cac0aa55982e2)
C        -0.02329630369081   -0.06850120065880    0.00355954294459
N        -1.09792375637425    0.81061725328340    0.01040885230782
C         1.26142660729449    0.65992513951654   -0.07395270955772
H        -0.03563355699774   -0.66590682511008    0.93127418820622
H        -0.10457199023169   -0.73613336703106   -0.87128987390090
5
 energy: -7.824965011199 gnorm: 0.016919442137 xtb: 6.2.2 (9d81278992624c895f80dd42a50cac0aa55982e2)
C        -0.03893013174872   -0.03517373099998    0.00285915184802
N        -1.09795354696497    0.78071134033068    0.01157499983943
C         1.26228821367321    0.62877489945988   -0.07277213031768
H        -0.02855255070497   -0.65236855723711    0.92208336776795
H        -0.09685098425455   -0.72194295155347   -0.86374538913772
5
 energy: -7.826182057297 gnorm: 0.021671039557 xtb: 6.2.2 (9d81278992624c895f80dd42a50cac0aa55982e2)
C        -0.05757558789051    0.01427824868061    0.00164571229910
N        -1.14732216201094    0.74869129541205    0.01471047764296
C         1.29593391303563    0.57072828383449   -0.07179748532619
H        -0.01185215980895   -0.63255412078739    0.90798439446747
H        -0.07918300332523   -0.70114270713976   -0.85254309908333
5
 energy: -7.826517673082 gnorm: 0.002206878481 xtb: 6.2.2 (9d81278992624c895f80dd42a50cac0aa55982e2)
C        -0.05569513604700    0.00539350719515    0.00191991788263
N        -1.15129206498511    0.76285567043417    0.01431050313054
C         1.29395081093159    0.57636453333506   -0.07194122481501
H        -0.00967673958635   -0.63787028727800    0.91175781554662
H        -0.07728587031313   -0.70674242368639   -0.85604701174478
5
 energy: -7.826524735054 gnorm: 0.000466415383 xtb: 6.2.2 (9d81278992624c895f80dd42a50cac0aa55982e2)
C        -0.05708296433568    0.00635476895493    0.00193552671344
N        -1.15500693619432    0.76328555200524    0.01443585243506
C         1.29487782546486    0.57266513685230   -0.07183254399927
H        -0.00756574898212   -0.63669255128452    0.91223844709633
H        -0.07522117595275   -0.70561190652794   -0.85677728224555
5
 energy: -7.826525184670 gnorm: 0.000195531896 xtb: 6.2.2 (9d81278992624c895f80dd42a50cac0aa55982e2)
C        -0.05706177822915    0.00512065658156    0.00198276642980
N        -1.15409752248386    0.76373912656335    0.01438341981877
C         1.29399021664918    0.57321120733069   -0.07181984404187
H        -0.00756167229339   -0.63654925021348    0.91290309465779
H        -0.07526824364278   -0.70552074026212   -0.85744943686449
