5
 energy: -11.021077371645 gnorm: 0.182898488982 xtb: 6.2.2 (9d81278992624c895f80dd42a50cac0aa55982e2)
C         0.09301400000000    0.99582400000000    0.61459500000000
N        -0.09378500000000    0.17350800000000   -0.57195300000000
C        -0.04612100000000   -1.08257800000000    0.16219300000000
C        -1.03259600000000   -0.00274000000000    0.52648400000000
C         1.07948800000000   -0.08401400000000    0.25030400000000
5
 energy: -11.045896716400 gnorm: 0.082709102937 xtb: 6.2.2 (9d81278992624c895f80dd42a50cac0aa55982e2)
C         0.09306896981973    0.96192589633734    0.62499140512078
N        -0.10205745031452    0.18881256870458   -0.63972028408217
C        -0.04203983581656   -1.05633225927687    0.18568080139321
C        -0.99996918371386   -0.00774203120724    0.53942963893293
C         1.05099750002521   -0.08666417455782    0.27124143863526
5
 energy: -11.051663394598 gnorm: 0.021104573772 xtb: 6.2.2 (9d81278992624c895f80dd42a50cac0aa55982e2)
C         0.09302568394874    0.93330739267540    0.63308305665042
N        -0.10872178651799    0.20114208965020   -0.69431442012579
C        -0.03866428656564   -1.03387917988466    0.20488909379055
C        -0.97235641662902   -0.01182255813813    0.54968391655460
C         1.02671680576391   -0.08874774430281    0.28828135313021
5
 energy: -11.051865501868 gnorm: 0.007614008936 xtb: 6.2.2 (9d81278992624c895f80dd42a50cac0aa55982e2)
C         0.09327827020117    0.93792409254875    0.63365606624971
N        -0.10851807498704    0.20076523319513   -0.69264578449497
C        -0.03901740504238   -1.03830994410242    0.20349275339180
C        -0.97701632533639   -0.01154978736752    0.54986386082504
C         1.03127353516464   -0.08882959427394    0.28725610402842
5
 energy: -11.051897241819 gnorm: 0.001720750789 xtb: 6.2.2 (9d81278992624c895f80dd42a50cac0aa55982e2)
C         0.09343264251395    0.93893072554895    0.63453838503332
N        -0.10881043889109    0.20130594736040   -0.69503991462079
C        -0.03901698851314   -1.03960206174286    0.20387473079886
C        -0.97818440233558   -0.01162983157930    0.55059045502479
C         1.03257918722586   -0.08900477958720    0.28765934376381
5
 energy: -11.051900190784 gnorm: 0.001735895442 xtb: 6.2.2 (9d81278992624c895f80dd42a50cac0aa55982e2)
C         0.09350546041527    0.93858767152717    0.63519703192085
N        -0.10901531872473    0.20168502891435   -0.69671865083033
C        -0.03891952652017   -1.03957481082695    0.20461396015890
C        -0.97855141487887   -0.01164675610151    0.55078114480453
C         1.03298079970850   -0.08905113351306    0.28774951394606
5
 energy: -11.051950903433 gnorm: 0.012143482824 xtb: 6.2.2 (9d81278992624c895f80dd42a50cac0aa55982e2)
C         0.09369695173608    0.93602584402379    0.63741824592702
N        -0.10931148664725    0.20223331352031   -0.69914699441274
C        -0.03846553233619   -1.03820948452890    0.20768993072748
C        -0.98091760761857   -0.01123853016023    0.54963337427024
C         1.03499767486593   -0.08881114285498    0.28602844348799
5
 energy: -11.053416797409 gnorm: 0.063356584187 xtb: 6.2.2 (9d81278992624c895f80dd42a50cac0aa55982e2)
C         0.09474489391719    0.92277679425480    0.64932345092185
N        -0.11092571476274    0.20521940978975   -0.71236521758294
C        -0.03607120273892   -1.03132617621776    0.22397826558195
C        -0.99378180721582   -0.00908950059014    0.54370787509576
C         1.04603383080030   -0.08758052723666    0.27697862598338
5
 energy: -11.058108841385 gnorm: 0.109027229029 xtb: 6.2.2 (9d81278992624c895f80dd42a50cac0aa55982e2)
C         0.09923028446680    0.86230123425101    0.70144857870762
N        -0.11800063327013    0.21830942942252   -0.77033432541874
C        -0.02537657956070   -0.99896289589738    0.29631061973586
C        -1.05128827894370    0.00047569665701    0.51745353083317
C         1.09543520730772   -0.08212346443316    0.23674459614209
5
 energy: -11.063192968634 gnorm: 0.074988859362 xtb: 6.2.2 (9d81278992624c895f80dd42a50cac0aa55982e2)
C         0.09759324628541    0.86249998784787    0.68882738217794
N        -0.11458404227791    0.21198153402732   -0.74230827801905
C        -0.02666912203455   -0.99370840561155    0.28479028713128
C        -1.04091464679736    0.00050783445573    0.51412149705841
C         1.08457456482441   -0.08128095071936    0.23619211165141
5
 energy: -11.069565083946 gnorm: 0.020787470076 xtb: 6.2.2 (9d81278992624c895f80dd42a50cac0aa55982e2)
C         0.09605787559306    0.82305202980408    0.68864039382399
N        -0.10865417003673    0.20100031919302   -0.69365803632242
C        -0.02315209566019   -0.95786977906483    0.30099430009251
C        -1.05478113122349    0.00819119690015    0.48308096853874
C         1.09052952132735   -0.07437376683242    0.20256537386717
5
 energy: -11.070276771658 gnorm: 0.007956923565 xtb: 6.2.2 (9d81278992624c895f80dd42a50cac0aa55982e2)
C         0.09718632724643    0.80742863455913    0.70190266055192
N        -0.10882308780403    0.20131622222335   -0.69505999687257
C        -0.02041642659363   -0.94942246271893    0.31949597189574
C        -1.06921934013247    0.01210354323743    0.46954692412166
C         1.10127252728370   -0.07142593730097    0.18573744030325
5
 energy: -11.070417475835 gnorm: 0.008265619904 xtb: 6.2.2 (9d81278992624c895f80dd42a50cac0aa55982e2)
C         0.09799693580146    0.80398457607716    0.70914349611975
N        -0.10865334328646    0.20100507577807   -0.69369512078509
C        -0.01937977585213   -0.94942303206926    0.32748437069581
C        -1.07273109826456    0.01407539313026    0.46157821266813
C         1.10276728160169   -0.06964201291623    0.17711204130139
5
 energy: -11.070618287467 gnorm: 0.010599505820 xtb: 6.2.2 (9d81278992624c895f80dd42a50cac0aa55982e2)
C         0.09968454388352    0.79989695206196    0.72329334983799
N        -0.10846762412226    0.20066895516656   -0.69222743983271
C        -0.01758566828189   -0.95181359508504    0.34200053706786
C        -1.07435161667534    0.01747042970788    0.44648581250271
C         1.10072036519596   -0.06622274185135    0.16207074042414
5
 energy: -11.070792440737 gnorm: 0.009335005015 xtb: 6.2.2 (9d81278992624c895f80dd42a50cac0aa55982e2)
C         0.10165821305840    0.79663397780215    0.73936440953524
N        -0.10842190323152    0.20058835190551   -0.69190194360894
C        -0.01566402312703   -0.95578030623062    0.35791274939756
C        -1.07163383819831    0.02094252575166    0.42972076837501
C         1.09406155149846   -0.06238454922869    0.14652701630114
5
 energy: -11.070868194213 gnorm: 0.003668255894 xtb: 6.2.2 (9d81278992624c895f80dd42a50cac0aa55982e2)
C         0.10251507660202    0.79589151497538    0.74611750309133
N        -0.10861375954789    0.20094183999509   -0.69347693745388
C        -0.01490485254312   -0.95801238513545    0.36433931081123
C        -1.06696957119420    0.02204724532378    0.42321589561253
C         1.08797310668319   -0.06086821515880    0.14142722793879
5
 energy: -11.070878377629 gnorm: 0.000170949136 xtb: 6.2.2 (9d81278992624c895f80dd42a50cac0aa55982e2)
C         0.10248568439557    0.79623237718833    0.74577897085362
N        -0.10874184957367    0.20117453123780   -0.69450776528995
C        -0.01496371108155   -0.95817339109777    0.36389078812384
C        -1.06492083843395    0.02176856786318    0.42387052686278
C         1.08614071469360   -0.06100208519154    0.14259047944972
5
 energy: -11.070878402502 gnorm: 0.000088690744 xtb: 6.2.2 (9d81278992624c895f80dd42a50cac0aa55982e2)
C         0.10245018558736    0.79632944304094    0.74546958322792
N        -0.10873353703391    0.20115779745430   -0.69442445931493
C        -0.01500008229913   -0.95812415050933    0.36357253760491
C        -1.06485723837818    0.02170377829407    0.42413788602955
C         1.08614067212387   -0.06106686827998    0.14286745245255
