5
 energy: -9.438000191266 gnorm: 0.113645830765 xtb: 6.2.2 (9d81278992624c895f80dd42a50cac0aa55982e2)
C         0.53666100000000   -0.28831400000000   -0.19223300000000
C        -0.52113200000000    0.08913000000000    0.76347900000000
C        -0.86130600000000   -0.71898600000000   -0.36694700000000
N        -0.49680300000000    0.70568000000000   -0.58697100000000
H         1.34258100000000    0.21249000000000    0.38267200000000
5
 energy: -9.459985923257 gnorm: 0.093464223239 xtb: 6.2.2 (9d81278992624c895f80dd42a50cac0aa55982e2)
C         0.54669074376296   -0.22638172476104   -0.17223957283011
C        -0.61499086903692    0.09089044996980    0.77320913133936
C        -0.84849071879440   -0.73125242397557   -0.36162910744328
N        -0.49709764633451    0.69446283642466   -0.58432781546707
H         1.41388949040286    0.17228086234214    0.34498736440109
5
 energy: -9.481163900255 gnorm: 0.073954134224 xtb: 6.2.2 (9d81278992624c895f80dd42a50cac0aa55982e2)
C         0.54978813255467   -0.06459080461262   -0.13770037894095
C        -0.83076517132980    0.06652478217126    0.80075670254748
C        -0.82920475998159   -0.77332797101778   -0.32513797070848
N        -0.43269812276381    0.67754755289219   -0.58364726053872
H         1.54288092152054    0.09384644056695    0.24572890764067
5
 energy: -9.484758608403 gnorm: 0.038414587970 xtb: 6.2.2 (9d81278992624c895f80dd42a50cac0aa55982e2)
C         0.55001354912624   -0.06931238692541   -0.13441920516158
C        -0.80404404893256    0.07372526659075    0.78886078447441
C        -0.81040267722632   -0.77323410681685   -0.32079518351667
N        -0.46950294670576    0.69345145454761   -0.59543595578649
H         1.53393712373841    0.07536977260391    0.26178955999033
5
 energy: -9.486586982940 gnorm: 0.032860433778 xtb: 6.2.2 (9d81278992624c895f80dd42a50cac0aa55982e2)
C         0.54235017476554   -0.05586387721648   -0.11773611542984
C        -0.80991660663484    0.07460753338361    0.78264421911436
C        -0.78706379615648   -0.77794334820088   -0.31564927509199
N        -0.47968854792685    0.70437721981920   -0.59964979698121
H         1.53431977595262    0.05482247221454    0.25039096838868
5
 energy: -9.489184569355 gnorm: 0.026894663697 xtb: 6.2.2 (9d81278992624c895f80dd42a50cac0aa55982e2)
C         0.51832361436500   -0.01675310071247   -0.06831598532434
C        -0.83840142472482    0.07605613072261    0.77067548928413
C        -0.73518841187371   -0.79336170083986   -0.30961531082938
N        -0.49161846924739    0.72526371708227   -0.60316582836258
H         1.54688569148092    0.00879495374745    0.21042163523217
5
 energy: -9.490059082515 gnorm: 0.022416992747 xtb: 6.2.2 (9d81278992624c895f80dd42a50cac0aa55982e2)
C         0.50771515326782   -0.00352496300624   -0.03476672457759
C        -0.85194962920957    0.07277213689980    0.76496147401050
C        -0.71882674815586   -0.79897783164979   -0.31245628555408
N        -0.48143688520744    0.73128306611739   -0.59714731289456
H         1.54449910930505   -0.00155240836116    0.17940884901572
5
 energy: -9.490670728462 gnorm: 0.018042279812 xtb: 6.2.2 (9d81278992624c895f80dd42a50cac0aa55982e2)
C         0.50026301596812    0.01887962856499   -0.00299320543092
C        -0.86457182718908    0.07147744872102    0.75648832063959
C        -0.71171662603066   -0.80776176555910   -0.31671209548069
N        -0.47675666494825    0.73277321296999   -0.59173554922191
H         1.55278310219987   -0.01536852469690    0.15495252949393
5
 energy: -9.491022008216 gnorm: 0.011542529645 xtb: 6.2.2 (9d81278992624c895f80dd42a50cac0aa55982e2)
C         0.50069456380793    0.02189035505828    0.01607290982922
C        -0.85733557001998    0.06872554640896    0.74970325273492
C        -0.72140464422463   -0.80886069299810   -0.32431630796098
N        -0.46798617296594    0.72890418589775   -0.58479143861008
H         1.54603282340262   -0.01065939436689    0.14333158400692
5
 energy: -9.491159430557 gnorm: 0.005551182060 xtb: 6.2.2 (9d81278992624c895f80dd42a50cac0aa55982e2)
C         0.50227583511729    0.02684237633205    0.02033384831785
C        -0.85455459836185    0.06970406828306    0.74700339883537
C        -0.72666134778359   -0.81089495155867   -0.32707809312083
N        -0.47316471022587    0.72752390658755   -0.58556743225093
H         1.55210582125402   -0.01317539964399    0.14530827821854
5
 energy: -9.491192704133 gnorm: 0.001868454175 xtb: 6.2.2 (9d81278992624c895f80dd42a50cac0aa55982e2)
C         0.50514959152920    0.02453613669727    0.01673034472377
C        -0.84978975187140    0.06985820702699    0.74769469352717
C        -0.73309144032584   -0.81000721251433   -0.32851943737988
N        -0.47582850029934    0.72587452594761   -0.58707504258108
H         1.55356110096738   -0.01026165715754    0.15116944171001
5
 energy: -9.491197076934 gnorm: 0.001406119429 xtb: 6.2.2 (9d81278992624c895f80dd42a50cac0aa55982e2)
C         0.50478932388838    0.02387964319867    0.01748999649015
C        -0.84866499356768    0.06902960828629    0.74821750767917
C        -0.73453922486637   -0.80957682928694   -0.32931482071893
N        -0.47561016589211    0.72567168918005   -0.58780500160840
H         1.55402606043779   -0.00900411137807    0.15141231815802
5
 energy: -9.491202273872 gnorm: 0.000994566586 xtb: 6.2.2 (9d81278992624c895f80dd42a50cac0aa55982e2)
C         0.50431259704013    0.02319881222964    0.01722187117670
C        -0.84700445447846    0.06748392963241    0.75006947616224
C        -0.73666028539898   -0.80855960826499   -0.33004044225865
N        -0.47452430252023    0.72493361597821   -0.58947934873880
H         1.55387744535753   -0.00705674957527    0.15222844365852
5
 energy: -9.491205637434 gnorm: 0.001229838629 xtb: 6.2.2 (9d81278992624c895f80dd42a50cac0aa55982e2)
C         0.50395191470629    0.02422121028214    0.01728742182985
C        -0.84546673665798    0.06634960020277    0.75154673385166
C        -0.73768516469387   -0.80769975790351   -0.33039454895330
N        -0.47430760634258    0.72403256393746   -0.59131511802304
H         1.55350859298814   -0.00690361651887    0.15287551129484
5
 energy: -9.491209963310 gnorm: 0.001484546675 xtb: 6.2.2 (9d81278992624c895f80dd42a50cac0aa55982e2)
C         0.50382084563594    0.02613576261193    0.01743923039870
C        -0.84388707475274    0.06465050981952    0.75397400611418
C        -0.73867564622551   -0.80591784339296   -0.33075637699981
N        -0.47431790536147    0.72235167477718   -0.59418457052776
H         1.55306078070378   -0.00722010381566    0.15352771101470
5
 energy: -9.491215194424 gnorm: 0.001509488682 xtb: 6.2.2 (9d81278992624c895f80dd42a50cac0aa55982e2)
C         0.50369271020528    0.02886470902609    0.01888467051334
C        -0.84257452446984    0.06241602033034    0.75706343952286
C        -0.73929096446208   -0.80302935526653   -0.33156041184691
N        -0.47452198911419    0.71975541241256   -0.59765495029365
H         1.55269576784084   -0.00800678650245    0.15326725210436
5
 energy: -9.491220419586 gnorm: 0.001038301329 xtb: 6.2.2 (9d81278992624c895f80dd42a50cac0aa55982e2)
C         0.50385453052642    0.03130934312848    0.02087866562782
C        -0.84175663288142    0.05992513173914    0.76082626211078
C        -0.73991798443506   -0.79897597249184   -0.33292579763562
N        -0.47503584372941    0.71627067708910   -0.60135041305342
H         1.55285693051947   -0.00852917946488    0.15257128295044
5
 energy: -9.491222635702 gnorm: 0.000385817131 xtb: 6.2.2 (9d81278992624c895f80dd42a50cac0aa55982e2)
C         0.50384476185260    0.03182088812277    0.02283957572560
C        -0.84195637160485    0.05881317696163    0.76243147601072
C        -0.73988771908925   -0.79666111113080   -0.33407078511545
N        -0.47520789556184    0.71444502301072   -0.60250420540412
H         1.55320822440334   -0.00841797696432    0.15130393878325
