5
 energy: -10.797451441504 gnorm: 0.288649599657 xtb: 6.2.2 (9d81278992624c895f80dd42a50cac0aa55982e2)
C        -1.01737800000000   -1.12579600000000   -0.34626300000000
N        -0.58401400000000   -0.01005600000000    0.48234300000000
C         0.86818300000000   -0.07233100000000    0.68272800000000
C        -0.93673200000000    1.22681500000000   -0.19956800000000
C         1.66994100000000   -0.01863100000000   -0.61924000000000
5
 energy: -10.888512731962 gnorm: 0.178438975116 xtb: 6.2.2 (9d81278992624c895f80dd42a50cac0aa55982e2)
C        -1.04193978822517   -1.07498254450728   -0.30256899234491
N        -0.53618475758875   -0.00720983239370    0.41040124676983
C         0.87691789650295   -0.06503548785140    0.56092398187550
C        -0.96488857183883    1.17276761176260   -0.16241260098542
C         1.66609522114980   -0.02553874701022   -0.50634363531499
5
 energy: -10.874079543963 gnorm: 0.560368503615 xtb: 6.2.2 (9d81278992624c895f80dd42a50cac0aa55982e2)
C        -1.08916676893761   -0.99842033289710   -0.25820410261133
N        -0.48096896916738   -0.00431245249895    0.33357427036286
C         0.91858860792177   -0.05738707953094    0.41535554630057
C        -1.01741704960816    1.09469404512803   -0.12768998773922
C         1.66896417979138   -0.03457318020104   -0.36303572631289
5
 energy: -10.925799307683 gnorm: 0.081328193683 xtb: 6.2.2 (9d81278992624c895f80dd42a50cac0aa55982e2)
C        -1.14085621677919   -1.00041975272060   -0.23476926365228
N        -0.49932105295717   -0.00341091856132    0.32920447438818
C         0.87521919945131   -0.05570260069662    0.41218339110911
C        -1.06894909152036    1.09729144703019   -0.10396846712147
C         1.83390716180541   -0.03775717505166   -0.40265013472354
5
 energy: -10.933083563878 gnorm: 0.106722406804 xtb: 6.2.2 (9d81278992624c895f80dd42a50cac0aa55982e2)
C        -1.27852789969995   -0.99271538633810   -0.19231159729827
N        -0.44076328394130    0.00003453759606    0.24175139053393
C         0.92610390391405   -0.05269729903757    0.33601301326653
C        -1.20700453488809    1.09378743586982   -0.06220989626116
C         2.00019181461528   -0.04840828809020   -0.32324291024103
5
 energy: -10.939615650447 gnorm: 0.050010990427 xtb: 6.2.2 (9d81278992624c895f80dd42a50cac0aa55982e2)
C        -1.27673301098145   -0.95008611537627   -0.18866927186351
N        -0.43181283051640    0.00006138977812    0.23639952942934
C         0.92979615399191   -0.05220036273152    0.32601083629544
C        -1.20813717029775    1.05101337169634   -0.06389303703088
C         1.98688685780368   -0.04878728336667   -0.30984805683039
5
 energy: -10.944351236178 gnorm: 0.021597502689 xtb: 6.2.2 (9d81278992624c895f80dd42a50cac0aa55982e2)
C        -1.31818567360005   -0.89983004093534   -0.15635890871883
N        -0.40462780976917    0.00257756977767    0.18109781992735
C         0.94024353689087   -0.04918868410210    0.27195981096373
C        -1.25305781857300    1.00008221146892   -0.03789284418295
C         2.03562776505135   -0.05364005620914   -0.25880587798930
5
 energy: -10.946949655123 gnorm: 0.042934367442 xtb: 6.2.2 (9d81278992624c895f80dd42a50cac0aa55982e2)
C        -1.37598698545254   -0.85658681180787   -0.11592530538937
N        -0.37644035476601    0.00602939132189    0.11023831145131
C         0.95754859805755   -0.04570233452735    0.20651750240271
C        -1.31384444734520    0.95620046574629   -0.00289326232422
C         2.10872318950620   -0.05993971073297   -0.19793724614044
5
 energy: -10.948953710677 gnorm: 0.025608928317 xtb: 6.2.2 (9d81278992624c895f80dd42a50cac0aa55982e2)
C        -1.41374932752622   -0.80546195094636   -0.08166438281312
N        -0.35478141639527    0.00933320192062    0.04534702382718
C         0.97785454700814   -0.04321260440485    0.15542873940222
C        -1.35515471665046    0.90391683018410    0.02492036776575
C         2.14583091356380   -0.06457447675351   -0.14403174818203
5
 energy: -10.954410385321 gnorm: 0.182886281319 xtb: 6.2.2 (9d81278992624c895f80dd42a50cac0aa55982e2)
C        -1.44678903026042   -0.73331545459490   -0.03719141657579
N        -0.35781771639913    0.01246189484254   -0.00311072890027
C         0.98145192021978   -0.03719945740685    0.05722764703854
C        -1.39327251652997    0.82924647526449    0.06026012162442
C         2.21642734296973   -0.07119245810529   -0.07718562318689
5
 energy: -10.992373626841 gnorm: 0.223914226938 xtb: 6.2.2 (9d81278992624c895f80dd42a50cac0aa55982e2)
C        -1.57225951325190   -0.56219133660733   -0.02603958538950
N        -0.19340913891425    0.01192267753581   -0.08490954868487
C         1.05171586839608   -0.03949975857439    0.05551705103790
C        -1.53018305828045    0.66703053660501    0.05062745418455
C         2.24413584205052   -0.07726111895911    0.00480462885192
5
 energy: -10.999800748114 gnorm: 0.137943558163 xtb: 6.2.2 (9d81278992624c895f80dd42a50cac0aa55982e2)
C        -1.56652569945230   -0.64726721452501    0.00028896167069
N        -0.22725123404694    0.01445419147205   -0.10693038121387
C         1.01431775606825   -0.03528061353785    0.00915437366646
C        -1.51882093779328    0.74759939168059    0.08733703278714
C         2.29828011522427   -0.07950475508979    0.01015001308958
5
 energy: -10.968306288951 gnorm: 0.265576713072 xtb: 6.2.2 (9d81278992624c895f80dd42a50cac0aa55982e2)
C        -1.59263418525919   -0.55964486513781    0.06629682642848
N        -0.29055544484494    0.01861777239793   -0.13902470148948
C         0.99864587309778   -0.02404308443052   -0.16172614509755
C        -1.55114671000471    0.65445051886865    0.14211649982554
C         2.43569046701106   -0.08937934169825    0.09233752033301
5
 energy: -11.009240628927 gnorm: 0.042466745682 xtb: 6.2.2 (9d81278992624c895f80dd42a50cac0aa55982e2)
C        -1.55868986939160   -0.60492048701813    0.01991198548990
N        -0.23995614003304    0.01571790703218   -0.12025221140902
C         1.00368141897824   -0.03209605245927   -0.03580433526553
C        -1.51397426318026    0.70270549352096    0.10153526538294
C         2.30893885362665   -0.08140586107575    0.03460929580170
5
 energy: -11.007593567672 gnorm: 0.072597503820 xtb: 6.2.2 (9d81278992624c895f80dd42a50cac0aa55982e2)
C        -1.53519388924092   -0.59169309671331   -0.00916292640683
N        -0.23670798299469    0.01298399520187   -0.07848861285122
C         1.00711956822243   -0.03539671299927    0.01406363191121
C        -1.49110769089277    0.69156249610177    0.07082694584298
C         2.25588999490595   -0.07745568159107    0.00276096150385
5
 energy: -11.010060375933 gnorm: 0.010852408329 xtb: 6.2.2 (9d81278992624c895f80dd42a50cac0aa55982e2)
C        -1.55763298821696   -0.59832841401319    0.00913612833729
N        -0.22735726104464    0.01473778369349   -0.11175673952467
C         1.00908378357126   -0.03386410143359   -0.01246603042596
C        -1.51304725457162    0.69737662125630    0.08983764208247
C         2.28895372026196   -0.07992088950303    0.02524899953086
5
 energy: -11.010086268644 gnorm: 0.007495861153 xtb: 6.2.2 (9d81278992624c895f80dd42a50cac0aa55982e2)
C        -1.55513234926519   -0.59961424360673    0.01011138527781
N        -0.23560700921992    0.01488039444156   -0.10911961099510
C         1.00859657488912   -0.03356668929597   -0.01691403435217
C        -1.51060936962420    0.69840186987068    0.09099536715107
C         2.29275215322019   -0.08010033140954    0.02492689291839
5
 energy: -11.010118450868 gnorm: 0.001585152881 xtb: 6.2.2 (9d81278992624c895f80dd42a50cac0aa55982e2)
C        -1.55577264414644   -0.59870958670606    0.01043538442940
N        -0.23224731033330    0.01491797829827   -0.11154226231951
C         1.00857299122436   -0.03364443743034   -0.01583741242371
C        -1.51130826729390    0.69751106866682    0.09119657355577
C         2.29075523054927   -0.08007402282869    0.02574771675804
5
 energy: -11.010123787949 gnorm: 0.001397648559 xtb: 6.2.2 (9d81278992624c895f80dd42a50cac0aa55982e2)
C        -1.55562396030517   -0.59871272548435    0.01187538415362
N        -0.23208950671944    0.01509883278639   -0.11450281174333
C         1.00855225313958   -0.03363904044600   -0.01706559759251
C        -1.51109120983685    0.69731475994213    0.09254288748950
C         2.29025242372188   -0.08006082679817    0.02715013769270
5
 energy: -11.010172528755 gnorm: 0.004003600033 xtb: 6.2.2 (9d81278992624c895f80dd42a50cac0aa55982e2)
C        -1.55195956162907   -0.59974136253262    0.03592389720939
N        -0.23296339226125    0.01806830744651   -0.16057586286225
C         1.00650325790829   -0.03384261486449   -0.03945840812816
C        -1.50589789028147    0.69490593783933    0.11464952272374
C         2.28431758626349   -0.07938926788874    0.04946085105727
5
 energy: -11.010183686990 gnorm: 0.002516616918 xtb: 6.2.2 (9d81278992624c895f80dd42a50cac0aa55982e2)
C        -1.54961440309626   -0.60016350394242    0.04058596186264
N        -0.23442889461592    0.01878929701703   -0.16880237649424
C         1.00568349814195   -0.03436831017371   -0.04353347910341
C        -1.50361374650442    0.69477207996887    0.11862542046858
C         2.28197354607464   -0.07902856286978    0.05312447326641
5
 energy: -11.010193499355 gnorm: 0.001415631075 xtb: 6.2.2 (9d81278992624c895f80dd42a50cac0aa55982e2)
C        -1.55086242116283   -0.59884981623740    0.04040662014033
N        -0.23523755199361    0.01677892232491   -0.17008236915990
C         1.00509970476672   -0.04009342185311   -0.04531316120214
C        -1.50129536229205    0.69609106298379    0.12015124318706
C         2.28229563068176   -0.07392574721820    0.05483766703465
5
 energy: -11.010313682793 gnorm: 0.006828079552 xtb: 6.2.2 (9d81278992624c895f80dd42a50cac0aa55982e2)
C        -1.55842122021657   -0.59185848314169    0.03878859603222
N        -0.23622011649750    0.00702216078108   -0.17367804308600
C         1.00396289903989   -0.06906410514564   -0.05406111812679
C        -1.49106752986761    0.70217531060393    0.12683978189051
C         2.28174596754178   -0.04827388309769    0.06211078329004
5
 energy: -11.010522494968 gnorm: 0.029235734063 xtb: 6.2.2 (9d81278992624c895f80dd42a50cac0aa55982e2)
C        -1.57474351230180   -0.57693655866909    0.03449258299834
N        -0.23710353002628   -0.01356011601237   -0.17879011291459
C         1.00254028980426   -0.13077321778780   -0.07185527700298
C        -1.46972486718446    0.71498870335754    0.14007389835185
C         2.27903161970828    0.00628218911170    0.07607890856738
5
 energy: -11.010903543373 gnorm: 0.022075487978 xtb: 6.2.2 (9d81278992624c895f80dd42a50cac0aa55982e2)
C        -1.57435756406532   -0.57436714177399    0.03160577484178
N        -0.23535711051226   -0.01771806613879   -0.17552097542217
C         1.00328689428182   -0.14181011796811   -0.07052863667824
C        -1.46336643964665    0.71757250749947    0.14038812034037
C         2.26979421994240    0.01632381838141    0.07405571691826
5
 energy: -11.010907738401 gnorm: 0.032999409355 xtb: 6.2.2 (9d81278992624c895f80dd42a50cac0aa55982e2)
C        -1.58962732649217   -0.54675426897551    0.01053938179576
N        -0.23008586682896   -0.05974041749912   -0.15983741029445
C         1.00797011811598   -0.25742702689399   -0.07663238758311
C        -1.41172425071018    0.74368775937165    0.15282744824565
C         2.22346732591534    0.12023495399696    0.07310296783616
5
 energy: -11.011409660395 gnorm: 0.030564548985 xtb: 6.2.2 (9d81278992624c895f80dd42a50cac0aa55982e2)
C        -1.57329304025251   -0.55861244065897    0.00965430268344
N        -0.23046657889256   -0.04524302164950   -0.14841103930491
C         1.01242039239643   -0.20442839752014   -0.05087347814213
C        -1.42734316030078    0.73358351524735    0.13785899035684
C         2.21868238704942    0.07470134458124    0.05177122440677
5
 energy: -11.011805170258 gnorm: 0.004653989809 xtb: 6.2.2 (9d81278992624c895f80dd42a50cac0aa55982e2)
C        -1.57988006483388   -0.55883752114630    0.01230618624641
N        -0.23343176965706   -0.04636616105147   -0.15392731721122
C         1.00877724547695   -0.20108195613600   -0.05666143788855
C        -1.43091108807431    0.73337180310259    0.14056617455674
C         2.23544567708831    0.07291483523116    0.05771639429662
5
 energy: -11.011862277864 gnorm: 0.003904301752 xtb: 6.2.2 (9d81278992624c895f80dd42a50cac0aa55982e2)
C        -1.58209522160576   -0.55494768987185    0.00804899461450
N        -0.23353547138285   -0.05386978708023   -0.14995878635696
C         1.00949202169675   -0.21377737277213   -0.05328053303422
C        -1.42398034530072    0.73697540752562    0.14098214642842
C         2.23011901659258    0.08562044219857    0.05420817834826
5
 energy: -11.011907238058 gnorm: 0.003337883820 xtb: 6.2.2 (9d81278992624c895f80dd42a50cac0aa55982e2)
C        -1.58456961504188   -0.55086768791584    0.00300074798060
N        -0.23426553615330   -0.06336721489969   -0.14554860344266
C         1.00996005194187   -0.22235181840538   -0.04624599487692
C        -1.41753693266996    0.74040553451881    0.14063795621587
C         2.22641203192328    0.09618218670209    0.04815589412311
5
 energy: -11.011937428633 gnorm: 0.002803350521 xtb: 6.2.2 (9d81278992624c895f80dd42a50cac0aa55982e2)
C        -1.58599982376953   -0.54798950010799   -0.00047092274232
N        -0.23506556397672   -0.07118812825034   -0.14346126192201
C         1.00998415109261   -0.22380923974186   -0.03880701155380
C        -1.41437484362783    0.74235969643887    0.14015054154889
C         2.22545608028148    0.10062817166130    0.04258865466924
5
 energy: -11.011951657128 gnorm: 0.002127716053 xtb: 6.2.2 (9d81278992624c895f80dd42a50cac0aa55982e2)
C        -1.58595813298110   -0.54658132575477   -0.00130956207214
N        -0.23535296356003   -0.07533786886997   -0.14476933841498
C         1.00969823883624   -0.22179835304689   -0.03479606115543
C        -1.41436768493195    0.74302999341469    0.14049248786126
C         2.22598054263685    0.10068855425692    0.04038247378130
5
 energy: -11.011959893176 gnorm: 0.001589870725 xtb: 6.2.2 (9d81278992624c895f80dd42a50cac0aa55982e2)
C        -1.58495703878923   -0.54578576078705   -0.00069248014044
N        -0.23526355638172   -0.07738969759478   -0.14802816715149
C         1.00937388137452   -0.22048537151223   -0.03378966067522
C        -1.41539673034784    0.74349568755941    0.14171293463073
C         2.22624344414429    0.10016614233464    0.04079737333642
5
 energy: -11.011971550188 gnorm: 0.002218233483 xtb: 6.2.2 (9d81278992624c895f80dd42a50cac0aa55982e2)
C        -1.58107223505320   -0.54431108953927    0.00207345492004
N        -0.23494525985508   -0.08050385899880   -0.15783405432417
C         1.00867891954254   -0.21975325819181   -0.03458019795961
C        -1.41828491444939    0.74495148534494    0.14576196112532
C         2.22562348981513    0.09961772138494    0.04457883623843
5
 energy: -11.011977028881 gnorm: 0.001870041920 xtb: 6.2.2 (9d81278992624c895f80dd42a50cac0aa55982e2)
C        -1.57923441035437   -0.54424571552139    0.00315035961107
N        -0.23505066085468   -0.08036314761236   -0.16069573616618
C         1.00859735685756   -0.22096994075991   -0.03612058213948
C        -1.41896335547348    0.74559734353439    0.14710311954097
C         2.22465106982498    0.09998246035926    0.04656283915362
5
 energy: -11.011981447573 gnorm: 0.000533382787 xtb: 6.2.2 (9d81278992624c895f80dd42a50cac0aa55982e2)
C        -1.57305244796507   -0.54410537845335    0.00610198914124
N        -0.23594796631892   -0.08021374098891   -0.16895956029358
C         1.00830850738126   -0.22470744507266   -0.04023084005652
C        -1.42082884767157    0.74787500513345    0.15098738043391
C         2.22152075457431    0.10115255938146    0.05210103077495
