5
 energy: -10.896066268119 gnorm: 0.190937453585 xtb: 6.2.2 (9d81278992624c895f80dd42a50cac0aa55982e2)
N         1.42222700000000   -0.62066400000000    0.26326600000000
C         0.26598900000000   -0.12003000000000   -0.45651500000000
C        -0.73609400000000    0.32697800000000    0.59767900000000
C         0.02557500000000    1.35254700000000   -0.21118100000000
C        -0.97769800000000   -0.93883100000000   -0.19324900000000
5
 energy: -10.934705804378 gnorm: 0.123971918083 xtb: 6.2.2 (9d81278992624c895f80dd42a50cac0aa55982e2)
N         1.41808501918508   -0.61920253619613    0.21822333063705
C         0.32402621451154   -0.14515844731799   -0.42015707739599
C        -0.78465194237985    0.34814728138726    0.58615410236132
C        -0.00583732926712    1.28814820092114   -0.20056279149559
C        -0.95162296204965   -0.87193449879429   -0.18365756410679
5
 energy: -10.971046261223 gnorm: 0.116759403188 xtb: 6.2.2 (9d81278992624c895f80dd42a50cac0aa55982e2)
N         1.44704667854530   -0.63239173378020    0.15289892695780
C         0.44490508896208   -0.19743800984339   -0.33709316092010
C        -0.84664764231358    0.37542368214528    0.60338645464225
C        -0.10236980376336    1.18708467586937   -0.21710886548890
C        -0.94293532143044   -0.73267861439106   -0.20208335519105
5
 energy: -11.001087100786 gnorm: 0.134971435724 xtb: 6.2.2 (9d81278992624c895f80dd42a50cac0aa55982e2)
N         1.59087629677121   -0.69605311300321    0.06503560026727
C         0.54642683069367   -0.24099378454732   -0.22238815369615
C        -1.00215157414069    0.44355643165510    0.60946341492953
C        -0.19607643292595    1.09520888366486   -0.23269670761873
C        -0.93907612039824   -0.60171841776943   -0.21941415388191
5
 energy: -11.018068197887 gnorm: 0.079681643931 xtb: 6.2.2 (9d81278992624c895f80dd42a50cac0aa55982e2)
N         1.69502391121809   -0.74241031240974   -0.03139669232045
C         0.55970218355845   -0.24627844878865   -0.15479513589497
C        -1.21392302545600    0.53602268002528    0.57636387891726
C        -0.15848781513530    1.05290712094970   -0.20155594914226
C        -0.88231625418524   -0.60024103977660   -0.18861610155959
5
 energy: -11.022655923664 gnorm: 0.034188826291 xtb: 6.2.2 (9d81278992624c895f80dd42a50cac0aa55982e2)
N         1.66235434280605   -0.72811538170146   -0.03242183032209
C         0.55963607242819   -0.24646731833587   -0.18279472527618
C        -1.21403882264396    0.53584965402889    0.54775047744115
C        -0.13860276699288    1.05384306867340   -0.17279888824737
C        -0.86934982559740   -0.61511002266496   -0.15973503359552
5
 energy: -11.024657846260 gnorm: 0.017135543928 xtb: 6.2.2 (9d81278992624c895f80dd42a50cac0aa55982e2)
N         1.66887539848414   -0.73112847372398   -0.05262136459014
C         0.57324643909180   -0.25241660066624   -0.18158376829286
C        -1.24559283050197    0.54931125451089    0.50244744387633
C        -0.13243593634000    1.05263305201230   -0.14066108432923
C        -0.86409407073397   -0.61839923213297   -0.12758122666411
5
 energy: -11.025435031098 gnorm: 0.013138219331 xtb: 6.2.2 (9d81278992624c895f80dd42a50cac0aa55982e2)
N         1.67960187406662   -0.73596729164467   -0.07075651103477
C         0.57828261271010   -0.25455359962647   -0.17296991763316
C        -1.27162017430072    0.56037931315769    0.46042653511618
C        -0.12315361703748    1.06006528775127   -0.11496397588840
C        -0.86311169543852   -0.62992370963782   -0.10173613055986
5
 energy: -11.025694744218 gnorm: 0.009756682339 xtb: 6.2.2 (9d81278992624c895f80dd42a50cac0aa55982e2)
N         1.68551028960224   -0.73864500855500   -0.08240125495735
C         0.58427360909409   -0.25706579526123   -0.15879749689869
C        -1.28119924151886    0.56441914570033    0.44061106510102
C        -0.12411185304997    1.06110090952979   -0.10632341770967
C        -0.86447380412751   -0.62980925141389   -0.09308889553530
5
 energy: -11.025875110787 gnorm: 0.010516272237 xtb: 6.2.2 (9d81278992624c895f80dd42a50cac0aa55982e2)
N         1.69058299473065   -0.74101117952992   -0.10101028771991
C         0.58870399987140   -0.25884106541076   -0.13776028739315
C        -1.29979922531009    0.57238148127116    0.41726460862931
C        -0.11914491993166    1.06014548794823   -0.09587137131517
C        -0.86034384936030   -0.63267472427871   -0.08262266220108
5
 energy: -11.026036418986 gnorm: 0.005496843854 xtb: 6.2.2 (9d81278992624c895f80dd42a50cac0aa55982e2)
N         1.68744514096462   -0.73969141764892   -0.10808347086903
C         0.58549922801208   -0.25730753099163   -0.12105429742093
C        -1.29628568409495    0.57074773363841    0.40497916264092
C        -0.11646002979275    1.06243528541712   -0.09456729730568
C        -0.86019965508900   -0.63618407041499   -0.08127409704528
5
 energy: -11.026078785912 gnorm: 0.001925347554 xtb: 6.2.2 (9d81278992624c895f80dd42a50cac0aa55982e2)
N         1.68569444081757   -0.73894106560725   -0.11019173343849
C         0.58401593957394   -0.25661763318175   -0.11585678103418
C        -1.29638997776805    0.57080455589356    0.40642468660705
C        -0.11561957612906    1.05979364555400   -0.09681986181488
C        -0.85770182649440   -0.63503950265856   -0.08355631031950
5
 energy: -11.026083052933 gnorm: 0.000911987968 xtb: 6.2.2 (9d81278992624c895f80dd42a50cac0aa55982e2)
N         1.68419244033603   -0.73827772989851   -0.10915874559014
C         0.58211206995600   -0.25577905011663   -0.11535360150945
C        -1.29449576453413    0.57000742822977    0.41040078056739
C        -0.11516808068152    1.05875024060395   -0.09957076106505
C        -0.85664166507637   -0.63470088881858   -0.08631767240275
