5
 energy: -7.843339198870 gnorm: 0.104915453641 xtb: 6.2.2 (9d81278992624c895f80dd42a50cac0aa55982e2)
C        -0.01730000000000   -0.08495300000000    0.00397100000000
N        -1.12851700000000    0.84819600000000    0.01011500000000
C         1.28549500000000    0.68222800000000   -0.07574200000000
H        -0.03524700000000   -0.68749700000000    0.93530800000000
H        -0.10443000000000   -0.75797300000000   -0.87365200000000
5
 energy: -7.862076862504 gnorm: 0.059813023646 xtb: 6.2.2 (9d81278992624c895f80dd42a50cac0aa55982e2)
C        -0.02022078940672   -0.10397130889372    0.00482364853981
N        -1.02166928294952    0.85553067177529    0.00574285559050
C         1.18040401719452    0.70222520278384   -0.07250184816622
H        -0.03470381700723   -0.69169341838555    0.93443016950133
H        -0.10380912783105   -0.76209014727986   -0.87249482546541
5
 energy: -7.935719150187 gnorm: 0.167057783991 xtb: 6.2.2 (9d81278992624c895f80dd42a50cac0aa55982e2)
C        -0.03195550668015   -0.17984518893531    0.00822832962528
N        -0.71324295702603    0.93710156759199   -0.00923073059962
C         0.89070701656571    0.82054469913524   -0.06603188095348
H        -0.03845166979349   -0.75395698641102    0.93042380167937
H        -0.10705588306604   -0.82384309138090   -0.86338951975155
5
 energy: -7.903934415801 gnorm: 0.940676442371 xtb: 6.2.2 (9d81278992624c895f80dd42a50cac0aa55982e2)
C        -0.03796026771275   -0.30564422772680    0.01335904740731
N        -0.41031185582431    1.03625891089016   -0.02467938008610
C         0.62125861982865    0.97185369637062   -0.06162172195355
H        -0.05138981580780   -0.81547500525960    0.95431470659124
H        -0.12159568048379   -0.88699237427437   -0.88137265195890
5
 energy: -7.985348168772 gnorm: 0.207564597054 xtb: 6.2.2 (9d81278992624c895f80dd42a50cac0aa55982e2)
C        -0.03467319160398   -0.31939737520633    0.01376920891823
N        -0.59778137753666    1.05766444853007   -0.01834369249592
C         0.80473967099252    0.96356274903048   -0.06831592108222
H        -0.05078265162063   -0.81489455687310    0.96099453706217
H        -0.12150145023125   -0.88693426548112   -0.88810413240226
5
 energy: -8.003999841000 gnorm: 0.156308008139 xtb: 6.2.2 (9d81278992624c895f80dd42a50cac0aa55982e2)
C        -0.04041262609142   -0.30717975021308    0.01351293249824
N        -0.57834801905709    1.08582169189553   -0.02018426935332
C         0.75356821129530    0.95186198001706   -0.06590302835343
H        -0.03220224870283   -0.82939341645716    0.95668952096985
H        -0.10260431744397   -0.90110950524235   -0.88411515576134
5
 energy: -7.990457033311 gnorm: 0.396530993611 xtb: 6.2.2 (9d81278992624c895f80dd42a50cac0aa55982e2)
C        -0.01643897472159   -0.33279609701257    0.01359454576200
N        -0.50588220489341    1.18100450720788   -0.02666361948658
C         0.58328313267420    0.94595814011794   -0.05916157158866
H         0.00511088657079   -0.86082654491435    0.96674801260463
H        -0.06607183962999   -0.93333900539890   -0.89451736729139
5
 energy: -8.017667878357 gnorm: 0.049042633952 xtb: 6.2.2 (9d81278992624c895f80dd42a50cac0aa55982e2)
C        -0.03541405646152   -0.31840733642281    0.01375949296969
N        -0.56658965833365    1.15233998252416   -0.02322517152184
C         0.67469813085156    0.93847882197690   -0.06236607305830
H        -0.00109134966706   -0.85029136779163    0.95775803645945
H        -0.07160206638932   -0.92211910028662   -0.88592628484900
5
 energy: -8.019168138004 gnorm: 0.026808399577 xtb: 6.2.2 (9d81278992624c895f80dd42a50cac0aa55982e2)
C        -0.00918023306125   -0.32486899980872    0.01300771594569
N        -0.55209437553608    1.13892044987581   -0.02325669232962
C         0.67824496963027    0.96106975146187   -0.06338151681651
H        -0.02330565286306   -0.85172401223296    0.95665580838202
H        -0.09366370816989   -0.92339618929600   -0.88302531518159
5
 energy: -8.019736428078 gnorm: 0.022468622099 xtb: 6.2.2 (9d81278992624c895f80dd42a50cac0aa55982e2)
C         0.01113476879992   -0.32237464245177    0.01213349804269
N        -0.54925998415683    1.13641299798608   -0.02326730906719
C         0.66698811811251    0.96019031736140   -0.06291666485216
H        -0.02935439079560   -0.85138202569382    0.95418647134704
H        -0.09950751196000   -0.92284564720189   -0.88013599547038
5
 energy: -8.019946329818 gnorm: 0.017888430998 xtb: 6.2.2 (9d81278992624c895f80dd42a50cac0aa55982e2)
C         0.01993617039281   -0.32718655575895    0.01198443483365
N        -0.55090989661286    1.13596129793216   -0.02318666944482
C         0.66608599916738    0.96131818972552   -0.06292617723737
H        -0.03233193002557   -0.84916432399786    0.95807335922467
H        -0.10277934292176   -0.92092760790087   -0.88394494737612
5
 energy: -8.020202244466 gnorm: 0.001891099630 xtb: 6.2.2 (9d81278992624c895f80dd42a50cac0aa55982e2)
C         0.04015725922775   -0.33366911332219    0.01146369240210
N        -0.55818629317679    1.13895181198550   -0.02302492476119
C         0.66325568369871    0.96205307916556   -0.06284662250569
H        -0.03739438696280   -0.84779114948298    0.95807584788735
H        -0.10783126278687   -0.91954362834589   -0.88366799302256
5
 energy: -8.020207558120 gnorm: 0.000730701843 xtb: 6.2.2 (9d81278992624c895f80dd42a50cac0aa55982e2)
C         0.04155613513705   -0.33455925365858    0.01144482167312
N        -0.55975381942887    1.14219123045011   -0.02309110732749
C         0.66162190468192    0.96176574500511   -0.06277292689457
H        -0.03651170548458   -0.84884091206255    0.95759770584428
H        -0.10691151490552   -0.92055580973409   -0.88317849329535
5
 energy: -8.020208057810 gnorm: 0.000087723957 xtb: 6.2.2 (9d81278992624c895f80dd42a50cac0aa55982e2)
C         0.04101772974221   -0.33414943868706    0.01144945275909
N        -0.55939289224715    1.14213716452979   -0.02310279559590
C         0.66183603944141    0.96209458460150   -0.06279394396109
H        -0.03652986497629   -0.84918301955290    0.95761661052511
H        -0.10693001196019   -0.92089829089133   -0.88316932372721
