5
 energy: -10.911418212841 gnorm: 0.086763320065 xtb: 6.2.2 (9d81278992624c895f80dd42a50cac0aa55982e2)
C        -1.15254700000000    0.58930200000000    0.10649900000000
N         0.10159200000000    0.15331100000000   -0.55688700000000
C         1.10189100000000   -0.66600400000000    0.17199100000000
C        -1.01894300000000   -0.76814200000000   -0.24300900000000
C         0.96800700000000    0.69153200000000    0.52140600000000
5
 energy: -10.916334068006 gnorm: 0.040589575993 xtb: 6.2.2 (9d81278992624c895f80dd42a50cac0aa55982e2)
C        -1.13444823028066    0.57275453795175    0.10937618794357
N         0.10432176547824    0.15736260561532   -0.57178798203246
C         1.08250814533909   -0.65146468696397    0.17656247215178
C        -1.00413231805612   -0.75196076994980   -0.23172392012669
C         0.95175063751945    0.67330731334670    0.51757324206379
5
 energy: -10.917599837604 gnorm: 0.012388409269 xtb: 6.2.2 (9d81278992624c895f80dd42a50cac0aa55982e2)
C        -1.12021419710438    0.55700180340460    0.11225066959490
N         0.10735919210761    0.16173252939611   -0.58832235011411
C         1.06707401939931   -0.63786938701798    0.18200644125333
C        -0.99320737964357   -0.73710233423152   -0.22110548540316
C         0.93898836524104    0.65623638844878    0.51517072466903
5
 energy: -10.917705473130 gnorm: 0.008833223486 xtb: 6.2.2 (9d81278992624c895f80dd42a50cac0aa55982e2)
C        -1.12016317915631    0.55808312588909    0.11375355320456
N         0.10813174154319    0.16262346542360   -0.59246594039268
C         1.06711243382190   -0.63937578689760    0.18265984952080
C        -0.99335015607271   -0.73861311511918   -0.22047683932882
C         0.93826915986393    0.65728131070410    0.51652937699614
5
 energy: -10.926232242403 gnorm: 0.102698793258 xtb: 6.2.2 (9d81278992624c895f80dd42a50cac0aa55982e2)
C        -1.09786306806859    0.57103099024699    0.14703635564083
N         0.12467594062973    0.18154830359451   -0.68119154442363
C         1.04700143234576   -0.66132819966293    0.19563626075633
C        -0.97768466718858   -0.75876622012712   -0.20030906279586
C         0.90387036228168    0.66751412594856    0.53882799082233
5
 energy: -10.929025051307 gnorm: 0.263446439470 xtb: 6.2.2 (9d81278992624c895f80dd42a50cac0aa55982e2)
C        -1.01955334208962    0.59896598563279    0.24793709012923
N         0.17582342805358    0.24438646974279   -0.95669006739397
C         0.96777655288527   -0.71964964001126    0.23703479598538
C        -0.91492650047765   -0.81005075685949   -0.13075152383877
C         0.79087986162841    0.68634694149517    0.60246970511814
5
 energy: -10.966943596197 gnorm: 0.195068940317 xtb: 6.2.2 (9d81278992624c895f80dd42a50cac0aa55982e2)
C        -0.99989534617514    0.57723825742388    0.22673727848900
N         0.16362492153331    0.23014326339417   -0.89134375538126
C         0.94848962377180   -0.69100103168014    0.22463399453401
C        -0.89510287936000   -0.77962804509249   -0.13573652171541
C         0.78288368023004    0.66324655595458    0.57570900407366
5
 energy: -11.034584910230 gnorm: 0.144337818308 xtb: 6.2.2 (9d81278992624c895f80dd42a50cac0aa55982e2)
C        -0.85275510761404    0.55124831321966    0.23308175109858
N         0.15458391373854    0.21588497480279   -0.84256971256063
C         0.81339270714326   -0.65726143630278    0.19558098233173
C        -0.76262563086584   -0.73325817117646   -0.11270560812410
C         0.64740411759808    0.62338531945680    0.52661258725442
5
 energy: -11.036037391684 gnorm: 0.181666897734 xtb: 6.2.2 (9d81278992624c895f80dd42a50cac0aa55982e2)
C        -0.75853963919343    0.57476585530591    0.27415477944412
N         0.16622832984292    0.23546027456398   -0.90687922674311
C         0.70529171324584   -0.69098212135819    0.18498064055137
C        -0.65580613349684   -0.75654795839502   -0.08113410202161
C         0.54282572960152    0.63730294988331    0.52887790876923
5
 energy: -11.051078774802 gnorm: 0.033822606521 xtb: 6.2.2 (9d81278992624c895f80dd42a50cac0aa55982e2)
C        -0.82856377991210    0.59984106756634    0.25675393864193
N         0.16043369075625    0.24615968350965   -0.87974839230027
C         0.72672012139145   -0.72379235453449    0.17795539981119
C        -0.66957611828473   -0.79083339736649   -0.09416317034034
C         0.61098608604913    0.66862400082499    0.53920222418749
5
 energy: -11.051638163665 gnorm: 0.025509736235 xtb: 6.2.2 (9d81278992624c895f80dd42a50cac0aa55982e2)
C        -0.81256049542427    0.60271240730658    0.25691204661454
N         0.15944421391467    0.23045168350081   -0.87091433116349
C         0.74992789591790   -0.71516167921733    0.17397115344538
C        -0.68756682912543   -0.78327175752041   -0.09848787015669
C         0.59075521471714    0.66526834593035    0.53851900126025
5
 energy: -11.056342589292 gnorm: 0.077004732620 xtb: 6.2.2 (9d81278992624c895f80dd42a50cac0aa55982e2)
C        -0.81855756890222    0.61285221914578    0.23145274351272
N         0.15889334734489    0.23150800930716   -0.86867880117966
C         0.76447891654432   -0.71263915009513    0.15108017397634
C        -0.67368391746643   -0.77470134459458   -0.06748526723263
C         0.56886922247943    0.64297926623677    0.55363115092323
5
 energy: -11.064858262561 gnorm: 0.077592376864 xtb: 6.2.2 (9d81278992624c895f80dd42a50cac0aa55982e2)
C        -0.84698766131662    0.68678184430808    0.12776140593681
N         0.15703711029280    0.21066316155078   -0.85585447580091
C         0.88733921289439   -0.71328450927079    0.04541556013526
C        -0.64939590530418   -0.74473757894098    0.05447201962542
C         0.45200724343361    0.56057608235291    0.62820549010341
5
 energy: -11.070482747260 gnorm: 0.017898309206 xtb: 6.2.2 (9d81278992624c895f80dd42a50cac0aa55982e2)
C        -0.85278384262390    0.67179601195767    0.14035585825267
N         0.15533592614185    0.23462028184779   -0.86394525926867
C         0.82715548502762   -0.71584059747423    0.06390481967697
C        -0.61454663961023   -0.75563967901995    0.04649453098706
C         0.48483907106466    0.56506298268872    0.61319005035196
5
 energy: -11.070733338889 gnorm: 0.009622594494 xtb: 6.2.2 (9d81278992624c895f80dd42a50cac0aa55982e2)
C        -0.85689688340774    0.66696614431273    0.13927659398219
N         0.15731639642569    0.23974643069868   -0.87761120874034
C         0.82491092989266   -0.71425802381097    0.06583677792137
C        -0.61435118982898   -0.75367879057724    0.05363200370568
C         0.48902074691837    0.56122323937681    0.61886583313110
5
 energy: -11.070818815066 gnorm: 0.005038107969 xtb: 6.2.2 (9d81278992624c895f80dd42a50cac0aa55982e2)
C        -0.85727865084544    0.66655629863584    0.13324042338011
N         0.15660742313986    0.23946943007863   -0.87409424291842
C         0.82467355847432   -0.71354469813327    0.06051802513196
C        -0.61120443446998   -0.75113469806516    0.05888648158579
C         0.48720210370124    0.55865266748396    0.62144931282055
5
 energy: -11.070854679045 gnorm: 0.002685876002 xtb: 6.2.2 (9d81278992624c895f80dd42a50cac0aa55982e2)
C        -0.85657198645555    0.66579933840490    0.12822898360399
N         0.15669551059138    0.23864633472621   -0.87292418582112
C         0.82564984078447   -0.71298626828714    0.05554147532362
C        -0.61179533074821   -0.74963714790446    0.06352908207286
C         0.48602196582792    0.55817674306049    0.62562464482065
5
 energy: -11.070870026115 gnorm: 0.002080325789 xtb: 6.2.2 (9d81278992624c895f80dd42a50cac0aa55982e2)
C        -0.85538063050159    0.66503723991105    0.12474159364218
N         0.15717967705711    0.23898438494176   -0.87324130368850
C         0.82431534500204   -0.71285722048819    0.05179652244670
C        -0.61188886987232   -0.74975055042987    0.06737776715371
C         0.48577447831475    0.55858514606525    0.62932542044589
5
 energy: -11.070874852615 gnorm: 0.001646011181 xtb: 6.2.2 (9d81278992624c895f80dd42a50cac0aa55982e2)
C        -0.85458964393829    0.66472907834942    0.12334809058734
N         0.15769409847796    0.23935534300539   -0.87357702064564
C         0.82375617475766   -0.71238627409213    0.05033204104879
C        -0.61280608474935   -0.75042750339226    0.06890582052945
C         0.48594545545202    0.55872835612958    0.63099106848006
5
 energy: -11.070877595137 gnorm: 0.000831158336 xtb: 6.2.2 (9d81278992624c895f80dd42a50cac0aa55982e2)
C        -0.85364930969157    0.66479021728908    0.12188734990112
N         0.15848892662432    0.24011949461276   -0.87377694866832
C         0.82301742260676   -0.71157449080167    0.04883018180460
C        -0.61366619148347   -0.75164417746611    0.07061765250086
C         0.48580915194395    0.55830795636594    0.63244176446173
