5
 energy: -10.908065340928 gnorm: 0.233725636713 xtb: 6.2.2 (9d81278992624c895f80dd42a50cac0aa55982e2)
N        -0.37687900000000   -1.06487700000000    0.15054600000000
C         0.50316800000000    0.03996600000000    0.50532000000000
C        -0.48397000000000    1.08231300000000    0.03941300000000
C         1.72463900000000    0.03759400000000   -0.39730300000000
C        -1.36695800000000   -0.09499600000000   -0.29797500000000
5
 energy: -10.959635974940 gnorm: 0.142190267337 xtb: 6.2.2 (9d81278992624c895f80dd42a50cac0aa55982e2)
N        -0.41618446507410   -1.02514461749287    0.16566093222618
C         0.53158439417067    0.03653478608665    0.39906179785243
C        -0.49148516567146    1.04479911260157    0.05902201541685
C         1.69799278692479    0.04722623240457   -0.34175069694997
C        -1.32190755034991   -0.10341551359991   -0.28199304854549
5
 energy: -10.979936211465 gnorm: 0.157447665396 xtb: 6.2.2 (9d81278992624c895f80dd42a50cac0aa55982e2)
N        -0.47258993766659   -0.96061908803326    0.11285169955128
C         0.59470701059523    0.04456670978913    0.22151816602220
C        -0.52197971891670    0.98986068266693    0.03494755580586
C         1.73745105710335    0.04792486942647   -0.20694303313151
C        -1.33758841111528   -0.12173317384926   -0.16237338824784
5
 energy: -10.994536895913 gnorm: 0.091097261073 xtb: 6.2.2 (9d81278992624c895f80dd42a50cac0aa55982e2)
N        -0.48531302487525   -0.95538700262690    0.06117506214167
C         0.59029719193281    0.05190758595868    0.11480436952428
C        -0.55938207731436    0.97940587514174    0.00030892049154
C         1.90748377249233    0.04164272963978   -0.12848499844306
C        -1.45308586223553   -0.11756918811330   -0.04780235371443
5
 energy: -10.999228734130 gnorm: 0.043451075317 xtb: 6.2.2 (9d81278992624c895f80dd42a50cac0aa55982e2)
N        -0.46941635392766   -0.93972852649833    0.04100901032869
C         0.61144085765069    0.05890882329402    0.10717153422332
C        -0.55280651391741    0.95965054007658   -0.01253167488953
C         1.88808253726262    0.03564329695956   -0.10460134427451
C        -1.47730052706825   -0.11447413383183   -0.03104652538797
5
 energy: -11.000122385130 gnorm: 0.053269324602 xtb: 6.2.2 (9d81278992624c895f80dd42a50cac0aa55982e2)
N        -0.48425637175790   -0.90015616005486    0.06462497025657
C         0.65595978473949    0.07176439789486    0.04394192175751
C        -0.58527336224087    0.92173743049113    0.02556065119843
C         1.89927791963630    0.02073766899179   -0.07928418897871
C        -1.48570797037703   -0.11408333732292   -0.05484235423380
5
 energy: -11.001552012363 gnorm: 0.026187730227 xtb: 6.2.2 (9d81278992624c895f80dd42a50cac0aa55982e2)
N        -0.48078377024452   -0.89374345692782    0.01830294618534
C         0.65306002038209    0.06910049598515    0.00487756363121
C        -0.57329603619149    0.90815676617390   -0.01780637309393
C         1.92954353989990    0.02881727227341   -0.02834829786253
C        -1.52852375384598   -0.11233107750464    0.02297516113991
5
 energy: -11.002072840784 gnorm: 0.009161388976 xtb: 6.2.2 (9d81278992624c895f80dd42a50cac0aa55982e2)
N        -0.47705891609819   -0.90787193949545    0.03317305970815
C         0.63718134828804    0.06265595500287    0.03765446501120
C        -0.55807234038813    0.91750068611998   -0.01412891886080
C         1.90028479386766    0.03725231173503   -0.05497167346509
C        -1.50233488566938   -0.10953701336243   -0.00172593239346
5
 energy: -11.002234643200 gnorm: 0.005085384920 xtb: 6.2.2 (9d81278992624c895f80dd42a50cac0aa55982e2)
N        -0.47913101966403   -0.90490724388433    0.03385594936277
C         0.63955222766247    0.06434196732219    0.02046813210126
C        -0.56389466215624    0.91482768771882   -0.01086219158507
C         1.90699763229749    0.03487067632175   -0.04626290851260
C        -1.50352417813970   -0.10913308747843    0.00280201863365
5
 energy: -11.002325429601 gnorm: 0.004531041430 xtb: 6.2.2 (9d81278992624c895f80dd42a50cac0aa55982e2)
N        -0.47908385349784   -0.90451323797701    0.03031110649916
C         0.63896420554433    0.06350702874739    0.00370016415672
C        -0.56313603481299    0.91268851538062   -0.01437335342621
C         1.90867278141604    0.03618079128108   -0.03409878640721
C        -1.50541709864954   -0.10786309743208    0.01446186917754
5
 energy: -11.002373048832 gnorm: 0.003185374050 xtb: 6.2.2 (9d81278992624c895f80dd42a50cac0aa55982e2)
N        -0.47790922437362   -0.90705404898900    0.02993892560313
C         0.63592450466391    0.06208598937865   -0.00654727951761
C        -0.56158930306209    0.91486069912416   -0.01561735126236
C         1.90569487860694    0.03719378250041   -0.02778048500102
C        -1.50212085583514   -0.10708642201423    0.02000719017786
5
 energy: -11.002387283865 gnorm: 0.001472239003 xtb: 6.2.2 (9d81278992624c895f80dd42a50cac0aa55982e2)
N        -0.47673515226182   -0.90910922398274    0.03012055286941
C         0.63384965321729    0.06091703975464   -0.01000742974728
C        -0.56076763144222    0.91816016765263   -0.01593747257742
C         1.90287785546565    0.03734988096026   -0.02584276010677
C        -1.49922472497890   -0.10731786438479    0.02166810956205
5
 energy: -11.002390295003 gnorm: 0.000855386546 xtb: 6.2.2 (9d81278992624c895f80dd42a50cac0aa55982e2)
N        -0.47590603395099   -0.90970159610215    0.02990669236162
C         0.63301453524940    0.06016494833853   -0.01058939870029
C        -0.56111184796548    0.92072192851786   -0.01604388084946
C         1.90185717858552    0.03679145137143   -0.02549331952641
C        -1.49785383191845   -0.10797673212567    0.02222090671455
