5
 energy: -9.417796843674 gnorm: 0.198998203143 xtb: 6.2.2 (9d81278992624c895f80dd42a50cac0aa55982e2)
C         0.91147900000000   -0.20597400000000   -0.39085200000000
N        -0.19458800000000   -0.07394400000000    0.53931800000000
C        -1.19223800000000    0.78460100000000   -0.11543900000000
C        -1.36888400000000   -0.66112600000000   -0.12169700000000
H         1.84423100000000    0.15644300000000    0.08867000000000
5
 energy: -9.473068512398 gnorm: 0.182262616870 xtb: 6.2.2 (9d81278992624c895f80dd42a50cac0aa55982e2)
C         0.98266015439778   -0.21157009022322   -0.37185318279864
N        -0.17356077371141   -0.12319610438848    0.36676315308889
C        -1.20960092910299    0.78461513465022   -0.09519134006901
C        -1.47062465972005   -0.64121968337360   -0.03694567035065
H         1.87112620813667    0.19137074333508    0.13722704012940
5
 energy: -9.523263097458 gnorm: 0.121667077812 xtb: 6.2.2 (9d81278992624c895f80dd42a50cac0aa55982e2)
C         0.98755448033019   -0.16765288251921   -0.27640688061963
N        -0.12724431013495   -0.15463068525267    0.10013774909903
C        -1.25520886512184    0.76605131798931   -0.06491124620940
C        -1.49367778918206   -0.60955571395352    0.06574114644517
H         1.88857648410865    0.16578796373609    0.17543923128483
5
 energy: -9.531197133665 gnorm: 0.079892993064 xtb: 6.2.2 (9d81278992624c895f80dd42a50cac0aa55982e2)
C         1.02464537245635   -0.13144695600770   -0.21923971299983
N        -0.18140802860960   -0.11953063051015    0.05243970201096
C        -1.36735073428051    0.75517116187852   -0.04595509382811
C        -1.47134034950513   -0.60414899443689    0.06896844806586
H         1.99545373993889    0.09995541907622    0.14378665675112
5
 energy: -9.535095667073 gnorm: 0.033024734298 xtb: 6.2.2 (9d81278992624c895f80dd42a50cac0aa55982e2)
C         1.00702628095186   -0.11245890839160   -0.21487881698396
N        -0.17192410450755   -0.09171959527131    0.02365748908806
C        -1.41054732719087    0.75418820290968   -0.03869586107269
C        -1.41787402834955   -0.60563723103624    0.07590244689196
H         1.99331917909610    0.05562753178947    0.15401474207664
5
 energy: -9.536674135381 gnorm: 0.025639285054 xtb: 6.2.2 (9d81278992624c895f80dd42a50cac0aa55982e2)
C         1.01206926314745   -0.11522120345633   -0.19986763290664
N        -0.16005363175010   -0.10410514798967   -0.00902108431112
C        -1.43247031651329    0.75528522777807   -0.03717372891409
C        -1.40367725664560   -0.58869486790688    0.08946646380445
H         1.98413194176154    0.05273599157482    0.15659598232740
5
 energy: -9.539212789694 gnorm: 0.033841878327 xtb: 6.2.2 (9d81278992624c895f80dd42a50cac0aa55982e2)
C         1.02444876716316   -0.11664056999552   -0.15780940161823
N        -0.15230082983134   -0.13084903201984   -0.05787629850449
C        -1.49195218456225    0.76290694085642   -0.03791856233604
C        -1.38680945733023   -0.56064294665469    0.10704716252522
H         2.00661370456067    0.04522560781363    0.14655709993354
5
 energy: -9.557851397274 gnorm: 0.169332530576 xtb: 6.2.2 (9d81278992624c895f80dd42a50cac0aa55982e2)
C         1.08040077742564   -0.15894213434843    0.04235637752804
N        -0.10644182865300   -0.28042447738150   -0.24910612375145
C        -1.74909873289713    0.80552581341940   -0.04797968488398
C        -1.32819299895064   -0.41894301325195    0.16921028253178
H         2.10333278307512    0.05278381156248    0.08551914857560
5
 energy: -9.537377653634 gnorm: 0.267597131988 xtb: 6.2.2 (9d81278992624c895f80dd42a50cac0aa55982e2)
C         1.12120022985338   -0.22104159257003    0.20853741117936
N        -0.05283602164689   -0.44555317086743   -0.37584656627336
C        -1.95724938938100    0.84999103868420   -0.07345641788209
C        -1.27057124142397   -0.27435702972849    0.21458606895228
H         2.15945642259847    0.09096075448176    0.02617950402381
5
 energy: -9.591168811955 gnorm: 0.172002677675 xtb: 6.2.2 (9d81278992624c895f80dd42a50cac0aa55982e2)
C         1.08450952550409   -0.22264772563812    0.09792718272241
N        -0.00295342615762   -0.48569034956152   -0.16828425537702
C        -1.91531140616636    0.85042377462815   -0.14673300143285
C        -1.25670890672038   -0.25406479646875    0.17533898592214
H         2.09046421354027    0.11197909704023    0.04175108816532
5
 energy: -9.590740199631 gnorm: 0.185891684794 xtb: 6.2.2 (9d81278992624c895f80dd42a50cac0aa55982e2)
C         1.07856404371406   -0.32871125737217    0.18094214366940
N        -0.06162591737940   -0.50108034327765   -0.07240812327270
C        -1.81831331957745    0.82188718665185   -0.12222252698726
C        -1.28176149776693   -0.21675695690736    0.07910397692830
H         2.08313669100972    0.22466137090534   -0.06541547033774
5
 energy: -9.609173031680 gnorm: 0.126578438313 xtb: 6.2.2 (9d81278992624c895f80dd42a50cac0aa55982e2)
C         1.11143064856243   -0.31945122830682    0.15857078435956
N        -0.02764742369631   -0.46863636131261   -0.06494960885430
C        -1.93555396067045    0.83587978648587   -0.12367579597839
C        -1.22062517017642   -0.20863536173543    0.07893351653499
H         2.07239590598075    0.16084316486898   -0.04887889606186
5
 energy: -9.594553052948 gnorm: 0.182408064620 xtb: 6.2.2 (9d81278992624c895f80dd42a50cac0aa55982e2)
C         1.18367944766546   -0.29805364335076    0.08398915639294
N         0.07490385644418   -0.57660960170226   -0.03668897663511
C        -2.00872199346801    0.83524084194217   -0.19685929890034
C        -1.26415932710558   -0.12700150426796    0.14071320447528
H         2.01429801646394    0.16642390737880    0.00884591466723
5
 energy: -9.616796236959 gnorm: 0.086184979126 xtb: 6.2.2 (9d81278992624c895f80dd42a50cac0aa55982e2)
C         1.16038245334096   -0.34822384223687    0.13611069596135
N         0.02647124060614   -0.53867747637879   -0.00865057129787
C        -1.99948372492317    0.82953236441676   -0.16368549044326
C        -1.24214253221649   -0.13341617806408    0.08178562678072
H         2.05477256319256    0.19078513226298   -0.04556026100094
5
 energy: -9.614157692335 gnorm: 0.202748334257 xtb: 6.2.2 (9d81278992624c895f80dd42a50cac0aa55982e2)
C         1.16606067523885   -0.32096034889576    0.12764592198746
N        -0.02806669112240   -0.36756867702310    0.01936716241928
C        -2.03004226359264    0.76820547490698   -0.10334837215994
C        -1.20699914816826   -0.18030275533153    0.01830101308930
H         2.09904742764444    0.10062630634341   -0.06196572533610
5
 energy: -9.624865812170 gnorm: 0.030563389691 xtb: 6.2.2 (9d81278992624c895f80dd42a50cac0aa55982e2)
C         1.17754151121951   -0.33146441235331    0.12705626653459
N         0.01218576560184   -0.43983103720536    0.04216367191629
C        -2.06000968367726    0.77897516926381   -0.14004476843116
C        -1.22390965099302   -0.13584154534337    0.03174314252305
H         2.09419205784893    0.12816182563823   -0.06091831254278
5
 energy: -9.626571687275 gnorm: 0.042338472189 xtb: 6.2.2 (9d81278992624c895f80dd42a50cac0aa55982e2)
C         1.18716682096798   -0.33234587326746    0.13173935191629
N         0.02167929759342   -0.43196840369045    0.07109850616900
C        -2.11073254797202    0.76131957462892   -0.14554837958489
C        -1.21240098918647   -0.10927884093721    0.01486103705540
H         2.11428741859708    0.11227354326619   -0.07215051555580
5
 energy: -9.629361051685 gnorm: 0.034724594142 xtb: 6.2.2 (9d81278992624c895f80dd42a50cac0aa55982e2)
C         1.20028073101572   -0.30337154808928    0.11484267840751
N         0.03134213751863   -0.38162237793154    0.11622581227306
C        -2.18492133153233    0.70519789050316   -0.14869967960596
C        -1.21243283083656   -0.07993205371590   -0.01000349665729
H         2.16573129383453    0.05972808923356   -0.07236531441733
5
 energy: -9.631627058441 gnorm: 0.032190541223 xtb: 6.2.2 (9d81278992624c895f80dd42a50cac0aa55982e2)
C         1.20203872219977   -0.25095017449223    0.08739775362330
N         0.03583424008598   -0.31493715425172    0.13251685121933
C        -2.24815214895846    0.63992827556555   -0.14660216995420
C        -1.21718577443358   -0.06410969669751   -0.01905122674936
H         2.22746496110627   -0.00993125012409   -0.05426120813908
5
 energy: -9.633387111146 gnorm: 0.029879808029 xtb: 6.2.2 (9d81278992624c895f80dd42a50cac0aa55982e2)
C         1.20672420758303   -0.21310935752478    0.05222056182187
N         0.04068109925799   -0.25063755215238    0.11796408817870
C        -2.29099559667185    0.58243839574610   -0.13398680699001
C        -1.22098529923399   -0.05328041627576   -0.01447796209523
H         2.26457558906482   -0.06541106979317   -0.02171988091535
5
 energy: -9.635303814187 gnorm: 0.023854324742 xtb: 6.2.2 (9d81278992624c895f80dd42a50cac0aa55982e2)
C         1.21931045753161   -0.20071907552108    0.01637660873801
N         0.05098727371860   -0.19125689755613    0.08317848613658
C        -2.33294102496349    0.52732670576632   -0.11161463937667
C        -1.21340670053535   -0.03018702114806   -0.00487779329801
H         2.27604999424862   -0.10516371154105    0.01693733780008
5
 energy: -9.635575896464 gnorm: 0.020946617487 xtb: 6.2.2 (9d81278992624c895f80dd42a50cac0aa55982e2)
C         1.21585179369905   -0.16932433212136   -0.04448177179863
N         0.05469877953649   -0.18336568027856    0.05610708286662
C        -2.32971741273177    0.50470376013996   -0.12611287226385
C        -1.20726861271473   -0.01556458509938    0.05005046062068
H         2.26643545221096   -0.13644916264065    0.06443710057519
5
 energy: -9.636370042980 gnorm: 0.026444746026 xtb: 6.2.2 (9d81278992624c895f80dd42a50cac0aa55982e2)
C         1.21566787512601   -0.16087114759545   -0.03019213167671
N         0.06587778508300   -0.09555752554997    0.08105144907147
C        -2.34711080339192    0.43438974674436   -0.09026880469500
C        -1.17968312212213    0.02158817178720   -0.01820743747660
H         2.24524826530503   -0.19954924538615    0.05761692477685
5
 energy: -9.637274880601 gnorm: 0.016477024459 xtb: 6.2.2 (9d81278992624c895f80dd42a50cac0aa55982e2)
C         1.22585051446390   -0.15334614122843   -0.04286248271486
N         0.06868438027056   -0.07684008726236    0.07699239774027
C        -2.37422488921929    0.41557309881313   -0.08774847746926
C        -1.18350691240499    0.03757262135501   -0.01618547487985
H         2.26319690688981   -0.22295949167736    0.06980403732370
5
 energy: -9.637705457195 gnorm: 0.030681039427 xtb: 6.2.2 (9d81278992624c895f80dd42a50cac0aa55982e2)
C         1.23629735956396   -0.18419665658667   -0.00954785599634
N         0.06630251061811   -0.12967253528711    0.04451750205274
C        -2.38322804340292    0.42779896555085   -0.09912395212228
C        -1.18780588155526    0.06640733380757    0.00914676007066
H         2.26843405477610   -0.18033710748464    0.05500754599522
5
 energy: -9.638244346843 gnorm: 0.019196347559 xtb: 6.2.2 (9d81278992624c895f80dd42a50cac0aa55982e2)
C         1.23347640862686   -0.16809446926913   -0.02515747747755
N         0.07083090735714   -0.08821241615967    0.04806739225251
C        -2.39581391049065    0.39235724997620   -0.08867257776380
C        -1.18110457438658    0.08407818527817   -0.00270236560698
H         2.27261116889325   -0.22012854982559    0.06846502859583
5
 energy: -9.638505261288 gnorm: 0.010451637646 xtb: 6.2.2 (9d81278992624c895f80dd42a50cac0aa55982e2)
C         1.23162111964112   -0.16477349662583   -0.02266416584517
N         0.07148001090190   -0.06968033451543    0.04620809371238
C        -2.39913782811730    0.37082179991288   -0.08174234349764
C        -1.17919841856233    0.10022691075095   -0.01154868929788
H         2.27523511613661   -0.23659487952258    0.06974710492831
5
 energy: -9.638682551803 gnorm: 0.010832986969 xtb: 6.2.2 (9d81278992624c895f80dd42a50cac0aa55982e2)
C         1.23299404033959   -0.16667535304944   -0.01064317768515
N         0.07441297700590   -0.04941877870767    0.03836696374395
C        -2.40815168939633    0.34099154807969   -0.07246254710726
C        -1.17516558984109    0.12894095337051   -0.02280856020272
H         2.27591026189194   -0.25383836969309    0.06754732125118
5
 energy: -9.638739321781 gnorm: 0.006929676708 xtb: 6.2.2 (9d81278992624c895f80dd42a50cac0aa55982e2)
C         1.23205331322075   -0.16864644128677   -0.00176926559262
N         0.07453996652016   -0.04566063437700    0.03148369857913
C        -2.40476765448977    0.33141828631149   -0.06988203901205
C        -1.17553866996091    0.13915817190247   -0.02439542887537
H         2.27371304470978   -0.25626938255019    0.06456303490091
5
 energy: -9.638786202314 gnorm: 0.003950130168 xtb: 6.2.2 (9d81278992624c895f80dd42a50cac0aa55982e2)
C         1.23379060804279   -0.16301577982740   -0.00487927728939
N         0.07722697275757   -0.02889894842441    0.02613342282783
C        -2.41059445500503    0.31349050004446   -0.06599089931314
C        -1.17356874923404    0.15157216716868   -0.02543460078106
H         2.27314562343871   -0.27314793896133    0.07017135455577
5
 energy: -9.638809410246 gnorm: 0.002921324313 xtb: 6.2.2 (9d81278992624c895f80dd42a50cac0aa55982e2)
C         1.23478207892263   -0.15908738642324   -0.00646924662855
N         0.07853382019500   -0.01954663983333    0.02390439548560
C        -2.41158672690994    0.30665928430230   -0.06417717035797
C        -1.17319035561645    0.15367299076807   -0.02598622427613
H         2.27146118340878   -0.28169824881381    0.07272824577707
5
 energy: -9.638832615510 gnorm: 0.002359295687 xtb: 6.2.2 (9d81278992624c895f80dd42a50cac0aa55982e2)
C         1.23583509704891   -0.15462176206737   -0.00607070305454
N         0.08000999020497   -0.01010388692451    0.01958920168960
C        -2.41159828448335    0.30116802270072   -0.06267470113081
C        -1.17350454246570    0.15362657453661   -0.02537007666518
H         2.26925773969519   -0.29006894824547    0.07452627916095
5
 energy: -9.638844142826 gnorm: 0.003091191045 xtb: 6.2.2 (9d81278992624c895f80dd42a50cac0aa55982e2)
C         1.23623472029426   -0.15359717317026   -0.00184461922263
N         0.08060595193795   -0.00583718876477    0.01582935524695
C        -2.41202519795105    0.29833615039432   -0.06149986522866
C        -1.17368154359753    0.15444288025148   -0.02583226289123
H         2.26886606931639   -0.29334466871078    0.07334739209557
5
 energy: -9.638866822581 gnorm: 0.003628406605 xtb: 6.2.2 (9d81278992624c895f80dd42a50cac0aa55982e2)
C         1.23620849768778   -0.15352717675645    0.01132552442231
N         0.08107082381367   -0.00120066803766    0.00763282553324
C        -2.41256092105736    0.29635609610478   -0.05957037175419
C        -1.17422753299686    0.15420009971644   -0.02717465649025
H         2.26950913255278   -0.29582835102713    0.06778667828890
5
 energy: -9.638881373418 gnorm: 0.002543096054 xtb: 6.2.2 (9d81278992624c895f80dd42a50cac0aa55982e2)
C         1.23538138044260   -0.15588965234075    0.02469018578647
N         0.08069029815526   -0.00274464224097    0.00213747710585
C        -2.41256817539652    0.29930957623490   -0.05879762145623
C        -1.17459263466694    0.15197613277286   -0.02873398948334
H         2.27108913146562   -0.29265141442605    0.06070394804726
5
 energy: -9.638885817929 gnorm: 0.000526756001 xtb: 6.2.2 (9d81278992624c895f80dd42a50cac0aa55982e2)
C         1.23449595352583   -0.15831758220474    0.03082421417446
N         0.08010868338115   -0.00743917687374    0.00109659858375
C        -2.41217753241313    0.30398722791644   -0.05930555266937
C        -1.17460201115460    0.14941728560071   -0.02923176215930
H         2.27217490666076   -0.28764775443869    0.05661650207046
