5
 energy: -10.910125204026 gnorm: 0.359591154835 xtb: 6.2.2 (9d81278992624c895f80dd42a50cac0aa55982e2)
N        -1.82082900000000   -0.44593700000000    0.16753000000000
C        -0.56480000000000   -0.16740700000000   -0.50363100000000
C         0.54743700000000   -0.12717100000000    0.52430200000000
C        -0.02479400000000    1.16245900000000   -0.02348200000000
C         1.86298500000000   -0.42194500000000   -0.16472000000000
5
 energy: -11.023183923604 gnorm: 0.245552490721 xtb: 6.2.2 (9d81278992624c895f80dd42a50cac0aa55982e2)
N        -1.79575092850019   -0.46458357252271    0.09717940380627
C        -0.64798087105691   -0.14594564895773   -0.39638586434644
C         0.63073993262391   -0.09342350151292    0.45220566782221
C        -0.00828668708938    1.13239990887426   -0.02486751675905
C         1.82127755402259   -0.42844818588090   -0.12813269052299
5
 energy: -11.019961869210 gnorm: 0.668666668533 xtb: 6.2.2 (9d81278992624c895f80dd42a50cac0aa55982e2)
N        -1.73473108627314   -0.47881599410147    0.01333711589153
C        -0.81055573115336   -0.11505916388037   -0.26174593878881
C         0.72063284845047   -0.06414186045344    0.33394417528775
C         0.03124811453104    1.07552392919505   -0.02769252520912
C         1.79340485444499   -0.41750791075977   -0.05784382718135
5
 energy: -11.084941059817 gnorm: 0.131836781396 xtb: 6.2.2 (9d81278992624c895f80dd42a50cac0aa55982e2)
N        -1.86105569305395   -0.57060205824077    0.00944165327791
C        -0.78678882580379   -0.05648043778548   -0.23403048036140
C         0.74358129870169   -0.01977855447547    0.33655189291493
C         0.06307946823634    1.11327489790805   -0.04180919871615
C         1.84118275191971   -0.46641484740633   -0.07015486711529
5
 energy: -11.095490837994 gnorm: 0.105484331258 xtb: 6.2.2 (9d81278992624c895f80dd42a50cac0aa55982e2)
N        -1.86597335322356   -0.60991744134743   -0.00897116758609
C        -0.85272878536439   -0.00588938514092   -0.19464480271687
C         0.77315797542308    0.02437379563099    0.28038953348307
C         0.02161970337163    1.13317057795948   -0.03605823010028
C         1.92392345979324   -0.54173854710212   -0.04071633307983
5
 energy: -11.105987522883 gnorm: 0.069071924335 xtb: 6.2.2 (9d81278992624c895f80dd42a50cac0aa55982e2)
N        -1.92324196682020   -0.60261219940342   -0.05809827370383
C        -0.92242593213013    0.00337656540410   -0.11328431100058
C         0.83751890819657    0.03955556822028    0.23413131077954
C         0.02900282553660    1.08884206652942   -0.03906613335277
C         1.97914516521715   -0.52916300075037   -0.02368359272236
5
 energy: -11.127506434249 gnorm: 0.077356330348 xtb: 6.2.2 (9d81278992624c895f80dd42a50cac0aa55982e2)
N        -1.96568730908774   -0.61446887660759   -0.11150529782846
C        -1.04896056684904    0.07352012933604   -0.02307277780680
C         0.94886702078848    0.09052376940836    0.14048635889588
C         0.00234830970671    1.00775826548029   -0.03949860883422
C         2.06343154544159   -0.55733428761710    0.03358932557361
5
 energy: -11.142901101625 gnorm: 0.129202843609 xtb: 6.2.2 (9d81278992624c895f80dd42a50cac0aa55982e2)
N        -2.01871848753070   -0.65797307523462   -0.17508748033029
C        -1.19940869460269    0.16645947774026    0.07753377162155
C         1.07676638627391    0.17431634312184    0.03936427613486
C        -0.01016431215031    0.92487650299644   -0.03776234581198
C         2.15152410800980   -0.60768024862392    0.09595077838586
5
 energy: -11.146027683628 gnorm: 0.275526110753 xtb: 6.2.2 (9d81278992624c895f80dd42a50cac0aa55982e2)
N        -2.05401393076682   -0.55385696174301   -0.17594220385978
C        -1.26848690159910    0.16194106900290    0.06844419547655
C         1.14531711958223    0.16912251048512   -0.00449793397099
C        -0.05193781102798    0.76435634137894   -0.02192277413630
C         2.22912052381167   -0.54156395912395    0.13391771649052
5
 energy: -11.151125881024 gnorm: 0.147806023699 xtb: 6.2.2 (9d81278992624c895f80dd42a50cac0aa55982e2)
N        -2.06718816321572   -0.57813247716351   -0.20453730905850
C        -1.25187117761580    0.17401686568916    0.09566527220312
C         1.14207260768556    0.18091434341255    0.05950397237164
C         0.02049377207726    0.72528737286974   -0.04466463866591
C         2.15649196106870   -0.50208710480794    0.09403170314964
5
 energy: -11.149927630832 gnorm: 0.165034676441 xtb: 6.2.2 (9d81278992624c895f80dd42a50cac0aa55982e2)
N        -2.09157022638559   -0.57408831413967   -0.25292612592691
C        -1.21391007595996    0.15971849133473    0.14591451089248
C         1.19796970330809    0.24763843631600    0.06118845523422
C        -0.06551681403822    0.74731732251504   -0.01889623835836
C         2.17302641307568   -0.58058693602610    0.06471839815857
5
 energy: -11.160303361318 gnorm: 0.050007520148 xtb: 6.2.2 (9d81278992624c895f80dd42a50cac0aa55982e2)
N        -2.08203518159634   -0.57956368669945   -0.19647909851205
C        -1.25392655900766    0.17220333590547    0.08709004217538
C         1.14989585270310    0.21228039910059    0.02242084593802
C        -0.02238736006915    0.74341106710368   -0.02092198302235
C         2.20845224797005   -0.54833211541030    0.10788919342100
5
 energy: -11.162491385059 gnorm: 0.059212427262 xtb: 6.2.2 (9d81278992624c895f80dd42a50cac0aa55982e2)
N        -2.11146147834115   -0.54265494883098   -0.21156146625229
C        -1.25194025819856    0.15351714314789    0.09438524015485
C         1.17403425726393    0.21031508496646    0.04560390253773
C        -0.02088352936632    0.69111520200854   -0.02041513453889
C         2.21025000864210   -0.51229348129191    0.09198645809860
5
 energy: -11.164474446862 gnorm: 0.050201161699 xtb: 6.2.2 (9d81278992624c895f80dd42a50cac0aa55982e2)
N        -2.15766940767074   -0.51796468392986   -0.22267078192750
C        -1.26893351680388    0.14378406555067    0.10756270632195
C         1.19927113730334    0.21749303720643    0.03842145854044
C        -0.02004001269168    0.64750506423438   -0.01487056187547
C         2.24737079986296   -0.49081848306161    0.09155617894058
5
 energy: -11.168826379348 gnorm: 0.105385245594 xtb: 6.2.2 (9d81278992624c895f80dd42a50cac0aa55982e2)
N        -2.30806089357193   -0.42045515691976   -0.23031961150162
C        -1.26882248238549    0.08625744913492    0.09445386691130
C         1.24632810785166    0.25515966623409    0.04528949292456
C        -0.02369798220300    0.49875413115287    0.02171509702450
C         2.35425225030876   -0.41971708960212    0.06886015464126
5
 energy: -11.172725071352 gnorm: 0.045492935757 xtb: 6.2.2 (9d81278992624c895f80dd42a50cac0aa55982e2)
N        -2.31698787281308   -0.41594323472604   -0.20804401408419
C        -1.30020933218733    0.10479613587417    0.06707984573893
C         1.25016516517361    0.24934089369182    0.02438508809166
C        -0.01246938208868    0.46425809802050    0.02171443307126
C         2.37950042191548   -0.40245289286045    0.09486364718234
5
 energy: -11.176218588508 gnorm: 0.033257782796 xtb: 6.2.2 (9d81278992624c895f80dd42a50cac0aa55982e2)
N        -2.36678859949457   -0.37280532900776   -0.17998710332141
C        -1.31419782959368    0.09685788034657    0.01485985021149
C         1.26334792926273    0.24873430328408    0.02670109910705
C        -0.00084141377573    0.38014592439629    0.03307994134648
C         2.41847891360125   -0.35293377901919    0.10534521265639
5
 energy: -11.178476927312 gnorm: 0.028441293029 xtb: 6.2.2 (9d81278992624c895f80dd42a50cac0aa55982e2)
N        -2.39969099646269   -0.32787282749518   -0.14980866220069
C        -1.30597789731221    0.07899719267083   -0.04552327497807
C         1.26752662817374    0.24057322315895    0.04649530755156
C         0.00304348816929    0.31568208553223    0.04350223440041
C         2.43509777743187   -0.30738067386683    0.10533339522680
5
 energy: -11.179014586951 gnorm: 0.038963241172 xtb: 6.2.2 (9d81278992624c895f80dd42a50cac0aa55982e2)
N        -2.44302744526005   -0.28012476979462   -0.13765425813362
C        -1.31877415600928    0.06188578307802   -0.06797738019876
C         1.28248800988639    0.22394485538157    0.04690641358586
C         0.00165008272271    0.25610846644219    0.04834823024405
C         2.47766250866022   -0.26181533510717    0.11037599450246
5
 energy: -11.180411516553 gnorm: 0.018970783154 xtb: 6.2.2 (9d81278992624c895f80dd42a50cac0aa55982e2)
N        -2.44109480340662   -0.24320714894965   -0.11679376336834
C        -1.31240066194489    0.04511688375982   -0.09708477276043
C         1.26884332850332    0.17942930996402    0.06093765737065
C        -0.00526516928440    0.24375463276838    0.04159831020492
C         2.48991630613259   -0.22509467754258    0.11134156855320
5
 energy: -11.180756551614 gnorm: 0.042301395716 xtb: 6.2.2 (9d81278992624c895f80dd42a50cac0aa55982e2)
N        -2.47389246673197   -0.18583817264745   -0.10108083222804
C        -1.31808212644014    0.01697379137644   -0.11005215430118
C         1.25759104632177    0.11904618330673    0.06793819454568
C        -0.00411067231342    0.21121512399230    0.03150734084627
C         2.53849321916376   -0.16139792602802    0.11168645113726
5
 energy: -11.181570862119 gnorm: 0.012066602245 xtb: 6.2.2 (9d81278992624c895f80dd42a50cac0aa55982e2)
N        -2.46198325148431   -0.18446578989952   -0.10669902115895
C        -1.32019860853867    0.02859746156843   -0.09872439328016
C         1.25814591134680    0.10909313519945    0.05272891723366
C        -0.00568792732403    0.19632609277822    0.03383493868402
C         2.52972287600021   -0.14955189964657    0.11885855852142
5
 energy: -11.181625681365 gnorm: 0.019001039262 xtb: 6.2.2 (9d81278992624c895f80dd42a50cac0aa55982e2)
N        -2.46838191239091   -0.13683382942245   -0.09709927871377
C        -1.31614744233391   -0.01640603019036   -0.10854766020398
C         1.25936908940724    0.10312772184464    0.11209765843054
C        -0.00495822790269    0.17310453777864   -0.00023647120912
C         2.53011749322026   -0.12299340001049    0.09378475169633
5
 energy: -11.182310613996 gnorm: 0.015663893432 xtb: 6.2.2 (9d81278992624c895f80dd42a50cac0aa55982e2)
N        -2.47748112452149   -0.12047378592815   -0.11043537480723
C        -1.32135822473807   -0.00902052983741   -0.09009726751100
C         1.26398956718716    0.08744467331981    0.06761156121066
C        -0.00405327780649    0.13718740237479    0.01937174067839
C         2.53890205987889   -0.09513875992904    0.11354834042918
5
 energy: -11.182810939265 gnorm: 0.008021104502 xtb: 6.2.2 (9d81278992624c895f80dd42a50cac0aa55982e2)
N        -2.48789092223707   -0.10638411140244   -0.12548909565159
C        -1.33333002935264    0.01628973103746   -0.06049790213262
C         1.26753654597297    0.05737174866875    0.04046049547647
C        -0.00330693348264    0.08641065712118    0.01599971364062
C         2.55699033909939   -0.05368902542495    0.12952578866712
5
 energy: -11.182928817396 gnorm: 0.021197134810 xtb: 6.2.2 (9d81278992624c895f80dd42a50cac0aa55982e2)
N        -2.49833848943003   -0.05577874783572   -0.12822171418162
C        -1.33110314280139   -0.01433332752937   -0.05617653409636
C         1.26699848006350    0.04183648738149    0.04283290885851
C        -0.00230909531093    0.04058056044162    0.01297910144681
C         2.56475124747885   -0.01230597245801    0.12858523797265
5
 energy: -11.183061276382 gnorm: 0.005357479702 xtb: 6.2.2 (9d81278992624c895f80dd42a50cac0aa55982e2)
N        -2.48835578598929   -0.06511169290375   -0.12281696292499
C        -1.32823439459157   -0.00563443043848   -0.05747072865218
C         1.26163993571802    0.03977100832792    0.07344870922378
C        -0.00047320155650    0.04704205264978   -0.01008485521274
C         2.55542244641933   -0.01606793763547    0.11692283756612
5
 energy: -11.183128613261 gnorm: 0.003111164984 xtb: 6.2.2 (9d81278992624c895f80dd42a50cac0aa55982e2)
N        -2.49024492069378   -0.05702863714887   -0.12494541554789
C        -1.33003562649347   -0.00827705760077   -0.05625754626943
C         1.26296129842419    0.03648813715901    0.06049908288537
C        -0.00193568748414    0.03694634933933   -0.00154388720527
C         2.55925393624720   -0.00812979174869    0.12224676613722
5
 energy: -11.183150379276 gnorm: 0.003337254297 xtb: 6.2.2 (9d81278992624c895f80dd42a50cac0aa55982e2)
N        -2.49139396469223   -0.04578870074541   -0.12536849337358
C        -1.33051227482049   -0.01337560756062   -0.05630632621653
C         1.26360758168469    0.03211541442276    0.05641617865065
C        -0.00222737441704    0.02471851210939    0.00128520857742
C         2.56052503224507    0.00232938177388    0.12397243236205
5
 energy: -11.183167042222 gnorm: 0.002055537182 xtb: 6.2.2 (9d81278992624c895f80dd42a50cac0aa55982e2)
N        -2.49147029544195   -0.03538982904887   -0.12476498853410
C        -1.33071564277780   -0.01702615690938   -0.05727323171246
C         1.26381010383320    0.02696897902961    0.05540635316785
C        -0.00211303683041    0.01232277594145    0.00205376116376
C         2.56048787121696    0.01312323098720    0.12457710591495
5
 energy: -11.183177758383 gnorm: 0.001487251466 xtb: 6.2.2 (9d81278992624c895f80dd42a50cac0aa55982e2)
N        -2.49113650100106   -0.02776649706289   -0.12327632690880
C        -1.33056038804144   -0.01881860261060   -0.05917228642505
C         1.26368148051232    0.02215862023577    0.05711833172870
C        -0.00172463136816    0.00238612493341    0.00118857951292
C         2.55973903989834    0.02203935450432    0.12414070209223
5
 energy: -11.183183066784 gnorm: 0.001724457717 xtb: 6.2.2 (9d81278992624c895f80dd42a50cac0aa55982e2)
N        -2.49095724290991   -0.02317320011680   -0.12119936024615
C        -1.33025767904224   -0.01848640065294   -0.06183306773722
C         1.26345979689461    0.01760670196001    0.05996041973653
C        -0.00137025951639   -0.00492663940221   -0.00025305817274
C         2.55912438457393    0.02897853821195    0.12332406641957
5
 energy: -11.183185671984 gnorm: 0.000956102880 xtb: 6.2.2 (9d81278992624c895f80dd42a50cac0aa55982e2)
N        -2.49106413418752   -0.02521381556800   -0.12025507612881
C        -1.33002377192111   -0.01686093918559   -0.06334394634355
C         1.26344689417116    0.01734769731078    0.06081396080065
C        -0.00148030778356   -0.00323872972060   -0.00024513967040
C         2.55912031972104    0.02796478716342    0.12302920134210
