2
 energy: -4.635285077033 gnorm: 0.167686812250 xtb: 6.2.2 (9d81278992624c895f80dd42a50cac0aa55982e2)
C         0.72553600000000    0.00000000000000    0.00000000000000
N        -0.72553600000000    0.00000000000000    0.00000000000000
2
 energy: -4.655151561326 gnorm: 0.054448138308 xtb: 6.2.2 (9d81278992624c895f80dd42a50cac0aa55982e2)
C         0.66376593235619    0.00000000000000    0.00000000000000
N        -0.66376593235619    0.00000000000000    0.00000000000000
2
 energy: -4.655629282641 gnorm: 0.049299405515 xtb: 6.2.2 (9d81278992624c895f80dd42a50cac0aa55982e2)
C         0.63425005290422    0.00000000000000    0.00000000000000
N        -0.63425005290422    0.00000000000000    0.00000000000000
2
 energy: -4.656423607855 gnorm: 0.005152230643 xtb: 6.2.2 (9d81278992624c895f80dd42a50cac0aa55982e2)
C         0.64825594143522    0.00000000000000    0.00000000000000
N        -0.64825594143522    0.00000000000000    0.00000000000000
2
 energy: -4.656433515751 gnorm: 0.000428855155 xtb: 6.2.2 (9d81278992624c895f80dd42a50cac0aa55982e2)
C         0.64693071652447    0.00000000000000    0.00000000000000
N        -0.64693071652447    0.00000000000000    0.00000000000000
2
 energy: -4.656433565880 gnorm: 0.000221964555 xtb: 6.2.2 (9d81278992624c895f80dd42a50cac0aa55982e2)
C         0.64675023241775    0.00000000000000    0.00000000000000
N        -0.64675023241775    0.00000000000000    0.00000000000000
