5
 energy: -9.396653570611 gnorm: 0.320254179853 xtb: 6.2.2 (9d81278992624c895f80dd42a50cac0aa55982e2)
C         1.93740400000000   -0.71103300000000    0.88369800000000
N         1.00484800000000   -0.19777100000000   -0.10256900000000
C        -0.18791200000000    0.20521900000000    0.62060600000000
C        -1.21567400000000    0.75114300000000   -0.35068000000000
H        -1.53866600000000   -0.04755800000000   -1.05105500000000
5
 energy: -9.490622655712 gnorm: 0.215642366612 xtb: 6.2.2 (9d81278992624c895f80dd42a50cac0aa55982e2)
C         1.90489402482743   -0.69680482722400    0.82249624133861
N         1.01098578921191   -0.20876048731624    0.00988210800353
C        -0.18966495440156    0.23786911671952    0.53020263410989
C        -1.18138189978043    0.69536800486171   -0.31091691879689
H        -1.54483295985735   -0.02767180704099   -1.05166406465514
5
 energy: -9.508996649042 gnorm: 0.394814118767 xtb: 6.2.2 (9d81278992624c895f80dd42a50cac0aa55982e2)
C         1.89540936196617   -0.65558851634795    0.73675640668392
N         1.01720959287967   -0.27306651893774    0.19247183166820
C        -0.19481062980279    0.29631548236123    0.39025004431133
C        -1.15079903903476    0.60195900814309   -0.23961476251957
H        -1.56700928600829    0.03038054478137   -1.07986352014388
5
 energy: -9.542432851916 gnorm: 0.084066699544 xtb: 6.2.2 (9d81278992624c895f80dd42a50cac0aa55982e2)
C         2.01111500374100   -0.69404692398574    0.74117179695771
N         0.95785381548760   -0.31088451370563    0.22367157711461
C        -0.16486925607114    0.36952898281023    0.43265049312508
C        -1.24621252557946    0.58490329103533   -0.24329117266339
H        -1.55788703757800    0.05049916384581   -1.15420269453400
5
 energy: -9.544293016939 gnorm: 0.056638624189 xtb: 6.2.2 (9d81278992624c895f80dd42a50cac0aa55982e2)
C         1.97768242519870   -0.76289732374485    0.76695918904979
N         1.04116295168934   -0.19411225392473    0.25098916596477
C        -0.12557108911117    0.35293577804418    0.38969073217083
C        -1.23468133947422    0.56490736739639   -0.28350964709706
H        -1.65859294830265    0.03916643222901   -1.12412944008834
5
 energy: -9.547846543004 gnorm: 0.072282773156 xtb: 6.2.2 (9d81278992624c895f80dd42a50cac0aa55982e2)
C         2.01140766758087   -0.64944167254072    0.77247213877985
N         0.99737964265852   -0.31439890399497    0.28850600306694
C        -0.11204153441101    0.29954855770437    0.34693249937140
C        -1.20764778696338    0.54291501802191   -0.25737752643099
H        -1.68909798886501    0.12137700080941   -1.15053311478720
5
 energy: -9.546503981567 gnorm: 0.108749945781 xtb: 6.2.2 (9d81278992624c895f80dd42a50cac0aa55982e2)
C         2.08845909460689   -0.61443501050044    0.75760762915924
N         0.95877078061380   -0.37499608233737    0.33731981443702
C        -0.15890900909086    0.27910163752950    0.32272952384078
C        -1.20550010580140    0.55718508001350   -0.27032863226589
H        -1.68282076032844    0.15314437529482   -1.14732833517116
5
 energy: -9.549556423146 gnorm: 0.029939105776 xtb: 6.2.2 (9d81278992624c895f80dd42a50cac0aa55982e2)
C         2.06189422229247   -0.62730884076025    0.77812146889791
N         0.98399814242337   -0.37617472171748    0.31033675877962
C        -0.11987853255257    0.30381229578286    0.31605878742307
C        -1.25704166720385    0.54760453786580   -0.24551873515464
H        -1.66897216495942    0.15206672882907   -1.15899827994596
5
 energy: -9.549521825803 gnorm: 0.031882160299 xtb: 6.2.2 (9d81278992624c895f80dd42a50cac0aa55982e2)
C         2.04628009879030   -0.62613010979369    0.78894629557538
N         0.98963102104838   -0.33211730002269    0.29866575559446
C        -0.11755320792337    0.25820866222642    0.33277803295951
C        -1.19957136271303    0.55207553854073   -0.28036458219894
H        -1.71878654920228    0.14796320904924   -1.14002550193041
5
 energy: -9.550484539926 gnorm: 0.010297431087 xtb: 6.2.2 (9d81278992624c895f80dd42a50cac0aa55982e2)
C         2.06911476118137   -0.62042385968819    0.79197829307383
N         0.99579205102267   -0.35706798737327    0.31563372151257
C        -0.12192552686377    0.26575643826714    0.31109250154141
C        -1.22144215780727    0.54830692229228   -0.27110610839337
H        -1.72153912753301    0.16342848650205   -1.14759840773445
5
 energy: -9.550540421919 gnorm: 0.006778981195 xtb: 6.2.2 (9d81278992624c895f80dd42a50cac0aa55982e2)
C         2.06673339774907   -0.61272320353831    0.78774224803162
N         0.98191177188196   -0.37167261223075    0.31494544039666
C        -0.11816751282125    0.27372258849224    0.30840327445861
C        -1.22936939834663    0.54181189061682   -0.26161544015108
H        -1.70110825846315    0.16886133666000   -1.14947552273581
5
 energy: -9.550633443317 gnorm: 0.004611285480 xtb: 6.2.2 (9d81278992624c895f80dd42a50cac0aa55982e2)
C         2.07159766693534   -0.60856476766941    0.79661298443935
N         0.98987696404800   -0.37213551228484    0.31703726770531
C        -0.11447579228699    0.26449068654122    0.30152176526066
C        -1.22538399739747    0.53835959595036   -0.26450112644449
H        -1.72161484129888    0.17784999746267   -1.15067089096084
5
 energy: -9.550704281535 gnorm: 0.006401751735 xtb: 6.2.2 (9d81278992624c895f80dd42a50cac0aa55982e2)
C         2.07453070152934   -0.60344138845358    0.80916863385722
N         0.99975452584219   -0.37128341253666    0.31688309416860
C        -0.11083383523164    0.25091548946520    0.28790557389634
C        -1.22192656537860    0.53406389634792   -0.26854768392482
H        -1.74152482676129    0.18974541517712   -1.14540961799734
5
 energy: -9.550768120847 gnorm: 0.006303606665 xtb: 6.2.2 (9d81278992624c895f80dd42a50cac0aa55982e2)
C         2.08332450198340   -0.58515812360717    0.83108370508825
N         1.00953730643437   -0.38384207949065    0.31355405741536
C        -0.10419228613427    0.22750959801324    0.26809804630908
C        -1.21785610639286    0.52672867203175   -0.27074539899710
H        -1.77081341589064    0.21476193305284   -1.14199040981560
5
 energy: -9.550831914984 gnorm: 0.003936142079 xtb: 6.2.2 (9d81278992624c895f80dd42a50cac0aa55982e2)
C         2.08267531840053   -0.57852627865693    0.84328298226430
N         1.01458656243433   -0.38751650208183    0.30784853695838
C        -0.09959932247109    0.21977072615068    0.25525531323274
C        -1.21826166814865    0.51823256789394   -0.26956619184215
H        -1.77940089021513    0.22803948669414   -1.13682064061327
5
 energy: -9.550869963802 gnorm: 0.002362903755 xtb: 6.2.2 (9d81278992624c895f80dd42a50cac0aa55982e2)
C         2.08123581490612   -0.57368725599753    0.85627898518079
N         1.02131159582409   -0.38903569605405    0.29944588068128
C        -0.09565278212947    0.21332186143039    0.24521504848370
C        -1.21782433138363    0.50908659071084   -0.26877273746218
H        -1.78907029721712    0.24031449991036   -1.13216717688360
5
 energy: -9.550890763540 gnorm: 0.001251016584 xtb: 6.2.2 (9d81278992624c895f80dd42a50cac0aa55982e2)
C         2.07901375615991   -0.57278082052011    0.86634402580083
N         1.02805393864367   -0.38714199253451    0.29148540225997
C        -0.09254953736784    0.21075722644654    0.23999439300548
C        -1.21713159688017    0.50071457501268   -0.26852117101937
H        -1.79738656055557    0.24845101159541   -1.12930265004692
5
 energy: -9.550897551286 gnorm: 0.000669644258 xtb: 6.2.2 (9d81278992624c895f80dd42a50cac0aa55982e2)
C         2.07650991064471   -0.57563960186918    0.87171163757896
N         1.03332251034721   -0.38238358341754    0.28508927424592
C        -0.09127536765620    0.21181727402439    0.24051192475431
C        -1.21631904136146    0.49527568183824   -0.26925398774367
H        -1.80223801197426    0.25093022942410   -1.12805884883552
5
 energy: -9.550898529440 gnorm: 0.000348281741 xtb: 6.2.2 (9d81278992624c895f80dd42a50cac0aa55982e2)
C         2.07723468371024   -0.57632050765784    0.86895258042917
N         1.03165638716331   -0.38253173545628    0.28715131589864
C        -0.09206027398949    0.21301346750265    0.24262541346218
C        -1.21642910344498    0.49716746687224   -0.26948984200887
H        -1.80040169343908    0.24867130873923   -1.12923946778112
