5
 energy: -7.809938161283 gnorm: 0.119239045482 xtb: 6.2.2 (9d81278992624c895f80dd42a50cac0aa55982e2)
N        -0.53321500000000   -0.25473800000000    0.35103600000000
C         0.91635600000000   -0.20304000000000    0.47209400000000
C        -1.00798200000000    1.10949700000000    0.19556900000000
H        -0.76126000000000   -0.76498100000000   -0.53229500000000
H         1.38610100000000    0.11326200000000   -0.48640400000000
5
 energy: -7.833492080569 gnorm: 0.093918340506 xtb: 6.2.2 (9d81278992624c895f80dd42a50cac0aa55982e2)
N        -0.50872170049916   -0.20174936368048    0.30213334476706
C         0.89002690657200   -0.24206566704476    0.40380347199632
C        -1.01937671092641    1.09124626432780    0.20171170680480
H        -0.84734351731002   -0.81305903479539   -0.47651594192216
H         1.48541502216359    0.16562780119283   -0.43113258164603
5
 energy: -7.856908655682 gnorm: 0.079329007045 xtb: 6.2.2 (9d81278992624c895f80dd42a50cac0aa55982e2)
N        -0.39609946720175   -0.01967926784543    0.15545012835579
C         0.85923600875901   -0.31030048935893    0.29940686890606
C        -1.13191259127836    1.02960646663071    0.25166324039824
H        -0.94094193336970   -0.86345135416759   -0.37470126472186
H         1.60971798309080    0.16382464474125   -0.33181897293823
5
 energy: -7.860960361036 gnorm: 0.057588304409 xtb: 6.2.2 (9d81278992624c895f80dd42a50cac0aa55982e2)
N        -0.42143136258661   -0.02442331435120    0.13594074949938
C         0.86897697992930   -0.26751078840916    0.27448296920356
C        -1.19561119056105    1.04661552909805    0.29023158470096
H        -0.95783064439133   -0.86779654718558   -0.36941121385521
H         1.70589621760968    0.11311512084788   -0.33124408954869
5
 energy: -7.863997676729 gnorm: 0.026077855302 xtb: 6.2.2 (9d81278992624c895f80dd42a50cac0aa55982e2)
N        -0.45762753748201   -0.05537507818915    0.12862430475476
C         0.86324924651802   -0.22785268465580    0.25838081918882
C        -1.17218707038296    1.04615495696285    0.30079425713423
H        -0.91772524635485   -0.84980509704695   -0.36103508871936
H         1.68429060770180    0.08687790292906   -0.32676429235844
5
 energy: -7.866901497925 gnorm: 0.027240680444 xtb: 6.2.2 (9d81278992624c895f80dd42a50cac0aa55982e2)
N        -0.45620894896675   -0.04087953583909    0.09020294322073
C         0.85606440643816   -0.25575029078809    0.21598312241548
C        -1.15738814132439    1.04341024179954    0.29725712621124
H        -0.96389449312183   -0.88016201283734   -0.31650858658640
H         1.72142717697481    0.13338159766499   -0.28693460526104
5
 energy: -7.869096263346 gnorm: 0.061562735504 xtb: 6.2.2 (9d81278992624c895f80dd42a50cac0aa55982e2)
N        -0.44930464479712   -0.02361896397451    0.01917450450626
C         0.84418167709154   -0.32937777009775    0.12112587737181
C        -1.13047278446955    1.04832786657983    0.27735208518851
H        -1.02441770195674   -0.92277310874710   -0.21731070119498
H         1.76001345413188    0.22744197623952   -0.20034176587160
5
 energy: -7.871279816061 gnorm: 0.032715282950 xtb: 6.2.2 (9d81278992624c895f80dd42a50cac0aa55982e2)
N        -0.43818586941553   -0.02345437417739    0.00525717757430
C         0.83954018929790   -0.30372468471055    0.11347166437670
C        -1.15074605614436    1.04400169845453    0.29246294244157
H        -0.99857194857005   -0.90251089414763   -0.21531751469286
H         1.74796368483203    0.18568825458104   -0.19587426969970
5
 energy: -7.874462387185 gnorm: 0.029006630878 xtb: 6.2.2 (9d81278992624c895f80dd42a50cac0aa55982e2)
N        -0.44424566909327   -0.05745227383529    0.00859409034881
C         0.84217612796107   -0.34518129098200    0.07021698241466
C        -1.11085508835067    1.05009289262437    0.25119493256443
H        -1.00153051942760   -0.89021275432619   -0.17437378732648
H         1.71445514891046    0.24275342651911   -0.15563221800142
5
 energy: -7.875464600706 gnorm: 0.048591916295 xtb: 6.2.2 (9d81278992624c895f80dd42a50cac0aa55982e2)
N        -0.42460118516433   -0.09217102636417   -0.02992388840661
C         0.84758605800166   -0.42702258244323   -0.02868793980871
C        -1.04250602499632    1.07112136071879    0.19185537135628
H        -1.04419740465225   -0.90971873582084   -0.08484744557009
H         1.66371855681124    0.35779098390946   -0.04839609757087
5
 energy: -7.877396069948 gnorm: 0.015745488448 xtb: 6.2.2 (9d81278992624c895f80dd42a50cac0aa55982e2)
N        -0.42207055636177   -0.09181266648331   -0.01595732832588
C         0.85459630408208   -0.38241167980455    0.00604144941010
C        -1.05545307703432    1.06436993805526    0.21044154409343
H        -1.04116758335730   -0.90355872644321   -0.12558908823520
H         1.66409491267132    0.31341313467581   -0.07493657694244
5
 energy: -7.877817525202 gnorm: 0.014552538296 xtb: 6.2.2 (9d81278992624c895f80dd42a50cac0aa55982e2)
N        -0.41914992005539   -0.09830810405401   -0.01643525249148
C         0.85448616549411   -0.38698286889076   -0.01650038975586
C        -1.04746594414556    1.06335308274848    0.20208067861815
H        -1.04851151963329   -0.90184422123333   -0.11469269492865
H         1.66064121834012    0.32378211142962   -0.05445234144216
5
 energy: -7.878293823859 gnorm: 0.011373676014 xtb: 6.2.2 (9d81278992624c895f80dd42a50cac0aa55982e2)
N        -0.41540494820405   -0.10434984367010   -0.01080465963745
C         0.85623894865141   -0.39395714772587   -0.05863361884381
C        -1.03587452212987    1.06447704595805    0.19002448707910
H        -1.05460470164067   -0.90314127253782   -0.10312145818159
H         1.64964522332317    0.33697121797574   -0.01746475041624
5
 energy: -7.878512935532 gnorm: 0.006817742944 xtb: 6.2.2 (9d81278992624c895f80dd42a50cac0aa55982e2)
N        -0.41788973275183   -0.09965518769678   -0.00651529600644
C         0.85348892454394   -0.38668308998564   -0.07341886441398
C        -1.04061573712826    1.06455145461817    0.19548563450473
H        -1.04983853099426   -0.90569353999235   -0.10600543239309
H         1.65485507633040    0.32748036305659   -0.00954604169121
5
 energy: -7.878658003071 gnorm: 0.001055206071 xtb: 6.2.2 (9d81278992624c895f80dd42a50cac0aa55982e2)
N        -0.42416911191685   -0.09023912870262   -0.00068202298112
C         0.84850501109816   -0.37613084673040   -0.08818206432477
C        -1.04949368915027    1.06772071345558    0.20714130431316
H        -1.03923255091187   -0.91330511714350   -0.11326489127568
H         1.66439034088083    0.31195437912095   -0.00501232573160
5
 energy: -7.878659732900 gnorm: 0.000785371019 xtb: 6.2.2 (9d81278992624c895f80dd42a50cac0aa55982e2)
N        -0.42528976948275   -0.08767683011592   -0.00120731880860
C         0.84635025527634   -0.37341557079928   -0.09132268687812
C        -1.05306204637410    1.06842994016357    0.21088787096522
H        -1.03654487293450   -0.91473472977161   -0.11369584581641
H         1.66854643351501    0.30739719052324   -0.00466201946208
