5
 energy: -9.345522922415 gnorm: 0.179930968346 xtb: 6.2.2 (9d81278992624c895f80dd42a50cac0aa55982e2)
C         0.84235700000000   -0.37341600000000    0.35414800000000
N        -0.37733800000000   -0.06142700000000   -0.37061000000000
C        -1.40010400000000   -0.96101900000000    0.12971700000000
C        -0.77596900000000    1.27884400000000    0.02189300000000
H         1.71105500000000    0.11701800000000   -0.13514800000000
5
 energy: -9.385151348160 gnorm: 0.097799263401 xtb: 6.2.2 (9d81278992624c895f80dd42a50cac0aa55982e2)
C         0.79580998515478   -0.36981565985800    0.30444167282675
N        -0.36746600191530   -0.08515442904233   -0.38019690313344
C        -1.36777082253169   -0.86681294113294    0.14778669582262
C        -0.72992538643416    1.16369819715444    0.02844235297492
H         1.66935322572637    0.15808483287883   -0.10047381849084
5
 energy: -9.413721534046 gnorm: 0.134932753387 xtb: 6.2.2 (9d81278992624c895f80dd42a50cac0aa55982e2)
C         0.76188566035385   -0.40262538205046    0.18002080348557
N        -0.33660806103057   -0.13659009014060   -0.42446424486030
C        -1.35769131907383   -0.67814395074530    0.20900488876484
C        -0.72404199947099    0.97947793866510    0.04064308093691
H         1.65645671922154    0.23788148427126   -0.00520452832702
5
 energy: -9.440445143856 gnorm: 0.180422956956 xtb: 6.2.2 (9d81278992624c895f80dd42a50cac0aa55982e2)
C         0.81475503817451   -0.47337148534487    0.10058156495881
N        -0.27807159643799   -0.20507262647391   -0.47176453219804
C        -1.40334283162803   -0.48530663573403    0.25600771502041
C        -0.79170443327923    0.84690999193674    0.05358571146621
H         1.65836482317074    0.31684075561607    0.06158954075261
5
 energy: -9.466772582282 gnorm: 0.163867168150 xtb: 6.2.2 (9d81278992624c895f80dd42a50cac0aa55982e2)
C         0.94329355847847   -0.46089302176910    0.13162769033465
N        -0.21809937213650   -0.28742464322901   -0.43020439058799
C        -1.50345811438378   -0.38124496892493    0.20591099488106
C        -0.90133420798901    0.81899514894199    0.06848562628729
H         1.67959913603082    0.31056748498106    0.02418007908500
5
 energy: -9.467129317002 gnorm: 0.192299649135 xtb: 6.2.2 (9d81278992624c895f80dd42a50cac0aa55982e2)
C         1.02382110657714   -0.46529514691928    0.13783399269311
N        -0.22349007018275   -0.34726196177918   -0.31206255875724
C        -1.57840685815325   -0.46479656698203    0.14139702522629
C        -0.92584904360390    0.96975614670471    0.04099303348116
H         1.70392586536275    0.30759752897579   -0.00816149264330
5
 energy: -9.505844398132 gnorm: 0.165090273120 xtb: 6.2.2 (9d81278992624c895f80dd42a50cac0aa55982e2)
C         1.01147457234580   -0.40073184306141    0.16573277982608
N        -0.17312315069069   -0.34500910522430   -0.24629231146382
C        -1.54229893458024   -0.37924243436277    0.08896445499859
C        -1.04351749787951    0.91008850355454    0.05239299185621
H         1.74746601080465    0.21489487909394   -0.06079791521706
5
 energy: -9.465808439405 gnorm: 0.586167770083 xtb: 6.2.2 (9d81278992624c895f80dd42a50cac0aa55982e2)
C         0.92964123949678   -0.44777293224532    0.11070750422937
N        -0.14790976811924   -0.33320248133117   -0.13270275085772
C        -1.44759099945429   -0.25152358255650    0.06519442566715
C        -1.18849418619742    0.85128556138936    0.02352034209165
H         1.85435471427417    0.18121343474363   -0.06671952113046
5
 energy: -9.531476283991 gnorm: 0.101219478092 xtb: 6.2.2 (9d81278992624c895f80dd42a50cac0aa55982e2)
C         0.96243013144130   -0.44762312052956    0.12789562666689
N        -0.18650973062569   -0.30196863785515   -0.12262279930026
C        -1.43855875700474   -0.35054388583081    0.05614469243666
C        -1.19136997175007    0.95783069227667    0.00948749175626
H         1.85400932793920    0.14230495193886   -0.07090501155955
5
 energy: -9.518223403070 gnorm: 0.217684569744 xtb: 6.2.2 (9d81278992624c895f80dd42a50cac0aa55982e2)
C         1.12069312931218   -0.42720529947794    0.13569584022890
N        -0.10975188851115   -0.36374684659976   -0.00634716080208
C        -1.57618689705510   -0.29867916746969   -0.01630081513063
C        -1.33368354630356    0.98123652396903   -0.00047530714067
H         1.89893020255763    0.10839478957837   -0.11257255715552
5
 energy: -9.553164692352 gnorm: 0.101762715236 xtb: 6.2.2 (9d81278992624c895f80dd42a50cac0aa55982e2)
C         1.04760579196069   -0.43818223666423    0.13986121360601
N        -0.10971095044507   -0.30928909321199    0.00137726518345
C        -1.46001828861814   -0.30494841035495   -0.01264831570601
C        -1.40665308233750    1.01721760663130   -0.00636684800487
H         1.92877752944002    0.03520213359987   -0.12222331507858
5
 energy: -9.563252151824 gnorm: 0.257970225970 xtb: 6.2.2 (9d81278992624c895f80dd42a50cac0aa55982e2)
C         1.03177343340032   -0.46771229963667    0.07878560751113
N        -0.13682461720775   -0.25699658745477    0.04156614331090
C        -1.32518464675308   -0.25535796973135   -0.00768082240914
C        -1.60526351513133    1.06774588953925   -0.02626566540236
H         2.03550034569185   -0.08767903271646   -0.08640526301055
5
 energy: -9.587033353175 gnorm: 0.127906921031 xtb: 6.2.2 (9d81278992624c895f80dd42a50cac0aa55982e2)
C         1.06824110513871   -0.50866203061981    0.07129524972801
N        -0.08011339334839   -0.28715341162158    0.09653011599639
C        -1.33997626567875   -0.20768916266639   -0.02912921351350
C        -1.68267404477929    1.08875231560039   -0.03831456422624
H         2.03452359866772   -0.08524771069262   -0.10038158798467
5
 energy: -9.598958439336 gnorm: 0.120080233252 xtb: 6.2.2 (9d81278992624c895f80dd42a50cac0aa55982e2)
C         1.10756660449163   -0.62683060010518   -0.02622851651236
N        -0.06514251654716   -0.36389195481269    0.11772729498465
C        -1.34557259079637   -0.08993980562907   -0.00132626998795
C        -1.72899161331476    1.07520761897316   -0.05962896509841
H         2.03214111616667    0.00545474157378   -0.03054354338593
5
 energy: -9.612039150430 gnorm: 0.143659045726 xtb: 6.2.2 (9d81278992624c895f80dd42a50cac0aa55982e2)
C         1.12589974549033   -0.63652933570918   -0.02937731892061
N         0.00412682746334   -0.38365660123782    0.14462365470693
C        -1.24031938636929    0.00938632358663   -0.02351407320641
C        -1.93921628918387    1.12335574596777   -0.04834200457363
H         2.04951010259950   -0.11255613260740   -0.04339025800628
5
 energy: -9.618721336153 gnorm: 0.107523369031 xtb: 6.2.2 (9d81278992624c895f80dd42a50cac0aa55982e2)
C         1.10691445002513   -0.58420747755892   -0.01786870538312
N        -0.01950187769244   -0.39069094789623    0.07442795415919
C        -1.25410183746791   -0.00519745907112   -0.00312410159878
C        -1.87459441712790    1.08762880140000   -0.02003900915758
H         2.04128468226312   -0.10753291687373   -0.03339613801972
5
 energy: -9.623655915894 gnorm: 0.055720658791 xtb: 6.2.2 (9d81278992624c895f80dd42a50cac0aa55982e2)
C         1.12435905653916   -0.55960343745943   -0.05395858409178
N        -0.04917732808712   -0.39390239181246    0.04963806872694
C        -1.25514193512153    0.03328765045796    0.01235911128601
C        -1.93814089852444    1.06413432150638   -0.00810371504427
H         2.11810210519394   -0.14391614269244    0.00006511912310
5
 energy: -9.628186162165 gnorm: 0.036547581837 xtb: 6.2.2 (9d81278992624c895f80dd42a50cac0aa55982e2)
C         1.13157756719077   -0.53893122573084   -0.05959743614711
N        -0.03639197056956   -0.40652919822262    0.01933655362809
C        -1.21494644732574    0.08930697627994    0.01798862255314
C        -2.01985002479516    1.05537384795276    0.01293725977861
H         2.13961187549969   -0.19922040027924    0.00933500018726
5
 energy: -9.629871359949 gnorm: 0.032345344807 xtb: 6.2.2 (9d81278992624c895f80dd42a50cac0aa55982e2)
C         1.13517644086800   -0.50236490201443   -0.04689958161651
N        -0.03247926594040   -0.41337864633666   -0.01616767216852
C        -1.19393608998857    0.12367670694847    0.01967230603485
C        -2.05843202301046    1.03347951728293    0.03607028737304
H         2.14967193807144   -0.24141267588031    0.00732466037714
5
 energy: -9.630862756861 gnorm: 0.026884456122 xtb: 6.2.2 (9d81278992624c895f80dd42a50cac0aa55982e2)
C         1.13434683201109   -0.45535476929766   -0.02735423183465
N        -0.03660906028856   -0.40611637912144   -0.04194051898480
C        -1.19043592965443    0.13452893344410    0.01685327993373
C        -2.08104670834575    1.00900719364986    0.05523903786897
H         2.17374586627766   -0.28206497867486   -0.00279756698326
5
 energy: -9.631842927188 gnorm: 0.023592355027 xtb: 6.2.2 (9d81278992624c895f80dd42a50cac0aa55982e2)
C         1.13868087067037   -0.40661598860210    0.00585094497817
N        -0.03253317036168   -0.38907882296828   -0.05945503233233
C        -1.18659284122761    0.14664918972212    0.00628529501994
C        -2.10847144742199    0.97813905960391    0.07242367139486
H         2.18891758834092   -0.32909343775564   -0.02510487906065
5
 energy: -9.633266907109 gnorm: 0.029641543960 xtb: 6.2.2 (9d81278992624c895f80dd42a50cac0aa55982e2)
C         1.15657486100727   -0.31898883655890    0.08667102338119
N        -0.00492259000251   -0.31054706184728   -0.08289531804949
C        -1.19388776420203    0.16007951412356   -0.00851807160655
C        -2.17104847978047    0.92613044788415    0.07798208965284
H         2.21328497297772   -0.45667406360152   -0.07323972337801
5
 energy: -9.634676079196 gnorm: 0.019401742691 xtb: 6.2.2 (9d81278992624c895f80dd42a50cac0aa55982e2)
C         1.16274699039653   -0.34002978150751    0.05812542191299
N         0.00400254008361   -0.29904390932290   -0.06963950779119
C        -1.18559767267734    0.17307990757537   -0.00250246399668
C        -2.18124615886714    0.91753498837037    0.07357862900333
H         2.20009530106433   -0.45154120511533   -0.05956207912847
5
 energy: -9.636251130080 gnorm: 0.023926331516 xtb: 6.2.2 (9d81278992624c895f80dd42a50cac0aa55982e2)
C         1.18316053184311   -0.33137483512447    0.04987308449355
N         0.02608164509416   -0.23449287218749   -0.05187216673952
C        -1.17415583120431    0.20606469359532   -0.00777874340596
C        -2.23380573155275    0.87154053980577    0.07169403604073
H         2.19872038581978   -0.51173752608912   -0.06191621038882
5
 energy: -9.634898115207 gnorm: 0.064466210704 xtb: 6.2.2 (9d81278992624c895f80dd42a50cac0aa55982e2)
C         1.20935634113408   -0.31914205449856    0.01313477190240
N         0.05626499678822   -0.10991601441092   -0.08207937555031
C        -1.15311293079667    0.25756211765727    0.08226292036156
C        -2.31694355297405    0.78755745694253    0.02734730340863
H         2.20443614584844   -0.61606150569030   -0.04066562012225
5
 energy: -9.637559232267 gnorm: 0.050222644106 xtb: 6.2.2 (9d81278992624c895f80dd42a50cac0aa55982e2)
C         1.20944999362300   -0.31022281866031    0.02218425104389
N         0.05477087482676   -0.08626769520761   -0.00424381792346
C        -1.14817350648379    0.27974985669159   -0.02284874552904
C        -2.31684601231574    0.75512948793924    0.06741227877840
H         2.20079965034976   -0.63838883076289   -0.06250396636981
5
 energy: -9.637043766699 gnorm: 0.042071695515 xtb: 6.2.2 (9d81278992624c895f80dd42a50cac0aa55982e2)
C         1.18315218901607   -0.32676165842769    0.02017461647663
N         0.03433107645587   -0.16444143090123   -0.03267513899621
C        -1.16212896966907    0.23927126647678    0.00159035902795
C        -2.24716279521525    0.81096501584733    0.06195055328009
H         2.19180949941238   -0.55903319299518   -0.05104038978847
5
 energy: -9.638291365680 gnorm: 0.006411862050 xtb: 6.2.2 (9d81278992624c895f80dd42a50cac0aa55982e2)
C         1.19694384689180   -0.31605863509458    0.01765567306019
N         0.05055277483931   -0.11582406665524   -0.02752183264893
C        -1.15439117399683    0.26360391702515    0.00586682724598
C        -2.29145816769677    0.77719764621647    0.05752225183138
H         2.19835371996248   -0.60891886149178   -0.05352291948864
5
 energy: -9.638415376083 gnorm: 0.030876076619 xtb: 6.2.2 (9d81278992624c895f80dd42a50cac0aa55982e2)
C         1.20611133090104   -0.32032580471441   -0.00150132357616
N         0.05985965449406   -0.07436316950025   -0.01571044134171
C        -1.14754280538708    0.28863259644956    0.01236782240840
C        -2.31800351655238    0.74476061871125    0.05155273032898
H         2.19957633654437   -0.63870424094614   -0.04670878781952
5
 energy: -9.638579240978 gnorm: 0.013349419474 xtb: 6.2.2 (9d81278992624c895f80dd42a50cac0aa55982e2)
C         1.20282455797822   -0.31841420644633   -0.00012900175393
N         0.06080149627995   -0.07729566291170   -0.01656902921708
C        -1.14841342467369    0.28763705615122    0.01204823615589
C        -2.31392313997304    0.74540033348287    0.05185716809117
H         2.19871151038857   -0.63732752027604   -0.04720737327607
5
 energy: -9.638719163671 gnorm: 0.003289085921 xtb: 6.2.2 (9d81278992624c895f80dd42a50cac0aa55982e2)
C         1.20063138830140   -0.32426720294189   -0.01198976205486
N         0.06389687237599   -0.06883737184899   -0.01078040207808
C        -1.14669908446504    0.29701347522548    0.01510994939991
C        -2.31510808689943    0.73526772234362    0.04941349395650
H         2.19727991068708   -0.63917662277821   -0.04175327922347
5
 energy: -9.638831597105 gnorm: 0.005468045899 xtb: 6.2.2 (9d81278992624c895f80dd42a50cac0aa55982e2)
C         1.20005436919484   -0.32996157848537   -0.03212822372088
N         0.07335950078956   -0.03859050094258    0.00075904688015
C        -1.14033421786100    0.32055605145472    0.02105172064848
C        -2.32866450553282    0.70607244526748    0.04404385486505
H         2.19558585340943   -0.65807641729424   -0.03372639867280
5
 energy: -9.638853507016 gnorm: 0.004648151784 xtb: 6.2.2 (9d81278992624c895f80dd42a50cac0aa55982e2)
C         1.19814402582510   -0.33925972743265   -0.04486714978629
N         0.07444098332654   -0.03236791858124    0.00714924507532
C        -1.13749198200178    0.32978993712845    0.02359544183201
C        -2.32922638783145    0.69771205167162    0.04187018303625
H         2.19413436068160   -0.65587434278616   -0.02774772015729
5
 energy: -9.638860046909 gnorm: 0.000996123296 xtb: 6.2.2 (9d81278992624c895f80dd42a50cac0aa55982e2)
C         1.19768160863123   -0.33803938774773   -0.04280470209237
N         0.07485132891036   -0.03207038390597    0.00619870168968
C        -1.13687392160809    0.32986274785021    0.02343221837999
C        -2.32936380802482    0.69717358329879    0.04199093095947
H         2.19370579209132   -0.65692655949527   -0.02881714893676
5
 energy: -9.638863026486 gnorm: 0.001837834009 xtb: 6.2.2 (9d81278992624c895f80dd42a50cac0aa55982e2)
C         1.19722513582264   -0.33841302832709   -0.04159864556780
N         0.07532650990201   -0.03084314459851    0.00599419692602
C        -1.13617622602033    0.33146471176718    0.02318011420657
C        -2.32984348324417    0.69543926369184    0.04201279701752
H         2.19346906353985   -0.65764780253340   -0.02958846258231
5
 energy: -9.638869720327 gnorm: 0.002647922284 xtb: 6.2.2 (9d81278992624c895f80dd42a50cac0aa55982e2)
C         1.19668778000145   -0.33981979357389   -0.03733754328193
N         0.07564106176702   -0.02959634763607    0.00449495625687
C        -1.13546444915190    0.33399478111264    0.02254725460463
C        -2.33043217416603    0.69324621291140    0.04225807571840
H         2.19356878154946   -0.65782485281405   -0.03196274329797
5
 energy: -9.638877093318 gnorm: 0.002143843671 xtb: 6.2.2 (9d81278992624c895f80dd42a50cac0aa55982e2)
C         1.19649381259465   -0.34163166107592   -0.03038213193346
N         0.07593432496369   -0.02774342400694    0.00169331558621
C        -1.13487723228766    0.33692312901210    0.02183577178511
C        -2.33155046848626    0.69070678807274    0.04259018596390
H         2.19400056321558   -0.65825483200195   -0.03573714140176
5
 energy: -9.638880223940 gnorm: 0.001028516753 xtb: 6.2.2 (9d81278992624c895f80dd42a50cac0aa55982e2)
C         1.19634595646277   -0.34333599733475   -0.02277100397591
N         0.07565655155370   -0.02773074811402   -0.00164601969637
C        -1.13482874227589    0.33809737731848    0.02092982048758
C        -2.33160604045312    0.69019940148178    0.04316766779732
H         2.19443327471255   -0.65723003335148   -0.03968046461261
5
 energy: -9.638881034750 gnorm: 0.000724133080 xtb: 6.2.2 (9d81278992624c895f80dd42a50cac0aa55982e2)
C         1.19649628559603   -0.34383480724281   -0.02235958690450
N         0.07594749258877   -0.02670203524371   -0.00179257166436
C        -1.13478503047314    0.33838176504951    0.02101895940762
C        -2.33196579634701    0.68967752061332    0.04308195016070
H         2.19430804863536   -0.65752244317628   -0.03994875099946
