5
 energy: -10.856966687988 gnorm: 0.239377409137 xtb: 6.2.2 (9d81278992624c895f80dd42a50cac0aa55982e2)
C        -0.97389100000000   -1.29772000000000    0.00612400000000
C        -0.20428000000000    0.00410800000000   -0.06558500000000
N         1.00930100000000   -0.02243600000000    0.75687000000000
C        -0.92523900000000    1.33272500000000    0.01923100000000
C         1.09410900000000   -0.01667800000000   -0.71663900000000
5
 energy: -10.909627280233 gnorm: 0.165185597694 xtb: 6.2.2 (9d81278992624c895f80dd42a50cac0aa55982e2)
C        -0.95933524977944   -1.23495192175265    0.01069366862317
C        -0.25493072841231    0.00504542407588   -0.06528743979483
N         1.01042671976062   -0.02210666069880    0.68621991059832
C        -0.91301838256616    1.26942032935913    0.02317273112378
C         1.11685764099730   -0.01740817098355   -0.65479787055043
5
 energy: -10.902209394091 gnorm: 0.446575649679 xtb: 6.2.2 (9d81278992624c895f80dd42a50cac0aa55982e2)
C        -0.97457166104970   -1.14411861161103   -0.00906028481170
C        -0.35065170861940    0.00657658440716   -0.01636981094911
N         1.09005007007537   -0.02292100157013    0.55333191635839
C        -0.93160663406003    1.17941624023044    0.00251838339073
C         1.16677993365375   -0.01895421145644   -0.53041920398830
5
 energy: -10.940940741025 gnorm: 0.076319575389 xtb: 6.2.2 (9d81278992624c895f80dd42a50cac0aa55982e2)
C        -1.00897911229162   -1.14491814245670   -0.01176251053817
C        -0.29929167933323    0.00560154879447   -0.01155248936074
N         1.09991895067072   -0.02350753352682    0.63498921551827
C        -0.96596001854809    1.18151472612064   -0.00016749638011
C         1.17431185950222   -0.01869159893158   -0.61150571923926
5
 energy: -10.962452509703 gnorm: 0.063976122042 xtb: 6.2.2 (9d81278992624c895f80dd42a50cac0aa55982e2)
C        -1.11347860329599   -1.05840878330297   -0.02512546252595
C        -0.25427524388159    0.00459559682826    0.02320944784028
N         1.19333331684842   -0.02516753081930    0.62251838200767
C        -1.07358366997315    1.09906591231033   -0.01436612058412
C         1.24800420030231   -0.02008619501631   -0.60623524673789
5
 energy: -10.994123830553 gnorm: 0.132371500393 xtb: 6.2.2 (9d81278992624c895f80dd42a50cac0aa55982e2)
C        -1.30813305665900   -0.84651050370997   -0.03662975543406
C        -0.16215434997533    0.00266468648891    0.06860613808907
N         1.34559667905542   -0.02783139202810    0.59318541368439
C        -1.27593355541030    0.89463372283135   -0.02793925375124
C         1.40062428298922   -0.02295751358219   -0.59722154258816
5
 energy: -10.990964052331 gnorm: 0.210917819514 xtb: 6.2.2 (9d81278992624c895f80dd42a50cac0aa55982e2)
C        -1.44960154647215   -0.63200748565891   -0.02642584773866
C        -0.09977538591139    0.00148415965628    0.07407787300757
N         1.43325521526891   -0.02930806544045    0.56679136885020
C        -1.42522821678840    0.68541049383255   -0.01983552865030
C         1.54134993390303   -0.02558010238946   -0.59460686546882
5
 energy: -11.021280960631 gnorm: 0.098511924090 xtb: 6.2.2 (9d81278992624c895f80dd42a50cac0aa55982e2)
C        -1.34503890711261   -0.73213556644200   -0.01048248955604
C        -0.15128641428618    0.00257161722937    0.04687239906954
N         1.32847670596391   -0.02740769474920    0.57730895716991
C        -1.31702811892265    0.78143294812981   -0.00290245304561
C         1.48487673435754   -0.02446230416798   -0.61079541363781
5
 energy: -11.032666531459 gnorm: 0.093217590828 xtb: 6.2.2 (9d81278992624c895f80dd42a50cac0aa55982e2)
C        -1.32597344753979   -0.70661811693044    0.01521068334014
C        -0.14653233183203    0.00258447212077    0.02626281086238
N         1.25571103893066   -0.02597131426591    0.56780606680867
C        -1.29887651102445    0.75494094400038    0.02256139499063
C         1.51567125146562   -0.02493698492479   -0.63183995600183
5
 energy: -11.029930769789 gnorm: 0.188136455130 xtb: 6.2.2 (9d81278992624c895f80dd42a50cac0aa55982e2)
C        -1.31232255296608   -0.64585759571580    0.05073625919391
C        -0.09124725972514    0.00145350348384    0.04929383020507
N         1.10276360014890   -0.02286139873761    0.53262580056519
C        -1.28727260918955    0.69321366179196    0.05751524665910
C         1.58807882173187   -0.02594917082240   -0.69017013662327
5
 energy: -11.045377946691 gnorm: 0.090324137182 xtb: 6.2.2 (9d81278992624c895f80dd42a50cac0aa55982e2)
C        -1.32068082480484   -0.67597562814826    0.00915113283397
C        -0.12002369802634    0.00172932420285    0.09720367775086
N         1.19548838414970   -0.02459945494672    0.53968157475518
C        -1.29439015723107    0.72396743445204    0.01620334172222
C         1.53960629591254   -0.02512267555991   -0.66223872706223
5
 energy: -11.050908245928 gnorm: 0.068347602251 xtb: 6.2.2 (9d81278992624c895f80dd42a50cac0aa55982e2)
C        -1.31862968368361   -0.67747946861441   -0.01136013103332
C        -0.12462359056759    0.00144770383927    0.16036021378505
N         1.19750058840818   -0.02431738827386    0.51991924201866
C        -1.29160110560780    0.72516728524100   -0.00430503278628
C         1.53735379145082   -0.02481913219199   -0.66461329198412
5
 energy: -11.072335938266 gnorm: 0.087382607628 xtb: 6.2.2 (9d81278992624c895f80dd42a50cac0aa55982e2)
C        -1.33241495211149   -0.67454273734930   -0.05998521744169
C        -0.14990490115255    0.00054174139900    0.38719325217585
N         1.16049986369123   -0.02087299116661    0.40920117250492
C        -1.29957352860101    0.71933469462093   -0.05271695436694
C         1.62139351817383   -0.02446170750401   -0.68369125287214
5
 energy: -11.085628336438 gnorm: 0.100139328793 xtb: 6.2.2 (9d81278992624c895f80dd42a50cac0aa55982e2)
C        -1.35186788930705   -0.67690696057067   -0.05320227806591
C        -0.20257163375768    0.00054539468966    0.52683380670378
N         1.05782365065605   -0.01034771319248    0.26075426532542
C        -1.30584970130311    0.71341417979440   -0.04206196666927
C         1.80246557371180   -0.02670590072091   -0.69232282729402
5
 energy: -11.095986069238 gnorm: 0.089367601510 xtb: 6.2.2 (9d81278992624c895f80dd42a50cac0aa55982e2)
C        -1.37496461559006   -0.68504505362443   -0.01405438302053
C        -0.21539719387762    0.00083581258009    0.41149168386842
N         1.05747896246317    0.00421145378361    0.25886802969540
C        -1.31104774066080    0.70990252556657    0.00663575072115
C         1.84393058766531   -0.02990573830582   -0.66294008126444
5
 energy: -11.104708267382 gnorm: 0.092138325387 xtb: 6.2.2 (9d81278992624c895f80dd42a50cac0aa55982e2)
C        -1.46105512519164   -0.69406625781499    0.01724617607800
C        -0.23629882437131    0.00364572970199    0.32108191840802
N         1.10460556316041    0.03078855131898    0.23154933684681
C        -1.34021568627604    0.68144438228001    0.04765285300238
C         1.93296407267858   -0.02181340548598   -0.61752928433522
5
 energy: -11.109588398216 gnorm: 0.110710880437 xtb: 6.2.2 (9d81278992624c895f80dd42a50cac0aa55982e2)
C        -1.52884849528324   -0.71381044864264    0.08488044275624
C        -0.23836842948321    0.01801166994947    0.22561277673924
N         1.09064429764394    0.01700328795523    0.17570734929790
C        -1.38935751491891    0.68281914031440    0.09514554828770
C         2.06593014204142   -0.00402464957647   -0.58134511708108
5
 energy: -11.111735911984 gnorm: 0.057122244229 xtb: 6.2.2 (9d81278992624c895f80dd42a50cac0aa55982e2)
C        -1.51151617982562   -0.70705066797659    0.09459580797728
C        -0.22109612242660    0.03089481867691    0.21000985613461
N         1.10398926163754   -0.01945506769322    0.18914688045920
C        -1.40675022795113    0.69162218790494    0.07949197877880
C         2.03537326856582    0.00398772908797   -0.57324352334989
5
 energy: -11.114729788194 gnorm: 0.033114565166 xtb: 6.2.2 (9d81278992624c895f80dd42a50cac0aa55982e2)
C        -1.50014602130548   -0.70746225921216    0.08613084947423
C        -0.22680398090128    0.03586316710734    0.23501347983588
N         1.08583157096487   -0.01123252308915    0.15978401561625
C        -1.39383107087580    0.68709081293715    0.07962974838032
C         2.03494950211769   -0.00426019774317   -0.56055709330667
5
 energy: -11.118634802112 gnorm: 0.046632383910 xtb: 6.2.2 (9d81278992624c895f80dd42a50cac0aa55982e2)
C        -1.51389464837966   -0.71401819677313    0.10835138547071
C        -0.23383056982858    0.05710518106063    0.20633369360462
N         1.05549365007520   -0.00281073464794    0.07941600854093
C        -1.40830467012361    0.68072864308705    0.11328758011439
C         2.10053623825665   -0.02100589272660   -0.50738766773065
5
 energy: -11.120876472682 gnorm: 0.041326262399 xtb: 6.2.2 (9d81278992624c895f80dd42a50cac0aa55982e2)
C        -1.51769230467744   -0.71711931075827    0.12063053240300
C        -0.23370398716577    0.07848207198623    0.16606034351720
N         1.04336168156463    0.00874275045619    0.02118680449867
C        -1.42905421572080    0.68109500419029    0.14678523749863
C         2.13708882599938   -0.05120151587444   -0.45466191791750
5
 energy: -11.122104292321 gnorm: 0.016738729752 xtb: 6.2.2 (9d81278992624c895f80dd42a50cac0aa55982e2)
C        -1.51597221051208   -0.71768468226333    0.13417311975977
C        -0.23978931246781    0.07594554238278    0.11037347739653
N         1.04553165716017    0.02493097538073    0.00043223075019
C        -1.43584174657462    0.68029565599732    0.17792929687606
C         2.14607161239435   -0.06348849149749   -0.42290712478256
5
 energy: -11.122428280843 gnorm: 0.013698227207 xtb: 6.2.2 (9d81278992624c895f80dd42a50cac0aa55982e2)
C        -1.52804222994180   -0.70644040500935    0.15886697071768
C        -0.24637432542782    0.05877160807286    0.07760842609402
N         1.04257283540696   -0.01615847338214   -0.01967272385976
C        -1.42774231717690    0.68916339366579    0.18269233918555
C         2.15958603713955   -0.02533712334715   -0.39949401213750
5
 energy: -11.122873226651 gnorm: 0.014019035343 xtb: 6.2.2 (9d81278992624c895f80dd42a50cac0aa55982e2)
C        -1.51373362173161   -0.71006196397193    0.15874298328680
C        -0.25479621628693    0.06482664585890    0.05522327905484
N         1.03869864077880    0.01389873758582   -0.04483348802415
C        -1.43769187685629    0.68471746412558    0.20677056268205
C         2.16752307409604   -0.05338188359837   -0.37590233699954
5
 energy: -11.123233137111 gnorm: 0.014098341938 xtb: 6.2.2 (9d81278992624c895f80dd42a50cac0aa55982e2)
C        -1.50839333702815   -0.71115404588067    0.16030471653332
C        -0.25898836567447    0.06594053824277    0.05336800842281
N         1.03258945390462    0.01967965404409   -0.06777709568611
C        -1.43751488485118    0.68453917927695    0.21409366993622
C         2.17230713364918   -0.05900632568314   -0.35998829920624
5
 energy: -11.123630395145 gnorm: 0.016240477920 xtb: 6.2.2 (9d81278992624c895f80dd42a50cac0aa55982e2)
C        -1.50985646797696   -0.71266869050539    0.16788775724881
C        -0.26259663468462    0.06415488181386    0.04907411569969
N         1.02375454049156    0.01899464519645   -0.11140478317537
C        -1.43460018683589    0.68689666079695    0.22410865476577
C         2.18329874900591   -0.05737849730186   -0.32966474453891
5
 energy: -11.123756079851 gnorm: 0.006740496229 xtb: 6.2.2 (9d81278992624c895f80dd42a50cac0aa55982e2)
C        -1.51479445904108   -0.71277697328916    0.16922221526384
C        -0.25906566066020    0.06280692216591    0.05691279028363
N         1.02272807252348    0.01341387202942   -0.12303728327125
C        -1.43048475623861    0.68773704657199    0.22072236884146
C         2.18161680341642   -0.05118186747816   -0.32381909111769
5
 energy: -11.123802454646 gnorm: 0.007024688530 xtb: 6.2.2 (9d81278992624c895f80dd42a50cac0aa55982e2)
C        -1.52164339856127   -0.71224306051456    0.17621543427073
C        -0.25868189333684    0.06019071949086    0.04459334017542
N         1.02200014490791    0.01129207310117   -0.13934941765346
C        -1.43024276668518    0.68824954345735    0.22784265889860
C         2.18856791367538   -0.04749027553482   -0.30930101569129
5
 energy: -11.123818510956 gnorm: 0.002294857011 xtb: 6.2.2 (9d81278992624c895f80dd42a50cac0aa55982e2)
C        -1.52140409438108   -0.71187121445495    0.17523649489903
C        -0.25784121551279    0.06100688911887    0.04446701282954
N         1.02312106119150    0.01272613518541   -0.13566439195372
C        -1.43046907053399    0.68692778103460    0.22750338994114
C         2.18659331923635   -0.04879059088393   -0.31154150571600
5
 energy: -11.123822860773 gnorm: 0.000898126685 xtb: 6.2.2 (9d81278992624c895f80dd42a50cac0aa55982e2)
C        -1.52133297593279   -0.71148115694871    0.17591256844020
C        -0.25805821594805    0.06139393722454    0.04220707793385
N         1.02286767601306    0.01326474401314   -0.13777882873932
C        -1.43022858929911    0.68608157523513    0.22898097308545
C         2.18675210516689   -0.04926009952411   -0.30932079072018
