3
 energy: -6.729861655347 gnorm: 0.309566229091 xtb: 6.2.2 (9d81278992624c895f80dd42a50cac0aa55982e2)
C        -0.03203800000000    0.56999400000000    0.00000000000000
N        -1.19451800000000   -0.29848000000000    0.00000000000000
C         1.22655600000000   -0.27151400000000    0.00000000000000
3
 energy: -6.830119134333 gnorm: 0.210793057208 xtb: 6.2.2 (9d81278992624c895f80dd42a50cac0aa55982e2)
C        -0.02187134843760    0.39683015193830   -0.00000000000000
N        -1.18525518721897   -0.21189138578422    0.00000000000000
C         1.20712653565657   -0.18493876615408    0.00000000000000
3
 energy: -6.840852544735 gnorm: 0.336655380844 xtb: 6.2.2 (9d81278992624c895f80dd42a50cac0aa55982e2)
C        -0.02958396708911    0.19054450334206   -0.00000000000000
N        -1.09468432845470   -0.10096439896640    0.00000000000000
C         1.12426829554381   -0.08958010437566    0.00000000000000
3
 energy: -6.881917961951 gnorm: 0.100689726230 xtb: 6.2.2 (9d81278992624c895f80dd42a50cac0aa55982e2)
C        -0.02260367882884    0.06128538916622   -0.00000000000000
N        -1.26230052776113   -0.03806221642130    0.00000000000000
C         1.28490420658997   -0.02322317274492    0.00000000000000
3
 energy: -6.886448766330 gnorm: 0.032955821157 xtb: 6.2.2 (9d81278992624c895f80dd42a50cac0aa55982e2)
C        -0.02835090839427    0.08261415334887   -0.00000000000000
N        -1.22598530205714   -0.04674788178890    0.00000000000000
C         1.25433621045142   -0.03586627155996    0.00000000000000
3
 energy: -6.888119132135 gnorm: 0.015117126115 xtb: 6.2.2 (9d81278992624c895f80dd42a50cac0aa55982e2)
C        -0.03237819074320    0.03157556102824   -0.00000000000000
N        -1.21904657492236   -0.01873842561615    0.00000000000000
C         1.25142476566557   -0.01283713541209    0.00000000000000
3
 energy: -6.888395971701 gnorm: 0.006440090436 xtb: 6.2.2 (9d81278992624c895f80dd42a50cac0aa55982e2)
C        -0.02759016281982    0.00269854274930   -0.00000000000000
N        -1.22258174668850   -0.00543030339429    0.00000000000000
C         1.25017190950832    0.00273176064499    0.00000000000000
3
 energy: -6.888410716991 gnorm: 0.000771919176 xtb: 6.2.2 (9d81278992624c895f80dd42a50cac0aa55982e2)
C        -0.02861316208252    0.00076444657995   -0.00000000000000
N        -1.22098139864676   -0.00405146950363    0.00000000000000
C         1.24959456072928    0.00328702292367    0.00000000000000
3
 energy: -6.888410989838 gnorm: 0.000399115786 xtb: 6.2.2 (9d81278992624c895f80dd42a50cac0aa55982e2)
C        -0.02880240450299   -0.00050082638536   -0.00000000000000
N        -1.22064860465974   -0.00332423518699    0.00000000000000
C         1.24945100916272    0.00382506157235    0.00000000000000
