5
 energy: -10.967535764228 gnorm: 0.274420617202 xtb: 6.2.2 (9d81278992624c895f80dd42a50cac0aa55982e2)
C        -0.40923600000000    1.03527000000000    0.09713500000000
C         0.53253200000000   -0.04049000000000    0.57947100000000
C        -0.50477600000000   -0.99601400000000    0.04300200000000
C         1.76052200000000   -0.07457300000000   -0.30888500000000
N        -1.37904300000000    0.07580700000000   -0.41072400000000
5
 energy: -11.041433472007 gnorm: 0.162860326664 xtb: 6.2.2 (9d81278992624c895f80dd42a50cac0aa55982e2)
C        -0.46281944944838    0.94191965840997    0.16437738797030
C         0.61279340091373   -0.04188207201798    0.49005849704083
C        -0.54953582379256   -0.90175555973579    0.11524415398518
C         1.74324488817863   -0.07437775802463   -0.28571584861145
N        -1.34368401585143    0.07609573136843   -0.48396519038486
5
 energy: -11.037106171204 gnorm: 0.332142254615 xtb: 6.2.2 (9d81278992624c895f80dd42a50cac0aa55982e2)
C        -0.48409389256322    0.80448145776303    0.09555240966552
C         0.69172749795441   -0.04197976381377    0.35442070582312
C        -0.55765379742388   -0.75946563146444    0.05387366581237
C         1.75682731411635   -0.07879157483222   -0.14405973865680
N        -1.40680812208365    0.07575551234740   -0.35978804264420
5
 energy: -11.071209429166 gnorm: 0.066466878718 xtb: 6.2.2 (9d81278992624c895f80dd42a50cac0aa55982e2)
C        -0.51117159905527    0.83447372948925    0.11985889037765
C         0.66487692829708   -0.03984463321110    0.32169216494729
C        -0.58748570840493   -0.78803520424771    0.07661952944547
C         1.90331434303344   -0.08551301879428   -0.15038286636503
N        -1.46953496387032    0.07891912676384   -0.36778871840538
5
 energy: -11.073984166525 gnorm: 0.024215924871 xtb: 6.2.2 (9d81278992624c895f80dd42a50cac0aa55982e2)
C        -0.51915513220016    0.83848641306050    0.15440704581079
C         0.67699156896875   -0.03953012129270    0.28851921068926
C        -0.59589554779352   -0.79311088241553    0.11092494909306
C         1.89920601986306   -0.08535133803218   -0.14922899699418
N        -1.46114790883814    0.07950592867992   -0.40462320859893
5
 energy: -11.075272813949 gnorm: 0.014708041999 xtb: 6.2.2 (9d81278992624c895f80dd42a50cac0aa55982e2)
C        -0.51965827259857    0.83176452033964    0.14163513712310
C         0.68043563829198   -0.03846352305222    0.24242322092177
C        -0.59573317389910   -0.78570174713336    0.09852926735623
C         1.92515675036030   -0.08756734328182   -0.11189560554724
N        -1.49020194215462    0.07996809312776   -0.37069301985386
5
 energy: -11.076048688004 gnorm: 0.010177292351 xtb: 6.2.2 (9d81278992624c895f80dd42a50cac0aa55982e2)
C        -0.51292960221297    0.83543634812139    0.12701784337502
C         0.67535517735449   -0.03687040688331    0.19158135994515
C        -0.58934378204201   -0.78920835009751    0.08372212230859
C         1.93878247974247   -0.08928451970173   -0.07144967907865
N        -1.51186527284198    0.07992692856117   -0.33087264655011
5
 energy: -11.076138497332 gnorm: 0.010033870667 xtb: 6.2.2 (9d81278992624c895f80dd42a50cac0aa55982e2)
C        -0.51750298826310    0.83415659892187    0.12502698236287
C         0.67636464949080   -0.03604202286298    0.15870957957811
C        -0.59377230406118   -0.78740185242809    0.08181387927141
C         1.95293246333662   -0.09049757140294   -0.05089123801765
N        -1.51802282050314    0.07978484777214   -0.31466020319473
5
 energy: -11.076199272931 gnorm: 0.001406373697 xtb: 6.2.2 (9d81278992624c895f80dd42a50cac0aa55982e2)
C        -0.51435624230729    0.83471770735144    0.12189772339212
C         0.67636918537369   -0.03611959102926    0.16161269542245
C        -0.59068441271861   -0.78808881325451    0.07865146366530
C         1.94717142597355   -0.09024911835835   -0.05004175659095
N        -1.51850095632133    0.07973981529069   -0.31212112588892
5
 energy: -11.076202529845 gnorm: 0.002355843160 xtb: 6.2.2 (9d81278992624c895f80dd42a50cac0aa55982e2)
C        -0.51433194420547    0.83440464646956    0.11806678469330
C         0.67797589909889   -0.03606393720954    0.15669309296349
C        -0.59062107773145   -0.78757606461615    0.07484233263906
C         1.95141076842183   -0.09060585439429   -0.04414494450874
N        -1.52443464558380    0.07984120975041   -0.30545826578711
5
 energy: -11.076205532516 gnorm: 0.000460988805 xtb: 6.2.2 (9d81278992624c895f80dd42a50cac0aa55982e2)
C        -0.51465422001970    0.83444993984195    0.11862027745086
C         0.67801510433343   -0.03607583625466    0.15707285747786
C        -0.59094744270375   -0.78762016120356    0.07539333394838
C         1.95065788986384   -0.09055278213218   -0.04481193317831
N        -1.52307233147381    0.07979883974846   -0.30627553569878
