5
 energy: -10.921646664276 gnorm: 0.278789833437 xtb: 6.2.2 (9d81278992624c895f80dd42a50cac0aa55982e2)
N         1.42222700000000   -0.62066400000000    0.26326600000000
C         0.26598900000000   -0.12003000000000   -0.45651500000000
C        -0.73609400000000    0.32697800000000    0.59767900000000
C         0.02557500000000    1.35254700000000   -0.21118100000000
C        -0.97769800000000   -0.93883100000000   -0.19324900000000
5
 energy: -11.002016814432 gnorm: 0.202016469188 xtb: 6.2.2 (9d81278992624c895f80dd42a50cac0aa55982e2)
N         1.45624024524628   -0.63617952791245    0.18385926313953
C         0.35661328378798   -0.15903619522954   -0.37050418532332
C        -0.81864317212629    0.36270882718944    0.54510965588829
C        -0.02284979270267    1.29940996471262   -0.18771001011893
C        -0.97136156420528   -0.86690306876006   -0.17075472358557
5
 energy: -11.032352673677 gnorm: 0.342844251531 xtb: 6.2.2 (9d81278992624c895f80dd42a50cac0aa55982e2)
N         1.47657292371653   -0.64583479692260    0.08723620727366
C         0.51853070319686   -0.22884482411486   -0.23149625213771
C        -0.85669751000517    0.37882085271966    0.47543396897197
C        -0.13775777953501    1.23330577543187   -0.17330041008527
C        -1.00064933737322   -0.73744700711407   -0.15787351402266
5
 energy: -11.059280021192 gnorm: 0.117959293238 xtb: 6.2.2 (9d81278992624c895f80dd42a50cac0aa55982e2)
N         1.61661128007840   -0.70731301638868    0.06643800138734
C         0.49466948218552   -0.21791060823450   -0.16931826368060
C        -0.93308198507558    0.41216217883723    0.46199312978045
C        -0.14995290170547    1.25949523473297   -0.18740717849120
C        -1.02824687548287   -0.74643378894701   -0.17170568899600
5
 energy: -11.065609321468 gnorm: 0.065014416064 xtb: 6.2.2 (9d81278992624c895f80dd42a50cac0aa55982e2)
N         1.59940126882920   -0.70003281486275    0.03369776346632
C         0.49953671434986   -0.21980764724734   -0.13934791669219
C        -0.96524157289316    0.42609545711114    0.44300486803267
C        -0.11977861215863    1.26793111788670   -0.17666930785478
C        -1.01391879812727   -0.77418611288775   -0.16068540695202
5
 energy: -11.068991142590 gnorm: 0.036367656106 xtb: 6.2.2 (9d81278992624c895f80dd42a50cac0aa55982e2)
N         1.60497256399056   -0.70283467498003   -0.01266922905687
C         0.53056487338703   -0.23284931799087   -0.06988898942724
C        -0.99375225900066    0.43832672361649    0.41080349597438
C        -0.12719261921483    1.26204039998152   -0.17205452356474
C        -1.01459355916209   -0.76468313062711   -0.15619075392553
5
 energy: -11.069919821092 gnorm: 0.026130079811 xtb: 6.2.2 (9d81278992624c895f80dd42a50cac0aa55982e2)
N         1.60319840045852   -0.70217187508631   -0.02735674242869
C         0.52172022123399   -0.22884140855875   -0.05257598968593
C        -1.00793993409723    0.44438450288308    0.39115701551520
C        -0.11099464516223    1.26534106256445   -0.16361183802068
C        -1.00598504243306   -0.77871228180248   -0.14761244537991
5
 energy: -11.070853187295 gnorm: 0.013684661396 xtb: 6.2.2 (9d81278992624c895f80dd42a50cac0aa55982e2)
N         1.59090659939521   -0.69689719449192   -0.04082891435870
C         0.50525306304121   -0.22144033134726   -0.02838833716565
C        -1.00720223347419    0.44386077603198    0.36545986924144
C        -0.09346469207644    1.26730507338520   -0.15618430950801
C        -0.99549373688579   -0.79282832357800   -0.14005830820908
5
 energy: -11.071136039080 gnorm: 0.008864663632 xtb: 6.2.2 (9d81278992624c895f80dd42a50cac0aa55982e2)
N         1.58699907120562   -0.69522973148494   -0.04568303156989
C         0.49963738956526   -0.21883267403780   -0.00985387241142
C        -0.99769764744039    0.43962005222659    0.35517714586689
C        -0.09264250320814    1.26915227811338   -0.15789863664225
C        -0.99629731012234   -0.79470992481723   -0.14174160524333
5
 energy: -11.071216144973 gnorm: 0.005782025229 xtb: 6.2.2 (9d81278992624c895f80dd42a50cac0aa55982e2)
N         1.58252785406852   -0.69326020905528   -0.04495329765494
C         0.49825476228154   -0.21819737576861   -0.00575588756618
C        -0.98941008095946    0.43597397280918    0.35335825364664
C        -0.09246116900378    1.27285553750227   -0.15942765989740
C        -0.99891236638684   -0.79737192548756   -0.14322140852812
5
 energy: -11.071280754343 gnorm: 0.004039987190 xtb: 6.2.2 (9d81278992624c895f80dd42a50cac0aa55982e2)
N         1.58328049365034   -0.69359408364536   -0.04574338115328
C         0.50011366540445   -0.21895440134980    0.00151808527925
C        -0.98351127891734    0.43336978539523    0.35067405533390
C        -0.09486025701312    1.27893866242318   -0.16136047166490
C        -1.00502362312433   -0.79975996282325   -0.14508828779496
5
 energy: -11.071316524379 gnorm: 0.003469356879 xtb: 6.2.2 (9d81278992624c895f80dd42a50cac0aa55982e2)
N         1.58328860060878   -0.69358190333402   -0.04352870549331
C         0.50085230740896   -0.21928834321208   -0.00000639750314
C        -0.97907463007040    0.43141937662540    0.34955086941441
C        -0.09560179472937    1.28430260712146   -0.16117717278062
C        -1.00946548321798   -0.80285173720076   -0.14483859363734
5
 energy: -11.071341207879 gnorm: 0.002205490859 xtb: 6.2.2 (9d81278992624c895f80dd42a50cac0aa55982e2)
N         1.58424654885370   -0.69398527843800   -0.04139024252238
C         0.50127040822695   -0.21949425340686   -0.00310794873341
C        -0.97630259042186    0.43018134025512    0.34647696368769
C        -0.09578352062675    1.28954830920589   -0.15919280300726
C        -1.01343184603204   -0.80625011761615   -0.14278596942464
5
 energy: -11.071350743810 gnorm: 0.001512875115 xtb: 6.2.2 (9d81278992624c895f80dd42a50cac0aa55982e2)
N         1.58454548081372   -0.69411124760782   -0.04083493054633
C         0.50121020094568   -0.21948429633043   -0.00528821347239
C        -0.97606278140786    0.43004815145966    0.34297672291643
C        -0.09502968875727    1.29193927426877   -0.15664812833327
C        -1.01466421159427   -0.80839188179019   -0.14020545056444
5
 energy: -11.071354968521 gnorm: 0.000764130940 xtb: 6.2.2 (9d81278992624c895f80dd42a50cac0aa55982e2)
N         1.58449741374771   -0.69410005547225   -0.04178081105480
C         0.50112450838550   -0.21945037793760   -0.00609274003891
C        -0.97739302418126    0.43059135580643    0.33786821264397
C        -0.09355493157712    1.29334432541821   -0.15323240496989
C        -1.01467496637482   -0.81038524781479   -0.13676225658037
