5
 energy: -10.954587503816 gnorm: 0.225447471595 xtb: 6.2.2 (9d81278992624c895f80dd42a50cac0aa55982e2)
N         1.22960300000000    0.04494700000000    0.22085700000000
C         0.45992400000000   -1.14007400000000   -0.12210000000000
C        -1.00542700000000   -0.79113700000000    0.01431500000000
C         0.37605200000000    1.17008500000000   -0.12528900000000
C        -1.06015300000000    0.71617900000000    0.01221600000000
5
 energy: -11.008309294274 gnorm: 0.106979928151 xtb: 6.2.2 (9d81278992624c895f80dd42a50cac0aa55982e2)
N         1.19499926694102    0.04371346650535    0.23664303880541
C         0.43623670269365   -1.03430092965100   -0.13516054232742
C        -0.97006161212517   -0.74145469308949    0.01926824792241
C         0.36010004862282    1.06283820273875   -0.13805506608261
C        -1.02127540613232    0.66920395349639    0.01730332168221
5
 energy: -11.018026173798 gnorm: 0.073561341146 xtb: 6.2.2 (9d81278992624c895f80dd42a50cac0aa55982e2)
N         1.20596342533896    0.04405608223693    0.19522973576163
C         0.41408755656323   -0.92708568973390   -0.10051393570317
C        -0.95841699275085   -0.71065361698646    0.00513779579765
C         0.34578588657652    0.95439962571269   -0.10310920460607
C        -1.00742087572786    0.63928359877074    0.00325460874996
5
 energy: -11.022761455499 gnorm: 0.039617448090 xtb: 6.2.2 (9d81278992624c895f80dd42a50cac0aa55982e2)
N         1.25543129787684    0.04583006870879    0.18053560195848
C         0.41116180780517   -0.92901092229675   -0.08524547177081
C        -0.97978105345260   -0.72189412088476   -0.00275893280438
C         0.34273234161675    0.95615601314984   -0.08782034795833
C        -1.02954539384616    0.64891896132288   -0.00471184942497
5
 energy: -11.005335913729 gnorm: 0.194606747840 xtb: 6.2.2 (9d81278992624c895f80dd42a50cac0aa55982e2)
N         1.47703363245339    0.05369522640199    0.04690869483103
C         0.38759746428804   -0.88931300067195    0.03677201131283
C        -1.06820863339620   -0.73334934936443   -0.05797474495472
C         0.32214374166931    0.91522281165833    0.03442167895054
C        -1.11856720501455    0.65374431197605   -0.06012864013968
5
 energy: -11.031545265900 gnorm: 0.075635228374 xtb: 6.2.2 (9d81278992624c895f80dd42a50cac0aa55982e2)
N         1.34304218050803    0.04894833296259    0.12935313525245
C         0.40277560607088   -0.89196820702030   -0.03846598348002
C        -1.01653006632624   -0.72437593878000   -0.02399261406704
C         0.33707432133839    0.91874619078180   -0.04092212410541
C        -1.06636304159106    0.64864962205592   -0.02597341359998
5
 energy: -11.034172840007 gnorm: 0.046299488457 xtb: 6.2.2 (9d81278992624c895f80dd42a50cac0aa55982e2)
N         1.33797425678900    0.04875816877860    0.11825081806173
C         0.40354647896346   -0.88176283423443   -0.03022246511339
C        -1.01541913019969   -0.71658809724691   -0.02674992062294
C         0.33857203238076    0.90863091155737   -0.03279154180436
C        -1.06467463793352    0.64096185114538   -0.02848789052104
5
 energy: -11.036610575138 gnorm: 0.009397962366 xtb: 6.2.2 (9d81278992624c895f80dd42a50cac0aa55982e2)
N         1.34311373573101    0.04877833757278    0.07500678141407
C         0.40255095692932   -0.86554314889140    0.00356106420341
C        -1.01801198975198   -0.70179501018620   -0.03876522745240
C         0.33871515655995    0.89251932784103    0.00167650003331
C        -1.06636885946829    0.62604049366380   -0.04148011819840
5
 energy: -11.036741100116 gnorm: 0.002737596783 xtb: 6.2.2 (9d81278992624c895f80dd42a50cac0aa55982e2)
N         1.34239285197622    0.04902633421819    0.05870279214997
C         0.40285617677045   -0.86826124515135    0.01737073712265
C        -1.01798285566843   -0.70397737832929   -0.04510020001433
C         0.33872239466787    0.89499807024187    0.01316145018216
C        -1.06598956774611    0.62821421902057   -0.04413577944045
5
 energy: -11.036749796359 gnorm: 0.002682255245 xtb: 6.2.2 (9d81278992624c895f80dd42a50cac0aa55982e2)
N         1.34656021844105    0.04838567789717    0.05779661457304
C         0.40223196741215   -0.86307418717632    0.01516114745240
C        -1.01910184598018   -0.70483910873643   -0.04053871035747
C         0.33880720502861    0.89062262724254    0.01742501568953
C        -1.06849854490163    0.62890499077304   -0.04984506735750
5
 energy: -11.036751110144 gnorm: 0.002284019054 xtb: 6.2.2 (9d81278992624c895f80dd42a50cac0aa55982e2)
N         1.34729727992106    0.04950604365373    0.05850021195802
C         0.40200143616320   -0.86230598904721    0.01915339424608
C        -1.01995100430337   -0.70496706227693   -0.04750643118889
C         0.33818112186477    0.88867504312904    0.01253071375393
C        -1.06752983364565    0.62909196454135   -0.04267888876914
5
 energy: -11.036760604609 gnorm: 0.000750778202 xtb: 6.2.2 (9d81278992624c895f80dd42a50cac0aa55982e2)
N         1.34503421925926    0.04894146928734    0.05825495304164
C         0.40172986931073   -0.86444913654724    0.01724030150199
C        -1.01817217949995   -0.70472439102250   -0.04430780134954
C         0.33795392685341    0.89130417030153    0.01454565303837
C        -1.06654683592344    0.62892788798087   -0.04573410623247
5
 energy: -11.036761112586 gnorm: 0.000597864567 xtb: 6.2.2 (9d81278992624c895f80dd42a50cac0aa55982e2)
N         1.34623360172921    0.04889694730508    0.05816357009286
C         0.40169964866622   -0.86302931334319    0.01702034509333
C        -1.01872783496868   -0.70503444385075   -0.04382550616009
C         0.33806675348869    0.88998156396312    0.01507121879900
C        -1.06727316891543    0.62918524592575   -0.04643062782509
