4
 energy: -5.873357037219 gnorm: 0.225639656605 xtb: 6.2.2 (9d81278992624c895f80dd42a50cac0aa55982e2)
C         0.65116800000000    0.44822900000000   -0.24474700000000
N        -0.73067500000000    0.40192100000000    0.19908300000000
H         1.22687600000000   -0.37393000000000    0.23031200000000
H        -1.14736900000000   -0.47622000000000   -0.18464800000000
4
 energy: -5.919533993116 gnorm: 0.144603177008 xtb: 6.2.2 (9d81278992624c895f80dd42a50cac0aa55982e2)
C         0.59195783811726    0.45353728936043   -0.15574454303933
N        -0.68678573260027    0.41736079772399    0.11040637387462
H         1.21694443684569   -0.38791024857079    0.18531064110614
H        -1.12211654236269   -0.48298783851363   -0.13997247194143
4
 energy: -5.904139866846 gnorm: 0.496871629216 xtb: 6.2.2 (9d81278992624c895f80dd42a50cac0aa55982e2)
C         0.48988843669232    0.40069517093921   -0.04705669007683
N        -0.59034346036908    0.38821807590257    0.01173340819781
H         1.29930129046254   -0.34329044635007    0.15286001627794
H        -1.19884626678579   -0.44562280049172   -0.11753673439892
4
 energy: -5.941511684446 gnorm: 0.070754439334 xtb: 6.2.2 (9d81278992624c895f80dd42a50cac0aa55982e2)
C         0.56771101887044    0.43936091139825    0.01389593086975
N        -0.67442314263592    0.41970331024862   -0.05226723880868
H         1.33075421573725   -0.37754763604858    0.10785783981091
H        -1.22404209197176   -0.48151658559830   -0.06948653187198
4
 energy: -5.939917378690 gnorm: 0.060415032700 xtb: 6.2.2 (9d81278992624c895f80dd42a50cac0aa55982e2)
C         0.57345021275508    0.37159333810678   -0.07744781162531
N        -0.65625713493641    0.35038667090719    0.04610502730181
H         1.37546630954068   -0.30316701232670    0.17039293558794
H        -1.29265938735935   -0.41881299668727   -0.13905015126444
4
 energy: -5.945615712447 gnorm: 0.013515426624 xtb: 6.2.2 (9d81278992624c895f80dd42a50cac0aa55982e2)
C         0.56462697115664    0.38981433300677   -0.00477529492443
N        -0.64284637167862    0.36129622715340   -0.02898736475556
H         1.37248276050001   -0.31748834950157    0.13039061027143
H        -1.29426335997803   -0.43362221065860   -0.09662795059144
4
 energy: -5.946074772466 gnorm: 0.006035417863 xtb: 6.2.2 (9d81278992624c895f80dd42a50cac0aa55982e2)
C         0.56143977139606    0.39551944404060    0.02149821668559
N        -0.64674939028482    0.36870569386278   -0.05589190713757
H         1.36810323649796   -0.32598373199494    0.11389424601185
H        -1.28279361760920   -0.43824140590845   -0.07950055555988
4
 energy: -5.946130098630 gnorm: 0.002647769542 xtb: 6.2.2 (9d81278992624c895f80dd42a50cac0aa55982e2)
C         0.56211047687728    0.39301242764790    0.02473333567655
N        -0.64422072373709    0.36377727546215   -0.05923671672731
H         1.36892228816618   -0.32198795915079    0.11256547563520
H        -1.28681204130638   -0.43480174395926   -0.07806209458445
4
 energy: -5.946139959347 gnorm: 0.001135702556 xtb: 6.2.2 (9d81278992624c895f80dd42a50cac0aa55982e2)
C         0.56191394059423    0.38965569778764    0.02673985684483
N        -0.64407903293009    0.36004578520494   -0.06111484876782
H         1.37510507669922   -0.31854801650394    0.11248359550441
H        -1.29293998436335   -0.43115346648865   -0.07810860358142
4
 energy: -5.946140777611 gnorm: 0.000922783729 xtb: 6.2.2 (9d81278992624c895f80dd42a50cac0aa55982e2)
C         0.56275479175479    0.39102185532535    0.02602186614939
N        -0.64364548121178    0.35977873544154   -0.06086961339213
H         1.37211587153644   -0.31917707082958    0.11251079449522
H        -1.29122518207945   -0.43162351993732   -0.07766304725248
