5
 energy: -10.894896178301 gnorm: 0.381396591205 xtb: 6.2.2 (9d81278992624c895f80dd42a50cac0aa55982e2)
C         1.06424600000000   -0.40592200000000    0.30447200000000
N        -0.00430700000000    0.56625700000000    0.46968700000000
C        -1.06279800000000    0.21462700000000   -0.46315100000000
C         2.15594800000000    0.17504000000000   -0.57279200000000
C        -2.15308900000000   -0.55000200000000    0.26178500000000
5
 energy: -11.034868806594 gnorm: 0.246319491155 xtb: 6.2.2 (9d81278992624c895f80dd42a50cac0aa55982e2)
C         1.09816194700281   -0.30229190330126    0.25954179480721
N        -0.00369237890155    0.48544867664291    0.40265875491117
C        -1.09730867425641    0.18931384763489   -0.35325773418543
C         2.11176415969022    0.13210119938353   -0.51889657797962
C        -2.10892505353507   -0.50457182036006    0.20995476244666
5
 energy: -11.065510457661 gnorm: 0.366040632826 xtb: 6.2.2 (9d81278992624c895f80dd42a50cac0aa55982e2)
C         1.14204633368643   -0.15287362022622    0.20097324085798
N        -0.00302857212556    0.39853332357173    0.33056594294336
C        -1.14209826465497    0.15896462940609   -0.19592042010649
C         2.06629636184709    0.05760040346052   -0.46221797389753
C        -2.06321585875299   -0.46222473621213    0.12660021020269
5
 energy: -11.107119055080 gnorm: 0.080004686884 xtb: 6.2.2 (9d81278992624c895f80dd42a50cac0aa55982e2)
C         1.13607750566956   -0.07263799274678    0.22025492209990
N        -0.00329690002714    0.43359864802389    0.35965269459045
C        -1.13699214812185    0.19278915999285   -0.12059044286158
C         2.17696896459712   -0.00909295609418   -0.53254582354605
C        -2.17275742211769   -0.54465685917577    0.07322964971727
5
 energy: -11.114955462963 gnorm: 0.069375339749 xtb: 6.2.2 (9d81278992624c895f80dd42a50cac0aa55982e2)
C         1.20480569524407   -0.02336138116463    0.13594532321995
N        -0.00285432739277    0.37474471139157    0.31084005173984
C        -1.20552590759734    0.11842061701671   -0.05709766527494
C         2.32970466414785    0.01823137320952   -0.47866996980566
C        -2.32613012440180   -0.48803532045316    0.08898326012082
5
 energy: -11.121256123839 gnorm: 0.038245772122 xtb: 6.2.2 (9d81278992624c895f80dd42a50cac0aa55982e2)
C         1.19002790511085    0.03312450230078    0.09718442105613
N        -0.00271180468100    0.35654059219600    0.29572725527111
C        -1.19098070069976    0.09091215863014    0.00569170823119
C         2.34326922013791   -0.00349938323485   -0.46329390688652
C        -2.33960461986801   -0.47707786989207    0.06469152232809
5
 energy: -11.124133626792 gnorm: 0.013167154670 xtb: 6.2.2 (9d81278992624c895f80dd42a50cac0aa55982e2)
C         1.20175321542961    0.07015926390845    0.07042276522639
N        -0.00237448739590    0.31219960097564    0.25897246132369
C        -1.20280513718872    0.07131414442007    0.04694442770786
C         2.36516739087135   -0.00201526272407   -0.43754135935673
C        -2.36174098171633   -0.45165774658008    0.06120270509879
5
 energy: -11.126132668031 gnorm: 0.032892570378 xtb: 6.2.2 (9d81278992624c895f80dd42a50cac0aa55982e2)
C         1.21669571359358    0.12772921067669   -0.00887254875400
N        -0.00182045892947    0.23925633096543    0.19826398223574
C        -1.21797425021561    0.00419103305083    0.11808034671262
C         2.44928686786018    0.02046397559739   -0.37962690810724
C        -2.44618787230868   -0.39164055029035    0.07215612791289
5
 energy: -11.127425245562 gnorm: 0.012901975741 xtb: 6.2.2 (9d81278992624c895f80dd42a50cac0aa55982e2)
C         1.21509272958753    0.13445264919792   -0.01999666120398
N        -0.00159040246095    0.20683553635276    0.17335999202862
C        -1.21361337776121   -0.00834640707574    0.12658930689387
C         2.44491746622190    0.03482807097577   -0.36094740946087
C        -2.44480641558726   -0.36776984945071    0.08099577174238
5
 energy: -11.123013432437 gnorm: 0.124172590859 xtb: 6.2.2 (9d81278992624c895f80dd42a50cac0aa55982e2)
C         1.18901407028700    0.15386856985253   -0.09353709505992
N        -0.00051825755230    0.15432936326762    0.08562056803556
C        -1.24768319295864   -0.01366588042023    0.16346235979233
C         2.49908097729078    0.05033408827999   -0.27658070633841
C        -2.43989359706684   -0.34486614097992    0.12103587357045
5
 energy: -11.127713720439 gnorm: 0.027015079390 xtb: 6.2.2 (9d81278992624c895f80dd42a50cac0aa55982e2)
C         1.22622126046088    0.17318108777512   -0.07217264670842
N        -0.00127480510726    0.10881486897862    0.09679741788503
C        -1.21692022573298   -0.05888381353105    0.17347474004850
C         2.47672557231257    0.07279770370029   -0.30115290409469
C        -2.48475180193321   -0.29590984692298    0.10305439286958
5
 energy: -11.126740142497 gnorm: 0.025273495328 xtb: 6.2.2 (9d81278992624c895f80dd42a50cac0aa55982e2)
C         1.19896107983901    0.09519104878580   -0.03177970948692
N        -0.00117752736753    0.19443325330632    0.15885179817400
C        -1.19866892285643   -0.02194867113730    0.09122563766460
C         2.43527767083671    0.07436643751656   -0.33675400993342
C        -2.43439230045175   -0.34204206847138    0.11845728358176
5
 energy: -11.128144072467 gnorm: 0.008535999512 xtb: 6.2.2 (9d81278992624c895f80dd42a50cac0aa55982e2)
C         1.21362094994237    0.12995927273805   -0.05274577159477
N        -0.00232709046193    0.14881499365275    0.12112589606193
C        -1.21620546759528   -0.03413873332890    0.12790625808103
C         2.46195291979266    0.07580854525969   -0.31369453115266
C        -2.45704131167781   -0.32044407832160    0.11740914860448
5
 energy: -11.126881082896 gnorm: 0.048257303769 xtb: 6.2.2 (9d81278992624c895f80dd42a50cac0aa55982e2)
C         1.21979067175047    0.15389054329948   -0.11570656084664
N         0.00632529072000    0.06310377186534    0.04562834562984
C        -1.21903390449317   -0.09688701721901    0.16977176678854
C         2.50752234781562    0.12617199807608   -0.24750118112731
C        -2.51460440579292   -0.24627929602189    0.14780862955558
5
 energy: -11.128380186524 gnorm: 0.016591046795 xtb: 6.2.2 (9d81278992624c895f80dd42a50cac0aa55982e2)
C         1.21672143481164    0.14084140240027   -0.07753071446560
N        -0.00541397038418    0.10152900673303    0.08772891200799
C        -1.21651689979994   -0.05919853052257    0.13933728782414
C         2.47946486210908    0.09979952426526   -0.28488474383053
C        -2.47425542673659   -0.28297140287599    0.13535025846401
5
 energy: -11.127436049303 gnorm: 0.052150364415 xtb: 6.2.2 (9d81278992624c895f80dd42a50cac0aa55982e2)
C         1.21654054800279    0.12325659587619   -0.05995652764451
N         0.01290851313407    0.12331978431980    0.08684397238498
C        -1.21836464351848   -0.04551039356504    0.13582759409024
C         2.45940241780253    0.09963618199264   -0.29159835676925
C        -2.47048683542089   -0.30070216862360    0.12888431793855
5
 energy: -11.128515249539 gnorm: 0.003293109954 xtb: 6.2.2 (9d81278992624c895f80dd42a50cac0aa55982e2)
C         1.21552374911841    0.12888821065968   -0.07976486619939
N        -0.00080512517648    0.09845654847693    0.07985780315029
C        -1.21649319241398   -0.06309885882662    0.13256523305864
C         2.47992858202704    0.11247948133031   -0.27746134779659
C        -2.47815401355499   -0.27672538164030    0.14480417778706
5
 energy: -11.128568854648 gnorm: 0.004166893784 xtb: 6.2.2 (9d81278992624c895f80dd42a50cac0aa55982e2)
C         1.21750679450954    0.13150046953453   -0.08523984310213
N        -0.00146810440116    0.08061806802143    0.06682496747301
C        -1.21753418102780   -0.06920961139723    0.13519986184278
C         2.48328954447011    0.12124606231729   -0.26802918715496
C        -2.48179405355069   -0.26415498847603    0.15124520094131
5
 energy: -11.128644146529 gnorm: 0.005893751585 xtb: 6.2.2 (9d81278992624c895f80dd42a50cac0aa55982e2)
C         1.21797504686070    0.12341392109664   -0.09653474289435
N        -0.00121894624206    0.05162400276664    0.04338155765887
C        -1.21764313256799   -0.08267031371004    0.12929179995217
C         2.48981102367836    0.14630636537045   -0.24763858589874
C        -2.48892399172901   -0.23867397552368    0.17150097118206
5
 energy: -11.128706524541 gnorm: 0.004529836794 xtb: 6.2.2 (9d81278992624c895f80dd42a50cac0aa55982e2)
C         1.21790819850626    0.11185686553567   -0.10228053257209
N        -0.00021069517272    0.02748668741364    0.02239887497493
C        -1.21807904978832   -0.09057195371269    0.12002540627771
C         2.49139712602623    0.16941973125289   -0.23072634816987
C        -2.49101557957144   -0.21819133048950    0.19058359948934
5
 energy: -11.128738383613 gnorm: 0.001401402171 xtb: 6.2.2 (9d81278992624c895f80dd42a50cac0aa55982e2)
C         1.21779056310517    0.10337199508851   -0.10144041106883
N         0.00024762123777    0.01588978008833    0.01268590747819
C        -1.21785065642903   -0.09191559012028    0.11202561563765
C         2.48851217246381    0.18154782986365   -0.22394464593325
C        -2.48869970037772   -0.20889401492022    0.20067453388626
5
 energy: -11.128739083049 gnorm: 0.000573070117 xtb: 6.2.2 (9d81278992624c895f80dd42a50cac0aa55982e2)
C         1.21787014506537    0.10308289291785   -0.10267415568995
N        -0.00011109537947    0.01450009747838    0.01358895093504
C        -1.21821885298033   -0.09061446185162    0.11145525790242
C         2.48913459291972    0.18215480192926   -0.22336966263029
C        -2.48867478962529   -0.20912333047387    0.20100060948279
