5
 energy: -9.363217726453 gnorm: 0.208927615284 xtb: 6.2.2 (9d81278992624c895f80dd42a50cac0aa55982e2)
C        -0.70131300000000    1.42684000000000    0.03789100000000
C        -0.43937700000000   -0.00228600000000    0.47480200000000
C        -1.18947300000000   -0.96610300000000   -0.42537500000000
N         0.98892700000000   -0.28804600000000    0.44580800000000
H         1.34123700000000   -0.17040400000000   -0.53312600000000
5
 energy: -9.414888320787 gnorm: 0.091425543836 xtb: 6.2.2 (9d81278992624c895f80dd42a50cac0aa55982e2)
C        -0.66659206022518    1.33559984053502    0.06044162625608
C        -0.45918742718393    0.01154040840762    0.42425561366187
C        -1.12458403879296   -0.90945735969440   -0.37419448421253
N         0.90786507004723   -0.26432293336930    0.40869138297470
H         1.34249945615484   -0.17335895587895   -0.51919413868013
5
 energy: -9.430279886815 gnorm: 0.083670316700 xtb: 6.2.2 (9d81278992624c895f80dd42a50cac0aa55982e2)
C        -0.57275522235482    1.26675104208755    0.06984087294526
C        -0.52834918413608    0.02191539058585    0.44353797409123
C        -1.01264222778435   -0.88955285287602   -0.34761371692056
N         0.80697643456333   -0.23386397247615    0.35767957311938
H         1.30677119971192   -0.16524860732123   -0.52344470323530
5
 energy: -9.454523676241 gnorm: 0.085172985579 xtb: 6.2.2 (9d81278992624c895f80dd42a50cac0aa55982e2)
C        -0.41157731342955    1.27862856487463    0.08465525824963
C        -0.64098273147244    0.03280993779658    0.50594121350589
C        -0.86947479153620   -0.96594538120300   -0.34988973304524
N         0.69369176430223   -0.20050032304654    0.30473669147932
H         1.22834407213595   -0.14499179842168   -0.54544343018960
5
 energy: -9.449837146674 gnorm: 0.179725987800 xtb: 6.2.2 (9d81278992624c895f80dd42a50cac0aa55982e2)
C        -0.18069552494460    1.28428757456671    0.11557210246146
C        -0.86441827518512    0.05797988442746    0.61134460603909
C        -0.66081531392758   -1.06916379100582   -0.34005719263250
N         0.52428339860421   -0.14450226348923    0.19406878905655
H         1.18164671545308   -0.12860040449912   -0.58092830492460
5
 energy: -9.471362755209 gnorm: 0.134588486515 xtb: 6.2.2 (9d81278992624c895f80dd42a50cac0aa55982e2)
C        -0.30196199301100    1.24680485428376    0.08305982615326
C        -0.81732688881596    0.04518463614511    0.62777597264542
C        -0.75619317752139   -0.97966074170284   -0.34799092167676
N         0.61246372748544   -0.16410336754367    0.20247849076017
H         1.26301933186291   -0.14822438118236   -0.56532336788210
5
 energy: -9.481754194763 gnorm: 0.088880871487 xtb: 6.2.2 (9d81278992624c895f80dd42a50cac0aa55982e2)
C        -0.30630036867058    1.17909528169148    0.05401498576093
C        -0.78962467997838    0.03369745153814    0.65784176511012
C        -0.73249268359219   -0.90981331254735   -0.35043492867076
N         0.59851082325749   -0.15990235679049    0.19576768331873
H         1.22990790898367   -0.14307606389178   -0.55718950551902
5
 energy: -9.506445810220 gnorm: 0.114922465405 xtb: 6.2.2 (9d81278992624c895f80dd42a50cac0aa55982e2)
C        -0.31407546918680    1.05196633071903    0.03534583285545
C        -0.86896228614793    0.03196243127132    0.75007049147359
C        -0.69033112970881   -0.79167504643035   -0.32171125322049
N         0.51781687631704   -0.12131511821752    0.08244428105316
H         1.35555300872650   -0.17093759734248   -0.54614935216170
5
 energy: -9.462880763040 gnorm: 0.415921411132 xtb: 6.2.2 (9d81278992624c895f80dd42a50cac0aa55982e2)
C        -0.26856084423715    0.90931420636898   -0.00770853459011
C        -1.00311599617208    0.02815022427353    0.91127995724307
C        -0.59106837665165   -0.67165994389855   -0.31373788632806
N         0.44720583090347   -0.07882161487349   -0.06411376304292
H         1.41554038615741   -0.18698187187047   -0.52571977328197
5
 energy: -9.523100724676 gnorm: 0.047390561161 xtb: 6.2.2 (9d81278992624c895f80dd42a50cac0aa55982e2)
C        -0.30528714144741    1.01083143511497    0.03251007455491
C        -1.00043286925593    0.04461756397141    0.82345253966930
C        -0.66625242117970   -0.75883524323170   -0.31004774482422
N         0.53184095821114   -0.10072856295413   -0.04022734263128
H         1.44013247367189   -0.19588419290055   -0.50568752676872
5
 energy: -9.525620462068 gnorm: 0.050893418807 xtb: 6.2.2 (9d81278992624c895f80dd42a50cac0aa55982e2)
C        -0.28202316671374    1.04211067699829    0.07760284072139
C        -1.02985971244745    0.06190721193202    0.76544171045525
C        -0.65967650002500   -0.81046165047813   -0.28123728494127
N         0.50167885404204   -0.08526229190735   -0.08713515809883
H         1.46988152514414   -0.20829294654483   -0.47467210813654
5
 energy: -9.526140872607 gnorm: 0.033752983959 xtb: 6.2.2 (9d81278992624c895f80dd42a50cac0aa55982e2)
C        -0.26412419487896    1.04333532289129    0.06871745848925
C        -1.00758155226664    0.05796338099359    0.76084312257924
C        -0.64437489786998   -0.81536760669434   -0.29055489417357
N         0.51204210744478   -0.09094810594283   -0.07167090327920
H         1.40403953757079   -0.19498199124771   -0.46733478361572
5
 energy: -9.527728434686 gnorm: 0.027299157489 xtb: 6.2.2 (9d81278992624c895f80dd42a50cac0aa55982e2)
C        -0.28867641826594    1.03108640640755    0.06466174424862
C        -1.01324553681554    0.05653511090340    0.77823236627435
C        -0.65872752699691   -0.79354883034443   -0.28975328317895
N         0.51560997504831   -0.08665446037896   -0.09132901066837
H         1.44504050703008   -0.20741722658756   -0.46181181667565
5
 energy: -9.528268711985 gnorm: 0.029194181853 xtb: 6.2.2 (9d81278992624c895f80dd42a50cac0aa55982e2)
C        -0.28333967514152    1.02822844485545    0.05957754252161
C        -1.01287260870761    0.05196120383765    0.78100375165698
C        -0.67078674278196   -0.79491106899683   -0.28399090156232
N         0.51008675195709   -0.09063596107512   -0.10793353637654
H         1.45691327467400   -0.19464161862114   -0.44865685623973
5
 energy: -9.527889293563 gnorm: 0.068661961563 xtb: 6.2.2 (9d81278992624c895f80dd42a50cac0aa55982e2)
C        -0.32573529208763    1.04197838054963    0.08007258228744
C        -0.98626169935734    0.04638113631405    0.82033105439838
C        -0.68077712883044   -0.79078457841004   -0.29124623988557
N         0.46886232473765   -0.02861282267888   -0.26321873175661
H         1.52391279553776   -0.26896111577477   -0.34593866504363
5
 energy: -9.533115539697 gnorm: 0.029844105934 xtb: 6.2.2 (9d81278992624c895f80dd42a50cac0aa55982e2)
C        -0.30875148262519    1.04133716894550    0.05842114654640
C        -0.95984509120337    0.04005144325318    0.81029483388896
C        -0.68267339472290   -0.79349030527716   -0.29166389041558
N         0.47634225593826   -0.06485772352450   -0.20727479086129
H         1.47492871261321   -0.22303958339702   -0.36977729915849
5
 energy: -9.535147894418 gnorm: 0.022010734199 xtb: 6.2.2 (9d81278992624c895f80dd42a50cac0aa55982e2)
C        -0.30158718454751    1.04218482877368    0.04886669530449
C        -0.91158706338055    0.01991862889111    0.81804082336004
C        -0.70613405816119   -0.79804499967116   -0.30332896440725
N         0.46702669493753   -0.04690679600161   -0.22385274105983
H         1.45228261115171   -0.21715066199201   -0.33972581319745
5
 energy: -9.536192192167 gnorm: 0.043695610884 xtb: 6.2.2 (9d81278992624c895f80dd42a50cac0aa55982e2)
C        -0.33830629866907    1.08042997645382    0.02819925237114
C        -0.79159917381445    0.00373135695318    0.84451634078339
C        -0.71361959607118   -0.80479057385129   -0.31498255838476
N         0.42240214103390   -0.06096244990887   -0.31160890047259
H         1.42112392752080   -0.21840730964684   -0.24612413429718
5
 energy: -9.537701887312 gnorm: 0.010529317096 xtb: 6.2.2 (9d81278992624c895f80dd42a50cac0aa55982e2)
C        -0.33037173147301    1.07218102278797    0.04644054515894
C        -0.81699412933707    0.00605508907804    0.82650738792316
C        -0.71810106905276   -0.80780931247249   -0.31605344223802
N         0.43720555314913   -0.03223124416224   -0.29862269169663
H         1.42826237671372   -0.23819455523128   -0.25827179914745
5
 energy: -9.537822036651 gnorm: 0.006806337503 xtb: 6.2.2 (9d81278992624c895f80dd42a50cac0aa55982e2)
C        -0.33407924685592    1.07396448359229    0.04871639985206
C        -0.81208910684379    0.00633456526099    0.82382226282690
C        -0.71815937134426   -0.80784491939530   -0.31615680695049
N         0.43825251287453   -0.02904194151561   -0.30841880050879
H         1.42607621216944   -0.24341118794237   -0.24796305521969
5
 energy: -9.537896254292 gnorm: 0.001925701323 xtb: 6.2.2 (9d81278992624c895f80dd42a50cac0aa55982e2)
C        -0.33543857593176    1.07576245294118    0.05051034225294
C        -0.80763133887821    0.00645844847171    0.81990767088216
C        -0.71802155887449   -0.80897289325398   -0.31513642128797
N         0.43970919535144   -0.02715633591013   -0.32100400843423
H         1.42138327833301   -0.24609067224878   -0.23427758341291
5
 energy: -9.537903706472 gnorm: 0.000791160092 xtb: 6.2.2 (9d81278992624c895f80dd42a50cac0aa55982e2)
C        -0.33341842756281    1.07542878605645    0.05083052512948
C        -0.80781287272864    0.00622488164781    0.81981850793248
C        -0.71720930486038   -0.80956705261827   -0.31459755730932
N         0.43915426189331   -0.02681796630783   -0.32292216032032
H         1.41928734325852   -0.24526764877816   -0.23312931543232
5
 energy: -9.537905290745 gnorm: 0.000326859566 xtb: 6.2.2 (9d81278992624c895f80dd42a50cac0aa55982e2)
C        -0.33295749912693    1.07517268949267    0.05068910318702
C        -0.80731166363279    0.00587510878280    0.82022586534968
C        -0.71753043024558   -0.80949563936423   -0.31452301608183
N         0.43881393914176   -0.02657890940736   -0.32448494094149
H         1.41898665386355   -0.24497224950387   -0.23190701151338
