5
 energy: -9.390270731379 gnorm: 0.293751592806 xtb: 6.2.2 (9d81278992624c895f80dd42a50cac0aa55982e2)
C         1.89567200000000   -0.13849900000000    0.29961500000000
N         0.69946800000000   -0.52872200000000   -0.42613400000000
C        -0.43311700000000    0.05104800000000    0.27469000000000
C        -0.89774900000000    1.29962900000000   -0.44926300000000
H        -1.26427300000000   -0.68345500000000    0.30109200000000
5
 energy: -9.468889881308 gnorm: 0.182125177005 xtb: 6.2.2 (9d81278992624c895f80dd42a50cac0aa55982e2)
C         1.83806707122571   -0.16869333264112    0.26098586425168
N         0.74720780106574   -0.48461879209248   -0.34627261029463
C        -0.45386699049763    0.06107499634950    0.16086259541444
C        -0.88234543528291    1.27717906006801   -0.41050879366608
H        -1.24906144651091   -0.68494093168392    0.33493294429460
5
 energy: -9.478282892144 gnorm: 0.397407422008 xtb: 6.2.2 (9d81278992624c895f80dd42a50cac0aa55982e2)
C         1.78992969414457   -0.27013947946084    0.19714178332033
N         0.80636146691066   -0.36354350043526   -0.22684826700512
C        -0.49483317524077    0.10405331288546    0.07280901400795
C        -0.89261569973677    1.22137298309949   -0.39344983951170
H        -1.20884128607768   -0.69174231608886    0.35034730918854
5
 energy: -9.503749298117 gnorm: 0.141492159551 xtb: 6.2.2 (9d81278992624c895f80dd42a50cac0aa55982e2)
C         1.92521188552920   -0.35325560790978    0.21023250016352
N         0.77282330662948   -0.28438382639034   -0.20058840839424
C        -0.54311761643286    0.12971455103471    0.05892471204638
C        -0.95228057503593    1.22304452505721   -0.42389486272671
H        -1.20263600068989   -0.71511864179180    0.35532605891105
5
 energy: -9.505796927116 gnorm: 0.077665943796 xtb: 6.2.2 (9d81278992624c895f80dd42a50cac0aa55982e2)
C         1.93278717785546   -0.29230731667079    0.18435733653791
N         0.79160361424914   -0.37790644484669   -0.15229936752963
C        -0.54702959081864    0.09178245956461    0.01510655830490
C        -0.95258117686656    1.29439891464618   -0.39656576215983
H        -1.22477902441940   -0.71596661269331    0.34940123484666
5
 energy: -9.512939820107 gnorm: 0.031195806988 xtb: 6.2.2 (9d81278992624c895f80dd42a50cac0aa55982e2)
C         1.92478831079552   -0.37228354148237    0.18318526485151
N         0.80223262495378   -0.29803271140958   -0.13423589225316
C        -0.53851545628826    0.11775720512349    0.01650633965762
C        -0.99950389062395    1.25284006311369   -0.41202373358415
H        -1.18900058883708   -0.70028001534524    0.34656802132817
5
 energy: -9.515168556641 gnorm: 0.059532723234 xtb: 6.2.2 (9d81278992624c895f80dd42a50cac0aa55982e2)
C         1.94078741976495   -0.41904981307733    0.15073314814569
N         0.79545870066109   -0.22853499078010   -0.07334633645901
C        -0.55929003425668    0.12573116841104    0.00955293006117
C        -1.00082458508496    1.23774784040025   -0.42512798288486
H        -1.17613050108439   -0.71589320495386    0.33818824113701
5
 energy: -9.516956295443 gnorm: 0.022853190891 xtb: 6.2.2 (9d81278992624c895f80dd42a50cac0aa55982e2)
C         1.91684225839576   -0.45055564824025    0.15694160580193
N         0.79714540754549   -0.19292453014742   -0.06803599405527
C        -0.54665277367563    0.12204411186397   -0.01200478951544
C        -1.01456418012772    1.24303744888995   -0.43425158480811
H        -1.15276971213790   -0.72160038236626    0.35735076257688
5
 energy: -9.517737606520 gnorm: 0.014873045060 xtb: 6.2.2 (9d81278992624c895f80dd42a50cac0aa55982e2)
C         1.91782505063312   -0.45593839727109    0.12212331733507
N         0.79641977329722   -0.18205126228595   -0.00792519349406
C        -0.53908583558558    0.10984732583916   -0.01721540529586
C        -1.02213324257001    1.23421262959834   -0.42792562096606
H        -1.15302474577475   -0.70606929588046    0.33094290242090
5
 energy: -9.517529143972 gnorm: 0.034925564669 xtb: 6.2.2 (9d81278992624c895f80dd42a50cac0aa55982e2)
C         1.92773414065897   -0.50509729112351    0.11377698517225
N         0.81185377805452   -0.14169490397934    0.02872076208826
C        -0.53931568158586    0.11812336774040   -0.04898435351035
C        -1.05950302770847    1.24164244562297   -0.43440878359845
H        -1.14076820941916   -0.71297261826051    0.34089538984830
5
 energy: -9.518037926520 gnorm: 0.009797866961 xtb: 6.2.2 (9d81278992624c895f80dd42a50cac0aa55982e2)
C         1.91895787141575   -0.46948863931191    0.11457619118730
N         0.80372957762552   -0.16423666114078    0.01138466020341
C        -0.54253806794075    0.11079931141534   -0.03841576201200
C        -1.02394751046618    1.24146561486551   -0.42878588196072
H        -1.15620087063433   -0.71853862582816    0.34124079258200
5
 energy: -9.518084270034 gnorm: 0.005802634548 xtb: 6.2.2 (9d81278992624c895f80dd42a50cac0aa55982e2)
C         1.91952794775959   -0.46929110425549    0.10965737077757
N         0.79959422250540   -0.16313910237283    0.01697598882542
C        -0.53995525036783    0.11097015535871   -0.02863395733699
C        -1.02379891516457    1.23857640653566   -0.43080517664162
H        -1.15536700473259   -0.71711535526605    0.33280577437562
5
 energy: -9.518105178831 gnorm: 0.003012445618 xtb: 6.2.2 (9d81278992624c895f80dd42a50cac0aa55982e2)
C         1.92127719176427   -0.47094435803317    0.10783287918390
N         0.80203302511158   -0.16229566018358    0.02060472011069
C        -0.53972232858794    0.11136724715757   -0.03052449842917
C        -1.02603892408209    1.23938787844623   -0.43050711361960
H        -1.15754796420582   -0.71751410738705    0.33259401275417
5
 energy: -9.518115126200 gnorm: 0.001679613565 xtb: 6.2.2 (9d81278992624c895f80dd42a50cac0aa55982e2)
C         1.92197115768034   -0.47078291716633    0.10453080688226
N         0.80266276681988   -0.16128752733666    0.02471918000735
C        -0.53947319017551    0.11173260797720   -0.02908120246951
C        -1.02496339027444    1.23938231703135   -0.43082788465553
H        -1.16019634405027   -0.71904348050555    0.33065910023543
5
 energy: -9.518121129207 gnorm: 0.001207133196 xtb: 6.2.2 (9d81278992624c895f80dd42a50cac0aa55982e2)
C         1.92273769931386   -0.46991107950228    0.10027479240544
N         0.80300346309446   -0.16158536700677    0.02884181046739
C        -0.53840727999761    0.11323859421793   -0.02345530804106
C        -1.02396592979665    1.23886290209816   -0.43177868104033
H        -1.16336695261406   -0.72060404980703    0.32611738620856
5
 energy: -9.518123064248 gnorm: 0.000682735950 xtb: 6.2.2 (9d81278992624c895f80dd42a50cac0aa55982e2)
C         1.92221678835202   -0.47025219180565    0.10057208567721
N         0.80268237836697   -0.16104635587734    0.02796536421376
C        -0.53896850837299    0.11358989678488   -0.02241360933610
C        -1.02351451494566    1.23852689221200   -0.43225276831798
H        -1.16241514340034   -0.72081724131390    0.32612892776312
