5
 energy: -6.290848473424 gnorm: 0.058664949988 xtb: 6.2.2 (9d81278992624c895f80dd42a50cac0aa55982e2)
C         1.35700600000000   -0.04402800000000   -0.12662400000000
N        -0.08703600000000    0.00282400000000    0.00812100000000
H        -0.34074700000000   -0.20355200000000    1.00001400000000
H        -0.42028000000000    0.95681800000000   -0.25580100000000
H        -0.50894400000000   -0.71206200000000   -0.62571100000000
5
 energy: -6.295625278105 gnorm: 0.037549033999 xtb: 6.2.2 (9d81278992624c895f80dd42a50cac0aa55982e2)
C         1.41778439058608   -0.04599996514449   -0.13229536621997
N        -0.07427649312363    0.00240993955696    0.00693051194124
H        -0.36691807199527   -0.19839280813522    0.98301110822532
H        -0.44485377758874    0.93867320197227   -0.24758307706172
H        -0.53173704787843   -0.69669036824952   -0.61006417688488
5
 energy: -6.297636554719 gnorm: 0.024304729191 xtb: 6.2.2 (9d81278992624c895f80dd42a50cac0aa55982e2)
C         1.46800444171482   -0.04762942235167   -0.13698145631387
N        -0.07767540824074    0.00252014915768    0.00724777921481
H        -0.38356852970870   -0.19514065102718    0.97233005621176
H        -0.46049938788149    0.92726246864789   -0.24239524956663
H        -0.54626211588390   -0.68701254442672   -0.60020212954606
5
 energy: -6.298496218545 gnorm: 0.014469761280 xtb: 6.2.2 (9d81278992624c895f80dd42a50cac0aa55982e2)
C         1.49613030298145   -0.04854202814513   -0.13960589633510
N        -0.09357932610542    0.00303613011780    0.00873184325310
H        -0.38779733958855   -0.19460088747341    0.97090869565404
H        -0.46457916470661    0.92562580657297   -0.24146125814132
H        -0.55017547258086   -0.68551902107223   -0.59857438443072
5
 energy: -6.298948047951 gnorm: 0.005282444954 xtb: 6.2.2 (9d81278992624c895f80dd42a50cac0aa55982e2)
C         1.51146217296047   -0.04903951198019   -0.14103651885896
N        -0.11589742005884    0.00376026047840    0.01081436599744
H        -0.38507569589551   -0.19571023497093    0.97526132163881
H        -0.46223598854829    0.93003721219333   -0.24308354214884
H        -0.54825406845783   -0.68904772572061   -0.60195662662844
5
 energy: -6.299041886483 gnorm: 0.002259977331 xtb: 6.2.2 (9d81278992624c895f80dd42a50cac0aa55982e2)
C         1.50868123228567   -0.04894928333255   -0.14077702102521
N        -0.12579582528591    0.00408144311240    0.01173796187219
H        -0.38047350868061   -0.19683609537783    0.97923753873720
H        -0.45799567975008    0.93419138075057   -0.24482161105479
H        -0.54441721856907   -0.69248744515259   -0.60537786852940
5
 energy: -6.299062650403 gnorm: 0.000778803566 xtb: 6.2.2 (9d81278992624c895f80dd42a50cac0aa55982e2)
C         1.50311955541338   -0.04876882324652   -0.14025804995106
N        -0.12933270037237    0.00419621060281    0.01206796675266
H        -0.37728344118165   -0.19734822233835    0.98078332074065
H        -0.45495701550080    0.93588860717824   -0.24566684844884
H        -0.54154739835857   -0.69396777219618   -0.60692738909340
5
 energy: -6.299063909895 gnorm: 0.000220479344 xtb: 6.2.2 (9d81278992624c895f80dd42a50cac0aa55982e2)
C         1.50038056159569   -0.04867994567061   -0.14000246835988
N        -0.12960308106012    0.00420497999805    0.01209319165051
H        -0.37628484769512   -0.19736885313593    0.98063701869790
H        -0.45395404568415    0.93580433086064   -0.24574424931484
H        -0.54053958715630   -0.69396051205215   -0.60698449267369
