5
 energy: -8.796320899721 gnorm: 0.339328479021 xtb: 6.2.2 (9d81278992624c895f80dd42a50cac0aa55982e2)
C         0.04583400000000   -0.65545100000000    0.13011300000000
N        -1.28899800000000   -0.31085600000000   -0.32735000000000
N         0.97344700000000    0.40437200000000   -0.22373700000000
H        -1.64271200000000    0.45130500000000    0.29431100000000
H         1.91242900000000    0.11063100000000    0.12666300000000
5
 energy: -8.900184874541 gnorm: 0.224836877604 xtb: 6.2.2 (9d81278992624c895f80dd42a50cac0aa55982e2)
C         0.00852281525188   -0.48006061210524    0.05853950522171
N        -1.26927045775381   -0.35332907502739   -0.27954050755770
N         0.99840683848139    0.33640326041362   -0.21459611856102
H        -1.66062344829937    0.40936988786090    0.29228324203002
H         1.92296425231991    0.08761753885811    0.14331387886700
5
 energy: -8.915108671321 gnorm: 0.342708837742 xtb: 6.2.2 (9d81278992624c895f80dd42a50cac0aa55982e2)
C        -0.02441100027383   -0.31052820136216   -0.01999124942600
N        -1.14295128053692   -0.35900608383331   -0.21679047617099
N         0.94355603269479    0.21386036634437   -0.17843187238009
H        -1.67202641085769    0.37134052755976    0.27875185883610
H         1.89583265897365    0.08433439129134    0.13646173914097
5
 energy: -8.956836134049 gnorm: 0.093367098403 xtb: 6.2.2 (9d81278992624c895f80dd42a50cac0aa55982e2)
C        -0.04743988339342   -0.21931778424428   -0.05734044438358
N        -1.25899420682800   -0.40179962460386   -0.18742525611726
N         1.09194007063582    0.23043372178493   -0.21478941934495
H        -1.76023040890430    0.33508180851037    0.28550819781019
H         1.97472442848991    0.05560287855284    0.17404692203560
5
 energy: -8.961903761651 gnorm: 0.085008243598 xtb: 6.2.2 (9d81278992624c895f80dd42a50cac0aa55982e2)
C        -0.02077309793063   -0.11586820649664   -0.03952682893179
N        -1.20769008456662   -0.33976482522139   -0.19372446605855
N         1.14716449196263    0.18719939233074   -0.31210411510356
H        -1.91343338381539    0.25826951592660    0.32672398939891
H         1.99473207435002    0.01016512346068    0.21863142069499
5
 energy: -8.946983600477 gnorm: 0.335373756142 xtb: 6.2.2 (9d81278992624c895f80dd42a50cac0aa55982e2)
C         0.04362284696042   -0.09050057315719   -0.10584697740285
N        -1.20365071651258   -0.37605200389235   -0.10950957283372
N         1.11208580475068    0.22475646883916   -0.27499103440683
H        -1.91343366324895    0.28496142390349    0.27290242346674
H         1.96137572805043   -0.04316431569311    0.21744516117666
5
 energy: -8.967118165636 gnorm: 0.016462639649 xtb: 6.2.2 (9d81278992624c895f80dd42a50cac0aa55982e2)
C        -0.02053257139642   -0.09112562105887   -0.06647474691302
N        -1.19856867737240   -0.35407064791871   -0.14605702949219
N         1.12683352359265    0.20734874764953   -0.26981296062762
H        -1.88219744689321    0.25265915161944    0.28446580376456
H         1.97446517206938   -0.01481063029138    0.19787893326829
5
 energy: -8.967976447554 gnorm: 0.016079852635 xtb: 6.2.2 (9d81278992624c895f80dd42a50cac0aa55982e2)
C        -0.01387116355647   -0.05628960304024   -0.06842169538024
N        -1.18818605769816   -0.33678158751621   -0.13962473786808
N         1.14223031715349    0.19759741211828   -0.30635140561462
H        -1.90798905190625    0.22524114211642    0.29339945907041
H         1.96781595600739   -0.02976636367826    0.22099837979254
5
 energy: -8.967831314680 gnorm: 0.037007187689 xtb: 6.2.2 (9d81278992624c895f80dd42a50cac0aa55982e2)
C        -0.00382201790735    0.00416517442692   -0.03839814324839
N        -1.16009343523570   -0.31330744551929   -0.13625691481084
N         1.15528418368307    0.21434753227800   -0.28681057246856
H        -1.96493314006929    0.17781142289536    0.27699173882148
H         1.97356440952927   -0.08301568408099    0.18447389170631
5
 energy: -8.968506152216 gnorm: 0.011598842588 xtb: 6.2.2 (9d81278992624c895f80dd42a50cac0aa55982e2)
C        -0.00477223293591   -0.00142181435570   -0.05749515915221
N        -1.16448627173127   -0.30759102541822   -0.12245891586033
N         1.14966129624307    0.20281186171119   -0.31671889633266
H        -1.93221696081342    0.17524791993279    0.27983559152959
H         1.95181416923754   -0.06904594187005    0.21683737981563
5
 energy: -8.968656116251 gnorm: 0.006272997585 xtb: 6.2.2 (9d81278992624c895f80dd42a50cac0aa55982e2)
C        -0.00440752437830   -0.00881260469488   -0.06169653725298
N        -1.17059282130800   -0.31397559493647   -0.11978704466244
N         1.15407842999206    0.20395193157769   -0.30709261981371
H        -1.94267747899142    0.18456865830403    0.27724140690059
H         1.96359939468566   -0.06573139025036    0.21133479482855
5
 energy: -8.968686825221 gnorm: 0.005265624254 xtb: 6.2.2 (9d81278992624c895f80dd42a50cac0aa55982e2)
C        -0.00324334176416   -0.01256756036259   -0.06001881679875
N        -1.16795586158365   -0.30967614692081   -0.11858191942990
N         1.15350764362810    0.20435612389047   -0.30695928505429
H        -1.94638303016896    0.18352747177832    0.27569420476684
H         1.96407458988866   -0.06563888838540    0.20986581651611
5
 energy: -8.968706486264 gnorm: 0.002895080015 xtb: 6.2.2 (9d81278992624c895f80dd42a50cac0aa55982e2)
C        -0.00236552884278   -0.01127914650571   -0.05919161266773
N        -1.16742336617953   -0.30693645704464   -0.11619319436954
N         1.15452901934375    0.20607185199258   -0.30672036300091
H        -1.94921676515506    0.18037017778302    0.27334717097233
H         1.96447664083362   -0.06822542622525    0.20875799906586
5
 energy: -8.968720934977 gnorm: 0.001234788049 xtb: 6.2.2 (9d81278992624c895f80dd42a50cac0aa55982e2)
C        -0.00142637860255   -0.01096025028391   -0.05585094853277
N        -1.16725338204147   -0.30429931549268   -0.11448628370876
N         1.15522016588723    0.21105249618287   -0.30274936822601
H        -1.95362147080040    0.17710000124415    0.26930391173684
H         1.96708106555719   -0.07289193165044    0.20378268873070
5
 energy: -8.968724612670 gnorm: 0.000704087483 xtb: 6.2.2 (9d81278992624c895f80dd42a50cac0aa55982e2)
C        -0.00127097259082   -0.01085947229423   -0.05203794814257
N        -1.16723704169100   -0.30347670473013   -0.11501577101000
N         1.15489386007402    0.21594874296385   -0.29882514483545
H        -1.95594463076686    0.17529813262505    0.26682159964210
H         1.96955878497466   -0.07690969856455    0.19905726434592
