5
 energy: -9.405591966881 gnorm: 0.361368601274 xtb: 6.2.2 (9d81278992624c895f80dd42a50cac0aa55982e2)
C        -0.92983500000000    0.39367200000000    0.76246500000000
N        -0.26914200000000   -0.42505200000000   -0.23890300000000
C         1.04045000000000   -0.76802800000000    0.28745200000000
C         2.09570300000000    0.11723300000000   -0.34615800000000
H        -1.93717600000000    0.68217600000000    0.39816300000000
5
 energy: -9.533650988297 gnorm: 0.268609613765 xtb: 6.2.2 (9d81278992624c895f80dd42a50cac0aa55982e2)
C        -0.96686055511196    0.34521942549904    0.71585210175864
N        -0.24054985697610   -0.38845494984270   -0.09579008697043
C         1.07741243491659   -0.71009502087294    0.17747648502190
C         2.07143987324062    0.05633075325595   -0.31690652179008
H        -1.94144189606914    0.69700079196065    0.38238702197998
5
 energy: -9.562405099351 gnorm: 0.571345856895 xtb: 6.2.2 (9d81278992624c895f80dd42a50cac0aa55982e2)
C        -0.95531380469378    0.26926989194339    0.56062368593482
N        -0.22080328026338   -0.33727003392544    0.09583509393790
C         1.06143197266909   -0.57113898942189    0.03585577083179
C         2.05022867189020   -0.04599500196422   -0.25054997141722
H        -1.93554355960214    0.68513513336816    0.42125442071270
5
 energy: -9.618822962259 gnorm: 0.141366135685 xtb: 6.2.2 (9d81278992624c895f80dd42a50cac0aa55982e2)
C        -1.08069527807001    0.30459659482999    0.57003336122663
N        -0.16417852291902   -0.37286625287462    0.11976405373076
C         1.07767716750709   -0.57565115307562   -0.01158046172146
C         2.18325823810361   -0.06781842535785   -0.27304292534421
H        -2.01606160462167    0.71174023647811    0.45784497210828
5
 energy: -9.617811218739 gnorm: 0.160243568236 xtb: 6.2.2 (9d81278992624c895f80dd42a50cac0aa55982e2)
C        -1.13051387634027    0.27741364060314    0.55905868264582
N        -0.19983291665076   -0.30833852350154    0.15126233656772
C         1.06928935711391   -0.45783842420844   -0.04060638142170
C         2.36560832148299   -0.18387872517893   -0.29419154308567
H        -2.10455088560587    0.67264303228577    0.48749590529384
5
 energy: -9.630417659666 gnorm: 0.070261680255 xtb: 6.2.2 (9d81278992624c895f80dd42a50cac0aa55982e2)
C        -1.14489149408958    0.25170254500184    0.54529701917704
N        -0.14385614211505   -0.28309519354831    0.16027823844961
C         1.10288191623383   -0.47893139364632   -0.02855348196068
C         2.29976684568085   -0.18951994384480   -0.30229387824122
H        -2.11390112571004    0.69984498603759    0.48829110257525
5
 energy: -9.632407698845 gnorm: 0.025858840423 xtb: 6.2.2 (9d81278992624c895f80dd42a50cac0aa55982e2)
C        -1.10184258235694    0.31908576342997    0.50367073617667
N        -0.14645810201917   -0.25993343877175    0.15358149135156
C         1.08861240918649   -0.48329967438984   -0.04417639565824
C         2.27883260078928   -0.20700716224245   -0.26903637864070
H        -2.11914432559966    0.63115551197407    0.51897954677072
5
 energy: -9.634352344254 gnorm: 0.090819912800 xtb: 6.2.2 (9d81278992624c895f80dd42a50cac0aa55982e2)
C        -1.15411687895313    0.28881145823954    0.50904964356705
N        -0.11311844444532   -0.14196252989223    0.15987760313235
C         1.08376971046835   -0.39645154106459   -0.03069934328655
C         2.32450419154024   -0.32243249514994   -0.30121971991751
H        -2.14103857861013    0.57203610786722    0.52601081650467
5
 energy: -9.634986816990 gnorm: 0.056723876911 xtb: 6.2.2 (9d81278992624c895f80dd42a50cac0aa55982e2)
C        -1.18926705113262    0.26786561313871    0.49588277405709
N        -0.12837552779397   -0.14554520644464    0.21456403538368
C         1.11867207468269   -0.36763605987535   -0.08056004828859
C         2.35499455292199   -0.34711285883260   -0.29108625698094
H        -2.15602404867807    0.59242951201389    0.52421849582876
5
 energy: -9.635998284810 gnorm: 0.049389448637 xtb: 6.2.2 (9d81278992624c895f80dd42a50cac0aa55982e2)
C        -1.15859292308367    0.29665967570340    0.43414328681176
N        -0.11190548453156   -0.14657036976633    0.18099438305797
C         1.11962124560141   -0.35673249985300   -0.06882280989206
C         2.35688058573435   -0.36925333230455   -0.27065118412704
H        -2.20600342372052    0.57589752622048    0.58735532414938
5
 energy: -9.637449006861 gnorm: 0.019634686377 xtb: 6.2.2 (9d81278992624c895f80dd42a50cac0aa55982e2)
C        -1.17288351837966    0.24446037017217    0.47335914404223
N        -0.10983669354391   -0.13707030825535    0.17530024130013
C         1.11093904448768   -0.34206232006670   -0.04167502076861
C         2.32694158344909   -0.36320533795016   -0.29398942142139
H        -2.15516041601320    0.59787859610004    0.55002405684765
5
 energy: -9.637233363108 gnorm: 0.064498020460 xtb: 6.2.2 (9d81278992624c895f80dd42a50cac0aa55982e2)
C        -1.19600817035428    0.25695216415668    0.46610424248848
N        -0.09619985529495   -0.06254457842708    0.18777216396318
C         1.11842929171513   -0.30667745127320   -0.05013510803711
C         2.35858313877574   -0.43249168376594   -0.30137796575188
H        -2.18480440484162    0.54476254930955    0.56065566733733
5
 energy: -9.638206942418 gnorm: 0.012323311304 xtb: 6.2.2 (9d81278992624c895f80dd42a50cac0aa55982e2)
C        -1.17823253552042    0.27428018095123    0.45433059362434
N        -0.10467058530105   -0.08714460655392    0.18553193852379
C         1.11825100463482   -0.32490835288990   -0.05669163469595
C         2.34599970584262   -0.41030370567693   -0.28739844868763
H        -2.18134758965597    0.54807748416952    0.56724655123545
5
 energy: -9.638428514722 gnorm: 0.008321464788 xtb: 6.2.2 (9d81278992624c895f80dd42a50cac0aa55982e2)
C        -1.18190012773169    0.26909191816937    0.44427545133442
N        -0.09637358697937   -0.07319130101378    0.18362598558782
C         1.12221647248151   -0.31355574936520   -0.05278036930207
C         2.34278961658491   -0.42615288423380   -0.28814473066524
H        -2.18673237435536    0.54380901644342    0.57604266304507
5
 energy: -9.638702989172 gnorm: 0.012640308331 xtb: 6.2.2 (9d81278992624c895f80dd42a50cac0aa55982e2)
C        -1.18735376978760    0.26778772008178    0.42608689023019
N        -0.08782434325666   -0.03705225503153    0.18216249848875
C         1.12687954746483   -0.28386097176686   -0.05089141317730
C         2.34200964338256   -0.46622392557533   -0.28621813771988
H        -2.19371107780313    0.51935043229195    0.59187916217825
5
 energy: -9.638850573234 gnorm: 0.008757667013 xtb: 6.2.2 (9d81278992624c895f80dd42a50cac0aa55982e2)
C        -1.19351079479774    0.26800060004706    0.41272827349828
N        -0.08119307588951   -0.00186001427883    0.18483897334123
C         1.13339522261201   -0.26183162097428   -0.05121317596755
C         2.33824593924787   -0.50029393931215   -0.28483877668633
H        -2.19693729117261    0.49598597451821    0.60150370581438
5
 energy: -9.638878637732 gnorm: 0.002565629052 xtb: 6.2.2 (9d81278992624c895f80dd42a50cac0aa55982e2)
C        -1.19159585399927    0.27188619308454    0.40723662638168
N        -0.08045111498100    0.00747057395237    0.18391376931060
C         1.13396530927157   -0.25713169062305   -0.05115508014354
C         2.33387964502913   -0.50852788656665   -0.28228130006686
H        -2.19579798532041    0.48630381015280    0.60530498451812
5
 energy: -9.638883734012 gnorm: 0.000680885748 xtb: 6.2.2 (9d81278992624c895f80dd42a50cac0aa55982e2)
C        -1.19318973393578    0.27073326596321    0.40416763047875
N        -0.07851806660827    0.01394303131372    0.18472806220320
C         1.13545576207798   -0.25234099515415   -0.05118252174845
C         2.33343012283380   -0.51534380599289   -0.28223854791551
H        -2.19717808436773    0.48300950387012    0.60754437698203
5
 energy: -9.638883828508 gnorm: 0.001996716797 xtb: 6.2.2 (9d81278992624c895f80dd42a50cac0aa55982e2)
C        -1.19374196554423    0.26849599529965    0.40458719873138
N        -0.07819323536111    0.01413661947253    0.18533586657389
C         1.13559680143641   -0.25145828911343   -0.05089291913920
C         2.33257089358944   -0.51549681012207   -0.28275505366204
H        -2.19623249412051    0.48432348446333    0.60674390749598
5
 energy: -9.638884761731 gnorm: 0.000708749441 xtb: 6.2.2 (9d81278992624c895f80dd42a50cac0aa55982e2)
C        -1.19343456762153    0.26912200479719    0.40411444212478
N        -0.07794839801290    0.01499392904173    0.18552628708739
C         1.13557705510425   -0.25133155925570   -0.05115402900285
C         2.33261786449818   -0.51619002621818   -0.28254197522074
H        -2.19681195396799    0.48340665163497    0.60707427501143
