5
 energy: -8.723452810898 gnorm: 0.236108388001 xtb: 6.2.2 (9d81278992624c895f80dd42a50cac0aa55982e2)
C        -0.49526000000000   -0.19351700000000    0.36016300000000
N         0.94152400000000   -0.03247300000000    0.51901900000000
N        -1.08803400000000    1.06208000000000   -0.06609300000000
H        -0.71183300000000   -0.98548200000000   -0.38795400000000
H         1.35360300000000    0.14939100000000   -0.42513600000000
5
 energy: -8.788685334405 gnorm: 0.149785783909 xtb: 6.2.2 (9d81278992624c895f80dd42a50cac0aa55982e2)
C        -0.45620073652736   -0.14344871281189    0.22254833452381
N         0.89315346117145    0.02957029418494    0.51005890329917
N        -1.04531591478210    1.01107224296803    0.01016275031807
H        -0.77799078501472   -1.03538228817680   -0.35210084147137
H         1.38635397515273    0.13818746383571   -0.39067014666967
5
 energy: -8.816607554726 gnorm: 0.454038948843 xtb: 6.2.2 (9d81278992624c895f80dd42a50cac0aa55982e2)
C        -0.47356662971390   -0.14104920921624    0.07579992093331
N         0.74277081110210    0.17439327544373    0.47676579654720
N        -0.79193992588846    0.91577064259178    0.11593395006543
H        -0.83723443356369   -1.11440412091948   -0.30676702372752
H         1.35997017806395    0.16528841210021   -0.36173364381842
5
 energy: -8.856581832696 gnorm: 0.083817316123 xtb: 6.2.2 (9d81278992624c895f80dd42a50cac0aa55982e2)
C        -0.47519278419011   -0.20559910440421   -0.03426853129028
N         0.70195207672267    0.26087821637659    0.47292153788006
N        -0.72877118476689    1.01458367078557    0.18073704204727
H        -0.86995657487606   -1.24044541697473   -0.27519373366418
H         1.37196846711039    0.17058163421678   -0.34419731497288
5
 energy: -8.863577559422 gnorm: 0.081392543294 xtb: 6.2.2 (9d81278992624c895f80dd42a50cac0aa55982e2)
C        -0.49215015503569   -0.26910006248031    0.02897863686467
N         0.70667800116521    0.15191882164226    0.44605003680276
N        -0.60675156525087    1.00131066419892    0.08462213909759
H        -0.91266591584609   -1.22595872785575   -0.22898176429258
H         1.30488963496744    0.34182830449488   -0.33067004847244
5
 energy: -8.869274896871 gnorm: 0.042815016841 xtb: 6.2.2 (9d81278992624c895f80dd42a50cac0aa55982e2)
C        -0.51347115561083   -0.29170645035287    0.03284359401729
N         0.69622865398749    0.23082180593687    0.42948326025542
N        -0.61989581068871    0.94861813679851    0.10933489407845
H        -0.95640910149579   -1.18186149031527   -0.24239469998152
H         1.39354741380785    0.29412699793275   -0.32926804836965
5
 energy: -8.867779598292 gnorm: 0.054108234550 xtb: 6.2.2 (9d81278992624c895f80dd42a50cac0aa55982e2)
C        -0.49962384181315   -0.27671348228235   -0.00950485327013
N         0.72426880552308    0.20806687900112    0.42642279517391
N        -0.61777873212605    0.94525926530916    0.10788876799072
H        -1.05447140723292   -1.23682064668654   -0.21885194914711
H         1.44760517564904    0.36020698465860   -0.30595576074739
5
 energy: -8.870477850635 gnorm: 0.013546896758 xtb: 6.2.2 (9d81278992624c895f80dd42a50cac0aa55982e2)
C        -0.50373402337087   -0.27847867844680    0.01660484841179
N         0.72158204308825    0.20975337531427    0.43634579790767
N        -0.62828005854531    0.95205818089969    0.10334578783748
H        -0.98557247757540   -1.20203569430810   -0.23545713304002
H         1.39600451640335    0.31870181654094   -0.32084030111691
5
 energy: -8.869738060142 gnorm: 0.031834186851 xtb: 6.2.2 (9d81278992624c895f80dd42a50cac0aa55982e2)
C        -0.51107798502163   -0.28741604147657    0.00306531666932
N         0.69486007092075    0.22337766122998    0.43101292237056
N        -0.58818369582904    0.95358829519665    0.11408206168810
H        -0.97645216515245   -1.21484145870507   -0.22709198332076
H         1.38085377508237    0.32529054375502   -0.32106931740721
5
 energy: -8.870699865477 gnorm: 0.003599456682 xtb: 6.2.2 (9d81278992624c895f80dd42a50cac0aa55982e2)
C        -0.50929039983669   -0.28090436292819    0.01124760002314
N         0.71208321812886    0.21044312432590    0.43252748860614
N        -0.61789137013572    0.95160224917102    0.10666987711404
H        -0.98322067139323   -1.20452026103372   -0.22922290777769
H         1.39831922323679    0.32337825046499   -0.32122305796563
5
 energy: -8.870715335783 gnorm: 0.002293498719 xtb: 6.2.2 (9d81278992624c895f80dd42a50cac0aa55982e2)
C        -0.50868150508981   -0.28030122939968    0.00762566351115
N         0.71280162615094    0.21085779029815    0.43351556540140
N        -0.61582092905257    0.95125766150914    0.10758150507890
H        -0.98396037530359   -1.20589252324872   -0.22816206276991
H         1.39566118329503    0.32407730084112   -0.32056167122153
5
 energy: -8.870724672494 gnorm: 0.001038899167 xtb: 6.2.2 (9d81278992624c895f80dd42a50cac0aa55982e2)
C        -0.50961630851590   -0.28026845219389    0.00470777241180
N         0.71246610954265    0.20919279642785    0.43309368834376
N        -0.61438132760062    0.95087278602073    0.10784280913408
H        -0.98452944059670   -1.20626826015498   -0.22550607248075
H         1.39606096717057    0.32647012990029   -0.32013919740889
5
 energy: -8.870726965763 gnorm: 0.000712641369 xtb: 6.2.2 (9d81278992624c895f80dd42a50cac0aa55982e2)
C        -0.51021369986030   -0.27988996715131    0.00180482557979
N         0.71245896414444    0.20696377743537    0.43257676314322
N        -0.61447427269270    0.95063240745288    0.10800921747696
H        -0.98492732061900   -1.20615553865783   -0.22274738197192
H         1.39715632902756    0.32844832092090   -0.31964442422804
